ARM GAS  C:\Users\user\AppData\Local\Temp\ccbP61NQ.s 			page 1


   1              		.syntax unified
   2              		.cpu cortex-m3
   3              		.fpu softvfp
   4              		.eabi_attribute 20, 1
   5              		.eabi_attribute 21, 1
   6              		.eabi_attribute 23, 3
   7              		.eabi_attribute 24, 1
   8              		.eabi_attribute 25, 1
   9              		.eabi_attribute 26, 1
  10              		.eabi_attribute 30, 1
  11              		.eabi_attribute 34, 1
  12              		.eabi_attribute 18, 4
  13              		.thumb
  14              		.file	"cymetadata.c"
  15              		.text
  16              	.Ltext0:
  17              		.cfi_sections	.debug_frame
  18              		.global	cy_metadata
  19              		.global	cy_meta_flashprotect
  20              		.global	cy_meta_wonvl
  21              		.global	cy_meta_custnvl
  22              		.global	cy_meta_configecc
  23              		.section	.cyconfigecc,"a",%progbits
  24              		.align	2
  25              		.type	cy_meta_configecc, %object
  26              		.size	cy_meta_configecc, 408
  27              	cy_meta_configecc:
  28 0000 01       		.byte	1
  29 0001 45       		.byte	69
  30 0002 00       		.byte	0
  31 0003 40       		.byte	64
  32 0004 01       		.byte	1
  33 0005 52       		.byte	82
  34 0006 00       		.byte	0
  35 0007 40       		.byte	64
  36 0008 01       		.byte	1
  37 0009 64       		.byte	100
  38 000a 00       		.byte	0
  39 000b 40       		.byte	64
  40 000c 01       		.byte	1
  41 000d 05       		.byte	5
  42 000e 01       		.byte	1
  43 000f 40       		.byte	64
  44 0010 28       		.byte	40
  45 0011 08       		.byte	8
  46 0012 01       		.byte	1
  47 0013 40       		.byte	64
  48 0014 0C       		.byte	12
  49 0015 09       		.byte	9
  50 0016 01       		.byte	1
  51 0017 40       		.byte	64
  52 0018 33       		.byte	51
  53 0019 0A       		.byte	10
  54 001a 01       		.byte	1
  55 001b 40       		.byte	64
  56 001c 14       		.byte	20
  57 001d 0B       		.byte	11
ARM GAS  C:\Users\user\AppData\Local\Temp\ccbP61NQ.s 			page 2


  58 001e 01       		.byte	1
  59 001f 40       		.byte	64
  60 0020 02       		.byte	2
  61 0021 17       		.byte	23
  62 0022 01       		.byte	1
  63 0023 40       		.byte	64
  64 0024 02       		.byte	2
  65 0025 19       		.byte	25
  66 0026 01       		.byte	1
  67 0027 40       		.byte	64
  68 0028 04       		.byte	4
  69 0029 40       		.byte	64
  70 002a 01       		.byte	1
  71 002b 40       		.byte	64
  72 002c 03       		.byte	3
  73 002d 41       		.byte	65
  74 002e 01       		.byte	1
  75 002f 40       		.byte	64
  76 0030 05       		.byte	5
  77 0031 42       		.byte	66
  78 0032 01       		.byte	1
  79 0033 40       		.byte	64
  80 0034 03       		.byte	3
  81 0035 43       		.byte	67
  82 0036 01       		.byte	1
  83 0037 40       		.byte	64
  84 0038 04       		.byte	4
  85 0039 47       		.byte	71
  86 003a 01       		.byte	1
  87 003b 40       		.byte	64
  88 003c 04       		.byte	4
  89 003d 48       		.byte	72
  90 003e 01       		.byte	1
  91 003f 40       		.byte	64
  92 0040 02       		.byte	2
  93 0041 4C       		.byte	76
  94 0042 01       		.byte	1
  95 0043 40       		.byte	64
  96 0044 02       		.byte	2
  97 0045 50       		.byte	80
  98 0046 01       		.byte	1
  99 0047 40       		.byte	64
 100 0048 01       		.byte	1
 101 0049 51       		.byte	81
 102 004a 01       		.byte	1
 103 004b 40       		.byte	64
 104 004c 7E       		.byte	126
 105 004d 02       		.byte	2
 106 004e 7C       		.byte	124
 107 004f 40       		.byte	64
 108 0050 8B       		.byte	-117
 109 0051 0D       		.byte	13
 110 0052 E2       		.byte	-30
 111 0053 08       		.byte	8
 112 0054 40       		.byte	64
 113 0055 15       		.byte	21
 114 0056 49       		.byte	73
ARM GAS  C:\Users\user\AppData\Local\Temp\ccbP61NQ.s 			page 3


 115 0057 FF       		.byte	-1
 116 0058 4A       		.byte	74
 117 0059 FF       		.byte	-1
 118 005a 4B       		.byte	75
 119 005b FF       		.byte	-1
 120 005c 4F       		.byte	79
 121 005d 01       		.byte	1
 122 005e 50       		.byte	80
 123 005f 18       		.byte	24
 124 0060 5A       		.byte	90
 125 0061 04       		.byte	4
 126 0062 5D       		.byte	93
 127 0063 09       		.byte	9
 128 0064 5F       		.byte	95
 129 0065 01       		.byte	1
 130 0066 60       		.byte	96
 131 0067 40       		.byte	64
 132 0068 62       		.byte	98
 133 0069 40       		.byte	64
 134 006a 64       		.byte	100
 135 006b 40       		.byte	64
 136 006c 65       		.byte	101
 137 006d 40       		.byte	64
 138 006e 66       		.byte	102
 139 006f 80       		.byte	-128
 140 0070 68       		.byte	104
 141 0071 80       		.byte	-128
 142 0072 6A       		.byte	106
 143 0073 80       		.byte	-128
 144 0074 6C       		.byte	108
 145 0075 80       		.byte	-128
 146 0076 6E       		.byte	110
 147 0077 80       		.byte	-128
 148 0078 C0       		.byte	-64
 149 0079 51       		.byte	81
 150 007a C9       		.byte	-55
 151 007b FF       		.byte	-1
 152 007c CA       		.byte	-54
 153 007d FF       		.byte	-1
 154 007e CB       		.byte	-53
 155 007f FF       		.byte	-1
 156 0080 CD       		.byte	-51
 157 0081 83       		.byte	-125
 158 0082 CE       		.byte	-50
 159 0083 03       		.byte	3
 160 0084 CF       		.byte	-49
 161 0085 01       		.byte	1
 162 0086 D0       		.byte	-48
 163 0087 18       		.byte	24
 164 0088 D2       		.byte	-46
 165 0089 80       		.byte	-128
 166 008a DA       		.byte	-38
 167 008b 04       		.byte	4
 168 008c DB       		.byte	-37
 169 008d 04       		.byte	4
 170 008e DD       		.byte	-35
 171 008f 99       		.byte	-103
ARM GAS  C:\Users\user\AppData\Local\Temp\ccbP61NQ.s 			page 4


 172 0090 DF       		.byte	-33
 173 0091 01       		.byte	1
 174 0092 E0       		.byte	-32
 175 0093 40       		.byte	64
 176 0094 E2       		.byte	-30
 177 0095 40       		.byte	64
 178 0096 E4       		.byte	-28
 179 0097 40       		.byte	64
 180 0098 E5       		.byte	-27
 181 0099 40       		.byte	64
 182 009a E6       		.byte	-26
 183 009b 80       		.byte	-128
 184 009c E8       		.byte	-24
 185 009d 80       		.byte	-128
 186 009e EA       		.byte	-22
 187 009f 80       		.byte	-128
 188 00a0 EC       		.byte	-20
 189 00a1 80       		.byte	-128
 190 00a2 EE       		.byte	-18
 191 00a3 80       		.byte	-128
 192 00a4 41       		.byte	65
 193 00a5 80       		.byte	-128
 194 00a6 47       		.byte	71
 195 00a7 80       		.byte	-128
 196 00a8 48       		.byte	72
 197 00a9 02       		.byte	2
 198 00aa 4F       		.byte	79
 199 00ab 80       		.byte	-128
 200 00ac 70       		.byte	112
 201 00ad 02       		.byte	2
 202 00ae 73       		.byte	115
 203 00af 80       		.byte	-128
 204 00b0 9F       		.byte	-97
 205 00b1 80       		.byte	-128
 206 00b2 A1       		.byte	-95
 207 00b3 80       		.byte	-128
 208 00b4 A3       		.byte	-93
 209 00b5 40       		.byte	64
 210 00b6 A4       		.byte	-92
 211 00b7 02       		.byte	2
 212 00b8 D0       		.byte	-48
 213 00b9 18       		.byte	24
 214 00ba D2       		.byte	-46
 215 00bb 18       		.byte	24
 216 00bc 40       		.byte	64
 217 00bd 51       		.byte	81
 218 00be 49       		.byte	73
 219 00bf FF       		.byte	-1
 220 00c0 4A       		.byte	74
 221 00c1 FF       		.byte	-1
 222 00c2 4B       		.byte	75
 223 00c3 FF       		.byte	-1
 224 00c4 4D       		.byte	77
 225 00c5 83       		.byte	-125
 226 00c6 4E       		.byte	78
 227 00c7 03       		.byte	3
 228 00c8 4F       		.byte	79
ARM GAS  C:\Users\user\AppData\Local\Temp\ccbP61NQ.s 			page 5


 229 00c9 01       		.byte	1
 230 00ca 50       		.byte	80
 231 00cb 18       		.byte	24
 232 00cc 5A       		.byte	90
 233 00cd 04       		.byte	4
 234 00ce 5D       		.byte	93
 235 00cf 09       		.byte	9
 236 00d0 5F       		.byte	95
 237 00d1 01       		.byte	1
 238 00d2 60       		.byte	96
 239 00d3 40       		.byte	64
 240 00d4 62       		.byte	98
 241 00d5 40       		.byte	64
 242 00d6 64       		.byte	100
 243 00d7 40       		.byte	64
 244 00d8 65       		.byte	101
 245 00d9 40       		.byte	64
 246 00da 66       		.byte	102
 247 00db 80       		.byte	-128
 248 00dc 68       		.byte	104
 249 00dd 80       		.byte	-128
 250 00de 6A       		.byte	106
 251 00df 80       		.byte	-128
 252 00e0 6C       		.byte	108
 253 00e1 80       		.byte	-128
 254 00e2 6E       		.byte	110
 255 00e3 80       		.byte	-128
 256 00e4 92       		.byte	-110
 257 00e5 01       		.byte	1
 258 00e6 9E       		.byte	-98
 259 00e7 01       		.byte	1
 260 00e8 B0       		.byte	-80
 261 00e9 01       		.byte	1
 262 00ea BE       		.byte	-66
 263 00eb 01       		.byte	1
 264 00ec C0       		.byte	-64
 265 00ed 15       		.byte	21
 266 00ee C5       		.byte	-59
 267 00ef EC       		.byte	-20
 268 00f0 C6       		.byte	-58
 269 00f1 02       		.byte	2
 270 00f2 C8       		.byte	-56
 271 00f3 07       		.byte	7
 272 00f4 C9       		.byte	-55
 273 00f5 FF       		.byte	-1
 274 00f6 CA       		.byte	-54
 275 00f7 FF       		.byte	-1
 276 00f8 CB       		.byte	-53
 277 00f9 FF       		.byte	-1
 278 00fa CD       		.byte	-51
 279 00fb 83       		.byte	-125
 280 00fc CE       		.byte	-50
 281 00fd 03       		.byte	3
 282 00fe CF       		.byte	-49
 283 00ff 01       		.byte	1
 284 0100 D0       		.byte	-48
 285 0101 18       		.byte	24
ARM GAS  C:\Users\user\AppData\Local\Temp\ccbP61NQ.s 			page 6


 286 0102 D4       		.byte	-44
 287 0103 01       		.byte	1
 288 0104 D6       		.byte	-42
 289 0105 04       		.byte	4
 290 0106 D8       		.byte	-40
 291 0107 04       		.byte	4
 292 0108 DA       		.byte	-38
 293 0109 04       		.byte	4
 294 010a DB       		.byte	-37
 295 010b 04       		.byte	4
 296 010c DD       		.byte	-35
 297 010d 99       		.byte	-103
 298 010e DF       		.byte	-33
 299 010f 01       		.byte	1
 300 0110 E0       		.byte	-32
 301 0111 40       		.byte	64
 302 0112 E2       		.byte	-30
 303 0113 40       		.byte	64
 304 0114 E4       		.byte	-28
 305 0115 40       		.byte	64
 306 0116 E5       		.byte	-27
 307 0117 40       		.byte	64
 308 0118 E6       		.byte	-26
 309 0119 80       		.byte	-128
 310 011a E8       		.byte	-24
 311 011b 80       		.byte	-128
 312 011c EA       		.byte	-22
 313 011d 80       		.byte	-128
 314 011e EC       		.byte	-20
 315 011f 80       		.byte	-128
 316 0120 EE       		.byte	-18
 317 0121 80       		.byte	-128
 318 0122 0C       		.byte	12
 319 0123 02       		.byte	2
 320 0124 0D       		.byte	13
 321 0125 80       		.byte	-128
 322 0126 1E       		.byte	30
 323 0127 80       		.byte	-128
 324 0128 41       		.byte	65
 325 0129 80       		.byte	-128
 326 012a 47       		.byte	71
 327 012b 80       		.byte	-128
 328 012c 48       		.byte	72
 329 012d 02       		.byte	2
 330 012e 4D       		.byte	77
 331 012f 04       		.byte	4
 332 0130 4F       		.byte	79
 333 0131 81       		.byte	-127
 334 0132 55       		.byte	85
 335 0133 80       		.byte	-128
 336 0134 57       		.byte	87
 337 0135 40       		.byte	64
 338 0136 5D       		.byte	93
 339 0137 04       		.byte	4
 340 0138 5E       		.byte	94
 341 0139 80       		.byte	-128
 342 013a 5F       		.byte	95
ARM GAS  C:\Users\user\AppData\Local\Temp\ccbP61NQ.s 			page 7


 343 013b 01       		.byte	1
 344 013c 67       		.byte	103
 345 013d 80       		.byte	-128
 346 013e 87       		.byte	-121
 347 013f 40       		.byte	64
 348 0140 C2       		.byte	-62
 349 0141 90       		.byte	-112
 350 0142 D0       		.byte	-48
 351 0143 18       		.byte	24
 352 0144 D2       		.byte	-46
 353 0145 18       		.byte	24
 354 0146 D6       		.byte	-42
 355 0147 D0       		.byte	-48
 356 0148 D8       		.byte	-40
 357 0149 80       		.byte	-128
 358 014a EA       		.byte	-22
 359 014b 02       		.byte	2
 360 014c EE       		.byte	-18
 361 014d 0A       		.byte	10
 362 014e EA       		.byte	-22
 363 014f 02       		.byte	2
 364 0150 EE       		.byte	-18
 365 0151 0A       		.byte	10
 366 0152 33       		.byte	51
 367 0153 81       		.byte	-127
 368 0154 36       		.byte	54
 369 0155 40       		.byte	64
 370 0156 37       		.byte	55
 371 0157 08       		.byte	8
 372 0158 CC       		.byte	-52
 373 0159 F0       		.byte	-16
 374 015a 9F       		.byte	-97
 375 015b 09       		.byte	9
 376 015c A6       		.byte	-90
 377 015d 40       		.byte	64
 378 015e A7       		.byte	-89
 379 015f 80       		.byte	-128
 380 0160 87       		.byte	-121
 381 0161 08       		.byte	8
 382 0162 9F       		.byte	-97
 383 0163 09       		.byte	9
 384 0164 A6       		.byte	-90
 385 0165 40       		.byte	64
 386 0166 A7       		.byte	-89
 387 0167 80       		.byte	-128
 388 0168 E2       		.byte	-30
 389 0169 10       		.byte	16
 390 016a 9F       		.byte	-97
 391 016b 01       		.byte	1
 392 016c A6       		.byte	-90
 393 016d 40       		.byte	64
 394 016e A7       		.byte	-89
 395 016f 80       		.byte	-128
 396 0170 08       		.byte	8
 397 0171 08       		.byte	8
 398 0172 0B       		.byte	11
 399 0173 04       		.byte	4
ARM GAS  C:\Users\user\AppData\Local\Temp\ccbP61NQ.s 			page 8


 400 0174 0F       		.byte	15
 401 0175 40       		.byte	64
 402 0176 C2       		.byte	-62
 403 0177 0E       		.byte	14
 404 0178 AE       		.byte	-82
 405 0179 40       		.byte	64
 406 017a AF       		.byte	-81
 407 017b 81       		.byte	-127
 408 017c EA       		.byte	-22
 409 017d 40       		.byte	64
 410 017e EE       		.byte	-18
 411 017f 50       		.byte	80
 412 0180 AC       		.byte	-84
 413 0181 08       		.byte	8
 414 0182 AF       		.byte	-81
 415 0183 44       		.byte	68
 416 0184 01       		.byte	1
 417 0185 01       		.byte	1
 418 0186 0D       		.byte	13
 419 0187 01       		.byte	1
 420 0188 00       		.byte	0
 421 0189 EA       		.byte	-22
 422 018a 00       		.byte	0
 423 018b 00       		.byte	0
 424 018c 40       		.byte	64
 425 018d 00       		.byte	0
 426 018e 00       		.byte	0
 427 018f 00       		.byte	0
 428 0190 00       		.byte	0
 429 0191 00       		.byte	0
 430 0192 00       		.byte	0
 431 0193 00       		.byte	0
 432 0194 C0       		.byte	-64
 433 0195 00       		.byte	0
 434 0196 00       		.byte	0
 435 0197 00       		.byte	0
 436              		.section	.cywolatch,"a",%progbits
 437              		.align	2
 438              		.type	cy_meta_wonvl, %object
 439              		.size	cy_meta_wonvl, 4
 440              	cy_meta_wonvl:
 441 0000 BC       		.byte	-68
 442 0001 90       		.byte	-112
 443 0002 AC       		.byte	-84
 444 0003 AF       		.byte	-81
 445              		.section	.cycustnvl,"a",%progbits
 446              		.align	2
 447              		.type	cy_meta_custnvl, %object
 448              		.size	cy_meta_custnvl, 4
 449              	cy_meta_custnvl:
 450 0000 00       		.byte	0
 451 0001 00       		.byte	0
 452 0002 40       		.byte	64
 453 0003 05       		.byte	5
 454              		.section	.cymeta,"a",%progbits
 455              		.align	2
 456              		.type	cy_metadata, %object
ARM GAS  C:\Users\user\AppData\Local\Temp\ccbP61NQ.s 			page 9


 457              		.size	cy_metadata, 12
 458              	cy_metadata:
 459 0000 00       		.byte	0
 460 0001 01       		.byte	1
 461 0002 2E       		.byte	46
 462 0003 16       		.byte	22
 463 0004 10       		.byte	16
 464 0005 69       		.byte	105
 465 0006 00       		.byte	0
 466 0007 01       		.byte	1
 467 0008 00       		.byte	0
 468 0009 00       		.byte	0
 469 000a 00       		.byte	0
 470 000b 00       		.byte	0
 471              		.section	.cyflashprotect,"a",%progbits
 472              		.align	2
 473              		.type	cy_meta_flashprotect, %object
 474              		.size	cy_meta_flashprotect, 256
 475              	cy_meta_flashprotect:
 476 0000 00000000 		.space	256
 476      00000000 
 476      00000000 
 476      00000000 
 476      00000000 
 477              		.text
 478              	.Letext0:
 479              		.file 1 ".\\Generated_Source\\PSoC5\\cymetadata.c"
 480              		.file 2 ".\\Generated_Source\\PSoC5\\cytypes.h"
 481              		.section	.debug_info,"",%progbits
 482              	.Ldebug_info0:
 483 0000 37010000 		.4byte	0x137
 484 0004 0400     		.2byte	0x4
 485 0006 00000000 		.4byte	.Ldebug_abbrev0
 486 000a 04       		.byte	0x4
 487 000b 01       		.uleb128 0x1
 488 000c E5000000 		.4byte	.LASF18
 489 0010 01       		.byte	0x1
 490 0011 51000000 		.4byte	.LASF19
 491 0015 00000000 		.4byte	.LASF20
 492 0019 00000000 		.4byte	.Ldebug_line0
 493 001d 02       		.uleb128 0x2
 494 001e 01       		.byte	0x1
 495 001f 06       		.byte	0x6
 496 0020 EF010000 		.4byte	.LASF0
 497 0024 02       		.uleb128 0x2
 498 0025 01       		.byte	0x1
 499 0026 08       		.byte	0x8
 500 0027 89000000 		.4byte	.LASF1
 501 002b 02       		.uleb128 0x2
 502 002c 02       		.byte	0x2
 503 002d 05       		.byte	0x5
 504 002e D6010000 		.4byte	.LASF2
 505 0032 02       		.uleb128 0x2
 506 0033 02       		.byte	0x2
 507 0034 07       		.byte	0x7
 508 0035 A9000000 		.4byte	.LASF3
 509 0039 02       		.uleb128 0x2
ARM GAS  C:\Users\user\AppData\Local\Temp\ccbP61NQ.s 			page 10


 510 003a 04       		.byte	0x4
 511 003b 05       		.byte	0x5
 512 003c E6010000 		.4byte	.LASF4
 513 0040 02       		.uleb128 0x2
 514 0041 04       		.byte	0x4
 515 0042 07       		.byte	0x7
 516 0043 97000000 		.4byte	.LASF5
 517 0047 02       		.uleb128 0x2
 518 0048 08       		.byte	0x8
 519 0049 05       		.byte	0x5
 520 004a C3010000 		.4byte	.LASF6
 521 004e 02       		.uleb128 0x2
 522 004f 08       		.byte	0x8
 523 0050 07       		.byte	0x7
 524 0051 80010000 		.4byte	.LASF7
 525 0055 03       		.uleb128 0x3
 526 0056 04       		.byte	0x4
 527 0057 05       		.byte	0x5
 528 0058 696E7400 		.ascii	"int\000"
 529 005c 02       		.uleb128 0x2
 530 005d 04       		.byte	0x4
 531 005e 07       		.byte	0x7
 532 005f 73010000 		.4byte	.LASF8
 533 0063 04       		.uleb128 0x4
 534 0064 E0010000 		.4byte	.LASF21
 535 0068 02       		.byte	0x2
 536 0069 3801     		.2byte	0x138
 537 006b 24000000 		.4byte	0x24
 538 006f 02       		.uleb128 0x2
 539 0070 04       		.byte	0x4
 540 0071 04       		.byte	0x4
 541 0072 83000000 		.4byte	.LASF9
 542 0076 02       		.uleb128 0x2
 543 0077 08       		.byte	0x8
 544 0078 04       		.byte	0x4
 545 0079 BC000000 		.4byte	.LASF10
 546 007d 02       		.uleb128 0x2
 547 007e 01       		.byte	0x1
 548 007f 08       		.byte	0x8
 549 0080 D1010000 		.4byte	.LASF11
 550 0084 05       		.uleb128 0x5
 551 0085 63000000 		.4byte	0x63
 552 0089 95000000 		.4byte	0x95
 553 008d 06       		.uleb128 0x6
 554 008e 95000000 		.4byte	0x95
 555 0092 9701     		.2byte	0x197
 556 0094 00       		.byte	0
 557 0095 02       		.uleb128 0x2
 558 0096 04       		.byte	0x4
 559 0097 07       		.byte	0x7
 560 0098 BA010000 		.4byte	.LASF12
 561 009c 07       		.uleb128 0x7
 562 009d D3000000 		.4byte	.LASF13
 563 00a1 01       		.byte	0x1
 564 00a2 1F       		.byte	0x1f
 565 00a3 AD000000 		.4byte	0xad
 566 00a7 05       		.uleb128 0x5
ARM GAS  C:\Users\user\AppData\Local\Temp\ccbP61NQ.s 			page 11


 567 00a8 03       		.byte	0x3
 568 00a9 00000000 		.4byte	cy_meta_configecc
 569 00ad 08       		.uleb128 0x8
 570 00ae 84000000 		.4byte	0x84
 571 00b2 05       		.uleb128 0x5
 572 00b3 63000000 		.4byte	0x63
 573 00b7 C2000000 		.4byte	0xc2
 574 00bb 09       		.uleb128 0x9
 575 00bc 95000000 		.4byte	0x95
 576 00c0 03       		.byte	0x3
 577 00c1 00       		.byte	0
 578 00c2 07       		.uleb128 0x7
 579 00c3 C3000000 		.4byte	.LASF14
 580 00c7 01       		.byte	0x1
 581 00c8 5F       		.byte	0x5f
 582 00c9 D3000000 		.4byte	0xd3
 583 00cd 05       		.uleb128 0x5
 584 00ce 03       		.byte	0x3
 585 00cf 00000000 		.4byte	cy_meta_custnvl
 586 00d3 08       		.uleb128 0x8
 587 00d4 B2000000 		.4byte	0xb2
 588 00d8 07       		.uleb128 0x7
 589 00d9 AC010000 		.4byte	.LASF15
 590 00dd 01       		.byte	0x1
 591 00de 6D       		.byte	0x6d
 592 00df E9000000 		.4byte	0xe9
 593 00e3 05       		.uleb128 0x5
 594 00e4 03       		.byte	0x3
 595 00e5 00000000 		.4byte	cy_meta_wonvl
 596 00e9 08       		.uleb128 0x8
 597 00ea B2000000 		.4byte	0xb2
 598 00ee 05       		.uleb128 0x5
 599 00ef 63000000 		.4byte	0x63
 600 00f3 FE000000 		.4byte	0xfe
 601 00f7 09       		.uleb128 0x9
 602 00f8 95000000 		.4byte	0x95
 603 00fc FF       		.byte	0xff
 604 00fd 00       		.byte	0
 605 00fe 07       		.uleb128 0x7
 606 00ff 97010000 		.4byte	.LASF16
 607 0103 01       		.byte	0x1
 608 0104 7B       		.byte	0x7b
 609 0105 0F010000 		.4byte	0x10f
 610 0109 05       		.uleb128 0x5
 611 010a 03       		.byte	0x3
 612 010b 00000000 		.4byte	cy_meta_flashprotect
 613 010f 08       		.uleb128 0x8
 614 0110 EE000000 		.4byte	0xee
 615 0114 05       		.uleb128 0x5
 616 0115 63000000 		.4byte	0x63
 617 0119 24010000 		.4byte	0x124
 618 011d 09       		.uleb128 0x9
 619 011e 95000000 		.4byte	0x95
 620 0122 0B       		.byte	0xb
 621 0123 00       		.byte	0
 622 0124 07       		.uleb128 0x7
 623 0125 77000000 		.4byte	.LASF17
ARM GAS  C:\Users\user\AppData\Local\Temp\ccbP61NQ.s 			page 12


 624 0129 01       		.byte	0x1
 625 012a A8       		.byte	0xa8
 626 012b 35010000 		.4byte	0x135
 627 012f 05       		.uleb128 0x5
 628 0130 03       		.byte	0x3
 629 0131 00000000 		.4byte	cy_metadata
 630 0135 08       		.uleb128 0x8
 631 0136 14010000 		.4byte	0x114
 632 013a 00       		.byte	0
 633              		.section	.debug_abbrev,"",%progbits
 634              	.Ldebug_abbrev0:
 635 0000 01       		.uleb128 0x1
 636 0001 11       		.uleb128 0x11
 637 0002 01       		.byte	0x1
 638 0003 25       		.uleb128 0x25
 639 0004 0E       		.uleb128 0xe
 640 0005 13       		.uleb128 0x13
 641 0006 0B       		.uleb128 0xb
 642 0007 03       		.uleb128 0x3
 643 0008 0E       		.uleb128 0xe
 644 0009 1B       		.uleb128 0x1b
 645 000a 0E       		.uleb128 0xe
 646 000b 10       		.uleb128 0x10
 647 000c 17       		.uleb128 0x17
 648 000d 00       		.byte	0
 649 000e 00       		.byte	0
 650 000f 02       		.uleb128 0x2
 651 0010 24       		.uleb128 0x24
 652 0011 00       		.byte	0
 653 0012 0B       		.uleb128 0xb
 654 0013 0B       		.uleb128 0xb
 655 0014 3E       		.uleb128 0x3e
 656 0015 0B       		.uleb128 0xb
 657 0016 03       		.uleb128 0x3
 658 0017 0E       		.uleb128 0xe
 659 0018 00       		.byte	0
 660 0019 00       		.byte	0
 661 001a 03       		.uleb128 0x3
 662 001b 24       		.uleb128 0x24
 663 001c 00       		.byte	0
 664 001d 0B       		.uleb128 0xb
 665 001e 0B       		.uleb128 0xb
 666 001f 3E       		.uleb128 0x3e
 667 0020 0B       		.uleb128 0xb
 668 0021 03       		.uleb128 0x3
 669 0022 08       		.uleb128 0x8
 670 0023 00       		.byte	0
 671 0024 00       		.byte	0
 672 0025 04       		.uleb128 0x4
 673 0026 16       		.uleb128 0x16
 674 0027 00       		.byte	0
 675 0028 03       		.uleb128 0x3
 676 0029 0E       		.uleb128 0xe
 677 002a 3A       		.uleb128 0x3a
 678 002b 0B       		.uleb128 0xb
 679 002c 3B       		.uleb128 0x3b
 680 002d 05       		.uleb128 0x5
ARM GAS  C:\Users\user\AppData\Local\Temp\ccbP61NQ.s 			page 13


 681 002e 49       		.uleb128 0x49
 682 002f 13       		.uleb128 0x13
 683 0030 00       		.byte	0
 684 0031 00       		.byte	0
 685 0032 05       		.uleb128 0x5
 686 0033 01       		.uleb128 0x1
 687 0034 01       		.byte	0x1
 688 0035 49       		.uleb128 0x49
 689 0036 13       		.uleb128 0x13
 690 0037 01       		.uleb128 0x1
 691 0038 13       		.uleb128 0x13
 692 0039 00       		.byte	0
 693 003a 00       		.byte	0
 694 003b 06       		.uleb128 0x6
 695 003c 21       		.uleb128 0x21
 696 003d 00       		.byte	0
 697 003e 49       		.uleb128 0x49
 698 003f 13       		.uleb128 0x13
 699 0040 2F       		.uleb128 0x2f
 700 0041 05       		.uleb128 0x5
 701 0042 00       		.byte	0
 702 0043 00       		.byte	0
 703 0044 07       		.uleb128 0x7
 704 0045 34       		.uleb128 0x34
 705 0046 00       		.byte	0
 706 0047 03       		.uleb128 0x3
 707 0048 0E       		.uleb128 0xe
 708 0049 3A       		.uleb128 0x3a
 709 004a 0B       		.uleb128 0xb
 710 004b 3B       		.uleb128 0x3b
 711 004c 0B       		.uleb128 0xb
 712 004d 49       		.uleb128 0x49
 713 004e 13       		.uleb128 0x13
 714 004f 3F       		.uleb128 0x3f
 715 0050 19       		.uleb128 0x19
 716 0051 02       		.uleb128 0x2
 717 0052 18       		.uleb128 0x18
 718 0053 00       		.byte	0
 719 0054 00       		.byte	0
 720 0055 08       		.uleb128 0x8
 721 0056 26       		.uleb128 0x26
 722 0057 00       		.byte	0
 723 0058 49       		.uleb128 0x49
 724 0059 13       		.uleb128 0x13
 725 005a 00       		.byte	0
 726 005b 00       		.byte	0
 727 005c 09       		.uleb128 0x9
 728 005d 21       		.uleb128 0x21
 729 005e 00       		.byte	0
 730 005f 49       		.uleb128 0x49
 731 0060 13       		.uleb128 0x13
 732 0061 2F       		.uleb128 0x2f
 733 0062 0B       		.uleb128 0xb
 734 0063 00       		.byte	0
 735 0064 00       		.byte	0
 736 0065 00       		.byte	0
 737              		.section	.debug_aranges,"",%progbits
ARM GAS  C:\Users\user\AppData\Local\Temp\ccbP61NQ.s 			page 14


 738 0000 14000000 		.4byte	0x14
 739 0004 0200     		.2byte	0x2
 740 0006 00000000 		.4byte	.Ldebug_info0
 741 000a 04       		.byte	0x4
 742 000b 00       		.byte	0
 743 000c 0000     		.2byte	0
 744 000e 0000     		.2byte	0
 745 0010 00000000 		.4byte	0
 746 0014 00000000 		.4byte	0
 747              		.section	.debug_line,"",%progbits
 748              	.Ldebug_line0:
 749 0000 4F000000 		.section	.debug_str,"MS",%progbits,1
 749      02004900 
 749      00000201 
 749      FB0E0D00 
 749      01010101 
 750              	.LASF20:
 751 0000 443A5C55 		.ascii	"D:\\Utilisateurs\\user\\Documents\\PSoC Creator\\Wo"
 751      74696C69 
 751      73617465 
 751      7572735C 
 751      75736572 
 752 002e 726B7370 		.ascii	"rkspace02\\USB_UART_INT_Timer.cydsn\000"
 752      61636530 
 752      325C5553 
 752      425F5541 
 752      52545F49 
 753              	.LASF19:
 754 0051 2E5C4765 		.ascii	".\\Generated_Source\\PSoC5\\cymetadata.c\000"
 754      6E657261 
 754      7465645F 
 754      536F7572 
 754      63655C50 
 755              	.LASF17:
 756 0077 63795F6D 		.ascii	"cy_metadata\000"
 756      65746164 
 756      61746100 
 757              	.LASF9:
 758 0083 666C6F61 		.ascii	"float\000"
 758      7400
 759              	.LASF1:
 760 0089 756E7369 		.ascii	"unsigned char\000"
 760      676E6564 
 760      20636861 
 760      7200
 761              	.LASF5:
 762 0097 6C6F6E67 		.ascii	"long unsigned int\000"
 762      20756E73 
 762      69676E65 
 762      6420696E 
 762      7400
 763              	.LASF3:
 764 00a9 73686F72 		.ascii	"short unsigned int\000"
 764      7420756E 
 764      7369676E 
 764      65642069 
 764      6E7400
ARM GAS  C:\Users\user\AppData\Local\Temp\ccbP61NQ.s 			page 15


 765              	.LASF10:
 766 00bc 646F7562 		.ascii	"double\000"
 766      6C6500
 767              	.LASF14:
 768 00c3 63795F6D 		.ascii	"cy_meta_custnvl\000"
 768      6574615F 
 768      63757374 
 768      6E766C00 
 769              	.LASF13:
 770 00d3 63795F6D 		.ascii	"cy_meta_configecc\000"
 770      6574615F 
 770      636F6E66 
 770      69676563 
 770      6300
 771              	.LASF18:
 772 00e5 474E5520 		.ascii	"GNU C 4.9.3 20150303 (release) [ARM/embedded-4_9-br"
 772      4320342E 
 772      392E3320 
 772      32303135 
 772      30333033 
 773 0118 616E6368 		.ascii	"anch revision 221220] -mcpu=cortex-m3 -mthumb -g -O"
 773      20726576 
 773      6973696F 
 773      6E203232 
 773      31323230 
 774 014b 67202D66 		.ascii	"g -ffunction-sections -ffat-lto-objects\000"
 774      66756E63 
 774      74696F6E 
 774      2D736563 
 774      74696F6E 
 775              	.LASF8:
 776 0173 756E7369 		.ascii	"unsigned int\000"
 776      676E6564 
 776      20696E74 
 776      00
 777              	.LASF7:
 778 0180 6C6F6E67 		.ascii	"long long unsigned int\000"
 778      206C6F6E 
 778      6720756E 
 778      7369676E 
 778      65642069 
 779              	.LASF16:
 780 0197 63795F6D 		.ascii	"cy_meta_flashprotect\000"
 780      6574615F 
 780      666C6173 
 780      6870726F 
 780      74656374 
 781              	.LASF15:
 782 01ac 63795F6D 		.ascii	"cy_meta_wonvl\000"
 782      6574615F 
 782      776F6E76 
 782      6C00
 783              	.LASF12:
 784 01ba 73697A65 		.ascii	"sizetype\000"
 784      74797065 
 784      00
 785              	.LASF6:
ARM GAS  C:\Users\user\AppData\Local\Temp\ccbP61NQ.s 			page 16


 786 01c3 6C6F6E67 		.ascii	"long long int\000"
 786      206C6F6E 
 786      6720696E 
 786      7400
 787              	.LASF11:
 788 01d1 63686172 		.ascii	"char\000"
 788      00
 789              	.LASF2:
 790 01d6 73686F72 		.ascii	"short int\000"
 790      7420696E 
 790      7400
 791              	.LASF21:
 792 01e0 75696E74 		.ascii	"uint8\000"
 792      3800
 793              	.LASF4:
 794 01e6 6C6F6E67 		.ascii	"long int\000"
 794      20696E74 
 794      00
 795              	.LASF0:
 796 01ef 7369676E 		.ascii	"signed char\000"
 796      65642063 
 796      68617200 
 797              		.ident	"GCC: (GNU Tools for ARM Embedded Processors) 4.9.3 20150303 (release) [ARM/embedded-4_9-br
