ARM GAS  C:\Users\user\AppData\Local\Temp\ccL0Cefd.s 			page 1


   1              		.syntax unified
   2              		.cpu cortex-m3
   3              		.fpu softvfp
   4              		.eabi_attribute 20, 1
   5              		.eabi_attribute 21, 1
   6              		.eabi_attribute 23, 3
   7              		.eabi_attribute 24, 1
   8              		.eabi_attribute 25, 1
   9              		.eabi_attribute 26, 1
  10              		.eabi_attribute 30, 1
  11              		.eabi_attribute 34, 1
  12              		.eabi_attribute 18, 4
  13              		.thumb
  14              		.file	"main.c"
  15              		.text
  16              	.Ltext0:
  17              		.cfi_sections	.debug_frame
  18              		.section	.text.isr_1_interrupt,"ax",%progbits
  19              		.align	2
  20              		.global	isr_1_interrupt
  21              		.thumb
  22              		.thumb_func
  23              		.type	isr_1_interrupt, %function
  24              	isr_1_interrupt:
  25              	.LFB63:
  26              		.file 1 ".\\main.c"
   1:.\main.c      **** /* ========================================
   2:.\main.c      ****  *
   3:.\main.c      ****  * Copyright YOUR COMPANY, THE YEAR
   4:.\main.c      ****  * All Rights Reserved
   5:.\main.c      ****  * UNPUBLISHED, LICENSED SOFTWARE.
   6:.\main.c      ****  *
   7:.\main.c      ****  * CONFIDENTIAL AND PROPRIETARY INFORMATION
   8:.\main.c      ****  * WHICH IS THE PROPERTY OF your company.
   9:.\main.c      ****  *
  10:.\main.c      ****  * ========================================
  11:.\main.c      **** */
  12:.\main.c      **** #include <project.h>
  13:.\main.c      **** #include <stdio.h>
  14:.\main.c      **** 
  15:.\main.c      **** int val        = 0;
  16:.\main.c      **** int increment  = 1; 
  17:.\main.c      **** char valeur[8] = {0};
  18:.\main.c      **** 
  19:.\main.c      **** CY_ISR(isr_1_interrupt)
  20:.\main.c      **** {
  27              		.loc 1 20 0
  28              		.cfi_startproc
  29              		@ args = 0, pretend = 0, frame = 0
  30              		@ frame_needed = 0, uses_anonymous_args = 0
  31 0000 08B5     		push	{r3, lr}
  32              		.cfi_def_cfa_offset 8
  33              		.cfi_offset 3, -8
  34              		.cfi_offset 14, -4
  21:.\main.c      ****  /* ISR Code here */
  22:.\main.c      ****     increment = (-1) * increment;
  35              		.loc 1 22 0
ARM GAS  C:\Users\user\AppData\Local\Temp\ccL0Cefd.s 			page 2


  36 0002 034A     		ldr	r2, .L3
  37 0004 1368     		ldr	r3, [r2]
  38 0006 5B42     		negs	r3, r3
  39 0008 1360     		str	r3, [r2]
  23:.\main.c      ****     Timer_1_ReadStatusRegister();
  40              		.loc 1 23 0
  41 000a FFF7FEFF 		bl	Timer_1_ReadStatusRegister
  42              	.LVL0:
  43 000e 08BD     		pop	{r3, pc}
  44              	.L4:
  45              		.align	2
  46              	.L3:
  47 0010 00000000 		.word	.LANCHOR0
  48              		.cfi_endproc
  49              	.LFE63:
  50              		.size	isr_1_interrupt, .-isr_1_interrupt
  51              		.section	.text.main,"ax",%progbits
  52              		.align	2
  53              		.global	main
  54              		.thumb
  55              		.thumb_func
  56              		.type	main, %function
  57              	main:
  58              	.LFB64:
  24:.\main.c      **** }
  25:.\main.c      **** 
  26:.\main.c      **** int main()
  27:.\main.c      **** {
  59              		.loc 1 27 0
  60              		.cfi_startproc
  61              		@ Volatile: function does not return.
  62              		@ args = 0, pretend = 0, frame = 0
  63              		@ frame_needed = 0, uses_anonymous_args = 0
  64 0000 08B5     		push	{r3, lr}
  65              		.cfi_def_cfa_offset 8
  66              		.cfi_offset 3, -8
  67              		.cfi_offset 14, -4
  28:.\main.c      ****     CyGlobalIntEnable; /* Enable global interrupts. */
  68              		.loc 1 28 0
  69              	@ 28 ".\main.c" 1
  70 0002 62B6     		CPSIE   i
  71              	@ 0 "" 2
  29:.\main.c      **** 
  30:.\main.c      ****     /* Place your initialization/startup code here (e.g. MyInst_Start()) */
  31:.\main.c      ****     // Start UART
  32:.\main.c      ****     USBUART_1_Start(0, USBUART_1_5V_OPERATION);
  72              		.loc 1 32 0
  73              		.thumb
  74 0004 0020     		movs	r0, #0
  75 0006 0121     		movs	r1, #1
  76 0008 FFF7FEFF 		bl	USBUART_1_Start
  77              	.LVL1:
  78              	.L6:
  33:.\main.c      ****     while(0 == USBUART_1_GetConfiguration())
  79              		.loc 1 33 0 discriminator 1
  80 000c FFF7FEFF 		bl	USBUART_1_GetConfiguration
  81              	.LVL2:
ARM GAS  C:\Users\user\AppData\Local\Temp\ccL0Cefd.s 			page 3


  82 0010 0028     		cmp	r0, #0
  83 0012 FBD0     		beq	.L6
  34:.\main.c      ****     {
  35:.\main.c      ****     }
  36:.\main.c      ****     USBUART_1_CDC_Init();
  84              		.loc 1 36 0
  85 0014 FFF7FEFF 		bl	USBUART_1_CDC_Init
  86              	.LVL3:
  37:.\main.c      ****      
  38:.\main.c      ****     Timer_1_Start();
  87              		.loc 1 38 0
  88 0018 FFF7FEFF 		bl	Timer_1_Start
  89              	.LVL4:
  39:.\main.c      ****         
  40:.\main.c      ****     //Start extern interrupt
  41:.\main.c      ****     isr_1_StartEx(isr_1_interrupt);
  90              		.loc 1 41 0
  91 001c 0D48     		ldr	r0, .L9
  92 001e FFF7FEFF 		bl	isr_1_StartEx
  93              	.LVL5:
  94              	.L7:
  42:.\main.c      ****     
  43:.\main.c      ****     for(;;)
  44:.\main.c      ****     {
  45:.\main.c      ****         /* Place your application code here. */
  46:.\main.c      ****         CyDelay(990);
  95              		.loc 1 46 0 discriminator 1
  96 0022 40F2DE30 		movw	r0, #990
  97 0026 FFF7FEFF 		bl	CyDelay
  98              	.LVL6:
  47:.\main.c      ****         val += increment;
  99              		.loc 1 47 0 discriminator 1
 100 002a 0B4C     		ldr	r4, .L9+4
 101 002c 2268     		ldr	r2, [r4]
 102 002e 0B4B     		ldr	r3, .L9+8
 103 0030 1B68     		ldr	r3, [r3]
 104 0032 1A44     		add	r2, r2, r3
 105 0034 44F8042B 		str	r2, [r4], #4
  48:.\main.c      ****         
  49:.\main.c      ****         sprintf(valeur, "%d", val);
 106              		.loc 1 49 0 discriminator 1
 107 0038 2046     		mov	r0, r4
 108 003a 0949     		ldr	r1, .L9+12
 109 003c FFF7FEFF 		bl	sprintf
 110              	.LVL7:
  50:.\main.c      ****         USBUART_1_PutString(valeur);
 111              		.loc 1 50 0 discriminator 1
 112 0040 2046     		mov	r0, r4
 113 0042 FFF7FEFF 		bl	USBUART_1_PutString
 114              	.LVL8:
  51:.\main.c      ****         CyDelay(10);
 115              		.loc 1 51 0 discriminator 1
 116 0046 0A20     		movs	r0, #10
 117 0048 FFF7FEFF 		bl	CyDelay
 118              	.LVL9:
  52:.\main.c      ****         USBUART_1_PutCRLF();
 119              		.loc 1 52 0 discriminator 1
ARM GAS  C:\Users\user\AppData\Local\Temp\ccL0Cefd.s 			page 4


 120 004c FFF7FEFF 		bl	USBUART_1_PutCRLF
 121              	.LVL10:
  53:.\main.c      ****     }
 122              		.loc 1 53 0 discriminator 1
 123 0050 E7E7     		b	.L7
 124              	.L10:
 125 0052 00BF     		.align	2
 126              	.L9:
 127 0054 00000000 		.word	isr_1_interrupt
 128 0058 00000000 		.word	.LANCHOR1
 129 005c 00000000 		.word	.LANCHOR0
 130 0060 00000000 		.word	.LC0
 131              		.cfi_endproc
 132              	.LFE64:
 133              		.size	main, .-main
 134              		.global	valeur
 135              		.global	increment
 136              		.global	val
 137              		.data
 138              		.align	2
 139              		.set	.LANCHOR0,. + 0
 140              		.type	increment, %object
 141              		.size	increment, 4
 142              	increment:
 143 0000 01000000 		.word	1
 144              		.section	.rodata.str1.4,"aMS",%progbits,1
 145              		.align	2
 146              	.LC0:
 147 0000 256400   		.ascii	"%d\000"
 148 0003 00       		.bss
 149              		.align	2
 150              		.set	.LANCHOR1,. + 0
 151              		.type	val, %object
 152              		.size	val, 4
 153              	val:
 154 0000 00000000 		.space	4
 155              		.type	valeur, %object
 156              		.size	valeur, 8
 157              	valeur:
 158 0004 00000000 		.space	8
 158      00000000 
 159              		.text
 160              	.Letext0:
 161              		.file 2 "c:\\program files (x86)\\cypress\\psoc creator\\3.3\\psoc creator\\import\\gnu\\arm\\4.9.
 162              		.file 3 "c:\\program files (x86)\\cypress\\psoc creator\\3.3\\psoc creator\\import\\gnu\\arm\\4.9.
 163              		.file 4 "Generated_Source\\PSoC5/cytypes.h"
 164              		.file 5 "Generated_Source\\PSoC5/core_cm3.h"
 165              		.file 6 "Generated_Source\\PSoC5/Timer_1.h"
 166              		.file 7 "Generated_Source\\PSoC5/USBUART_1.h"
 167              		.file 8 "Generated_Source\\PSoC5/USBUART_1_cdc.h"
 168              		.file 9 "Generated_Source\\PSoC5/isr_1.h"
 169              		.file 10 "Generated_Source\\PSoC5/CyLib.h"
 170              		.file 11 "c:\\program files (x86)\\cypress\\psoc creator\\3.3\\psoc creator\\import\\gnu\\arm\\4.9
 171              		.section	.debug_info,"",%progbits
 172              	.Ldebug_info0:
 173 0000 BB020000 		.4byte	0x2bb
 174 0004 0400     		.2byte	0x4
ARM GAS  C:\Users\user\AppData\Local\Temp\ccL0Cefd.s 			page 5


 175 0006 00000000 		.4byte	.Ldebug_abbrev0
 176 000a 04       		.byte	0x4
 177 000b 01       		.uleb128 0x1
 178 000c 19010000 		.4byte	.LASF33
 179 0010 01       		.byte	0x1
 180 0011 8E000000 		.4byte	.LASF34
 181 0015 00000000 		.4byte	.LASF35
 182 0019 00000000 		.4byte	.Ldebug_ranges0+0
 183 001d 00000000 		.4byte	0
 184 0021 00000000 		.4byte	.Ldebug_line0
 185 0025 02       		.uleb128 0x2
 186 0026 01       		.byte	0x1
 187 0027 06       		.byte	0x6
 188 0028 6D020000 		.4byte	.LASF0
 189 002c 02       		.uleb128 0x2
 190 002d 01       		.byte	0x1
 191 002e 08       		.byte	0x8
 192 002f AD000000 		.4byte	.LASF1
 193 0033 02       		.uleb128 0x2
 194 0034 02       		.byte	0x2
 195 0035 05       		.byte	0x5
 196 0036 29020000 		.4byte	.LASF2
 197 003a 02       		.uleb128 0x2
 198 003b 02       		.byte	0x2
 199 003c 07       		.byte	0x7
 200 003d D3000000 		.4byte	.LASF3
 201 0041 03       		.uleb128 0x3
 202 0042 84000000 		.4byte	.LASF9
 203 0046 02       		.byte	0x2
 204 0047 3F       		.byte	0x3f
 205 0048 4C000000 		.4byte	0x4c
 206 004c 02       		.uleb128 0x2
 207 004d 04       		.byte	0x4
 208 004e 05       		.byte	0x5
 209 004f 64020000 		.4byte	.LASF4
 210 0053 02       		.uleb128 0x2
 211 0054 04       		.byte	0x4
 212 0055 07       		.byte	0x7
 213 0056 C1000000 		.4byte	.LASF5
 214 005a 02       		.uleb128 0x2
 215 005b 08       		.byte	0x8
 216 005c 05       		.byte	0x5
 217 005d 04020000 		.4byte	.LASF6
 218 0061 02       		.uleb128 0x2
 219 0062 08       		.byte	0x8
 220 0063 07       		.byte	0x7
 221 0064 B4010000 		.4byte	.LASF7
 222 0068 04       		.uleb128 0x4
 223 0069 04       		.byte	0x4
 224 006a 05       		.byte	0x5
 225 006b 696E7400 		.ascii	"int\000"
 226 006f 02       		.uleb128 0x2
 227 0070 04       		.byte	0x4
 228 0071 07       		.byte	0x7
 229 0072 A7010000 		.4byte	.LASF8
 230 0076 03       		.uleb128 0x3
 231 0077 F3010000 		.4byte	.LASF10
ARM GAS  C:\Users\user\AppData\Local\Temp\ccL0Cefd.s 			page 6


 232 007b 03       		.byte	0x3
 233 007c 2C       		.byte	0x2c
 234 007d 41000000 		.4byte	0x41
 235 0081 05       		.uleb128 0x5
 236 0082 33020000 		.4byte	.LASF11
 237 0086 04       		.byte	0x4
 238 0087 3801     		.2byte	0x138
 239 0089 2C000000 		.4byte	0x2c
 240 008d 05       		.uleb128 0x5
 241 008e 12010000 		.4byte	.LASF12
 242 0092 04       		.byte	0x4
 243 0093 3A01     		.2byte	0x13a
 244 0095 53000000 		.4byte	0x53
 245 0099 02       		.uleb128 0x2
 246 009a 04       		.byte	0x4
 247 009b 04       		.byte	0x4
 248 009c A7000000 		.4byte	.LASF13
 249 00a0 02       		.uleb128 0x2
 250 00a1 08       		.byte	0x8
 251 00a2 04       		.byte	0x4
 252 00a3 F3000000 		.4byte	.LASF14
 253 00a7 05       		.uleb128 0x5
 254 00a8 BB000000 		.4byte	.LASF15
 255 00ac 04       		.byte	0x4
 256 00ad 4901     		.2byte	0x149
 257 00af B3000000 		.4byte	0xb3
 258 00b3 02       		.uleb128 0x2
 259 00b4 01       		.byte	0x1
 260 00b5 08       		.byte	0x8
 261 00b6 12020000 		.4byte	.LASF16
 262 00ba 05       		.uleb128 0x5
 263 00bb E6010000 		.4byte	.LASF17
 264 00bf 04       		.byte	0x4
 265 00c0 F401     		.2byte	0x1f4
 266 00c2 C6000000 		.4byte	0xc6
 267 00c6 06       		.uleb128 0x6
 268 00c7 04       		.byte	0x4
 269 00c8 CC000000 		.4byte	0xcc
 270 00cc 07       		.uleb128 0x7
 271 00cd 02       		.uleb128 0x2
 272 00ce 04       		.byte	0x4
 273 00cf 07       		.byte	0x7
 274 00d0 FB010000 		.4byte	.LASF18
 275 00d4 06       		.uleb128 0x6
 276 00d5 04       		.byte	0x4
 277 00d6 B3000000 		.4byte	0xb3
 278 00da 06       		.uleb128 0x6
 279 00db 04       		.byte	0x4
 280 00dc E0000000 		.4byte	0xe0
 281 00e0 08       		.uleb128 0x8
 282 00e1 B3000000 		.4byte	0xb3
 283 00e5 09       		.uleb128 0x9
 284 00e6 B3000000 		.4byte	0xb3
 285 00ea F5000000 		.4byte	0xf5
 286 00ee 0A       		.uleb128 0xa
 287 00ef CD000000 		.4byte	0xcd
 288 00f3 07       		.byte	0x7
ARM GAS  C:\Users\user\AppData\Local\Temp\ccL0Cefd.s 			page 7


 289 00f4 00       		.byte	0
 290 00f5 0B       		.uleb128 0xb
 291 00f6 97000000 		.4byte	.LASF19
 292 00fa 01       		.byte	0x1
 293 00fb 13       		.byte	0x13
 294 00fc 00000000 		.4byte	.LFB63
 295 0100 14000000 		.4byte	.LFE63-.LFB63
 296 0104 01       		.uleb128 0x1
 297 0105 9C       		.byte	0x9c
 298 0106 14010000 		.4byte	0x114
 299 010a 0C       		.uleb128 0xc
 300 010b 0E000000 		.4byte	.LVL0
 301 010f 1E020000 		.4byte	0x21e
 302 0113 00       		.byte	0
 303 0114 0D       		.uleb128 0xd
 304 0115 FA000000 		.4byte	.LASF20
 305 0119 01       		.byte	0x1
 306 011a 1A       		.byte	0x1a
 307 011b 68000000 		.4byte	0x68
 308 011f 00000000 		.4byte	.LFB64
 309 0123 64000000 		.4byte	.LFE64-.LFB64
 310 0127 01       		.uleb128 0x1
 311 0128 9C       		.byte	0x9c
 312 0129 DA010000 		.4byte	0x1da
 313 012d 0E       		.uleb128 0xe
 314 012e 0C000000 		.4byte	.LVL1
 315 0132 29020000 		.4byte	0x229
 316 0136 45010000 		.4byte	0x145
 317 013a 0F       		.uleb128 0xf
 318 013b 01       		.uleb128 0x1
 319 013c 51       		.byte	0x51
 320 013d 01       		.uleb128 0x1
 321 013e 31       		.byte	0x31
 322 013f 0F       		.uleb128 0xf
 323 0140 01       		.uleb128 0x1
 324 0141 50       		.byte	0x50
 325 0142 01       		.uleb128 0x1
 326 0143 30       		.byte	0x30
 327 0144 00       		.byte	0
 328 0145 0C       		.uleb128 0xc
 329 0146 10000000 		.4byte	.LVL2
 330 014a 40020000 		.4byte	0x240
 331 014e 0C       		.uleb128 0xc
 332 014f 18000000 		.4byte	.LVL3
 333 0153 4C020000 		.4byte	0x24c
 334 0157 0C       		.uleb128 0xc
 335 0158 1C000000 		.4byte	.LVL4
 336 015c 57020000 		.4byte	0x257
 337 0160 0E       		.uleb128 0xe
 338 0161 22000000 		.4byte	.LVL5
 339 0165 5E020000 		.4byte	0x25e
 340 0169 77010000 		.4byte	0x177
 341 016d 0F       		.uleb128 0xf
 342 016e 01       		.uleb128 0x1
 343 016f 50       		.byte	0x50
 344 0170 05       		.uleb128 0x5
 345 0171 03       		.byte	0x3
ARM GAS  C:\Users\user\AppData\Local\Temp\ccL0Cefd.s 			page 8


 346 0172 00000000 		.4byte	isr_1_interrupt
 347 0176 00       		.byte	0
 348 0177 0E       		.uleb128 0xe
 349 0178 2A000000 		.4byte	.LVL6
 350 017c 6F020000 		.4byte	0x26f
 351 0180 8C010000 		.4byte	0x18c
 352 0184 0F       		.uleb128 0xf
 353 0185 01       		.uleb128 0x1
 354 0186 50       		.byte	0x50
 355 0187 03       		.uleb128 0x3
 356 0188 0A       		.byte	0xa
 357 0189 DE03     		.2byte	0x3de
 358 018b 00       		.byte	0
 359 018c 0E       		.uleb128 0xe
 360 018d 40000000 		.4byte	.LVL7
 361 0191 80020000 		.4byte	0x280
 362 0195 A9010000 		.4byte	0x1a9
 363 0199 0F       		.uleb128 0xf
 364 019a 01       		.uleb128 0x1
 365 019b 51       		.byte	0x51
 366 019c 05       		.uleb128 0x5
 367 019d 03       		.byte	0x3
 368 019e 00000000 		.4byte	.LC0
 369 01a2 0F       		.uleb128 0xf
 370 01a3 01       		.uleb128 0x1
 371 01a4 50       		.byte	0x50
 372 01a5 02       		.uleb128 0x2
 373 01a6 74       		.byte	0x74
 374 01a7 00       		.sleb128 0
 375 01a8 00       		.byte	0
 376 01a9 0E       		.uleb128 0xe
 377 01aa 46000000 		.4byte	.LVL8
 378 01ae 9B020000 		.4byte	0x29b
 379 01b2 BD010000 		.4byte	0x1bd
 380 01b6 0F       		.uleb128 0xf
 381 01b7 01       		.uleb128 0x1
 382 01b8 50       		.byte	0x50
 383 01b9 02       		.uleb128 0x2
 384 01ba 74       		.byte	0x74
 385 01bb 00       		.sleb128 0
 386 01bc 00       		.byte	0
 387 01bd 0E       		.uleb128 0xe
 388 01be 4C000000 		.4byte	.LVL9
 389 01c2 6F020000 		.4byte	0x26f
 390 01c6 D0010000 		.4byte	0x1d0
 391 01ca 0F       		.uleb128 0xf
 392 01cb 01       		.uleb128 0x1
 393 01cc 50       		.byte	0x50
 394 01cd 01       		.uleb128 0x1
 395 01ce 3A       		.byte	0x3a
 396 01cf 00       		.byte	0
 397 01d0 0C       		.uleb128 0xc
 398 01d1 50000000 		.4byte	.LVL10
 399 01d5 B7020000 		.4byte	0x2b7
 400 01d9 00       		.byte	0
 401 01da 10       		.uleb128 0x10
 402 01db E6000000 		.4byte	.LASF21
ARM GAS  C:\Users\user\AppData\Local\Temp\ccL0Cefd.s 			page 9


 403 01df 05       		.byte	0x5
 404 01e0 5506     		.2byte	0x655
 405 01e2 E6010000 		.4byte	0x1e6
 406 01e6 11       		.uleb128 0x11
 407 01e7 76000000 		.4byte	0x76
 408 01eb 12       		.uleb128 0x12
 409 01ec 76616C00 		.ascii	"val\000"
 410 01f0 01       		.byte	0x1
 411 01f1 0F       		.byte	0xf
 412 01f2 68000000 		.4byte	0x68
 413 01f6 05       		.uleb128 0x5
 414 01f7 03       		.byte	0x3
 415 01f8 00000000 		.4byte	val
 416 01fc 13       		.uleb128 0x13
 417 01fd 7A000000 		.4byte	.LASF22
 418 0201 01       		.byte	0x1
 419 0202 10       		.byte	0x10
 420 0203 68000000 		.4byte	0x68
 421 0207 05       		.uleb128 0x5
 422 0208 03       		.byte	0x3
 423 0209 00000000 		.4byte	increment
 424 020d 13       		.uleb128 0x13
 425 020e DF010000 		.4byte	.LASF23
 426 0212 01       		.byte	0x1
 427 0213 11       		.byte	0x11
 428 0214 E5000000 		.4byte	0xe5
 429 0218 05       		.uleb128 0x5
 430 0219 03       		.byte	0x3
 431 021a 00000000 		.4byte	valeur
 432 021e 14       		.uleb128 0x14
 433 021f 39020000 		.4byte	.LASF24
 434 0223 06       		.byte	0x6
 435 0224 5E       		.byte	0x5e
 436 0225 81000000 		.4byte	0x81
 437 0229 15       		.uleb128 0x15
 438 022a 54020000 		.4byte	.LASF27
 439 022e 07       		.byte	0x7
 440 022f 2A01     		.2byte	0x12a
 441 0231 40020000 		.4byte	0x240
 442 0235 16       		.uleb128 0x16
 443 0236 81000000 		.4byte	0x81
 444 023a 16       		.uleb128 0x16
 445 023b 81000000 		.4byte	0x81
 446 023f 00       		.byte	0
 447 0240 17       		.uleb128 0x17
 448 0241 5F000000 		.4byte	.LASF25
 449 0245 07       		.byte	0x7
 450 0246 2D01     		.2byte	0x12d
 451 0248 81000000 		.4byte	0x81
 452 024c 14       		.uleb128 0x14
 453 024d FF000000 		.4byte	.LASF26
 454 0251 08       		.byte	0x8
 455 0252 22       		.byte	0x22
 456 0253 81000000 		.4byte	0x81
 457 0257 18       		.uleb128 0x18
 458 0258 51000000 		.4byte	.LASF31
 459 025c 06       		.byte	0x6
ARM GAS  C:\Users\user\AppData\Local\Temp\ccL0Cefd.s 			page 10


 460 025d 5A       		.byte	0x5a
 461 025e 19       		.uleb128 0x19
 462 025f 79020000 		.4byte	.LASF28
 463 0263 09       		.byte	0x9
 464 0264 18       		.byte	0x18
 465 0265 6F020000 		.4byte	0x26f
 466 0269 16       		.uleb128 0x16
 467 026a BA000000 		.4byte	0xba
 468 026e 00       		.byte	0
 469 026f 19       		.uleb128 0x19
 470 0270 8F020000 		.4byte	.LASF29
 471 0274 0A       		.byte	0xa
 472 0275 77       		.byte	0x77
 473 0276 80020000 		.4byte	0x280
 474 027a 16       		.uleb128 0x16
 475 027b 8D000000 		.4byte	0x8d
 476 027f 00       		.byte	0
 477 0280 1A       		.uleb128 0x1a
 478 0281 87020000 		.4byte	.LASF36
 479 0285 0B       		.byte	0xb
 480 0286 DE       		.byte	0xde
 481 0287 68000000 		.4byte	0x68
 482 028b 9B020000 		.4byte	0x29b
 483 028f 16       		.uleb128 0x16
 484 0290 D4000000 		.4byte	0xd4
 485 0294 16       		.uleb128 0x16
 486 0295 DA000000 		.4byte	0xda
 487 0299 1B       		.uleb128 0x1b
 488 029a 00       		.byte	0
 489 029b 19       		.uleb128 0x19
 490 029c CB010000 		.4byte	.LASF30
 491 02a0 08       		.byte	0x8
 492 02a1 24       		.byte	0x24
 493 02a2 AC020000 		.4byte	0x2ac
 494 02a6 16       		.uleb128 0x16
 495 02a7 AC020000 		.4byte	0x2ac
 496 02ab 00       		.byte	0
 497 02ac 06       		.uleb128 0x6
 498 02ad 04       		.byte	0x4
 499 02ae B2020000 		.4byte	0x2b2
 500 02b2 08       		.uleb128 0x8
 501 02b3 A7000000 		.4byte	0xa7
 502 02b7 18       		.uleb128 0x18
 503 02b8 17020000 		.4byte	.LASF32
 504 02bc 08       		.byte	0x8
 505 02bd 26       		.byte	0x26
 506 02be 00       		.byte	0
 507              		.section	.debug_abbrev,"",%progbits
 508              	.Ldebug_abbrev0:
 509 0000 01       		.uleb128 0x1
 510 0001 11       		.uleb128 0x11
 511 0002 01       		.byte	0x1
 512 0003 25       		.uleb128 0x25
 513 0004 0E       		.uleb128 0xe
 514 0005 13       		.uleb128 0x13
 515 0006 0B       		.uleb128 0xb
 516 0007 03       		.uleb128 0x3
ARM GAS  C:\Users\user\AppData\Local\Temp\ccL0Cefd.s 			page 11


 517 0008 0E       		.uleb128 0xe
 518 0009 1B       		.uleb128 0x1b
 519 000a 0E       		.uleb128 0xe
 520 000b 55       		.uleb128 0x55
 521 000c 17       		.uleb128 0x17
 522 000d 11       		.uleb128 0x11
 523 000e 01       		.uleb128 0x1
 524 000f 10       		.uleb128 0x10
 525 0010 17       		.uleb128 0x17
 526 0011 00       		.byte	0
 527 0012 00       		.byte	0
 528 0013 02       		.uleb128 0x2
 529 0014 24       		.uleb128 0x24
 530 0015 00       		.byte	0
 531 0016 0B       		.uleb128 0xb
 532 0017 0B       		.uleb128 0xb
 533 0018 3E       		.uleb128 0x3e
 534 0019 0B       		.uleb128 0xb
 535 001a 03       		.uleb128 0x3
 536 001b 0E       		.uleb128 0xe
 537 001c 00       		.byte	0
 538 001d 00       		.byte	0
 539 001e 03       		.uleb128 0x3
 540 001f 16       		.uleb128 0x16
 541 0020 00       		.byte	0
 542 0021 03       		.uleb128 0x3
 543 0022 0E       		.uleb128 0xe
 544 0023 3A       		.uleb128 0x3a
 545 0024 0B       		.uleb128 0xb
 546 0025 3B       		.uleb128 0x3b
 547 0026 0B       		.uleb128 0xb
 548 0027 49       		.uleb128 0x49
 549 0028 13       		.uleb128 0x13
 550 0029 00       		.byte	0
 551 002a 00       		.byte	0
 552 002b 04       		.uleb128 0x4
 553 002c 24       		.uleb128 0x24
 554 002d 00       		.byte	0
 555 002e 0B       		.uleb128 0xb
 556 002f 0B       		.uleb128 0xb
 557 0030 3E       		.uleb128 0x3e
 558 0031 0B       		.uleb128 0xb
 559 0032 03       		.uleb128 0x3
 560 0033 08       		.uleb128 0x8
 561 0034 00       		.byte	0
 562 0035 00       		.byte	0
 563 0036 05       		.uleb128 0x5
 564 0037 16       		.uleb128 0x16
 565 0038 00       		.byte	0
 566 0039 03       		.uleb128 0x3
 567 003a 0E       		.uleb128 0xe
 568 003b 3A       		.uleb128 0x3a
 569 003c 0B       		.uleb128 0xb
 570 003d 3B       		.uleb128 0x3b
 571 003e 05       		.uleb128 0x5
 572 003f 49       		.uleb128 0x49
 573 0040 13       		.uleb128 0x13
ARM GAS  C:\Users\user\AppData\Local\Temp\ccL0Cefd.s 			page 12


 574 0041 00       		.byte	0
 575 0042 00       		.byte	0
 576 0043 06       		.uleb128 0x6
 577 0044 0F       		.uleb128 0xf
 578 0045 00       		.byte	0
 579 0046 0B       		.uleb128 0xb
 580 0047 0B       		.uleb128 0xb
 581 0048 49       		.uleb128 0x49
 582 0049 13       		.uleb128 0x13
 583 004a 00       		.byte	0
 584 004b 00       		.byte	0
 585 004c 07       		.uleb128 0x7
 586 004d 15       		.uleb128 0x15
 587 004e 00       		.byte	0
 588 004f 27       		.uleb128 0x27
 589 0050 19       		.uleb128 0x19
 590 0051 00       		.byte	0
 591 0052 00       		.byte	0
 592 0053 08       		.uleb128 0x8
 593 0054 26       		.uleb128 0x26
 594 0055 00       		.byte	0
 595 0056 49       		.uleb128 0x49
 596 0057 13       		.uleb128 0x13
 597 0058 00       		.byte	0
 598 0059 00       		.byte	0
 599 005a 09       		.uleb128 0x9
 600 005b 01       		.uleb128 0x1
 601 005c 01       		.byte	0x1
 602 005d 49       		.uleb128 0x49
 603 005e 13       		.uleb128 0x13
 604 005f 01       		.uleb128 0x1
 605 0060 13       		.uleb128 0x13
 606 0061 00       		.byte	0
 607 0062 00       		.byte	0
 608 0063 0A       		.uleb128 0xa
 609 0064 21       		.uleb128 0x21
 610 0065 00       		.byte	0
 611 0066 49       		.uleb128 0x49
 612 0067 13       		.uleb128 0x13
 613 0068 2F       		.uleb128 0x2f
 614 0069 0B       		.uleb128 0xb
 615 006a 00       		.byte	0
 616 006b 00       		.byte	0
 617 006c 0B       		.uleb128 0xb
 618 006d 2E       		.uleb128 0x2e
 619 006e 01       		.byte	0x1
 620 006f 3F       		.uleb128 0x3f
 621 0070 19       		.uleb128 0x19
 622 0071 03       		.uleb128 0x3
 623 0072 0E       		.uleb128 0xe
 624 0073 3A       		.uleb128 0x3a
 625 0074 0B       		.uleb128 0xb
 626 0075 3B       		.uleb128 0x3b
 627 0076 0B       		.uleb128 0xb
 628 0077 27       		.uleb128 0x27
 629 0078 19       		.uleb128 0x19
 630 0079 11       		.uleb128 0x11
ARM GAS  C:\Users\user\AppData\Local\Temp\ccL0Cefd.s 			page 13


 631 007a 01       		.uleb128 0x1
 632 007b 12       		.uleb128 0x12
 633 007c 06       		.uleb128 0x6
 634 007d 40       		.uleb128 0x40
 635 007e 18       		.uleb128 0x18
 636 007f 9742     		.uleb128 0x2117
 637 0081 19       		.uleb128 0x19
 638 0082 01       		.uleb128 0x1
 639 0083 13       		.uleb128 0x13
 640 0084 00       		.byte	0
 641 0085 00       		.byte	0
 642 0086 0C       		.uleb128 0xc
 643 0087 898201   		.uleb128 0x4109
 644 008a 00       		.byte	0
 645 008b 11       		.uleb128 0x11
 646 008c 01       		.uleb128 0x1
 647 008d 31       		.uleb128 0x31
 648 008e 13       		.uleb128 0x13
 649 008f 00       		.byte	0
 650 0090 00       		.byte	0
 651 0091 0D       		.uleb128 0xd
 652 0092 2E       		.uleb128 0x2e
 653 0093 01       		.byte	0x1
 654 0094 3F       		.uleb128 0x3f
 655 0095 19       		.uleb128 0x19
 656 0096 03       		.uleb128 0x3
 657 0097 0E       		.uleb128 0xe
 658 0098 3A       		.uleb128 0x3a
 659 0099 0B       		.uleb128 0xb
 660 009a 3B       		.uleb128 0x3b
 661 009b 0B       		.uleb128 0xb
 662 009c 49       		.uleb128 0x49
 663 009d 13       		.uleb128 0x13
 664 009e 11       		.uleb128 0x11
 665 009f 01       		.uleb128 0x1
 666 00a0 12       		.uleb128 0x12
 667 00a1 06       		.uleb128 0x6
 668 00a2 40       		.uleb128 0x40
 669 00a3 18       		.uleb128 0x18
 670 00a4 9742     		.uleb128 0x2117
 671 00a6 19       		.uleb128 0x19
 672 00a7 01       		.uleb128 0x1
 673 00a8 13       		.uleb128 0x13
 674 00a9 00       		.byte	0
 675 00aa 00       		.byte	0
 676 00ab 0E       		.uleb128 0xe
 677 00ac 898201   		.uleb128 0x4109
 678 00af 01       		.byte	0x1
 679 00b0 11       		.uleb128 0x11
 680 00b1 01       		.uleb128 0x1
 681 00b2 31       		.uleb128 0x31
 682 00b3 13       		.uleb128 0x13
 683 00b4 01       		.uleb128 0x1
 684 00b5 13       		.uleb128 0x13
 685 00b6 00       		.byte	0
 686 00b7 00       		.byte	0
 687 00b8 0F       		.uleb128 0xf
ARM GAS  C:\Users\user\AppData\Local\Temp\ccL0Cefd.s 			page 14


 688 00b9 8A8201   		.uleb128 0x410a
 689 00bc 00       		.byte	0
 690 00bd 02       		.uleb128 0x2
 691 00be 18       		.uleb128 0x18
 692 00bf 9142     		.uleb128 0x2111
 693 00c1 18       		.uleb128 0x18
 694 00c2 00       		.byte	0
 695 00c3 00       		.byte	0
 696 00c4 10       		.uleb128 0x10
 697 00c5 34       		.uleb128 0x34
 698 00c6 00       		.byte	0
 699 00c7 03       		.uleb128 0x3
 700 00c8 0E       		.uleb128 0xe
 701 00c9 3A       		.uleb128 0x3a
 702 00ca 0B       		.uleb128 0xb
 703 00cb 3B       		.uleb128 0x3b
 704 00cc 05       		.uleb128 0x5
 705 00cd 49       		.uleb128 0x49
 706 00ce 13       		.uleb128 0x13
 707 00cf 3F       		.uleb128 0x3f
 708 00d0 19       		.uleb128 0x19
 709 00d1 3C       		.uleb128 0x3c
 710 00d2 19       		.uleb128 0x19
 711 00d3 00       		.byte	0
 712 00d4 00       		.byte	0
 713 00d5 11       		.uleb128 0x11
 714 00d6 35       		.uleb128 0x35
 715 00d7 00       		.byte	0
 716 00d8 49       		.uleb128 0x49
 717 00d9 13       		.uleb128 0x13
 718 00da 00       		.byte	0
 719 00db 00       		.byte	0
 720 00dc 12       		.uleb128 0x12
 721 00dd 34       		.uleb128 0x34
 722 00de 00       		.byte	0
 723 00df 03       		.uleb128 0x3
 724 00e0 08       		.uleb128 0x8
 725 00e1 3A       		.uleb128 0x3a
 726 00e2 0B       		.uleb128 0xb
 727 00e3 3B       		.uleb128 0x3b
 728 00e4 0B       		.uleb128 0xb
 729 00e5 49       		.uleb128 0x49
 730 00e6 13       		.uleb128 0x13
 731 00e7 3F       		.uleb128 0x3f
 732 00e8 19       		.uleb128 0x19
 733 00e9 02       		.uleb128 0x2
 734 00ea 18       		.uleb128 0x18
 735 00eb 00       		.byte	0
 736 00ec 00       		.byte	0
 737 00ed 13       		.uleb128 0x13
 738 00ee 34       		.uleb128 0x34
 739 00ef 00       		.byte	0
 740 00f0 03       		.uleb128 0x3
 741 00f1 0E       		.uleb128 0xe
 742 00f2 3A       		.uleb128 0x3a
 743 00f3 0B       		.uleb128 0xb
 744 00f4 3B       		.uleb128 0x3b
ARM GAS  C:\Users\user\AppData\Local\Temp\ccL0Cefd.s 			page 15


 745 00f5 0B       		.uleb128 0xb
 746 00f6 49       		.uleb128 0x49
 747 00f7 13       		.uleb128 0x13
 748 00f8 3F       		.uleb128 0x3f
 749 00f9 19       		.uleb128 0x19
 750 00fa 02       		.uleb128 0x2
 751 00fb 18       		.uleb128 0x18
 752 00fc 00       		.byte	0
 753 00fd 00       		.byte	0
 754 00fe 14       		.uleb128 0x14
 755 00ff 2E       		.uleb128 0x2e
 756 0100 00       		.byte	0
 757 0101 3F       		.uleb128 0x3f
 758 0102 19       		.uleb128 0x19
 759 0103 03       		.uleb128 0x3
 760 0104 0E       		.uleb128 0xe
 761 0105 3A       		.uleb128 0x3a
 762 0106 0B       		.uleb128 0xb
 763 0107 3B       		.uleb128 0x3b
 764 0108 0B       		.uleb128 0xb
 765 0109 27       		.uleb128 0x27
 766 010a 19       		.uleb128 0x19
 767 010b 49       		.uleb128 0x49
 768 010c 13       		.uleb128 0x13
 769 010d 3C       		.uleb128 0x3c
 770 010e 19       		.uleb128 0x19
 771 010f 00       		.byte	0
 772 0110 00       		.byte	0
 773 0111 15       		.uleb128 0x15
 774 0112 2E       		.uleb128 0x2e
 775 0113 01       		.byte	0x1
 776 0114 3F       		.uleb128 0x3f
 777 0115 19       		.uleb128 0x19
 778 0116 03       		.uleb128 0x3
 779 0117 0E       		.uleb128 0xe
 780 0118 3A       		.uleb128 0x3a
 781 0119 0B       		.uleb128 0xb
 782 011a 3B       		.uleb128 0x3b
 783 011b 05       		.uleb128 0x5
 784 011c 27       		.uleb128 0x27
 785 011d 19       		.uleb128 0x19
 786 011e 3C       		.uleb128 0x3c
 787 011f 19       		.uleb128 0x19
 788 0120 01       		.uleb128 0x1
 789 0121 13       		.uleb128 0x13
 790 0122 00       		.byte	0
 791 0123 00       		.byte	0
 792 0124 16       		.uleb128 0x16
 793 0125 05       		.uleb128 0x5
 794 0126 00       		.byte	0
 795 0127 49       		.uleb128 0x49
 796 0128 13       		.uleb128 0x13
 797 0129 00       		.byte	0
 798 012a 00       		.byte	0
 799 012b 17       		.uleb128 0x17
 800 012c 2E       		.uleb128 0x2e
 801 012d 00       		.byte	0
ARM GAS  C:\Users\user\AppData\Local\Temp\ccL0Cefd.s 			page 16


 802 012e 3F       		.uleb128 0x3f
 803 012f 19       		.uleb128 0x19
 804 0130 03       		.uleb128 0x3
 805 0131 0E       		.uleb128 0xe
 806 0132 3A       		.uleb128 0x3a
 807 0133 0B       		.uleb128 0xb
 808 0134 3B       		.uleb128 0x3b
 809 0135 05       		.uleb128 0x5
 810 0136 27       		.uleb128 0x27
 811 0137 19       		.uleb128 0x19
 812 0138 49       		.uleb128 0x49
 813 0139 13       		.uleb128 0x13
 814 013a 3C       		.uleb128 0x3c
 815 013b 19       		.uleb128 0x19
 816 013c 00       		.byte	0
 817 013d 00       		.byte	0
 818 013e 18       		.uleb128 0x18
 819 013f 2E       		.uleb128 0x2e
 820 0140 00       		.byte	0
 821 0141 3F       		.uleb128 0x3f
 822 0142 19       		.uleb128 0x19
 823 0143 03       		.uleb128 0x3
 824 0144 0E       		.uleb128 0xe
 825 0145 3A       		.uleb128 0x3a
 826 0146 0B       		.uleb128 0xb
 827 0147 3B       		.uleb128 0x3b
 828 0148 0B       		.uleb128 0xb
 829 0149 27       		.uleb128 0x27
 830 014a 19       		.uleb128 0x19
 831 014b 3C       		.uleb128 0x3c
 832 014c 19       		.uleb128 0x19
 833 014d 00       		.byte	0
 834 014e 00       		.byte	0
 835 014f 19       		.uleb128 0x19
 836 0150 2E       		.uleb128 0x2e
 837 0151 01       		.byte	0x1
 838 0152 3F       		.uleb128 0x3f
 839 0153 19       		.uleb128 0x19
 840 0154 03       		.uleb128 0x3
 841 0155 0E       		.uleb128 0xe
 842 0156 3A       		.uleb128 0x3a
 843 0157 0B       		.uleb128 0xb
 844 0158 3B       		.uleb128 0x3b
 845 0159 0B       		.uleb128 0xb
 846 015a 27       		.uleb128 0x27
 847 015b 19       		.uleb128 0x19
 848 015c 3C       		.uleb128 0x3c
 849 015d 19       		.uleb128 0x19
 850 015e 01       		.uleb128 0x1
 851 015f 13       		.uleb128 0x13
 852 0160 00       		.byte	0
 853 0161 00       		.byte	0
 854 0162 1A       		.uleb128 0x1a
 855 0163 2E       		.uleb128 0x2e
 856 0164 01       		.byte	0x1
 857 0165 3F       		.uleb128 0x3f
 858 0166 19       		.uleb128 0x19
ARM GAS  C:\Users\user\AppData\Local\Temp\ccL0Cefd.s 			page 17


 859 0167 03       		.uleb128 0x3
 860 0168 0E       		.uleb128 0xe
 861 0169 3A       		.uleb128 0x3a
 862 016a 0B       		.uleb128 0xb
 863 016b 3B       		.uleb128 0x3b
 864 016c 0B       		.uleb128 0xb
 865 016d 27       		.uleb128 0x27
 866 016e 19       		.uleb128 0x19
 867 016f 49       		.uleb128 0x49
 868 0170 13       		.uleb128 0x13
 869 0171 3C       		.uleb128 0x3c
 870 0172 19       		.uleb128 0x19
 871 0173 01       		.uleb128 0x1
 872 0174 13       		.uleb128 0x13
 873 0175 00       		.byte	0
 874 0176 00       		.byte	0
 875 0177 1B       		.uleb128 0x1b
 876 0178 18       		.uleb128 0x18
 877 0179 00       		.byte	0
 878 017a 00       		.byte	0
 879 017b 00       		.byte	0
 880 017c 00       		.byte	0
 881              		.section	.debug_aranges,"",%progbits
 882 0000 24000000 		.4byte	0x24
 883 0004 0200     		.2byte	0x2
 884 0006 00000000 		.4byte	.Ldebug_info0
 885 000a 04       		.byte	0x4
 886 000b 00       		.byte	0
 887 000c 0000     		.2byte	0
 888 000e 0000     		.2byte	0
 889 0010 00000000 		.4byte	.LFB63
 890 0014 14000000 		.4byte	.LFE63-.LFB63
 891 0018 00000000 		.4byte	.LFB64
 892 001c 64000000 		.4byte	.LFE64-.LFB64
 893 0020 00000000 		.4byte	0
 894 0024 00000000 		.4byte	0
 895              		.section	.debug_ranges,"",%progbits
 896              	.Ldebug_ranges0:
 897 0000 00000000 		.4byte	.LFB63
 898 0004 14000000 		.4byte	.LFE63
 899 0008 00000000 		.4byte	.LFB64
 900 000c 64000000 		.4byte	.LFE64
 901 0010 00000000 		.4byte	0
 902 0014 00000000 		.4byte	0
 903              		.section	.debug_line,"",%progbits
 904              	.Ldebug_line0:
 905 0000 EC010000 		.section	.debug_str,"MS",%progbits,1
 905      02009901 
 905      00000201 
 905      FB0E0D00 
 905      01010101 
 906              	.LASF35:
 907 0000 443A5C55 		.ascii	"D:\\Utilisateurs\\user\\Documents\\PSoC Creator\\Wo"
 907      74696C69 
 907      73617465 
 907      7572735C 
 907      75736572 
ARM GAS  C:\Users\user\AppData\Local\Temp\ccL0Cefd.s 			page 18


 908 002e 726B7370 		.ascii	"rkspace02\\USB_UART_INT_Timer.cydsn\000"
 908      61636530 
 908      325C5553 
 908      425F5541 
 908      52545F49 
 909              	.LASF31:
 910 0051 54696D65 		.ascii	"Timer_1_Start\000"
 910      725F315F 
 910      53746172 
 910      7400
 911              	.LASF25:
 912 005f 55534255 		.ascii	"USBUART_1_GetConfiguration\000"
 912      4152545F 
 912      315F4765 
 912      74436F6E 
 912      66696775 
 913              	.LASF22:
 914 007a 696E6372 		.ascii	"increment\000"
 914      656D656E 
 914      7400
 915              	.LASF9:
 916 0084 5F5F696E 		.ascii	"__int32_t\000"
 916      7433325F 
 916      7400
 917              	.LASF34:
 918 008e 2E5C6D61 		.ascii	".\\main.c\000"
 918      696E2E63 
 918      00
 919              	.LASF19:
 920 0097 6973725F 		.ascii	"isr_1_interrupt\000"
 920      315F696E 
 920      74657272 
 920      75707400 
 921              	.LASF13:
 922 00a7 666C6F61 		.ascii	"float\000"
 922      7400
 923              	.LASF1:
 924 00ad 756E7369 		.ascii	"unsigned char\000"
 924      676E6564 
 924      20636861 
 924      7200
 925              	.LASF15:
 926 00bb 63686172 		.ascii	"char8\000"
 926      3800
 927              	.LASF5:
 928 00c1 6C6F6E67 		.ascii	"long unsigned int\000"
 928      20756E73 
 928      69676E65 
 928      6420696E 
 928      7400
 929              	.LASF3:
 930 00d3 73686F72 		.ascii	"short unsigned int\000"
 930      7420756E 
 930      7369676E 
 930      65642069 
 930      6E7400
 931              	.LASF21:
ARM GAS  C:\Users\user\AppData\Local\Temp\ccL0Cefd.s 			page 19


 932 00e6 49544D5F 		.ascii	"ITM_RxBuffer\000"
 932      52784275 
 932      66666572 
 932      00
 933              	.LASF14:
 934 00f3 646F7562 		.ascii	"double\000"
 934      6C6500
 935              	.LASF20:
 936 00fa 6D61696E 		.ascii	"main\000"
 936      00
 937              	.LASF26:
 938 00ff 55534255 		.ascii	"USBUART_1_CDC_Init\000"
 938      4152545F 
 938      315F4344 
 938      435F496E 
 938      697400
 939              	.LASF12:
 940 0112 75696E74 		.ascii	"uint32\000"
 940      333200
 941              	.LASF33:
 942 0119 474E5520 		.ascii	"GNU C 4.9.3 20150303 (release) [ARM/embedded-4_9-br"
 942      4320342E 
 942      392E3320 
 942      32303135 
 942      30333033 
 943 014c 616E6368 		.ascii	"anch revision 221220] -mcpu=cortex-m3 -mthumb -g -O"
 943      20726576 
 943      6973696F 
 943      6E203232 
 943      31323230 
 944 017f 67202D66 		.ascii	"g -ffunction-sections -ffat-lto-objects\000"
 944      66756E63 
 944      74696F6E 
 944      2D736563 
 944      74696F6E 
 945              	.LASF8:
 946 01a7 756E7369 		.ascii	"unsigned int\000"
 946      676E6564 
 946      20696E74 
 946      00
 947              	.LASF7:
 948 01b4 6C6F6E67 		.ascii	"long long unsigned int\000"
 948      206C6F6E 
 948      6720756E 
 948      7369676E 
 948      65642069 
 949              	.LASF30:
 950 01cb 55534255 		.ascii	"USBUART_1_PutString\000"
 950      4152545F 
 950      315F5075 
 950      74537472 
 950      696E6700 
 951              	.LASF23:
 952 01df 76616C65 		.ascii	"valeur\000"
 952      757200
 953              	.LASF17:
 954 01e6 63796973 		.ascii	"cyisraddress\000"
ARM GAS  C:\Users\user\AppData\Local\Temp\ccL0Cefd.s 			page 20


 954      72616464 
 954      72657373 
 954      00
 955              	.LASF10:
 956 01f3 696E7433 		.ascii	"int32_t\000"
 956      325F7400 
 957              	.LASF18:
 958 01fb 73697A65 		.ascii	"sizetype\000"
 958      74797065 
 958      00
 959              	.LASF6:
 960 0204 6C6F6E67 		.ascii	"long long int\000"
 960      206C6F6E 
 960      6720696E 
 960      7400
 961              	.LASF16:
 962 0212 63686172 		.ascii	"char\000"
 962      00
 963              	.LASF32:
 964 0217 55534255 		.ascii	"USBUART_1_PutCRLF\000"
 964      4152545F 
 964      315F5075 
 964      7443524C 
 964      4600
 965              	.LASF2:
 966 0229 73686F72 		.ascii	"short int\000"
 966      7420696E 
 966      7400
 967              	.LASF11:
 968 0233 75696E74 		.ascii	"uint8\000"
 968      3800
 969              	.LASF24:
 970 0239 54696D65 		.ascii	"Timer_1_ReadStatusRegister\000"
 970      725F315F 
 970      52656164 
 970      53746174 
 970      75735265 
 971              	.LASF27:
 972 0254 55534255 		.ascii	"USBUART_1_Start\000"
 972      4152545F 
 972      315F5374 
 972      61727400 
 973              	.LASF4:
 974 0264 6C6F6E67 		.ascii	"long int\000"
 974      20696E74 
 974      00
 975              	.LASF0:
 976 026d 7369676E 		.ascii	"signed char\000"
 976      65642063 
 976      68617200 
 977              	.LASF28:
 978 0279 6973725F 		.ascii	"isr_1_StartEx\000"
 978      315F5374 
 978      61727445 
 978      7800
 979              	.LASF36:
 980 0287 73707269 		.ascii	"sprintf\000"
ARM GAS  C:\Users\user\AppData\Local\Temp\ccL0Cefd.s 			page 21


 980      6E746600 
 981              	.LASF29:
 982 028f 43794465 		.ascii	"CyDelay\000"
 982      6C617900 
 983              		.ident	"GCC: (GNU Tools for ARM Embedded Processors) 4.9.3 20150303 (release) [ARM/embedded-4_9-br
