--------------- Build Started: 10/25/2021 17:00:17 Project: FSK, Configuration: ARM GCC 4.9-2015-q1-update Debug ---------------
cydsfit.exe -.appdatapath "C:\Users\user\AppData\Local\Cypress Semiconductor\PSoC Creator\3.3" -.fdsnotice -.fdswarpdepfile=warp_dependencies.txt -.fdselabdepfile=elab_dependencies.txt -.fdsbldfile=generated_files.txt -p "D:\Utilisateurs\user\Documents\PSoC Creator\Workspace02\FSK.cydsn\FSK.cyprj" -d CY8C5888LTI-LP097 -s "D:\Utilisateurs\user\Documents\PSoC Creator\Workspace02\FSK.cydsn\Generated_Source\PSoC5" -- -yv2 -q10 -ygs -o2 -v3 -.fftcfgtype=LE
Elaborating Design...
HDL Generation ...
Synthesis ...
Place and Route ...
Tech mapping ...
ADD: pft.M0040: information: The following 4 pin(s) will be assigned a location by the fitter: Pin_1(0), Pin_2(0), Pin_3(0), Pin_4(0)
Analog Placement ...
Log: apr.M0058: The analog placement iterative improvement is 54% done. (App=cydsfit)
Analog Routing ...
Analog Code Generation ...
Digital Placement ...
Digital Routing ...
Bitstream Generation ...
Static timing analysis ...
API Generation ...
Dependency Generation ...
Clean Temporary Files ...
arm-none-eabi-gcc.exe -mcpu=cortex-m3 -mthumb -Wno-main -I. -IGenerated_Source\PSoC5 -Wa,-alh=.\CortexM3\ARM_GCC_493\Debug/main.lst -g -D DEBUG -Wall -ffunction-sections -Og -ffat-lto-objects -c .\main.c -o .\CortexM3\ARM_GCC_493\Debug\main.o
arm-none-eabi-gcc.exe -mcpu=cortex-m3 -mthumb -Wno-main -I. -IGenerated_Source\PSoC5 -Wa,-alh=.\CortexM3\ARM_GCC_493\Debug/WaveDAC8_1.lst -g -D DEBUG -Wall -ffunction-sections -Og -ffat-lto-objects -c .\Generated_Source\PSoC5\WaveDAC8_1.c -o .\CortexM3\ARM_GCC_493\Debug\WaveDAC8_1.o
arm-none-eabi-gcc.exe -mcpu=cortex-m3 -mthumb -Wno-main -I. -IGenerated_Source\PSoC5 -Wa,-alh=.\CortexM3\ARM_GCC_493\Debug/WaveDAC8_1_PM.lst -g -D DEBUG -Wall -ffunction-sections -Og -ffat-lto-objects -c .\Generated_Source\PSoC5\WaveDAC8_1_PM.c -o .\CortexM3\ARM_GCC_493\Debug\WaveDAC8_1_PM.o
arm-none-eabi-ar.exe -rs .\CortexM3\ARM_GCC_493\Debug\FSK.a .\CortexM3\ARM_GCC_493\Debug\cyfitter_cfg.o .\CortexM3\ARM_GCC_493\Debug\WaveDAC8_1.o .\CortexM3\ARM_GCC_493\Debug\WaveDAC8_1_PM.o .\CortexM3\ARM_GCC_493\Debug\Pin_1.o .\CortexM3\ARM_GCC_493\Debug\Pin_2.o .\CortexM3\ARM_GCC_493\Debug\Pin_3.o .\CortexM3\ARM_GCC_493\Debug\Pin_4.o .\CortexM3\ARM_GCC_493\Debug\WaveDAC8_1_DacClk.o .\CortexM3\ARM_GCC_493\Debug\WaveDAC8_1_Wave1_DMA_dma.o .\CortexM3\ARM_GCC_493\Debug\WaveDAC8_1_Wave2_DMA_dma.o .\CortexM3\ARM_GCC_493\Debug\WaveDAC8_1_VDAC8.o .\CortexM3\ARM_GCC_493\Debug\WaveDAC8_1_VDAC8_PM.o .\CortexM3\ARM_GCC_493\Debug\CyBootAsmGnu.o .\CortexM3\ARM_GCC_493\Debug\CyDmac.o .\CortexM3\ARM_GCC_493\Debug\CyFlash.o .\CortexM3\ARM_GCC_493\Debug\CyLib.o .\CortexM3\ARM_GCC_493\Debug\cyPm.o .\CortexM3\ARM_GCC_493\Debug\CySpc.o .\CortexM3\ARM_GCC_493\Debug\cyutils.o
arm-none-eabi-ar.exe: creating .\CortexM3\ARM_GCC_493\Debug\FSK.a
arm-none-eabi-gcc.exe -Wl,--start-group -o .\CortexM3\ARM_GCC_493\Debug\FSK.elf .\CortexM3\ARM_GCC_493\Debug\main.o .\CortexM3\ARM_GCC_493\Debug\cymetadata.o .\CortexM3\ARM_GCC_493\Debug\Cm3Start.o .\CortexM3\ARM_GCC_493\Debug\FSK.a "C:\Program Files (x86)\Cypress\PSoC Creator\3.3\PSoC Creator\psoc\content\cycomponentlibrary\CyComponentLibrary.cylib\CortexM3\ARM_GCC_493\Debug\CyComponentLibrary.a" -mcpu=cortex-m3 -mthumb -g -ffunction-sections -Og -L Generated_Source\PSoC5 -Wl,-Map,.\CortexM3\ARM_GCC_493\Debug/FSK.map -T Generated_Source\PSoC5\cm3gcc.ld -specs=nano.specs -Wl,--gc-sections -Wl,--end-group
cyelftool.exe -C "D:\Utilisateurs\user\Documents\PSoC Creator\Workspace02\FSK.cydsn\CortexM3\ARM_GCC_493\Debug\FSK.elf" --flash_row_size 256 --flash_size 262144
cyelftool.exe -S "D:\Utilisateurs\user\Documents\PSoC Creator\Workspace02\FSK.cydsn\CortexM3\ARM_GCC_493\Debug\FSK.elf"
Flash used: 2304 of 262144 bytes (0,9 %).
SRAM used: 2493 of 65536 bytes (3,8 %). Stack: 2048 bytes. Heap: 128 bytes.
--------------- Build Succeeded: 10/25/2021 17:00:26 ---------------
