--------------- Build Started: 03/01/2022 11:57:08 Project: TP2_Mesure_Diode, Configuration: ARM GCC 4.9-2015-q1-update Debug ---------------
cydsfit.exe -.appdatapath "C:\Users\user\AppData\Local\Cypress Semiconductor\PSoC Creator\3.3" -.fdsnotice -.fdswarpdepfile=warp_dependencies.txt -.fdselabdepfile=elab_dependencies.txt -.fdsbldfile=generated_files.txt -p "D:\Utilisateurs\user\Documents\PSoC Creator\Workspace02\TP2_Mesure_Diode.cydsn\TP2_Mesure_Diode.cyprj" -d CY8C5888LTI-LP097 -s "D:\Utilisateurs\user\Documents\PSoC Creator\Workspace02\TP2_Mesure_Diode.cydsn\Generated_Source\PSoC5" -- -yv2 -q10 -ygs -o2 -v3 -.fftcfgtype=LE
Elaborating Design...
HDL Generation ...
Synthesis ...
Place and Route ...
Tech mapping ...
ADD: pft.M0040: information: The following 2 pin(s) will be assigned a location by the fitter: \USBUART_1:Dm(0)\, \USBUART_1:Dp(0)\
Analog Placement ...
Log: apr.M0058: The analog placement iterative improvement is 28% done. (App=cydsfit)
Log: apr.M0058: The analog placement iterative improvement is 46% done. (App=cydsfit)
Log: apr.M0058: The analog placement iterative improvement is 67% done. (App=cydsfit)
Log: apr.M0058: The analog placement iterative improvement is 97% done. (App=cydsfit)
Analog Routing ...
Analog Code Generation ...
Digital Placement ...
Digital Routing ...
Bitstream Generation ...
Static timing analysis ...
API Generation ...
Dependency Generation ...
Clean Temporary Files ...
arm-none-eabi-gcc.exe -mcpu=cortex-m3 -mthumb -Wno-main -I. -IGenerated_Source\PSoC5 -Wa,-alh=.\CortexM3\ARM_GCC_493\Debug/main.lst -g -D DEBUG -Wall -ffunction-sections -Og -ffat-lto-objects -c .\main.c -o .\CortexM3\ARM_GCC_493\Debug\main.o
arm-none-eabi-gcc.exe -mcpu=cortex-m3 -mthumb -Wno-main -I. -IGenerated_Source\PSoC5 -Wa,-alh=.\CortexM3\ARM_GCC_493\Debug/cyfitter_cfg.lst -g -D DEBUG -Wall -ffunction-sections -Og -ffat-lto-objects -c .\Generated_Source\PSoC5\cyfitter_cfg.c -o .\CortexM3\ARM_GCC_493\Debug\cyfitter_cfg.o
arm-none-eabi-gcc.exe -mcpu=cortex-m3 -mthumb -Wno-main -I. -IGenerated_Source\PSoC5 -Wa,-alh=.\CortexM3\ARM_GCC_493\Debug/ADC_DelSig_1.lst -g -D DEBUG -Wall -ffunction-sections -Og -ffat-lto-objects -c .\Generated_Source\PSoC5\ADC_DelSig_1.c -o .\CortexM3\ARM_GCC_493\Debug\ADC_DelSig_1.o
arm-none-eabi-gcc.exe -mcpu=cortex-m3 -mthumb -Wno-main -I. -IGenerated_Source\PSoC5 -Wa,-alh=.\CortexM3\ARM_GCC_493\Debug/ADC_DelSig_1_PM.lst -g -D DEBUG -Wall -ffunction-sections -Og -ffat-lto-objects -c .\Generated_Source\PSoC5\ADC_DelSig_1_PM.c -o .\CortexM3\ARM_GCC_493\Debug\ADC_DelSig_1_PM.o
arm-none-eabi-gcc.exe -mcpu=cortex-m3 -mthumb -Wno-main -I. -IGenerated_Source\PSoC5 -Wa,-alh=.\CortexM3\ARM_GCC_493\Debug/ADC_DelSig_1_INT.lst -g -D DEBUG -Wall -ffunction-sections -Og -ffat-lto-objects -c .\Generated_Source\PSoC5\ADC_DelSig_1_INT.c -o .\CortexM3\ARM_GCC_493\Debug\ADC_DelSig_1_INT.o
arm-none-eabi-ar.exe -rs .\CortexM3\ARM_GCC_493\Debug\TP2_Mesure_Diode.a .\CortexM3\ARM_GCC_493\Debug\cyfitter_cfg.o .\CortexM3\ARM_GCC_493\Debug\POH.o .\CortexM3\ARM_GCC_493\Debug\POM.o .\CortexM3\ARM_GCC_493\Debug\POF.o .\CortexM3\ARM_GCC_493\Debug\AMux_1.o .\CortexM3\ARM_GCC_493\Debug\ADC_DelSig_1.o .\CortexM3\ARM_GCC_493\Debug\ADC_DelSig_1_PM.o .\CortexM3\ARM_GCC_493\Debug\ADC_DelSig_1_INT.o .\CortexM3\ARM_GCC_493\Debug\ADC_DelSig_1_AMux.o .\CortexM3\ARM_GCC_493\Debug\ADC_DelSig_1_Ext_CP_Clk.o .\CortexM3\ARM_GCC_493\Debug\ADC_DelSig_1_IRQ.o .\CortexM3\ARM_GCC_493\Debug\ADC_DelSig_1_theACLK.o .\CortexM3\ARM_GCC_493\Debug\CyBootAsmGnu.o .\CortexM3\ARM_GCC_493\Debug\CyDmac.o .\CortexM3\ARM_GCC_493\Debug\CyFlash.o .\CortexM3\ARM_GCC_493\Debug\CyLib.o .\CortexM3\ARM_GCC_493\Debug\cyPm.o .\CortexM3\ARM_GCC_493\Debug\CySpc.o .\CortexM3\ARM_GCC_493\Debug\cyutils.o .\CortexM3\ARM_GCC_493\Debug\MUX_OUT.o .\CortexM3\ARM_GCC_493\Debug\USBUART_1.o .\CortexM3\ARM_GCC_493\Debug\USBUART_1_audio.o .\CortexM3\ARM_GCC_493\Debug\USBUART_1_boot.o .\CortexM3\ARM_GCC_493\Debug\USBUART_1_cdc.o .\CortexM3\ARM_GCC_493\Debug\USBUART_1_cls.o .\CortexM3\ARM_GCC_493\Debug\USBUART_1_descr.o .\CortexM3\ARM_GCC_493\Debug\USBUART_1_drv.o .\CortexM3\ARM_GCC_493\Debug\USBUART_1_episr.o .\CortexM3\ARM_GCC_493\Debug\USBUART_1_hid.o .\CortexM3\ARM_GCC_493\Debug\USBUART_1_pm.o .\CortexM3\ARM_GCC_493\Debug\USBUART_1_std.o .\CortexM3\ARM_GCC_493\Debug\USBUART_1_vnd.o .\CortexM3\ARM_GCC_493\Debug\USBUART_1_midi.o .\CortexM3\ARM_GCC_493\Debug\USBUART_1_msc.o .\CortexM3\ARM_GCC_493\Debug\USBUART_1_Dm.o .\CortexM3\ARM_GCC_493\Debug\USBUART_1_Dp.o .\CortexM3\ARM_GCC_493\Debug\IDAC8_1.o .\CortexM3\ARM_GCC_493\Debug\IDAC8_1_PM.o
arm-none-eabi-ar.exe: creating .\CortexM3\ARM_GCC_493\Debug\TP2_Mesure_Diode.a
arm-none-eabi-gcc.exe -Wl,--start-group -o .\CortexM3\ARM_GCC_493\Debug\TP2_Mesure_Diode.elf .\CortexM3\ARM_GCC_493\Debug\main.o .\CortexM3\ARM_GCC_493\Debug\cymetadata.o .\CortexM3\ARM_GCC_493\Debug\Cm3Start.o .\CortexM3\ARM_GCC_493\Debug\TP2_Mesure_Diode.a "C:\Program Files (x86)\Cypress\PSoC Creator\3.3\PSoC Creator\psoc\content\cycomponentlibrary\CyComponentLibrary.cylib\CortexM3\ARM_GCC_493\Debug\CyComponentLibrary.a" -mcpu=cortex-m3 -mthumb -g -ffunction-sections -Og -L Generated_Source\PSoC5 -Wl,-Map,.\CortexM3\ARM_GCC_493\Debug/TP2_Mesure_Diode.map -T Generated_Source\PSoC5\cm3gcc.ld -specs=nano.specs -u _printf_float -Wl,--gc-sections -Wl,--end-group
cyelftool.exe -C "D:\Utilisateurs\user\Documents\PSoC Creator\Workspace02\TP2_Mesure_Diode.cydsn\CortexM3\ARM_GCC_493\Debug\TP2_Mesure_Diode.elf" --flash_row_size 256 --flash_size 262144
cyelftool.exe -S "D:\Utilisateurs\user\Documents\PSoC Creator\Workspace02\TP2_Mesure_Diode.cydsn\CortexM3\ARM_GCC_493\Debug\TP2_Mesure_Diode.elf"
Flash used: 22272 of 262144 bytes (8,5 %).
SRAM used: 3357 of 65536 bytes (5,1 %). Stack: 2048 bytes. Heap: 512 bytes.
--------------- Build Succeeded: 03/01/2022 11:57:23 ---------------
