ARM GAS  C:\Users\user\AppData\Local\Temp\ccNNMA7t.s 			page 1


   1              		.syntax unified
   2              		.cpu cortex-m3
   3              		.fpu softvfp
   4              		.eabi_attribute 20, 1
   5              		.eabi_attribute 21, 1
   6              		.eabi_attribute 23, 3
   7              		.eabi_attribute 24, 1
   8              		.eabi_attribute 25, 1
   9              		.eabi_attribute 26, 1
  10              		.eabi_attribute 30, 1
  11              		.eabi_attribute 34, 1
  12              		.eabi_attribute 18, 4
  13              		.thumb
  14              		.file	"main.c"
  15              		.text
  16              	.Ltext0:
  17              		.cfi_sections	.debug_frame
  18              		.global	__aeabi_i2f
  19              		.global	__aeabi_fdiv
  20              		.global	__aeabi_f2d
  21              		.section	.text.main,"ax",%progbits
  22              		.align	2
  23              		.global	main
  24              		.thumb
  25              		.thumb_func
  26              		.type	main, %function
  27              	main:
  28              	.LFB63:
  29              		.file 1 ".\\main.c"
   1:.\main.c      **** /* ========================================
   2:.\main.c      ****  *
   3:.\main.c      ****  * Copyright YOUR COMPANY, THE YEAR
   4:.\main.c      ****  * All Rights Reserved
   5:.\main.c      ****  * UNPUBLISHED, LICENSED SOFTWARE.
   6:.\main.c      ****  *
   7:.\main.c      ****  * CONFIDENTIAL AND PROPRIETARY INFORMATION
   8:.\main.c      ****  * WHICH IS THE PROPERTY OF your company.
   9:.\main.c      ****  *
  10:.\main.c      ****  * ========================================
  11:.\main.c      **** */
  12:.\main.c      **** // Includes
  13:.\main.c      **** #include <project.h>
  14:.\main.c      **** #include <stdio.h>
  15:.\main.c      **** 
  16:.\main.c      **** // DEFINE 
  17:.\main.c      **** #define REFERENCE_RESISTENCE 505
  18:.\main.c      **** #define RESISTANCE_VALUE_MAX 60000
  19:.\main.c      **** #define PWM_MAX              255
  20:.\main.c      **** 
  21:.\main.c      **** // TYPEDEF
  22:.\main.c      **** typedef struct 
  23:.\main.c      **** {
  24:.\main.c      ****     int16_t POH;
  25:.\main.c      ****     int16_t POF;
  26:.\main.c      ****     int16_t POM; 
  27:.\main.c      **** } mux_potentiel_t;
  28:.\main.c      **** 
ARM GAS  C:\Users\user\AppData\Local\Temp\ccNNMA7t.s 			page 2


  29:.\main.c      **** // Variable declaration
  30:.\main.c      **** mux_potentiel_t mux_pot; 
  31:.\main.c      **** int   val = 0;
  32:.\main.c      **** char  valeur[8] = {0};
  33:.\main.c      **** float resistance_value;
  34:.\main.c      **** 
  35:.\main.c      **** float diode_tension;
  36:.\main.c      **** float diode_curant;
  37:.\main.c      **** 
  38:.\main.c      **** uint8_t courant_consigne;
  39:.\main.c      **** 
  40:.\main.c      **** // MAIN
  41:.\main.c      **** int main()
  42:.\main.c      **** {
  30              		.loc 1 42 0
  31              		.cfi_startproc
  32              		@ Volatile: function does not return.
  33              		@ args = 0, pretend = 0, frame = 0
  34              		@ frame_needed = 0, uses_anonymous_args = 0
  35 0000 80B5     		push	{r7, lr}
  36              		.cfi_def_cfa_offset 8
  37              		.cfi_offset 7, -8
  38              		.cfi_offset 14, -4
  39 0002 82B0     		sub	sp, sp, #8
  40              		.cfi_def_cfa_offset 16
  43:.\main.c      ****     //-----------------------//
  44:.\main.c      ****     //   START ALL MODULES   //
  45:.\main.c      ****     //-----------------------//
  46:.\main.c      ****     CyGlobalIntEnable; /* Enable global interrupts. */
  41              		.loc 1 46 0
  42              	@ 46 ".\main.c" 1
  43 0004 62B6     		CPSIE   i
  44              	@ 0 "" 2
  47:.\main.c      ****     
  48:.\main.c      ****     /* Place your initialization/startup code here (e.g. MyInst_Start()) */
  49:.\main.c      ****     USBUART_1_Start(0, USBUART_1_5V_OPERATION);
  45              		.loc 1 49 0
  46              		.thumb
  47 0006 0020     		movs	r0, #0
  48 0008 0121     		movs	r1, #1
  49 000a FFF7FEFF 		bl	USBUART_1_Start
  50              	.LVL0:
  51              	.L2:
  50:.\main.c      ****     while(0 == USBUART_1_GetConfiguration())
  52              		.loc 1 50 0 discriminator 1
  53 000e FFF7FEFF 		bl	USBUART_1_GetConfiguration
  54              	.LVL1:
  55 0012 0028     		cmp	r0, #0
  56 0014 FBD0     		beq	.L2
  51:.\main.c      ****     {
  52:.\main.c      ****     }
  53:.\main.c      ****     USBUART_1_CDC_Init();
  57              		.loc 1 53 0
  58 0016 FFF7FEFF 		bl	USBUART_1_CDC_Init
  59              	.LVL2:
  54:.\main.c      **** 
  55:.\main.c      ****     IDAC8_1_Start();
ARM GAS  C:\Users\user\AppData\Local\Temp\ccNNMA7t.s 			page 3


  60              		.loc 1 55 0
  61 001a FFF7FEFF 		bl	IDAC8_1_Start
  62              	.LVL3:
  56:.\main.c      ****     
  57:.\main.c      ****     AMux_1_Start();
  63              		.loc 1 57 0
  64 001e FFF7FEFF 		bl	AMux_1_Start
  65              	.LVL4:
  58:.\main.c      **** 
  59:.\main.c      ****     ADC_DelSig_1_Start();
  66              		.loc 1 59 0
  67 0022 FFF7FEFF 		bl	ADC_DelSig_1_Start
  68              	.LVL5:
  69              	.L3:
  60:.\main.c      ****         
  61:.\main.c      ****     /* Place your initialization/startup code here (e.g. MyInst_Start()) */
  62:.\main.c      **** 
  63:.\main.c      ****     //-----------------------//
  64:.\main.c      ****     //     INIFINIT LOOP     //
  65:.\main.c      ****     //-----------------------//
  66:.\main.c      ****     for(;;)
  67:.\main.c      ****     {
  68:.\main.c      ****         //IDAC8_1_SetValue(1);
  69:.\main.c      **** 
  70:.\main.c      ****         // Get all potentials values
  71:.\main.c      ****         AMux_1_Select(0);
  70              		.loc 1 71 0 discriminator 1
  71 0026 0020     		movs	r0, #0
  72 0028 FFF7FEFF 		bl	AMux_1_Select
  73              	.LVL6:
  72:.\main.c      ****         mux_pot.POH = ADC_DelSig_1_CountsTo_mVolts(ADC_DelSig_1_Read32());
  74              		.loc 1 72 0 discriminator 1
  75 002c FFF7FEFF 		bl	ADC_DelSig_1_Read32
  76              	.LVL7:
  77 0030 FFF7FEFF 		bl	ADC_DelSig_1_CountsTo_mVolts
  78              	.LVL8:
  79 0034 204C     		ldr	r4, .L5
  80 0036 2080     		strh	r0, [r4]	@ movhi
  73:.\main.c      ****         
  74:.\main.c      ****         AMux_1_Select(1);
  81              		.loc 1 74 0 discriminator 1
  82 0038 0120     		movs	r0, #1
  83 003a FFF7FEFF 		bl	AMux_1_Select
  84              	.LVL9:
  75:.\main.c      ****         mux_pot.POM = ADC_DelSig_1_CountsTo_mVolts(ADC_DelSig_1_Read32());
  85              		.loc 1 75 0 discriminator 1
  86 003e FFF7FEFF 		bl	ADC_DelSig_1_Read32
  87              	.LVL10:
  88 0042 FFF7FEFF 		bl	ADC_DelSig_1_CountsTo_mVolts
  89              	.LVL11:
  90 0046 A080     		strh	r0, [r4, #4]	@ movhi
  76:.\main.c      **** 
  77:.\main.c      ****         AMux_1_Select(2);
  91              		.loc 1 77 0 discriminator 1
  92 0048 0220     		movs	r0, #2
  93 004a FFF7FEFF 		bl	AMux_1_Select
  94              	.LVL12:
ARM GAS  C:\Users\user\AppData\Local\Temp\ccNNMA7t.s 			page 4


  78:.\main.c      ****         mux_pot.POF = ADC_DelSig_1_CountsTo_mVolts(ADC_DelSig_1_Read32());
  95              		.loc 1 78 0 discriminator 1
  96 004e FFF7FEFF 		bl	ADC_DelSig_1_Read32
  97              	.LVL13:
  98 0052 FFF7FEFF 		bl	ADC_DelSig_1_CountsTo_mVolts
  99              	.LVL14:
 100 0056 6080     		strh	r0, [r4, #2]	@ movhi
  79:.\main.c      ****         
  80:.\main.c      ****         // Calcule la tension de la diode
  81:.\main.c      ****         diode_tension = mux_pot.POM - mux_pot.POF;
 101              		.loc 1 81 0 discriminator 1
 102 0058 B4F90450 		ldrsh	r5, [r4, #4]
 103 005c 281A     		subs	r0, r5, r0
 104 005e FFF7FEFF 		bl	__aeabi_i2f
 105              	.LVL15:
 106 0062 0646     		mov	r6, r0
 107 0064 154B     		ldr	r3, .L5+4
 108 0066 1860     		str	r0, [r3]	@ float
  82:.\main.c      **** 
  83:.\main.c      ****         // Calcule le courant dans la diode
  84:.\main.c      ****         diode_curant = (float) (mux_pot.POH - mux_pot.POM) / REFERENCE_RESISTENCE;
 109              		.loc 1 84 0 discriminator 1
 110 0068 B4F90000 		ldrsh	r0, [r4]
 111 006c 401B     		subs	r0, r0, r5
 112 006e FFF7FEFF 		bl	__aeabi_i2f
 113              	.LVL16:
 114 0072 1349     		ldr	r1, .L5+8
 115 0074 FFF7FEFF 		bl	__aeabi_fdiv
 116              	.LVL17:
 117 0078 0546     		mov	r5, r0
 118 007a 124B     		ldr	r3, .L5+12
 119 007c 1860     		str	r0, [r3]	@ float
  85:.\main.c      ****         
  86:.\main.c      ****         //Send Value to UART
  87:.\main.c      ****         sprintf(valeur, "%.3f %.3f", diode_tension, diode_curant);
 120              		.loc 1 87 0 discriminator 1
 121 007e 124C     		ldr	r4, .L5+16
 122 0080 3046     		mov	r0, r6
 123 0082 FFF7FEFF 		bl	__aeabi_f2d
 124              	.LVL18:
 125 0086 0646     		mov	r6, r0
 126 0088 0F46     		mov	r7, r1
 127 008a 2846     		mov	r0, r5
 128 008c FFF7FEFF 		bl	__aeabi_f2d
 129              	.LVL19:
 130 0090 CDE90001 		strd	r0, [sp]
 131 0094 2046     		mov	r0, r4
 132 0096 0D49     		ldr	r1, .L5+20
 133 0098 3246     		mov	r2, r6
 134 009a 3B46     		mov	r3, r7
 135 009c FFF7FEFF 		bl	sprintf
 136              	.LVL20:
  88:.\main.c      ****         USBUART_1_PutString(valeur);
 137              		.loc 1 88 0 discriminator 1
 138 00a0 2046     		mov	r0, r4
 139 00a2 FFF7FEFF 		bl	USBUART_1_PutString
 140              	.LVL21:
ARM GAS  C:\Users\user\AppData\Local\Temp\ccNNMA7t.s 			page 5


  89:.\main.c      ****         CyDelay(5);
 141              		.loc 1 89 0 discriminator 1
 142 00a6 0520     		movs	r0, #5
 143 00a8 FFF7FEFF 		bl	CyDelay
 144              	.LVL22:
  90:.\main.c      ****         USBUART_1_PutCRLF();
 145              		.loc 1 90 0 discriminator 1
 146 00ac FFF7FEFF 		bl	USBUART_1_PutCRLF
 147              	.LVL23:
  91:.\main.c      ****         
  92:.\main.c      ****         
  93:.\main.c      ****         // Task delay
  94:.\main.c      ****         CyDelay(5);
 148              		.loc 1 94 0 discriminator 1
 149 00b0 0520     		movs	r0, #5
 150 00b2 FFF7FEFF 		bl	CyDelay
 151              	.LVL24:
  95:.\main.c      ****     }
 152              		.loc 1 95 0 discriminator 1
 153 00b6 B6E7     		b	.L3
 154              	.L6:
 155              		.align	2
 156              	.L5:
 157 00b8 00000000 		.word	mux_pot
 158 00bc 00000000 		.word	diode_tension
 159 00c0 0080FC43 		.word	1140621312
 160 00c4 00000000 		.word	diode_curant
 161 00c8 00000000 		.word	.LANCHOR0
 162 00cc 00000000 		.word	.LC0
 163              		.cfi_endproc
 164              	.LFE63:
 165              		.size	main, .-main
 166              		.comm	courant_consigne,1,1
 167              		.comm	diode_curant,4,4
 168              		.comm	diode_tension,4,4
 169              		.comm	resistance_value,4,4
 170              		.global	valeur
 171              		.global	val
 172              		.comm	mux_pot,6,4
 173              		.section	.rodata.str1.4,"aMS",%progbits,1
 174              		.align	2
 175              	.LC0:
 176 0000 252E3366 		.ascii	"%.3f %.3f\000"
 176      20252E33 
 176      6600
 177 000a 0000     		.bss
 178              		.align	2
 179              		.set	.LANCHOR0,. + 0
 180              		.type	valeur, %object
 181              		.size	valeur, 8
 182              	valeur:
 183 0000 00000000 		.space	8
 183      00000000 
 184              		.type	val, %object
 185              		.size	val, 4
 186              	val:
 187 0008 00000000 		.space	4
ARM GAS  C:\Users\user\AppData\Local\Temp\ccNNMA7t.s 			page 6


 188              		.text
 189              	.Letext0:
 190              		.file 2 "c:\\program files (x86)\\cypress\\psoc creator\\3.3\\psoc creator\\import\\gnu\\arm\\4.9.
 191              		.file 3 "c:\\program files (x86)\\cypress\\psoc creator\\3.3\\psoc creator\\import\\gnu\\arm\\4.9.
 192              		.file 4 "Generated_Source\\PSoC5/cytypes.h"
 193              		.file 5 "Generated_Source\\PSoC5/core_cm3.h"
 194              		.file 6 "Generated_Source\\PSoC5/USBUART_1.h"
 195              		.file 7 "Generated_Source\\PSoC5/USBUART_1_cdc.h"
 196              		.file 8 "Generated_Source\\PSoC5/IDAC8_1.h"
 197              		.file 9 "Generated_Source\\PSoC5/AMux_1.h"
 198              		.file 10 "Generated_Source\\PSoC5/ADC_DelSig_1.h"
 199              		.file 11 "c:\\program files (x86)\\cypress\\psoc creator\\3.3\\psoc creator\\import\\gnu\\arm\\4.9
 200              		.file 12 "Generated_Source\\PSoC5/CyLib.h"
 201              		.section	.debug_info,"",%progbits
 202              	.Ldebug_info0:
 203 0000 D0030000 		.4byte	0x3d0
 204 0004 0400     		.2byte	0x4
 205 0006 00000000 		.4byte	.Ldebug_abbrev0
 206 000a 04       		.byte	0x4
 207 000b 01       		.uleb128 0x1
 208 000c 8B010000 		.4byte	.LASF45
 209 0010 01       		.byte	0x1
 210 0011 58000000 		.4byte	.LASF46
 211 0015 61000000 		.4byte	.LASF47
 212 0019 00000000 		.4byte	.Ldebug_ranges0+0
 213 001d 00000000 		.4byte	0
 214 0021 00000000 		.4byte	.Ldebug_line0
 215 0025 02       		.uleb128 0x2
 216 0026 01       		.byte	0x1
 217 0027 06       		.byte	0x6
 218 0028 CF000000 		.4byte	.LASF0
 219 002c 03       		.uleb128 0x3
 220 002d 10000000 		.4byte	.LASF2
 221 0031 02       		.byte	0x2
 222 0032 1D       		.byte	0x1d
 223 0033 37000000 		.4byte	0x37
 224 0037 02       		.uleb128 0x2
 225 0038 01       		.byte	0x1
 226 0039 08       		.byte	0x8
 227 003a EF000000 		.4byte	.LASF1
 228 003e 03       		.uleb128 0x3
 229 003f 1F030000 		.4byte	.LASF3
 230 0043 02       		.byte	0x2
 231 0044 29       		.byte	0x29
 232 0045 49000000 		.4byte	0x49
 233 0049 02       		.uleb128 0x2
 234 004a 02       		.byte	0x2
 235 004b 05       		.byte	0x5
 236 004c BF020000 		.4byte	.LASF4
 237 0050 02       		.uleb128 0x2
 238 0051 02       		.byte	0x2
 239 0052 07       		.byte	0x7
 240 0053 45000000 		.4byte	.LASF5
 241 0057 03       		.uleb128 0x3
 242 0058 3B000000 		.4byte	.LASF6
 243 005c 02       		.byte	0x2
 244 005d 3F       		.byte	0x3f
ARM GAS  C:\Users\user\AppData\Local\Temp\ccNNMA7t.s 			page 7


 245 005e 62000000 		.4byte	0x62
 246 0062 02       		.uleb128 0x2
 247 0063 04       		.byte	0x4
 248 0064 05       		.byte	0x5
 249 0065 DF020000 		.4byte	.LASF7
 250 0069 02       		.uleb128 0x2
 251 006a 04       		.byte	0x4
 252 006b 07       		.byte	0x7
 253 006c 09010000 		.4byte	.LASF8
 254 0070 02       		.uleb128 0x2
 255 0071 08       		.byte	0x8
 256 0072 05       		.byte	0x5
 257 0073 9A020000 		.4byte	.LASF9
 258 0077 02       		.uleb128 0x2
 259 0078 08       		.byte	0x8
 260 0079 07       		.byte	0x7
 261 007a 56020000 		.4byte	.LASF10
 262 007e 04       		.uleb128 0x4
 263 007f 04       		.byte	0x4
 264 0080 05       		.byte	0x5
 265 0081 696E7400 		.ascii	"int\000"
 266 0085 02       		.uleb128 0x2
 267 0086 04       		.byte	0x4
 268 0087 07       		.byte	0x7
 269 0088 2C020000 		.4byte	.LASF11
 270 008c 03       		.uleb128 0x3
 271 008d 6D020000 		.4byte	.LASF12
 272 0091 03       		.byte	0x3
 273 0092 15       		.byte	0x15
 274 0093 2C000000 		.4byte	0x2c
 275 0097 03       		.uleb128 0x3
 276 0098 7C020000 		.4byte	.LASF13
 277 009c 03       		.byte	0x3
 278 009d 20       		.byte	0x20
 279 009e 3E000000 		.4byte	0x3e
 280 00a2 03       		.uleb128 0x3
 281 00a3 89020000 		.4byte	.LASF14
 282 00a7 03       		.byte	0x3
 283 00a8 2C       		.byte	0x2c
 284 00a9 57000000 		.4byte	0x57
 285 00ad 05       		.uleb128 0x5
 286 00ae C9020000 		.4byte	.LASF15
 287 00b2 04       		.byte	0x4
 288 00b3 3801     		.2byte	0x138
 289 00b5 37000000 		.4byte	0x37
 290 00b9 05       		.uleb128 0x5
 291 00ba 84010000 		.4byte	.LASF16
 292 00be 04       		.byte	0x4
 293 00bf 3A01     		.2byte	0x13a
 294 00c1 69000000 		.4byte	0x69
 295 00c5 05       		.uleb128 0x5
 296 00c6 03010000 		.4byte	.LASF17
 297 00ca 04       		.byte	0x4
 298 00cb 3C01     		.2byte	0x13c
 299 00cd 49000000 		.4byte	0x49
 300 00d1 05       		.uleb128 0x5
 301 00d2 1B010000 		.4byte	.LASF18
ARM GAS  C:\Users\user\AppData\Local\Temp\ccNNMA7t.s 			page 8


 302 00d6 04       		.byte	0x4
 303 00d7 3D01     		.2byte	0x13d
 304 00d9 62000000 		.4byte	0x62
 305 00dd 02       		.uleb128 0x2
 306 00de 04       		.byte	0x4
 307 00df 04       		.byte	0x4
 308 00e0 35000000 		.4byte	.LASF19
 309 00e4 02       		.uleb128 0x2
 310 00e5 08       		.byte	0x8
 311 00e6 04       		.byte	0x4
 312 00e7 4F010000 		.4byte	.LASF20
 313 00eb 05       		.uleb128 0x5
 314 00ec FD000000 		.4byte	.LASF21
 315 00f0 04       		.byte	0x4
 316 00f1 4901     		.2byte	0x149
 317 00f3 F7000000 		.4byte	0xf7
 318 00f7 02       		.uleb128 0x2
 319 00f8 01       		.byte	0x1
 320 00f9 08       		.byte	0x8
 321 00fa A8020000 		.4byte	.LASF22
 322 00fe 02       		.uleb128 0x2
 323 00ff 04       		.byte	0x4
 324 0100 07       		.byte	0x7
 325 0101 91020000 		.4byte	.LASF23
 326 0105 06       		.uleb128 0x6
 327 0106 04       		.byte	0x4
 328 0107 F7000000 		.4byte	0xf7
 329 010b 06       		.uleb128 0x6
 330 010c 04       		.byte	0x4
 331 010d 11010000 		.4byte	0x111
 332 0111 07       		.uleb128 0x7
 333 0112 F7000000 		.4byte	0xf7
 334 0116 08       		.uleb128 0x8
 335 0117 F7000000 		.4byte	0xf7
 336 011b 26010000 		.4byte	0x126
 337 011f 09       		.uleb128 0x9
 338 0120 FE000000 		.4byte	0xfe
 339 0124 07       		.byte	0x7
 340 0125 00       		.byte	0
 341 0126 0A       		.uleb128 0xa
 342 0127 06       		.byte	0x6
 343 0128 01       		.byte	0x1
 344 0129 16       		.byte	0x16
 345 012a 53010000 		.4byte	0x153
 346 012e 0B       		.uleb128 0xb
 347 012f 504F4800 		.ascii	"POH\000"
 348 0133 01       		.byte	0x1
 349 0134 18       		.byte	0x18
 350 0135 97000000 		.4byte	0x97
 351 0139 00       		.byte	0
 352 013a 0B       		.uleb128 0xb
 353 013b 504F4600 		.ascii	"POF\000"
 354 013f 01       		.byte	0x1
 355 0140 19       		.byte	0x19
 356 0141 97000000 		.4byte	0x97
 357 0145 02       		.byte	0x2
 358 0146 0B       		.uleb128 0xb
ARM GAS  C:\Users\user\AppData\Local\Temp\ccNNMA7t.s 			page 9


 359 0147 504F4D00 		.ascii	"POM\000"
 360 014b 01       		.byte	0x1
 361 014c 1A       		.byte	0x1a
 362 014d 97000000 		.4byte	0x97
 363 0151 04       		.byte	0x4
 364 0152 00       		.byte	0
 365 0153 03       		.uleb128 0x3
 366 0154 00000000 		.4byte	.LASF24
 367 0158 01       		.byte	0x1
 368 0159 1B       		.byte	0x1b
 369 015a 26010000 		.4byte	0x126
 370 015e 0C       		.uleb128 0xc
 371 015f 84020000 		.4byte	.LASF48
 372 0163 01       		.byte	0x1
 373 0164 29       		.byte	0x29
 374 0165 7E000000 		.4byte	0x7e
 375 0169 00000000 		.4byte	.LFB63
 376 016d D0000000 		.4byte	.LFE63-.LFB63
 377 0171 01       		.uleb128 0x1
 378 0172 9C       		.byte	0x9c
 379 0173 88020000 		.4byte	0x288
 380 0177 0D       		.uleb128 0xd
 381 0178 0E000000 		.4byte	.LVL0
 382 017c 10030000 		.4byte	0x310
 383 0180 8F010000 		.4byte	0x18f
 384 0184 0E       		.uleb128 0xe
 385 0185 01       		.uleb128 0x1
 386 0186 51       		.byte	0x51
 387 0187 01       		.uleb128 0x1
 388 0188 31       		.byte	0x31
 389 0189 0E       		.uleb128 0xe
 390 018a 01       		.uleb128 0x1
 391 018b 50       		.byte	0x50
 392 018c 01       		.uleb128 0x1
 393 018d 30       		.byte	0x30
 394 018e 00       		.byte	0
 395 018f 0F       		.uleb128 0xf
 396 0190 12000000 		.4byte	.LVL1
 397 0194 27030000 		.4byte	0x327
 398 0198 0F       		.uleb128 0xf
 399 0199 1A000000 		.4byte	.LVL2
 400 019d 33030000 		.4byte	0x333
 401 01a1 0F       		.uleb128 0xf
 402 01a2 1E000000 		.4byte	.LVL3
 403 01a6 3E030000 		.4byte	0x33e
 404 01aa 0F       		.uleb128 0xf
 405 01ab 22000000 		.4byte	.LVL4
 406 01af 45030000 		.4byte	0x345
 407 01b3 0F       		.uleb128 0xf
 408 01b4 26000000 		.4byte	.LVL5
 409 01b8 4C030000 		.4byte	0x34c
 410 01bc 0D       		.uleb128 0xd
 411 01bd 2C000000 		.4byte	.LVL6
 412 01c1 53030000 		.4byte	0x353
 413 01c5 CF010000 		.4byte	0x1cf
 414 01c9 0E       		.uleb128 0xe
 415 01ca 01       		.uleb128 0x1
ARM GAS  C:\Users\user\AppData\Local\Temp\ccNNMA7t.s 			page 10


 416 01cb 50       		.byte	0x50
 417 01cc 01       		.uleb128 0x1
 418 01cd 30       		.byte	0x30
 419 01ce 00       		.byte	0
 420 01cf 0F       		.uleb128 0xf
 421 01d0 30000000 		.4byte	.LVL7
 422 01d4 64030000 		.4byte	0x364
 423 01d8 0F       		.uleb128 0xf
 424 01d9 34000000 		.4byte	.LVL8
 425 01dd 6F030000 		.4byte	0x36f
 426 01e1 0D       		.uleb128 0xd
 427 01e2 3E000000 		.4byte	.LVL9
 428 01e6 53030000 		.4byte	0x353
 429 01ea F4010000 		.4byte	0x1f4
 430 01ee 0E       		.uleb128 0xe
 431 01ef 01       		.uleb128 0x1
 432 01f0 50       		.byte	0x50
 433 01f1 01       		.uleb128 0x1
 434 01f2 31       		.byte	0x31
 435 01f3 00       		.byte	0
 436 01f4 0F       		.uleb128 0xf
 437 01f5 42000000 		.4byte	.LVL10
 438 01f9 64030000 		.4byte	0x364
 439 01fd 0F       		.uleb128 0xf
 440 01fe 46000000 		.4byte	.LVL11
 441 0202 6F030000 		.4byte	0x36f
 442 0206 0D       		.uleb128 0xd
 443 0207 4E000000 		.4byte	.LVL12
 444 020b 53030000 		.4byte	0x353
 445 020f 19020000 		.4byte	0x219
 446 0213 0E       		.uleb128 0xe
 447 0214 01       		.uleb128 0x1
 448 0215 50       		.byte	0x50
 449 0216 01       		.uleb128 0x1
 450 0217 32       		.byte	0x32
 451 0218 00       		.byte	0
 452 0219 0F       		.uleb128 0xf
 453 021a 52000000 		.4byte	.LVL13
 454 021e 64030000 		.4byte	0x364
 455 0222 0F       		.uleb128 0xf
 456 0223 56000000 		.4byte	.LVL14
 457 0227 6F030000 		.4byte	0x36f
 458 022b 0D       		.uleb128 0xd
 459 022c A0000000 		.4byte	.LVL20
 460 0230 84030000 		.4byte	0x384
 461 0234 48020000 		.4byte	0x248
 462 0238 0E       		.uleb128 0xe
 463 0239 01       		.uleb128 0x1
 464 023a 51       		.byte	0x51
 465 023b 05       		.uleb128 0x5
 466 023c 03       		.byte	0x3
 467 023d 00000000 		.4byte	.LC0
 468 0241 0E       		.uleb128 0xe
 469 0242 01       		.uleb128 0x1
 470 0243 50       		.byte	0x50
 471 0244 02       		.uleb128 0x2
 472 0245 74       		.byte	0x74
ARM GAS  C:\Users\user\AppData\Local\Temp\ccNNMA7t.s 			page 11


 473 0246 00       		.sleb128 0
 474 0247 00       		.byte	0
 475 0248 0D       		.uleb128 0xd
 476 0249 A6000000 		.4byte	.LVL21
 477 024d 9F030000 		.4byte	0x39f
 478 0251 5C020000 		.4byte	0x25c
 479 0255 0E       		.uleb128 0xe
 480 0256 01       		.uleb128 0x1
 481 0257 50       		.byte	0x50
 482 0258 02       		.uleb128 0x2
 483 0259 74       		.byte	0x74
 484 025a 00       		.sleb128 0
 485 025b 00       		.byte	0
 486 025c 0D       		.uleb128 0xd
 487 025d AC000000 		.4byte	.LVL22
 488 0261 BB030000 		.4byte	0x3bb
 489 0265 6F020000 		.4byte	0x26f
 490 0269 0E       		.uleb128 0xe
 491 026a 01       		.uleb128 0x1
 492 026b 50       		.byte	0x50
 493 026c 01       		.uleb128 0x1
 494 026d 35       		.byte	0x35
 495 026e 00       		.byte	0
 496 026f 0F       		.uleb128 0xf
 497 0270 B0000000 		.4byte	.LVL23
 498 0274 CC030000 		.4byte	0x3cc
 499 0278 10       		.uleb128 0x10
 500 0279 B6000000 		.4byte	.LVL24
 501 027d BB030000 		.4byte	0x3bb
 502 0281 0E       		.uleb128 0xe
 503 0282 01       		.uleb128 0x1
 504 0283 50       		.byte	0x50
 505 0284 01       		.uleb128 0x1
 506 0285 35       		.byte	0x35
 507 0286 00       		.byte	0
 508 0287 00       		.byte	0
 509 0288 11       		.uleb128 0x11
 510 0289 2E010000 		.4byte	.LASF25
 511 028d 05       		.byte	0x5
 512 028e 5506     		.2byte	0x655
 513 0290 94020000 		.4byte	0x294
 514 0294 12       		.uleb128 0x12
 515 0295 A2000000 		.4byte	0xa2
 516 0299 13       		.uleb128 0x13
 517 029a 07030000 		.4byte	.LASF26
 518 029e 01       		.byte	0x1
 519 029f 1E       		.byte	0x1e
 520 02a0 53010000 		.4byte	0x153
 521 02a4 05       		.uleb128 0x5
 522 02a5 03       		.byte	0x3
 523 02a6 00000000 		.4byte	mux_pot
 524 02aa 14       		.uleb128 0x14
 525 02ab 76616C00 		.ascii	"val\000"
 526 02af 01       		.byte	0x1
 527 02b0 1F       		.byte	0x1f
 528 02b1 7E000000 		.4byte	0x7e
 529 02b5 05       		.uleb128 0x5
ARM GAS  C:\Users\user\AppData\Local\Temp\ccNNMA7t.s 			page 12


 530 02b6 03       		.byte	0x3
 531 02b7 00000000 		.4byte	val
 532 02bb 13       		.uleb128 0x13
 533 02bc 75020000 		.4byte	.LASF27
 534 02c0 01       		.byte	0x1
 535 02c1 20       		.byte	0x20
 536 02c2 16010000 		.4byte	0x116
 537 02c6 05       		.uleb128 0x5
 538 02c7 03       		.byte	0x3
 539 02c8 00000000 		.4byte	valeur
 540 02cc 13       		.uleb128 0x13
 541 02cd E8020000 		.4byte	.LASF28
 542 02d1 01       		.byte	0x1
 543 02d2 21       		.byte	0x21
 544 02d3 DD000000 		.4byte	0xdd
 545 02d7 05       		.uleb128 0x5
 546 02d8 03       		.byte	0x3
 547 02d9 00000000 		.4byte	resistance_value
 548 02dd 13       		.uleb128 0x13
 549 02de B0000000 		.4byte	.LASF29
 550 02e2 01       		.byte	0x1
 551 02e3 23       		.byte	0x23
 552 02e4 DD000000 		.4byte	0xdd
 553 02e8 05       		.uleb128 0x5
 554 02e9 03       		.byte	0x3
 555 02ea 00000000 		.4byte	diode_tension
 556 02ee 13       		.uleb128 0x13
 557 02ef 21010000 		.4byte	.LASF30
 558 02f3 01       		.byte	0x1
 559 02f4 24       		.byte	0x24
 560 02f5 DD000000 		.4byte	0xdd
 561 02f9 05       		.uleb128 0x5
 562 02fa 03       		.byte	0x3
 563 02fb 00000000 		.4byte	diode_curant
 564 02ff 13       		.uleb128 0x13
 565 0300 BE000000 		.4byte	.LASF31
 566 0304 01       		.byte	0x1
 567 0305 26       		.byte	0x26
 568 0306 8C000000 		.4byte	0x8c
 569 030a 05       		.uleb128 0x5
 570 030b 03       		.byte	0x3
 571 030c 00000000 		.4byte	courant_consigne
 572 0310 15       		.uleb128 0x15
 573 0311 CF020000 		.4byte	.LASF37
 574 0315 06       		.byte	0x6
 575 0316 2A01     		.2byte	0x12a
 576 0318 27030000 		.4byte	0x327
 577 031c 16       		.uleb128 0x16
 578 031d AD000000 		.4byte	0xad
 579 0321 16       		.uleb128 0x16
 580 0322 AD000000 		.4byte	0xad
 581 0326 00       		.byte	0
 582 0327 17       		.uleb128 0x17
 583 0328 1A000000 		.4byte	.LASF32
 584 032c 06       		.byte	0x6
 585 032d 2D01     		.2byte	0x12d
 586 032f AD000000 		.4byte	0xad
ARM GAS  C:\Users\user\AppData\Local\Temp\ccNNMA7t.s 			page 13


 587 0333 18       		.uleb128 0x18
 588 0334 63010000 		.4byte	.LASF33
 589 0338 07       		.byte	0x7
 590 0339 22       		.byte	0x22
 591 033a AD000000 		.4byte	0xad
 592 033e 19       		.uleb128 0x19
 593 033f 76010000 		.4byte	.LASF34
 594 0343 08       		.byte	0x8
 595 0344 3C       		.byte	0x3c
 596 0345 19       		.uleb128 0x19
 597 0346 56010000 		.4byte	.LASF35
 598 034a 09       		.byte	0x9
 599 034b 1E       		.byte	0x1e
 600 034c 19       		.uleb128 0x19
 601 034d 19020000 		.4byte	.LASF36
 602 0351 0A       		.byte	0xa
 603 0352 3A       		.byte	0x3a
 604 0353 1A       		.uleb128 0x1a
 605 0354 F9020000 		.4byte	.LASF38
 606 0358 09       		.byte	0x9
 607 0359 50       		.byte	0x50
 608 035a 64030000 		.4byte	0x364
 609 035e 16       		.uleb128 0x16
 610 035f AD000000 		.4byte	0xad
 611 0363 00       		.byte	0
 612 0364 18       		.uleb128 0x18
 613 0365 DB000000 		.4byte	.LASF39
 614 0369 0A       		.byte	0xa
 615 036a 56       		.byte	0x56
 616 036b D1000000 		.4byte	0xd1
 617 036f 1B       		.uleb128 0x1b
 618 0370 39020000 		.4byte	.LASF40
 619 0374 0A       		.byte	0xa
 620 0375 47       		.byte	0x47
 621 0376 C5000000 		.4byte	0xc5
 622 037a 84030000 		.4byte	0x384
 623 037e 16       		.uleb128 0x16
 624 037f D1000000 		.4byte	0xd1
 625 0383 00       		.byte	0
 626 0384 1B       		.uleb128 0x1b
 627 0385 0F030000 		.4byte	.LASF41
 628 0389 0B       		.byte	0xb
 629 038a DE       		.byte	0xde
 630 038b 7E000000 		.4byte	0x7e
 631 038f 9F030000 		.4byte	0x39f
 632 0393 16       		.uleb128 0x16
 633 0394 05010000 		.4byte	0x105
 634 0398 16       		.uleb128 0x16
 635 0399 0B010000 		.4byte	0x10b
 636 039d 1C       		.uleb128 0x1c
 637 039e 00       		.byte	0
 638 039f 1A       		.uleb128 0x1a
 639 03a0 3B010000 		.4byte	.LASF42
 640 03a4 07       		.byte	0x7
 641 03a5 24       		.byte	0x24
 642 03a6 B0030000 		.4byte	0x3b0
 643 03aa 16       		.uleb128 0x16
ARM GAS  C:\Users\user\AppData\Local\Temp\ccNNMA7t.s 			page 14


 644 03ab B0030000 		.4byte	0x3b0
 645 03af 00       		.byte	0
 646 03b0 06       		.uleb128 0x6
 647 03b1 04       		.byte	0x4
 648 03b2 B6030000 		.4byte	0x3b6
 649 03b6 07       		.uleb128 0x7
 650 03b7 EB000000 		.4byte	0xeb
 651 03bb 1A       		.uleb128 0x1a
 652 03bc 17030000 		.4byte	.LASF43
 653 03c0 0C       		.byte	0xc
 654 03c1 77       		.byte	0x77
 655 03c2 CC030000 		.4byte	0x3cc
 656 03c6 16       		.uleb128 0x16
 657 03c7 B9000000 		.4byte	0xb9
 658 03cb 00       		.byte	0
 659 03cc 19       		.uleb128 0x19
 660 03cd AD020000 		.4byte	.LASF44
 661 03d1 07       		.byte	0x7
 662 03d2 26       		.byte	0x26
 663 03d3 00       		.byte	0
 664              		.section	.debug_abbrev,"",%progbits
 665              	.Ldebug_abbrev0:
 666 0000 01       		.uleb128 0x1
 667 0001 11       		.uleb128 0x11
 668 0002 01       		.byte	0x1
 669 0003 25       		.uleb128 0x25
 670 0004 0E       		.uleb128 0xe
 671 0005 13       		.uleb128 0x13
 672 0006 0B       		.uleb128 0xb
 673 0007 03       		.uleb128 0x3
 674 0008 0E       		.uleb128 0xe
 675 0009 1B       		.uleb128 0x1b
 676 000a 0E       		.uleb128 0xe
 677 000b 55       		.uleb128 0x55
 678 000c 17       		.uleb128 0x17
 679 000d 11       		.uleb128 0x11
 680 000e 01       		.uleb128 0x1
 681 000f 10       		.uleb128 0x10
 682 0010 17       		.uleb128 0x17
 683 0011 00       		.byte	0
 684 0012 00       		.byte	0
 685 0013 02       		.uleb128 0x2
 686 0014 24       		.uleb128 0x24
 687 0015 00       		.byte	0
 688 0016 0B       		.uleb128 0xb
 689 0017 0B       		.uleb128 0xb
 690 0018 3E       		.uleb128 0x3e
 691 0019 0B       		.uleb128 0xb
 692 001a 03       		.uleb128 0x3
 693 001b 0E       		.uleb128 0xe
 694 001c 00       		.byte	0
 695 001d 00       		.byte	0
 696 001e 03       		.uleb128 0x3
 697 001f 16       		.uleb128 0x16
 698 0020 00       		.byte	0
 699 0021 03       		.uleb128 0x3
 700 0022 0E       		.uleb128 0xe
ARM GAS  C:\Users\user\AppData\Local\Temp\ccNNMA7t.s 			page 15


 701 0023 3A       		.uleb128 0x3a
 702 0024 0B       		.uleb128 0xb
 703 0025 3B       		.uleb128 0x3b
 704 0026 0B       		.uleb128 0xb
 705 0027 49       		.uleb128 0x49
 706 0028 13       		.uleb128 0x13
 707 0029 00       		.byte	0
 708 002a 00       		.byte	0
 709 002b 04       		.uleb128 0x4
 710 002c 24       		.uleb128 0x24
 711 002d 00       		.byte	0
 712 002e 0B       		.uleb128 0xb
 713 002f 0B       		.uleb128 0xb
 714 0030 3E       		.uleb128 0x3e
 715 0031 0B       		.uleb128 0xb
 716 0032 03       		.uleb128 0x3
 717 0033 08       		.uleb128 0x8
 718 0034 00       		.byte	0
 719 0035 00       		.byte	0
 720 0036 05       		.uleb128 0x5
 721 0037 16       		.uleb128 0x16
 722 0038 00       		.byte	0
 723 0039 03       		.uleb128 0x3
 724 003a 0E       		.uleb128 0xe
 725 003b 3A       		.uleb128 0x3a
 726 003c 0B       		.uleb128 0xb
 727 003d 3B       		.uleb128 0x3b
 728 003e 05       		.uleb128 0x5
 729 003f 49       		.uleb128 0x49
 730 0040 13       		.uleb128 0x13
 731 0041 00       		.byte	0
 732 0042 00       		.byte	0
 733 0043 06       		.uleb128 0x6
 734 0044 0F       		.uleb128 0xf
 735 0045 00       		.byte	0
 736 0046 0B       		.uleb128 0xb
 737 0047 0B       		.uleb128 0xb
 738 0048 49       		.uleb128 0x49
 739 0049 13       		.uleb128 0x13
 740 004a 00       		.byte	0
 741 004b 00       		.byte	0
 742 004c 07       		.uleb128 0x7
 743 004d 26       		.uleb128 0x26
 744 004e 00       		.byte	0
 745 004f 49       		.uleb128 0x49
 746 0050 13       		.uleb128 0x13
 747 0051 00       		.byte	0
 748 0052 00       		.byte	0
 749 0053 08       		.uleb128 0x8
 750 0054 01       		.uleb128 0x1
 751 0055 01       		.byte	0x1
 752 0056 49       		.uleb128 0x49
 753 0057 13       		.uleb128 0x13
 754 0058 01       		.uleb128 0x1
 755 0059 13       		.uleb128 0x13
 756 005a 00       		.byte	0
 757 005b 00       		.byte	0
ARM GAS  C:\Users\user\AppData\Local\Temp\ccNNMA7t.s 			page 16


 758 005c 09       		.uleb128 0x9
 759 005d 21       		.uleb128 0x21
 760 005e 00       		.byte	0
 761 005f 49       		.uleb128 0x49
 762 0060 13       		.uleb128 0x13
 763 0061 2F       		.uleb128 0x2f
 764 0062 0B       		.uleb128 0xb
 765 0063 00       		.byte	0
 766 0064 00       		.byte	0
 767 0065 0A       		.uleb128 0xa
 768 0066 13       		.uleb128 0x13
 769 0067 01       		.byte	0x1
 770 0068 0B       		.uleb128 0xb
 771 0069 0B       		.uleb128 0xb
 772 006a 3A       		.uleb128 0x3a
 773 006b 0B       		.uleb128 0xb
 774 006c 3B       		.uleb128 0x3b
 775 006d 0B       		.uleb128 0xb
 776 006e 01       		.uleb128 0x1
 777 006f 13       		.uleb128 0x13
 778 0070 00       		.byte	0
 779 0071 00       		.byte	0
 780 0072 0B       		.uleb128 0xb
 781 0073 0D       		.uleb128 0xd
 782 0074 00       		.byte	0
 783 0075 03       		.uleb128 0x3
 784 0076 08       		.uleb128 0x8
 785 0077 3A       		.uleb128 0x3a
 786 0078 0B       		.uleb128 0xb
 787 0079 3B       		.uleb128 0x3b
 788 007a 0B       		.uleb128 0xb
 789 007b 49       		.uleb128 0x49
 790 007c 13       		.uleb128 0x13
 791 007d 38       		.uleb128 0x38
 792 007e 0B       		.uleb128 0xb
 793 007f 00       		.byte	0
 794 0080 00       		.byte	0
 795 0081 0C       		.uleb128 0xc
 796 0082 2E       		.uleb128 0x2e
 797 0083 01       		.byte	0x1
 798 0084 3F       		.uleb128 0x3f
 799 0085 19       		.uleb128 0x19
 800 0086 03       		.uleb128 0x3
 801 0087 0E       		.uleb128 0xe
 802 0088 3A       		.uleb128 0x3a
 803 0089 0B       		.uleb128 0xb
 804 008a 3B       		.uleb128 0x3b
 805 008b 0B       		.uleb128 0xb
 806 008c 49       		.uleb128 0x49
 807 008d 13       		.uleb128 0x13
 808 008e 11       		.uleb128 0x11
 809 008f 01       		.uleb128 0x1
 810 0090 12       		.uleb128 0x12
 811 0091 06       		.uleb128 0x6
 812 0092 40       		.uleb128 0x40
 813 0093 18       		.uleb128 0x18
 814 0094 9642     		.uleb128 0x2116
ARM GAS  C:\Users\user\AppData\Local\Temp\ccNNMA7t.s 			page 17


 815 0096 19       		.uleb128 0x19
 816 0097 01       		.uleb128 0x1
 817 0098 13       		.uleb128 0x13
 818 0099 00       		.byte	0
 819 009a 00       		.byte	0
 820 009b 0D       		.uleb128 0xd
 821 009c 898201   		.uleb128 0x4109
 822 009f 01       		.byte	0x1
 823 00a0 11       		.uleb128 0x11
 824 00a1 01       		.uleb128 0x1
 825 00a2 31       		.uleb128 0x31
 826 00a3 13       		.uleb128 0x13
 827 00a4 01       		.uleb128 0x1
 828 00a5 13       		.uleb128 0x13
 829 00a6 00       		.byte	0
 830 00a7 00       		.byte	0
 831 00a8 0E       		.uleb128 0xe
 832 00a9 8A8201   		.uleb128 0x410a
 833 00ac 00       		.byte	0
 834 00ad 02       		.uleb128 0x2
 835 00ae 18       		.uleb128 0x18
 836 00af 9142     		.uleb128 0x2111
 837 00b1 18       		.uleb128 0x18
 838 00b2 00       		.byte	0
 839 00b3 00       		.byte	0
 840 00b4 0F       		.uleb128 0xf
 841 00b5 898201   		.uleb128 0x4109
 842 00b8 00       		.byte	0
 843 00b9 11       		.uleb128 0x11
 844 00ba 01       		.uleb128 0x1
 845 00bb 31       		.uleb128 0x31
 846 00bc 13       		.uleb128 0x13
 847 00bd 00       		.byte	0
 848 00be 00       		.byte	0
 849 00bf 10       		.uleb128 0x10
 850 00c0 898201   		.uleb128 0x4109
 851 00c3 01       		.byte	0x1
 852 00c4 11       		.uleb128 0x11
 853 00c5 01       		.uleb128 0x1
 854 00c6 31       		.uleb128 0x31
 855 00c7 13       		.uleb128 0x13
 856 00c8 00       		.byte	0
 857 00c9 00       		.byte	0
 858 00ca 11       		.uleb128 0x11
 859 00cb 34       		.uleb128 0x34
 860 00cc 00       		.byte	0
 861 00cd 03       		.uleb128 0x3
 862 00ce 0E       		.uleb128 0xe
 863 00cf 3A       		.uleb128 0x3a
 864 00d0 0B       		.uleb128 0xb
 865 00d1 3B       		.uleb128 0x3b
 866 00d2 05       		.uleb128 0x5
 867 00d3 49       		.uleb128 0x49
 868 00d4 13       		.uleb128 0x13
 869 00d5 3F       		.uleb128 0x3f
 870 00d6 19       		.uleb128 0x19
 871 00d7 3C       		.uleb128 0x3c
ARM GAS  C:\Users\user\AppData\Local\Temp\ccNNMA7t.s 			page 18


 872 00d8 19       		.uleb128 0x19
 873 00d9 00       		.byte	0
 874 00da 00       		.byte	0
 875 00db 12       		.uleb128 0x12
 876 00dc 35       		.uleb128 0x35
 877 00dd 00       		.byte	0
 878 00de 49       		.uleb128 0x49
 879 00df 13       		.uleb128 0x13
 880 00e0 00       		.byte	0
 881 00e1 00       		.byte	0
 882 00e2 13       		.uleb128 0x13
 883 00e3 34       		.uleb128 0x34
 884 00e4 00       		.byte	0
 885 00e5 03       		.uleb128 0x3
 886 00e6 0E       		.uleb128 0xe
 887 00e7 3A       		.uleb128 0x3a
 888 00e8 0B       		.uleb128 0xb
 889 00e9 3B       		.uleb128 0x3b
 890 00ea 0B       		.uleb128 0xb
 891 00eb 49       		.uleb128 0x49
 892 00ec 13       		.uleb128 0x13
 893 00ed 3F       		.uleb128 0x3f
 894 00ee 19       		.uleb128 0x19
 895 00ef 02       		.uleb128 0x2
 896 00f0 18       		.uleb128 0x18
 897 00f1 00       		.byte	0
 898 00f2 00       		.byte	0
 899 00f3 14       		.uleb128 0x14
 900 00f4 34       		.uleb128 0x34
 901 00f5 00       		.byte	0
 902 00f6 03       		.uleb128 0x3
 903 00f7 08       		.uleb128 0x8
 904 00f8 3A       		.uleb128 0x3a
 905 00f9 0B       		.uleb128 0xb
 906 00fa 3B       		.uleb128 0x3b
 907 00fb 0B       		.uleb128 0xb
 908 00fc 49       		.uleb128 0x49
 909 00fd 13       		.uleb128 0x13
 910 00fe 3F       		.uleb128 0x3f
 911 00ff 19       		.uleb128 0x19
 912 0100 02       		.uleb128 0x2
 913 0101 18       		.uleb128 0x18
 914 0102 00       		.byte	0
 915 0103 00       		.byte	0
 916 0104 15       		.uleb128 0x15
 917 0105 2E       		.uleb128 0x2e
 918 0106 01       		.byte	0x1
 919 0107 3F       		.uleb128 0x3f
 920 0108 19       		.uleb128 0x19
 921 0109 03       		.uleb128 0x3
 922 010a 0E       		.uleb128 0xe
 923 010b 3A       		.uleb128 0x3a
 924 010c 0B       		.uleb128 0xb
 925 010d 3B       		.uleb128 0x3b
 926 010e 05       		.uleb128 0x5
 927 010f 27       		.uleb128 0x27
 928 0110 19       		.uleb128 0x19
ARM GAS  C:\Users\user\AppData\Local\Temp\ccNNMA7t.s 			page 19


 929 0111 3C       		.uleb128 0x3c
 930 0112 19       		.uleb128 0x19
 931 0113 01       		.uleb128 0x1
 932 0114 13       		.uleb128 0x13
 933 0115 00       		.byte	0
 934 0116 00       		.byte	0
 935 0117 16       		.uleb128 0x16
 936 0118 05       		.uleb128 0x5
 937 0119 00       		.byte	0
 938 011a 49       		.uleb128 0x49
 939 011b 13       		.uleb128 0x13
 940 011c 00       		.byte	0
 941 011d 00       		.byte	0
 942 011e 17       		.uleb128 0x17
 943 011f 2E       		.uleb128 0x2e
 944 0120 00       		.byte	0
 945 0121 3F       		.uleb128 0x3f
 946 0122 19       		.uleb128 0x19
 947 0123 03       		.uleb128 0x3
 948 0124 0E       		.uleb128 0xe
 949 0125 3A       		.uleb128 0x3a
 950 0126 0B       		.uleb128 0xb
 951 0127 3B       		.uleb128 0x3b
 952 0128 05       		.uleb128 0x5
 953 0129 27       		.uleb128 0x27
 954 012a 19       		.uleb128 0x19
 955 012b 49       		.uleb128 0x49
 956 012c 13       		.uleb128 0x13
 957 012d 3C       		.uleb128 0x3c
 958 012e 19       		.uleb128 0x19
 959 012f 00       		.byte	0
 960 0130 00       		.byte	0
 961 0131 18       		.uleb128 0x18
 962 0132 2E       		.uleb128 0x2e
 963 0133 00       		.byte	0
 964 0134 3F       		.uleb128 0x3f
 965 0135 19       		.uleb128 0x19
 966 0136 03       		.uleb128 0x3
 967 0137 0E       		.uleb128 0xe
 968 0138 3A       		.uleb128 0x3a
 969 0139 0B       		.uleb128 0xb
 970 013a 3B       		.uleb128 0x3b
 971 013b 0B       		.uleb128 0xb
 972 013c 27       		.uleb128 0x27
 973 013d 19       		.uleb128 0x19
 974 013e 49       		.uleb128 0x49
 975 013f 13       		.uleb128 0x13
 976 0140 3C       		.uleb128 0x3c
 977 0141 19       		.uleb128 0x19
 978 0142 00       		.byte	0
 979 0143 00       		.byte	0
 980 0144 19       		.uleb128 0x19
 981 0145 2E       		.uleb128 0x2e
 982 0146 00       		.byte	0
 983 0147 3F       		.uleb128 0x3f
 984 0148 19       		.uleb128 0x19
 985 0149 03       		.uleb128 0x3
ARM GAS  C:\Users\user\AppData\Local\Temp\ccNNMA7t.s 			page 20


 986 014a 0E       		.uleb128 0xe
 987 014b 3A       		.uleb128 0x3a
 988 014c 0B       		.uleb128 0xb
 989 014d 3B       		.uleb128 0x3b
 990 014e 0B       		.uleb128 0xb
 991 014f 27       		.uleb128 0x27
 992 0150 19       		.uleb128 0x19
 993 0151 3C       		.uleb128 0x3c
 994 0152 19       		.uleb128 0x19
 995 0153 00       		.byte	0
 996 0154 00       		.byte	0
 997 0155 1A       		.uleb128 0x1a
 998 0156 2E       		.uleb128 0x2e
 999 0157 01       		.byte	0x1
 1000 0158 3F       		.uleb128 0x3f
 1001 0159 19       		.uleb128 0x19
 1002 015a 03       		.uleb128 0x3
 1003 015b 0E       		.uleb128 0xe
 1004 015c 3A       		.uleb128 0x3a
 1005 015d 0B       		.uleb128 0xb
 1006 015e 3B       		.uleb128 0x3b
 1007 015f 0B       		.uleb128 0xb
 1008 0160 27       		.uleb128 0x27
 1009 0161 19       		.uleb128 0x19
 1010 0162 3C       		.uleb128 0x3c
 1011 0163 19       		.uleb128 0x19
 1012 0164 01       		.uleb128 0x1
 1013 0165 13       		.uleb128 0x13
 1014 0166 00       		.byte	0
 1015 0167 00       		.byte	0
 1016 0168 1B       		.uleb128 0x1b
 1017 0169 2E       		.uleb128 0x2e
 1018 016a 01       		.byte	0x1
 1019 016b 3F       		.uleb128 0x3f
 1020 016c 19       		.uleb128 0x19
 1021 016d 03       		.uleb128 0x3
 1022 016e 0E       		.uleb128 0xe
 1023 016f 3A       		.uleb128 0x3a
 1024 0170 0B       		.uleb128 0xb
 1025 0171 3B       		.uleb128 0x3b
 1026 0172 0B       		.uleb128 0xb
 1027 0173 27       		.uleb128 0x27
 1028 0174 19       		.uleb128 0x19
 1029 0175 49       		.uleb128 0x49
 1030 0176 13       		.uleb128 0x13
 1031 0177 3C       		.uleb128 0x3c
 1032 0178 19       		.uleb128 0x19
 1033 0179 01       		.uleb128 0x1
 1034 017a 13       		.uleb128 0x13
 1035 017b 00       		.byte	0
 1036 017c 00       		.byte	0
 1037 017d 1C       		.uleb128 0x1c
 1038 017e 18       		.uleb128 0x18
 1039 017f 00       		.byte	0
 1040 0180 00       		.byte	0
 1041 0181 00       		.byte	0
 1042 0182 00       		.byte	0
ARM GAS  C:\Users\user\AppData\Local\Temp\ccNNMA7t.s 			page 21


 1043              		.section	.debug_aranges,"",%progbits
 1044 0000 1C000000 		.4byte	0x1c
 1045 0004 0200     		.2byte	0x2
 1046 0006 00000000 		.4byte	.Ldebug_info0
 1047 000a 04       		.byte	0x4
 1048 000b 00       		.byte	0
 1049 000c 0000     		.2byte	0
 1050 000e 0000     		.2byte	0
 1051 0010 00000000 		.4byte	.LFB63
 1052 0014 D0000000 		.4byte	.LFE63-.LFB63
 1053 0018 00000000 		.4byte	0
 1054 001c 00000000 		.4byte	0
 1055              		.section	.debug_ranges,"",%progbits
 1056              	.Ldebug_ranges0:
 1057 0000 00000000 		.4byte	.LFB63
 1058 0004 D0000000 		.4byte	.LFE63
 1059 0008 00000000 		.4byte	0
 1060 000c 00000000 		.4byte	0
 1061              		.section	.debug_line,"",%progbits
 1062              	.Ldebug_line0:
 1063 0000 15020000 		.section	.debug_str,"MS",%progbits,1
 1063      0200AC01 
 1063      00000201 
 1063      FB0E0D00 
 1063      01010101 
 1064              	.LASF24:
 1065 0000 6D75785F 		.ascii	"mux_potentiel_t\000"
 1065      706F7465 
 1065      6E746965 
 1065      6C5F7400 
 1066              	.LASF2:
 1067 0010 5F5F7569 		.ascii	"__uint8_t\000"
 1067      6E74385F 
 1067      7400
 1068              	.LASF32:
 1069 001a 55534255 		.ascii	"USBUART_1_GetConfiguration\000"
 1069      4152545F 
 1069      315F4765 
 1069      74436F6E 
 1069      66696775 
 1070              	.LASF19:
 1071 0035 666C6F61 		.ascii	"float\000"
 1071      7400
 1072              	.LASF6:
 1073 003b 5F5F696E 		.ascii	"__int32_t\000"
 1073      7433325F 
 1073      7400
 1074              	.LASF5:
 1075 0045 73686F72 		.ascii	"short unsigned int\000"
 1075      7420756E 
 1075      7369676E 
 1075      65642069 
 1075      6E7400
 1076              	.LASF46:
 1077 0058 2E5C6D61 		.ascii	".\\main.c\000"
 1077      696E2E63 
 1077      00
ARM GAS  C:\Users\user\AppData\Local\Temp\ccNNMA7t.s 			page 22


 1078              	.LASF47:
 1079 0061 443A5C55 		.ascii	"D:\\Utilisateurs\\user\\Documents\\PSoC Creator\\Wo"
 1079      74696C69 
 1079      73617465 
 1079      7572735C 
 1079      75736572 
 1080 008f 726B7370 		.ascii	"rkspace02\\TP2_Mesure_Diode.cydsn\000"
 1080      61636530 
 1080      325C5450 
 1080      325F4D65 
 1080      73757265 
 1081              	.LASF29:
 1082 00b0 64696F64 		.ascii	"diode_tension\000"
 1082      655F7465 
 1082      6E73696F 
 1082      6E00
 1083              	.LASF31:
 1084 00be 636F7572 		.ascii	"courant_consigne\000"
 1084      616E745F 
 1084      636F6E73 
 1084      69676E65 
 1084      00
 1085              	.LASF0:
 1086 00cf 7369676E 		.ascii	"signed char\000"
 1086      65642063 
 1086      68617200 
 1087              	.LASF39:
 1088 00db 4144435F 		.ascii	"ADC_DelSig_1_Read32\000"
 1088      44656C53 
 1088      69675F31 
 1088      5F526561 
 1088      64333200 
 1089              	.LASF1:
 1090 00ef 756E7369 		.ascii	"unsigned char\000"
 1090      676E6564 
 1090      20636861 
 1090      7200
 1091              	.LASF21:
 1092 00fd 63686172 		.ascii	"char8\000"
 1092      3800
 1093              	.LASF17:
 1094 0103 696E7431 		.ascii	"int16\000"
 1094      3600
 1095              	.LASF8:
 1096 0109 6C6F6E67 		.ascii	"long unsigned int\000"
 1096      20756E73 
 1096      69676E65 
 1096      6420696E 
 1096      7400
 1097              	.LASF18:
 1098 011b 696E7433 		.ascii	"int32\000"
 1098      3200
 1099              	.LASF30:
 1100 0121 64696F64 		.ascii	"diode_curant\000"
 1100      655F6375 
 1100      72616E74 
 1100      00
ARM GAS  C:\Users\user\AppData\Local\Temp\ccNNMA7t.s 			page 23


 1101              	.LASF25:
 1102 012e 49544D5F 		.ascii	"ITM_RxBuffer\000"
 1102      52784275 
 1102      66666572 
 1102      00
 1103              	.LASF42:
 1104 013b 55534255 		.ascii	"USBUART_1_PutString\000"
 1104      4152545F 
 1104      315F5075 
 1104      74537472 
 1104      696E6700 
 1105              	.LASF20:
 1106 014f 646F7562 		.ascii	"double\000"
 1106      6C6500
 1107              	.LASF35:
 1108 0156 414D7578 		.ascii	"AMux_1_Start\000"
 1108      5F315F53 
 1108      74617274 
 1108      00
 1109              	.LASF33:
 1110 0163 55534255 		.ascii	"USBUART_1_CDC_Init\000"
 1110      4152545F 
 1110      315F4344 
 1110      435F496E 
 1110      697400
 1111              	.LASF34:
 1112 0176 49444143 		.ascii	"IDAC8_1_Start\000"
 1112      385F315F 
 1112      53746172 
 1112      7400
 1113              	.LASF16:
 1114 0184 75696E74 		.ascii	"uint32\000"
 1114      333200
 1115              	.LASF45:
 1116 018b 474E5520 		.ascii	"GNU C 4.9.3 20150303 (release) [ARM/embedded-4_9-br"
 1116      4320342E 
 1116      392E3320 
 1116      32303135 
 1116      30333033 
 1117 01be 616E6368 		.ascii	"anch revision 221220] -mcpu=cortex-m3 -mthumb -g -O"
 1117      20726576 
 1117      6973696F 
 1117      6E203232 
 1117      31323230 
 1118 01f1 67202D66 		.ascii	"g -ffunction-sections -ffat-lto-objects\000"
 1118      66756E63 
 1118      74696F6E 
 1118      2D736563 
 1118      74696F6E 
 1119              	.LASF36:
 1120 0219 4144435F 		.ascii	"ADC_DelSig_1_Start\000"
 1120      44656C53 
 1120      69675F31 
 1120      5F537461 
 1120      727400
 1121              	.LASF11:
 1122 022c 756E7369 		.ascii	"unsigned int\000"
ARM GAS  C:\Users\user\AppData\Local\Temp\ccNNMA7t.s 			page 24


 1122      676E6564 
 1122      20696E74 
 1122      00
 1123              	.LASF40:
 1124 0239 4144435F 		.ascii	"ADC_DelSig_1_CountsTo_mVolts\000"
 1124      44656C53 
 1124      69675F31 
 1124      5F436F75 
 1124      6E747354 
 1125              	.LASF10:
 1126 0256 6C6F6E67 		.ascii	"long long unsigned int\000"
 1126      206C6F6E 
 1126      6720756E 
 1126      7369676E 
 1126      65642069 
 1127              	.LASF12:
 1128 026d 75696E74 		.ascii	"uint8_t\000"
 1128      385F7400 
 1129              	.LASF27:
 1130 0275 76616C65 		.ascii	"valeur\000"
 1130      757200
 1131              	.LASF13:
 1132 027c 696E7431 		.ascii	"int16_t\000"
 1132      365F7400 
 1133              	.LASF48:
 1134 0284 6D61696E 		.ascii	"main\000"
 1134      00
 1135              	.LASF14:
 1136 0289 696E7433 		.ascii	"int32_t\000"
 1136      325F7400 
 1137              	.LASF23:
 1138 0291 73697A65 		.ascii	"sizetype\000"
 1138      74797065 
 1138      00
 1139              	.LASF9:
 1140 029a 6C6F6E67 		.ascii	"long long int\000"
 1140      206C6F6E 
 1140      6720696E 
 1140      7400
 1141              	.LASF22:
 1142 02a8 63686172 		.ascii	"char\000"
 1142      00
 1143              	.LASF44:
 1144 02ad 55534255 		.ascii	"USBUART_1_PutCRLF\000"
 1144      4152545F 
 1144      315F5075 
 1144      7443524C 
 1144      4600
 1145              	.LASF4:
 1146 02bf 73686F72 		.ascii	"short int\000"
 1146      7420696E 
 1146      7400
 1147              	.LASF15:
 1148 02c9 75696E74 		.ascii	"uint8\000"
 1148      3800
 1149              	.LASF37:
 1150 02cf 55534255 		.ascii	"USBUART_1_Start\000"
ARM GAS  C:\Users\user\AppData\Local\Temp\ccNNMA7t.s 			page 25


 1150      4152545F 
 1150      315F5374 
 1150      61727400 
 1151              	.LASF7:
 1152 02df 6C6F6E67 		.ascii	"long int\000"
 1152      20696E74 
 1152      00
 1153              	.LASF28:
 1154 02e8 72657369 		.ascii	"resistance_value\000"
 1154      7374616E 
 1154      63655F76 
 1154      616C7565 
 1154      00
 1155              	.LASF38:
 1156 02f9 414D7578 		.ascii	"AMux_1_Select\000"
 1156      5F315F53 
 1156      656C6563 
 1156      7400
 1157              	.LASF26:
 1158 0307 6D75785F 		.ascii	"mux_pot\000"
 1158      706F7400 
 1159              	.LASF41:
 1160 030f 73707269 		.ascii	"sprintf\000"
 1160      6E746600 
 1161              	.LASF43:
 1162 0317 43794465 		.ascii	"CyDelay\000"
 1162      6C617900 
 1163              	.LASF3:
 1164 031f 5F5F696E 		.ascii	"__int16_t\000"
 1164      7431365F 
 1164      7400
 1165              		.ident	"GCC: (GNU Tools for ARM Embedded Processors) 4.9.3 20150303 (release) [ARM/embedded-4_9-br
