--------------- Build Started: 02/07/2022 16:00:41 Project: Delta_Sigma_DMA_Filter_IIR, Configuration: ARM GCC 4.9-2015-q1-update Debug ---------------
cydsfit.exe -.appdatapath "C:\Users\user\AppData\Local\Cypress Semiconductor\PSoC Creator\3.3" -.fdsnotice -.fdswarpdepfile=warp_dependencies.txt -.fdselabdepfile=elab_dependencies.txt -.fdsbldfile=generated_files.txt -p "D:\Utilisateurs\user\Documents\PSoC Creator\Workspace02\Delta_Sigma_DMA_Filter_IIR.cydsn\Delta_Sigma_DMA_Filter_IIR.cyprj" -d CY8C5888LTI-LP097 -s "D:\Utilisateurs\user\Documents\PSoC Creator\Workspace02\Delta_Sigma_DMA_Filter_IIR.cydsn\Generated_Source\PSoC5" -- -yv2 -q10 -ygs -o2 -v3 -.fftcfgtype=LE
Elaborating Design...
HDL Generation ...
Synthesis ...
Place and Route ...
Tech mapping ...
Analog Placement ...
Info: apr.M0002: Analog signal "\ADC_DelSig_1:Net_35\" is connected to one terminal only. (App=cydsfit)
Log: apr.M0058: The analog placement iterative improvement is 45% done. (App=cydsfit)
Analog Routing ...
Analog Code Generation ...
Digital Placement ...
Digital Routing ...
Bitstream Generation ...
Static timing analysis ...
API Generation ...
Dependency Generation ...
Clean Temporary Files ...
arm-none-eabi-gcc.exe -mcpu=cortex-m3 -mthumb -Wno-main -I. -IGenerated_Source\PSoC5 -Wa,-alh=.\CortexM3\ARM_GCC_493\Debug/main.lst -g -D DEBUG -Wall -ffunction-sections -Og -ffat-lto-objects -c .\main.c -o .\CortexM3\ARM_GCC_493\Debug\main.o
arm-none-eabi-gcc.exe -mcpu=cortex-m3 -mthumb -Wno-main -I. -IGenerated_Source\PSoC5 -Wa,-alh=.\CortexM3\ARM_GCC_493\Debug/Filter_1_RAM_Data.lst -g -D DEBUG -Wall -ffunction-sections -Og -ffat-lto-objects -c .\Generated_Source\PSoC5\Filter_1_RAM_Data.c -o .\CortexM3\ARM_GCC_493\Debug\Filter_1_RAM_Data.o
arm-none-eabi-gcc.exe -mcpu=cortex-m3 -mthumb -Wno-main -I. -IGenerated_Source\PSoC5 -Wa,-alh=.\CortexM3\ARM_GCC_493\Debug/Filter_1_Coefficients.lst -g -D DEBUG -Wall -ffunction-sections -Og -ffat-lto-objects -c .\Generated_Source\PSoC5\Filter_1_Coefficients.c -o .\CortexM3\ARM_GCC_493\Debug\Filter_1_Coefficients.o
arm-none-eabi-ar.exe -rs .\CortexM3\ARM_GCC_493\Debug\Delta_Sigma_DMA_Filter_IIR.a .\CortexM3\ARM_GCC_493\Debug\cyfitter_cfg.o .\CortexM3\ARM_GCC_493\Debug\ADC_DelSig_1.o .\CortexM3\ARM_GCC_493\Debug\ADC_DelSig_1_PM.o .\CortexM3\ARM_GCC_493\Debug\ADC_DelSig_1_INT.o .\CortexM3\ARM_GCC_493\Debug\Pin_2.o .\CortexM3\ARM_GCC_493\Debug\ADC_DelSig_1_AMux.o .\CortexM3\ARM_GCC_493\Debug\ADC_DelSig_1_Ext_CP_Clk.o .\CortexM3\ARM_GCC_493\Debug\ADC_DelSig_1_IRQ.o .\CortexM3\ARM_GCC_493\Debug\ADC_DelSig_1_theACLK.o .\CortexM3\ARM_GCC_493\Debug\CyBootAsmGnu.o .\CortexM3\ARM_GCC_493\Debug\CyDmac.o .\CortexM3\ARM_GCC_493\Debug\CyFlash.o .\CortexM3\ARM_GCC_493\Debug\CyLib.o .\CortexM3\ARM_GCC_493\Debug\cyPm.o .\CortexM3\ARM_GCC_493\Debug\CySpc.o .\CortexM3\ARM_GCC_493\Debug\cyutils.o .\CortexM3\ARM_GCC_493\Debug\VDAC8_1.o .\CortexM3\ARM_GCC_493\Debug\VDAC8_1_PM.o .\CortexM3\ARM_GCC_493\Debug\Pin_3.o .\CortexM3\ARM_GCC_493\Debug\DMA_1_dma.o .\CortexM3\ARM_GCC_493\Debug\Filter_1.o .\CortexM3\ARM_GCC_493\Debug\Filter_1_PM.o .\CortexM3\ARM_GCC_493\Debug\Filter_1_PVT.o .\CortexM3\ARM_GCC_493\Debug\Filter_1_RAM_Data.o .\CortexM3\ARM_GCC_493\Debug\Filter_1_Coefficients.o .\CortexM3\ARM_GCC_493\Debug\DMA_2_dma.o
arm-none-eabi-ar.exe: creating .\CortexM3\ARM_GCC_493\Debug\Delta_Sigma_DMA_Filter_IIR.a
arm-none-eabi-gcc.exe -Wl,--start-group -o .\CortexM3\ARM_GCC_493\Debug\Delta_Sigma_DMA_Filter_IIR.elf .\CortexM3\ARM_GCC_493\Debug\main.o .\CortexM3\ARM_GCC_493\Debug\cymetadata.o .\CortexM3\ARM_GCC_493\Debug\Cm3Start.o .\CortexM3\ARM_GCC_493\Debug\Delta_Sigma_DMA_Filter_IIR.a "C:\Program Files (x86)\Cypress\PSoC Creator\3.3\PSoC Creator\psoc\content\cycomponentlibrary\CyComponentLibrary.cylib\CortexM3\ARM_GCC_493\Debug\CyComponentLibrary.a" -mcpu=cortex-m3 -mthumb -g -ffunction-sections -Og -L Generated_Source\PSoC5 -Wl,-Map,.\CortexM3\ARM_GCC_493\Debug/Delta_Sigma_DMA_Filter_IIR.map -T Generated_Source\PSoC5\cm3gcc.ld -specs=nano.specs -Wl,--gc-sections -Wl,--end-group
cyelftool.exe -C "D:\Utilisateurs\user\Documents\PSoC Creator\Workspace02\Delta_Sigma_DMA_Filter_IIR.cydsn\CortexM3\ARM_GCC_493\Debug\Delta_Sigma_DMA_Filter_IIR.elf" --flash_row_size 256 --flash_size 262144
cyelftool.exe -S "D:\Utilisateurs\user\Documents\PSoC Creator\Workspace02\Delta_Sigma_DMA_Filter_IIR.cydsn\CortexM3\ARM_GCC_493\Debug\Delta_Sigma_DMA_Filter_IIR.elf"
Flash used: 5888 of 262144 bytes (2,2 %).
SRAM used: 2525 of 65536 bytes (3,9 %). Stack: 2048 bytes. Heap: 128 bytes.
--------------- Build Succeeded: 02/07/2022 16:00:50 ---------------
