ARM GAS  C:\Users\user\AppData\Local\Temp\cczMS65c.s 			page 1


   1              		.syntax unified
   2              		.cpu cortex-m3
   3              		.fpu softvfp
   4              		.eabi_attribute 20, 1
   5              		.eabi_attribute 21, 1
   6              		.eabi_attribute 23, 3
   7              		.eabi_attribute 24, 1
   8              		.eabi_attribute 25, 1
   9              		.eabi_attribute 26, 1
  10              		.eabi_attribute 30, 1
  11              		.eabi_attribute 34, 1
  12              		.eabi_attribute 18, 4
  13              		.thumb
  14              		.file	"cymetadata.c"
  15              		.text
  16              	.Ltext0:
  17              		.cfi_sections	.debug_frame
  18              		.global	cy_metadata
  19              		.global	cy_meta_flashprotect
  20              		.global	cy_meta_wonvl
  21              		.global	cy_meta_custnvl
  22              		.global	cy_meta_configecc
  23              		.section	.cyconfigecc,"a",%progbits
  24              		.align	2
  25              		.type	cy_meta_configecc, %object
  26              		.size	cy_meta_configecc, 156
  27              	cy_meta_configecc:
  28 0000 01       		.byte	1
  29 0001 09       		.byte	9
  30 0002 01       		.byte	1
  31 0003 40       		.byte	64
  32 0004 04       		.byte	4
  33 0005 0A       		.byte	10
  34 0006 01       		.byte	1
  35 0007 40       		.byte	64
  36 0008 01       		.byte	1
  37 0009 0B       		.byte	11
  38 000a 01       		.byte	1
  39 000b 40       		.byte	64
  40 000c 01       		.byte	1
  41 000d 15       		.byte	21
  42 000e 01       		.byte	1
  43 000f 40       		.byte	64
  44 0010 01       		.byte	1
  45 0011 1B       		.byte	27
  46 0012 01       		.byte	1
  47 0013 40       		.byte	64
  48 0014 02       		.byte	2
  49 0015 41       		.byte	65
  50 0016 01       		.byte	1
  51 0017 40       		.byte	64
  52 0018 05       		.byte	5
  53 0019 42       		.byte	66
  54 001a 01       		.byte	1
  55 001b 40       		.byte	64
  56 001c 03       		.byte	3
  57 001d 43       		.byte	67
ARM GAS  C:\Users\user\AppData\Local\Temp\cczMS65c.s 			page 2


  58 001e 01       		.byte	1
  59 001f 40       		.byte	64
  60 0020 02       		.byte	2
  61 0021 44       		.byte	68
  62 0022 01       		.byte	1
  63 0023 40       		.byte	64
  64 0024 01       		.byte	1
  65 0025 45       		.byte	69
  66 0026 01       		.byte	1
  67 0027 40       		.byte	64
  68 0028 03       		.byte	3
  69 0029 46       		.byte	70
  70 002a 01       		.byte	1
  71 002b 40       		.byte	64
  72 002c 03       		.byte	3
  73 002d 47       		.byte	71
  74 002e 01       		.byte	1
  75 002f 40       		.byte	64
  76 0030 02       		.byte	2
  77 0031 48       		.byte	72
  78 0032 01       		.byte	1
  79 0033 40       		.byte	64
  80 0034 01       		.byte	1
  81 0035 49       		.byte	73
  82 0036 01       		.byte	1
  83 0037 40       		.byte	64
  84 0038 01       		.byte	1
  85 0039 4C       		.byte	76
  86 003a 01       		.byte	1
  87 003b 40       		.byte	64
  88 003c 02       		.byte	2
  89 003d 4D       		.byte	77
  90 003e 01       		.byte	1
  91 003f 40       		.byte	64
  92 0040 01       		.byte	1
  93 0041 51       		.byte	81
  94 0042 01       		.byte	1
  95 0043 40       		.byte	64
  96 0044 B5       		.byte	-75
  97 0045 02       		.byte	2
  98 0046 B8       		.byte	-72
  99 0047 02       		.byte	2
 100 0048 BE       		.byte	-66
 101 0049 01       		.byte	1
 102 004a D8       		.byte	-40
 103 004b 04       		.byte	4
 104 004c DF       		.byte	-33
 105 004d 01       		.byte	1
 106 004e 1D       		.byte	29
 107 004f 02       		.byte	2
 108 0050 EC       		.byte	-20
 109 0051 10       		.byte	16
 110 0052 EC       		.byte	-20
 111 0053 10       		.byte	16
 112 0054 28       		.byte	40
 113 0055 80       		.byte	-128
 114 0056 CA       		.byte	-54
ARM GAS  C:\Users\user\AppData\Local\Temp\cczMS65c.s 			page 3


 115 0057 40       		.byte	64
 116 0058 44       		.byte	68
 117 0059 80       		.byte	-128
 118 005a 4F       		.byte	79
 119 005b 40       		.byte	64
 120 005c 98       		.byte	-104
 121 005d 80       		.byte	-128
 122 005e D0       		.byte	-48
 123 005f 80       		.byte	-128
 124 0060 D2       		.byte	-46
 125 0061 20       		.byte	32
 126 0062 13       		.byte	19
 127 0063 40       		.byte	64
 128 0064 97       		.byte	-105
 129 0065 40       		.byte	64
 130 0066 C4       		.byte	-60
 131 0067 40       		.byte	64
 132 0068 7C       		.byte	124
 133 0069 01       		.byte	1
 134 006a DE       		.byte	-34
 135 006b 01       		.byte	1
 136 006c 94       		.byte	-108
 137 006d 01       		.byte	1
 138 006e 45       		.byte	69
 139 006f 08       		.byte	8
 140 0070 94       		.byte	-108
 141 0071 01       		.byte	1
 142 0072 D0       		.byte	-48
 143 0073 01       		.byte	1
 144 0074 A5       		.byte	-91
 145 0075 08       		.byte	8
 146 0076 B4       		.byte	-76
 147 0077 01       		.byte	1
 148 0078 EC       		.byte	-20
 149 0079 08       		.byte	8
 150 007a 25       		.byte	37
 151 007b 10       		.byte	16
 152 007c C8       		.byte	-56
 153 007d 20       		.byte	32
 154 007e B5       		.byte	-75
 155 007f 10       		.byte	16
 156 0080 A5       		.byte	-91
 157 0081 08       		.byte	8
 158 0082 B5       		.byte	-75
 159 0083 08       		.byte	8
 160 0084 EC       		.byte	-20
 161 0085 08       		.byte	8
 162 0086 12       		.byte	18
 163 0087 22       		.byte	34
 164 0088 00       		.byte	0
 165 0089 00       		.byte	0
 166 008a 00       		.byte	0
 167 008b 00       		.byte	0
 168 008c 00       		.byte	0
 169 008d 00       		.byte	0
 170 008e 80       		.byte	-128
 171 008f 00       		.byte	0
ARM GAS  C:\Users\user\AppData\Local\Temp\cczMS65c.s 			page 4


 172 0090 00       		.byte	0
 173 0091 00       		.byte	0
 174 0092 00       		.byte	0
 175 0093 00       		.byte	0
 176 0094 00       		.byte	0
 177 0095 00       		.byte	0
 178 0096 01       		.byte	1
 179 0097 00       		.byte	0
 180 0098 08       		.byte	8
 181 0099 00       		.byte	0
 182 009a 18       		.byte	24
 183 009b 01       		.byte	1
 184              		.section	.cywolatch,"a",%progbits
 185              		.align	2
 186              		.type	cy_meta_wonvl, %object
 187              		.size	cy_meta_wonvl, 4
 188              	cy_meta_wonvl:
 189 0000 BC       		.byte	-68
 190 0001 90       		.byte	-112
 191 0002 AC       		.byte	-84
 192 0003 AF       		.byte	-81
 193              		.section	.cycustnvl,"a",%progbits
 194              		.align	2
 195              		.type	cy_meta_custnvl, %object
 196              		.size	cy_meta_custnvl, 4
 197              	cy_meta_custnvl:
 198 0000 00       		.byte	0
 199 0001 00       		.byte	0
 200 0002 40       		.byte	64
 201 0003 05       		.byte	5
 202              		.section	.cymeta,"a",%progbits
 203              		.align	2
 204              		.type	cy_metadata, %object
 205              		.size	cy_metadata, 12
 206              	cy_metadata:
 207 0000 00       		.byte	0
 208 0001 01       		.byte	1
 209 0002 2E       		.byte	46
 210 0003 16       		.byte	22
 211 0004 10       		.byte	16
 212 0005 69       		.byte	105
 213 0006 00       		.byte	0
 214 0007 01       		.byte	1
 215 0008 00       		.byte	0
 216 0009 00       		.byte	0
 217 000a 00       		.byte	0
 218 000b 00       		.byte	0
 219              		.section	.cyflashprotect,"a",%progbits
 220              		.align	2
 221              		.type	cy_meta_flashprotect, %object
 222              		.size	cy_meta_flashprotect, 256
 223              	cy_meta_flashprotect:
 224 0000 00000000 		.space	256
 224      00000000 
 224      00000000 
 224      00000000 
 224      00000000 
ARM GAS  C:\Users\user\AppData\Local\Temp\cczMS65c.s 			page 5


 225              		.text
 226              	.Letext0:
 227              		.file 1 ".\\Generated_Source\\PSoC5\\cymetadata.c"
 228              		.file 2 ".\\Generated_Source\\PSoC5\\cytypes.h"
 229              		.section	.debug_info,"",%progbits
 230              	.Ldebug_info0:
 231 0000 36010000 		.4byte	0x136
 232 0004 0400     		.2byte	0x4
 233 0006 00000000 		.4byte	.Ldebug_abbrev0
 234 000a 04       		.byte	0x4
 235 000b 01       		.uleb128 0x1
 236 000c 94000000 		.4byte	.LASF18
 237 0010 01       		.byte	0x1
 238 0011 00000000 		.4byte	.LASF19
 239 0015 9E010000 		.4byte	.LASF20
 240 0019 00000000 		.4byte	.Ldebug_line0
 241 001d 02       		.uleb128 0x2
 242 001e 01       		.byte	0x1
 243 001f 06       		.byte	0x6
 244 0020 F7010000 		.4byte	.LASF0
 245 0024 02       		.uleb128 0x2
 246 0025 01       		.byte	0x1
 247 0026 08       		.byte	0x8
 248 0027 38000000 		.4byte	.LASF1
 249 002b 02       		.uleb128 0x2
 250 002c 02       		.byte	0x2
 251 002d 05       		.byte	0x5
 252 002e 85010000 		.4byte	.LASF2
 253 0032 02       		.uleb128 0x2
 254 0033 02       		.byte	0x2
 255 0034 07       		.byte	0x7
 256 0035 58000000 		.4byte	.LASF3
 257 0039 02       		.uleb128 0x2
 258 003a 04       		.byte	0x4
 259 003b 05       		.byte	0x5
 260 003c 95010000 		.4byte	.LASF4
 261 0040 02       		.uleb128 0x2
 262 0041 04       		.byte	0x4
 263 0042 07       		.byte	0x7
 264 0043 46000000 		.4byte	.LASF5
 265 0047 02       		.uleb128 0x2
 266 0048 08       		.byte	0x8
 267 0049 05       		.byte	0x5
 268 004a 72010000 		.4byte	.LASF6
 269 004e 02       		.uleb128 0x2
 270 004f 08       		.byte	0x8
 271 0050 07       		.byte	0x7
 272 0051 2F010000 		.4byte	.LASF7
 273 0055 03       		.uleb128 0x3
 274 0056 04       		.byte	0x4
 275 0057 05       		.byte	0x5
 276 0058 696E7400 		.ascii	"int\000"
 277 005c 02       		.uleb128 0x2
 278 005d 04       		.byte	0x4
 279 005e 07       		.byte	0x7
 280 005f 22010000 		.4byte	.LASF8
 281 0063 04       		.uleb128 0x4
ARM GAS  C:\Users\user\AppData\Local\Temp\cczMS65c.s 			page 6


 282 0064 8F010000 		.4byte	.LASF21
 283 0068 02       		.byte	0x2
 284 0069 3801     		.2byte	0x138
 285 006b 24000000 		.4byte	0x24
 286 006f 02       		.uleb128 0x2
 287 0070 04       		.byte	0x4
 288 0071 04       		.byte	0x4
 289 0072 32000000 		.4byte	.LASF9
 290 0076 02       		.uleb128 0x2
 291 0077 08       		.byte	0x8
 292 0078 04       		.byte	0x4
 293 0079 6B000000 		.4byte	.LASF10
 294 007d 02       		.uleb128 0x2
 295 007e 01       		.byte	0x1
 296 007f 08       		.byte	0x8
 297 0080 80010000 		.4byte	.LASF11
 298 0084 05       		.uleb128 0x5
 299 0085 63000000 		.4byte	0x63
 300 0089 94000000 		.4byte	0x94
 301 008d 06       		.uleb128 0x6
 302 008e 94000000 		.4byte	0x94
 303 0092 9B       		.byte	0x9b
 304 0093 00       		.byte	0
 305 0094 02       		.uleb128 0x2
 306 0095 04       		.byte	0x4
 307 0096 07       		.byte	0x7
 308 0097 69010000 		.4byte	.LASF12
 309 009b 07       		.uleb128 0x7
 310 009c 82000000 		.4byte	.LASF13
 311 00a0 01       		.byte	0x1
 312 00a1 1F       		.byte	0x1f
 313 00a2 AC000000 		.4byte	0xac
 314 00a6 05       		.uleb128 0x5
 315 00a7 03       		.byte	0x3
 316 00a8 00000000 		.4byte	cy_meta_configecc
 317 00ac 08       		.uleb128 0x8
 318 00ad 84000000 		.4byte	0x84
 319 00b1 05       		.uleb128 0x5
 320 00b2 63000000 		.4byte	0x63
 321 00b6 C1000000 		.4byte	0xc1
 322 00ba 06       		.uleb128 0x6
 323 00bb 94000000 		.4byte	0x94
 324 00bf 03       		.byte	0x3
 325 00c0 00       		.byte	0
 326 00c1 07       		.uleb128 0x7
 327 00c2 72000000 		.4byte	.LASF14
 328 00c6 01       		.byte	0x1
 329 00c7 40       		.byte	0x40
 330 00c8 D2000000 		.4byte	0xd2
 331 00cc 05       		.uleb128 0x5
 332 00cd 03       		.byte	0x3
 333 00ce 00000000 		.4byte	cy_meta_custnvl
 334 00d2 08       		.uleb128 0x8
 335 00d3 B1000000 		.4byte	0xb1
 336 00d7 07       		.uleb128 0x7
 337 00d8 5B010000 		.4byte	.LASF15
 338 00dc 01       		.byte	0x1
ARM GAS  C:\Users\user\AppData\Local\Temp\cczMS65c.s 			page 7


 339 00dd 4E       		.byte	0x4e
 340 00de E8000000 		.4byte	0xe8
 341 00e2 05       		.uleb128 0x5
 342 00e3 03       		.byte	0x3
 343 00e4 00000000 		.4byte	cy_meta_wonvl
 344 00e8 08       		.uleb128 0x8
 345 00e9 B1000000 		.4byte	0xb1
 346 00ed 05       		.uleb128 0x5
 347 00ee 63000000 		.4byte	0x63
 348 00f2 FD000000 		.4byte	0xfd
 349 00f6 06       		.uleb128 0x6
 350 00f7 94000000 		.4byte	0x94
 351 00fb FF       		.byte	0xff
 352 00fc 00       		.byte	0
 353 00fd 07       		.uleb128 0x7
 354 00fe 46010000 		.4byte	.LASF16
 355 0102 01       		.byte	0x1
 356 0103 5C       		.byte	0x5c
 357 0104 0E010000 		.4byte	0x10e
 358 0108 05       		.uleb128 0x5
 359 0109 03       		.byte	0x3
 360 010a 00000000 		.4byte	cy_meta_flashprotect
 361 010e 08       		.uleb128 0x8
 362 010f ED000000 		.4byte	0xed
 363 0113 05       		.uleb128 0x5
 364 0114 63000000 		.4byte	0x63
 365 0118 23010000 		.4byte	0x123
 366 011c 06       		.uleb128 0x6
 367 011d 94000000 		.4byte	0x94
 368 0121 0B       		.byte	0xb
 369 0122 00       		.byte	0
 370 0123 07       		.uleb128 0x7
 371 0124 26000000 		.4byte	.LASF17
 372 0128 01       		.byte	0x1
 373 0129 89       		.byte	0x89
 374 012a 34010000 		.4byte	0x134
 375 012e 05       		.uleb128 0x5
 376 012f 03       		.byte	0x3
 377 0130 00000000 		.4byte	cy_metadata
 378 0134 08       		.uleb128 0x8
 379 0135 13010000 		.4byte	0x113
 380 0139 00       		.byte	0
 381              		.section	.debug_abbrev,"",%progbits
 382              	.Ldebug_abbrev0:
 383 0000 01       		.uleb128 0x1
 384 0001 11       		.uleb128 0x11
 385 0002 01       		.byte	0x1
 386 0003 25       		.uleb128 0x25
 387 0004 0E       		.uleb128 0xe
 388 0005 13       		.uleb128 0x13
 389 0006 0B       		.uleb128 0xb
 390 0007 03       		.uleb128 0x3
 391 0008 0E       		.uleb128 0xe
 392 0009 1B       		.uleb128 0x1b
 393 000a 0E       		.uleb128 0xe
 394 000b 10       		.uleb128 0x10
 395 000c 17       		.uleb128 0x17
ARM GAS  C:\Users\user\AppData\Local\Temp\cczMS65c.s 			page 8


 396 000d 00       		.byte	0
 397 000e 00       		.byte	0
 398 000f 02       		.uleb128 0x2
 399 0010 24       		.uleb128 0x24
 400 0011 00       		.byte	0
 401 0012 0B       		.uleb128 0xb
 402 0013 0B       		.uleb128 0xb
 403 0014 3E       		.uleb128 0x3e
 404 0015 0B       		.uleb128 0xb
 405 0016 03       		.uleb128 0x3
 406 0017 0E       		.uleb128 0xe
 407 0018 00       		.byte	0
 408 0019 00       		.byte	0
 409 001a 03       		.uleb128 0x3
 410 001b 24       		.uleb128 0x24
 411 001c 00       		.byte	0
 412 001d 0B       		.uleb128 0xb
 413 001e 0B       		.uleb128 0xb
 414 001f 3E       		.uleb128 0x3e
 415 0020 0B       		.uleb128 0xb
 416 0021 03       		.uleb128 0x3
 417 0022 08       		.uleb128 0x8
 418 0023 00       		.byte	0
 419 0024 00       		.byte	0
 420 0025 04       		.uleb128 0x4
 421 0026 16       		.uleb128 0x16
 422 0027 00       		.byte	0
 423 0028 03       		.uleb128 0x3
 424 0029 0E       		.uleb128 0xe
 425 002a 3A       		.uleb128 0x3a
 426 002b 0B       		.uleb128 0xb
 427 002c 3B       		.uleb128 0x3b
 428 002d 05       		.uleb128 0x5
 429 002e 49       		.uleb128 0x49
 430 002f 13       		.uleb128 0x13
 431 0030 00       		.byte	0
 432 0031 00       		.byte	0
 433 0032 05       		.uleb128 0x5
 434 0033 01       		.uleb128 0x1
 435 0034 01       		.byte	0x1
 436 0035 49       		.uleb128 0x49
 437 0036 13       		.uleb128 0x13
 438 0037 01       		.uleb128 0x1
 439 0038 13       		.uleb128 0x13
 440 0039 00       		.byte	0
 441 003a 00       		.byte	0
 442 003b 06       		.uleb128 0x6
 443 003c 21       		.uleb128 0x21
 444 003d 00       		.byte	0
 445 003e 49       		.uleb128 0x49
 446 003f 13       		.uleb128 0x13
 447 0040 2F       		.uleb128 0x2f
 448 0041 0B       		.uleb128 0xb
 449 0042 00       		.byte	0
 450 0043 00       		.byte	0
 451 0044 07       		.uleb128 0x7
 452 0045 34       		.uleb128 0x34
ARM GAS  C:\Users\user\AppData\Local\Temp\cczMS65c.s 			page 9


 453 0046 00       		.byte	0
 454 0047 03       		.uleb128 0x3
 455 0048 0E       		.uleb128 0xe
 456 0049 3A       		.uleb128 0x3a
 457 004a 0B       		.uleb128 0xb
 458 004b 3B       		.uleb128 0x3b
 459 004c 0B       		.uleb128 0xb
 460 004d 49       		.uleb128 0x49
 461 004e 13       		.uleb128 0x13
 462 004f 3F       		.uleb128 0x3f
 463 0050 19       		.uleb128 0x19
 464 0051 02       		.uleb128 0x2
 465 0052 18       		.uleb128 0x18
 466 0053 00       		.byte	0
 467 0054 00       		.byte	0
 468 0055 08       		.uleb128 0x8
 469 0056 26       		.uleb128 0x26
 470 0057 00       		.byte	0
 471 0058 49       		.uleb128 0x49
 472 0059 13       		.uleb128 0x13
 473 005a 00       		.byte	0
 474 005b 00       		.byte	0
 475 005c 00       		.byte	0
 476              		.section	.debug_aranges,"",%progbits
 477 0000 14000000 		.4byte	0x14
 478 0004 0200     		.2byte	0x2
 479 0006 00000000 		.4byte	.Ldebug_info0
 480 000a 04       		.byte	0x4
 481 000b 00       		.byte	0
 482 000c 0000     		.2byte	0
 483 000e 0000     		.2byte	0
 484 0010 00000000 		.4byte	0
 485 0014 00000000 		.4byte	0
 486              		.section	.debug_line,"",%progbits
 487              	.Ldebug_line0:
 488 0000 4F000000 		.section	.debug_str,"MS",%progbits,1
 488      02004900 
 488      00000201 
 488      FB0E0D00 
 488      01010101 
 489              	.LASF19:
 490 0000 2E5C4765 		.ascii	".\\Generated_Source\\PSoC5\\cymetadata.c\000"
 490      6E657261 
 490      7465645F 
 490      536F7572 
 490      63655C50 
 491              	.LASF17:
 492 0026 63795F6D 		.ascii	"cy_metadata\000"
 492      65746164 
 492      61746100 
 493              	.LASF9:
 494 0032 666C6F61 		.ascii	"float\000"
 494      7400
 495              	.LASF1:
 496 0038 756E7369 		.ascii	"unsigned char\000"
 496      676E6564 
 496      20636861 
ARM GAS  C:\Users\user\AppData\Local\Temp\cczMS65c.s 			page 10


 496      7200
 497              	.LASF5:
 498 0046 6C6F6E67 		.ascii	"long unsigned int\000"
 498      20756E73 
 498      69676E65 
 498      6420696E 
 498      7400
 499              	.LASF3:
 500 0058 73686F72 		.ascii	"short unsigned int\000"
 500      7420756E 
 500      7369676E 
 500      65642069 
 500      6E7400
 501              	.LASF10:
 502 006b 646F7562 		.ascii	"double\000"
 502      6C6500
 503              	.LASF14:
 504 0072 63795F6D 		.ascii	"cy_meta_custnvl\000"
 504      6574615F 
 504      63757374 
 504      6E766C00 
 505              	.LASF13:
 506 0082 63795F6D 		.ascii	"cy_meta_configecc\000"
 506      6574615F 
 506      636F6E66 
 506      69676563 
 506      6300
 507              	.LASF18:
 508 0094 474E5520 		.ascii	"GNU C 4.9.3 20150303 (release) [ARM/embedded-4_9-br"
 508      4320342E 
 508      392E3320 
 508      32303135 
 508      30333033 
 509 00c7 616E6368 		.ascii	"anch revision 221220] -mcpu=cortex-m3 -mthumb -g -O"
 509      20726576 
 509      6973696F 
 509      6E203232 
 509      31323230 
 510 00fa 67202D66 		.ascii	"g -ffunction-sections -ffat-lto-objects\000"
 510      66756E63 
 510      74696F6E 
 510      2D736563 
 510      74696F6E 
 511              	.LASF8:
 512 0122 756E7369 		.ascii	"unsigned int\000"
 512      676E6564 
 512      20696E74 
 512      00
 513              	.LASF7:
 514 012f 6C6F6E67 		.ascii	"long long unsigned int\000"
 514      206C6F6E 
 514      6720756E 
 514      7369676E 
 514      65642069 
 515              	.LASF16:
 516 0146 63795F6D 		.ascii	"cy_meta_flashprotect\000"
 516      6574615F 
ARM GAS  C:\Users\user\AppData\Local\Temp\cczMS65c.s 			page 11


 516      666C6173 
 516      6870726F 
 516      74656374 
 517              	.LASF15:
 518 015b 63795F6D 		.ascii	"cy_meta_wonvl\000"
 518      6574615F 
 518      776F6E76 
 518      6C00
 519              	.LASF12:
 520 0169 73697A65 		.ascii	"sizetype\000"
 520      74797065 
 520      00
 521              	.LASF6:
 522 0172 6C6F6E67 		.ascii	"long long int\000"
 522      206C6F6E 
 522      6720696E 
 522      7400
 523              	.LASF11:
 524 0180 63686172 		.ascii	"char\000"
 524      00
 525              	.LASF2:
 526 0185 73686F72 		.ascii	"short int\000"
 526      7420696E 
 526      7400
 527              	.LASF21:
 528 018f 75696E74 		.ascii	"uint8\000"
 528      3800
 529              	.LASF4:
 530 0195 6C6F6E67 		.ascii	"long int\000"
 530      20696E74 
 530      00
 531              	.LASF20:
 532 019e 443A5C55 		.ascii	"D:\\Utilisateurs\\user\\Documents\\PSoC Creator\\Wo"
 532      74696C69 
 532      73617465 
 532      7572735C 
 532      75736572 
 533 01cc 726B7370 		.ascii	"rkspace02\\Delta_Sigma_DMA_Filter_IIR.cydsn\000"
 533      61636530 
 533      325C4465 
 533      6C74615F 
 533      5369676D 
 534              	.LASF0:
 535 01f7 7369676E 		.ascii	"signed char\000"
 535      65642063 
 535      68617200 
 536              		.ident	"GCC: (GNU Tools for ARM Embedded Processors) 4.9.3 20150303 (release) [ARM/embedded-4_9-br
