ARM GAS  C:\Users\user\AppData\Local\Temp\ccJThGQ8.s 			page 1


   1              		.syntax unified
   2              		.cpu cortex-m3
   3              		.fpu softvfp
   4              		.eabi_attribute 20, 1
   5              		.eabi_attribute 21, 1
   6              		.eabi_attribute 23, 3
   7              		.eabi_attribute 24, 1
   8              		.eabi_attribute 25, 1
   9              		.eabi_attribute 26, 1
  10              		.eabi_attribute 30, 1
  11              		.eabi_attribute 34, 1
  12              		.eabi_attribute 18, 4
  13              		.thumb
  14              		.file	"Filter_1_Coefficients.c"
  15              		.text
  16              	.Ltext0:
  17              		.cfi_sections	.debug_frame
  18              		.global	Filter_1_ChannelABiquadCoefficients
  19              		.section	.rodata
  20              		.align	2
  21              		.type	Filter_1_ChannelABiquadCoefficients, %object
  22              		.size	Filter_1_ChannelABiquadCoefficients, 80
  23              	Filter_1_ChannelABiquadCoefficients:
  24 0000 CC       		.byte	-52
  25 0001 0B       		.byte	11
  26 0002 00       		.byte	0
  27 0003 00       		.byte	0
  28 0004 99       		.byte	-103
  29 0005 17       		.byte	23
  30 0006 00       		.byte	0
  31 0007 00       		.byte	0
  32 0008 CC       		.byte	-52
  33 0009 0B       		.byte	11
  34 000a 00       		.byte	0
  35 000b 00       		.byte	0
  36 000c 4E       		.byte	78
  37 000d 9A       		.byte	-102
  38 000e 77       		.byte	119
  39 000f 00       		.byte	0
  40 0010 53       		.byte	83
  41 0011 97       		.byte	-105
  42 0012 C7       		.byte	-57
  43 0013 00       		.byte	0
  44 0014 6B       		.byte	107
  45 0015 3F       		.byte	63
  46 0016 00       		.byte	0
  47 0017 00       		.byte	0
  48 0018 D6       		.byte	-42
  49 0019 7E       		.byte	126
  50 001a 00       		.byte	0
  51 001b 00       		.byte	0
  52 001c 6B       		.byte	107
  53 001d 3F       		.byte	63
  54 001e 00       		.byte	0
  55 001f 00       		.byte	0
  56 0020 2D       		.byte	45
  57 0021 70       		.byte	112
ARM GAS  C:\Users\user\AppData\Local\Temp\ccJThGQ8.s 			page 2


  58 0022 79       		.byte	121
  59 0023 00       		.byte	0
  60 0024 8F       		.byte	-113
  61 0025 29       		.byte	41
  62 0026 C5       		.byte	-59
  63 0027 00       		.byte	0
  64 0028 8F       		.byte	-113
  65 0029 27       		.byte	39
  66 002a 00       		.byte	0
  67 002b 00       		.byte	0
  68 002c 1F       		.byte	31
  69 002d 4F       		.byte	79
  70 002e 00       		.byte	0
  71 002f 00       		.byte	0
  72 0030 8F       		.byte	-113
  73 0031 27       		.byte	39
  74 0032 00       		.byte	0
  75 0033 00       		.byte	0
  76 0034 DC       		.byte	-36
  77 0035 B9       		.byte	-71
  78 0036 76       		.byte	118
  79 0037 00       		.byte	0
  80 0038 AF       		.byte	-81
  81 0039 DF       		.byte	-33
  82 003a C8       		.byte	-56
  83 003b 00       		.byte	0
  84 003c 0F       		.byte	15
  85 003d DA       		.byte	-38
  86 003e 01       		.byte	1
  87 003f 00       		.byte	0
  88 0040 1D       		.byte	29
  89 0041 B4       		.byte	-76
  90 0042 03       		.byte	3
  91 0043 00       		.byte	0
  92 0044 0F       		.byte	15
  93 0045 DA       		.byte	-38
  94 0046 01       		.byte	1
  95 0047 00       		.byte	0
  96 0048 80       		.byte	-128
  97 0049 49       		.byte	73
  98 004a 7C       		.byte	124
  99 004b 00       		.byte	0
 100 004c C2       		.byte	-62
 101 004d DB       		.byte	-37
 102 004e C1       		.byte	-63
 103 004f 00       		.byte	0
 104              		.text
 105              	.Letext0:
 106              		.file 1 ".\\Generated_Source\\PSoC5\\cytypes.h"
 107              		.file 2 ".\\Generated_Source\\PSoC5\\Filter_1_Coefficients.c"
 108              		.section	.debug_info,"",%progbits
 109              	.Ldebug_info0:
 110 0000 AE000000 		.4byte	0xae
 111 0004 0400     		.2byte	0x4
 112 0006 00000000 		.4byte	.Ldebug_abbrev0
 113 000a 04       		.byte	0x4
 114 000b 01       		.uleb128 0x1
ARM GAS  C:\Users\user\AppData\Local\Temp\ccJThGQ8.s 			page 3


 115 000c F8000000 		.4byte	.LASF13
 116 0010 01       		.byte	0x1
 117 0011 B0000000 		.4byte	.LASF14
 118 0015 1B000000 		.4byte	.LASF15
 119 0019 00000000 		.4byte	.Ldebug_line0
 120 001d 02       		.uleb128 0x2
 121 001e 04       		.byte	0x4
 122 001f 05       		.byte	0x5
 123 0020 696E7400 		.ascii	"int\000"
 124 0024 03       		.uleb128 0x3
 125 0025 04       		.byte	0x4
 126 0026 07       		.byte	0x7
 127 0027 0E000000 		.4byte	.LASF0
 128 002b 03       		.uleb128 0x3
 129 002c 01       		.byte	0x1
 130 002d 06       		.byte	0x6
 131 002e BC010000 		.4byte	.LASF1
 132 0032 03       		.uleb128 0x3
 133 0033 01       		.byte	0x1
 134 0034 08       		.byte	0x8
 135 0035 86010000 		.4byte	.LASF2
 136 0039 03       		.uleb128 0x3
 137 003a 02       		.byte	0x2
 138 003b 05       		.byte	0x5
 139 003c CE010000 		.4byte	.LASF3
 140 0040 03       		.uleb128 0x3
 141 0041 02       		.byte	0x2
 142 0042 07       		.byte	0x7
 143 0043 A9010000 		.4byte	.LASF4
 144 0047 03       		.uleb128 0x3
 145 0048 04       		.byte	0x4
 146 0049 05       		.byte	0x5
 147 004a 99010000 		.4byte	.LASF5
 148 004e 03       		.uleb128 0x3
 149 004f 04       		.byte	0x4
 150 0050 07       		.byte	0x7
 151 0051 9E000000 		.4byte	.LASF6
 152 0055 03       		.uleb128 0x3
 153 0056 08       		.byte	0x8
 154 0057 05       		.byte	0x5
 155 0058 00000000 		.4byte	.LASF7
 156 005c 03       		.uleb128 0x3
 157 005d 08       		.byte	0x8
 158 005e 07       		.byte	0x7
 159 005f E1000000 		.4byte	.LASF8
 160 0063 03       		.uleb128 0x3
 161 0064 04       		.byte	0x4
 162 0065 07       		.byte	0x7
 163 0066 D8010000 		.4byte	.LASF9
 164 006a 03       		.uleb128 0x3
 165 006b 01       		.byte	0x1
 166 006c 08       		.byte	0x8
 167 006d 94010000 		.4byte	.LASF10
 168 0071 04       		.uleb128 0x4
 169 0072 98000000 		.4byte	.LASF16
 170 0076 01       		.byte	0x1
 171 0077 3801     		.2byte	0x138
ARM GAS  C:\Users\user\AppData\Local\Temp\ccJThGQ8.s 			page 4


 172 0079 32000000 		.4byte	0x32
 173 007d 03       		.uleb128 0x3
 174 007e 04       		.byte	0x4
 175 007f 04       		.byte	0x4
 176 0080 C8010000 		.4byte	.LASF11
 177 0084 03       		.uleb128 0x3
 178 0085 08       		.byte	0x8
 179 0086 04       		.byte	0x4
 180 0087 A2010000 		.4byte	.LASF12
 181 008b 05       		.uleb128 0x5
 182 008c 71000000 		.4byte	0x71
 183 0090 9B000000 		.4byte	0x9b
 184 0094 06       		.uleb128 0x6
 185 0095 63000000 		.4byte	0x63
 186 0099 4F       		.byte	0x4f
 187 009a 00       		.byte	0
 188 009b 07       		.uleb128 0x7
 189 009c 74000000 		.4byte	.LASF17
 190 00a0 02       		.byte	0x2
 191 00a1 11       		.byte	0x11
 192 00a2 AC000000 		.4byte	0xac
 193 00a6 05       		.uleb128 0x5
 194 00a7 03       		.byte	0x3
 195 00a8 00000000 		.4byte	Filter_1_ChannelABiquadCoefficients
 196 00ac 08       		.uleb128 0x8
 197 00ad 8B000000 		.4byte	0x8b
 198 00b1 00       		.byte	0
 199              		.section	.debug_abbrev,"",%progbits
 200              	.Ldebug_abbrev0:
 201 0000 01       		.uleb128 0x1
 202 0001 11       		.uleb128 0x11
 203 0002 01       		.byte	0x1
 204 0003 25       		.uleb128 0x25
 205 0004 0E       		.uleb128 0xe
 206 0005 13       		.uleb128 0x13
 207 0006 0B       		.uleb128 0xb
 208 0007 03       		.uleb128 0x3
 209 0008 0E       		.uleb128 0xe
 210 0009 1B       		.uleb128 0x1b
 211 000a 0E       		.uleb128 0xe
 212 000b 10       		.uleb128 0x10
 213 000c 17       		.uleb128 0x17
 214 000d 00       		.byte	0
 215 000e 00       		.byte	0
 216 000f 02       		.uleb128 0x2
 217 0010 24       		.uleb128 0x24
 218 0011 00       		.byte	0
 219 0012 0B       		.uleb128 0xb
 220 0013 0B       		.uleb128 0xb
 221 0014 3E       		.uleb128 0x3e
 222 0015 0B       		.uleb128 0xb
 223 0016 03       		.uleb128 0x3
 224 0017 08       		.uleb128 0x8
 225 0018 00       		.byte	0
 226 0019 00       		.byte	0
 227 001a 03       		.uleb128 0x3
 228 001b 24       		.uleb128 0x24
ARM GAS  C:\Users\user\AppData\Local\Temp\ccJThGQ8.s 			page 5


 229 001c 00       		.byte	0
 230 001d 0B       		.uleb128 0xb
 231 001e 0B       		.uleb128 0xb
 232 001f 3E       		.uleb128 0x3e
 233 0020 0B       		.uleb128 0xb
 234 0021 03       		.uleb128 0x3
 235 0022 0E       		.uleb128 0xe
 236 0023 00       		.byte	0
 237 0024 00       		.byte	0
 238 0025 04       		.uleb128 0x4
 239 0026 16       		.uleb128 0x16
 240 0027 00       		.byte	0
 241 0028 03       		.uleb128 0x3
 242 0029 0E       		.uleb128 0xe
 243 002a 3A       		.uleb128 0x3a
 244 002b 0B       		.uleb128 0xb
 245 002c 3B       		.uleb128 0x3b
 246 002d 05       		.uleb128 0x5
 247 002e 49       		.uleb128 0x49
 248 002f 13       		.uleb128 0x13
 249 0030 00       		.byte	0
 250 0031 00       		.byte	0
 251 0032 05       		.uleb128 0x5
 252 0033 01       		.uleb128 0x1
 253 0034 01       		.byte	0x1
 254 0035 49       		.uleb128 0x49
 255 0036 13       		.uleb128 0x13
 256 0037 01       		.uleb128 0x1
 257 0038 13       		.uleb128 0x13
 258 0039 00       		.byte	0
 259 003a 00       		.byte	0
 260 003b 06       		.uleb128 0x6
 261 003c 21       		.uleb128 0x21
 262 003d 00       		.byte	0
 263 003e 49       		.uleb128 0x49
 264 003f 13       		.uleb128 0x13
 265 0040 2F       		.uleb128 0x2f
 266 0041 0B       		.uleb128 0xb
 267 0042 00       		.byte	0
 268 0043 00       		.byte	0
 269 0044 07       		.uleb128 0x7
 270 0045 34       		.uleb128 0x34
 271 0046 00       		.byte	0
 272 0047 03       		.uleb128 0x3
 273 0048 0E       		.uleb128 0xe
 274 0049 3A       		.uleb128 0x3a
 275 004a 0B       		.uleb128 0xb
 276 004b 3B       		.uleb128 0x3b
 277 004c 0B       		.uleb128 0xb
 278 004d 49       		.uleb128 0x49
 279 004e 13       		.uleb128 0x13
 280 004f 3F       		.uleb128 0x3f
 281 0050 19       		.uleb128 0x19
 282 0051 02       		.uleb128 0x2
 283 0052 18       		.uleb128 0x18
 284 0053 00       		.byte	0
 285 0054 00       		.byte	0
ARM GAS  C:\Users\user\AppData\Local\Temp\ccJThGQ8.s 			page 6


 286 0055 08       		.uleb128 0x8
 287 0056 26       		.uleb128 0x26
 288 0057 00       		.byte	0
 289 0058 49       		.uleb128 0x49
 290 0059 13       		.uleb128 0x13
 291 005a 00       		.byte	0
 292 005b 00       		.byte	0
 293 005c 00       		.byte	0
 294              		.section	.debug_aranges,"",%progbits
 295 0000 14000000 		.4byte	0x14
 296 0004 0200     		.2byte	0x2
 297 0006 00000000 		.4byte	.Ldebug_info0
 298 000a 04       		.byte	0x4
 299 000b 00       		.byte	0
 300 000c 0000     		.2byte	0
 301 000e 0000     		.2byte	0
 302 0010 00000000 		.4byte	0
 303 0014 00000000 		.4byte	0
 304              		.section	.debug_line,"",%progbits
 305              	.Ldebug_line0:
 306 0000 5A000000 		.section	.debug_str,"MS",%progbits,1
 306      02005400 
 306      00000201 
 306      FB0E0D00 
 306      01010101 
 307              	.LASF7:
 308 0000 6C6F6E67 		.ascii	"long long int\000"
 308      206C6F6E 
 308      6720696E 
 308      7400
 309              	.LASF0:
 310 000e 756E7369 		.ascii	"unsigned int\000"
 310      676E6564 
 310      20696E74 
 310      00
 311              	.LASF15:
 312 001b 443A5C55 		.ascii	"D:\\Utilisateurs\\user\\Documents\\PSoC Creator\\Wo"
 312      74696C69 
 312      73617465 
 312      7572735C 
 312      75736572 
 313 0049 726B7370 		.ascii	"rkspace02\\Delta_Sigma_DMA_Filter_IIR.cydsn\000"
 313      61636530 
 313      325C4465 
 313      6C74615F 
 313      5369676D 
 314              	.LASF17:
 315 0074 46696C74 		.ascii	"Filter_1_ChannelABiquadCoefficients\000"
 315      65725F31 
 315      5F436861 
 315      6E6E656C 
 315      41426971 
 316              	.LASF16:
 317 0098 75696E74 		.ascii	"uint8\000"
 317      3800
 318              	.LASF6:
 319 009e 6C6F6E67 		.ascii	"long unsigned int\000"
ARM GAS  C:\Users\user\AppData\Local\Temp\ccJThGQ8.s 			page 7


 319      20756E73 
 319      69676E65 
 319      6420696E 
 319      7400
 320              	.LASF14:
 321 00b0 2E5C4765 		.ascii	".\\Generated_Source\\PSoC5\\Filter_1_Coefficients.c"
 321      6E657261 
 321      7465645F 
 321      536F7572 
 321      63655C50 
 322 00e0 00       		.ascii	"\000"
 323              	.LASF8:
 324 00e1 6C6F6E67 		.ascii	"long long unsigned int\000"
 324      206C6F6E 
 324      6720756E 
 324      7369676E 
 324      65642069 
 325              	.LASF13:
 326 00f8 474E5520 		.ascii	"GNU C 4.9.3 20150303 (release) [ARM/embedded-4_9-br"
 326      4320342E 
 326      392E3320 
 326      32303135 
 326      30333033 
 327 012b 616E6368 		.ascii	"anch revision 221220] -mcpu=cortex-m3 -mthumb -g -O"
 327      20726576 
 327      6973696F 
 327      6E203232 
 327      31323230 
 328 015e 67202D66 		.ascii	"g -ffunction-sections -ffat-lto-objects\000"
 328      66756E63 
 328      74696F6E 
 328      2D736563 
 328      74696F6E 
 329              	.LASF2:
 330 0186 756E7369 		.ascii	"unsigned char\000"
 330      676E6564 
 330      20636861 
 330      7200
 331              	.LASF10:
 332 0194 63686172 		.ascii	"char\000"
 332      00
 333              	.LASF5:
 334 0199 6C6F6E67 		.ascii	"long int\000"
 334      20696E74 
 334      00
 335              	.LASF12:
 336 01a2 646F7562 		.ascii	"double\000"
 336      6C6500
 337              	.LASF4:
 338 01a9 73686F72 		.ascii	"short unsigned int\000"
 338      7420756E 
 338      7369676E 
 338      65642069 
 338      6E7400
 339              	.LASF1:
 340 01bc 7369676E 		.ascii	"signed char\000"
 340      65642063 
ARM GAS  C:\Users\user\AppData\Local\Temp\ccJThGQ8.s 			page 8


 340      68617200 
 341              	.LASF11:
 342 01c8 666C6F61 		.ascii	"float\000"
 342      7400
 343              	.LASF3:
 344 01ce 73686F72 		.ascii	"short int\000"
 344      7420696E 
 344      7400
 345              	.LASF9:
 346 01d8 73697A65 		.ascii	"sizetype\000"
 346      74797065 
 346      00
 347              		.ident	"GCC: (GNU Tools for ARM Embedded Processors) 4.9.3 20150303 (release) [ARM/embedded-4_9-br
