ARM GAS  C:\Users\user\AppData\Local\Temp\ccpRU5fK.s 			page 1


   1              		.syntax unified
   2              		.cpu cortex-m3
   3              		.fpu softvfp
   4              		.eabi_attribute 20, 1
   5              		.eabi_attribute 21, 1
   6              		.eabi_attribute 23, 3
   7              		.eabi_attribute 24, 1
   8              		.eabi_attribute 25, 1
   9              		.eabi_attribute 26, 1
  10              		.eabi_attribute 30, 1
  11              		.eabi_attribute 34, 1
  12              		.eabi_attribute 18, 4
  13              		.thumb
  14              		.file	"main.c"
  15              		.text
  16              	.Ltext0:
  17              		.cfi_sections	.debug_frame
  18              		.section	.text.DMA_1_Config,"ax",%progbits
  19              		.align	2
  20              		.global	DMA_1_Config
  21              		.thumb
  22              		.thumb_func
  23              		.type	DMA_1_Config, %function
  24              	DMA_1_Config:
  25              	.LFB63:
  26              		.file 1 ".\\main.c"
   1:.\main.c      **** /* ========================================
   2:.\main.c      ****  *
   3:.\main.c      ****  * Copyright YOUR COMPANY, THE YEAR
   4:.\main.c      ****  * All Rights Reserved
   5:.\main.c      ****  * UNPUBLISHED, LICENSED SOFTWARE.
   6:.\main.c      ****  *
   7:.\main.c      ****  * CONFIDENTIAL AND PROPRIETARY INFORMATION
   8:.\main.c      ****  * WHICH IS THE PROPERTY OF your company.
   9:.\main.c      ****  *
  10:.\main.c      ****  * ========================================
  11:.\main.c      **** */
  12:.\main.c      **** // INCLUDES ---------------------------------------------------------------------------------------
  13:.\main.c      **** #include <project.h>
  14:.\main.c      **** 
  15:.\main.c      **** // PRIVATE FUNCTIONS ------------------------------------------------------------------------------
  16:.\main.c      **** void DMA_1_Config(void)
  17:.\main.c      **** {
  27              		.loc 1 17 0
  28              		.cfi_startproc
  29              		@ args = 0, pretend = 0, frame = 0
  30              		@ frame_needed = 0, uses_anonymous_args = 0
  31 0000 38B5     		push	{r3, r4, r5, lr}
  32              		.cfi_def_cfa_offset 16
  33              		.cfi_offset 3, -16
  34              		.cfi_offset 4, -12
  35              		.cfi_offset 5, -8
  36              		.cfi_offset 14, -4
  18:.\main.c      ****     /* Defines for DMA_1 */
  19:.\main.c      ****     #define DMA_1_BYTES_PER_BURST 2
  20:.\main.c      ****     #define DMA_1_REQUEST_PER_BURST 1
  21:.\main.c      ****     #define DMA_1_SRC_BASE (CYDEV_PERIPH_BASE)
ARM GAS  C:\Users\user\AppData\Local\Temp\ccpRU5fK.s 			page 2


  22:.\main.c      ****     #define DMA_1_DST_BASE (CYDEV_PERIPH_BASE)
  23:.\main.c      **** 
  24:.\main.c      ****     /* Variable declarations for DMA_1 */
  25:.\main.c      ****     /* Move these variable declarations to the top of the function */
  26:.\main.c      ****     uint8 DMA_1_Chan;
  27:.\main.c      ****     uint8 DMA_1_TD[1];
  28:.\main.c      **** 
  29:.\main.c      ****     /* DMA Configuration for DMA_1 */
  30:.\main.c      ****     DMA_1_Chan = DMA_1_DmaInitialize(DMA_1_BYTES_PER_BURST, DMA_1_REQUEST_PER_BURST, 
  37              		.loc 1 30 0
  38 0002 0220     		movs	r0, #2
  39 0004 0121     		movs	r1, #1
  40 0006 4FF48042 		mov	r2, #16384
  41 000a 1346     		mov	r3, r2
  42 000c FFF7FEFF 		bl	DMA_1_DmaInitialize
  43              	.LVL0:
  44 0010 0546     		mov	r5, r0
  45              	.LVL1:
  31:.\main.c      ****         HI16(DMA_1_SRC_BASE), HI16(DMA_1_DST_BASE));
  32:.\main.c      ****     DMA_1_TD[0] = CyDmaTdAllocate();
  46              		.loc 1 32 0
  47 0012 FFF7FEFF 		bl	CyDmaTdAllocate
  48              	.LVL2:
  49 0016 0446     		mov	r4, r0
  33:.\main.c      ****     CyDmaTdSetConfiguration(DMA_1_TD[0], 2, DMA_1_TD[0], 0);
  50              		.loc 1 33 0
  51 0018 0221     		movs	r1, #2
  52 001a 0246     		mov	r2, r0
  53 001c 0023     		movs	r3, #0
  54 001e FFF7FEFF 		bl	CyDmaTdSetConfiguration
  55              	.LVL3:
  34:.\main.c      ****     CyDmaTdSetAddress(DMA_1_TD[0], LO16((uint32)ADC_DelSig_1_DEC_SAMP_PTR), LO16((uint32)Filter_1_S
  56              		.loc 1 34 0
  57 0022 2046     		mov	r0, r4
  58 0024 44F61061 		movw	r1, #19984
  59 0028 4CF2A072 		movw	r2, #51104
  60 002c FFF7FEFF 		bl	CyDmaTdSetAddress
  61              	.LVL4:
  35:.\main.c      ****     CyDmaChSetInitialTd(DMA_1_Chan, DMA_1_TD[0]);
  62              		.loc 1 35 0
  63 0030 2846     		mov	r0, r5
  64 0032 2146     		mov	r1, r4
  65 0034 FFF7FEFF 		bl	CyDmaChSetInitialTd
  66              	.LVL5:
  36:.\main.c      ****     CyDmaChEnable(DMA_1_Chan, 1);
  67              		.loc 1 36 0
  68 0038 2846     		mov	r0, r5
  69 003a 0121     		movs	r1, #1
  70 003c FFF7FEFF 		bl	CyDmaChEnable
  71              	.LVL6:
  72 0040 38BD     		pop	{r3, r4, r5, pc}
  73              		.cfi_endproc
  74              	.LFE63:
  75              		.size	DMA_1_Config, .-DMA_1_Config
  76 0042 00BF     		.section	.text.DMA_2_Config,"ax",%progbits
  77              		.align	2
  78              		.global	DMA_2_Config
ARM GAS  C:\Users\user\AppData\Local\Temp\ccpRU5fK.s 			page 3


  79              		.thumb
  80              		.thumb_func
  81              		.type	DMA_2_Config, %function
  82              	DMA_2_Config:
  83              	.LFB64:
  37:.\main.c      **** }
  38:.\main.c      **** 
  39:.\main.c      **** void DMA_2_Config(void)
  40:.\main.c      **** {
  84              		.loc 1 40 0
  85              		.cfi_startproc
  86              		@ args = 0, pretend = 0, frame = 0
  87              		@ frame_needed = 0, uses_anonymous_args = 0
  88 0000 38B5     		push	{r3, r4, r5, lr}
  89              		.cfi_def_cfa_offset 16
  90              		.cfi_offset 3, -16
  91              		.cfi_offset 4, -12
  92              		.cfi_offset 5, -8
  93              		.cfi_offset 14, -4
  41:.\main.c      ****     /* Defines for DMA_2 */
  42:.\main.c      ****     #define DMA_2_BYTES_PER_BURST 1
  43:.\main.c      ****     #define DMA_2_REQUEST_PER_BURST 1
  44:.\main.c      ****     #define DMA_2_SRC_BASE (CYDEV_PERIPH_BASE)
  45:.\main.c      ****     #define DMA_2_DST_BASE (CYDEV_PERIPH_BASE)
  46:.\main.c      **** 
  47:.\main.c      ****     /* Variable declarations for DMA_2 */
  48:.\main.c      ****     /* Move these variable declarations to the top of the function */
  49:.\main.c      ****     uint8 DMA_2_Chan;
  50:.\main.c      ****     uint8 DMA_2_TD[1];
  51:.\main.c      **** 
  52:.\main.c      ****     /* DMA Configuration for DMA_2 */
  53:.\main.c      ****     DMA_2_Chan = DMA_2_DmaInitialize(DMA_2_BYTES_PER_BURST, DMA_2_REQUEST_PER_BURST, 
  94              		.loc 1 53 0
  95 0002 0120     		movs	r0, #1
  96 0004 0146     		mov	r1, r0
  97 0006 4FF48042 		mov	r2, #16384
  98 000a 1346     		mov	r3, r2
  99 000c FFF7FEFF 		bl	DMA_2_DmaInitialize
 100              	.LVL7:
 101 0010 0546     		mov	r5, r0
 102              	.LVL8:
  54:.\main.c      ****         HI16(DMA_2_SRC_BASE), HI16(DMA_2_DST_BASE));
  55:.\main.c      ****     DMA_2_TD[0] = CyDmaTdAllocate();
 103              		.loc 1 55 0
 104 0012 FFF7FEFF 		bl	CyDmaTdAllocate
 105              	.LVL9:
 106 0016 0446     		mov	r4, r0
  56:.\main.c      ****     CyDmaTdSetConfiguration(DMA_2_TD[0], 1, DMA_2_TD[0], 0);
 107              		.loc 1 56 0
 108 0018 0121     		movs	r1, #1
 109 001a 0246     		mov	r2, r0
 110 001c 0023     		movs	r3, #0
 111 001e FFF7FEFF 		bl	CyDmaTdSetConfiguration
 112              	.LVL10:
  57:.\main.c      ****     CyDmaTdSetAddress(DMA_2_TD[0], LO16((uint32)Filter_1_HOLDAM_PTR), LO16((uint32)VDAC8_1_Data_PTR
 113              		.loc 1 57 0
 114 0022 2046     		mov	r0, r4
ARM GAS  C:\Users\user\AppData\Local\Temp\ccpRU5fK.s 			page 4


 115 0024 4CF2A971 		movw	r1, #51113
 116 0028 4FF4B742 		mov	r2, #23424
 117 002c FFF7FEFF 		bl	CyDmaTdSetAddress
 118              	.LVL11:
  58:.\main.c      ****     CyDmaChSetInitialTd(DMA_2_Chan, DMA_2_TD[0]);
 119              		.loc 1 58 0
 120 0030 2846     		mov	r0, r5
 121 0032 2146     		mov	r1, r4
 122 0034 FFF7FEFF 		bl	CyDmaChSetInitialTd
 123              	.LVL12:
  59:.\main.c      ****     CyDmaChEnable(DMA_2_Chan, 1);
 124              		.loc 1 59 0
 125 0038 2846     		mov	r0, r5
 126 003a 0121     		movs	r1, #1
 127 003c FFF7FEFF 		bl	CyDmaChEnable
 128              	.LVL13:
 129 0040 38BD     		pop	{r3, r4, r5, pc}
 130              		.cfi_endproc
 131              	.LFE64:
 132              		.size	DMA_2_Config, .-DMA_2_Config
 133 0042 00BF     		.section	.text.main,"ax",%progbits
 134              		.align	2
 135              		.global	main
 136              		.thumb
 137              		.thumb_func
 138              		.type	main, %function
 139              	main:
 140              	.LFB65:
  60:.\main.c      **** }
  61:.\main.c      ****     
  62:.\main.c      **** // MAIN -------------------------------------------------------------------------------------------
  63:.\main.c      **** int main()
  64:.\main.c      **** {
 141              		.loc 1 64 0
 142              		.cfi_startproc
 143              		@ Volatile: function does not return.
 144              		@ args = 0, pretend = 0, frame = 0
 145              		@ frame_needed = 0, uses_anonymous_args = 0
 146 0000 08B5     		push	{r3, lr}
 147              		.cfi_def_cfa_offset 8
 148              		.cfi_offset 3, -8
 149              		.cfi_offset 14, -4
  65:.\main.c      ****     //-----------------------//
  66:.\main.c      ****     //   START ALL MODULES   //
  67:.\main.c      ****     //-----------------------//
  68:.\main.c      ****     CyGlobalIntEnable; /* Enable global interrupts. */
 150              		.loc 1 68 0
 151              	@ 68 ".\main.c" 1
 152 0002 62B6     		CPSIE   i
 153              	@ 0 "" 2
  69:.\main.c      **** 
  70:.\main.c      ****     // Start ADC  
  71:.\main.c      ****     ADC_DelSig_1_Start();
 154              		.loc 1 71 0
 155              		.thumb
 156 0004 FFF7FEFF 		bl	ADC_DelSig_1_Start
 157              	.LVL14:
ARM GAS  C:\Users\user\AppData\Local\Temp\ccpRU5fK.s 			page 5


  72:.\main.c      ****     ADC_DelSig_1_StartConvert();
 158              		.loc 1 72 0
 159 0008 FFF7FEFF 		bl	ADC_DelSig_1_StartConvert
 160              	.LVL15:
  73:.\main.c      ****     
  74:.\main.c      ****     // Start DAC
  75:.\main.c      ****     VDAC8_1_Start();
 161              		.loc 1 75 0
 162 000c FFF7FEFF 		bl	VDAC8_1_Start
 163              	.LVL16:
  76:.\main.c      ****     
  77:.\main.c      ****     // Start Filter 
  78:.\main.c      ****     Filter_1_Start();
 164              		.loc 1 78 0
 165 0010 FFF7FEFF 		bl	Filter_1_Start
 166              	.LVL17:
  79:.\main.c      ****     Filter_1_SetCoherency(Filter_1_CHANNEL_A, Filter_1_KEY_MID);
 167              		.loc 1 79 0
 168 0014 0020     		movs	r0, #0
 169 0016 0121     		movs	r1, #1
 170 0018 FFF7FEFF 		bl	Filter_1_SetCoherency
 171              	.LVL18:
  80:.\main.c      ****     
  81:.\main.c      ****     // Configure DMA
  82:.\main.c      ****     DMA_1_Config();
 172              		.loc 1 82 0
 173 001c FFF7FEFF 		bl	DMA_1_Config
 174              	.LVL19:
  83:.\main.c      ****     DMA_2_Config();
 175              		.loc 1 83 0
 176 0020 FFF7FEFF 		bl	DMA_2_Config
 177              	.LVL20:
 178              	.L6:
  84:.\main.c      ****     
  85:.\main.c      ****     //-----------------------//
  86:.\main.c      ****     //     INIFINIT LOOP     //
  87:.\main.c      ****     //-----------------------//
  88:.\main.c      ****     for(;;)
  89:.\main.c      ****     {
  90:.\main.c      ****         
  91:.\main.c      ****     }
 179              		.loc 1 91 0 discriminator 1
 180 0024 FEE7     		b	.L6
 181              		.cfi_endproc
 182              	.LFE65:
 183              		.size	main, .-main
 184 0026 00BF     		.text
 185              	.Letext0:
 186              		.file 2 "c:\\program files (x86)\\cypress\\psoc creator\\3.3\\psoc creator\\import\\gnu\\arm\\4.9.
 187              		.file 3 "c:\\program files (x86)\\cypress\\psoc creator\\3.3\\psoc creator\\import\\gnu\\arm\\4.9.
 188              		.file 4 "Generated_Source\\PSoC5/cytypes.h"
 189              		.file 5 "Generated_Source\\PSoC5/DMA_1_dma.h"
 190              		.file 6 "Generated_Source\\PSoC5/CYDMAC.H"
 191              		.file 7 "Generated_Source\\PSoC5/DMA_2_dma.h"
 192              		.file 8 "Generated_Source\\PSoC5/ADC_DelSig_1.h"
 193              		.file 9 "Generated_Source\\PSoC5/VDAC8_1.h"
 194              		.file 10 "Generated_Source\\PSoC5/Filter_1.h"
ARM GAS  C:\Users\user\AppData\Local\Temp\ccpRU5fK.s 			page 6


 195              		.file 11 "Generated_Source\\PSoC5/core_cm3.h"
 196              		.section	.debug_info,"",%progbits
 197              	.Ldebug_info0:
 198 0000 00040000 		.4byte	0x400
 199 0004 0400     		.2byte	0x4
 200 0006 00000000 		.4byte	.Ldebug_abbrev0
 201 000a 04       		.byte	0x4
 202 000b 01       		.uleb128 0x1
 203 000c B2010000 		.4byte	.LASF37
 204 0010 01       		.byte	0x1
 205 0011 87000000 		.4byte	.LASF38
 206 0015 96020000 		.4byte	.LASF39
 207 0019 00000000 		.4byte	.Ldebug_ranges0+0
 208 001d 00000000 		.4byte	0
 209 0021 00000000 		.4byte	.Ldebug_line0
 210 0025 02       		.uleb128 0x2
 211 0026 01       		.byte	0x1
 212 0027 06       		.byte	0x6
 213 0028 EF020000 		.4byte	.LASF0
 214 002c 02       		.uleb128 0x2
 215 002d 01       		.byte	0x1
 216 002e 08       		.byte	0x8
 217 002f A1000000 		.4byte	.LASF1
 218 0033 02       		.uleb128 0x2
 219 0034 02       		.byte	0x2
 220 0035 05       		.byte	0x5
 221 0036 63020000 		.4byte	.LASF2
 222 003a 02       		.uleb128 0x2
 223 003b 02       		.byte	0x2
 224 003c 07       		.byte	0x7
 225 003d DE000000 		.4byte	.LASF3
 226 0041 03       		.uleb128 0x3
 227 0042 31000000 		.4byte	.LASF9
 228 0046 02       		.byte	0x2
 229 0047 3F       		.byte	0x3f
 230 0048 4C000000 		.4byte	0x4c
 231 004c 02       		.uleb128 0x2
 232 004d 04       		.byte	0x4
 233 004e 05       		.byte	0x5
 234 004f 73020000 		.4byte	.LASF4
 235 0053 02       		.uleb128 0x2
 236 0054 04       		.byte	0x4
 237 0055 07       		.byte	0x7
 238 0056 CC000000 		.4byte	.LASF5
 239 005a 02       		.uleb128 0x2
 240 005b 08       		.byte	0x8
 241 005c 05       		.byte	0x5
 242 005d 00000000 		.4byte	.LASF6
 243 0061 02       		.uleb128 0x2
 244 0062 08       		.byte	0x8
 245 0063 07       		.byte	0x7
 246 0064 92010000 		.4byte	.LASF7
 247 0068 04       		.uleb128 0x4
 248 0069 04       		.byte	0x4
 249 006a 05       		.byte	0x5
 250 006b 696E7400 		.ascii	"int\000"
 251 006f 02       		.uleb128 0x2
ARM GAS  C:\Users\user\AppData\Local\Temp\ccpRU5fK.s 			page 7


 252 0070 04       		.byte	0x4
 253 0071 07       		.byte	0x7
 254 0072 85010000 		.4byte	.LASF8
 255 0076 03       		.uleb128 0x3
 256 0077 40020000 		.4byte	.LASF10
 257 007b 03       		.byte	0x3
 258 007c 2C       		.byte	0x2c
 259 007d 41000000 		.4byte	0x41
 260 0081 05       		.uleb128 0x5
 261 0082 6D020000 		.4byte	.LASF11
 262 0086 04       		.byte	0x4
 263 0087 3801     		.2byte	0x138
 264 0089 2C000000 		.4byte	0x2c
 265 008d 05       		.uleb128 0x5
 266 008e 57010000 		.4byte	.LASF12
 267 0092 04       		.byte	0x4
 268 0093 3901     		.2byte	0x139
 269 0095 3A000000 		.4byte	0x3a
 270 0099 05       		.uleb128 0x5
 271 009a 5E010000 		.4byte	.LASF13
 272 009e 04       		.byte	0x4
 273 009f 3A01     		.2byte	0x13a
 274 00a1 53000000 		.4byte	0x53
 275 00a5 02       		.uleb128 0x2
 276 00a6 04       		.byte	0x4
 277 00a7 04       		.byte	0x4
 278 00a8 90000000 		.4byte	.LASF14
 279 00ac 02       		.uleb128 0x2
 280 00ad 08       		.byte	0x8
 281 00ae 04       		.byte	0x4
 282 00af 3D010000 		.4byte	.LASF15
 283 00b3 02       		.uleb128 0x2
 284 00b4 01       		.byte	0x1
 285 00b5 08       		.byte	0x8
 286 00b6 5E020000 		.4byte	.LASF16
 287 00ba 05       		.uleb128 0x5
 288 00bb 1D000000 		.4byte	.LASF17
 289 00bf 04       		.byte	0x4
 290 00c0 DA01     		.2byte	0x1da
 291 00c2 53000000 		.4byte	0x53
 292 00c6 05       		.uleb128 0x5
 293 00c7 AF000000 		.4byte	.LASF18
 294 00cb 04       		.byte	0x4
 295 00cc E201     		.2byte	0x1e2
 296 00ce D2000000 		.4byte	0xd2
 297 00d2 06       		.uleb128 0x6
 298 00d3 81000000 		.4byte	0x81
 299 00d7 02       		.uleb128 0x2
 300 00d8 04       		.byte	0x4
 301 00d9 07       		.byte	0x7
 302 00da 48020000 		.4byte	.LASF19
 303 00de 07       		.uleb128 0x7
 304 00df 51020000 		.4byte	.LASF20
 305 00e3 01       		.byte	0x1
 306 00e4 10       		.byte	0x10
 307 00e5 00000000 		.4byte	.LFB63
 308 00e9 42000000 		.4byte	.LFE63-.LFB63
ARM GAS  C:\Users\user\AppData\Local\Temp\ccpRU5fK.s 			page 8


 309 00ed 01       		.uleb128 0x1
 310 00ee 9C       		.byte	0x9c
 311 00ef B0010000 		.4byte	0x1b0
 312 00f3 08       		.uleb128 0x8
 313 00f4 26000000 		.4byte	.LASF22
 314 00f8 01       		.byte	0x1
 315 00f9 1A       		.byte	0x1a
 316 00fa 81000000 		.4byte	0x81
 317 00fe 01       		.uleb128 0x1
 318 00ff 55       		.byte	0x55
 319 0100 09       		.uleb128 0x9
 320 0101 05010000 		.4byte	.LASF24
 321 0105 01       		.byte	0x1
 322 0106 1B       		.byte	0x1b
 323 0107 B0010000 		.4byte	0x1b0
 324 010b 0A       		.uleb128 0xa
 325 010c 10000000 		.4byte	.LVL0
 326 0110 0B030000 		.4byte	0x30b
 327 0114 31010000 		.4byte	0x131
 328 0118 0B       		.uleb128 0xb
 329 0119 01       		.uleb128 0x1
 330 011a 53       		.byte	0x53
 331 011b 03       		.uleb128 0x3
 332 011c 0A       		.byte	0xa
 333 011d 0040     		.2byte	0x4000
 334 011f 0B       		.uleb128 0xb
 335 0120 01       		.uleb128 0x1
 336 0121 52       		.byte	0x52
 337 0122 03       		.uleb128 0x3
 338 0123 0A       		.byte	0xa
 339 0124 0040     		.2byte	0x4000
 340 0126 0B       		.uleb128 0xb
 341 0127 01       		.uleb128 0x1
 342 0128 51       		.byte	0x51
 343 0129 01       		.uleb128 0x1
 344 012a 31       		.byte	0x31
 345 012b 0B       		.uleb128 0xb
 346 012c 01       		.uleb128 0x1
 347 012d 50       		.byte	0x50
 348 012e 01       		.uleb128 0x1
 349 012f 32       		.byte	0x32
 350 0130 00       		.byte	0
 351 0131 0C       		.uleb128 0xc
 352 0132 16000000 		.4byte	.LVL2
 353 0136 2F030000 		.4byte	0x32f
 354 013a 0A       		.uleb128 0xa
 355 013b 22000000 		.4byte	.LVL3
 356 013f 3A030000 		.4byte	0x33a
 357 0143 5E010000 		.4byte	0x15e
 358 0147 0B       		.uleb128 0xb
 359 0148 01       		.uleb128 0x1
 360 0149 53       		.byte	0x53
 361 014a 01       		.uleb128 0x1
 362 014b 30       		.byte	0x30
 363 014c 0B       		.uleb128 0xb
 364 014d 01       		.uleb128 0x1
 365 014e 52       		.byte	0x52
ARM GAS  C:\Users\user\AppData\Local\Temp\ccpRU5fK.s 			page 9


 366 014f 02       		.uleb128 0x2
 367 0150 74       		.byte	0x74
 368 0151 00       		.sleb128 0
 369 0152 0B       		.uleb128 0xb
 370 0153 01       		.uleb128 0x1
 371 0154 51       		.byte	0x51
 372 0155 01       		.uleb128 0x1
 373 0156 32       		.byte	0x32
 374 0157 0B       		.uleb128 0xb
 375 0158 01       		.uleb128 0x1
 376 0159 50       		.byte	0x50
 377 015a 02       		.uleb128 0x2
 378 015b 74       		.byte	0x74
 379 015c 00       		.sleb128 0
 380 015d 00       		.byte	0
 381 015e 0A       		.uleb128 0xa
 382 015f 30000000 		.4byte	.LVL4
 383 0163 5E030000 		.4byte	0x35e
 384 0167 80010000 		.4byte	0x180
 385 016b 0B       		.uleb128 0xb
 386 016c 01       		.uleb128 0x1
 387 016d 52       		.byte	0x52
 388 016e 03       		.uleb128 0x3
 389 016f 0B       		.byte	0xb
 390 0170 A0C7     		.2byte	0xc7a0
 391 0172 0B       		.uleb128 0xb
 392 0173 01       		.uleb128 0x1
 393 0174 51       		.byte	0x51
 394 0175 03       		.uleb128 0x3
 395 0176 0A       		.byte	0xa
 396 0177 104E     		.2byte	0x4e10
 397 0179 0B       		.uleb128 0xb
 398 017a 01       		.uleb128 0x1
 399 017b 50       		.byte	0x50
 400 017c 02       		.uleb128 0x2
 401 017d 74       		.byte	0x74
 402 017e 00       		.sleb128 0
 403 017f 00       		.byte	0
 404 0180 0A       		.uleb128 0xa
 405 0181 38000000 		.4byte	.LVL5
 406 0185 7D030000 		.4byte	0x37d
 407 0189 9A010000 		.4byte	0x19a
 408 018d 0B       		.uleb128 0xb
 409 018e 01       		.uleb128 0x1
 410 018f 51       		.byte	0x51
 411 0190 02       		.uleb128 0x2
 412 0191 74       		.byte	0x74
 413 0192 00       		.sleb128 0
 414 0193 0B       		.uleb128 0xb
 415 0194 01       		.uleb128 0x1
 416 0195 50       		.byte	0x50
 417 0196 02       		.uleb128 0x2
 418 0197 75       		.byte	0x75
 419 0198 00       		.sleb128 0
 420 0199 00       		.byte	0
 421 019a 0D       		.uleb128 0xd
 422 019b 40000000 		.4byte	.LVL6
ARM GAS  C:\Users\user\AppData\Local\Temp\ccpRU5fK.s 			page 10


 423 019f 97030000 		.4byte	0x397
 424 01a3 0B       		.uleb128 0xb
 425 01a4 01       		.uleb128 0x1
 426 01a5 51       		.byte	0x51
 427 01a6 01       		.uleb128 0x1
 428 01a7 31       		.byte	0x31
 429 01a8 0B       		.uleb128 0xb
 430 01a9 01       		.uleb128 0x1
 431 01aa 50       		.byte	0x50
 432 01ab 02       		.uleb128 0x2
 433 01ac 75       		.byte	0x75
 434 01ad 00       		.sleb128 0
 435 01ae 00       		.byte	0
 436 01af 00       		.byte	0
 437 01b0 0E       		.uleb128 0xe
 438 01b1 81000000 		.4byte	0x81
 439 01b5 C0010000 		.4byte	0x1c0
 440 01b9 0F       		.uleb128 0xf
 441 01ba D7000000 		.4byte	0xd7
 442 01be 00       		.byte	0
 443 01bf 00       		.byte	0
 444 01c0 07       		.uleb128 0x7
 445 01c1 65010000 		.4byte	.LASF21
 446 01c5 01       		.byte	0x1
 447 01c6 27       		.byte	0x27
 448 01c7 00000000 		.4byte	.LFB64
 449 01cb 42000000 		.4byte	.LFE64-.LFB64
 450 01cf 01       		.uleb128 0x1
 451 01d0 9C       		.byte	0x9c
 452 01d1 92020000 		.4byte	0x292
 453 01d5 08       		.uleb128 0x8
 454 01d6 96000000 		.4byte	.LASF23
 455 01da 01       		.byte	0x1
 456 01db 31       		.byte	0x31
 457 01dc 81000000 		.4byte	0x81
 458 01e0 01       		.uleb128 0x1
 459 01e1 55       		.byte	0x55
 460 01e2 09       		.uleb128 0x9
 461 01e3 A9010000 		.4byte	.LASF25
 462 01e7 01       		.byte	0x1
 463 01e8 32       		.byte	0x32
 464 01e9 B0010000 		.4byte	0x1b0
 465 01ed 0A       		.uleb128 0xa
 466 01ee 10000000 		.4byte	.LVL7
 467 01f2 B1030000 		.4byte	0x3b1
 468 01f6 13020000 		.4byte	0x213
 469 01fa 0B       		.uleb128 0xb
 470 01fb 01       		.uleb128 0x1
 471 01fc 53       		.byte	0x53
 472 01fd 03       		.uleb128 0x3
 473 01fe 0A       		.byte	0xa
 474 01ff 0040     		.2byte	0x4000
 475 0201 0B       		.uleb128 0xb
 476 0202 01       		.uleb128 0x1
 477 0203 52       		.byte	0x52
 478 0204 03       		.uleb128 0x3
 479 0205 0A       		.byte	0xa
ARM GAS  C:\Users\user\AppData\Local\Temp\ccpRU5fK.s 			page 11


 480 0206 0040     		.2byte	0x4000
 481 0208 0B       		.uleb128 0xb
 482 0209 01       		.uleb128 0x1
 483 020a 51       		.byte	0x51
 484 020b 01       		.uleb128 0x1
 485 020c 31       		.byte	0x31
 486 020d 0B       		.uleb128 0xb
 487 020e 01       		.uleb128 0x1
 488 020f 50       		.byte	0x50
 489 0210 01       		.uleb128 0x1
 490 0211 31       		.byte	0x31
 491 0212 00       		.byte	0
 492 0213 0C       		.uleb128 0xc
 493 0214 16000000 		.4byte	.LVL9
 494 0218 2F030000 		.4byte	0x32f
 495 021c 0A       		.uleb128 0xa
 496 021d 22000000 		.4byte	.LVL10
 497 0221 3A030000 		.4byte	0x33a
 498 0225 40020000 		.4byte	0x240
 499 0229 0B       		.uleb128 0xb
 500 022a 01       		.uleb128 0x1
 501 022b 53       		.byte	0x53
 502 022c 01       		.uleb128 0x1
 503 022d 30       		.byte	0x30
 504 022e 0B       		.uleb128 0xb
 505 022f 01       		.uleb128 0x1
 506 0230 52       		.byte	0x52
 507 0231 02       		.uleb128 0x2
 508 0232 74       		.byte	0x74
 509 0233 00       		.sleb128 0
 510 0234 0B       		.uleb128 0xb
 511 0235 01       		.uleb128 0x1
 512 0236 51       		.byte	0x51
 513 0237 01       		.uleb128 0x1
 514 0238 31       		.byte	0x31
 515 0239 0B       		.uleb128 0xb
 516 023a 01       		.uleb128 0x1
 517 023b 50       		.byte	0x50
 518 023c 02       		.uleb128 0x2
 519 023d 74       		.byte	0x74
 520 023e 00       		.sleb128 0
 521 023f 00       		.byte	0
 522 0240 0A       		.uleb128 0xa
 523 0241 30000000 		.4byte	.LVL11
 524 0245 5E030000 		.4byte	0x35e
 525 0249 62020000 		.4byte	0x262
 526 024d 0B       		.uleb128 0xb
 527 024e 01       		.uleb128 0x1
 528 024f 52       		.byte	0x52
 529 0250 03       		.uleb128 0x3
 530 0251 0A       		.byte	0xa
 531 0252 805B     		.2byte	0x5b80
 532 0254 0B       		.uleb128 0xb
 533 0255 01       		.uleb128 0x1
 534 0256 51       		.byte	0x51
 535 0257 03       		.uleb128 0x3
 536 0258 0B       		.byte	0xb
ARM GAS  C:\Users\user\AppData\Local\Temp\ccpRU5fK.s 			page 12


 537 0259 A9C7     		.2byte	0xc7a9
 538 025b 0B       		.uleb128 0xb
 539 025c 01       		.uleb128 0x1
 540 025d 50       		.byte	0x50
 541 025e 02       		.uleb128 0x2
 542 025f 74       		.byte	0x74
 543 0260 00       		.sleb128 0
 544 0261 00       		.byte	0
 545 0262 0A       		.uleb128 0xa
 546 0263 38000000 		.4byte	.LVL12
 547 0267 7D030000 		.4byte	0x37d
 548 026b 7C020000 		.4byte	0x27c
 549 026f 0B       		.uleb128 0xb
 550 0270 01       		.uleb128 0x1
 551 0271 51       		.byte	0x51
 552 0272 02       		.uleb128 0x2
 553 0273 74       		.byte	0x74
 554 0274 00       		.sleb128 0
 555 0275 0B       		.uleb128 0xb
 556 0276 01       		.uleb128 0x1
 557 0277 50       		.byte	0x50
 558 0278 02       		.uleb128 0x2
 559 0279 75       		.byte	0x75
 560 027a 00       		.sleb128 0
 561 027b 00       		.byte	0
 562 027c 0D       		.uleb128 0xd
 563 027d 40000000 		.4byte	.LVL13
 564 0281 97030000 		.4byte	0x397
 565 0285 0B       		.uleb128 0xb
 566 0286 01       		.uleb128 0x1
 567 0287 51       		.byte	0x51
 568 0288 01       		.uleb128 0x1
 569 0289 31       		.byte	0x31
 570 028a 0B       		.uleb128 0xb
 571 028b 01       		.uleb128 0x1
 572 028c 50       		.byte	0x50
 573 028d 02       		.uleb128 0x2
 574 028e 75       		.byte	0x75
 575 028f 00       		.sleb128 0
 576 0290 00       		.byte	0
 577 0291 00       		.byte	0
 578 0292 10       		.uleb128 0x10
 579 0293 44010000 		.4byte	.LASF26
 580 0297 01       		.byte	0x1
 581 0298 3F       		.byte	0x3f
 582 0299 68000000 		.4byte	0x68
 583 029d 00000000 		.4byte	.LFB65
 584 02a1 26000000 		.4byte	.LFE65-.LFB65
 585 02a5 01       		.uleb128 0x1
 586 02a6 9C       		.byte	0x9c
 587 02a7 FA020000 		.4byte	0x2fa
 588 02ab 0C       		.uleb128 0xc
 589 02ac 08000000 		.4byte	.LVL14
 590 02b0 D5030000 		.4byte	0x3d5
 591 02b4 0C       		.uleb128 0xc
 592 02b5 0C000000 		.4byte	.LVL15
 593 02b9 DC030000 		.4byte	0x3dc
ARM GAS  C:\Users\user\AppData\Local\Temp\ccpRU5fK.s 			page 13


 594 02bd 0C       		.uleb128 0xc
 595 02be 10000000 		.4byte	.LVL16
 596 02c2 E3030000 		.4byte	0x3e3
 597 02c6 0C       		.uleb128 0xc
 598 02c7 14000000 		.4byte	.LVL17
 599 02cb EA030000 		.4byte	0x3ea
 600 02cf 0A       		.uleb128 0xa
 601 02d0 1C000000 		.4byte	.LVL18
 602 02d4 F1030000 		.4byte	0x3f1
 603 02d8 E7020000 		.4byte	0x2e7
 604 02dc 0B       		.uleb128 0xb
 605 02dd 01       		.uleb128 0x1
 606 02de 51       		.byte	0x51
 607 02df 01       		.uleb128 0x1
 608 02e0 31       		.byte	0x31
 609 02e1 0B       		.uleb128 0xb
 610 02e2 01       		.uleb128 0x1
 611 02e3 50       		.byte	0x50
 612 02e4 01       		.uleb128 0x1
 613 02e5 30       		.byte	0x30
 614 02e6 00       		.byte	0
 615 02e7 0C       		.uleb128 0xc
 616 02e8 20000000 		.4byte	.LVL19
 617 02ec DE000000 		.4byte	0xde
 618 02f0 0C       		.uleb128 0xc
 619 02f1 24000000 		.4byte	.LVL20
 620 02f5 C0010000 		.4byte	0x1c0
 621 02f9 00       		.byte	0
 622 02fa 11       		.uleb128 0x11
 623 02fb 0E010000 		.4byte	.LASF40
 624 02ff 0B       		.byte	0xb
 625 0300 5506     		.2byte	0x655
 626 0302 06030000 		.4byte	0x306
 627 0306 06       		.uleb128 0x6
 628 0307 76000000 		.4byte	0x76
 629 030b 12       		.uleb128 0x12
 630 030c 29010000 		.4byte	.LASF27
 631 0310 05       		.byte	0x5
 632 0311 1E       		.byte	0x1e
 633 0312 81000000 		.4byte	0x81
 634 0316 2F030000 		.4byte	0x32f
 635 031a 13       		.uleb128 0x13
 636 031b 81000000 		.4byte	0x81
 637 031f 13       		.uleb128 0x13
 638 0320 81000000 		.4byte	0x81
 639 0324 13       		.uleb128 0x13
 640 0325 8D000000 		.4byte	0x8d
 641 0329 13       		.uleb128 0x13
 642 032a 8D000000 		.4byte	0x8d
 643 032e 00       		.byte	0
 644 032f 14       		.uleb128 0x14
 645 0330 77000000 		.4byte	.LASF41
 646 0334 06       		.byte	0x6
 647 0335 39       		.byte	0x39
 648 0336 81000000 		.4byte	0x81
 649 033a 12       		.uleb128 0x12
 650 033b B4000000 		.4byte	.LASF28
ARM GAS  C:\Users\user\AppData\Local\Temp\ccpRU5fK.s 			page 14


 651 033f 06       		.byte	0x6
 652 0340 3C       		.byte	0x3c
 653 0341 BA000000 		.4byte	0xba
 654 0345 5E030000 		.4byte	0x35e
 655 0349 13       		.uleb128 0x13
 656 034a 81000000 		.4byte	0x81
 657 034e 13       		.uleb128 0x13
 658 034f 8D000000 		.4byte	0x8d
 659 0353 13       		.uleb128 0x13
 660 0354 81000000 		.4byte	0x81
 661 0358 13       		.uleb128 0x13
 662 0359 81000000 		.4byte	0x81
 663 035d 00       		.byte	0
 664 035e 12       		.uleb128 0x12
 665 035f 3B000000 		.4byte	.LASF29
 666 0363 06       		.byte	0x6
 667 0364 40       		.byte	0x40
 668 0365 BA000000 		.4byte	0xba
 669 0369 7D030000 		.4byte	0x37d
 670 036d 13       		.uleb128 0x13
 671 036e 81000000 		.4byte	0x81
 672 0372 13       		.uleb128 0x13
 673 0373 8D000000 		.4byte	0x8d
 674 0377 13       		.uleb128 0x13
 675 0378 8D000000 		.4byte	0x8d
 676 037c 00       		.byte	0
 677 037d 12       		.uleb128 0x12
 678 037e 4D000000 		.4byte	.LASF30
 679 0382 06       		.byte	0x6
 680 0383 30       		.byte	0x30
 681 0384 BA000000 		.4byte	0xba
 682 0388 97030000 		.4byte	0x397
 683 038c 13       		.uleb128 0x13
 684 038d 81000000 		.4byte	0x81
 685 0391 13       		.uleb128 0x13
 686 0392 81000000 		.4byte	0x81
 687 0396 00       		.byte	0
 688 0397 12       		.uleb128 0x12
 689 0398 49010000 		.4byte	.LASF31
 690 039c 06       		.byte	0x6
 691 039d 2A       		.byte	0x2a
 692 039e BA000000 		.4byte	0xba
 693 03a2 B1030000 		.4byte	0x3b1
 694 03a6 13       		.uleb128 0x13
 695 03a7 81000000 		.4byte	0x81
 696 03ab 13       		.uleb128 0x13
 697 03ac 81000000 		.4byte	0x81
 698 03b0 00       		.byte	0
 699 03b1 12       		.uleb128 0x12
 700 03b2 F1000000 		.4byte	.LASF32
 701 03b6 07       		.byte	0x7
 702 03b7 1E       		.byte	0x1e
 703 03b8 81000000 		.4byte	0x81
 704 03bc D5030000 		.4byte	0x3d5
 705 03c0 13       		.uleb128 0x13
 706 03c1 81000000 		.4byte	0x81
 707 03c5 13       		.uleb128 0x13
ARM GAS  C:\Users\user\AppData\Local\Temp\ccpRU5fK.s 			page 15


 708 03c6 81000000 		.4byte	0x81
 709 03ca 13       		.uleb128 0x13
 710 03cb 8D000000 		.4byte	0x8d
 711 03cf 13       		.uleb128 0x13
 712 03d0 8D000000 		.4byte	0x8d
 713 03d4 00       		.byte	0
 714 03d5 15       		.uleb128 0x15
 715 03d6 72010000 		.4byte	.LASF33
 716 03da 08       		.byte	0x8
 717 03db 3A       		.byte	0x3a
 718 03dc 15       		.uleb128 0x15
 719 03dd 7C020000 		.4byte	.LASF34
 720 03e1 08       		.byte	0x8
 721 03e2 3D       		.byte	0x3d
 722 03e3 15       		.uleb128 0x15
 723 03e4 1B010000 		.4byte	.LASF35
 724 03e8 09       		.byte	0x9
 725 03e9 33       		.byte	0x33
 726 03ea 15       		.uleb128 0x15
 727 03eb 0E000000 		.4byte	.LASF36
 728 03ef 0A       		.byte	0xa
 729 03f0 3C       		.byte	0x3c
 730 03f1 16       		.uleb128 0x16
 731 03f2 61000000 		.4byte	.LASF42
 732 03f6 0A       		.byte	0xa
 733 03f7 4A       		.byte	0x4a
 734 03f8 13       		.uleb128 0x13
 735 03f9 81000000 		.4byte	0x81
 736 03fd 13       		.uleb128 0x13
 737 03fe 81000000 		.4byte	0x81
 738 0402 00       		.byte	0
 739 0403 00       		.byte	0
 740              		.section	.debug_abbrev,"",%progbits
 741              	.Ldebug_abbrev0:
 742 0000 01       		.uleb128 0x1
 743 0001 11       		.uleb128 0x11
 744 0002 01       		.byte	0x1
 745 0003 25       		.uleb128 0x25
 746 0004 0E       		.uleb128 0xe
 747 0005 13       		.uleb128 0x13
 748 0006 0B       		.uleb128 0xb
 749 0007 03       		.uleb128 0x3
 750 0008 0E       		.uleb128 0xe
 751 0009 1B       		.uleb128 0x1b
 752 000a 0E       		.uleb128 0xe
 753 000b 55       		.uleb128 0x55
 754 000c 17       		.uleb128 0x17
 755 000d 11       		.uleb128 0x11
 756 000e 01       		.uleb128 0x1
 757 000f 10       		.uleb128 0x10
 758 0010 17       		.uleb128 0x17
 759 0011 00       		.byte	0
 760 0012 00       		.byte	0
 761 0013 02       		.uleb128 0x2
 762 0014 24       		.uleb128 0x24
 763 0015 00       		.byte	0
 764 0016 0B       		.uleb128 0xb
ARM GAS  C:\Users\user\AppData\Local\Temp\ccpRU5fK.s 			page 16


 765 0017 0B       		.uleb128 0xb
 766 0018 3E       		.uleb128 0x3e
 767 0019 0B       		.uleb128 0xb
 768 001a 03       		.uleb128 0x3
 769 001b 0E       		.uleb128 0xe
 770 001c 00       		.byte	0
 771 001d 00       		.byte	0
 772 001e 03       		.uleb128 0x3
 773 001f 16       		.uleb128 0x16
 774 0020 00       		.byte	0
 775 0021 03       		.uleb128 0x3
 776 0022 0E       		.uleb128 0xe
 777 0023 3A       		.uleb128 0x3a
 778 0024 0B       		.uleb128 0xb
 779 0025 3B       		.uleb128 0x3b
 780 0026 0B       		.uleb128 0xb
 781 0027 49       		.uleb128 0x49
 782 0028 13       		.uleb128 0x13
 783 0029 00       		.byte	0
 784 002a 00       		.byte	0
 785 002b 04       		.uleb128 0x4
 786 002c 24       		.uleb128 0x24
 787 002d 00       		.byte	0
 788 002e 0B       		.uleb128 0xb
 789 002f 0B       		.uleb128 0xb
 790 0030 3E       		.uleb128 0x3e
 791 0031 0B       		.uleb128 0xb
 792 0032 03       		.uleb128 0x3
 793 0033 08       		.uleb128 0x8
 794 0034 00       		.byte	0
 795 0035 00       		.byte	0
 796 0036 05       		.uleb128 0x5
 797 0037 16       		.uleb128 0x16
 798 0038 00       		.byte	0
 799 0039 03       		.uleb128 0x3
 800 003a 0E       		.uleb128 0xe
 801 003b 3A       		.uleb128 0x3a
 802 003c 0B       		.uleb128 0xb
 803 003d 3B       		.uleb128 0x3b
 804 003e 05       		.uleb128 0x5
 805 003f 49       		.uleb128 0x49
 806 0040 13       		.uleb128 0x13
 807 0041 00       		.byte	0
 808 0042 00       		.byte	0
 809 0043 06       		.uleb128 0x6
 810 0044 35       		.uleb128 0x35
 811 0045 00       		.byte	0
 812 0046 49       		.uleb128 0x49
 813 0047 13       		.uleb128 0x13
 814 0048 00       		.byte	0
 815 0049 00       		.byte	0
 816 004a 07       		.uleb128 0x7
 817 004b 2E       		.uleb128 0x2e
 818 004c 01       		.byte	0x1
 819 004d 3F       		.uleb128 0x3f
 820 004e 19       		.uleb128 0x19
 821 004f 03       		.uleb128 0x3
ARM GAS  C:\Users\user\AppData\Local\Temp\ccpRU5fK.s 			page 17


 822 0050 0E       		.uleb128 0xe
 823 0051 3A       		.uleb128 0x3a
 824 0052 0B       		.uleb128 0xb
 825 0053 3B       		.uleb128 0x3b
 826 0054 0B       		.uleb128 0xb
 827 0055 27       		.uleb128 0x27
 828 0056 19       		.uleb128 0x19
 829 0057 11       		.uleb128 0x11
 830 0058 01       		.uleb128 0x1
 831 0059 12       		.uleb128 0x12
 832 005a 06       		.uleb128 0x6
 833 005b 40       		.uleb128 0x40
 834 005c 18       		.uleb128 0x18
 835 005d 9742     		.uleb128 0x2117
 836 005f 19       		.uleb128 0x19
 837 0060 01       		.uleb128 0x1
 838 0061 13       		.uleb128 0x13
 839 0062 00       		.byte	0
 840 0063 00       		.byte	0
 841 0064 08       		.uleb128 0x8
 842 0065 34       		.uleb128 0x34
 843 0066 00       		.byte	0
 844 0067 03       		.uleb128 0x3
 845 0068 0E       		.uleb128 0xe
 846 0069 3A       		.uleb128 0x3a
 847 006a 0B       		.uleb128 0xb
 848 006b 3B       		.uleb128 0x3b
 849 006c 0B       		.uleb128 0xb
 850 006d 49       		.uleb128 0x49
 851 006e 13       		.uleb128 0x13
 852 006f 02       		.uleb128 0x2
 853 0070 18       		.uleb128 0x18
 854 0071 00       		.byte	0
 855 0072 00       		.byte	0
 856 0073 09       		.uleb128 0x9
 857 0074 34       		.uleb128 0x34
 858 0075 00       		.byte	0
 859 0076 03       		.uleb128 0x3
 860 0077 0E       		.uleb128 0xe
 861 0078 3A       		.uleb128 0x3a
 862 0079 0B       		.uleb128 0xb
 863 007a 3B       		.uleb128 0x3b
 864 007b 0B       		.uleb128 0xb
 865 007c 49       		.uleb128 0x49
 866 007d 13       		.uleb128 0x13
 867 007e 00       		.byte	0
 868 007f 00       		.byte	0
 869 0080 0A       		.uleb128 0xa
 870 0081 898201   		.uleb128 0x4109
 871 0084 01       		.byte	0x1
 872 0085 11       		.uleb128 0x11
 873 0086 01       		.uleb128 0x1
 874 0087 31       		.uleb128 0x31
 875 0088 13       		.uleb128 0x13
 876 0089 01       		.uleb128 0x1
 877 008a 13       		.uleb128 0x13
 878 008b 00       		.byte	0
ARM GAS  C:\Users\user\AppData\Local\Temp\ccpRU5fK.s 			page 18


 879 008c 00       		.byte	0
 880 008d 0B       		.uleb128 0xb
 881 008e 8A8201   		.uleb128 0x410a
 882 0091 00       		.byte	0
 883 0092 02       		.uleb128 0x2
 884 0093 18       		.uleb128 0x18
 885 0094 9142     		.uleb128 0x2111
 886 0096 18       		.uleb128 0x18
 887 0097 00       		.byte	0
 888 0098 00       		.byte	0
 889 0099 0C       		.uleb128 0xc
 890 009a 898201   		.uleb128 0x4109
 891 009d 00       		.byte	0
 892 009e 11       		.uleb128 0x11
 893 009f 01       		.uleb128 0x1
 894 00a0 31       		.uleb128 0x31
 895 00a1 13       		.uleb128 0x13
 896 00a2 00       		.byte	0
 897 00a3 00       		.byte	0
 898 00a4 0D       		.uleb128 0xd
 899 00a5 898201   		.uleb128 0x4109
 900 00a8 01       		.byte	0x1
 901 00a9 11       		.uleb128 0x11
 902 00aa 01       		.uleb128 0x1
 903 00ab 31       		.uleb128 0x31
 904 00ac 13       		.uleb128 0x13
 905 00ad 00       		.byte	0
 906 00ae 00       		.byte	0
 907 00af 0E       		.uleb128 0xe
 908 00b0 01       		.uleb128 0x1
 909 00b1 01       		.byte	0x1
 910 00b2 49       		.uleb128 0x49
 911 00b3 13       		.uleb128 0x13
 912 00b4 01       		.uleb128 0x1
 913 00b5 13       		.uleb128 0x13
 914 00b6 00       		.byte	0
 915 00b7 00       		.byte	0
 916 00b8 0F       		.uleb128 0xf
 917 00b9 21       		.uleb128 0x21
 918 00ba 00       		.byte	0
 919 00bb 49       		.uleb128 0x49
 920 00bc 13       		.uleb128 0x13
 921 00bd 2F       		.uleb128 0x2f
 922 00be 0B       		.uleb128 0xb
 923 00bf 00       		.byte	0
 924 00c0 00       		.byte	0
 925 00c1 10       		.uleb128 0x10
 926 00c2 2E       		.uleb128 0x2e
 927 00c3 01       		.byte	0x1
 928 00c4 3F       		.uleb128 0x3f
 929 00c5 19       		.uleb128 0x19
 930 00c6 03       		.uleb128 0x3
 931 00c7 0E       		.uleb128 0xe
 932 00c8 3A       		.uleb128 0x3a
 933 00c9 0B       		.uleb128 0xb
 934 00ca 3B       		.uleb128 0x3b
 935 00cb 0B       		.uleb128 0xb
ARM GAS  C:\Users\user\AppData\Local\Temp\ccpRU5fK.s 			page 19


 936 00cc 49       		.uleb128 0x49
 937 00cd 13       		.uleb128 0x13
 938 00ce 11       		.uleb128 0x11
 939 00cf 01       		.uleb128 0x1
 940 00d0 12       		.uleb128 0x12
 941 00d1 06       		.uleb128 0x6
 942 00d2 40       		.uleb128 0x40
 943 00d3 18       		.uleb128 0x18
 944 00d4 9742     		.uleb128 0x2117
 945 00d6 19       		.uleb128 0x19
 946 00d7 01       		.uleb128 0x1
 947 00d8 13       		.uleb128 0x13
 948 00d9 00       		.byte	0
 949 00da 00       		.byte	0
 950 00db 11       		.uleb128 0x11
 951 00dc 34       		.uleb128 0x34
 952 00dd 00       		.byte	0
 953 00de 03       		.uleb128 0x3
 954 00df 0E       		.uleb128 0xe
 955 00e0 3A       		.uleb128 0x3a
 956 00e1 0B       		.uleb128 0xb
 957 00e2 3B       		.uleb128 0x3b
 958 00e3 05       		.uleb128 0x5
 959 00e4 49       		.uleb128 0x49
 960 00e5 13       		.uleb128 0x13
 961 00e6 3F       		.uleb128 0x3f
 962 00e7 19       		.uleb128 0x19
 963 00e8 3C       		.uleb128 0x3c
 964 00e9 19       		.uleb128 0x19
 965 00ea 00       		.byte	0
 966 00eb 00       		.byte	0
 967 00ec 12       		.uleb128 0x12
 968 00ed 2E       		.uleb128 0x2e
 969 00ee 01       		.byte	0x1
 970 00ef 3F       		.uleb128 0x3f
 971 00f0 19       		.uleb128 0x19
 972 00f1 03       		.uleb128 0x3
 973 00f2 0E       		.uleb128 0xe
 974 00f3 3A       		.uleb128 0x3a
 975 00f4 0B       		.uleb128 0xb
 976 00f5 3B       		.uleb128 0x3b
 977 00f6 0B       		.uleb128 0xb
 978 00f7 27       		.uleb128 0x27
 979 00f8 19       		.uleb128 0x19
 980 00f9 49       		.uleb128 0x49
 981 00fa 13       		.uleb128 0x13
 982 00fb 3C       		.uleb128 0x3c
 983 00fc 19       		.uleb128 0x19
 984 00fd 01       		.uleb128 0x1
 985 00fe 13       		.uleb128 0x13
 986 00ff 00       		.byte	0
 987 0100 00       		.byte	0
 988 0101 13       		.uleb128 0x13
 989 0102 05       		.uleb128 0x5
 990 0103 00       		.byte	0
 991 0104 49       		.uleb128 0x49
 992 0105 13       		.uleb128 0x13
ARM GAS  C:\Users\user\AppData\Local\Temp\ccpRU5fK.s 			page 20


 993 0106 00       		.byte	0
 994 0107 00       		.byte	0
 995 0108 14       		.uleb128 0x14
 996 0109 2E       		.uleb128 0x2e
 997 010a 00       		.byte	0
 998 010b 3F       		.uleb128 0x3f
 999 010c 19       		.uleb128 0x19
 1000 010d 03       		.uleb128 0x3
 1001 010e 0E       		.uleb128 0xe
 1002 010f 3A       		.uleb128 0x3a
 1003 0110 0B       		.uleb128 0xb
 1004 0111 3B       		.uleb128 0x3b
 1005 0112 0B       		.uleb128 0xb
 1006 0113 27       		.uleb128 0x27
 1007 0114 19       		.uleb128 0x19
 1008 0115 49       		.uleb128 0x49
 1009 0116 13       		.uleb128 0x13
 1010 0117 3C       		.uleb128 0x3c
 1011 0118 19       		.uleb128 0x19
 1012 0119 00       		.byte	0
 1013 011a 00       		.byte	0
 1014 011b 15       		.uleb128 0x15
 1015 011c 2E       		.uleb128 0x2e
 1016 011d 00       		.byte	0
 1017 011e 3F       		.uleb128 0x3f
 1018 011f 19       		.uleb128 0x19
 1019 0120 03       		.uleb128 0x3
 1020 0121 0E       		.uleb128 0xe
 1021 0122 3A       		.uleb128 0x3a
 1022 0123 0B       		.uleb128 0xb
 1023 0124 3B       		.uleb128 0x3b
 1024 0125 0B       		.uleb128 0xb
 1025 0126 27       		.uleb128 0x27
 1026 0127 19       		.uleb128 0x19
 1027 0128 3C       		.uleb128 0x3c
 1028 0129 19       		.uleb128 0x19
 1029 012a 00       		.byte	0
 1030 012b 00       		.byte	0
 1031 012c 16       		.uleb128 0x16
 1032 012d 2E       		.uleb128 0x2e
 1033 012e 01       		.byte	0x1
 1034 012f 3F       		.uleb128 0x3f
 1035 0130 19       		.uleb128 0x19
 1036 0131 03       		.uleb128 0x3
 1037 0132 0E       		.uleb128 0xe
 1038 0133 3A       		.uleb128 0x3a
 1039 0134 0B       		.uleb128 0xb
 1040 0135 3B       		.uleb128 0x3b
 1041 0136 0B       		.uleb128 0xb
 1042 0137 27       		.uleb128 0x27
 1043 0138 19       		.uleb128 0x19
 1044 0139 3C       		.uleb128 0x3c
 1045 013a 19       		.uleb128 0x19
 1046 013b 00       		.byte	0
 1047 013c 00       		.byte	0
 1048 013d 00       		.byte	0
 1049              		.section	.debug_aranges,"",%progbits
ARM GAS  C:\Users\user\AppData\Local\Temp\ccpRU5fK.s 			page 21


 1050 0000 2C000000 		.4byte	0x2c
 1051 0004 0200     		.2byte	0x2
 1052 0006 00000000 		.4byte	.Ldebug_info0
 1053 000a 04       		.byte	0x4
 1054 000b 00       		.byte	0
 1055 000c 0000     		.2byte	0
 1056 000e 0000     		.2byte	0
 1057 0010 00000000 		.4byte	.LFB63
 1058 0014 42000000 		.4byte	.LFE63-.LFB63
 1059 0018 00000000 		.4byte	.LFB64
 1060 001c 42000000 		.4byte	.LFE64-.LFB64
 1061 0020 00000000 		.4byte	.LFB65
 1062 0024 26000000 		.4byte	.LFE65-.LFB65
 1063 0028 00000000 		.4byte	0
 1064 002c 00000000 		.4byte	0
 1065              		.section	.debug_ranges,"",%progbits
 1066              	.Ldebug_ranges0:
 1067 0000 00000000 		.4byte	.LFB63
 1068 0004 42000000 		.4byte	.LFE63
 1069 0008 00000000 		.4byte	.LFB64
 1070 000c 42000000 		.4byte	.LFE64
 1071 0010 00000000 		.4byte	.LFB65
 1072 0014 26000000 		.4byte	.LFE65
 1073 0018 00000000 		.4byte	0
 1074 001c 00000000 		.4byte	0
 1075              		.section	.debug_line,"",%progbits
 1076              	.Ldebug_line0:
 1077 0000 F0010000 		.section	.debug_str,"MS",%progbits,1
 1077      0200A001 
 1077      00000201 
 1077      FB0E0D00 
 1077      01010101 
 1078              	.LASF6:
 1079 0000 6C6F6E67 		.ascii	"long long int\000"
 1079      206C6F6E 
 1079      6720696E 
 1079      7400
 1080              	.LASF36:
 1081 000e 46696C74 		.ascii	"Filter_1_Start\000"
 1081      65725F31 
 1081      5F537461 
 1081      727400
 1082              	.LASF17:
 1083 001d 63797374 		.ascii	"cystatus\000"
 1083      61747573 
 1083      00
 1084              	.LASF22:
 1085 0026 444D415F 		.ascii	"DMA_1_Chan\000"
 1085      315F4368 
 1085      616E00
 1086              	.LASF9:
 1087 0031 5F5F696E 		.ascii	"__int32_t\000"
 1087      7433325F 
 1087      7400
 1088              	.LASF29:
 1089 003b 4379446D 		.ascii	"CyDmaTdSetAddress\000"
 1089      61546453 
ARM GAS  C:\Users\user\AppData\Local\Temp\ccpRU5fK.s 			page 22


 1089      65744164 
 1089      64726573 
 1089      7300
 1090              	.LASF30:
 1091 004d 4379446D 		.ascii	"CyDmaChSetInitialTd\000"
 1091      61436853 
 1091      6574496E 
 1091      69746961 
 1091      6C546400 
 1092              	.LASF42:
 1093 0061 46696C74 		.ascii	"Filter_1_SetCoherency\000"
 1093      65725F31 
 1093      5F536574 
 1093      436F6865 
 1093      72656E63 
 1094              	.LASF41:
 1095 0077 4379446D 		.ascii	"CyDmaTdAllocate\000"
 1095      61546441 
 1095      6C6C6F63 
 1095      61746500 
 1096              	.LASF38:
 1097 0087 2E5C6D61 		.ascii	".\\main.c\000"
 1097      696E2E63 
 1097      00
 1098              	.LASF14:
 1099 0090 666C6F61 		.ascii	"float\000"
 1099      7400
 1100              	.LASF23:
 1101 0096 444D415F 		.ascii	"DMA_2_Chan\000"
 1101      325F4368 
 1101      616E00
 1102              	.LASF1:
 1103 00a1 756E7369 		.ascii	"unsigned char\000"
 1103      676E6564 
 1103      20636861 
 1103      7200
 1104              	.LASF18:
 1105 00af 72656738 		.ascii	"reg8\000"
 1105      00
 1106              	.LASF28:
 1107 00b4 4379446D 		.ascii	"CyDmaTdSetConfiguration\000"
 1107      61546453 
 1107      6574436F 
 1107      6E666967 
 1107      75726174 
 1108              	.LASF5:
 1109 00cc 6C6F6E67 		.ascii	"long unsigned int\000"
 1109      20756E73 
 1109      69676E65 
 1109      6420696E 
 1109      7400
 1110              	.LASF3:
 1111 00de 73686F72 		.ascii	"short unsigned int\000"
 1111      7420756E 
 1111      7369676E 
 1111      65642069 
 1111      6E7400
ARM GAS  C:\Users\user\AppData\Local\Temp\ccpRU5fK.s 			page 23


 1112              	.LASF32:
 1113 00f1 444D415F 		.ascii	"DMA_2_DmaInitialize\000"
 1113      325F446D 
 1113      61496E69 
 1113      7469616C 
 1113      697A6500 
 1114              	.LASF24:
 1115 0105 444D415F 		.ascii	"DMA_1_TD\000"
 1115      315F5444 
 1115      00
 1116              	.LASF40:
 1117 010e 49544D5F 		.ascii	"ITM_RxBuffer\000"
 1117      52784275 
 1117      66666572 
 1117      00
 1118              	.LASF35:
 1119 011b 56444143 		.ascii	"VDAC8_1_Start\000"
 1119      385F315F 
 1119      53746172 
 1119      7400
 1120              	.LASF27:
 1121 0129 444D415F 		.ascii	"DMA_1_DmaInitialize\000"
 1121      315F446D 
 1121      61496E69 
 1121      7469616C 
 1121      697A6500 
 1122              	.LASF15:
 1123 013d 646F7562 		.ascii	"double\000"
 1123      6C6500
 1124              	.LASF26:
 1125 0144 6D61696E 		.ascii	"main\000"
 1125      00
 1126              	.LASF31:
 1127 0149 4379446D 		.ascii	"CyDmaChEnable\000"
 1127      61436845 
 1127      6E61626C 
 1127      6500
 1128              	.LASF12:
 1129 0157 75696E74 		.ascii	"uint16\000"
 1129      313600
 1130              	.LASF13:
 1131 015e 75696E74 		.ascii	"uint32\000"
 1131      333200
 1132              	.LASF21:
 1133 0165 444D415F 		.ascii	"DMA_2_Config\000"
 1133      325F436F 
 1133      6E666967 
 1133      00
 1134              	.LASF33:
 1135 0172 4144435F 		.ascii	"ADC_DelSig_1_Start\000"
 1135      44656C53 
 1135      69675F31 
 1135      5F537461 
 1135      727400
 1136              	.LASF8:
 1137 0185 756E7369 		.ascii	"unsigned int\000"
 1137      676E6564 
ARM GAS  C:\Users\user\AppData\Local\Temp\ccpRU5fK.s 			page 24


 1137      20696E74 
 1137      00
 1138              	.LASF7:
 1139 0192 6C6F6E67 		.ascii	"long long unsigned int\000"
 1139      206C6F6E 
 1139      6720756E 
 1139      7369676E 
 1139      65642069 
 1140              	.LASF25:
 1141 01a9 444D415F 		.ascii	"DMA_2_TD\000"
 1141      325F5444 
 1141      00
 1142              	.LASF37:
 1143 01b2 474E5520 		.ascii	"GNU C 4.9.3 20150303 (release) [ARM/embedded-4_9-br"
 1143      4320342E 
 1143      392E3320 
 1143      32303135 
 1143      30333033 
 1144 01e5 616E6368 		.ascii	"anch revision 221220] -mcpu=cortex-m3 -mthumb -g -O"
 1144      20726576 
 1144      6973696F 
 1144      6E203232 
 1144      31323230 
 1145 0218 67202D66 		.ascii	"g -ffunction-sections -ffat-lto-objects\000"
 1145      66756E63 
 1145      74696F6E 
 1145      2D736563 
 1145      74696F6E 
 1146              	.LASF10:
 1147 0240 696E7433 		.ascii	"int32_t\000"
 1147      325F7400 
 1148              	.LASF19:
 1149 0248 73697A65 		.ascii	"sizetype\000"
 1149      74797065 
 1149      00
 1150              	.LASF20:
 1151 0251 444D415F 		.ascii	"DMA_1_Config\000"
 1151      315F436F 
 1151      6E666967 
 1151      00
 1152              	.LASF16:
 1153 025e 63686172 		.ascii	"char\000"
 1153      00
 1154              	.LASF2:
 1155 0263 73686F72 		.ascii	"short int\000"
 1155      7420696E 
 1155      7400
 1156              	.LASF11:
 1157 026d 75696E74 		.ascii	"uint8\000"
 1157      3800
 1158              	.LASF4:
 1159 0273 6C6F6E67 		.ascii	"long int\000"
 1159      20696E74 
 1159      00
 1160              	.LASF34:
 1161 027c 4144435F 		.ascii	"ADC_DelSig_1_StartConvert\000"
 1161      44656C53 
ARM GAS  C:\Users\user\AppData\Local\Temp\ccpRU5fK.s 			page 25


 1161      69675F31 
 1161      5F537461 
 1161      7274436F 
 1162              	.LASF39:
 1163 0296 443A5C55 		.ascii	"D:\\Utilisateurs\\user\\Documents\\PSoC Creator\\Wo"
 1163      74696C69 
 1163      73617465 
 1163      7572735C 
 1163      75736572 
 1164 02c4 726B7370 		.ascii	"rkspace02\\Delta_Sigma_DMA_Filter_IIR.cydsn\000"
 1164      61636530 
 1164      325C4465 
 1164      6C74615F 
 1164      5369676D 
 1165              	.LASF0:
 1166 02ef 7369676E 		.ascii	"signed char\000"
 1166      65642063 
 1166      68617200 
 1167              		.ident	"GCC: (GNU Tools for ARM Embedded Processors) 4.9.3 20150303 (release) [ARM/embedded-4_9-br
