ARM GAS  C:\Users\user\AppData\Local\Temp\cc3sx7ne.s 			page 1


   1              		.syntax unified
   2              		.cpu cortex-m3
   3              		.fpu softvfp
   4              		.eabi_attribute 20, 1
   5              		.eabi_attribute 21, 1
   6              		.eabi_attribute 23, 3
   7              		.eabi_attribute 24, 1
   8              		.eabi_attribute 25, 1
   9              		.eabi_attribute 26, 1
  10              		.eabi_attribute 30, 1
  11              		.eabi_attribute 34, 1
  12              		.eabi_attribute 18, 4
  13              		.thumb
  14              		.file	"cymetadata.c"
  15              		.text
  16              	.Ltext0:
  17              		.cfi_sections	.debug_frame
  18              		.global	cy_metadata
  19              		.global	cy_meta_flashprotect
  20              		.global	cy_meta_wonvl
  21              		.global	cy_meta_custnvl
  22              		.global	cy_meta_configecc
  23              		.section	.cyconfigecc,"a",%progbits
  24              		.align	2
  25              		.type	cy_meta_configecc, %object
  26              		.size	cy_meta_configecc, 88
  27              	cy_meta_configecc:
  28 0000 02       		.byte	2
  29 0001 4F       		.byte	79
  30 0002 00       		.byte	0
  31 0003 40       		.byte	64
  32 0004 01       		.byte	1
  33 0005 07       		.byte	7
  34 0006 01       		.byte	1
  35 0007 40       		.byte	64
  36 0008 01       		.byte	1
  37 0009 09       		.byte	9
  38 000a 01       		.byte	1
  39 000b 40       		.byte	64
  40 000c 04       		.byte	4
  41 000d 0A       		.byte	10
  42 000e 01       		.byte	1
  43 000f 40       		.byte	64
  44 0010 01       		.byte	1
  45 0011 0B       		.byte	11
  46 0012 01       		.byte	1
  47 0013 40       		.byte	64
  48 0014 02       		.byte	2
  49 0015 40       		.byte	64
  50 0016 01       		.byte	1
  51 0017 40       		.byte	64
  52 0018 01       		.byte	1
  53 0019 41       		.byte	65
  54 001a 01       		.byte	1
  55 001b 40       		.byte	64
  56 001c 05       		.byte	5
  57 001d 42       		.byte	66
ARM GAS  C:\Users\user\AppData\Local\Temp\cc3sx7ne.s 			page 2


  58 001e 01       		.byte	1
  59 001f 40       		.byte	64
  60 0020 02       		.byte	2
  61 0021 43       		.byte	67
  62 0022 01       		.byte	1
  63 0023 40       		.byte	64
  64 0024 01       		.byte	1
  65 0025 51       		.byte	81
  66 0026 01       		.byte	1
  67 0027 40       		.byte	64
  68 0028 01       		.byte	1
  69 0029 80       		.byte	-128
  70 002a 0A       		.byte	10
  71 002b 4B       		.byte	75
  72 002c EE       		.byte	-18
  73 002d 08       		.byte	8
  74 002e AF       		.byte	-81
  75 002f 20       		.byte	32
  76 0030 B8       		.byte	-72
  77 0031 20       		.byte	32
  78 0032 BE       		.byte	-66
  79 0033 10       		.byte	16
  80 0034 D8       		.byte	-40
  81 0035 04       		.byte	4
  82 0036 DF       		.byte	-33
  83 0037 01       		.byte	1
  84 0038 1F       		.byte	31
  85 0039 20       		.byte	32
  86 003a 3E       		.byte	62
  87 003b 40       		.byte	64
  88 003c CE       		.byte	-50
  89 003d 20       		.byte	32
  90 003e 96       		.byte	-106
  91 003f 40       		.byte	64
  92 0040 1A       		.byte	26
  93 0041 40       		.byte	64
  94 0042 63       		.byte	99
  95 0043 02       		.byte	2
  96 0044 96       		.byte	-106
  97 0045 40       		.byte	64
  98 0046 C6       		.byte	-58
  99 0047 10       		.byte	16
 100 0048 D6       		.byte	-42
 101 0049 40       		.byte	64
 102 004a AF       		.byte	-81
 103 004b 01       		.byte	1
 104 004c EE       		.byte	-18
 105 004d 10       		.byte	16
 106 004e 10       		.byte	16
 107 004f 02       		.byte	2
 108 0050 00       		.byte	0
 109 0051 00       		.byte	0
 110 0052 00       		.byte	0
 111 0053 00       		.byte	0
 112 0054 00       		.byte	0
 113 0055 00       		.byte	0
 114 0056 40       		.byte	64
ARM GAS  C:\Users\user\AppData\Local\Temp\cc3sx7ne.s 			page 3


 115 0057 00       		.byte	0
 116              		.section	.cywolatch,"a",%progbits
 117              		.align	2
 118              		.type	cy_meta_wonvl, %object
 119              		.size	cy_meta_wonvl, 4
 120              	cy_meta_wonvl:
 121 0000 BC       		.byte	-68
 122 0001 90       		.byte	-112
 123 0002 AC       		.byte	-84
 124 0003 AF       		.byte	-81
 125              		.section	.cycustnvl,"a",%progbits
 126              		.align	2
 127              		.type	cy_meta_custnvl, %object
 128              		.size	cy_meta_custnvl, 4
 129              	cy_meta_custnvl:
 130 0000 00       		.byte	0
 131 0001 00       		.byte	0
 132 0002 40       		.byte	64
 133 0003 05       		.byte	5
 134              		.section	.cymeta,"a",%progbits
 135              		.align	2
 136              		.type	cy_metadata, %object
 137              		.size	cy_metadata, 12
 138              	cy_metadata:
 139 0000 00       		.byte	0
 140 0001 01       		.byte	1
 141 0002 2E       		.byte	46
 142 0003 16       		.byte	22
 143 0004 10       		.byte	16
 144 0005 69       		.byte	105
 145 0006 00       		.byte	0
 146 0007 01       		.byte	1
 147 0008 00       		.byte	0
 148 0009 00       		.byte	0
 149 000a 00       		.byte	0
 150 000b 00       		.byte	0
 151              		.section	.cyflashprotect,"a",%progbits
 152              		.align	2
 153              		.type	cy_meta_flashprotect, %object
 154              		.size	cy_meta_flashprotect, 256
 155              	cy_meta_flashprotect:
 156 0000 00000000 		.space	256
 156      00000000 
 156      00000000 
 156      00000000 
 156      00000000 
 157              		.text
 158              	.Letext0:
 159              		.file 1 ".\\Generated_Source\\PSoC5\\cymetadata.c"
 160              		.file 2 ".\\Generated_Source\\PSoC5\\cytypes.h"
 161              		.section	.debug_info,"",%progbits
 162              	.Ldebug_info0:
 163 0000 36010000 		.4byte	0x136
 164 0004 0400     		.2byte	0x4
 165 0006 00000000 		.4byte	.Ldebug_abbrev0
 166 000a 04       		.byte	0x4
 167 000b 01       		.uleb128 0x1
ARM GAS  C:\Users\user\AppData\Local\Temp\cc3sx7ne.s 			page 4


 168 000c EF000000 		.4byte	.LASF18
 169 0010 01       		.byte	0x1
 170 0011 00000000 		.4byte	.LASF19
 171 0015 72000000 		.4byte	.LASF20
 172 0019 00000000 		.4byte	.Ldebug_line0
 173 001d 02       		.uleb128 0x2
 174 001e 01       		.byte	0x1
 175 001f 06       		.byte	0x6
 176 0020 F9010000 		.4byte	.LASF0
 177 0024 02       		.uleb128 0x2
 178 0025 01       		.byte	0x1
 179 0026 08       		.byte	0x8
 180 0027 3F000000 		.4byte	.LASF1
 181 002b 02       		.uleb128 0x2
 182 002c 02       		.byte	0x2
 183 002d 05       		.byte	0x5
 184 002e E0010000 		.4byte	.LASF2
 185 0032 02       		.uleb128 0x2
 186 0033 02       		.byte	0x2
 187 0034 07       		.byte	0x7
 188 0035 5F000000 		.4byte	.LASF3
 189 0039 02       		.uleb128 0x2
 190 003a 04       		.byte	0x4
 191 003b 05       		.byte	0x5
 192 003c F0010000 		.4byte	.LASF4
 193 0040 02       		.uleb128 0x2
 194 0041 04       		.byte	0x4
 195 0042 07       		.byte	0x7
 196 0043 4D000000 		.4byte	.LASF5
 197 0047 02       		.uleb128 0x2
 198 0048 08       		.byte	0x8
 199 0049 05       		.byte	0x5
 200 004a CD010000 		.4byte	.LASF6
 201 004e 02       		.uleb128 0x2
 202 004f 08       		.byte	0x8
 203 0050 07       		.byte	0x7
 204 0051 8A010000 		.4byte	.LASF7
 205 0055 03       		.uleb128 0x3
 206 0056 04       		.byte	0x4
 207 0057 05       		.byte	0x5
 208 0058 696E7400 		.ascii	"int\000"
 209 005c 02       		.uleb128 0x2
 210 005d 04       		.byte	0x4
 211 005e 07       		.byte	0x7
 212 005f 7D010000 		.4byte	.LASF8
 213 0063 04       		.uleb128 0x4
 214 0064 EA010000 		.4byte	.LASF21
 215 0068 02       		.byte	0x2
 216 0069 3801     		.2byte	0x138
 217 006b 24000000 		.4byte	0x24
 218 006f 02       		.uleb128 0x2
 219 0070 04       		.byte	0x4
 220 0071 04       		.byte	0x4
 221 0072 39000000 		.4byte	.LASF9
 222 0076 02       		.uleb128 0x2
 223 0077 08       		.byte	0x8
 224 0078 04       		.byte	0x4
ARM GAS  C:\Users\user\AppData\Local\Temp\cc3sx7ne.s 			page 5


 225 0079 26000000 		.4byte	.LASF10
 226 007d 02       		.uleb128 0x2
 227 007e 01       		.byte	0x1
 228 007f 08       		.byte	0x8
 229 0080 DB010000 		.4byte	.LASF11
 230 0084 05       		.uleb128 0x5
 231 0085 63000000 		.4byte	0x63
 232 0089 94000000 		.4byte	0x94
 233 008d 06       		.uleb128 0x6
 234 008e 94000000 		.4byte	0x94
 235 0092 57       		.byte	0x57
 236 0093 00       		.byte	0
 237 0094 02       		.uleb128 0x2
 238 0095 04       		.byte	0x4
 239 0096 07       		.byte	0x7
 240 0097 C4010000 		.4byte	.LASF12
 241 009b 07       		.uleb128 0x7
 242 009c DD000000 		.4byte	.LASF13
 243 00a0 01       		.byte	0x1
 244 00a1 1F       		.byte	0x1f
 245 00a2 AC000000 		.4byte	0xac
 246 00a6 05       		.uleb128 0x5
 247 00a7 03       		.byte	0x3
 248 00a8 00000000 		.4byte	cy_meta_configecc
 249 00ac 08       		.uleb128 0x8
 250 00ad 84000000 		.4byte	0x84
 251 00b1 05       		.uleb128 0x5
 252 00b2 63000000 		.4byte	0x63
 253 00b6 C1000000 		.4byte	0xc1
 254 00ba 06       		.uleb128 0x6
 255 00bb 94000000 		.4byte	0x94
 256 00bf 03       		.byte	0x3
 257 00c0 00       		.byte	0
 258 00c1 07       		.uleb128 0x7
 259 00c2 CD000000 		.4byte	.LASF14
 260 00c6 01       		.byte	0x1
 261 00c7 37       		.byte	0x37
 262 00c8 D2000000 		.4byte	0xd2
 263 00cc 05       		.uleb128 0x5
 264 00cd 03       		.byte	0x3
 265 00ce 00000000 		.4byte	cy_meta_custnvl
 266 00d2 08       		.uleb128 0x8
 267 00d3 B1000000 		.4byte	0xb1
 268 00d7 07       		.uleb128 0x7
 269 00d8 B6010000 		.4byte	.LASF15
 270 00dc 01       		.byte	0x1
 271 00dd 45       		.byte	0x45
 272 00de E8000000 		.4byte	0xe8
 273 00e2 05       		.uleb128 0x5
 274 00e3 03       		.byte	0x3
 275 00e4 00000000 		.4byte	cy_meta_wonvl
 276 00e8 08       		.uleb128 0x8
 277 00e9 B1000000 		.4byte	0xb1
 278 00ed 05       		.uleb128 0x5
 279 00ee 63000000 		.4byte	0x63
 280 00f2 FD000000 		.4byte	0xfd
 281 00f6 06       		.uleb128 0x6
ARM GAS  C:\Users\user\AppData\Local\Temp\cc3sx7ne.s 			page 6


 282 00f7 94000000 		.4byte	0x94
 283 00fb FF       		.byte	0xff
 284 00fc 00       		.byte	0
 285 00fd 07       		.uleb128 0x7
 286 00fe A1010000 		.4byte	.LASF16
 287 0102 01       		.byte	0x1
 288 0103 53       		.byte	0x53
 289 0104 0E010000 		.4byte	0x10e
 290 0108 05       		.uleb128 0x5
 291 0109 03       		.byte	0x3
 292 010a 00000000 		.4byte	cy_meta_flashprotect
 293 010e 08       		.uleb128 0x8
 294 010f ED000000 		.4byte	0xed
 295 0113 05       		.uleb128 0x5
 296 0114 63000000 		.4byte	0x63
 297 0118 23010000 		.4byte	0x123
 298 011c 06       		.uleb128 0x6
 299 011d 94000000 		.4byte	0x94
 300 0121 0B       		.byte	0xb
 301 0122 00       		.byte	0
 302 0123 07       		.uleb128 0x7
 303 0124 2D000000 		.4byte	.LASF17
 304 0128 01       		.byte	0x1
 305 0129 80       		.byte	0x80
 306 012a 34010000 		.4byte	0x134
 307 012e 05       		.uleb128 0x5
 308 012f 03       		.byte	0x3
 309 0130 00000000 		.4byte	cy_metadata
 310 0134 08       		.uleb128 0x8
 311 0135 13010000 		.4byte	0x113
 312 0139 00       		.byte	0
 313              		.section	.debug_abbrev,"",%progbits
 314              	.Ldebug_abbrev0:
 315 0000 01       		.uleb128 0x1
 316 0001 11       		.uleb128 0x11
 317 0002 01       		.byte	0x1
 318 0003 25       		.uleb128 0x25
 319 0004 0E       		.uleb128 0xe
 320 0005 13       		.uleb128 0x13
 321 0006 0B       		.uleb128 0xb
 322 0007 03       		.uleb128 0x3
 323 0008 0E       		.uleb128 0xe
 324 0009 1B       		.uleb128 0x1b
 325 000a 0E       		.uleb128 0xe
 326 000b 10       		.uleb128 0x10
 327 000c 17       		.uleb128 0x17
 328 000d 00       		.byte	0
 329 000e 00       		.byte	0
 330 000f 02       		.uleb128 0x2
 331 0010 24       		.uleb128 0x24
 332 0011 00       		.byte	0
 333 0012 0B       		.uleb128 0xb
 334 0013 0B       		.uleb128 0xb
 335 0014 3E       		.uleb128 0x3e
 336 0015 0B       		.uleb128 0xb
 337 0016 03       		.uleb128 0x3
 338 0017 0E       		.uleb128 0xe
ARM GAS  C:\Users\user\AppData\Local\Temp\cc3sx7ne.s 			page 7


 339 0018 00       		.byte	0
 340 0019 00       		.byte	0
 341 001a 03       		.uleb128 0x3
 342 001b 24       		.uleb128 0x24
 343 001c 00       		.byte	0
 344 001d 0B       		.uleb128 0xb
 345 001e 0B       		.uleb128 0xb
 346 001f 3E       		.uleb128 0x3e
 347 0020 0B       		.uleb128 0xb
 348 0021 03       		.uleb128 0x3
 349 0022 08       		.uleb128 0x8
 350 0023 00       		.byte	0
 351 0024 00       		.byte	0
 352 0025 04       		.uleb128 0x4
 353 0026 16       		.uleb128 0x16
 354 0027 00       		.byte	0
 355 0028 03       		.uleb128 0x3
 356 0029 0E       		.uleb128 0xe
 357 002a 3A       		.uleb128 0x3a
 358 002b 0B       		.uleb128 0xb
 359 002c 3B       		.uleb128 0x3b
 360 002d 05       		.uleb128 0x5
 361 002e 49       		.uleb128 0x49
 362 002f 13       		.uleb128 0x13
 363 0030 00       		.byte	0
 364 0031 00       		.byte	0
 365 0032 05       		.uleb128 0x5
 366 0033 01       		.uleb128 0x1
 367 0034 01       		.byte	0x1
 368 0035 49       		.uleb128 0x49
 369 0036 13       		.uleb128 0x13
 370 0037 01       		.uleb128 0x1
 371 0038 13       		.uleb128 0x13
 372 0039 00       		.byte	0
 373 003a 00       		.byte	0
 374 003b 06       		.uleb128 0x6
 375 003c 21       		.uleb128 0x21
 376 003d 00       		.byte	0
 377 003e 49       		.uleb128 0x49
 378 003f 13       		.uleb128 0x13
 379 0040 2F       		.uleb128 0x2f
 380 0041 0B       		.uleb128 0xb
 381 0042 00       		.byte	0
 382 0043 00       		.byte	0
 383 0044 07       		.uleb128 0x7
 384 0045 34       		.uleb128 0x34
 385 0046 00       		.byte	0
 386 0047 03       		.uleb128 0x3
 387 0048 0E       		.uleb128 0xe
 388 0049 3A       		.uleb128 0x3a
 389 004a 0B       		.uleb128 0xb
 390 004b 3B       		.uleb128 0x3b
 391 004c 0B       		.uleb128 0xb
 392 004d 49       		.uleb128 0x49
 393 004e 13       		.uleb128 0x13
 394 004f 3F       		.uleb128 0x3f
 395 0050 19       		.uleb128 0x19
ARM GAS  C:\Users\user\AppData\Local\Temp\cc3sx7ne.s 			page 8


 396 0051 02       		.uleb128 0x2
 397 0052 18       		.uleb128 0x18
 398 0053 00       		.byte	0
 399 0054 00       		.byte	0
 400 0055 08       		.uleb128 0x8
 401 0056 26       		.uleb128 0x26
 402 0057 00       		.byte	0
 403 0058 49       		.uleb128 0x49
 404 0059 13       		.uleb128 0x13
 405 005a 00       		.byte	0
 406 005b 00       		.byte	0
 407 005c 00       		.byte	0
 408              		.section	.debug_aranges,"",%progbits
 409 0000 14000000 		.4byte	0x14
 410 0004 0200     		.2byte	0x2
 411 0006 00000000 		.4byte	.Ldebug_info0
 412 000a 04       		.byte	0x4
 413 000b 00       		.byte	0
 414 000c 0000     		.2byte	0
 415 000e 0000     		.2byte	0
 416 0010 00000000 		.4byte	0
 417 0014 00000000 		.4byte	0
 418              		.section	.debug_line,"",%progbits
 419              	.Ldebug_line0:
 420 0000 4F000000 		.section	.debug_str,"MS",%progbits,1
 420      02004900 
 420      00000201 
 420      FB0E0D00 
 420      01010101 
 421              	.LASF19:
 422 0000 2E5C4765 		.ascii	".\\Generated_Source\\PSoC5\\cymetadata.c\000"
 422      6E657261 
 422      7465645F 
 422      536F7572 
 422      63655C50 
 423              	.LASF10:
 424 0026 646F7562 		.ascii	"double\000"
 424      6C6500
 425              	.LASF17:
 426 002d 63795F6D 		.ascii	"cy_metadata\000"
 426      65746164 
 426      61746100 
 427              	.LASF9:
 428 0039 666C6F61 		.ascii	"float\000"
 428      7400
 429              	.LASF1:
 430 003f 756E7369 		.ascii	"unsigned char\000"
 430      676E6564 
 430      20636861 
 430      7200
 431              	.LASF5:
 432 004d 6C6F6E67 		.ascii	"long unsigned int\000"
 432      20756E73 
 432      69676E65 
 432      6420696E 
 432      7400
 433              	.LASF3:
ARM GAS  C:\Users\user\AppData\Local\Temp\cc3sx7ne.s 			page 9


 434 005f 73686F72 		.ascii	"short unsigned int\000"
 434      7420756E 
 434      7369676E 
 434      65642069 
 434      6E7400
 435              	.LASF20:
 436 0072 443A5C55 		.ascii	"D:\\Utilisateurs\\user\\Documents\\PSoC Creator\\Wo"
 436      74696C69 
 436      73617465 
 436      7572735C 
 436      75736572 
 437 00a0 726B7370 		.ascii	"rkspace02\\Generation_signal_analogique.cydsn\000"
 437      61636530 
 437      325C4765 
 437      6E657261 
 437      74696F6E 
 438              	.LASF14:
 439 00cd 63795F6D 		.ascii	"cy_meta_custnvl\000"
 439      6574615F 
 439      63757374 
 439      6E766C00 
 440              	.LASF13:
 441 00dd 63795F6D 		.ascii	"cy_meta_configecc\000"
 441      6574615F 
 441      636F6E66 
 441      69676563 
 441      6300
 442              	.LASF18:
 443 00ef 474E5520 		.ascii	"GNU C 4.9.3 20150303 (release) [ARM/embedded-4_9-br"
 443      4320342E 
 443      392E3320 
 443      32303135 
 443      30333033 
 444 0122 616E6368 		.ascii	"anch revision 221220] -mcpu=cortex-m3 -mthumb -g -O"
 444      20726576 
 444      6973696F 
 444      6E203232 
 444      31323230 
 445 0155 67202D66 		.ascii	"g -ffunction-sections -ffat-lto-objects\000"
 445      66756E63 
 445      74696F6E 
 445      2D736563 
 445      74696F6E 
 446              	.LASF8:
 447 017d 756E7369 		.ascii	"unsigned int\000"
 447      676E6564 
 447      20696E74 
 447      00
 448              	.LASF7:
 449 018a 6C6F6E67 		.ascii	"long long unsigned int\000"
 449      206C6F6E 
 449      6720756E 
 449      7369676E 
 449      65642069 
 450              	.LASF16:
 451 01a1 63795F6D 		.ascii	"cy_meta_flashprotect\000"
 451      6574615F 
ARM GAS  C:\Users\user\AppData\Local\Temp\cc3sx7ne.s 			page 10


 451      666C6173 
 451      6870726F 
 451      74656374 
 452              	.LASF15:
 453 01b6 63795F6D 		.ascii	"cy_meta_wonvl\000"
 453      6574615F 
 453      776F6E76 
 453      6C00
 454              	.LASF12:
 455 01c4 73697A65 		.ascii	"sizetype\000"
 455      74797065 
 455      00
 456              	.LASF6:
 457 01cd 6C6F6E67 		.ascii	"long long int\000"
 457      206C6F6E 
 457      6720696E 
 457      7400
 458              	.LASF11:
 459 01db 63686172 		.ascii	"char\000"
 459      00
 460              	.LASF2:
 461 01e0 73686F72 		.ascii	"short int\000"
 461      7420696E 
 461      7400
 462              	.LASF21:
 463 01ea 75696E74 		.ascii	"uint8\000"
 463      3800
 464              	.LASF4:
 465 01f0 6C6F6E67 		.ascii	"long int\000"
 465      20696E74 
 465      00
 466              	.LASF0:
 467 01f9 7369676E 		.ascii	"signed char\000"
 467      65642063 
 467      68617200 
 468              		.ident	"GCC: (GNU Tools for ARM Embedded Processors) 4.9.3 20150303 (release) [ARM/embedded-4_9-br
