ARM GAS  C:\Users\user\AppData\Local\Temp\ccTBUUc2.s 			page 1


   1              		.syntax unified
   2              		.cpu cortex-m3
   3              		.fpu softvfp
   4              		.eabi_attribute 20, 1
   5              		.eabi_attribute 21, 1
   6              		.eabi_attribute 23, 3
   7              		.eabi_attribute 24, 1
   8              		.eabi_attribute 25, 1
   9              		.eabi_attribute 26, 1
  10              		.eabi_attribute 30, 1
  11              		.eabi_attribute 34, 1
  12              		.eabi_attribute 18, 4
  13              		.thumb
  14              		.file	"main.c"
  15              		.text
  16              	.Ltext0:
  17              		.cfi_sections	.debug_frame
  18              		.section	.text.main,"ax",%progbits
  19              		.align	2
  20              		.global	main
  21              		.thumb
  22              		.thumb_func
  23              		.type	main, %function
  24              	main:
  25              	.LFB63:
  26              		.file 1 ".\\main.c"
   1:.\main.c      **** /* ========================================
   2:.\main.c      ****  *
   3:.\main.c      ****  * Copyright YOUR COMPANY, THE YEAR
   4:.\main.c      ****  * All Rights Reserved
   5:.\main.c      ****  * UNPUBLISHED, LICENSED SOFTWARE.
   6:.\main.c      ****  *
   7:.\main.c      ****  * CONFIDENTIAL AND PROPRIETARY INFORMATION
   8:.\main.c      ****  * WHICH IS THE PROPERTY OF your company.
   9:.\main.c      ****  *
  10:.\main.c      ****  * ========================================
  11:.\main.c      **** */
  12:.\main.c      **** // Includes
  13:.\main.c      **** #include <project.h>
  14:.\main.c      **** 
  15:.\main.c      **** // Variable declaration
  16:.\main.c      **** int8_t adc_value; 
  17:.\main.c      ****     
  18:.\main.c      **** // MAIN
  19:.\main.c      **** int main()
  20:.\main.c      **** {
  27              		.loc 1 20 0
  28              		.cfi_startproc
  29              		@ args = 0, pretend = 0, frame = 0
  30              		@ frame_needed = 0, uses_anonymous_args = 0
  31 0000 38B5     		push	{r3, r4, r5, lr}
  32              		.cfi_def_cfa_offset 16
  33              		.cfi_offset 3, -16
  34              		.cfi_offset 4, -12
  35              		.cfi_offset 5, -8
  36              		.cfi_offset 14, -4
  21:.\main.c      ****     //-----------------------//
ARM GAS  C:\Users\user\AppData\Local\Temp\ccTBUUc2.s 			page 2


  22:.\main.c      ****     //   START ALL MODULES   //
  23:.\main.c      ****     //-----------------------//
  24:.\main.c      ****     CyGlobalIntEnable; /* Enable global interrupts. */
  37              		.loc 1 24 0
  38              	@ 24 ".\main.c" 1
  39 0002 62B6     		CPSIE   i
  40              	@ 0 "" 2
  25:.\main.c      **** 
  26:.\main.c      ****     // Start ADC  
  27:.\main.c      ****     ADC_DelSig_1_Start();
  41              		.loc 1 27 0
  42              		.thumb
  43 0004 FFF7FEFF 		bl	ADC_DelSig_1_Start
  44              	.LVL0:
  28:.\main.c      ****     
  29:.\main.c      ****     // Start DAC
  30:.\main.c      ****     VDAC8_1_Start();
  45              		.loc 1 30 0
  46 0008 FFF7FEFF 		bl	VDAC8_1_Start
  47              	.LVL1:
  31:.\main.c      ****     
  32:.\main.c      ****     //-----------------------//
  33:.\main.c      ****     //    INITIALIZATION     //
  34:.\main.c      ****     //-----------------------//
  35:.\main.c      ****     //Start ADC conversion
  36:.\main.c      ****     ADC_DelSig_1_StartConvert();
  48              		.loc 1 36 0
  49 000c FFF7FEFF 		bl	ADC_DelSig_1_StartConvert
  50              	.LVL2:
  37:.\main.c      ****     
  38:.\main.c      ****         // Configure DMA
  39:.\main.c      ****     /* Defines for DMA_1 */
  40:.\main.c      ****     #define DMA_1_BYTES_PER_BURST 1
  41:.\main.c      ****     #define DMA_1_REQUEST_PER_BURST 1
  42:.\main.c      ****     #define DMA_1_SRC_BASE (CYDEV_PERIPH_BASE)
  43:.\main.c      ****     #define DMA_1_DST_BASE (CYDEV_PERIPH_BASE)
  44:.\main.c      **** 
  45:.\main.c      ****     /* Variable declarations for DMA_1 */
  46:.\main.c      ****     /* Move these variable declarations to the top of the function */
  47:.\main.c      ****     uint8 DMA_1_Chan;
  48:.\main.c      ****     uint8 DMA_1_TD[1];
  49:.\main.c      **** 
  50:.\main.c      ****     /* DMA Configuration for DMA_1 */
  51:.\main.c      ****     DMA_1_Chan = DMA_1_DmaInitialize(DMA_1_BYTES_PER_BURST, DMA_1_REQUEST_PER_BURST, 
  51              		.loc 1 51 0
  52 0010 0120     		movs	r0, #1
  53 0012 0146     		mov	r1, r0
  54 0014 4FF48042 		mov	r2, #16384
  55 0018 1346     		mov	r3, r2
  56 001a FFF7FEFF 		bl	DMA_1_DmaInitialize
  57              	.LVL3:
  58 001e 0546     		mov	r5, r0
  59              	.LVL4:
  52:.\main.c      ****                                      HI16(DMA_1_SRC_BASE), HI16(DMA_1_DST_BASE));
  53:.\main.c      ****     DMA_1_TD[0] = CyDmaTdAllocate();
  60              		.loc 1 53 0
  61 0020 FFF7FEFF 		bl	CyDmaTdAllocate
ARM GAS  C:\Users\user\AppData\Local\Temp\ccTBUUc2.s 			page 3


  62              	.LVL5:
  63 0024 0446     		mov	r4, r0
  54:.\main.c      ****     CyDmaTdSetConfiguration(DMA_1_TD[0], 1, DMA_1_TD[0], 0);
  64              		.loc 1 54 0
  65 0026 0121     		movs	r1, #1
  66 0028 0246     		mov	r2, r0
  67 002a 0023     		movs	r3, #0
  68 002c FFF7FEFF 		bl	CyDmaTdSetConfiguration
  69              	.LVL6:
  55:.\main.c      ****     CyDmaTdSetAddress(DMA_1_TD[0], LO16((uint32)ADC_DelSig_1_DEC_SAMP_PTR), LO16((uint32)VDAC8_1_Da
  70              		.loc 1 55 0
  71 0030 2046     		mov	r0, r4
  72 0032 44F61061 		movw	r1, #19984
  73 0036 4FF4B742 		mov	r2, #23424
  74 003a FFF7FEFF 		bl	CyDmaTdSetAddress
  75              	.LVL7:
  56:.\main.c      ****     CyDmaChSetInitialTd(DMA_1_Chan, DMA_1_TD[0]);
  76              		.loc 1 56 0
  77 003e 2846     		mov	r0, r5
  78 0040 2146     		mov	r1, r4
  79 0042 FFF7FEFF 		bl	CyDmaChSetInitialTd
  80              	.LVL8:
  57:.\main.c      ****     CyDmaChEnable(DMA_1_Chan, 1);
  81              		.loc 1 57 0
  82 0046 2846     		mov	r0, r5
  83 0048 0121     		movs	r1, #1
  84 004a FFF7FEFF 		bl	CyDmaChEnable
  85              	.LVL9:
  86              	.L2:
  58:.\main.c      ****     
  59:.\main.c      ****     //-----------------------//
  60:.\main.c      ****     //     INIFINIT LOOP     //
  61:.\main.c      ****     //-----------------------//
  62:.\main.c      ****     for(;;)
  63:.\main.c      ****     {
  64:.\main.c      **** 
  65:.\main.c      ****     }
  87              		.loc 1 65 0 discriminator 1
  88 004e FEE7     		b	.L2
  89              		.cfi_endproc
  90              	.LFE63:
  91              		.size	main, .-main
  92              		.comm	adc_value,1,1
  93              		.text
  94              	.Letext0:
  95              		.file 2 "c:\\program files (x86)\\cypress\\psoc creator\\3.3\\psoc creator\\import\\gnu\\arm\\4.9.
  96              		.file 3 "c:\\program files (x86)\\cypress\\psoc creator\\3.3\\psoc creator\\import\\gnu\\arm\\4.9.
  97              		.file 4 "Generated_Source\\PSoC5/cytypes.h"
  98              		.file 5 "Generated_Source\\PSoC5/core_cm3.h"
  99              		.file 6 "Generated_Source\\PSoC5/ADC_DelSig_1.h"
 100              		.file 7 "Generated_Source\\PSoC5/VDAC8_1.h"
 101              		.file 8 "Generated_Source\\PSoC5/DMA_1_dma.h"
 102              		.file 9 "Generated_Source\\PSoC5/CYDMAC.H"
 103              		.section	.debug_info,"",%progbits
 104              	.Ldebug_info0:
 105 0000 CB020000 		.4byte	0x2cb
 106 0004 0400     		.2byte	0x4
ARM GAS  C:\Users\user\AppData\Local\Temp\ccTBUUc2.s 			page 4


 107 0006 00000000 		.4byte	.Ldebug_abbrev0
 108 000a 04       		.byte	0x4
 109 000b 01       		.uleb128 0x1
 110 000c 71010000 		.4byte	.LASF31
 111 0010 01       		.byte	0x1
 112 0011 B2000000 		.4byte	.LASF32
 113 0015 1D000000 		.4byte	.LASF33
 114 0019 00000000 		.4byte	.Ldebug_ranges0+0
 115 001d 00000000 		.4byte	0
 116 0021 00000000 		.4byte	.Ldebug_line0
 117 0025 02       		.uleb128 0x2
 118 0026 09000000 		.4byte	.LASF4
 119 002a 02       		.byte	0x2
 120 002b 1B       		.byte	0x1b
 121 002c 30000000 		.4byte	0x30
 122 0030 03       		.uleb128 0x3
 123 0031 01       		.byte	0x1
 124 0032 06       		.byte	0x6
 125 0033 97020000 		.4byte	.LASF0
 126 0037 03       		.uleb128 0x3
 127 0038 01       		.byte	0x1
 128 0039 08       		.byte	0x8
 129 003a C1000000 		.4byte	.LASF1
 130 003e 03       		.uleb128 0x3
 131 003f 02       		.byte	0x2
 132 0040 05       		.byte	0x5
 133 0041 64020000 		.4byte	.LASF2
 134 0045 03       		.uleb128 0x3
 135 0046 02       		.byte	0x2
 136 0047 07       		.byte	0x7
 137 0048 FE000000 		.4byte	.LASF3
 138 004c 02       		.uleb128 0x2
 139 004d 6B000000 		.4byte	.LASF5
 140 0051 02       		.byte	0x2
 141 0052 3F       		.byte	0x3f
 142 0053 57000000 		.4byte	0x57
 143 0057 03       		.uleb128 0x3
 144 0058 04       		.byte	0x4
 145 0059 05       		.byte	0x5
 146 005a 74020000 		.4byte	.LASF6
 147 005e 03       		.uleb128 0x3
 148 005f 04       		.byte	0x4
 149 0060 07       		.byte	0x7
 150 0061 EC000000 		.4byte	.LASF7
 151 0065 03       		.uleb128 0x3
 152 0066 08       		.byte	0x8
 153 0067 05       		.byte	0x5
 154 0068 51020000 		.4byte	.LASF8
 155 006c 03       		.uleb128 0x3
 156 006d 08       		.byte	0x8
 157 006e 07       		.byte	0x7
 158 006f 1F020000 		.4byte	.LASF9
 159 0073 04       		.uleb128 0x4
 160 0074 04       		.byte	0x4
 161 0075 05       		.byte	0x5
 162 0076 696E7400 		.ascii	"int\000"
 163 007a 03       		.uleb128 0x3
ARM GAS  C:\Users\user\AppData\Local\Temp\ccTBUUc2.s 			page 5


 164 007b 04       		.byte	0x4
 165 007c 07       		.byte	0x7
 166 007d 12020000 		.4byte	.LASF10
 167 0081 02       		.uleb128 0x2
 168 0082 9B000000 		.4byte	.LASF11
 169 0086 03       		.byte	0x3
 170 0087 14       		.byte	0x14
 171 0088 25000000 		.4byte	0x25
 172 008c 02       		.uleb128 0x2
 173 008d 40020000 		.4byte	.LASF12
 174 0091 03       		.byte	0x3
 175 0092 2C       		.byte	0x2c
 176 0093 4C000000 		.4byte	0x4c
 177 0097 05       		.uleb128 0x5
 178 0098 6E020000 		.4byte	.LASF13
 179 009c 04       		.byte	0x4
 180 009d 3801     		.2byte	0x138
 181 009f 37000000 		.4byte	0x37
 182 00a3 05       		.uleb128 0x5
 183 00a4 63010000 		.4byte	.LASF14
 184 00a8 04       		.byte	0x4
 185 00a9 3901     		.2byte	0x139
 186 00ab 45000000 		.4byte	0x45
 187 00af 05       		.uleb128 0x5
 188 00b0 6A010000 		.4byte	.LASF15
 189 00b4 04       		.byte	0x4
 190 00b5 3A01     		.2byte	0x13a
 191 00b7 5E000000 		.4byte	0x5e
 192 00bb 03       		.uleb128 0x3
 193 00bc 04       		.byte	0x4
 194 00bd 04       		.byte	0x4
 195 00be BB000000 		.4byte	.LASF16
 196 00c2 03       		.uleb128 0x3
 197 00c3 08       		.byte	0x8
 198 00c4 04       		.byte	0x4
 199 00c5 49010000 		.4byte	.LASF17
 200 00c9 03       		.uleb128 0x3
 201 00ca 01       		.byte	0x1
 202 00cb 08       		.byte	0x8
 203 00cc 5F020000 		.4byte	.LASF18
 204 00d0 05       		.uleb128 0x5
 205 00d1 00000000 		.4byte	.LASF19
 206 00d5 04       		.byte	0x4
 207 00d6 DA01     		.2byte	0x1da
 208 00d8 5E000000 		.4byte	0x5e
 209 00dc 05       		.uleb128 0x5
 210 00dd CF000000 		.4byte	.LASF20
 211 00e1 04       		.byte	0x4
 212 00e2 E201     		.2byte	0x1e2
 213 00e4 E8000000 		.4byte	0xe8
 214 00e8 06       		.uleb128 0x6
 215 00e9 97000000 		.4byte	0x97
 216 00ed 03       		.uleb128 0x3
 217 00ee 04       		.byte	0x4
 218 00ef 07       		.byte	0x7
 219 00f0 48020000 		.4byte	.LASF21
 220 00f4 07       		.uleb128 0x7
ARM GAS  C:\Users\user\AppData\Local\Temp\ccTBUUc2.s 			page 6


 221 00f5 50010000 		.4byte	.LASF34
 222 00f9 01       		.byte	0x1
 223 00fa 13       		.byte	0x13
 224 00fb 73000000 		.4byte	0x73
 225 00ff 00000000 		.4byte	.LFB63
 226 0103 50000000 		.4byte	.LFE63-.LFB63
 227 0107 01       		.uleb128 0x1
 228 0108 9C       		.byte	0x9c
 229 0109 E5010000 		.4byte	0x1e5
 230 010d 08       		.uleb128 0x8
 231 010e 12000000 		.4byte	.LASF35
 232 0112 01       		.byte	0x1
 233 0113 2F       		.byte	0x2f
 234 0114 97000000 		.4byte	0x97
 235 0118 01       		.uleb128 0x1
 236 0119 55       		.byte	0x55
 237 011a 09       		.uleb128 0x9
 238 011b 11010000 		.4byte	.LASF36
 239 011f 01       		.byte	0x1
 240 0120 30       		.byte	0x30
 241 0121 E5010000 		.4byte	0x1e5
 242 0125 0A       		.uleb128 0xa
 243 0126 08000000 		.4byte	.LVL0
 244 012a 17020000 		.4byte	0x217
 245 012e 0A       		.uleb128 0xa
 246 012f 0C000000 		.4byte	.LVL1
 247 0133 1E020000 		.4byte	0x21e
 248 0137 0A       		.uleb128 0xa
 249 0138 10000000 		.4byte	.LVL2
 250 013c 25020000 		.4byte	0x225
 251 0140 0B       		.uleb128 0xb
 252 0141 1E000000 		.4byte	.LVL3
 253 0145 2C020000 		.4byte	0x22c
 254 0149 66010000 		.4byte	0x166
 255 014d 0C       		.uleb128 0xc
 256 014e 01       		.uleb128 0x1
 257 014f 53       		.byte	0x53
 258 0150 03       		.uleb128 0x3
 259 0151 0A       		.byte	0xa
 260 0152 0040     		.2byte	0x4000
 261 0154 0C       		.uleb128 0xc
 262 0155 01       		.uleb128 0x1
 263 0156 52       		.byte	0x52
 264 0157 03       		.uleb128 0x3
 265 0158 0A       		.byte	0xa
 266 0159 0040     		.2byte	0x4000
 267 015b 0C       		.uleb128 0xc
 268 015c 01       		.uleb128 0x1
 269 015d 51       		.byte	0x51
 270 015e 01       		.uleb128 0x1
 271 015f 31       		.byte	0x31
 272 0160 0C       		.uleb128 0xc
 273 0161 01       		.uleb128 0x1
 274 0162 50       		.byte	0x50
 275 0163 01       		.uleb128 0x1
 276 0164 31       		.byte	0x31
 277 0165 00       		.byte	0
ARM GAS  C:\Users\user\AppData\Local\Temp\ccTBUUc2.s 			page 7


 278 0166 0A       		.uleb128 0xa
 279 0167 24000000 		.4byte	.LVL5
 280 016b 50020000 		.4byte	0x250
 281 016f 0B       		.uleb128 0xb
 282 0170 30000000 		.4byte	.LVL6
 283 0174 5B020000 		.4byte	0x25b
 284 0178 93010000 		.4byte	0x193
 285 017c 0C       		.uleb128 0xc
 286 017d 01       		.uleb128 0x1
 287 017e 53       		.byte	0x53
 288 017f 01       		.uleb128 0x1
 289 0180 30       		.byte	0x30
 290 0181 0C       		.uleb128 0xc
 291 0182 01       		.uleb128 0x1
 292 0183 52       		.byte	0x52
 293 0184 02       		.uleb128 0x2
 294 0185 74       		.byte	0x74
 295 0186 00       		.sleb128 0
 296 0187 0C       		.uleb128 0xc
 297 0188 01       		.uleb128 0x1
 298 0189 51       		.byte	0x51
 299 018a 01       		.uleb128 0x1
 300 018b 31       		.byte	0x31
 301 018c 0C       		.uleb128 0xc
 302 018d 01       		.uleb128 0x1
 303 018e 50       		.byte	0x50
 304 018f 02       		.uleb128 0x2
 305 0190 74       		.byte	0x74
 306 0191 00       		.sleb128 0
 307 0192 00       		.byte	0
 308 0193 0B       		.uleb128 0xb
 309 0194 3E000000 		.4byte	.LVL7
 310 0198 7F020000 		.4byte	0x27f
 311 019c B5010000 		.4byte	0x1b5
 312 01a0 0C       		.uleb128 0xc
 313 01a1 01       		.uleb128 0x1
 314 01a2 52       		.byte	0x52
 315 01a3 03       		.uleb128 0x3
 316 01a4 0A       		.byte	0xa
 317 01a5 805B     		.2byte	0x5b80
 318 01a7 0C       		.uleb128 0xc
 319 01a8 01       		.uleb128 0x1
 320 01a9 51       		.byte	0x51
 321 01aa 03       		.uleb128 0x3
 322 01ab 0A       		.byte	0xa
 323 01ac 104E     		.2byte	0x4e10
 324 01ae 0C       		.uleb128 0xc
 325 01af 01       		.uleb128 0x1
 326 01b0 50       		.byte	0x50
 327 01b1 02       		.uleb128 0x2
 328 01b2 74       		.byte	0x74
 329 01b3 00       		.sleb128 0
 330 01b4 00       		.byte	0
 331 01b5 0B       		.uleb128 0xb
 332 01b6 46000000 		.4byte	.LVL8
 333 01ba 9E020000 		.4byte	0x29e
 334 01be CF010000 		.4byte	0x1cf
ARM GAS  C:\Users\user\AppData\Local\Temp\ccTBUUc2.s 			page 8


 335 01c2 0C       		.uleb128 0xc
 336 01c3 01       		.uleb128 0x1
 337 01c4 51       		.byte	0x51
 338 01c5 02       		.uleb128 0x2
 339 01c6 74       		.byte	0x74
 340 01c7 00       		.sleb128 0
 341 01c8 0C       		.uleb128 0xc
 342 01c9 01       		.uleb128 0x1
 343 01ca 50       		.byte	0x50
 344 01cb 02       		.uleb128 0x2
 345 01cc 75       		.byte	0x75
 346 01cd 00       		.sleb128 0
 347 01ce 00       		.byte	0
 348 01cf 0D       		.uleb128 0xd
 349 01d0 4E000000 		.4byte	.LVL9
 350 01d4 B8020000 		.4byte	0x2b8
 351 01d8 0C       		.uleb128 0xc
 352 01d9 01       		.uleb128 0x1
 353 01da 51       		.byte	0x51
 354 01db 01       		.uleb128 0x1
 355 01dc 31       		.byte	0x31
 356 01dd 0C       		.uleb128 0xc
 357 01de 01       		.uleb128 0x1
 358 01df 50       		.byte	0x50
 359 01e0 02       		.uleb128 0x2
 360 01e1 75       		.byte	0x75
 361 01e2 00       		.sleb128 0
 362 01e3 00       		.byte	0
 363 01e4 00       		.byte	0
 364 01e5 0E       		.uleb128 0xe
 365 01e6 97000000 		.4byte	0x97
 366 01ea F5010000 		.4byte	0x1f5
 367 01ee 0F       		.uleb128 0xf
 368 01ef ED000000 		.4byte	0xed
 369 01f3 00       		.byte	0
 370 01f4 00       		.byte	0
 371 01f5 10       		.uleb128 0x10
 372 01f6 1A010000 		.4byte	.LASF22
 373 01fa 05       		.byte	0x5
 374 01fb 5506     		.2byte	0x655
 375 01fd 01020000 		.4byte	0x201
 376 0201 06       		.uleb128 0x6
 377 0202 8C000000 		.4byte	0x8c
 378 0206 11       		.uleb128 0x11
 379 0207 36020000 		.4byte	.LASF23
 380 020b 01       		.byte	0x1
 381 020c 10       		.byte	0x10
 382 020d 81000000 		.4byte	0x81
 383 0211 05       		.uleb128 0x5
 384 0212 03       		.byte	0x3
 385 0213 00000000 		.4byte	adc_value
 386 0217 12       		.uleb128 0x12
 387 0218 FF010000 		.4byte	.LASF24
 388 021c 06       		.byte	0x6
 389 021d 3A       		.byte	0x3a
 390 021e 12       		.uleb128 0x12
 391 021f 27010000 		.4byte	.LASF25
ARM GAS  C:\Users\user\AppData\Local\Temp\ccTBUUc2.s 			page 9


 392 0223 07       		.byte	0x7
 393 0224 33       		.byte	0x33
 394 0225 12       		.uleb128 0x12
 395 0226 7D020000 		.4byte	.LASF26
 396 022a 06       		.byte	0x6
 397 022b 3D       		.byte	0x3d
 398 022c 13       		.uleb128 0x13
 399 022d 35010000 		.4byte	.LASF27
 400 0231 08       		.byte	0x8
 401 0232 1E       		.byte	0x1e
 402 0233 97000000 		.4byte	0x97
 403 0237 50020000 		.4byte	0x250
 404 023b 14       		.uleb128 0x14
 405 023c 97000000 		.4byte	0x97
 406 0240 14       		.uleb128 0x14
 407 0241 97000000 		.4byte	0x97
 408 0245 14       		.uleb128 0x14
 409 0246 A3000000 		.4byte	0xa3
 410 024a 14       		.uleb128 0x14
 411 024b A3000000 		.4byte	0xa3
 412 024f 00       		.byte	0
 413 0250 15       		.uleb128 0x15
 414 0251 A2000000 		.4byte	.LASF37
 415 0255 09       		.byte	0x9
 416 0256 39       		.byte	0x39
 417 0257 97000000 		.4byte	0x97
 418 025b 13       		.uleb128 0x13
 419 025c D4000000 		.4byte	.LASF28
 420 0260 09       		.byte	0x9
 421 0261 3C       		.byte	0x3c
 422 0262 D0000000 		.4byte	0xd0
 423 0266 7F020000 		.4byte	0x27f
 424 026a 14       		.uleb128 0x14
 425 026b 97000000 		.4byte	0x97
 426 026f 14       		.uleb128 0x14
 427 0270 A3000000 		.4byte	0xa3
 428 0274 14       		.uleb128 0x14
 429 0275 97000000 		.4byte	0x97
 430 0279 14       		.uleb128 0x14
 431 027a 97000000 		.4byte	0x97
 432 027e 00       		.byte	0
 433 027f 13       		.uleb128 0x13
 434 0280 75000000 		.4byte	.LASF29
 435 0284 09       		.byte	0x9
 436 0285 40       		.byte	0x40
 437 0286 D0000000 		.4byte	0xd0
 438 028a 9E020000 		.4byte	0x29e
 439 028e 14       		.uleb128 0x14
 440 028f 97000000 		.4byte	0x97
 441 0293 14       		.uleb128 0x14
 442 0294 A3000000 		.4byte	0xa3
 443 0298 14       		.uleb128 0x14
 444 0299 A3000000 		.4byte	0xa3
 445 029d 00       		.byte	0
 446 029e 13       		.uleb128 0x13
 447 029f 87000000 		.4byte	.LASF30
 448 02a3 09       		.byte	0x9
ARM GAS  C:\Users\user\AppData\Local\Temp\ccTBUUc2.s 			page 10


 449 02a4 30       		.byte	0x30
 450 02a5 D0000000 		.4byte	0xd0
 451 02a9 B8020000 		.4byte	0x2b8
 452 02ad 14       		.uleb128 0x14
 453 02ae 97000000 		.4byte	0x97
 454 02b2 14       		.uleb128 0x14
 455 02b3 97000000 		.4byte	0x97
 456 02b7 00       		.byte	0
 457 02b8 16       		.uleb128 0x16
 458 02b9 55010000 		.4byte	.LASF38
 459 02bd 09       		.byte	0x9
 460 02be 2A       		.byte	0x2a
 461 02bf D0000000 		.4byte	0xd0
 462 02c3 14       		.uleb128 0x14
 463 02c4 97000000 		.4byte	0x97
 464 02c8 14       		.uleb128 0x14
 465 02c9 97000000 		.4byte	0x97
 466 02cd 00       		.byte	0
 467 02ce 00       		.byte	0
 468              		.section	.debug_abbrev,"",%progbits
 469              	.Ldebug_abbrev0:
 470 0000 01       		.uleb128 0x1
 471 0001 11       		.uleb128 0x11
 472 0002 01       		.byte	0x1
 473 0003 25       		.uleb128 0x25
 474 0004 0E       		.uleb128 0xe
 475 0005 13       		.uleb128 0x13
 476 0006 0B       		.uleb128 0xb
 477 0007 03       		.uleb128 0x3
 478 0008 0E       		.uleb128 0xe
 479 0009 1B       		.uleb128 0x1b
 480 000a 0E       		.uleb128 0xe
 481 000b 55       		.uleb128 0x55
 482 000c 17       		.uleb128 0x17
 483 000d 11       		.uleb128 0x11
 484 000e 01       		.uleb128 0x1
 485 000f 10       		.uleb128 0x10
 486 0010 17       		.uleb128 0x17
 487 0011 00       		.byte	0
 488 0012 00       		.byte	0
 489 0013 02       		.uleb128 0x2
 490 0014 16       		.uleb128 0x16
 491 0015 00       		.byte	0
 492 0016 03       		.uleb128 0x3
 493 0017 0E       		.uleb128 0xe
 494 0018 3A       		.uleb128 0x3a
 495 0019 0B       		.uleb128 0xb
 496 001a 3B       		.uleb128 0x3b
 497 001b 0B       		.uleb128 0xb
 498 001c 49       		.uleb128 0x49
 499 001d 13       		.uleb128 0x13
 500 001e 00       		.byte	0
 501 001f 00       		.byte	0
 502 0020 03       		.uleb128 0x3
 503 0021 24       		.uleb128 0x24
 504 0022 00       		.byte	0
 505 0023 0B       		.uleb128 0xb
ARM GAS  C:\Users\user\AppData\Local\Temp\ccTBUUc2.s 			page 11


 506 0024 0B       		.uleb128 0xb
 507 0025 3E       		.uleb128 0x3e
 508 0026 0B       		.uleb128 0xb
 509 0027 03       		.uleb128 0x3
 510 0028 0E       		.uleb128 0xe
 511 0029 00       		.byte	0
 512 002a 00       		.byte	0
 513 002b 04       		.uleb128 0x4
 514 002c 24       		.uleb128 0x24
 515 002d 00       		.byte	0
 516 002e 0B       		.uleb128 0xb
 517 002f 0B       		.uleb128 0xb
 518 0030 3E       		.uleb128 0x3e
 519 0031 0B       		.uleb128 0xb
 520 0032 03       		.uleb128 0x3
 521 0033 08       		.uleb128 0x8
 522 0034 00       		.byte	0
 523 0035 00       		.byte	0
 524 0036 05       		.uleb128 0x5
 525 0037 16       		.uleb128 0x16
 526 0038 00       		.byte	0
 527 0039 03       		.uleb128 0x3
 528 003a 0E       		.uleb128 0xe
 529 003b 3A       		.uleb128 0x3a
 530 003c 0B       		.uleb128 0xb
 531 003d 3B       		.uleb128 0x3b
 532 003e 05       		.uleb128 0x5
 533 003f 49       		.uleb128 0x49
 534 0040 13       		.uleb128 0x13
 535 0041 00       		.byte	0
 536 0042 00       		.byte	0
 537 0043 06       		.uleb128 0x6
 538 0044 35       		.uleb128 0x35
 539 0045 00       		.byte	0
 540 0046 49       		.uleb128 0x49
 541 0047 13       		.uleb128 0x13
 542 0048 00       		.byte	0
 543 0049 00       		.byte	0
 544 004a 07       		.uleb128 0x7
 545 004b 2E       		.uleb128 0x2e
 546 004c 01       		.byte	0x1
 547 004d 3F       		.uleb128 0x3f
 548 004e 19       		.uleb128 0x19
 549 004f 03       		.uleb128 0x3
 550 0050 0E       		.uleb128 0xe
 551 0051 3A       		.uleb128 0x3a
 552 0052 0B       		.uleb128 0xb
 553 0053 3B       		.uleb128 0x3b
 554 0054 0B       		.uleb128 0xb
 555 0055 49       		.uleb128 0x49
 556 0056 13       		.uleb128 0x13
 557 0057 11       		.uleb128 0x11
 558 0058 01       		.uleb128 0x1
 559 0059 12       		.uleb128 0x12
 560 005a 06       		.uleb128 0x6
 561 005b 40       		.uleb128 0x40
 562 005c 18       		.uleb128 0x18
ARM GAS  C:\Users\user\AppData\Local\Temp\ccTBUUc2.s 			page 12


 563 005d 9742     		.uleb128 0x2117
 564 005f 19       		.uleb128 0x19
 565 0060 01       		.uleb128 0x1
 566 0061 13       		.uleb128 0x13
 567 0062 00       		.byte	0
 568 0063 00       		.byte	0
 569 0064 08       		.uleb128 0x8
 570 0065 34       		.uleb128 0x34
 571 0066 00       		.byte	0
 572 0067 03       		.uleb128 0x3
 573 0068 0E       		.uleb128 0xe
 574 0069 3A       		.uleb128 0x3a
 575 006a 0B       		.uleb128 0xb
 576 006b 3B       		.uleb128 0x3b
 577 006c 0B       		.uleb128 0xb
 578 006d 49       		.uleb128 0x49
 579 006e 13       		.uleb128 0x13
 580 006f 02       		.uleb128 0x2
 581 0070 18       		.uleb128 0x18
 582 0071 00       		.byte	0
 583 0072 00       		.byte	0
 584 0073 09       		.uleb128 0x9
 585 0074 34       		.uleb128 0x34
 586 0075 00       		.byte	0
 587 0076 03       		.uleb128 0x3
 588 0077 0E       		.uleb128 0xe
 589 0078 3A       		.uleb128 0x3a
 590 0079 0B       		.uleb128 0xb
 591 007a 3B       		.uleb128 0x3b
 592 007b 0B       		.uleb128 0xb
 593 007c 49       		.uleb128 0x49
 594 007d 13       		.uleb128 0x13
 595 007e 00       		.byte	0
 596 007f 00       		.byte	0
 597 0080 0A       		.uleb128 0xa
 598 0081 898201   		.uleb128 0x4109
 599 0084 00       		.byte	0
 600 0085 11       		.uleb128 0x11
 601 0086 01       		.uleb128 0x1
 602 0087 31       		.uleb128 0x31
 603 0088 13       		.uleb128 0x13
 604 0089 00       		.byte	0
 605 008a 00       		.byte	0
 606 008b 0B       		.uleb128 0xb
 607 008c 898201   		.uleb128 0x4109
 608 008f 01       		.byte	0x1
 609 0090 11       		.uleb128 0x11
 610 0091 01       		.uleb128 0x1
 611 0092 31       		.uleb128 0x31
 612 0093 13       		.uleb128 0x13
 613 0094 01       		.uleb128 0x1
 614 0095 13       		.uleb128 0x13
 615 0096 00       		.byte	0
 616 0097 00       		.byte	0
 617 0098 0C       		.uleb128 0xc
 618 0099 8A8201   		.uleb128 0x410a
 619 009c 00       		.byte	0
ARM GAS  C:\Users\user\AppData\Local\Temp\ccTBUUc2.s 			page 13


 620 009d 02       		.uleb128 0x2
 621 009e 18       		.uleb128 0x18
 622 009f 9142     		.uleb128 0x2111
 623 00a1 18       		.uleb128 0x18
 624 00a2 00       		.byte	0
 625 00a3 00       		.byte	0
 626 00a4 0D       		.uleb128 0xd
 627 00a5 898201   		.uleb128 0x4109
 628 00a8 01       		.byte	0x1
 629 00a9 11       		.uleb128 0x11
 630 00aa 01       		.uleb128 0x1
 631 00ab 31       		.uleb128 0x31
 632 00ac 13       		.uleb128 0x13
 633 00ad 00       		.byte	0
 634 00ae 00       		.byte	0
 635 00af 0E       		.uleb128 0xe
 636 00b0 01       		.uleb128 0x1
 637 00b1 01       		.byte	0x1
 638 00b2 49       		.uleb128 0x49
 639 00b3 13       		.uleb128 0x13
 640 00b4 01       		.uleb128 0x1
 641 00b5 13       		.uleb128 0x13
 642 00b6 00       		.byte	0
 643 00b7 00       		.byte	0
 644 00b8 0F       		.uleb128 0xf
 645 00b9 21       		.uleb128 0x21
 646 00ba 00       		.byte	0
 647 00bb 49       		.uleb128 0x49
 648 00bc 13       		.uleb128 0x13
 649 00bd 2F       		.uleb128 0x2f
 650 00be 0B       		.uleb128 0xb
 651 00bf 00       		.byte	0
 652 00c0 00       		.byte	0
 653 00c1 10       		.uleb128 0x10
 654 00c2 34       		.uleb128 0x34
 655 00c3 00       		.byte	0
 656 00c4 03       		.uleb128 0x3
 657 00c5 0E       		.uleb128 0xe
 658 00c6 3A       		.uleb128 0x3a
 659 00c7 0B       		.uleb128 0xb
 660 00c8 3B       		.uleb128 0x3b
 661 00c9 05       		.uleb128 0x5
 662 00ca 49       		.uleb128 0x49
 663 00cb 13       		.uleb128 0x13
 664 00cc 3F       		.uleb128 0x3f
 665 00cd 19       		.uleb128 0x19
 666 00ce 3C       		.uleb128 0x3c
 667 00cf 19       		.uleb128 0x19
 668 00d0 00       		.byte	0
 669 00d1 00       		.byte	0
 670 00d2 11       		.uleb128 0x11
 671 00d3 34       		.uleb128 0x34
 672 00d4 00       		.byte	0
 673 00d5 03       		.uleb128 0x3
 674 00d6 0E       		.uleb128 0xe
 675 00d7 3A       		.uleb128 0x3a
 676 00d8 0B       		.uleb128 0xb
ARM GAS  C:\Users\user\AppData\Local\Temp\ccTBUUc2.s 			page 14


 677 00d9 3B       		.uleb128 0x3b
 678 00da 0B       		.uleb128 0xb
 679 00db 49       		.uleb128 0x49
 680 00dc 13       		.uleb128 0x13
 681 00dd 3F       		.uleb128 0x3f
 682 00de 19       		.uleb128 0x19
 683 00df 02       		.uleb128 0x2
 684 00e0 18       		.uleb128 0x18
 685 00e1 00       		.byte	0
 686 00e2 00       		.byte	0
 687 00e3 12       		.uleb128 0x12
 688 00e4 2E       		.uleb128 0x2e
 689 00e5 00       		.byte	0
 690 00e6 3F       		.uleb128 0x3f
 691 00e7 19       		.uleb128 0x19
 692 00e8 03       		.uleb128 0x3
 693 00e9 0E       		.uleb128 0xe
 694 00ea 3A       		.uleb128 0x3a
 695 00eb 0B       		.uleb128 0xb
 696 00ec 3B       		.uleb128 0x3b
 697 00ed 0B       		.uleb128 0xb
 698 00ee 27       		.uleb128 0x27
 699 00ef 19       		.uleb128 0x19
 700 00f0 3C       		.uleb128 0x3c
 701 00f1 19       		.uleb128 0x19
 702 00f2 00       		.byte	0
 703 00f3 00       		.byte	0
 704 00f4 13       		.uleb128 0x13
 705 00f5 2E       		.uleb128 0x2e
 706 00f6 01       		.byte	0x1
 707 00f7 3F       		.uleb128 0x3f
 708 00f8 19       		.uleb128 0x19
 709 00f9 03       		.uleb128 0x3
 710 00fa 0E       		.uleb128 0xe
 711 00fb 3A       		.uleb128 0x3a
 712 00fc 0B       		.uleb128 0xb
 713 00fd 3B       		.uleb128 0x3b
 714 00fe 0B       		.uleb128 0xb
 715 00ff 27       		.uleb128 0x27
 716 0100 19       		.uleb128 0x19
 717 0101 49       		.uleb128 0x49
 718 0102 13       		.uleb128 0x13
 719 0103 3C       		.uleb128 0x3c
 720 0104 19       		.uleb128 0x19
 721 0105 01       		.uleb128 0x1
 722 0106 13       		.uleb128 0x13
 723 0107 00       		.byte	0
 724 0108 00       		.byte	0
 725 0109 14       		.uleb128 0x14
 726 010a 05       		.uleb128 0x5
 727 010b 00       		.byte	0
 728 010c 49       		.uleb128 0x49
 729 010d 13       		.uleb128 0x13
 730 010e 00       		.byte	0
 731 010f 00       		.byte	0
 732 0110 15       		.uleb128 0x15
 733 0111 2E       		.uleb128 0x2e
ARM GAS  C:\Users\user\AppData\Local\Temp\ccTBUUc2.s 			page 15


 734 0112 00       		.byte	0
 735 0113 3F       		.uleb128 0x3f
 736 0114 19       		.uleb128 0x19
 737 0115 03       		.uleb128 0x3
 738 0116 0E       		.uleb128 0xe
 739 0117 3A       		.uleb128 0x3a
 740 0118 0B       		.uleb128 0xb
 741 0119 3B       		.uleb128 0x3b
 742 011a 0B       		.uleb128 0xb
 743 011b 27       		.uleb128 0x27
 744 011c 19       		.uleb128 0x19
 745 011d 49       		.uleb128 0x49
 746 011e 13       		.uleb128 0x13
 747 011f 3C       		.uleb128 0x3c
 748 0120 19       		.uleb128 0x19
 749 0121 00       		.byte	0
 750 0122 00       		.byte	0
 751 0123 16       		.uleb128 0x16
 752 0124 2E       		.uleb128 0x2e
 753 0125 01       		.byte	0x1
 754 0126 3F       		.uleb128 0x3f
 755 0127 19       		.uleb128 0x19
 756 0128 03       		.uleb128 0x3
 757 0129 0E       		.uleb128 0xe
 758 012a 3A       		.uleb128 0x3a
 759 012b 0B       		.uleb128 0xb
 760 012c 3B       		.uleb128 0x3b
 761 012d 0B       		.uleb128 0xb
 762 012e 27       		.uleb128 0x27
 763 012f 19       		.uleb128 0x19
 764 0130 49       		.uleb128 0x49
 765 0131 13       		.uleb128 0x13
 766 0132 3C       		.uleb128 0x3c
 767 0133 19       		.uleb128 0x19
 768 0134 00       		.byte	0
 769 0135 00       		.byte	0
 770 0136 00       		.byte	0
 771              		.section	.debug_aranges,"",%progbits
 772 0000 1C000000 		.4byte	0x1c
 773 0004 0200     		.2byte	0x2
 774 0006 00000000 		.4byte	.Ldebug_info0
 775 000a 04       		.byte	0x4
 776 000b 00       		.byte	0
 777 000c 0000     		.2byte	0
 778 000e 0000     		.2byte	0
 779 0010 00000000 		.4byte	.LFB63
 780 0014 50000000 		.4byte	.LFE63-.LFB63
 781 0018 00000000 		.4byte	0
 782 001c 00000000 		.4byte	0
 783              		.section	.debug_ranges,"",%progbits
 784              	.Ldebug_ranges0:
 785 0000 00000000 		.4byte	.LFB63
 786 0004 50000000 		.4byte	.LFE63
 787 0008 00000000 		.4byte	0
 788 000c 00000000 		.4byte	0
 789              		.section	.debug_line,"",%progbits
 790              	.Ldebug_line0:
ARM GAS  C:\Users\user\AppData\Local\Temp\ccTBUUc2.s 			page 16


 791 0000 A9010000 		.section	.debug_str,"MS",%progbits,1
 791      02008301 
 791      00000201 
 791      FB0E0D00 
 791      01010101 
 792              	.LASF19:
 793 0000 63797374 		.ascii	"cystatus\000"
 793      61747573 
 793      00
 794              	.LASF4:
 795 0009 5F5F696E 		.ascii	"__int8_t\000"
 795      74385F74 
 795      00
 796              	.LASF35:
 797 0012 444D415F 		.ascii	"DMA_1_Chan\000"
 797      315F4368 
 797      616E00
 798              	.LASF33:
 799 001d 443A5C55 		.ascii	"D:\\Utilisateurs\\user\\Documents\\PSoC Creator\\Wo"
 799      74696C69 
 799      73617465 
 799      7572735C 
 799      75736572 
 800 004b 726B7370 		.ascii	"rkspace02\\Delta_Sigma_DMA.cydsn\000"
 800      61636530 
 800      325C4465 
 800      6C74615F 
 800      5369676D 
 801              	.LASF5:
 802 006b 5F5F696E 		.ascii	"__int32_t\000"
 802      7433325F 
 802      7400
 803              	.LASF29:
 804 0075 4379446D 		.ascii	"CyDmaTdSetAddress\000"
 804      61546453 
 804      65744164 
 804      64726573 
 804      7300
 805              	.LASF30:
 806 0087 4379446D 		.ascii	"CyDmaChSetInitialTd\000"
 806      61436853 
 806      6574496E 
 806      69746961 
 806      6C546400 
 807              	.LASF11:
 808 009b 696E7438 		.ascii	"int8_t\000"
 808      5F7400
 809              	.LASF37:
 810 00a2 4379446D 		.ascii	"CyDmaTdAllocate\000"
 810      61546441 
 810      6C6C6F63 
 810      61746500 
 811              	.LASF32:
 812 00b2 2E5C6D61 		.ascii	".\\main.c\000"
 812      696E2E63 
 812      00
 813              	.LASF16:
ARM GAS  C:\Users\user\AppData\Local\Temp\ccTBUUc2.s 			page 17


 814 00bb 666C6F61 		.ascii	"float\000"
 814      7400
 815              	.LASF1:
 816 00c1 756E7369 		.ascii	"unsigned char\000"
 816      676E6564 
 816      20636861 
 816      7200
 817              	.LASF20:
 818 00cf 72656738 		.ascii	"reg8\000"
 818      00
 819              	.LASF28:
 820 00d4 4379446D 		.ascii	"CyDmaTdSetConfiguration\000"
 820      61546453 
 820      6574436F 
 820      6E666967 
 820      75726174 
 821              	.LASF7:
 822 00ec 6C6F6E67 		.ascii	"long unsigned int\000"
 822      20756E73 
 822      69676E65 
 822      6420696E 
 822      7400
 823              	.LASF3:
 824 00fe 73686F72 		.ascii	"short unsigned int\000"
 824      7420756E 
 824      7369676E 
 824      65642069 
 824      6E7400
 825              	.LASF36:
 826 0111 444D415F 		.ascii	"DMA_1_TD\000"
 826      315F5444 
 826      00
 827              	.LASF22:
 828 011a 49544D5F 		.ascii	"ITM_RxBuffer\000"
 828      52784275 
 828      66666572 
 828      00
 829              	.LASF25:
 830 0127 56444143 		.ascii	"VDAC8_1_Start\000"
 830      385F315F 
 830      53746172 
 830      7400
 831              	.LASF27:
 832 0135 444D415F 		.ascii	"DMA_1_DmaInitialize\000"
 832      315F446D 
 832      61496E69 
 832      7469616C 
 832      697A6500 
 833              	.LASF17:
 834 0149 646F7562 		.ascii	"double\000"
 834      6C6500
 835              	.LASF34:
 836 0150 6D61696E 		.ascii	"main\000"
 836      00
 837              	.LASF38:
 838 0155 4379446D 		.ascii	"CyDmaChEnable\000"
 838      61436845 
ARM GAS  C:\Users\user\AppData\Local\Temp\ccTBUUc2.s 			page 18


 838      6E61626C 
 838      6500
 839              	.LASF14:
 840 0163 75696E74 		.ascii	"uint16\000"
 840      313600
 841              	.LASF15:
 842 016a 75696E74 		.ascii	"uint32\000"
 842      333200
 843              	.LASF31:
 844 0171 474E5520 		.ascii	"GNU C 4.9.3 20150303 (release) [ARM/embedded-4_9-br"
 844      4320342E 
 844      392E3320 
 844      32303135 
 844      30333033 
 845 01a4 616E6368 		.ascii	"anch revision 221220] -mcpu=cortex-m3 -mthumb -g -O"
 845      20726576 
 845      6973696F 
 845      6E203232 
 845      31323230 
 846 01d7 67202D66 		.ascii	"g -ffunction-sections -ffat-lto-objects\000"
 846      66756E63 
 846      74696F6E 
 846      2D736563 
 846      74696F6E 
 847              	.LASF24:
 848 01ff 4144435F 		.ascii	"ADC_DelSig_1_Start\000"
 848      44656C53 
 848      69675F31 
 848      5F537461 
 848      727400
 849              	.LASF10:
 850 0212 756E7369 		.ascii	"unsigned int\000"
 850      676E6564 
 850      20696E74 
 850      00
 851              	.LASF9:
 852 021f 6C6F6E67 		.ascii	"long long unsigned int\000"
 852      206C6F6E 
 852      6720756E 
 852      7369676E 
 852      65642069 
 853              	.LASF23:
 854 0236 6164635F 		.ascii	"adc_value\000"
 854      76616C75 
 854      6500
 855              	.LASF12:
 856 0240 696E7433 		.ascii	"int32_t\000"
 856      325F7400 
 857              	.LASF21:
 858 0248 73697A65 		.ascii	"sizetype\000"
 858      74797065 
 858      00
 859              	.LASF8:
 860 0251 6C6F6E67 		.ascii	"long long int\000"
 860      206C6F6E 
 860      6720696E 
 860      7400
ARM GAS  C:\Users\user\AppData\Local\Temp\ccTBUUc2.s 			page 19


 861              	.LASF18:
 862 025f 63686172 		.ascii	"char\000"
 862      00
 863              	.LASF2:
 864 0264 73686F72 		.ascii	"short int\000"
 864      7420696E 
 864      7400
 865              	.LASF13:
 866 026e 75696E74 		.ascii	"uint8\000"
 866      3800
 867              	.LASF6:
 868 0274 6C6F6E67 		.ascii	"long int\000"
 868      20696E74 
 868      00
 869              	.LASF26:
 870 027d 4144435F 		.ascii	"ADC_DelSig_1_StartConvert\000"
 870      44656C53 
 870      69675F31 
 870      5F537461 
 870      7274436F 
 871              	.LASF0:
 872 0297 7369676E 		.ascii	"signed char\000"
 872      65642063 
 872      68617200 
 873              		.ident	"GCC: (GNU Tools for ARM Embedded Processors) 4.9.3 20150303 (release) [ARM/embedded-4_9-br
