ARM GAS  C:\Users\user\AppData\Local\Temp\ccZsC0EX.s 			page 1


   1              		.syntax unified
   2              		.cpu cortex-m3
   3              		.fpu softvfp
   4              		.eabi_attribute 20, 1
   5              		.eabi_attribute 21, 1
   6              		.eabi_attribute 23, 3
   7              		.eabi_attribute 24, 1
   8              		.eabi_attribute 25, 1
   9              		.eabi_attribute 26, 1
  10              		.eabi_attribute 30, 1
  11              		.eabi_attribute 34, 1
  12              		.eabi_attribute 18, 4
  13              		.thumb
  14              		.file	"main.c"
  15              		.text
  16              	.Ltext0:
  17              		.cfi_sections	.debug_frame
  18              		.section	.text.main,"ax",%progbits
  19              		.align	2
  20              		.global	main
  21              		.thumb
  22              		.thumb_func
  23              		.type	main, %function
  24              	main:
  25              	.LFB63:
  26              		.file 1 ".\\main.c"
   1:.\main.c      **** /* ========================================
   2:.\main.c      ****  *
   3:.\main.c      ****  * Copyright YOUR COMPANY, THE YEAR
   4:.\main.c      ****  * All Rights Reserved
   5:.\main.c      ****  * UNPUBLISHED, LICENSED SOFTWARE.
   6:.\main.c      ****  *
   7:.\main.c      ****  * CONFIDENTIAL AND PROPRIETARY INFORMATION
   8:.\main.c      ****  * WHICH IS THE PROPERTY OF your company.
   9:.\main.c      ****  *
  10:.\main.c      ****  * ========================================
  11:.\main.c      **** */
  12:.\main.c      **** #include <project.h>
  13:.\main.c      **** #include <stdio.h>
  14:.\main.c      **** 
  15:.\main.c      **** #define EEPROM_BASE_ADDRESS 0x40008000
  16:.\main.c      **** 
  17:.\main.c      **** int val        = 0;
  18:.\main.c      **** int increment  = 1; 
  19:.\main.c      **** char valeur[8] = {0};
  20:.\main.c      **** 
  21:.\main.c      **** int main()
  22:.\main.c      **** {
  27              		.loc 1 22 0
  28              		.cfi_startproc
  29              		@ Volatile: function does not return.
  30              		@ args = 0, pretend = 0, frame = 0
  31              		@ frame_needed = 0, uses_anonymous_args = 0
  32 0000 08B5     		push	{r3, lr}
  33              		.cfi_def_cfa_offset 8
  34              		.cfi_offset 3, -8
  35              		.cfi_offset 14, -4
ARM GAS  C:\Users\user\AppData\Local\Temp\ccZsC0EX.s 			page 2


  23:.\main.c      ****     CyGlobalIntEnable; /* Enable global interrupts. */
  36              		.loc 1 23 0
  37              	@ 23 ".\main.c" 1
  38 0002 62B6     		CPSIE   i
  39              	@ 0 "" 2
  24:.\main.c      **** 
  25:.\main.c      ****     /* Place your initialization/startup code here (e.g. MyInst_Start()) */
  26:.\main.c      ****     // Start UART
  27:.\main.c      ****     USBUART_1_Start(0, USBUART_1_5V_OPERATION);
  40              		.loc 1 27 0
  41              		.thumb
  42 0004 0020     		movs	r0, #0
  43 0006 0121     		movs	r1, #1
  44 0008 FFF7FEFF 		bl	USBUART_1_Start
  45              	.LVL0:
  46              	.L2:
  28:.\main.c      ****     while(0 == USBUART_1_GetConfiguration())
  47              		.loc 1 28 0 discriminator 1
  48 000c FFF7FEFF 		bl	USBUART_1_GetConfiguration
  49              	.LVL1:
  50 0010 0028     		cmp	r0, #0
  51 0012 FBD0     		beq	.L2
  29:.\main.c      ****     {
  30:.\main.c      ****     }
  31:.\main.c      ****     USBUART_1_CDC_Init();
  52              		.loc 1 31 0
  53 0014 FFF7FEFF 		bl	USBUART_1_CDC_Init
  54              	.LVL2:
  32:.\main.c      ****     
  33:.\main.c      ****     // EEPROM Initialization
  34:.\main.c      ****     EEPROM_1_Start();
  55              		.loc 1 34 0
  56 0018 FFF7FEFF 		bl	EEPROM_1_Start
  57              	.LVL3:
  35:.\main.c      ****     EEPROM_1_WriteByte(12, 0x01);
  58              		.loc 1 35 0
  59 001c 0C20     		movs	r0, #12
  60 001e 0121     		movs	r1, #1
  61 0020 FFF7FEFF 		bl	EEPROM_1_WriteByte
  62              	.LVL4:
  36:.\main.c      ****     EEPROM_1_WriteByte(25, 0x02);
  63              		.loc 1 36 0
  64 0024 1920     		movs	r0, #25
  65 0026 0221     		movs	r1, #2
  66 0028 FFF7FEFF 		bl	EEPROM_1_WriteByte
  67              	.LVL5:
  37:.\main.c      ****     EEPROM_1_WriteByte(36, 0x03);
  68              		.loc 1 37 0
  69 002c 2420     		movs	r0, #36
  70 002e 0321     		movs	r1, #3
  71 0030 FFF7FEFF 		bl	EEPROM_1_WriteByte
  72              	.LVL6:
  73              	.L3:
  38:.\main.c      **** 
  39:.\main.c      ****     for(;;)
  40:.\main.c      ****     {
  41:.\main.c      ****         /* Place your application code here. */
ARM GAS  C:\Users\user\AppData\Local\Temp\ccZsC0EX.s 			page 3


  42:.\main.c      ****         CyDelay(990);
  74              		.loc 1 42 0 discriminator 1
  75 0034 40F2DE30 		movw	r0, #990
  76 0038 FFF7FEFF 		bl	CyDelay
  77              	.LVL7:
  43:.\main.c      ****         
  44:.\main.c      ****         //Read EEPROM value
  45:.\main.c      ****         val = EEPROM_1_ReadByte(0x01);
  78              		.loc 1 45 0 discriminator 1
  79 003c 0120     		movs	r0, #1
  80 003e FFF7FEFF 		bl	EEPROM_1_ReadByte
  81              	.LVL8:
  82 0042 0246     		mov	r2, r0
  83 0044 1D4E     		ldr	r6, .L5
  84 0046 3446     		mov	r4, r6
  85 0048 44F8040B 		str	r0, [r4], #4
  46:.\main.c      ****         
  47:.\main.c      ****         // Print on UART
  48:.\main.c      ****         sprintf(valeur, "%d", val);
  86              		.loc 1 48 0 discriminator 1
  87 004c 1C4D     		ldr	r5, .L5+4
  88 004e 2046     		mov	r0, r4
  89 0050 2946     		mov	r1, r5
  90 0052 FFF7FEFF 		bl	sprintf
  91              	.LVL9:
  49:.\main.c      ****         USBUART_1_PutString(valeur);
  92              		.loc 1 49 0 discriminator 1
  93 0056 2046     		mov	r0, r4
  94 0058 FFF7FEFF 		bl	USBUART_1_PutString
  95              	.LVL10:
  50:.\main.c      ****         CyDelay(10);
  96              		.loc 1 50 0 discriminator 1
  97 005c 0A20     		movs	r0, #10
  98 005e FFF7FEFF 		bl	CyDelay
  99              	.LVL11:
  51:.\main.c      ****         USBUART_1_PutCRLF();
 100              		.loc 1 51 0 discriminator 1
 101 0062 FFF7FEFF 		bl	USBUART_1_PutCRLF
 102              	.LVL12:
  52:.\main.c      ****         
  53:.\main.c      ****         CyDelay(990);
 103              		.loc 1 53 0 discriminator 1
 104 0066 40F2DE30 		movw	r0, #990
 105 006a FFF7FEFF 		bl	CyDelay
 106              	.LVL13:
  54:.\main.c      ****         
  55:.\main.c      ****         //Read EEPROM value
  56:.\main.c      ****         val = EEPROM_1_ReadByte(0x02);
 107              		.loc 1 56 0 discriminator 1
 108 006e 0220     		movs	r0, #2
 109 0070 FFF7FEFF 		bl	EEPROM_1_ReadByte
 110              	.LVL14:
 111 0074 0246     		mov	r2, r0
 112 0076 3060     		str	r0, [r6]
  57:.\main.c      ****         
  58:.\main.c      ****         // Print on UART
  59:.\main.c      ****         sprintf(valeur, "%d", val);
ARM GAS  C:\Users\user\AppData\Local\Temp\ccZsC0EX.s 			page 4


 113              		.loc 1 59 0 discriminator 1
 114 0078 2046     		mov	r0, r4
 115 007a 2946     		mov	r1, r5
 116 007c FFF7FEFF 		bl	sprintf
 117              	.LVL15:
  60:.\main.c      ****         USBUART_1_PutString(valeur);
 118              		.loc 1 60 0 discriminator 1
 119 0080 2046     		mov	r0, r4
 120 0082 FFF7FEFF 		bl	USBUART_1_PutString
 121              	.LVL16:
  61:.\main.c      ****         CyDelay(10);
 122              		.loc 1 61 0 discriminator 1
 123 0086 0A20     		movs	r0, #10
 124 0088 FFF7FEFF 		bl	CyDelay
 125              	.LVL17:
  62:.\main.c      ****         USBUART_1_PutCRLF();
 126              		.loc 1 62 0 discriminator 1
 127 008c FFF7FEFF 		bl	USBUART_1_PutCRLF
 128              	.LVL18:
  63:.\main.c      ****         
  64:.\main.c      ****         CyDelay(990);
 129              		.loc 1 64 0 discriminator 1
 130 0090 40F2DE30 		movw	r0, #990
 131 0094 FFF7FEFF 		bl	CyDelay
 132              	.LVL19:
  65:.\main.c      ****         
  66:.\main.c      ****         //Read EEPROM value
  67:.\main.c      ****         val = EEPROM_1_ReadByte(0x03);
 133              		.loc 1 67 0 discriminator 1
 134 0098 0320     		movs	r0, #3
 135 009a FFF7FEFF 		bl	EEPROM_1_ReadByte
 136              	.LVL20:
 137 009e 0246     		mov	r2, r0
 138 00a0 3060     		str	r0, [r6]
  68:.\main.c      ****         
  69:.\main.c      ****         // Print on UART
  70:.\main.c      ****         sprintf(valeur, "%d", val);
 139              		.loc 1 70 0 discriminator 1
 140 00a2 2046     		mov	r0, r4
 141 00a4 2946     		mov	r1, r5
 142 00a6 FFF7FEFF 		bl	sprintf
 143              	.LVL21:
  71:.\main.c      ****         USBUART_1_PutString(valeur);
 144              		.loc 1 71 0 discriminator 1
 145 00aa 2046     		mov	r0, r4
 146 00ac FFF7FEFF 		bl	USBUART_1_PutString
 147              	.LVL22:
  72:.\main.c      ****         CyDelay(10);
 148              		.loc 1 72 0 discriminator 1
 149 00b0 0A20     		movs	r0, #10
 150 00b2 FFF7FEFF 		bl	CyDelay
 151              	.LVL23:
  73:.\main.c      ****         USBUART_1_PutCRLF();
 152              		.loc 1 73 0 discriminator 1
 153 00b6 FFF7FEFF 		bl	USBUART_1_PutCRLF
 154              	.LVL24:
  74:.\main.c      ****     }
ARM GAS  C:\Users\user\AppData\Local\Temp\ccZsC0EX.s 			page 5


 155              		.loc 1 74 0 discriminator 1
 156 00ba BBE7     		b	.L3
 157              	.L6:
 158              		.align	2
 159              	.L5:
 160 00bc 00000000 		.word	.LANCHOR0
 161 00c0 00000000 		.word	.LC0
 162              		.cfi_endproc
 163              	.LFE63:
 164              		.size	main, .-main
 165              		.global	valeur
 166              		.global	increment
 167              		.global	val
 168              		.data
 169              		.align	2
 170              		.type	increment, %object
 171              		.size	increment, 4
 172              	increment:
 173 0000 01000000 		.word	1
 174              		.section	.rodata.str1.4,"aMS",%progbits,1
 175              		.align	2
 176              	.LC0:
 177 0000 256400   		.ascii	"%d\000"
 178 0003 00       		.bss
 179              		.align	2
 180              		.set	.LANCHOR0,. + 0
 181              		.type	val, %object
 182              		.size	val, 4
 183              	val:
 184 0000 00000000 		.space	4
 185              		.type	valeur, %object
 186              		.size	valeur, 8
 187              	valeur:
 188 0004 00000000 		.space	8
 188      00000000 
 189              		.text
 190              	.Letext0:
 191              		.file 2 "c:\\program files (x86)\\cypress\\psoc creator\\3.3\\psoc creator\\import\\gnu\\arm\\4.9.
 192              		.file 3 "c:\\program files (x86)\\cypress\\psoc creator\\3.3\\psoc creator\\import\\gnu\\arm\\4.9.
 193              		.file 4 "Generated_Source\\PSoC5/cytypes.h"
 194              		.file 5 "Generated_Source\\PSoC5/core_cm3.h"
 195              		.file 6 "Generated_Source\\PSoC5/USBUART_1.h"
 196              		.file 7 "Generated_Source\\PSoC5/USBUART_1_cdc.h"
 197              		.file 8 "Generated_Source\\PSoC5/CyLib.h"
 198              		.file 9 "Generated_Source\\PSoC5/EEPROM_1.h"
 199              		.file 10 "c:\\program files (x86)\\cypress\\psoc creator\\3.3\\psoc creator\\import\\gnu\\arm\\4.9
 200              		.section	.debug_info,"",%progbits
 201              	.Ldebug_info0:
 202 0000 DA030000 		.4byte	0x3da
 203 0004 0400     		.2byte	0x4
 204 0006 00000000 		.4byte	.Ldebug_abbrev0
 205 000a 04       		.byte	0x4
 206 000b 01       		.uleb128 0x1
 207 000c 2D010000 		.4byte	.LASF33
 208 0010 01       		.byte	0x1
 209 0011 4B000000 		.4byte	.LASF34
 210 0015 B2000000 		.4byte	.LASF35
ARM GAS  C:\Users\user\AppData\Local\Temp\ccZsC0EX.s 			page 6


 211 0019 00000000 		.4byte	.Ldebug_ranges0+0
 212 001d 00000000 		.4byte	0
 213 0021 00000000 		.4byte	.Ldebug_line0
 214 0025 02       		.uleb128 0x2
 215 0026 01       		.byte	0x1
 216 0027 06       		.byte	0x6
 217 0028 68020000 		.4byte	.LASF0
 218 002c 02       		.uleb128 0x2
 219 002d 01       		.byte	0x1
 220 002e 08       		.byte	0x8
 221 002f 6C000000 		.4byte	.LASF1
 222 0033 02       		.uleb128 0x2
 223 0034 02       		.byte	0x2
 224 0035 05       		.byte	0x5
 225 0036 3A020000 		.4byte	.LASF2
 226 003a 02       		.uleb128 0x2
 227 003b 02       		.byte	0x2
 228 003c 07       		.byte	0x7
 229 003d 92000000 		.4byte	.LASF3
 230 0041 03       		.uleb128 0x3
 231 0042 2E000000 		.4byte	.LASF9
 232 0046 02       		.byte	0x2
 233 0047 3F       		.byte	0x3f
 234 0048 4C000000 		.4byte	0x4c
 235 004c 02       		.uleb128 0x2
 236 004d 04       		.byte	0x4
 237 004e 05       		.byte	0x5
 238 004f 5A020000 		.4byte	.LASF4
 239 0053 02       		.uleb128 0x2
 240 0054 04       		.byte	0x4
 241 0055 07       		.byte	0x7
 242 0056 80000000 		.4byte	.LASF5
 243 005a 02       		.uleb128 0x2
 244 005b 08       		.byte	0x8
 245 005c 05       		.byte	0x5
 246 005d 0B020000 		.4byte	.LASF6
 247 0061 02       		.uleb128 0x2
 248 0062 08       		.byte	0x8
 249 0063 07       		.byte	0x7
 250 0064 C8010000 		.4byte	.LASF7
 251 0068 04       		.uleb128 0x4
 252 0069 04       		.byte	0x4
 253 006a 05       		.byte	0x5
 254 006b 696E7400 		.ascii	"int\000"
 255 006f 02       		.uleb128 0x2
 256 0070 04       		.byte	0x4
 257 0071 07       		.byte	0x7
 258 0072 BB010000 		.4byte	.LASF8
 259 0076 03       		.uleb128 0x3
 260 0077 FA010000 		.4byte	.LASF10
 261 007b 03       		.byte	0x3
 262 007c 2C       		.byte	0x2c
 263 007d 41000000 		.4byte	0x41
 264 0081 05       		.uleb128 0x5
 265 0082 44020000 		.4byte	.LASF11
 266 0086 04       		.byte	0x4
 267 0087 3801     		.2byte	0x138
ARM GAS  C:\Users\user\AppData\Local\Temp\ccZsC0EX.s 			page 7


 268 0089 2C000000 		.4byte	0x2c
 269 008d 05       		.uleb128 0x5
 270 008e 1F010000 		.4byte	.LASF12
 271 0092 04       		.byte	0x4
 272 0093 3901     		.2byte	0x139
 273 0095 3A000000 		.4byte	0x3a
 274 0099 05       		.uleb128 0x5
 275 009a 26010000 		.4byte	.LASF13
 276 009e 04       		.byte	0x4
 277 009f 3A01     		.2byte	0x13a
 278 00a1 53000000 		.4byte	0x53
 279 00a5 02       		.uleb128 0x2
 280 00a6 04       		.byte	0x4
 281 00a7 04       		.byte	0x4
 282 00a8 66000000 		.4byte	.LASF14
 283 00ac 02       		.uleb128 0x2
 284 00ad 08       		.byte	0x8
 285 00ae 04       		.byte	0x4
 286 00af 00010000 		.4byte	.LASF15
 287 00b3 05       		.uleb128 0x5
 288 00b4 7A000000 		.4byte	.LASF16
 289 00b8 04       		.byte	0x4
 290 00b9 4901     		.2byte	0x149
 291 00bb BF000000 		.4byte	0xbf
 292 00bf 02       		.uleb128 0x2
 293 00c0 01       		.byte	0x1
 294 00c1 08       		.byte	0x8
 295 00c2 63020000 		.4byte	.LASF17
 296 00c6 05       		.uleb128 0x5
 297 00c7 00000000 		.4byte	.LASF18
 298 00cb 04       		.byte	0x4
 299 00cc DA01     		.2byte	0x1da
 300 00ce 53000000 		.4byte	0x53
 301 00d2 02       		.uleb128 0x2
 302 00d3 04       		.byte	0x4
 303 00d4 07       		.byte	0x7
 304 00d5 02020000 		.4byte	.LASF19
 305 00d9 06       		.uleb128 0x6
 306 00da 04       		.byte	0x4
 307 00db BF000000 		.4byte	0xbf
 308 00df 06       		.uleb128 0x6
 309 00e0 04       		.byte	0x4
 310 00e1 E5000000 		.4byte	0xe5
 311 00e5 07       		.uleb128 0x7
 312 00e6 BF000000 		.4byte	0xbf
 313 00ea 08       		.uleb128 0x8
 314 00eb BF000000 		.4byte	0xbf
 315 00ef FA000000 		.4byte	0xfa
 316 00f3 09       		.uleb128 0x9
 317 00f4 D2000000 		.4byte	0xd2
 318 00f8 07       		.byte	0x7
 319 00f9 00       		.byte	0
 320 00fa 0A       		.uleb128 0xa
 321 00fb 07010000 		.4byte	.LASF36
 322 00ff 01       		.byte	0x1
 323 0100 15       		.byte	0x15
 324 0101 68000000 		.4byte	0x68
ARM GAS  C:\Users\user\AppData\Local\Temp\ccZsC0EX.s 			page 8


 325 0105 00000000 		.4byte	.LFB63
 326 0109 C4000000 		.4byte	.LFE63-.LFB63
 327 010d 01       		.uleb128 0x1
 328 010e 9C       		.byte	0x9c
 329 010f E6020000 		.4byte	0x2e6
 330 0113 0B       		.uleb128 0xb
 331 0114 0C000000 		.4byte	.LVL0
 332 0118 2A030000 		.4byte	0x32a
 333 011c 2B010000 		.4byte	0x12b
 334 0120 0C       		.uleb128 0xc
 335 0121 01       		.uleb128 0x1
 336 0122 51       		.byte	0x51
 337 0123 01       		.uleb128 0x1
 338 0124 31       		.byte	0x31
 339 0125 0C       		.uleb128 0xc
 340 0126 01       		.uleb128 0x1
 341 0127 50       		.byte	0x50
 342 0128 01       		.uleb128 0x1
 343 0129 30       		.byte	0x30
 344 012a 00       		.byte	0
 345 012b 0D       		.uleb128 0xd
 346 012c 10000000 		.4byte	.LVL1
 347 0130 41030000 		.4byte	0x341
 348 0134 0D       		.uleb128 0xd
 349 0135 18000000 		.4byte	.LVL2
 350 0139 4D030000 		.4byte	0x34d
 351 013d 0D       		.uleb128 0xd
 352 013e 1C000000 		.4byte	.LVL3
 353 0142 58030000 		.4byte	0x358
 354 0146 0B       		.uleb128 0xb
 355 0147 24000000 		.4byte	.LVL4
 356 014b 5F030000 		.4byte	0x35f
 357 014f 5E010000 		.4byte	0x15e
 358 0153 0C       		.uleb128 0xc
 359 0154 01       		.uleb128 0x1
 360 0155 51       		.byte	0x51
 361 0156 01       		.uleb128 0x1
 362 0157 31       		.byte	0x31
 363 0158 0C       		.uleb128 0xc
 364 0159 01       		.uleb128 0x1
 365 015a 50       		.byte	0x50
 366 015b 01       		.uleb128 0x1
 367 015c 3C       		.byte	0x3c
 368 015d 00       		.byte	0
 369 015e 0B       		.uleb128 0xb
 370 015f 2C000000 		.4byte	.LVL5
 371 0163 5F030000 		.4byte	0x35f
 372 0167 76010000 		.4byte	0x176
 373 016b 0C       		.uleb128 0xc
 374 016c 01       		.uleb128 0x1
 375 016d 51       		.byte	0x51
 376 016e 01       		.uleb128 0x1
 377 016f 32       		.byte	0x32
 378 0170 0C       		.uleb128 0xc
 379 0171 01       		.uleb128 0x1
 380 0172 50       		.byte	0x50
 381 0173 01       		.uleb128 0x1
ARM GAS  C:\Users\user\AppData\Local\Temp\ccZsC0EX.s 			page 9


 382 0174 49       		.byte	0x49
 383 0175 00       		.byte	0
 384 0176 0B       		.uleb128 0xb
 385 0177 34000000 		.4byte	.LVL6
 386 017b 5F030000 		.4byte	0x35f
 387 017f 8F010000 		.4byte	0x18f
 388 0183 0C       		.uleb128 0xc
 389 0184 01       		.uleb128 0x1
 390 0185 51       		.byte	0x51
 391 0186 01       		.uleb128 0x1
 392 0187 33       		.byte	0x33
 393 0188 0C       		.uleb128 0xc
 394 0189 01       		.uleb128 0x1
 395 018a 50       		.byte	0x50
 396 018b 02       		.uleb128 0x2
 397 018c 08       		.byte	0x8
 398 018d 24       		.byte	0x24
 399 018e 00       		.byte	0
 400 018f 0B       		.uleb128 0xb
 401 0190 3C000000 		.4byte	.LVL7
 402 0194 79030000 		.4byte	0x379
 403 0198 A4010000 		.4byte	0x1a4
 404 019c 0C       		.uleb128 0xc
 405 019d 01       		.uleb128 0x1
 406 019e 50       		.byte	0x50
 407 019f 03       		.uleb128 0x3
 408 01a0 0A       		.byte	0xa
 409 01a1 DE03     		.2byte	0x3de
 410 01a3 00       		.byte	0
 411 01a4 0B       		.uleb128 0xb
 412 01a5 42000000 		.4byte	.LVL8
 413 01a9 8A030000 		.4byte	0x38a
 414 01ad B7010000 		.4byte	0x1b7
 415 01b1 0C       		.uleb128 0xc
 416 01b2 01       		.uleb128 0x1
 417 01b3 50       		.byte	0x50
 418 01b4 01       		.uleb128 0x1
 419 01b5 31       		.byte	0x31
 420 01b6 00       		.byte	0
 421 01b7 0B       		.uleb128 0xb
 422 01b8 56000000 		.4byte	.LVL9
 423 01bc 9F030000 		.4byte	0x39f
 424 01c0 D1010000 		.4byte	0x1d1
 425 01c4 0C       		.uleb128 0xc
 426 01c5 01       		.uleb128 0x1
 427 01c6 51       		.byte	0x51
 428 01c7 02       		.uleb128 0x2
 429 01c8 75       		.byte	0x75
 430 01c9 00       		.sleb128 0
 431 01ca 0C       		.uleb128 0xc
 432 01cb 01       		.uleb128 0x1
 433 01cc 50       		.byte	0x50
 434 01cd 02       		.uleb128 0x2
 435 01ce 74       		.byte	0x74
 436 01cf 00       		.sleb128 0
 437 01d0 00       		.byte	0
 438 01d1 0B       		.uleb128 0xb
ARM GAS  C:\Users\user\AppData\Local\Temp\ccZsC0EX.s 			page 10


 439 01d2 5C000000 		.4byte	.LVL10
 440 01d6 BA030000 		.4byte	0x3ba
 441 01da E5010000 		.4byte	0x1e5
 442 01de 0C       		.uleb128 0xc
 443 01df 01       		.uleb128 0x1
 444 01e0 50       		.byte	0x50
 445 01e1 02       		.uleb128 0x2
 446 01e2 74       		.byte	0x74
 447 01e3 00       		.sleb128 0
 448 01e4 00       		.byte	0
 449 01e5 0B       		.uleb128 0xb
 450 01e6 62000000 		.4byte	.LVL11
 451 01ea 79030000 		.4byte	0x379
 452 01ee F8010000 		.4byte	0x1f8
 453 01f2 0C       		.uleb128 0xc
 454 01f3 01       		.uleb128 0x1
 455 01f4 50       		.byte	0x50
 456 01f5 01       		.uleb128 0x1
 457 01f6 3A       		.byte	0x3a
 458 01f7 00       		.byte	0
 459 01f8 0D       		.uleb128 0xd
 460 01f9 66000000 		.4byte	.LVL12
 461 01fd D6030000 		.4byte	0x3d6
 462 0201 0B       		.uleb128 0xb
 463 0202 6E000000 		.4byte	.LVL13
 464 0206 79030000 		.4byte	0x379
 465 020a 16020000 		.4byte	0x216
 466 020e 0C       		.uleb128 0xc
 467 020f 01       		.uleb128 0x1
 468 0210 50       		.byte	0x50
 469 0211 03       		.uleb128 0x3
 470 0212 0A       		.byte	0xa
 471 0213 DE03     		.2byte	0x3de
 472 0215 00       		.byte	0
 473 0216 0B       		.uleb128 0xb
 474 0217 74000000 		.4byte	.LVL14
 475 021b 8A030000 		.4byte	0x38a
 476 021f 29020000 		.4byte	0x229
 477 0223 0C       		.uleb128 0xc
 478 0224 01       		.uleb128 0x1
 479 0225 50       		.byte	0x50
 480 0226 01       		.uleb128 0x1
 481 0227 32       		.byte	0x32
 482 0228 00       		.byte	0
 483 0229 0B       		.uleb128 0xb
 484 022a 80000000 		.4byte	.LVL15
 485 022e 9F030000 		.4byte	0x39f
 486 0232 43020000 		.4byte	0x243
 487 0236 0C       		.uleb128 0xc
 488 0237 01       		.uleb128 0x1
 489 0238 51       		.byte	0x51
 490 0239 02       		.uleb128 0x2
 491 023a 75       		.byte	0x75
 492 023b 00       		.sleb128 0
 493 023c 0C       		.uleb128 0xc
 494 023d 01       		.uleb128 0x1
 495 023e 50       		.byte	0x50
ARM GAS  C:\Users\user\AppData\Local\Temp\ccZsC0EX.s 			page 11


 496 023f 02       		.uleb128 0x2
 497 0240 74       		.byte	0x74
 498 0241 00       		.sleb128 0
 499 0242 00       		.byte	0
 500 0243 0B       		.uleb128 0xb
 501 0244 86000000 		.4byte	.LVL16
 502 0248 BA030000 		.4byte	0x3ba
 503 024c 57020000 		.4byte	0x257
 504 0250 0C       		.uleb128 0xc
 505 0251 01       		.uleb128 0x1
 506 0252 50       		.byte	0x50
 507 0253 02       		.uleb128 0x2
 508 0254 74       		.byte	0x74
 509 0255 00       		.sleb128 0
 510 0256 00       		.byte	0
 511 0257 0B       		.uleb128 0xb
 512 0258 8C000000 		.4byte	.LVL17
 513 025c 79030000 		.4byte	0x379
 514 0260 6A020000 		.4byte	0x26a
 515 0264 0C       		.uleb128 0xc
 516 0265 01       		.uleb128 0x1
 517 0266 50       		.byte	0x50
 518 0267 01       		.uleb128 0x1
 519 0268 3A       		.byte	0x3a
 520 0269 00       		.byte	0
 521 026a 0D       		.uleb128 0xd
 522 026b 90000000 		.4byte	.LVL18
 523 026f D6030000 		.4byte	0x3d6
 524 0273 0B       		.uleb128 0xb
 525 0274 98000000 		.4byte	.LVL19
 526 0278 79030000 		.4byte	0x379
 527 027c 88020000 		.4byte	0x288
 528 0280 0C       		.uleb128 0xc
 529 0281 01       		.uleb128 0x1
 530 0282 50       		.byte	0x50
 531 0283 03       		.uleb128 0x3
 532 0284 0A       		.byte	0xa
 533 0285 DE03     		.2byte	0x3de
 534 0287 00       		.byte	0
 535 0288 0B       		.uleb128 0xb
 536 0289 9E000000 		.4byte	.LVL20
 537 028d 8A030000 		.4byte	0x38a
 538 0291 9B020000 		.4byte	0x29b
 539 0295 0C       		.uleb128 0xc
 540 0296 01       		.uleb128 0x1
 541 0297 50       		.byte	0x50
 542 0298 01       		.uleb128 0x1
 543 0299 33       		.byte	0x33
 544 029a 00       		.byte	0
 545 029b 0B       		.uleb128 0xb
 546 029c AA000000 		.4byte	.LVL21
 547 02a0 9F030000 		.4byte	0x39f
 548 02a4 B5020000 		.4byte	0x2b5
 549 02a8 0C       		.uleb128 0xc
 550 02a9 01       		.uleb128 0x1
 551 02aa 51       		.byte	0x51
 552 02ab 02       		.uleb128 0x2
ARM GAS  C:\Users\user\AppData\Local\Temp\ccZsC0EX.s 			page 12


 553 02ac 75       		.byte	0x75
 554 02ad 00       		.sleb128 0
 555 02ae 0C       		.uleb128 0xc
 556 02af 01       		.uleb128 0x1
 557 02b0 50       		.byte	0x50
 558 02b1 02       		.uleb128 0x2
 559 02b2 74       		.byte	0x74
 560 02b3 00       		.sleb128 0
 561 02b4 00       		.byte	0
 562 02b5 0B       		.uleb128 0xb
 563 02b6 B0000000 		.4byte	.LVL22
 564 02ba BA030000 		.4byte	0x3ba
 565 02be C9020000 		.4byte	0x2c9
 566 02c2 0C       		.uleb128 0xc
 567 02c3 01       		.uleb128 0x1
 568 02c4 50       		.byte	0x50
 569 02c5 02       		.uleb128 0x2
 570 02c6 74       		.byte	0x74
 571 02c7 00       		.sleb128 0
 572 02c8 00       		.byte	0
 573 02c9 0B       		.uleb128 0xb
 574 02ca B6000000 		.4byte	.LVL23
 575 02ce 79030000 		.4byte	0x379
 576 02d2 DC020000 		.4byte	0x2dc
 577 02d6 0C       		.uleb128 0xc
 578 02d7 01       		.uleb128 0x1
 579 02d8 50       		.byte	0x50
 580 02d9 01       		.uleb128 0x1
 581 02da 3A       		.byte	0x3a
 582 02db 00       		.byte	0
 583 02dc 0D       		.uleb128 0xd
 584 02dd BA000000 		.4byte	.LVL24
 585 02e1 D6030000 		.4byte	0x3d6
 586 02e5 00       		.byte	0
 587 02e6 0E       		.uleb128 0xe
 588 02e7 A5000000 		.4byte	.LASF20
 589 02eb 05       		.byte	0x5
 590 02ec 5506     		.2byte	0x655
 591 02ee F2020000 		.4byte	0x2f2
 592 02f2 0F       		.uleb128 0xf
 593 02f3 76000000 		.4byte	0x76
 594 02f7 10       		.uleb128 0x10
 595 02f8 76616C00 		.ascii	"val\000"
 596 02fc 01       		.byte	0x1
 597 02fd 11       		.byte	0x11
 598 02fe 68000000 		.4byte	0x68
 599 0302 05       		.uleb128 0x5
 600 0303 03       		.byte	0x3
 601 0304 00000000 		.4byte	val
 602 0308 11       		.uleb128 0x11
 603 0309 24000000 		.4byte	.LASF21
 604 030d 01       		.byte	0x1
 605 030e 12       		.byte	0x12
 606 030f 68000000 		.4byte	0x68
 607 0313 05       		.uleb128 0x5
 608 0314 03       		.byte	0x3
 609 0315 00000000 		.4byte	increment
ARM GAS  C:\Users\user\AppData\Local\Temp\ccZsC0EX.s 			page 13


 610 0319 11       		.uleb128 0x11
 611 031a F3010000 		.4byte	.LASF22
 612 031e 01       		.byte	0x1
 613 031f 13       		.byte	0x13
 614 0320 EA000000 		.4byte	0xea
 615 0324 05       		.uleb128 0x5
 616 0325 03       		.byte	0x3
 617 0326 00000000 		.4byte	valeur
 618 032a 12       		.uleb128 0x12
 619 032b 4A020000 		.4byte	.LASF25
 620 032f 06       		.byte	0x6
 621 0330 2A01     		.2byte	0x12a
 622 0332 41030000 		.4byte	0x341
 623 0336 13       		.uleb128 0x13
 624 0337 81000000 		.4byte	0x81
 625 033b 13       		.uleb128 0x13
 626 033c 81000000 		.4byte	0x81
 627 0340 00       		.byte	0
 628 0341 14       		.uleb128 0x14
 629 0342 09000000 		.4byte	.LASF23
 630 0346 06       		.byte	0x6
 631 0347 2D01     		.2byte	0x12d
 632 0349 81000000 		.4byte	0x81
 633 034d 15       		.uleb128 0x15
 634 034e 0C010000 		.4byte	.LASF24
 635 0352 07       		.byte	0x7
 636 0353 22       		.byte	0x22
 637 0354 81000000 		.4byte	0x81
 638 0358 16       		.uleb128 0x16
 639 0359 19020000 		.4byte	.LASF31
 640 035d 09       		.byte	0x9
 641 035e 1F       		.byte	0x1f
 642 035f 17       		.uleb128 0x17
 643 0360 38000000 		.4byte	.LASF27
 644 0364 09       		.byte	0x9
 645 0365 21       		.byte	0x21
 646 0366 C6000000 		.4byte	0xc6
 647 036a 79030000 		.4byte	0x379
 648 036e 13       		.uleb128 0x13
 649 036f 81000000 		.4byte	0x81
 650 0373 13       		.uleb128 0x13
 651 0374 8D000000 		.4byte	0x8d
 652 0378 00       		.byte	0
 653 0379 18       		.uleb128 0x18
 654 037a 7C020000 		.4byte	.LASF26
 655 037e 08       		.byte	0x8
 656 037f 77       		.byte	0x77
 657 0380 8A030000 		.4byte	0x38a
 658 0384 13       		.uleb128 0x13
 659 0385 99000000 		.4byte	0x99
 660 0389 00       		.byte	0
 661 038a 17       		.uleb128 0x17
 662 038b 54000000 		.4byte	.LASF28
 663 038f 09       		.byte	0x9
 664 0390 23       		.byte	0x23
 665 0391 81000000 		.4byte	0x81
 666 0395 9F030000 		.4byte	0x39f
ARM GAS  C:\Users\user\AppData\Local\Temp\ccZsC0EX.s 			page 14


 667 0399 13       		.uleb128 0x13
 668 039a 8D000000 		.4byte	0x8d
 669 039e 00       		.byte	0
 670 039f 17       		.uleb128 0x17
 671 03a0 74020000 		.4byte	.LASF29
 672 03a4 0A       		.byte	0xa
 673 03a5 DE       		.byte	0xde
 674 03a6 68000000 		.4byte	0x68
 675 03aa BA030000 		.4byte	0x3ba
 676 03ae 13       		.uleb128 0x13
 677 03af D9000000 		.4byte	0xd9
 678 03b3 13       		.uleb128 0x13
 679 03b4 DF000000 		.4byte	0xdf
 680 03b8 19       		.uleb128 0x19
 681 03b9 00       		.byte	0
 682 03ba 18       		.uleb128 0x18
 683 03bb DF010000 		.4byte	.LASF30
 684 03bf 07       		.byte	0x7
 685 03c0 24       		.byte	0x24
 686 03c1 CB030000 		.4byte	0x3cb
 687 03c5 13       		.uleb128 0x13
 688 03c6 CB030000 		.4byte	0x3cb
 689 03ca 00       		.byte	0
 690 03cb 06       		.uleb128 0x6
 691 03cc 04       		.byte	0x4
 692 03cd D1030000 		.4byte	0x3d1
 693 03d1 07       		.uleb128 0x7
 694 03d2 B3000000 		.4byte	0xb3
 695 03d6 16       		.uleb128 0x16
 696 03d7 28020000 		.4byte	.LASF32
 697 03db 07       		.byte	0x7
 698 03dc 26       		.byte	0x26
 699 03dd 00       		.byte	0
 700              		.section	.debug_abbrev,"",%progbits
 701              	.Ldebug_abbrev0:
 702 0000 01       		.uleb128 0x1
 703 0001 11       		.uleb128 0x11
 704 0002 01       		.byte	0x1
 705 0003 25       		.uleb128 0x25
 706 0004 0E       		.uleb128 0xe
 707 0005 13       		.uleb128 0x13
 708 0006 0B       		.uleb128 0xb
 709 0007 03       		.uleb128 0x3
 710 0008 0E       		.uleb128 0xe
 711 0009 1B       		.uleb128 0x1b
 712 000a 0E       		.uleb128 0xe
 713 000b 55       		.uleb128 0x55
 714 000c 17       		.uleb128 0x17
 715 000d 11       		.uleb128 0x11
 716 000e 01       		.uleb128 0x1
 717 000f 10       		.uleb128 0x10
 718 0010 17       		.uleb128 0x17
 719 0011 00       		.byte	0
 720 0012 00       		.byte	0
 721 0013 02       		.uleb128 0x2
 722 0014 24       		.uleb128 0x24
 723 0015 00       		.byte	0
ARM GAS  C:\Users\user\AppData\Local\Temp\ccZsC0EX.s 			page 15


 724 0016 0B       		.uleb128 0xb
 725 0017 0B       		.uleb128 0xb
 726 0018 3E       		.uleb128 0x3e
 727 0019 0B       		.uleb128 0xb
 728 001a 03       		.uleb128 0x3
 729 001b 0E       		.uleb128 0xe
 730 001c 00       		.byte	0
 731 001d 00       		.byte	0
 732 001e 03       		.uleb128 0x3
 733 001f 16       		.uleb128 0x16
 734 0020 00       		.byte	0
 735 0021 03       		.uleb128 0x3
 736 0022 0E       		.uleb128 0xe
 737 0023 3A       		.uleb128 0x3a
 738 0024 0B       		.uleb128 0xb
 739 0025 3B       		.uleb128 0x3b
 740 0026 0B       		.uleb128 0xb
 741 0027 49       		.uleb128 0x49
 742 0028 13       		.uleb128 0x13
 743 0029 00       		.byte	0
 744 002a 00       		.byte	0
 745 002b 04       		.uleb128 0x4
 746 002c 24       		.uleb128 0x24
 747 002d 00       		.byte	0
 748 002e 0B       		.uleb128 0xb
 749 002f 0B       		.uleb128 0xb
 750 0030 3E       		.uleb128 0x3e
 751 0031 0B       		.uleb128 0xb
 752 0032 03       		.uleb128 0x3
 753 0033 08       		.uleb128 0x8
 754 0034 00       		.byte	0
 755 0035 00       		.byte	0
 756 0036 05       		.uleb128 0x5
 757 0037 16       		.uleb128 0x16
 758 0038 00       		.byte	0
 759 0039 03       		.uleb128 0x3
 760 003a 0E       		.uleb128 0xe
 761 003b 3A       		.uleb128 0x3a
 762 003c 0B       		.uleb128 0xb
 763 003d 3B       		.uleb128 0x3b
 764 003e 05       		.uleb128 0x5
 765 003f 49       		.uleb128 0x49
 766 0040 13       		.uleb128 0x13
 767 0041 00       		.byte	0
 768 0042 00       		.byte	0
 769 0043 06       		.uleb128 0x6
 770 0044 0F       		.uleb128 0xf
 771 0045 00       		.byte	0
 772 0046 0B       		.uleb128 0xb
 773 0047 0B       		.uleb128 0xb
 774 0048 49       		.uleb128 0x49
 775 0049 13       		.uleb128 0x13
 776 004a 00       		.byte	0
 777 004b 00       		.byte	0
 778 004c 07       		.uleb128 0x7
 779 004d 26       		.uleb128 0x26
 780 004e 00       		.byte	0
ARM GAS  C:\Users\user\AppData\Local\Temp\ccZsC0EX.s 			page 16


 781 004f 49       		.uleb128 0x49
 782 0050 13       		.uleb128 0x13
 783 0051 00       		.byte	0
 784 0052 00       		.byte	0
 785 0053 08       		.uleb128 0x8
 786 0054 01       		.uleb128 0x1
 787 0055 01       		.byte	0x1
 788 0056 49       		.uleb128 0x49
 789 0057 13       		.uleb128 0x13
 790 0058 01       		.uleb128 0x1
 791 0059 13       		.uleb128 0x13
 792 005a 00       		.byte	0
 793 005b 00       		.byte	0
 794 005c 09       		.uleb128 0x9
 795 005d 21       		.uleb128 0x21
 796 005e 00       		.byte	0
 797 005f 49       		.uleb128 0x49
 798 0060 13       		.uleb128 0x13
 799 0061 2F       		.uleb128 0x2f
 800 0062 0B       		.uleb128 0xb
 801 0063 00       		.byte	0
 802 0064 00       		.byte	0
 803 0065 0A       		.uleb128 0xa
 804 0066 2E       		.uleb128 0x2e
 805 0067 01       		.byte	0x1
 806 0068 3F       		.uleb128 0x3f
 807 0069 19       		.uleb128 0x19
 808 006a 03       		.uleb128 0x3
 809 006b 0E       		.uleb128 0xe
 810 006c 3A       		.uleb128 0x3a
 811 006d 0B       		.uleb128 0xb
 812 006e 3B       		.uleb128 0x3b
 813 006f 0B       		.uleb128 0xb
 814 0070 49       		.uleb128 0x49
 815 0071 13       		.uleb128 0x13
 816 0072 11       		.uleb128 0x11
 817 0073 01       		.uleb128 0x1
 818 0074 12       		.uleb128 0x12
 819 0075 06       		.uleb128 0x6
 820 0076 40       		.uleb128 0x40
 821 0077 18       		.uleb128 0x18
 822 0078 9742     		.uleb128 0x2117
 823 007a 19       		.uleb128 0x19
 824 007b 01       		.uleb128 0x1
 825 007c 13       		.uleb128 0x13
 826 007d 00       		.byte	0
 827 007e 00       		.byte	0
 828 007f 0B       		.uleb128 0xb
 829 0080 898201   		.uleb128 0x4109
 830 0083 01       		.byte	0x1
 831 0084 11       		.uleb128 0x11
 832 0085 01       		.uleb128 0x1
 833 0086 31       		.uleb128 0x31
 834 0087 13       		.uleb128 0x13
 835 0088 01       		.uleb128 0x1
 836 0089 13       		.uleb128 0x13
 837 008a 00       		.byte	0
ARM GAS  C:\Users\user\AppData\Local\Temp\ccZsC0EX.s 			page 17


 838 008b 00       		.byte	0
 839 008c 0C       		.uleb128 0xc
 840 008d 8A8201   		.uleb128 0x410a
 841 0090 00       		.byte	0
 842 0091 02       		.uleb128 0x2
 843 0092 18       		.uleb128 0x18
 844 0093 9142     		.uleb128 0x2111
 845 0095 18       		.uleb128 0x18
 846 0096 00       		.byte	0
 847 0097 00       		.byte	0
 848 0098 0D       		.uleb128 0xd
 849 0099 898201   		.uleb128 0x4109
 850 009c 00       		.byte	0
 851 009d 11       		.uleb128 0x11
 852 009e 01       		.uleb128 0x1
 853 009f 31       		.uleb128 0x31
 854 00a0 13       		.uleb128 0x13
 855 00a1 00       		.byte	0
 856 00a2 00       		.byte	0
 857 00a3 0E       		.uleb128 0xe
 858 00a4 34       		.uleb128 0x34
 859 00a5 00       		.byte	0
 860 00a6 03       		.uleb128 0x3
 861 00a7 0E       		.uleb128 0xe
 862 00a8 3A       		.uleb128 0x3a
 863 00a9 0B       		.uleb128 0xb
 864 00aa 3B       		.uleb128 0x3b
 865 00ab 05       		.uleb128 0x5
 866 00ac 49       		.uleb128 0x49
 867 00ad 13       		.uleb128 0x13
 868 00ae 3F       		.uleb128 0x3f
 869 00af 19       		.uleb128 0x19
 870 00b0 3C       		.uleb128 0x3c
 871 00b1 19       		.uleb128 0x19
 872 00b2 00       		.byte	0
 873 00b3 00       		.byte	0
 874 00b4 0F       		.uleb128 0xf
 875 00b5 35       		.uleb128 0x35
 876 00b6 00       		.byte	0
 877 00b7 49       		.uleb128 0x49
 878 00b8 13       		.uleb128 0x13
 879 00b9 00       		.byte	0
 880 00ba 00       		.byte	0
 881 00bb 10       		.uleb128 0x10
 882 00bc 34       		.uleb128 0x34
 883 00bd 00       		.byte	0
 884 00be 03       		.uleb128 0x3
 885 00bf 08       		.uleb128 0x8
 886 00c0 3A       		.uleb128 0x3a
 887 00c1 0B       		.uleb128 0xb
 888 00c2 3B       		.uleb128 0x3b
 889 00c3 0B       		.uleb128 0xb
 890 00c4 49       		.uleb128 0x49
 891 00c5 13       		.uleb128 0x13
 892 00c6 3F       		.uleb128 0x3f
 893 00c7 19       		.uleb128 0x19
 894 00c8 02       		.uleb128 0x2
ARM GAS  C:\Users\user\AppData\Local\Temp\ccZsC0EX.s 			page 18


 895 00c9 18       		.uleb128 0x18
 896 00ca 00       		.byte	0
 897 00cb 00       		.byte	0
 898 00cc 11       		.uleb128 0x11
 899 00cd 34       		.uleb128 0x34
 900 00ce 00       		.byte	0
 901 00cf 03       		.uleb128 0x3
 902 00d0 0E       		.uleb128 0xe
 903 00d1 3A       		.uleb128 0x3a
 904 00d2 0B       		.uleb128 0xb
 905 00d3 3B       		.uleb128 0x3b
 906 00d4 0B       		.uleb128 0xb
 907 00d5 49       		.uleb128 0x49
 908 00d6 13       		.uleb128 0x13
 909 00d7 3F       		.uleb128 0x3f
 910 00d8 19       		.uleb128 0x19
 911 00d9 02       		.uleb128 0x2
 912 00da 18       		.uleb128 0x18
 913 00db 00       		.byte	0
 914 00dc 00       		.byte	0
 915 00dd 12       		.uleb128 0x12
 916 00de 2E       		.uleb128 0x2e
 917 00df 01       		.byte	0x1
 918 00e0 3F       		.uleb128 0x3f
 919 00e1 19       		.uleb128 0x19
 920 00e2 03       		.uleb128 0x3
 921 00e3 0E       		.uleb128 0xe
 922 00e4 3A       		.uleb128 0x3a
 923 00e5 0B       		.uleb128 0xb
 924 00e6 3B       		.uleb128 0x3b
 925 00e7 05       		.uleb128 0x5
 926 00e8 27       		.uleb128 0x27
 927 00e9 19       		.uleb128 0x19
 928 00ea 3C       		.uleb128 0x3c
 929 00eb 19       		.uleb128 0x19
 930 00ec 01       		.uleb128 0x1
 931 00ed 13       		.uleb128 0x13
 932 00ee 00       		.byte	0
 933 00ef 00       		.byte	0
 934 00f0 13       		.uleb128 0x13
 935 00f1 05       		.uleb128 0x5
 936 00f2 00       		.byte	0
 937 00f3 49       		.uleb128 0x49
 938 00f4 13       		.uleb128 0x13
 939 00f5 00       		.byte	0
 940 00f6 00       		.byte	0
 941 00f7 14       		.uleb128 0x14
 942 00f8 2E       		.uleb128 0x2e
 943 00f9 00       		.byte	0
 944 00fa 3F       		.uleb128 0x3f
 945 00fb 19       		.uleb128 0x19
 946 00fc 03       		.uleb128 0x3
 947 00fd 0E       		.uleb128 0xe
 948 00fe 3A       		.uleb128 0x3a
 949 00ff 0B       		.uleb128 0xb
 950 0100 3B       		.uleb128 0x3b
 951 0101 05       		.uleb128 0x5
ARM GAS  C:\Users\user\AppData\Local\Temp\ccZsC0EX.s 			page 19


 952 0102 27       		.uleb128 0x27
 953 0103 19       		.uleb128 0x19
 954 0104 49       		.uleb128 0x49
 955 0105 13       		.uleb128 0x13
 956 0106 3C       		.uleb128 0x3c
 957 0107 19       		.uleb128 0x19
 958 0108 00       		.byte	0
 959 0109 00       		.byte	0
 960 010a 15       		.uleb128 0x15
 961 010b 2E       		.uleb128 0x2e
 962 010c 00       		.byte	0
 963 010d 3F       		.uleb128 0x3f
 964 010e 19       		.uleb128 0x19
 965 010f 03       		.uleb128 0x3
 966 0110 0E       		.uleb128 0xe
 967 0111 3A       		.uleb128 0x3a
 968 0112 0B       		.uleb128 0xb
 969 0113 3B       		.uleb128 0x3b
 970 0114 0B       		.uleb128 0xb
 971 0115 27       		.uleb128 0x27
 972 0116 19       		.uleb128 0x19
 973 0117 49       		.uleb128 0x49
 974 0118 13       		.uleb128 0x13
 975 0119 3C       		.uleb128 0x3c
 976 011a 19       		.uleb128 0x19
 977 011b 00       		.byte	0
 978 011c 00       		.byte	0
 979 011d 16       		.uleb128 0x16
 980 011e 2E       		.uleb128 0x2e
 981 011f 00       		.byte	0
 982 0120 3F       		.uleb128 0x3f
 983 0121 19       		.uleb128 0x19
 984 0122 03       		.uleb128 0x3
 985 0123 0E       		.uleb128 0xe
 986 0124 3A       		.uleb128 0x3a
 987 0125 0B       		.uleb128 0xb
 988 0126 3B       		.uleb128 0x3b
 989 0127 0B       		.uleb128 0xb
 990 0128 27       		.uleb128 0x27
 991 0129 19       		.uleb128 0x19
 992 012a 3C       		.uleb128 0x3c
 993 012b 19       		.uleb128 0x19
 994 012c 00       		.byte	0
 995 012d 00       		.byte	0
 996 012e 17       		.uleb128 0x17
 997 012f 2E       		.uleb128 0x2e
 998 0130 01       		.byte	0x1
 999 0131 3F       		.uleb128 0x3f
 1000 0132 19       		.uleb128 0x19
 1001 0133 03       		.uleb128 0x3
 1002 0134 0E       		.uleb128 0xe
 1003 0135 3A       		.uleb128 0x3a
 1004 0136 0B       		.uleb128 0xb
 1005 0137 3B       		.uleb128 0x3b
 1006 0138 0B       		.uleb128 0xb
 1007 0139 27       		.uleb128 0x27
 1008 013a 19       		.uleb128 0x19
ARM GAS  C:\Users\user\AppData\Local\Temp\ccZsC0EX.s 			page 20


 1009 013b 49       		.uleb128 0x49
 1010 013c 13       		.uleb128 0x13
 1011 013d 3C       		.uleb128 0x3c
 1012 013e 19       		.uleb128 0x19
 1013 013f 01       		.uleb128 0x1
 1014 0140 13       		.uleb128 0x13
 1015 0141 00       		.byte	0
 1016 0142 00       		.byte	0
 1017 0143 18       		.uleb128 0x18
 1018 0144 2E       		.uleb128 0x2e
 1019 0145 01       		.byte	0x1
 1020 0146 3F       		.uleb128 0x3f
 1021 0147 19       		.uleb128 0x19
 1022 0148 03       		.uleb128 0x3
 1023 0149 0E       		.uleb128 0xe
 1024 014a 3A       		.uleb128 0x3a
 1025 014b 0B       		.uleb128 0xb
 1026 014c 3B       		.uleb128 0x3b
 1027 014d 0B       		.uleb128 0xb
 1028 014e 27       		.uleb128 0x27
 1029 014f 19       		.uleb128 0x19
 1030 0150 3C       		.uleb128 0x3c
 1031 0151 19       		.uleb128 0x19
 1032 0152 01       		.uleb128 0x1
 1033 0153 13       		.uleb128 0x13
 1034 0154 00       		.byte	0
 1035 0155 00       		.byte	0
 1036 0156 19       		.uleb128 0x19
 1037 0157 18       		.uleb128 0x18
 1038 0158 00       		.byte	0
 1039 0159 00       		.byte	0
 1040 015a 00       		.byte	0
 1041 015b 00       		.byte	0
 1042              		.section	.debug_aranges,"",%progbits
 1043 0000 1C000000 		.4byte	0x1c
 1044 0004 0200     		.2byte	0x2
 1045 0006 00000000 		.4byte	.Ldebug_info0
 1046 000a 04       		.byte	0x4
 1047 000b 00       		.byte	0
 1048 000c 0000     		.2byte	0
 1049 000e 0000     		.2byte	0
 1050 0010 00000000 		.4byte	.LFB63
 1051 0014 C4000000 		.4byte	.LFE63-.LFB63
 1052 0018 00000000 		.4byte	0
 1053 001c 00000000 		.4byte	0
 1054              		.section	.debug_ranges,"",%progbits
 1055              	.Ldebug_ranges0:
 1056 0000 00000000 		.4byte	.LFB63
 1057 0004 C4000000 		.4byte	.LFE63
 1058 0008 00000000 		.4byte	0
 1059 000c 00000000 		.4byte	0
 1060              		.section	.debug_line,"",%progbits
 1061              	.Ldebug_line0:
 1062 0000 0F020000 		.section	.debug_str,"MS",%progbits,1
 1062      02008F01 
 1062      00000201 
 1062      FB0E0D00 
ARM GAS  C:\Users\user\AppData\Local\Temp\ccZsC0EX.s 			page 21


 1062      01010101 
 1063              	.LASF18:
 1064 0000 63797374 		.ascii	"cystatus\000"
 1064      61747573 
 1064      00
 1065              	.LASF23:
 1066 0009 55534255 		.ascii	"USBUART_1_GetConfiguration\000"
 1066      4152545F 
 1066      315F4765 
 1066      74436F6E 
 1066      66696775 
 1067              	.LASF21:
 1068 0024 696E6372 		.ascii	"increment\000"
 1068      656D656E 
 1068      7400
 1069              	.LASF9:
 1070 002e 5F5F696E 		.ascii	"__int32_t\000"
 1070      7433325F 
 1070      7400
 1071              	.LASF27:
 1072 0038 45455052 		.ascii	"EEPROM_1_WriteByte\000"
 1072      4F4D5F31 
 1072      5F577269 
 1072      74654279 
 1072      746500
 1073              	.LASF34:
 1074 004b 2E5C6D61 		.ascii	".\\main.c\000"
 1074      696E2E63 
 1074      00
 1075              	.LASF28:
 1076 0054 45455052 		.ascii	"EEPROM_1_ReadByte\000"
 1076      4F4D5F31 
 1076      5F526561 
 1076      64427974 
 1076      6500
 1077              	.LASF14:
 1078 0066 666C6F61 		.ascii	"float\000"
 1078      7400
 1079              	.LASF1:
 1080 006c 756E7369 		.ascii	"unsigned char\000"
 1080      676E6564 
 1080      20636861 
 1080      7200
 1081              	.LASF16:
 1082 007a 63686172 		.ascii	"char8\000"
 1082      3800
 1083              	.LASF5:
 1084 0080 6C6F6E67 		.ascii	"long unsigned int\000"
 1084      20756E73 
 1084      69676E65 
 1084      6420696E 
 1084      7400
 1085              	.LASF3:
 1086 0092 73686F72 		.ascii	"short unsigned int\000"
 1086      7420756E 
 1086      7369676E 
 1086      65642069 
ARM GAS  C:\Users\user\AppData\Local\Temp\ccZsC0EX.s 			page 22


 1086      6E7400
 1087              	.LASF20:
 1088 00a5 49544D5F 		.ascii	"ITM_RxBuffer\000"
 1088      52784275 
 1088      66666572 
 1088      00
 1089              	.LASF35:
 1090 00b2 443A5C55 		.ascii	"D:\\Utilisateurs\\user\\Documents\\PSoC Creator\\Wo"
 1090      74696C69 
 1090      73617465 
 1090      7572735C 
 1090      75736572 
 1091 00e0 726B7370 		.ascii	"rkspace02\\USB_UART_EEPROM.cydsn\000"
 1091      61636530 
 1091      325C5553 
 1091      425F5541 
 1091      52545F45 
 1092              	.LASF15:
 1093 0100 646F7562 		.ascii	"double\000"
 1093      6C6500
 1094              	.LASF36:
 1095 0107 6D61696E 		.ascii	"main\000"
 1095      00
 1096              	.LASF24:
 1097 010c 55534255 		.ascii	"USBUART_1_CDC_Init\000"
 1097      4152545F 
 1097      315F4344 
 1097      435F496E 
 1097      697400
 1098              	.LASF12:
 1099 011f 75696E74 		.ascii	"uint16\000"
 1099      313600
 1100              	.LASF13:
 1101 0126 75696E74 		.ascii	"uint32\000"
 1101      333200
 1102              	.LASF33:
 1103 012d 474E5520 		.ascii	"GNU C 4.9.3 20150303 (release) [ARM/embedded-4_9-br"
 1103      4320342E 
 1103      392E3320 
 1103      32303135 
 1103      30333033 
 1104 0160 616E6368 		.ascii	"anch revision 221220] -mcpu=cortex-m3 -mthumb -g -O"
 1104      20726576 
 1104      6973696F 
 1104      6E203232 
 1104      31323230 
 1105 0193 67202D66 		.ascii	"g -ffunction-sections -ffat-lto-objects\000"
 1105      66756E63 
 1105      74696F6E 
 1105      2D736563 
 1105      74696F6E 
 1106              	.LASF8:
 1107 01bb 756E7369 		.ascii	"unsigned int\000"
 1107      676E6564 
 1107      20696E74 
 1107      00
 1108              	.LASF7:
ARM GAS  C:\Users\user\AppData\Local\Temp\ccZsC0EX.s 			page 23


 1109 01c8 6C6F6E67 		.ascii	"long long unsigned int\000"
 1109      206C6F6E 
 1109      6720756E 
 1109      7369676E 
 1109      65642069 
 1110              	.LASF30:
 1111 01df 55534255 		.ascii	"USBUART_1_PutString\000"
 1111      4152545F 
 1111      315F5075 
 1111      74537472 
 1111      696E6700 
 1112              	.LASF22:
 1113 01f3 76616C65 		.ascii	"valeur\000"
 1113      757200
 1114              	.LASF10:
 1115 01fa 696E7433 		.ascii	"int32_t\000"
 1115      325F7400 
 1116              	.LASF19:
 1117 0202 73697A65 		.ascii	"sizetype\000"
 1117      74797065 
 1117      00
 1118              	.LASF6:
 1119 020b 6C6F6E67 		.ascii	"long long int\000"
 1119      206C6F6E 
 1119      6720696E 
 1119      7400
 1120              	.LASF31:
 1121 0219 45455052 		.ascii	"EEPROM_1_Start\000"
 1121      4F4D5F31 
 1121      5F537461 
 1121      727400
 1122              	.LASF32:
 1123 0228 55534255 		.ascii	"USBUART_1_PutCRLF\000"
 1123      4152545F 
 1123      315F5075 
 1123      7443524C 
 1123      4600
 1124              	.LASF2:
 1125 023a 73686F72 		.ascii	"short int\000"
 1125      7420696E 
 1125      7400
 1126              	.LASF11:
 1127 0244 75696E74 		.ascii	"uint8\000"
 1127      3800
 1128              	.LASF25:
 1129 024a 55534255 		.ascii	"USBUART_1_Start\000"
 1129      4152545F 
 1129      315F5374 
 1129      61727400 
 1130              	.LASF4:
 1131 025a 6C6F6E67 		.ascii	"long int\000"
 1131      20696E74 
 1131      00
 1132              	.LASF17:
 1133 0263 63686172 		.ascii	"char\000"
 1133      00
 1134              	.LASF0:
ARM GAS  C:\Users\user\AppData\Local\Temp\ccZsC0EX.s 			page 24


 1135 0268 7369676E 		.ascii	"signed char\000"
 1135      65642063 
 1135      68617200 
 1136              	.LASF29:
 1137 0274 73707269 		.ascii	"sprintf\000"
 1137      6E746600 
 1138              	.LASF26:
 1139 027c 43794465 		.ascii	"CyDelay\000"
 1139      6C617900 
 1140              		.ident	"GCC: (GNU Tools for ARM Embedded Processors) 4.9.3 20150303 (release) [ARM/embedded-4_9-br
