ARM GAS  C:\Users\user\AppData\Local\Temp\ccK8IGgF.s 			page 1


   1              		.syntax unified
   2              		.cpu cortex-m3
   3              		.fpu softvfp
   4              		.eabi_attribute 20, 1
   5              		.eabi_attribute 21, 1
   6              		.eabi_attribute 23, 3
   7              		.eabi_attribute 24, 1
   8              		.eabi_attribute 25, 1
   9              		.eabi_attribute 26, 1
  10              		.eabi_attribute 30, 1
  11              		.eabi_attribute 34, 1
  12              		.eabi_attribute 18, 4
  13              		.thumb
  14              		.file	"cyfitter_cfg.c"
  15              		.text
  16              	.Ltext0:
  17              		.cfi_sections	.debug_frame
  18              		.section	.text.CyClockStartupError,"ax",%progbits
  19              		.align	2
  20              		.thumb
  21              		.thumb_func
  22              		.type	CyClockStartupError, %function
  23              	CyClockStartupError:
  24              	.LFB3:
  25              		.file 1 ".\\Generated_Source\\PSoC5\\cyfitter_cfg.c"
   1:.\Generated_Source\PSoC5/cyfitter_cfg.c **** /*******************************************************************************
   2:.\Generated_Source\PSoC5/cyfitter_cfg.c **** * File Name: cyfitter_cfg.c
   3:.\Generated_Source\PSoC5/cyfitter_cfg.c **** * 
   4:.\Generated_Source\PSoC5/cyfitter_cfg.c **** * PSoC Creator  3.3 CP2
   5:.\Generated_Source\PSoC5/cyfitter_cfg.c **** *
   6:.\Generated_Source\PSoC5/cyfitter_cfg.c **** * Description:
   7:.\Generated_Source\PSoC5/cyfitter_cfg.c **** * This file contains device initialization code.
   8:.\Generated_Source\PSoC5/cyfitter_cfg.c **** * Except for the user defined sections in CyClockStartupError(), this file should not be modified.
   9:.\Generated_Source\PSoC5/cyfitter_cfg.c **** * This file is automatically generated by PSoC Creator.
  10:.\Generated_Source\PSoC5/cyfitter_cfg.c **** *
  11:.\Generated_Source\PSoC5/cyfitter_cfg.c **** ********************************************************************************
  12:.\Generated_Source\PSoC5/cyfitter_cfg.c **** * Copyright (c) 2007-2015 Cypress Semiconductor.  All rights reserved.
  13:.\Generated_Source\PSoC5/cyfitter_cfg.c **** * You may use this file only in accordance with the license, terms, conditions, 
  14:.\Generated_Source\PSoC5/cyfitter_cfg.c **** * disclaimers, and limitations in the end user license agreement accompanying 
  15:.\Generated_Source\PSoC5/cyfitter_cfg.c **** * the software package with which this file was provided.
  16:.\Generated_Source\PSoC5/cyfitter_cfg.c **** ********************************************************************************/
  17:.\Generated_Source\PSoC5/cyfitter_cfg.c **** 
  18:.\Generated_Source\PSoC5/cyfitter_cfg.c **** #include <string.h>
  19:.\Generated_Source\PSoC5/cyfitter_cfg.c **** #include "cytypes.h"
  20:.\Generated_Source\PSoC5/cyfitter_cfg.c **** #include "cydevice_trm.h"
  21:.\Generated_Source\PSoC5/cyfitter_cfg.c **** #include "cyfitter.h"
  22:.\Generated_Source\PSoC5/cyfitter_cfg.c **** #include "CyLib.h"
  23:.\Generated_Source\PSoC5/cyfitter_cfg.c **** #include "cyfitter_cfg.h"
  24:.\Generated_Source\PSoC5/cyfitter_cfg.c **** 
  25:.\Generated_Source\PSoC5/cyfitter_cfg.c **** #define CY_NEED_CYCLOCKSTARTUPERROR 1
  26:.\Generated_Source\PSoC5/cyfitter_cfg.c **** 
  27:.\Generated_Source\PSoC5/cyfitter_cfg.c **** 
  28:.\Generated_Source\PSoC5/cyfitter_cfg.c **** #if defined(__GNUC__) || defined(__ARMCC_VERSION)
  29:.\Generated_Source\PSoC5/cyfitter_cfg.c ****     #define CYPACKED 
  30:.\Generated_Source\PSoC5/cyfitter_cfg.c ****     #define CYPACKED_ATTR __attribute__ ((packed))
  31:.\Generated_Source\PSoC5/cyfitter_cfg.c ****     #define CYALIGNED __attribute__ ((aligned))
  32:.\Generated_Source\PSoC5/cyfitter_cfg.c ****     #define CY_CFG_UNUSED __attribute__ ((unused))
ARM GAS  C:\Users\user\AppData\Local\Temp\ccK8IGgF.s 			page 2


  33:.\Generated_Source\PSoC5/cyfitter_cfg.c ****     #ifndef CY_CFG_SECTION
  34:.\Generated_Source\PSoC5/cyfitter_cfg.c ****         #define CY_CFG_SECTION __attribute__ ((section(".psocinit")))
  35:.\Generated_Source\PSoC5/cyfitter_cfg.c ****     #endif
  36:.\Generated_Source\PSoC5/cyfitter_cfg.c ****     
  37:.\Generated_Source\PSoC5/cyfitter_cfg.c ****     #if defined(__ARMCC_VERSION)
  38:.\Generated_Source\PSoC5/cyfitter_cfg.c ****         #define CY_CFG_MEMORY_BARRIER() __memory_changed()
  39:.\Generated_Source\PSoC5/cyfitter_cfg.c ****     #else
  40:.\Generated_Source\PSoC5/cyfitter_cfg.c ****         #define CY_CFG_MEMORY_BARRIER() __sync_synchronize()
  41:.\Generated_Source\PSoC5/cyfitter_cfg.c ****     #endif
  42:.\Generated_Source\PSoC5/cyfitter_cfg.c ****     
  43:.\Generated_Source\PSoC5/cyfitter_cfg.c **** #elif defined(__ICCARM__)
  44:.\Generated_Source\PSoC5/cyfitter_cfg.c ****     #include <intrinsics.h>
  45:.\Generated_Source\PSoC5/cyfitter_cfg.c **** 
  46:.\Generated_Source\PSoC5/cyfitter_cfg.c ****     #define CYPACKED __packed
  47:.\Generated_Source\PSoC5/cyfitter_cfg.c ****     #define CYPACKED_ATTR 
  48:.\Generated_Source\PSoC5/cyfitter_cfg.c ****     #define CYALIGNED _Pragma("data_alignment=4")
  49:.\Generated_Source\PSoC5/cyfitter_cfg.c ****     #define CY_CFG_UNUSED _Pragma("diag_suppress=Pe177")
  50:.\Generated_Source\PSoC5/cyfitter_cfg.c ****     #define CY_CFG_SECTION _Pragma("location=\".psocinit\"")
  51:.\Generated_Source\PSoC5/cyfitter_cfg.c ****     
  52:.\Generated_Source\PSoC5/cyfitter_cfg.c ****     #define CY_CFG_MEMORY_BARRIER() __DMB()
  53:.\Generated_Source\PSoC5/cyfitter_cfg.c ****     
  54:.\Generated_Source\PSoC5/cyfitter_cfg.c **** #else
  55:.\Generated_Source\PSoC5/cyfitter_cfg.c ****     #error Unsupported toolchain
  56:.\Generated_Source\PSoC5/cyfitter_cfg.c **** #endif
  57:.\Generated_Source\PSoC5/cyfitter_cfg.c **** 
  58:.\Generated_Source\PSoC5/cyfitter_cfg.c **** 
  59:.\Generated_Source\PSoC5/cyfitter_cfg.c **** CY_CFG_UNUSED
  60:.\Generated_Source\PSoC5/cyfitter_cfg.c **** static void CYMEMZERO(void *s, size_t n);
  61:.\Generated_Source\PSoC5/cyfitter_cfg.c **** CY_CFG_UNUSED
  62:.\Generated_Source\PSoC5/cyfitter_cfg.c **** static void CYMEMZERO(void *s, size_t n)
  63:.\Generated_Source\PSoC5/cyfitter_cfg.c **** {
  64:.\Generated_Source\PSoC5/cyfitter_cfg.c **** 	(void)memset(s, 0, n);
  65:.\Generated_Source\PSoC5/cyfitter_cfg.c **** }
  66:.\Generated_Source\PSoC5/cyfitter_cfg.c **** CY_CFG_UNUSED
  67:.\Generated_Source\PSoC5/cyfitter_cfg.c **** static void CYCONFIGCPY(void *dest, const void *src, size_t n);
  68:.\Generated_Source\PSoC5/cyfitter_cfg.c **** CY_CFG_UNUSED
  69:.\Generated_Source\PSoC5/cyfitter_cfg.c **** static void CYCONFIGCPY(void *dest, const void *src, size_t n)
  70:.\Generated_Source\PSoC5/cyfitter_cfg.c **** {
  71:.\Generated_Source\PSoC5/cyfitter_cfg.c **** 	(void)memcpy(dest, src, n);
  72:.\Generated_Source\PSoC5/cyfitter_cfg.c **** }
  73:.\Generated_Source\PSoC5/cyfitter_cfg.c **** CY_CFG_UNUSED
  74:.\Generated_Source\PSoC5/cyfitter_cfg.c **** static void CYCONFIGCPYCODE(void *dest, const void *src, size_t n);
  75:.\Generated_Source\PSoC5/cyfitter_cfg.c **** CY_CFG_UNUSED
  76:.\Generated_Source\PSoC5/cyfitter_cfg.c **** static void CYCONFIGCPYCODE(void *dest, const void *src, size_t n)
  77:.\Generated_Source\PSoC5/cyfitter_cfg.c **** {
  78:.\Generated_Source\PSoC5/cyfitter_cfg.c **** 	(void)memcpy(dest, src, n);
  79:.\Generated_Source\PSoC5/cyfitter_cfg.c **** }
  80:.\Generated_Source\PSoC5/cyfitter_cfg.c **** 
  81:.\Generated_Source\PSoC5/cyfitter_cfg.c **** 
  82:.\Generated_Source\PSoC5/cyfitter_cfg.c **** 
  83:.\Generated_Source\PSoC5/cyfitter_cfg.c **** /* Clock startup error codes                                                   */
  84:.\Generated_Source\PSoC5/cyfitter_cfg.c **** #define CYCLOCKSTART_NO_ERROR    0u
  85:.\Generated_Source\PSoC5/cyfitter_cfg.c **** #define CYCLOCKSTART_XTAL_ERROR  1u
  86:.\Generated_Source\PSoC5/cyfitter_cfg.c **** #define CYCLOCKSTART_32KHZ_ERROR 2u
  87:.\Generated_Source\PSoC5/cyfitter_cfg.c **** #define CYCLOCKSTART_PLL_ERROR   3u
  88:.\Generated_Source\PSoC5/cyfitter_cfg.c **** 
  89:.\Generated_Source\PSoC5/cyfitter_cfg.c **** #ifdef CY_NEED_CYCLOCKSTARTUPERROR
ARM GAS  C:\Users\user\AppData\Local\Temp\ccK8IGgF.s 			page 3


  90:.\Generated_Source\PSoC5/cyfitter_cfg.c **** /*******************************************************************************
  91:.\Generated_Source\PSoC5/cyfitter_cfg.c **** * Function Name: CyClockStartupError
  92:.\Generated_Source\PSoC5/cyfitter_cfg.c **** ********************************************************************************
  93:.\Generated_Source\PSoC5/cyfitter_cfg.c **** * Summary:
  94:.\Generated_Source\PSoC5/cyfitter_cfg.c **** *  If an error is encountered during clock configuration (crystal startup error,
  95:.\Generated_Source\PSoC5/cyfitter_cfg.c **** *  PLL lock error, etc.), the system will end up here.  Unless reimplemented by
  96:.\Generated_Source\PSoC5/cyfitter_cfg.c **** *  the customer, this function will stop in an infinite loop.
  97:.\Generated_Source\PSoC5/cyfitter_cfg.c **** *
  98:.\Generated_Source\PSoC5/cyfitter_cfg.c **** * Parameters:
  99:.\Generated_Source\PSoC5/cyfitter_cfg.c **** *   void
 100:.\Generated_Source\PSoC5/cyfitter_cfg.c **** *
 101:.\Generated_Source\PSoC5/cyfitter_cfg.c **** * Return:
 102:.\Generated_Source\PSoC5/cyfitter_cfg.c **** *   void
 103:.\Generated_Source\PSoC5/cyfitter_cfg.c **** *
 104:.\Generated_Source\PSoC5/cyfitter_cfg.c **** *******************************************************************************/
 105:.\Generated_Source\PSoC5/cyfitter_cfg.c **** CY_CFG_UNUSED
 106:.\Generated_Source\PSoC5/cyfitter_cfg.c **** static void CyClockStartupError(uint8 errorCode);
 107:.\Generated_Source\PSoC5/cyfitter_cfg.c **** CY_CFG_UNUSED
 108:.\Generated_Source\PSoC5/cyfitter_cfg.c **** static void CyClockStartupError(uint8 errorCode)
 109:.\Generated_Source\PSoC5/cyfitter_cfg.c **** {
  26              		.loc 1 109 0
  27              		.cfi_startproc
  28              		@ Volatile: function does not return.
  29              		@ args = 0, pretend = 0, frame = 0
  30              		@ frame_needed = 0, uses_anonymous_args = 0
  31              		@ link register save eliminated.
  32              	.LVL0:
  33              	.L2:
 110:.\Generated_Source\PSoC5/cyfitter_cfg.c ****     /* To remove the compiler warning if errorCode not used.                */
 111:.\Generated_Source\PSoC5/cyfitter_cfg.c ****     errorCode = errorCode;
 112:.\Generated_Source\PSoC5/cyfitter_cfg.c **** 
 113:.\Generated_Source\PSoC5/cyfitter_cfg.c ****     /* `#START CyClockStartupError` */
 114:.\Generated_Source\PSoC5/cyfitter_cfg.c **** 
 115:.\Generated_Source\PSoC5/cyfitter_cfg.c ****     /* If we have a clock startup error (bad MHz crystal, PLL lock, etc.),  */
 116:.\Generated_Source\PSoC5/cyfitter_cfg.c ****     /* we will end up here to allow the customer to implement something to  */
 117:.\Generated_Source\PSoC5/cyfitter_cfg.c ****     /* deal with the clock condition.                                       */
 118:.\Generated_Source\PSoC5/cyfitter_cfg.c **** 
 119:.\Generated_Source\PSoC5/cyfitter_cfg.c ****     /* `#END` */
 120:.\Generated_Source\PSoC5/cyfitter_cfg.c **** 
 121:.\Generated_Source\PSoC5/cyfitter_cfg.c ****     /* If nothing else, stop here since the clocks have not started         */
 122:.\Generated_Source\PSoC5/cyfitter_cfg.c ****     /* correctly.                                                           */
 123:.\Generated_Source\PSoC5/cyfitter_cfg.c ****     while(1) {}
  34              		.loc 1 123 0 discriminator 1
  35 0000 FEE7     		b	.L2
  36              		.cfi_endproc
  37              	.LFE3:
  38              		.size	CyClockStartupError, .-CyClockStartupError
  39 0002 00BF     		.section	.text.AnalogSetDefault,"ax",%progbits
  40              		.align	2
  41              		.thumb
  42              		.thumb_func
  43              		.type	AnalogSetDefault, %function
  44              	AnalogSetDefault:
  45              	.LFB5:
 124:.\Generated_Source\PSoC5/cyfitter_cfg.c **** }
 125:.\Generated_Source\PSoC5/cyfitter_cfg.c **** #endif
 126:.\Generated_Source\PSoC5/cyfitter_cfg.c **** 
ARM GAS  C:\Users\user\AppData\Local\Temp\ccK8IGgF.s 			page 4


 127:.\Generated_Source\PSoC5/cyfitter_cfg.c **** /* IOPINS0_3 Address: CYREG_PRT3_DM0 Size (bytes): 8 */
 128:.\Generated_Source\PSoC5/cyfitter_cfg.c **** #define BS_IOPINS0_3_VAL ((const uint8 CYFAR *)0x48000000u)
 129:.\Generated_Source\PSoC5/cyfitter_cfg.c **** 
 130:.\Generated_Source\PSoC5/cyfitter_cfg.c **** /* CYDEV_CLKDIST_ACFG0_CFG0 Address: CYREG_CLKDIST_ACFG0_CFG0 Size (bytes): 4 */
 131:.\Generated_Source\PSoC5/cyfitter_cfg.c **** #define BS_CYDEV_CLKDIST_ACFG0_CFG0_VAL ((const uint8 CYFAR *)0x48000008u)
 132:.\Generated_Source\PSoC5/cyfitter_cfg.c **** 
 133:.\Generated_Source\PSoC5/cyfitter_cfg.c **** 
 134:.\Generated_Source\PSoC5/cyfitter_cfg.c **** /*******************************************************************************
 135:.\Generated_Source\PSoC5/cyfitter_cfg.c **** * Function Name: ClockSetup
 136:.\Generated_Source\PSoC5/cyfitter_cfg.c **** ********************************************************************************
 137:.\Generated_Source\PSoC5/cyfitter_cfg.c **** *
 138:.\Generated_Source\PSoC5/cyfitter_cfg.c **** * Summary:
 139:.\Generated_Source\PSoC5/cyfitter_cfg.c **** *  Performs the initialization of all of the clocks in the device based on the
 140:.\Generated_Source\PSoC5/cyfitter_cfg.c **** *  settings in the Clock tab of the DWR.  This includes enabling the requested
 141:.\Generated_Source\PSoC5/cyfitter_cfg.c **** *  clocks and setting the necessary dividers to produce the desired frequency. 
 142:.\Generated_Source\PSoC5/cyfitter_cfg.c **** *
 143:.\Generated_Source\PSoC5/cyfitter_cfg.c **** * Parameters:
 144:.\Generated_Source\PSoC5/cyfitter_cfg.c **** *  void
 145:.\Generated_Source\PSoC5/cyfitter_cfg.c **** *
 146:.\Generated_Source\PSoC5/cyfitter_cfg.c **** * Return:
 147:.\Generated_Source\PSoC5/cyfitter_cfg.c **** *  void
 148:.\Generated_Source\PSoC5/cyfitter_cfg.c **** *
 149:.\Generated_Source\PSoC5/cyfitter_cfg.c **** *******************************************************************************/
 150:.\Generated_Source\PSoC5/cyfitter_cfg.c **** static void ClockSetup(void);
 151:.\Generated_Source\PSoC5/cyfitter_cfg.c **** static void ClockSetup(void)
 152:.\Generated_Source\PSoC5/cyfitter_cfg.c **** {
 153:.\Generated_Source\PSoC5/cyfitter_cfg.c **** 	uint32 timeout;
 154:.\Generated_Source\PSoC5/cyfitter_cfg.c **** 	uint8 pllLock;
 155:.\Generated_Source\PSoC5/cyfitter_cfg.c **** 
 156:.\Generated_Source\PSoC5/cyfitter_cfg.c **** 
 157:.\Generated_Source\PSoC5/cyfitter_cfg.c **** 	/* Configure Analog Clocks based on settings from Clock DWR */
 158:.\Generated_Source\PSoC5/cyfitter_cfg.c **** 	CYCONFIGCPY((void CYFAR *)(CYREG_CLKDIST_ACFG0_CFG0), (const void CYFAR *)(BS_CYDEV_CLKDIST_ACFG0_
 159:.\Generated_Source\PSoC5/cyfitter_cfg.c **** 
 160:.\Generated_Source\PSoC5/cyfitter_cfg.c **** 	/* Configure ILO based on settings from Clock DWR */
 161:.\Generated_Source\PSoC5/cyfitter_cfg.c **** 	CY_SET_XTND_REG8((void CYFAR *)(CYREG_SLOWCLK_ILO_CR0), 0x02u);
 162:.\Generated_Source\PSoC5/cyfitter_cfg.c **** 	CY_SET_XTND_REG8((void CYFAR *)(CYREG_CLKDIST_CR), 0x08u);
 163:.\Generated_Source\PSoC5/cyfitter_cfg.c **** 
 164:.\Generated_Source\PSoC5/cyfitter_cfg.c **** 	/* Configure IMO based on settings from Clock DWR */
 165:.\Generated_Source\PSoC5/cyfitter_cfg.c **** 	CY_SET_XTND_REG8((void CYFAR *)(CYREG_FASTCLK_IMO_CR), 0x03u);
 166:.\Generated_Source\PSoC5/cyfitter_cfg.c **** 	CY_SET_XTND_REG8((void CYFAR *)(CYREG_IMO_TR1), (CY_GET_XTND_REG8((void CYFAR *)CYREG_FLSHID_CUST_
 167:.\Generated_Source\PSoC5/cyfitter_cfg.c **** 
 168:.\Generated_Source\PSoC5/cyfitter_cfg.c **** 	/* Configure PLL based on settings from Clock DWR */
 169:.\Generated_Source\PSoC5/cyfitter_cfg.c **** 	CY_SET_XTND_REG16((void CYFAR *)(CYREG_FASTCLK_PLL_P), 0x0008u);
 170:.\Generated_Source\PSoC5/cyfitter_cfg.c **** 	CY_SET_XTND_REG16((void CYFAR *)(CYREG_FASTCLK_PLL_CFG0), 0x1251u);
 171:.\Generated_Source\PSoC5/cyfitter_cfg.c **** 	/* Wait up to 250us for the PLL to lock */
 172:.\Generated_Source\PSoC5/cyfitter_cfg.c **** 	pllLock = 0u;
 173:.\Generated_Source\PSoC5/cyfitter_cfg.c **** 	for (timeout = 250u / 10u; (timeout > 0u) && (pllLock != 0x03u); timeout--)
 174:.\Generated_Source\PSoC5/cyfitter_cfg.c **** 	{ 
 175:.\Generated_Source\PSoC5/cyfitter_cfg.c **** 		pllLock = 0x03u & ((uint8)((uint8)pllLock << 1) | ((CY_GET_XTND_REG8((void CYFAR *)CYREG_FASTCLK_
 176:.\Generated_Source\PSoC5/cyfitter_cfg.c **** 		CyDelayCycles(10u * 48u); /* Delay 10us based on 48MHz clock */
 177:.\Generated_Source\PSoC5/cyfitter_cfg.c **** 	}
 178:.\Generated_Source\PSoC5/cyfitter_cfg.c **** 	/* If we ran out of time the PLL didn't lock so go to the error function */
 179:.\Generated_Source\PSoC5/cyfitter_cfg.c **** 	if (timeout == 0u)
 180:.\Generated_Source\PSoC5/cyfitter_cfg.c **** 	{
 181:.\Generated_Source\PSoC5/cyfitter_cfg.c **** 		CyClockStartupError(CYCLOCKSTART_PLL_ERROR);
 182:.\Generated_Source\PSoC5/cyfitter_cfg.c **** 	}
 183:.\Generated_Source\PSoC5/cyfitter_cfg.c **** 
ARM GAS  C:\Users\user\AppData\Local\Temp\ccK8IGgF.s 			page 5


 184:.\Generated_Source\PSoC5/cyfitter_cfg.c **** 	/* Configure Bus/Master Clock based on settings from Clock DWR */
 185:.\Generated_Source\PSoC5/cyfitter_cfg.c **** 	CY_SET_XTND_REG16((void CYFAR *)(CYREG_CLKDIST_MSTR0), 0x0100u);
 186:.\Generated_Source\PSoC5/cyfitter_cfg.c **** 	CY_SET_XTND_REG8((void CYFAR *)(CYREG_CLKDIST_MSTR0), 0x07u);
 187:.\Generated_Source\PSoC5/cyfitter_cfg.c **** 	CY_SET_XTND_REG8((void CYFAR *)(CYREG_CLKDIST_BCFG0), 0x00u);
 188:.\Generated_Source\PSoC5/cyfitter_cfg.c **** 	CY_SET_XTND_REG8((void CYFAR *)(CYREG_CLKDIST_BCFG2), 0x48u);
 189:.\Generated_Source\PSoC5/cyfitter_cfg.c **** 	CY_SET_XTND_REG8((void CYFAR *)(CYREG_CLKDIST_MSTR0), 0x00u);
 190:.\Generated_Source\PSoC5/cyfitter_cfg.c **** 	CY_SET_XTND_REG8((void CYFAR *)(CYREG_CLKDIST_LD), 0x02u);
 191:.\Generated_Source\PSoC5/cyfitter_cfg.c **** 	CY_SET_XTND_REG8((void CYFAR *)(CYREG_CLKDIST_DLY1), 0x04u);
 192:.\Generated_Source\PSoC5/cyfitter_cfg.c **** 
 193:.\Generated_Source\PSoC5/cyfitter_cfg.c **** 	CY_SET_XTND_REG8((void CYFAR *)(CYREG_PM_ACT_CFG1), ((CY_GET_XTND_REG8((void CYFAR *)CYREG_PM_ACT_
 194:.\Generated_Source\PSoC5/cyfitter_cfg.c **** 	CY_SET_XTND_REG8((void CYFAR *)(CYREG_PM_ACT_CFG0), ((CY_GET_XTND_REG8((void CYFAR *)CYREG_PM_ACT_
 195:.\Generated_Source\PSoC5/cyfitter_cfg.c **** }
 196:.\Generated_Source\PSoC5/cyfitter_cfg.c **** 
 197:.\Generated_Source\PSoC5/cyfitter_cfg.c **** 
 198:.\Generated_Source\PSoC5/cyfitter_cfg.c **** /* Analog API Functions */
 199:.\Generated_Source\PSoC5/cyfitter_cfg.c **** 
 200:.\Generated_Source\PSoC5/cyfitter_cfg.c **** 
 201:.\Generated_Source\PSoC5/cyfitter_cfg.c **** /*******************************************************************************
 202:.\Generated_Source\PSoC5/cyfitter_cfg.c **** * Function Name: AnalogSetDefault
 203:.\Generated_Source\PSoC5/cyfitter_cfg.c **** ********************************************************************************
 204:.\Generated_Source\PSoC5/cyfitter_cfg.c **** *
 205:.\Generated_Source\PSoC5/cyfitter_cfg.c **** * Summary:
 206:.\Generated_Source\PSoC5/cyfitter_cfg.c **** *  Sets up the analog portions of the chip to default values based on chip
 207:.\Generated_Source\PSoC5/cyfitter_cfg.c **** *  configuration options from the project.
 208:.\Generated_Source\PSoC5/cyfitter_cfg.c **** *
 209:.\Generated_Source\PSoC5/cyfitter_cfg.c **** * Parameters:
 210:.\Generated_Source\PSoC5/cyfitter_cfg.c **** *  void
 211:.\Generated_Source\PSoC5/cyfitter_cfg.c **** *
 212:.\Generated_Source\PSoC5/cyfitter_cfg.c **** * Return:
 213:.\Generated_Source\PSoC5/cyfitter_cfg.c **** *  void
 214:.\Generated_Source\PSoC5/cyfitter_cfg.c **** *
 215:.\Generated_Source\PSoC5/cyfitter_cfg.c **** *******************************************************************************/
 216:.\Generated_Source\PSoC5/cyfitter_cfg.c **** static void AnalogSetDefault(void);
 217:.\Generated_Source\PSoC5/cyfitter_cfg.c **** static void AnalogSetDefault(void)
 218:.\Generated_Source\PSoC5/cyfitter_cfg.c **** {
  46              		.loc 1 218 0
  47              		.cfi_startproc
  48              		@ args = 0, pretend = 0, frame = 0
  49              		@ frame_needed = 0, uses_anonymous_args = 0
  50              		@ link register save eliminated.
 219:.\Generated_Source\PSoC5/cyfitter_cfg.c **** 	uint8 bg_xover_inl_trim = CY_GET_XTND_REG8((void CYFAR *)(CYREG_FLSHID_MFG_CFG_BG_XOVER_INL_TRIM +
  51              		.loc 1 219 0
  52 0000 0D4B     		ldr	r3, .L4
  53 0002 1B78     		ldrb	r3, [r3]	@ zero_extendqisi2
  54 0004 DBB2     		uxtb	r3, r3
  55              	.LVL1:
 220:.\Generated_Source\PSoC5/cyfitter_cfg.c **** 	CY_SET_XTND_REG8((void CYFAR *)(CYREG_BG_DFT0), (bg_xover_inl_trim & 0x07u));
  56              		.loc 1 220 0
  57 0006 03F00701 		and	r1, r3, #7
  58 000a 0C4A     		ldr	r2, .L4+4
  59 000c 1170     		strb	r1, [r2]
 221:.\Generated_Source\PSoC5/cyfitter_cfg.c **** 	CY_SET_XTND_REG8((void CYFAR *)(CYREG_BG_DFT1), ((bg_xover_inl_trim >> 4) & 0x0Fu));
  60              		.loc 1 221 0
  61 000e 1B09     		lsrs	r3, r3, #4
  62              	.LVL2:
  63 0010 0132     		adds	r2, r2, #1
  64 0012 1370     		strb	r3, [r2]
ARM GAS  C:\Users\user\AppData\Local\Temp\ccK8IGgF.s 			page 6


 222:.\Generated_Source\PSoC5/cyfitter_cfg.c **** 	CY_SET_XTND_REG8((void CYFAR *)CYREG_PRT3_AG, 0x4Au);
  65              		.loc 1 222 0
  66 0014 4A22     		movs	r2, #74
  67 0016 0A4B     		ldr	r3, .L4+8
  68 0018 1A70     		strb	r2, [r3]
 223:.\Generated_Source\PSoC5/cyfitter_cfg.c **** 	CY_SET_XTND_REG8((void CYFAR *)CYREG_SC3_SW0, 0x80u);
  69              		.loc 1 223 0
  70 001a 8022     		movs	r2, #128
  71 001c 03F6F303 		addw	r3, r3, #2291
  72 0020 1A70     		strb	r2, [r3]
 224:.\Generated_Source\PSoC5/cyfitter_cfg.c **** 	CY_SET_XTND_REG8((void CYFAR *)CYREG_SC3_SW4, 0x20u);
  73              		.loc 1 224 0
  74 0022 2022     		movs	r2, #32
  75 0024 0433     		adds	r3, r3, #4
  76 0026 1A70     		strb	r2, [r3]
 225:.\Generated_Source\PSoC5/cyfitter_cfg.c **** 	CY_SET_XTND_REG8((void CYFAR *)CYREG_SC3_SW8, 0x40u);
  77              		.loc 1 225 0
  78 0028 4022     		movs	r2, #64
  79 002a 0433     		adds	r3, r3, #4
  80 002c 1A70     		strb	r2, [r3]
 226:.\Generated_Source\PSoC5/cyfitter_cfg.c **** 	CY_SET_XTND_REG8((void CYFAR *)CYREG_PUMP_CR0, 0x44u);
  81              		.loc 1 226 0
  82 002e 4422     		movs	r2, #68
  83 0030 A3F5E173 		sub	r3, r3, #450
  84 0034 1A70     		strb	r2, [r3]
  85 0036 7047     		bx	lr
  86              	.L5:
  87              		.align	2
  88              	.L4:
  89 0038 CF010049 		.word	1224737231
  90 003c 6E580040 		.word	1073764462
  91 0040 3D510040 		.word	1073762621
  92              		.cfi_endproc
  93              	.LFE5:
  94              		.size	AnalogSetDefault, .-AnalogSetDefault
  95              		.section	.text.CYMEMZERO,"ax",%progbits
  96              		.align	2
  97              		.thumb
  98              		.thumb_func
  99              		.type	CYMEMZERO, %function
 100              	CYMEMZERO:
 101              	.LFB0:
  63:.\Generated_Source\PSoC5/cyfitter_cfg.c **** 	(void)memset(s, 0, n);
 102              		.loc 1 63 0
 103              		.cfi_startproc
 104              		@ args = 0, pretend = 0, frame = 0
 105              		@ frame_needed = 0, uses_anonymous_args = 0
 106              	.LVL3:
 107 0000 08B5     		push	{r3, lr}
 108              		.cfi_def_cfa_offset 8
 109              		.cfi_offset 3, -8
 110              		.cfi_offset 14, -4
 111 0002 0A46     		mov	r2, r1
  64:.\Generated_Source\PSoC5/cyfitter_cfg.c **** }
 112              		.loc 1 64 0
 113 0004 0021     		movs	r1, #0
 114              	.LVL4:
ARM GAS  C:\Users\user\AppData\Local\Temp\ccK8IGgF.s 			page 7


 115 0006 FFF7FEFF 		bl	memset
 116              	.LVL5:
 117 000a 08BD     		pop	{r3, pc}
 118              		.cfi_endproc
 119              	.LFE0:
 120              		.size	CYMEMZERO, .-CYMEMZERO
 121              		.section	.text.CYCONFIGCPY,"ax",%progbits
 122              		.align	2
 123              		.thumb
 124              		.thumb_func
 125              		.type	CYCONFIGCPY, %function
 126              	CYCONFIGCPY:
 127              	.LFB1:
  70:.\Generated_Source\PSoC5/cyfitter_cfg.c **** 	(void)memcpy(dest, src, n);
 128              		.loc 1 70 0
 129              		.cfi_startproc
 130              		@ args = 0, pretend = 0, frame = 0
 131              		@ frame_needed = 0, uses_anonymous_args = 0
 132              	.LVL6:
 133 0000 08B5     		push	{r3, lr}
 134              		.cfi_def_cfa_offset 8
 135              		.cfi_offset 3, -8
 136              		.cfi_offset 14, -4
  71:.\Generated_Source\PSoC5/cyfitter_cfg.c **** }
 137              		.loc 1 71 0
 138 0002 FFF7FEFF 		bl	memcpy
 139              	.LVL7:
 140 0006 08BD     		pop	{r3, pc}
 141              		.cfi_endproc
 142              	.LFE1:
 143              		.size	CYCONFIGCPY, .-CYCONFIGCPY
 144              		.section	.text.ClockSetup,"ax",%progbits
 145              		.align	2
 146              		.thumb
 147              		.thumb_func
 148              		.type	ClockSetup, %function
 149              	ClockSetup:
 150              	.LFB4:
 152:.\Generated_Source\PSoC5/cyfitter_cfg.c **** 	uint32 timeout;
 151              		.loc 1 152 0
 152              		.cfi_startproc
 153              		@ args = 0, pretend = 0, frame = 0
 154              		@ frame_needed = 0, uses_anonymous_args = 0
 155 0000 38B5     		push	{r3, r4, r5, lr}
 156              		.cfi_def_cfa_offset 16
 157              		.cfi_offset 3, -16
 158              		.cfi_offset 4, -12
 159              		.cfi_offset 5, -8
 160              		.cfi_offset 14, -4
 158:.\Generated_Source\PSoC5/cyfitter_cfg.c **** 
 161              		.loc 1 158 0
 162 0002 2848     		ldr	r0, .L16
 163 0004 2849     		ldr	r1, .L16+4
 164 0006 0422     		movs	r2, #4
 165 0008 FFF7FEFF 		bl	CYCONFIGCPY
 166              	.LVL8:
 161:.\Generated_Source\PSoC5/cyfitter_cfg.c **** 	CY_SET_XTND_REG8((void CYFAR *)(CYREG_CLKDIST_CR), 0x08u);
ARM GAS  C:\Users\user\AppData\Local\Temp\ccK8IGgF.s 			page 8


 167              		.loc 1 161 0
 168 000c 0222     		movs	r2, #2
 169 000e 274B     		ldr	r3, .L16+8
 170 0010 1A70     		strb	r2, [r3]
 162:.\Generated_Source\PSoC5/cyfitter_cfg.c **** 
 171              		.loc 1 162 0
 172 0012 0822     		movs	r2, #8
 173 0014 4FF04023 		mov	r3, #1073758208
 174 0018 1A70     		strb	r2, [r3]
 165:.\Generated_Source\PSoC5/cyfitter_cfg.c **** 	CY_SET_XTND_REG8((void CYFAR *)(CYREG_IMO_TR1), (CY_GET_XTND_REG8((void CYFAR *)CYREG_FLSHID_CUST_
 175              		.loc 1 165 0
 176 001a 0321     		movs	r1, #3
 177 001c 03F50073 		add	r3, r3, #512
 178 0020 1970     		strb	r1, [r3]
 166:.\Generated_Source\PSoC5/cyfitter_cfg.c **** 
 179              		.loc 1 166 0
 180 0022 234B     		ldr	r3, .L16+12
 181 0024 1B78     		ldrb	r3, [r3]	@ zero_extendqisi2
 182 0026 DBB2     		uxtb	r3, r3
 183 0028 2249     		ldr	r1, .L16+16
 184 002a 0B70     		strb	r3, [r1]
 169:.\Generated_Source\PSoC5/cyfitter_cfg.c **** 	CY_SET_XTND_REG16((void CYFAR *)(CYREG_FASTCLK_PLL_CFG0), 0x1251u);
 185              		.loc 1 169 0
 186 002c 224B     		ldr	r3, .L16+20
 187 002e 1A80     		strh	r2, [r3]	@ movhi
 170:.\Generated_Source\PSoC5/cyfitter_cfg.c **** 	/* Wait up to 250us for the PLL to lock */
 188              		.loc 1 170 0
 189 0030 41F25122 		movw	r2, #4689
 190 0034 023B     		subs	r3, r3, #2
 191 0036 1A80     		strh	r2, [r3]	@ movhi
 192              	.LVL9:
 172:.\Generated_Source\PSoC5/cyfitter_cfg.c **** 	for (timeout = 250u / 10u; (timeout > 0u) && (pllLock != 0x03u); timeout--)
 193              		.loc 1 172 0
 194 0038 0024     		movs	r4, #0
 173:.\Generated_Source\PSoC5/cyfitter_cfg.c **** 	{ 
 195              		.loc 1 173 0
 196 003a 1925     		movs	r5, #25
 197 003c 0CE0     		b	.L11
 198              	.LVL10:
 199              	.L13:
 175:.\Generated_Source\PSoC5/cyfitter_cfg.c **** 		CyDelayCycles(10u * 48u); /* Delay 10us based on 48MHz clock */
 200              		.loc 1 175 0 discriminator 4
 201 003e 1F4B     		ldr	r3, .L16+24
 202 0040 1B78     		ldrb	r3, [r3]	@ zero_extendqisi2
 203 0042 03F00103 		and	r3, r3, #1
 204 0046 43EA4404 		orr	r4, r3, r4, lsl #1
 205              	.LVL11:
 206 004a 04F00304 		and	r4, r4, #3
 207              	.LVL12:
 176:.\Generated_Source\PSoC5/cyfitter_cfg.c **** 	}
 208              		.loc 1 176 0 discriminator 4
 209 004e 4FF4F070 		mov	r0, #480
 210 0052 FFF7FEFF 		bl	CyDelayCycles
 211              	.LVL13:
 173:.\Generated_Source\PSoC5/cyfitter_cfg.c **** 	{ 
 212              		.loc 1 173 0 discriminator 4
 213 0056 013D     		subs	r5, r5, #1
ARM GAS  C:\Users\user\AppData\Local\Temp\ccK8IGgF.s 			page 9


 214              	.LVL14:
 215              	.L11:
 173:.\Generated_Source\PSoC5/cyfitter_cfg.c **** 	{ 
 216              		.loc 1 173 0 is_stmt 0 discriminator 1
 217 0058 0DB1     		cbz	r5, .L12
 173:.\Generated_Source\PSoC5/cyfitter_cfg.c **** 	{ 
 218              		.loc 1 173 0 discriminator 3
 219 005a 032C     		cmp	r4, #3
 220 005c EFD1     		bne	.L13
 221              	.L12:
 179:.\Generated_Source\PSoC5/cyfitter_cfg.c **** 	{
 222              		.loc 1 179 0 is_stmt 1
 223 005e 15B9     		cbnz	r5, .L14
 181:.\Generated_Source\PSoC5/cyfitter_cfg.c **** 	}
 224              		.loc 1 181 0
 225 0060 0320     		movs	r0, #3
 226 0062 FFF7FEFF 		bl	CyClockStartupError
 227              	.LVL15:
 228              	.L14:
 185:.\Generated_Source\PSoC5/cyfitter_cfg.c **** 	CY_SET_XTND_REG8((void CYFAR *)(CYREG_CLKDIST_MSTR0), 0x07u);
 229              		.loc 1 185 0
 230 0066 164B     		ldr	r3, .L16+28
 231 0068 4FF48072 		mov	r2, #256
 232 006c 1A80     		strh	r2, [r3]	@ movhi
 186:.\Generated_Source\PSoC5/cyfitter_cfg.c **** 	CY_SET_XTND_REG8((void CYFAR *)(CYREG_CLKDIST_BCFG0), 0x00u);
 233              		.loc 1 186 0
 234 006e 0722     		movs	r2, #7
 235 0070 1A70     		strb	r2, [r3]
 187:.\Generated_Source\PSoC5/cyfitter_cfg.c **** 	CY_SET_XTND_REG8((void CYFAR *)(CYREG_CLKDIST_BCFG2), 0x48u);
 236              		.loc 1 187 0
 237 0072 0022     		movs	r2, #0
 238 0074 1349     		ldr	r1, .L16+32
 239 0076 0A70     		strb	r2, [r1]
 188:.\Generated_Source\PSoC5/cyfitter_cfg.c **** 	CY_SET_XTND_REG8((void CYFAR *)(CYREG_CLKDIST_MSTR0), 0x00u);
 240              		.loc 1 188 0
 241 0078 4820     		movs	r0, #72
 242 007a 0231     		adds	r1, r1, #2
 243 007c 0870     		strb	r0, [r1]
 189:.\Generated_Source\PSoC5/cyfitter_cfg.c **** 	CY_SET_XTND_REG8((void CYFAR *)(CYREG_CLKDIST_LD), 0x02u);
 244              		.loc 1 189 0
 245 007e 1A70     		strb	r2, [r3]
 190:.\Generated_Source\PSoC5/cyfitter_cfg.c **** 	CY_SET_XTND_REG8((void CYFAR *)(CYREG_CLKDIST_DLY1), 0x04u);
 246              		.loc 1 190 0
 247 0080 0222     		movs	r2, #2
 248 0082 033B     		subs	r3, r3, #3
 249 0084 1A70     		strb	r2, [r3]
 191:.\Generated_Source\PSoC5/cyfitter_cfg.c **** 
 250              		.loc 1 191 0
 251 0086 0422     		movs	r2, #4
 252 0088 0A33     		adds	r3, r3, #10
 253 008a 1A70     		strb	r2, [r3]
 193:.\Generated_Source\PSoC5/cyfitter_cfg.c **** 	CY_SET_XTND_REG8((void CYFAR *)(CYREG_PM_ACT_CFG0), ((CY_GET_XTND_REG8((void CYFAR *)CYREG_PM_ACT_
 254              		.loc 1 193 0
 255 008c 0E4A     		ldr	r2, .L16+36
 256 008e 1378     		ldrb	r3, [r2]	@ zero_extendqisi2
 257 0090 43F00103 		orr	r3, r3, #1
 258 0094 1370     		strb	r3, [r2]
ARM GAS  C:\Users\user\AppData\Local\Temp\ccK8IGgF.s 			page 10


 194:.\Generated_Source\PSoC5/cyfitter_cfg.c **** }
 259              		.loc 1 194 0
 260 0096 013A     		subs	r2, r2, #1
 261 0098 1378     		ldrb	r3, [r2]	@ zero_extendqisi2
 262 009a 43F08003 		orr	r3, r3, #128
 263 009e 1370     		strb	r3, [r2]
 264 00a0 38BD     		pop	{r3, r4, r5, pc}
 265              	.LVL16:
 266              	.L17:
 267 00a2 00BF     		.align	2
 268              	.L16:
 269 00a4 00410040 		.word	1073758464
 270 00a8 08000048 		.word	1207959560
 271 00ac 00430040 		.word	1073758976
 272 00b0 08010049 		.word	1224737032
 273 00b4 A1460040 		.word	1073759905
 274 00b8 22420040 		.word	1073758754
 275 00bc 25420040 		.word	1073758757
 276 00c0 04400040 		.word	1073758212
 277 00c4 06400040 		.word	1073758214
 278 00c8 A1430040 		.word	1073759137
 279              		.cfi_endproc
 280              	.LFE4:
 281              		.size	ClockSetup, .-ClockSetup
 282              		.section	.text.SetAnalogRoutingPumps,"ax",%progbits
 283              		.align	2
 284              		.global	SetAnalogRoutingPumps
 285              		.thumb
 286              		.thumb_func
 287              		.type	SetAnalogRoutingPumps, %function
 288              	SetAnalogRoutingPumps:
 289              	.LFB6:
 227:.\Generated_Source\PSoC5/cyfitter_cfg.c **** }
 228:.\Generated_Source\PSoC5/cyfitter_cfg.c **** 
 229:.\Generated_Source\PSoC5/cyfitter_cfg.c **** 
 230:.\Generated_Source\PSoC5/cyfitter_cfg.c **** /*******************************************************************************
 231:.\Generated_Source\PSoC5/cyfitter_cfg.c **** * Function Name: SetAnalogRoutingPumps
 232:.\Generated_Source\PSoC5/cyfitter_cfg.c **** ********************************************************************************
 233:.\Generated_Source\PSoC5/cyfitter_cfg.c **** *
 234:.\Generated_Source\PSoC5/cyfitter_cfg.c **** * Summary:
 235:.\Generated_Source\PSoC5/cyfitter_cfg.c **** * Enables or disables the analog pumps feeding analog routing switches.
 236:.\Generated_Source\PSoC5/cyfitter_cfg.c **** * Intended to be called at startup, based on the Vdda system configuration;
 237:.\Generated_Source\PSoC5/cyfitter_cfg.c **** * may be called during operation when the user informs us that the Vdda voltage
 238:.\Generated_Source\PSoC5/cyfitter_cfg.c **** * crossed the pump threshold.
 239:.\Generated_Source\PSoC5/cyfitter_cfg.c **** *
 240:.\Generated_Source\PSoC5/cyfitter_cfg.c **** * Parameters:
 241:.\Generated_Source\PSoC5/cyfitter_cfg.c **** *  enabled - 1 to enable the pumps, 0 to disable the pumps
 242:.\Generated_Source\PSoC5/cyfitter_cfg.c **** *
 243:.\Generated_Source\PSoC5/cyfitter_cfg.c **** * Return:
 244:.\Generated_Source\PSoC5/cyfitter_cfg.c **** *  void
 245:.\Generated_Source\PSoC5/cyfitter_cfg.c **** *
 246:.\Generated_Source\PSoC5/cyfitter_cfg.c **** *******************************************************************************/
 247:.\Generated_Source\PSoC5/cyfitter_cfg.c **** void SetAnalogRoutingPumps(uint8 enabled)
 248:.\Generated_Source\PSoC5/cyfitter_cfg.c **** {
 290              		.loc 1 248 0
 291              		.cfi_startproc
 292              		@ args = 0, pretend = 0, frame = 0
ARM GAS  C:\Users\user\AppData\Local\Temp\ccK8IGgF.s 			page 11


 293              		@ frame_needed = 0, uses_anonymous_args = 0
 294              		@ link register save eliminated.
 295              	.LVL17:
 249:.\Generated_Source\PSoC5/cyfitter_cfg.c **** 	uint8 regValue = CY_GET_XTND_REG8((void CYFAR *)CYREG_PUMP_CR0);
 296              		.loc 1 249 0
 297 0000 054B     		ldr	r3, .L21
 298 0002 1B78     		ldrb	r3, [r3]	@ zero_extendqisi2
 299 0004 DBB2     		uxtb	r3, r3
 300              	.LVL18:
 250:.\Generated_Source\PSoC5/cyfitter_cfg.c **** 	if (enabled != 0u)
 301              		.loc 1 250 0
 302 0006 10B1     		cbz	r0, .L19
 251:.\Generated_Source\PSoC5/cyfitter_cfg.c **** 	{
 252:.\Generated_Source\PSoC5/cyfitter_cfg.c **** 		regValue |= 0x22u;
 303              		.loc 1 252 0
 304 0008 43F02203 		orr	r3, r3, #34
 305              	.LVL19:
 306 000c 01E0     		b	.L20
 307              	.L19:
 253:.\Generated_Source\PSoC5/cyfitter_cfg.c **** 	}
 254:.\Generated_Source\PSoC5/cyfitter_cfg.c **** 	else
 255:.\Generated_Source\PSoC5/cyfitter_cfg.c **** 	{
 256:.\Generated_Source\PSoC5/cyfitter_cfg.c **** 		regValue &= (uint8)~0x22u;
 308              		.loc 1 256 0
 309 000e 03F0DD03 		and	r3, r3, #221
 310              	.LVL20:
 311              	.L20:
 257:.\Generated_Source\PSoC5/cyfitter_cfg.c **** 	}
 258:.\Generated_Source\PSoC5/cyfitter_cfg.c **** 	CY_SET_XTND_REG8((void CYFAR *)CYREG_PUMP_CR0, regValue);
 312              		.loc 1 258 0
 313 0012 014A     		ldr	r2, .L21
 314 0014 1370     		strb	r3, [r2]
 315 0016 7047     		bx	lr
 316              	.L22:
 317              		.align	2
 318              	.L21:
 319 0018 76580040 		.word	1073764470
 320              		.cfi_endproc
 321              	.LFE6:
 322              		.size	SetAnalogRoutingPumps, .-SetAnalogRoutingPumps
 323              		.section	.text.cyfitter_cfg,"ax",%progbits
 324              		.align	2
 325              		.global	cyfitter_cfg
 326              		.thumb
 327              		.thumb_func
 328              		.type	cyfitter_cfg, %function
 329              	cyfitter_cfg:
 330              	.LFB7:
 259:.\Generated_Source\PSoC5/cyfitter_cfg.c **** }
 260:.\Generated_Source\PSoC5/cyfitter_cfg.c **** 
 261:.\Generated_Source\PSoC5/cyfitter_cfg.c **** #define CY_AMUX_UNUSED CYREG_BOOST_SR
 262:.\Generated_Source\PSoC5/cyfitter_cfg.c **** 
 263:.\Generated_Source\PSoC5/cyfitter_cfg.c **** 
 264:.\Generated_Source\PSoC5/cyfitter_cfg.c **** /*******************************************************************************
 265:.\Generated_Source\PSoC5/cyfitter_cfg.c **** * Function Name: cyfitter_cfg
 266:.\Generated_Source\PSoC5/cyfitter_cfg.c **** ********************************************************************************
 267:.\Generated_Source\PSoC5/cyfitter_cfg.c **** * Summary:
ARM GAS  C:\Users\user\AppData\Local\Temp\ccK8IGgF.s 			page 12


 268:.\Generated_Source\PSoC5/cyfitter_cfg.c **** *  This function is called by the start-up code for the selected device. It
 269:.\Generated_Source\PSoC5/cyfitter_cfg.c **** *  performs all of the necessary device configuration based on the design
 270:.\Generated_Source\PSoC5/cyfitter_cfg.c **** *  settings.  This includes settings from the Design Wide Resources (DWR) such
 271:.\Generated_Source\PSoC5/cyfitter_cfg.c **** *  as Clocks and Pins as well as any component configuration that is necessary.
 272:.\Generated_Source\PSoC5/cyfitter_cfg.c **** *
 273:.\Generated_Source\PSoC5/cyfitter_cfg.c **** * Parameters:  
 274:.\Generated_Source\PSoC5/cyfitter_cfg.c **** *   void
 275:.\Generated_Source\PSoC5/cyfitter_cfg.c **** *
 276:.\Generated_Source\PSoC5/cyfitter_cfg.c **** * Return:
 277:.\Generated_Source\PSoC5/cyfitter_cfg.c **** *   void
 278:.\Generated_Source\PSoC5/cyfitter_cfg.c **** *
 279:.\Generated_Source\PSoC5/cyfitter_cfg.c **** *******************************************************************************/
 280:.\Generated_Source\PSoC5/cyfitter_cfg.c **** 
 281:.\Generated_Source\PSoC5/cyfitter_cfg.c **** void cyfitter_cfg(void)
 282:.\Generated_Source\PSoC5/cyfitter_cfg.c **** {
 331              		.loc 1 282 0
 332              		.cfi_startproc
 333              		@ args = 0, pretend = 0, frame = 0
 334              		@ frame_needed = 0, uses_anonymous_args = 0
 335 0000 38B5     		push	{r3, r4, r5, lr}
 336              		.cfi_def_cfa_offset 16
 337              		.cfi_offset 3, -16
 338              		.cfi_offset 4, -12
 339              		.cfi_offset 5, -8
 340              		.cfi_offset 14, -4
 283:.\Generated_Source\PSoC5/cyfitter_cfg.c **** #ifdef CYGlobalIntDisable
 284:.\Generated_Source\PSoC5/cyfitter_cfg.c **** 	/* Disable interrupts by default. Let user enable if/when they want. */
 285:.\Generated_Source\PSoC5/cyfitter_cfg.c **** 	CYGlobalIntDisable
 341              		.loc 1 285 0
 342              	@ 285 ".\Generated_Source\PSoC5\cyfitter_cfg.c" 1
 343 0002 72B6     		CPSID   i
 344              	@ 0 "" 2
 286:.\Generated_Source\PSoC5/cyfitter_cfg.c **** #endif
 287:.\Generated_Source\PSoC5/cyfitter_cfg.c **** 
 288:.\Generated_Source\PSoC5/cyfitter_cfg.c **** 	/* Enable/Disable Debug functionality based on settings from System DWR */
 289:.\Generated_Source\PSoC5/cyfitter_cfg.c **** 	CY_SET_XTND_REG8((void CYFAR *)CYREG_MLOGIC_DEBUG, (CY_GET_XTND_REG8((void CYFAR *)CYREG_MLOGIC_DE
 345              		.loc 1 289 0
 346              		.thumb
 347 0004 244A     		ldr	r2, .L27
 348 0006 1378     		ldrb	r3, [r2]	@ zero_extendqisi2
 349 0008 43F00403 		orr	r3, r3, #4
 350 000c 1370     		strb	r3, [r2]
 351              	.LVL21:
 352              	.LBB2:
 290:.\Generated_Source\PSoC5/cyfitter_cfg.c **** 
 291:.\Generated_Source\PSoC5/cyfitter_cfg.c **** 	{
 292:.\Generated_Source\PSoC5/cyfitter_cfg.c **** 
 293:.\Generated_Source\PSoC5/cyfitter_cfg.c **** 		CYPACKED typedef struct {
 294:.\Generated_Source\PSoC5/cyfitter_cfg.c **** 			void CYFAR *address;
 295:.\Generated_Source\PSoC5/cyfitter_cfg.c **** 			uint16 size;
 296:.\Generated_Source\PSoC5/cyfitter_cfg.c **** 		} CYPACKED_ATTR cfg_memset_t;
 297:.\Generated_Source\PSoC5/cyfitter_cfg.c **** 
 298:.\Generated_Source\PSoC5/cyfitter_cfg.c **** 		static const cfg_memset_t CYCODE cfg_memset_list [] = {
 299:.\Generated_Source\PSoC5/cyfitter_cfg.c **** 			/* address, size */
 300:.\Generated_Source\PSoC5/cyfitter_cfg.c **** 			{(void CYFAR *)(CYREG_PRT0_DR), 48u},
 301:.\Generated_Source\PSoC5/cyfitter_cfg.c **** 			{(void CYFAR *)(CYREG_PRT4_DR), 48u},
 302:.\Generated_Source\PSoC5/cyfitter_cfg.c **** 			{(void CYFAR *)(CYREG_PRT12_DR), 16u},
ARM GAS  C:\Users\user\AppData\Local\Temp\ccK8IGgF.s 			page 13


 303:.\Generated_Source\PSoC5/cyfitter_cfg.c **** 			{(void CYFAR *)(CYREG_PRT15_DR), 16u},
 304:.\Generated_Source\PSoC5/cyfitter_cfg.c **** 			{(void CYFAR *)(CYDEV_UCFG_B0_P0_U0_BASE), 4096u},
 305:.\Generated_Source\PSoC5/cyfitter_cfg.c **** 			{(void CYFAR *)(CYDEV_UCFG_B1_P2_U0_BASE), 2048u},
 306:.\Generated_Source\PSoC5/cyfitter_cfg.c **** 			{(void CYFAR *)(CYDEV_UCFG_DSI0_BASE), 2560u},
 307:.\Generated_Source\PSoC5/cyfitter_cfg.c **** 			{(void CYFAR *)(CYDEV_UCFG_DSI12_BASE), 512u},
 308:.\Generated_Source\PSoC5/cyfitter_cfg.c **** 			{(void CYFAR *)(CYREG_BCTL0_MDCLK_EN), 32u},
 309:.\Generated_Source\PSoC5/cyfitter_cfg.c **** 		};
 310:.\Generated_Source\PSoC5/cyfitter_cfg.c **** 
 311:.\Generated_Source\PSoC5/cyfitter_cfg.c **** 		uint8 CYDATA i;
 312:.\Generated_Source\PSoC5/cyfitter_cfg.c **** 
 313:.\Generated_Source\PSoC5/cyfitter_cfg.c **** 		/* Zero out critical memory blocks before beginning configuration */
 314:.\Generated_Source\PSoC5/cyfitter_cfg.c **** 		for (i = 0u; i < (sizeof(cfg_memset_list)/sizeof(cfg_memset_list[0])); i++)
 353              		.loc 1 314 0
 354 000e 0024     		movs	r4, #0
 355 0010 0CE0     		b	.L24
 356              	.LVL22:
 357              	.L25:
 358              	.LBB3:
 315:.\Generated_Source\PSoC5/cyfitter_cfg.c **** 		{
 316:.\Generated_Source\PSoC5/cyfitter_cfg.c **** 			const cfg_memset_t CYCODE * CYDATA ms = &cfg_memset_list[i];
 317:.\Generated_Source\PSoC5/cyfitter_cfg.c **** 			CYMEMZERO(ms->address, (size_t)(uint32)(ms->size));
 359              		.loc 1 317 0 discriminator 3
 360 0012 2249     		ldr	r1, .L27+4
 361 0014 6300     		lsls	r3, r4, #1
 362 0016 1A19     		adds	r2, r3, r4
 363 0018 5200     		lsls	r2, r2, #1
 364 001a 0A44     		add	r2, r2, r1
 365 001c 2344     		add	r3, r3, r4
 366 001e 5B00     		lsls	r3, r3, #1
 367 0020 C858     		ldr	r0, [r1, r3]	@ unaligned
 368 0022 9188     		ldrh	r1, [r2, #4]
 369 0024 FFF7FEFF 		bl	CYMEMZERO
 370              	.LVL23:
 371              	.LBE3:
 314:.\Generated_Source\PSoC5/cyfitter_cfg.c **** 		{
 372              		.loc 1 314 0 discriminator 3
 373 0028 0134     		adds	r4, r4, #1
 374              	.LVL24:
 375 002a E4B2     		uxtb	r4, r4
 376              	.LVL25:
 377              	.L24:
 314:.\Generated_Source\PSoC5/cyfitter_cfg.c **** 		{
 378              		.loc 1 314 0 is_stmt 0 discriminator 1
 379 002c 082C     		cmp	r4, #8
 380 002e F0D9     		bls	.L25
 318:.\Generated_Source\PSoC5/cyfitter_cfg.c **** 		}
 319:.\Generated_Source\PSoC5/cyfitter_cfg.c **** 
 320:.\Generated_Source\PSoC5/cyfitter_cfg.c **** 		/* Enable digital routing */
 321:.\Generated_Source\PSoC5/cyfitter_cfg.c **** 		CY_SET_XTND_REG8((void CYFAR *)CYREG_BCTL0_BANK_CTL, CY_GET_XTND_REG8((void CYFAR *)CYREG_BCTL0_B
 381              		.loc 1 321 0 is_stmt 1
 382 0030 1B4A     		ldr	r2, .L27+8
 383 0032 1378     		ldrb	r3, [r2]	@ zero_extendqisi2
 384 0034 43F00203 		orr	r3, r3, #2
 385 0038 1370     		strb	r3, [r2]
 322:.\Generated_Source\PSoC5/cyfitter_cfg.c **** 		CY_SET_XTND_REG8((void CYFAR *)CYREG_BCTL1_BANK_CTL, CY_GET_XTND_REG8((void CYFAR *)CYREG_BCTL1_B
 386              		.loc 1 322 0
 387 003a 1032     		adds	r2, r2, #16
ARM GAS  C:\Users\user\AppData\Local\Temp\ccK8IGgF.s 			page 14


 388 003c 1378     		ldrb	r3, [r2]	@ zero_extendqisi2
 389 003e 43F00203 		orr	r3, r3, #2
 390 0042 1370     		strb	r3, [r2]
 323:.\Generated_Source\PSoC5/cyfitter_cfg.c **** 
 324:.\Generated_Source\PSoC5/cyfitter_cfg.c **** 		/* Enable UDB array */
 325:.\Generated_Source\PSoC5/cyfitter_cfg.c **** 		CY_SET_XTND_REG8((void CYFAR *)CYREG_PM_ACT_CFG0, CY_GET_XTND_REG8((void CYFAR *)CYREG_PM_ACT_CFG
 391              		.loc 1 325 0
 392 0044 174C     		ldr	r4, .L27+12
 393              	.LVL26:
 394 0046 2378     		ldrb	r3, [r4]	@ zero_extendqisi2
 395 0048 43F04003 		orr	r3, r3, #64
 396 004c 2370     		strb	r3, [r4]
 326:.\Generated_Source\PSoC5/cyfitter_cfg.c **** 		CY_SET_XTND_REG8((void CYFAR *)CYREG_PM_AVAIL_CR2, CY_GET_XTND_REG8((void CYFAR *)CYREG_PM_AVAIL_
 397              		.loc 1 326 0
 398 004e A2F58632 		sub	r2, r2, #68608
 399 0052 513A     		subs	r2, r2, #81
 400 0054 1378     		ldrb	r3, [r2]	@ zero_extendqisi2
 401 0056 43F01003 		orr	r3, r3, #16
 402 005a 1370     		strb	r3, [r2]
 403              	.LBE2:
 327:.\Generated_Source\PSoC5/cyfitter_cfg.c **** 	}
 328:.\Generated_Source\PSoC5/cyfitter_cfg.c **** 
 329:.\Generated_Source\PSoC5/cyfitter_cfg.c **** 
 330:.\Generated_Source\PSoC5/cyfitter_cfg.c **** 	/* Perform second pass device configuration. These items must be configured in specific order afte
 331:.\Generated_Source\PSoC5/cyfitter_cfg.c **** 	CYCONFIGCPY((void CYFAR *)(CYREG_PRT3_DM0), (const void CYFAR *)(BS_IOPINS0_3_VAL), 8u);
 404              		.loc 1 331 0
 405 005c 1248     		ldr	r0, .L27+16
 406 005e 4FF09041 		mov	r1, #1207959552
 407 0062 0822     		movs	r2, #8
 408 0064 FFF7FEFF 		bl	CYCONFIGCPY
 409              	.LVL27:
 332:.\Generated_Source\PSoC5/cyfitter_cfg.c **** 	/* Switch Boost to the precision bandgap reference from its internal reference */
 333:.\Generated_Source\PSoC5/cyfitter_cfg.c **** 	CY_SET_REG8((void CYXDATA *)CYREG_BOOST_CR2, (CY_GET_REG8((void CYXDATA *)CYREG_BOOST_CR2) | 0x08u
 410              		.loc 1 333 0
 411 0068 104A     		ldr	r2, .L27+20
 412 006a 1378     		ldrb	r3, [r2]	@ zero_extendqisi2
 413 006c 43F00803 		orr	r3, r3, #8
 414 0070 1370     		strb	r3, [r2]
 334:.\Generated_Source\PSoC5/cyfitter_cfg.c **** 
 335:.\Generated_Source\PSoC5/cyfitter_cfg.c **** 	/* Set Flash Cycles based on max possible frequency in case a glitch occurs during ClockSetup(). *
 336:.\Generated_Source\PSoC5/cyfitter_cfg.c **** 	CY_SET_XTND_REG8((void CYFAR *)(CYREG_CACHE_CC_CTL), (((CYDEV_INSTRUCT_CACHE_ENABLED) != 0) ? 0x61
 415              		.loc 1 336 0
 416 0072 0F4D     		ldr	r5, .L27+24
 417 0074 6123     		movs	r3, #97
 418 0076 2B70     		strb	r3, [r5]
 337:.\Generated_Source\PSoC5/cyfitter_cfg.c **** 	/* Setup clocks based on selections from Clock DWR */
 338:.\Generated_Source\PSoC5/cyfitter_cfg.c **** 	ClockSetup();
 419              		.loc 1 338 0
 420 0078 FFF7FEFF 		bl	ClockSetup
 421              	.LVL28:
 339:.\Generated_Source\PSoC5/cyfitter_cfg.c **** 	/* Set Flash Cycles based on newly configured 24.00MHz Bus Clock. */
 340:.\Generated_Source\PSoC5/cyfitter_cfg.c **** 	CY_SET_XTND_REG8((void CYFAR *)(CYREG_CACHE_CC_CTL), (((CYDEV_INSTRUCT_CACHE_ENABLED) != 0) ? 0x81
 422              		.loc 1 340 0
 423 007c 8123     		movs	r3, #129
 424 007e 2B70     		strb	r3, [r5]
 341:.\Generated_Source\PSoC5/cyfitter_cfg.c **** 	CY_SET_XTND_REG8((void CYFAR *)(CYREG_PANTHER_WAITPIPE), 0x01u);
 425              		.loc 1 341 0
ARM GAS  C:\Users\user\AppData\Local\Temp\ccK8IGgF.s 			page 15


 426 0080 0122     		movs	r2, #1
 427 0082 0C4B     		ldr	r3, .L27+28
 428 0084 1A70     		strb	r2, [r3]
 342:.\Generated_Source\PSoC5/cyfitter_cfg.c **** 
 343:.\Generated_Source\PSoC5/cyfitter_cfg.c **** 	/* Perform basic analog initialization to defaults */
 344:.\Generated_Source\PSoC5/cyfitter_cfg.c **** 	AnalogSetDefault();
 429              		.loc 1 344 0
 430 0086 FFF7FEFF 		bl	AnalogSetDefault
 431              	.LVL29:
 345:.\Generated_Source\PSoC5/cyfitter_cfg.c **** 
 346:.\Generated_Source\PSoC5/cyfitter_cfg.c **** 	/* Configure alternate active mode */
 347:.\Generated_Source\PSoC5/cyfitter_cfg.c **** 	CYCONFIGCPY((void CYFAR *)CYDEV_PM_STBY_BASE, (const void CYFAR *)CYDEV_PM_ACT_BASE, 14u);
 432              		.loc 1 347 0
 433 008a 0B48     		ldr	r0, .L27+32
 434 008c 2146     		mov	r1, r4
 435 008e 0E22     		movs	r2, #14
 436 0090 FFF7FEFF 		bl	CYCONFIGCPY
 437              	.LVL30:
 438 0094 38BD     		pop	{r3, r4, r5, pc}
 439              	.L28:
 440 0096 00BF     		.align	2
 441              	.L27:
 442 0098 E8460040 		.word	1073759976
 443 009c 00000000 		.word	.LANCHOR0
 444 00a0 03500140 		.word	1073827843
 445 00a4 A0430040 		.word	1073759136
 446 00a8 32510040 		.word	1073762610
 447 00ac 22430040 		.word	1073759010
 448 00b0 00480040 		.word	1073760256
 449 00b4 04000840 		.word	1074266116
 450 00b8 B0430040 		.word	1073759152
 451              		.cfi_endproc
 452              	.LFE7:
 453              		.size	cyfitter_cfg, .-cyfitter_cfg
 454              		.section	.rodata
 455              		.align	2
 456              		.set	.LANCHOR0,. + 0
 457              		.type	cfg_memset_list.4859, %object
 458              		.size	cfg_memset_list.4859, 54
 459              	cfg_memset_list.4859:
 460 0000 00510040 		.word	1073762560
 461 0004 3000     		.short	48
 462 0006 40510040 		.4byte	1073762624
 463 000a 3000     		.short	48
 464 000c C0510040 		.word	1073762752
 465 0010 1000     		.short	16
 466 0012 F0510040 		.4byte	1073762800
 467 0016 1000     		.short	16
 468 0018 00000140 		.word	1073807360
 469 001c 0010     		.short	4096
 470 001e 00140140 		.4byte	1073812480
 471 0022 0008     		.short	2048
 472 0024 00400140 		.word	1073823744
 473 0028 000A     		.short	2560
 474 002a 004C0140 		.4byte	1073826816
 475 002e 0002     		.short	512
 476 0030 00500140 		.word	1073827840
ARM GAS  C:\Users\user\AppData\Local\Temp\ccK8IGgF.s 			page 16


 477 0034 2000     		.short	32
 478 0036 0000     		.text
 479              	.Letext0:
 480              		.file 2 "c:\\program files (x86)\\cypress\\psoc creator\\3.3\\psoc creator\\import\\gnu\\arm\\4.9.
 481              		.file 3 ".\\Generated_Source\\PSoC5\\cytypes.h"
 482              		.file 4 ".\\Generated_Source\\PSoC5\\CyLib.h"
 483              		.section	.debug_info,"",%progbits
 484              	.Ldebug_info0:
 485 0000 D1030000 		.4byte	0x3d1
 486 0004 0400     		.2byte	0x4
 487 0006 00000000 		.4byte	.Ldebug_abbrev0
 488 000a 04       		.byte	0x4
 489 000b 01       		.uleb128 0x1
 490 000c 0C010000 		.4byte	.LASF39
 491 0010 01       		.byte	0x1
 492 0011 3D020000 		.4byte	.LASF40
 493 0015 A7010000 		.4byte	.LASF41
 494 0019 00000000 		.4byte	.Ldebug_ranges0+0
 495 001d 00000000 		.4byte	0
 496 0021 00000000 		.4byte	.Ldebug_line0
 497 0025 02       		.uleb128 0x2
 498 0026 04       		.byte	0x4
 499 0027 05       		.byte	0x5
 500 0028 696E7400 		.ascii	"int\000"
 501 002c 03       		.uleb128 0x3
 502 002d 14000000 		.4byte	.LASF11
 503 0031 02       		.byte	0x2
 504 0032 D4       		.byte	0xd4
 505 0033 37000000 		.4byte	0x37
 506 0037 04       		.uleb128 0x4
 507 0038 04       		.byte	0x4
 508 0039 07       		.byte	0x7
 509 003a 9A010000 		.4byte	.LASF0
 510 003e 04       		.uleb128 0x4
 511 003f 01       		.byte	0x1
 512 0040 06       		.byte	0x6
 513 0041 8D020000 		.4byte	.LASF1
 514 0045 04       		.uleb128 0x4
 515 0046 01       		.byte	0x1
 516 0047 08       		.byte	0x8
 517 0048 CB000000 		.4byte	.LASF2
 518 004c 04       		.uleb128 0x4
 519 004d 02       		.byte	0x2
 520 004e 05       		.byte	0x5
 521 004f 33020000 		.4byte	.LASF3
 522 0053 04       		.uleb128 0x4
 523 0054 02       		.byte	0x2
 524 0055 07       		.byte	0x7
 525 0056 4F000000 		.4byte	.LASF4
 526 005a 04       		.uleb128 0x4
 527 005b 04       		.byte	0x4
 528 005c 05       		.byte	0x5
 529 005d 6D020000 		.4byte	.LASF5
 530 0061 04       		.uleb128 0x4
 531 0062 04       		.byte	0x4
 532 0063 07       		.byte	0x7
 533 0064 93000000 		.4byte	.LASF6
ARM GAS  C:\Users\user\AppData\Local\Temp\ccK8IGgF.s 			page 17


 534 0068 04       		.uleb128 0x4
 535 0069 08       		.byte	0x8
 536 006a 05       		.byte	0x5
 537 006b 1E020000 		.4byte	.LASF7
 538 006f 04       		.uleb128 0x4
 539 0070 08       		.byte	0x8
 540 0071 07       		.byte	0x7
 541 0072 F1010000 		.4byte	.LASF8
 542 0076 04       		.uleb128 0x4
 543 0077 04       		.byte	0x4
 544 0078 07       		.byte	0x7
 545 0079 15020000 		.4byte	.LASF9
 546 007d 05       		.uleb128 0x5
 547 007e 04       		.byte	0x4
 548 007f 04       		.uleb128 0x4
 549 0080 01       		.byte	0x1
 550 0081 08       		.byte	0x8
 551 0082 76020000 		.4byte	.LASF10
 552 0086 06       		.uleb128 0x6
 553 0087 A5000000 		.4byte	.LASF12
 554 008b 03       		.byte	0x3
 555 008c 3801     		.2byte	0x138
 556 008e 45000000 		.4byte	0x45
 557 0092 06       		.uleb128 0x6
 558 0093 F4000000 		.4byte	.LASF13
 559 0097 03       		.byte	0x3
 560 0098 3901     		.2byte	0x139
 561 009a 53000000 		.4byte	0x53
 562 009e 06       		.uleb128 0x6
 563 009f 05010000 		.4byte	.LASF14
 564 00a3 03       		.byte	0x3
 565 00a4 3A01     		.2byte	0x13a
 566 00a6 61000000 		.4byte	0x61
 567 00aa 04       		.uleb128 0x4
 568 00ab 04       		.byte	0x4
 569 00ac 04       		.byte	0x4
 570 00ad 6A000000 		.4byte	.LASF15
 571 00b1 04       		.uleb128 0x4
 572 00b2 08       		.byte	0x8
 573 00b3 04       		.byte	0x4
 574 00b4 E0000000 		.4byte	.LASF16
 575 00b8 06       		.uleb128 0x6
 576 00b9 8E000000 		.4byte	.LASF17
 577 00bd 03       		.byte	0x3
 578 00be E201     		.2byte	0x1e2
 579 00c0 C4000000 		.4byte	0xc4
 580 00c4 07       		.uleb128 0x7
 581 00c5 86000000 		.4byte	0x86
 582 00c9 06       		.uleb128 0x6
 583 00ca 00000000 		.4byte	.LASF18
 584 00ce 03       		.byte	0x3
 585 00cf E301     		.2byte	0x1e3
 586 00d1 D5000000 		.4byte	0xd5
 587 00d5 07       		.uleb128 0x7
 588 00d6 92000000 		.4byte	0x92
 589 00da 08       		.uleb128 0x8
 590 00db 70000000 		.4byte	.LASF19
ARM GAS  C:\Users\user\AppData\Local\Temp\ccK8IGgF.s 			page 18


 591 00df 01       		.byte	0x1
 592 00e0 6C       		.byte	0x6c
 593 00e1 00000000 		.4byte	.LFB3
 594 00e5 02000000 		.4byte	.LFE3-.LFB3
 595 00e9 01       		.uleb128 0x1
 596 00ea 9C       		.byte	0x9c
 597 00eb FD000000 		.4byte	0xfd
 598 00ef 09       		.uleb128 0x9
 599 00f0 FB000000 		.4byte	.LASF22
 600 00f4 01       		.byte	0x1
 601 00f5 6C       		.byte	0x6c
 602 00f6 86000000 		.4byte	0x86
 603 00fa 01       		.uleb128 0x1
 604 00fb 50       		.byte	0x50
 605 00fc 00       		.byte	0
 606 00fd 08       		.uleb128 0x8
 607 00fe 1B000000 		.4byte	.LASF20
 608 0102 01       		.byte	0x1
 609 0103 D9       		.byte	0xd9
 610 0104 00000000 		.4byte	.LFB5
 611 0108 44000000 		.4byte	.LFE5-.LFB5
 612 010c 01       		.uleb128 0x1
 613 010d 9C       		.byte	0x9c
 614 010e 22010000 		.4byte	0x122
 615 0112 0A       		.uleb128 0xa
 616 0113 7B020000 		.4byte	.LASF26
 617 0117 01       		.byte	0x1
 618 0118 DB       		.byte	0xdb
 619 0119 86000000 		.4byte	0x86
 620 011d 00000000 		.4byte	.LLST0
 621 0121 00       		.byte	0
 622 0122 08       		.uleb128 0x8
 623 0123 AB000000 		.4byte	.LASF21
 624 0127 01       		.byte	0x1
 625 0128 3E       		.byte	0x3e
 626 0129 00000000 		.4byte	.LFB0
 627 012d 0C000000 		.4byte	.LFE0-.LFB0
 628 0131 01       		.uleb128 0x1
 629 0132 9C       		.byte	0x9c
 630 0133 6F010000 		.4byte	0x16f
 631 0137 0B       		.uleb128 0xb
 632 0138 7300     		.ascii	"s\000"
 633 013a 01       		.byte	0x1
 634 013b 3E       		.byte	0x3e
 635 013c 7D000000 		.4byte	0x7d
 636 0140 13000000 		.4byte	.LLST1
 637 0144 0B       		.uleb128 0xb
 638 0145 6E00     		.ascii	"n\000"
 639 0147 01       		.byte	0x1
 640 0148 3E       		.byte	0x3e
 641 0149 2C000000 		.4byte	0x2c
 642 014d 34000000 		.4byte	.LLST2
 643 0151 0C       		.uleb128 0xc
 644 0152 0A000000 		.4byte	.LVL5
 645 0156 8D030000 		.4byte	0x38d
 646 015a 0D       		.uleb128 0xd
 647 015b 01       		.uleb128 0x1
ARM GAS  C:\Users\user\AppData\Local\Temp\ccK8IGgF.s 			page 19


 648 015c 52       		.byte	0x52
 649 015d 03       		.uleb128 0x3
 650 015e F3       		.byte	0xf3
 651 015f 01       		.uleb128 0x1
 652 0160 51       		.byte	0x51
 653 0161 0D       		.uleb128 0xd
 654 0162 01       		.uleb128 0x1
 655 0163 51       		.byte	0x51
 656 0164 01       		.uleb128 0x1
 657 0165 30       		.byte	0x30
 658 0166 0D       		.uleb128 0xd
 659 0167 01       		.uleb128 0x1
 660 0168 50       		.byte	0x50
 661 0169 03       		.uleb128 0x3
 662 016a F3       		.byte	0xf3
 663 016b 01       		.uleb128 0x1
 664 016c 50       		.byte	0x50
 665 016d 00       		.byte	0
 666 016e 00       		.byte	0
 667 016f 08       		.uleb128 0x8
 668 0170 A2020000 		.4byte	.LASF23
 669 0174 01       		.byte	0x1
 670 0175 45       		.byte	0x45
 671 0176 00000000 		.4byte	.LFB1
 672 017a 08000000 		.4byte	.LFE1-.LFB1
 673 017e 01       		.uleb128 0x1
 674 017f 9C       		.byte	0x9c
 675 0180 CF010000 		.4byte	0x1cf
 676 0184 0E       		.uleb128 0xe
 677 0185 84000000 		.4byte	.LASF24
 678 0189 01       		.byte	0x1
 679 018a 45       		.byte	0x45
 680 018b 7D000000 		.4byte	0x7d
 681 018f 60000000 		.4byte	.LLST3
 682 0193 0B       		.uleb128 0xb
 683 0194 73726300 		.ascii	"src\000"
 684 0198 01       		.byte	0x1
 685 0199 45       		.byte	0x45
 686 019a CF010000 		.4byte	0x1cf
 687 019e 81000000 		.4byte	.LLST4
 688 01a2 0B       		.uleb128 0xb
 689 01a3 6E00     		.ascii	"n\000"
 690 01a5 01       		.byte	0x1
 691 01a6 45       		.byte	0x45
 692 01a7 2C000000 		.4byte	0x2c
 693 01ab A2000000 		.4byte	.LLST5
 694 01af 0C       		.uleb128 0xc
 695 01b0 06000000 		.4byte	.LVL7
 696 01b4 AA030000 		.4byte	0x3aa
 697 01b8 0D       		.uleb128 0xd
 698 01b9 01       		.uleb128 0x1
 699 01ba 52       		.byte	0x52
 700 01bb 03       		.uleb128 0x3
 701 01bc F3       		.byte	0xf3
 702 01bd 01       		.uleb128 0x1
 703 01be 52       		.byte	0x52
 704 01bf 0D       		.uleb128 0xd
ARM GAS  C:\Users\user\AppData\Local\Temp\ccK8IGgF.s 			page 20


 705 01c0 01       		.uleb128 0x1
 706 01c1 51       		.byte	0x51
 707 01c2 03       		.uleb128 0x3
 708 01c3 F3       		.byte	0xf3
 709 01c4 01       		.uleb128 0x1
 710 01c5 51       		.byte	0x51
 711 01c6 0D       		.uleb128 0xd
 712 01c7 01       		.uleb128 0x1
 713 01c8 50       		.byte	0x50
 714 01c9 03       		.uleb128 0x3
 715 01ca F3       		.byte	0xf3
 716 01cb 01       		.uleb128 0x1
 717 01cc 50       		.byte	0x50
 718 01cd 00       		.byte	0
 719 01ce 00       		.byte	0
 720 01cf 0F       		.uleb128 0xf
 721 01d0 04       		.byte	0x4
 722 01d1 D5010000 		.4byte	0x1d5
 723 01d5 10       		.uleb128 0x10
 724 01d6 08       		.uleb128 0x8
 725 01d7 44000000 		.4byte	.LASF25
 726 01db 01       		.byte	0x1
 727 01dc 97       		.byte	0x97
 728 01dd 00000000 		.4byte	.LFB4
 729 01e1 CC000000 		.4byte	.LFE4-.LFB4
 730 01e5 01       		.uleb128 0x1
 731 01e6 9C       		.byte	0x9c
 732 01e7 53020000 		.4byte	0x253
 733 01eb 0A       		.uleb128 0xa
 734 01ec 2C000000 		.4byte	.LASF27
 735 01f0 01       		.byte	0x1
 736 01f1 99       		.byte	0x99
 737 01f2 9E000000 		.4byte	0x9e
 738 01f6 C3000000 		.4byte	.LLST6
 739 01fa 0A       		.uleb128 0xa
 740 01fb 62000000 		.4byte	.LASF28
 741 01ff 01       		.byte	0x1
 742 0200 9A       		.byte	0x9a
 743 0201 86000000 		.4byte	0x86
 744 0205 E2000000 		.4byte	.LLST7
 745 0209 11       		.uleb128 0x11
 746 020a 0C000000 		.4byte	.LVL8
 747 020e 6F010000 		.4byte	0x16f
 748 0212 2E020000 		.4byte	0x22e
 749 0216 0D       		.uleb128 0xd
 750 0217 01       		.uleb128 0x1
 751 0218 52       		.byte	0x52
 752 0219 01       		.uleb128 0x1
 753 021a 34       		.byte	0x34
 754 021b 0D       		.uleb128 0xd
 755 021c 01       		.uleb128 0x1
 756 021d 51       		.byte	0x51
 757 021e 05       		.uleb128 0x5
 758 021f 0C       		.byte	0xc
 759 0220 08000048 		.4byte	0x48000008
 760 0224 0D       		.uleb128 0xd
 761 0225 01       		.uleb128 0x1
ARM GAS  C:\Users\user\AppData\Local\Temp\ccK8IGgF.s 			page 21


 762 0226 50       		.byte	0x50
 763 0227 05       		.uleb128 0x5
 764 0228 0C       		.byte	0xc
 765 0229 00410040 		.4byte	0x40004100
 766 022d 00       		.byte	0
 767 022e 11       		.uleb128 0x11
 768 022f 56000000 		.4byte	.LVL13
 769 0233 C7030000 		.4byte	0x3c7
 770 0237 43020000 		.4byte	0x243
 771 023b 0D       		.uleb128 0xd
 772 023c 01       		.uleb128 0x1
 773 023d 50       		.byte	0x50
 774 023e 03       		.uleb128 0x3
 775 023f 0A       		.byte	0xa
 776 0240 E001     		.2byte	0x1e0
 777 0242 00       		.byte	0
 778 0243 0C       		.uleb128 0xc
 779 0244 66000000 		.4byte	.LVL15
 780 0248 DA000000 		.4byte	0xda
 781 024c 0D       		.uleb128 0xd
 782 024d 01       		.uleb128 0x1
 783 024e 50       		.byte	0x50
 784 024f 01       		.uleb128 0x1
 785 0250 33       		.byte	0x33
 786 0251 00       		.byte	0
 787 0252 00       		.byte	0
 788 0253 12       		.uleb128 0x12
 789 0254 B5000000 		.4byte	.LASF31
 790 0258 01       		.byte	0x1
 791 0259 F7       		.byte	0xf7
 792 025a 00000000 		.4byte	.LFB6
 793 025e 1C000000 		.4byte	.LFE6-.LFB6
 794 0262 01       		.uleb128 0x1
 795 0263 9C       		.byte	0x9c
 796 0264 83020000 		.4byte	0x283
 797 0268 09       		.uleb128 0x9
 798 0269 65020000 		.4byte	.LASF29
 799 026d 01       		.byte	0x1
 800 026e F7       		.byte	0xf7
 801 026f 86000000 		.4byte	0x86
 802 0273 01       		.uleb128 0x1
 803 0274 50       		.byte	0x50
 804 0275 13       		.uleb128 0x13
 805 0276 99020000 		.4byte	.LASF30
 806 027a 01       		.byte	0x1
 807 027b F9       		.byte	0xf9
 808 027c 86000000 		.4byte	0x86
 809 0280 01       		.uleb128 0x1
 810 0281 53       		.byte	0x53
 811 0282 00       		.byte	0
 812 0283 14       		.uleb128 0x14
 813 0284 E7000000 		.4byte	.LASF32
 814 0288 01       		.byte	0x1
 815 0289 1901     		.2byte	0x119
 816 028b 00000000 		.4byte	.LFB7
 817 028f BC000000 		.4byte	.LFE7-.LFB7
 818 0293 01       		.uleb128 0x1
ARM GAS  C:\Users\user\AppData\Local\Temp\ccK8IGgF.s 			page 22


 819 0294 9C       		.byte	0x9c
 820 0295 8D030000 		.4byte	0x38d
 821 0299 15       		.uleb128 0x15
 822 029a 0E000000 		.4byte	.LBB2
 823 029e 4E000000 		.4byte	.LBE2-.LBB2
 824 02a2 39030000 		.4byte	0x339
 825 02a6 16       		.uleb128 0x16
 826 02a7 06       		.byte	0x6
 827 02a8 01       		.byte	0x1
 828 02a9 2501     		.2byte	0x125
 829 02ab CA020000 		.4byte	0x2ca
 830 02af 17       		.uleb128 0x17
 831 02b0 E9010000 		.4byte	.LASF33
 832 02b4 01       		.byte	0x1
 833 02b5 2601     		.2byte	0x126
 834 02b7 7D000000 		.4byte	0x7d
 835 02bb 00       		.byte	0
 836 02bc 17       		.uleb128 0x17
 837 02bd 89000000 		.4byte	.LASF34
 838 02c1 01       		.byte	0x1
 839 02c2 2701     		.2byte	0x127
 840 02c4 92000000 		.4byte	0x92
 841 02c8 04       		.byte	0x4
 842 02c9 00       		.byte	0
 843 02ca 06       		.uleb128 0x6
 844 02cb 08020000 		.4byte	.LASF35
 845 02cf 01       		.byte	0x1
 846 02d0 2801     		.2byte	0x128
 847 02d2 A6020000 		.4byte	0x2a6
 848 02d6 18       		.uleb128 0x18
 849 02d7 CA020000 		.4byte	0x2ca
 850 02db E6020000 		.4byte	0x2e6
 851 02df 19       		.uleb128 0x19
 852 02e0 76000000 		.4byte	0x76
 853 02e4 08       		.byte	0x8
 854 02e5 00       		.byte	0
 855 02e6 1A       		.uleb128 0x1a
 856 02e7 34000000 		.4byte	.LASF36
 857 02eb 01       		.byte	0x1
 858 02ec 2A01     		.2byte	0x12a
 859 02ee F8020000 		.4byte	0x2f8
 860 02f2 05       		.uleb128 0x5
 861 02f3 03       		.byte	0x3
 862 02f4 00000000 		.4byte	cfg_memset_list.4859
 863 02f8 1B       		.uleb128 0x1b
 864 02f9 D6020000 		.4byte	0x2d6
 865 02fd 1C       		.uleb128 0x1c
 866 02fe 6900     		.ascii	"i\000"
 867 0300 01       		.byte	0x1
 868 0301 3701     		.2byte	0x137
 869 0303 86000000 		.4byte	0x86
 870 0307 0C010000 		.4byte	.LLST8
 871 030b 1D       		.uleb128 0x1d
 872 030c 12000000 		.4byte	.LBB3
 873 0310 16000000 		.4byte	.LBE3-.LBB3
 874 0314 1C       		.uleb128 0x1c
 875 0315 6D7300   		.ascii	"ms\000"
ARM GAS  C:\Users\user\AppData\Local\Temp\ccK8IGgF.s 			page 23


 876 0318 01       		.byte	0x1
 877 0319 3C01     		.2byte	0x13c
 878 031b 23030000 		.4byte	0x323
 879 031f 36010000 		.4byte	.LLST9
 880 0323 0F       		.uleb128 0xf
 881 0324 04       		.byte	0x4
 882 0325 29030000 		.4byte	0x329
 883 0329 1B       		.uleb128 0x1b
 884 032a CA020000 		.4byte	0x2ca
 885 032e 1E       		.uleb128 0x1e
 886 032f 28000000 		.4byte	.LVL23
 887 0333 22010000 		.4byte	0x122
 888 0337 00       		.byte	0
 889 0338 00       		.byte	0
 890 0339 11       		.uleb128 0x11
 891 033a 68000000 		.4byte	.LVL27
 892 033e 6F010000 		.4byte	0x16f
 893 0342 5C030000 		.4byte	0x35c
 894 0346 0D       		.uleb128 0xd
 895 0347 01       		.uleb128 0x1
 896 0348 52       		.byte	0x52
 897 0349 01       		.uleb128 0x1
 898 034a 38       		.byte	0x38
 899 034b 0D       		.uleb128 0xd
 900 034c 01       		.uleb128 0x1
 901 034d 51       		.byte	0x51
 902 034e 03       		.uleb128 0x3
 903 034f 42       		.byte	0x42
 904 0350 4A       		.byte	0x4a
 905 0351 24       		.byte	0x24
 906 0352 0D       		.uleb128 0xd
 907 0353 01       		.uleb128 0x1
 908 0354 50       		.byte	0x50
 909 0355 05       		.uleb128 0x5
 910 0356 0C       		.byte	0xc
 911 0357 32510040 		.4byte	0x40005132
 912 035b 00       		.byte	0
 913 035c 1E       		.uleb128 0x1e
 914 035d 7C000000 		.4byte	.LVL28
 915 0361 D6010000 		.4byte	0x1d6
 916 0365 1E       		.uleb128 0x1e
 917 0366 8A000000 		.4byte	.LVL29
 918 036a FD000000 		.4byte	0xfd
 919 036e 0C       		.uleb128 0xc
 920 036f 94000000 		.4byte	.LVL30
 921 0373 6F010000 		.4byte	0x16f
 922 0377 0D       		.uleb128 0xd
 923 0378 01       		.uleb128 0x1
 924 0379 52       		.byte	0x52
 925 037a 01       		.uleb128 0x1
 926 037b 3E       		.byte	0x3e
 927 037c 0D       		.uleb128 0xd
 928 037d 01       		.uleb128 0x1
 929 037e 51       		.byte	0x51
 930 037f 02       		.uleb128 0x2
 931 0380 74       		.byte	0x74
 932 0381 00       		.sleb128 0
ARM GAS  C:\Users\user\AppData\Local\Temp\ccK8IGgF.s 			page 24


 933 0382 0D       		.uleb128 0xd
 934 0383 01       		.uleb128 0x1
 935 0384 50       		.byte	0x50
 936 0385 05       		.uleb128 0x5
 937 0386 0C       		.byte	0xc
 938 0387 B0430040 		.4byte	0x400043b0
 939 038b 00       		.byte	0
 940 038c 00       		.byte	0
 941 038d 1F       		.uleb128 0x1f
 942 038e D9000000 		.4byte	.LASF37
 943 0392 7D000000 		.4byte	0x7d
 944 0396 AA030000 		.4byte	0x3aa
 945 039a 20       		.uleb128 0x20
 946 039b 7D000000 		.4byte	0x7d
 947 039f 20       		.uleb128 0x20
 948 03a0 25000000 		.4byte	0x25
 949 03a4 20       		.uleb128 0x20
 950 03a5 76000000 		.4byte	0x76
 951 03a9 00       		.byte	0
 952 03aa 1F       		.uleb128 0x1f
 953 03ab 2C020000 		.4byte	.LASF38
 954 03af 7D000000 		.4byte	0x7d
 955 03b3 C7030000 		.4byte	0x3c7
 956 03b7 20       		.uleb128 0x20
 957 03b8 7D000000 		.4byte	0x7d
 958 03bc 20       		.uleb128 0x20
 959 03bd CF010000 		.4byte	0x1cf
 960 03c1 20       		.uleb128 0x20
 961 03c2 76000000 		.4byte	0x76
 962 03c6 00       		.byte	0
 963 03c7 21       		.uleb128 0x21
 964 03c8 06000000 		.4byte	.LASF42
 965 03cc 04       		.byte	0x4
 966 03cd 7A       		.byte	0x7a
 967 03ce 20       		.uleb128 0x20
 968 03cf 9E000000 		.4byte	0x9e
 969 03d3 00       		.byte	0
 970 03d4 00       		.byte	0
 971              		.section	.debug_abbrev,"",%progbits
 972              	.Ldebug_abbrev0:
 973 0000 01       		.uleb128 0x1
 974 0001 11       		.uleb128 0x11
 975 0002 01       		.byte	0x1
 976 0003 25       		.uleb128 0x25
 977 0004 0E       		.uleb128 0xe
 978 0005 13       		.uleb128 0x13
 979 0006 0B       		.uleb128 0xb
 980 0007 03       		.uleb128 0x3
 981 0008 0E       		.uleb128 0xe
 982 0009 1B       		.uleb128 0x1b
 983 000a 0E       		.uleb128 0xe
 984 000b 55       		.uleb128 0x55
 985 000c 17       		.uleb128 0x17
 986 000d 11       		.uleb128 0x11
 987 000e 01       		.uleb128 0x1
 988 000f 10       		.uleb128 0x10
 989 0010 17       		.uleb128 0x17
ARM GAS  C:\Users\user\AppData\Local\Temp\ccK8IGgF.s 			page 25


 990 0011 00       		.byte	0
 991 0012 00       		.byte	0
 992 0013 02       		.uleb128 0x2
 993 0014 24       		.uleb128 0x24
 994 0015 00       		.byte	0
 995 0016 0B       		.uleb128 0xb
 996 0017 0B       		.uleb128 0xb
 997 0018 3E       		.uleb128 0x3e
 998 0019 0B       		.uleb128 0xb
 999 001a 03       		.uleb128 0x3
 1000 001b 08       		.uleb128 0x8
 1001 001c 00       		.byte	0
 1002 001d 00       		.byte	0
 1003 001e 03       		.uleb128 0x3
 1004 001f 16       		.uleb128 0x16
 1005 0020 00       		.byte	0
 1006 0021 03       		.uleb128 0x3
 1007 0022 0E       		.uleb128 0xe
 1008 0023 3A       		.uleb128 0x3a
 1009 0024 0B       		.uleb128 0xb
 1010 0025 3B       		.uleb128 0x3b
 1011 0026 0B       		.uleb128 0xb
 1012 0027 49       		.uleb128 0x49
 1013 0028 13       		.uleb128 0x13
 1014 0029 00       		.byte	0
 1015 002a 00       		.byte	0
 1016 002b 04       		.uleb128 0x4
 1017 002c 24       		.uleb128 0x24
 1018 002d 00       		.byte	0
 1019 002e 0B       		.uleb128 0xb
 1020 002f 0B       		.uleb128 0xb
 1021 0030 3E       		.uleb128 0x3e
 1022 0031 0B       		.uleb128 0xb
 1023 0032 03       		.uleb128 0x3
 1024 0033 0E       		.uleb128 0xe
 1025 0034 00       		.byte	0
 1026 0035 00       		.byte	0
 1027 0036 05       		.uleb128 0x5
 1028 0037 0F       		.uleb128 0xf
 1029 0038 00       		.byte	0
 1030 0039 0B       		.uleb128 0xb
 1031 003a 0B       		.uleb128 0xb
 1032 003b 00       		.byte	0
 1033 003c 00       		.byte	0
 1034 003d 06       		.uleb128 0x6
 1035 003e 16       		.uleb128 0x16
 1036 003f 00       		.byte	0
 1037 0040 03       		.uleb128 0x3
 1038 0041 0E       		.uleb128 0xe
 1039 0042 3A       		.uleb128 0x3a
 1040 0043 0B       		.uleb128 0xb
 1041 0044 3B       		.uleb128 0x3b
 1042 0045 05       		.uleb128 0x5
 1043 0046 49       		.uleb128 0x49
 1044 0047 13       		.uleb128 0x13
 1045 0048 00       		.byte	0
 1046 0049 00       		.byte	0
ARM GAS  C:\Users\user\AppData\Local\Temp\ccK8IGgF.s 			page 26


 1047 004a 07       		.uleb128 0x7
 1048 004b 35       		.uleb128 0x35
 1049 004c 00       		.byte	0
 1050 004d 49       		.uleb128 0x49
 1051 004e 13       		.uleb128 0x13
 1052 004f 00       		.byte	0
 1053 0050 00       		.byte	0
 1054 0051 08       		.uleb128 0x8
 1055 0052 2E       		.uleb128 0x2e
 1056 0053 01       		.byte	0x1
 1057 0054 03       		.uleb128 0x3
 1058 0055 0E       		.uleb128 0xe
 1059 0056 3A       		.uleb128 0x3a
 1060 0057 0B       		.uleb128 0xb
 1061 0058 3B       		.uleb128 0x3b
 1062 0059 0B       		.uleb128 0xb
 1063 005a 27       		.uleb128 0x27
 1064 005b 19       		.uleb128 0x19
 1065 005c 11       		.uleb128 0x11
 1066 005d 01       		.uleb128 0x1
 1067 005e 12       		.uleb128 0x12
 1068 005f 06       		.uleb128 0x6
 1069 0060 40       		.uleb128 0x40
 1070 0061 18       		.uleb128 0x18
 1071 0062 9742     		.uleb128 0x2117
 1072 0064 19       		.uleb128 0x19
 1073 0065 01       		.uleb128 0x1
 1074 0066 13       		.uleb128 0x13
 1075 0067 00       		.byte	0
 1076 0068 00       		.byte	0
 1077 0069 09       		.uleb128 0x9
 1078 006a 05       		.uleb128 0x5
 1079 006b 00       		.byte	0
 1080 006c 03       		.uleb128 0x3
 1081 006d 0E       		.uleb128 0xe
 1082 006e 3A       		.uleb128 0x3a
 1083 006f 0B       		.uleb128 0xb
 1084 0070 3B       		.uleb128 0x3b
 1085 0071 0B       		.uleb128 0xb
 1086 0072 49       		.uleb128 0x49
 1087 0073 13       		.uleb128 0x13
 1088 0074 02       		.uleb128 0x2
 1089 0075 18       		.uleb128 0x18
 1090 0076 00       		.byte	0
 1091 0077 00       		.byte	0
 1092 0078 0A       		.uleb128 0xa
 1093 0079 34       		.uleb128 0x34
 1094 007a 00       		.byte	0
 1095 007b 03       		.uleb128 0x3
 1096 007c 0E       		.uleb128 0xe
 1097 007d 3A       		.uleb128 0x3a
 1098 007e 0B       		.uleb128 0xb
 1099 007f 3B       		.uleb128 0x3b
 1100 0080 0B       		.uleb128 0xb
 1101 0081 49       		.uleb128 0x49
 1102 0082 13       		.uleb128 0x13
 1103 0083 02       		.uleb128 0x2
ARM GAS  C:\Users\user\AppData\Local\Temp\ccK8IGgF.s 			page 27


 1104 0084 17       		.uleb128 0x17
 1105 0085 00       		.byte	0
 1106 0086 00       		.byte	0
 1107 0087 0B       		.uleb128 0xb
 1108 0088 05       		.uleb128 0x5
 1109 0089 00       		.byte	0
 1110 008a 03       		.uleb128 0x3
 1111 008b 08       		.uleb128 0x8
 1112 008c 3A       		.uleb128 0x3a
 1113 008d 0B       		.uleb128 0xb
 1114 008e 3B       		.uleb128 0x3b
 1115 008f 0B       		.uleb128 0xb
 1116 0090 49       		.uleb128 0x49
 1117 0091 13       		.uleb128 0x13
 1118 0092 02       		.uleb128 0x2
 1119 0093 17       		.uleb128 0x17
 1120 0094 00       		.byte	0
 1121 0095 00       		.byte	0
 1122 0096 0C       		.uleb128 0xc
 1123 0097 898201   		.uleb128 0x4109
 1124 009a 01       		.byte	0x1
 1125 009b 11       		.uleb128 0x11
 1126 009c 01       		.uleb128 0x1
 1127 009d 31       		.uleb128 0x31
 1128 009e 13       		.uleb128 0x13
 1129 009f 00       		.byte	0
 1130 00a0 00       		.byte	0
 1131 00a1 0D       		.uleb128 0xd
 1132 00a2 8A8201   		.uleb128 0x410a
 1133 00a5 00       		.byte	0
 1134 00a6 02       		.uleb128 0x2
 1135 00a7 18       		.uleb128 0x18
 1136 00a8 9142     		.uleb128 0x2111
 1137 00aa 18       		.uleb128 0x18
 1138 00ab 00       		.byte	0
 1139 00ac 00       		.byte	0
 1140 00ad 0E       		.uleb128 0xe
 1141 00ae 05       		.uleb128 0x5
 1142 00af 00       		.byte	0
 1143 00b0 03       		.uleb128 0x3
 1144 00b1 0E       		.uleb128 0xe
 1145 00b2 3A       		.uleb128 0x3a
 1146 00b3 0B       		.uleb128 0xb
 1147 00b4 3B       		.uleb128 0x3b
 1148 00b5 0B       		.uleb128 0xb
 1149 00b6 49       		.uleb128 0x49
 1150 00b7 13       		.uleb128 0x13
 1151 00b8 02       		.uleb128 0x2
 1152 00b9 17       		.uleb128 0x17
 1153 00ba 00       		.byte	0
 1154 00bb 00       		.byte	0
 1155 00bc 0F       		.uleb128 0xf
 1156 00bd 0F       		.uleb128 0xf
 1157 00be 00       		.byte	0
 1158 00bf 0B       		.uleb128 0xb
 1159 00c0 0B       		.uleb128 0xb
 1160 00c1 49       		.uleb128 0x49
ARM GAS  C:\Users\user\AppData\Local\Temp\ccK8IGgF.s 			page 28


 1161 00c2 13       		.uleb128 0x13
 1162 00c3 00       		.byte	0
 1163 00c4 00       		.byte	0
 1164 00c5 10       		.uleb128 0x10
 1165 00c6 26       		.uleb128 0x26
 1166 00c7 00       		.byte	0
 1167 00c8 00       		.byte	0
 1168 00c9 00       		.byte	0
 1169 00ca 11       		.uleb128 0x11
 1170 00cb 898201   		.uleb128 0x4109
 1171 00ce 01       		.byte	0x1
 1172 00cf 11       		.uleb128 0x11
 1173 00d0 01       		.uleb128 0x1
 1174 00d1 31       		.uleb128 0x31
 1175 00d2 13       		.uleb128 0x13
 1176 00d3 01       		.uleb128 0x1
 1177 00d4 13       		.uleb128 0x13
 1178 00d5 00       		.byte	0
 1179 00d6 00       		.byte	0
 1180 00d7 12       		.uleb128 0x12
 1181 00d8 2E       		.uleb128 0x2e
 1182 00d9 01       		.byte	0x1
 1183 00da 3F       		.uleb128 0x3f
 1184 00db 19       		.uleb128 0x19
 1185 00dc 03       		.uleb128 0x3
 1186 00dd 0E       		.uleb128 0xe
 1187 00de 3A       		.uleb128 0x3a
 1188 00df 0B       		.uleb128 0xb
 1189 00e0 3B       		.uleb128 0x3b
 1190 00e1 0B       		.uleb128 0xb
 1191 00e2 27       		.uleb128 0x27
 1192 00e3 19       		.uleb128 0x19
 1193 00e4 11       		.uleb128 0x11
 1194 00e5 01       		.uleb128 0x1
 1195 00e6 12       		.uleb128 0x12
 1196 00e7 06       		.uleb128 0x6
 1197 00e8 40       		.uleb128 0x40
 1198 00e9 18       		.uleb128 0x18
 1199 00ea 9742     		.uleb128 0x2117
 1200 00ec 19       		.uleb128 0x19
 1201 00ed 01       		.uleb128 0x1
 1202 00ee 13       		.uleb128 0x13
 1203 00ef 00       		.byte	0
 1204 00f0 00       		.byte	0
 1205 00f1 13       		.uleb128 0x13
 1206 00f2 34       		.uleb128 0x34
 1207 00f3 00       		.byte	0
 1208 00f4 03       		.uleb128 0x3
 1209 00f5 0E       		.uleb128 0xe
 1210 00f6 3A       		.uleb128 0x3a
 1211 00f7 0B       		.uleb128 0xb
 1212 00f8 3B       		.uleb128 0x3b
 1213 00f9 0B       		.uleb128 0xb
 1214 00fa 49       		.uleb128 0x49
 1215 00fb 13       		.uleb128 0x13
 1216 00fc 02       		.uleb128 0x2
 1217 00fd 18       		.uleb128 0x18
ARM GAS  C:\Users\user\AppData\Local\Temp\ccK8IGgF.s 			page 29


 1218 00fe 00       		.byte	0
 1219 00ff 00       		.byte	0
 1220 0100 14       		.uleb128 0x14
 1221 0101 2E       		.uleb128 0x2e
 1222 0102 01       		.byte	0x1
 1223 0103 3F       		.uleb128 0x3f
 1224 0104 19       		.uleb128 0x19
 1225 0105 03       		.uleb128 0x3
 1226 0106 0E       		.uleb128 0xe
 1227 0107 3A       		.uleb128 0x3a
 1228 0108 0B       		.uleb128 0xb
 1229 0109 3B       		.uleb128 0x3b
 1230 010a 05       		.uleb128 0x5
 1231 010b 27       		.uleb128 0x27
 1232 010c 19       		.uleb128 0x19
 1233 010d 11       		.uleb128 0x11
 1234 010e 01       		.uleb128 0x1
 1235 010f 12       		.uleb128 0x12
 1236 0110 06       		.uleb128 0x6
 1237 0111 40       		.uleb128 0x40
 1238 0112 18       		.uleb128 0x18
 1239 0113 9742     		.uleb128 0x2117
 1240 0115 19       		.uleb128 0x19
 1241 0116 01       		.uleb128 0x1
 1242 0117 13       		.uleb128 0x13
 1243 0118 00       		.byte	0
 1244 0119 00       		.byte	0
 1245 011a 15       		.uleb128 0x15
 1246 011b 0B       		.uleb128 0xb
 1247 011c 01       		.byte	0x1
 1248 011d 11       		.uleb128 0x11
 1249 011e 01       		.uleb128 0x1
 1250 011f 12       		.uleb128 0x12
 1251 0120 06       		.uleb128 0x6
 1252 0121 01       		.uleb128 0x1
 1253 0122 13       		.uleb128 0x13
 1254 0123 00       		.byte	0
 1255 0124 00       		.byte	0
 1256 0125 16       		.uleb128 0x16
 1257 0126 13       		.uleb128 0x13
 1258 0127 01       		.byte	0x1
 1259 0128 0B       		.uleb128 0xb
 1260 0129 0B       		.uleb128 0xb
 1261 012a 3A       		.uleb128 0x3a
 1262 012b 0B       		.uleb128 0xb
 1263 012c 3B       		.uleb128 0x3b
 1264 012d 05       		.uleb128 0x5
 1265 012e 01       		.uleb128 0x1
 1266 012f 13       		.uleb128 0x13
 1267 0130 00       		.byte	0
 1268 0131 00       		.byte	0
 1269 0132 17       		.uleb128 0x17
 1270 0133 0D       		.uleb128 0xd
 1271 0134 00       		.byte	0
 1272 0135 03       		.uleb128 0x3
 1273 0136 0E       		.uleb128 0xe
 1274 0137 3A       		.uleb128 0x3a
ARM GAS  C:\Users\user\AppData\Local\Temp\ccK8IGgF.s 			page 30


 1275 0138 0B       		.uleb128 0xb
 1276 0139 3B       		.uleb128 0x3b
 1277 013a 05       		.uleb128 0x5
 1278 013b 49       		.uleb128 0x49
 1279 013c 13       		.uleb128 0x13
 1280 013d 38       		.uleb128 0x38
 1281 013e 0B       		.uleb128 0xb
 1282 013f 00       		.byte	0
 1283 0140 00       		.byte	0
 1284 0141 18       		.uleb128 0x18
 1285 0142 01       		.uleb128 0x1
 1286 0143 01       		.byte	0x1
 1287 0144 49       		.uleb128 0x49
 1288 0145 13       		.uleb128 0x13
 1289 0146 01       		.uleb128 0x1
 1290 0147 13       		.uleb128 0x13
 1291 0148 00       		.byte	0
 1292 0149 00       		.byte	0
 1293 014a 19       		.uleb128 0x19
 1294 014b 21       		.uleb128 0x21
 1295 014c 00       		.byte	0
 1296 014d 49       		.uleb128 0x49
 1297 014e 13       		.uleb128 0x13
 1298 014f 2F       		.uleb128 0x2f
 1299 0150 0B       		.uleb128 0xb
 1300 0151 00       		.byte	0
 1301 0152 00       		.byte	0
 1302 0153 1A       		.uleb128 0x1a
 1303 0154 34       		.uleb128 0x34
 1304 0155 00       		.byte	0
 1305 0156 03       		.uleb128 0x3
 1306 0157 0E       		.uleb128 0xe
 1307 0158 3A       		.uleb128 0x3a
 1308 0159 0B       		.uleb128 0xb
 1309 015a 3B       		.uleb128 0x3b
 1310 015b 05       		.uleb128 0x5
 1311 015c 49       		.uleb128 0x49
 1312 015d 13       		.uleb128 0x13
 1313 015e 02       		.uleb128 0x2
 1314 015f 18       		.uleb128 0x18
 1315 0160 00       		.byte	0
 1316 0161 00       		.byte	0
 1317 0162 1B       		.uleb128 0x1b
 1318 0163 26       		.uleb128 0x26
 1319 0164 00       		.byte	0
 1320 0165 49       		.uleb128 0x49
 1321 0166 13       		.uleb128 0x13
 1322 0167 00       		.byte	0
 1323 0168 00       		.byte	0
 1324 0169 1C       		.uleb128 0x1c
 1325 016a 34       		.uleb128 0x34
 1326 016b 00       		.byte	0
 1327 016c 03       		.uleb128 0x3
 1328 016d 08       		.uleb128 0x8
 1329 016e 3A       		.uleb128 0x3a
 1330 016f 0B       		.uleb128 0xb
 1331 0170 3B       		.uleb128 0x3b
ARM GAS  C:\Users\user\AppData\Local\Temp\ccK8IGgF.s 			page 31


 1332 0171 05       		.uleb128 0x5
 1333 0172 49       		.uleb128 0x49
 1334 0173 13       		.uleb128 0x13
 1335 0174 02       		.uleb128 0x2
 1336 0175 17       		.uleb128 0x17
 1337 0176 00       		.byte	0
 1338 0177 00       		.byte	0
 1339 0178 1D       		.uleb128 0x1d
 1340 0179 0B       		.uleb128 0xb
 1341 017a 01       		.byte	0x1
 1342 017b 11       		.uleb128 0x11
 1343 017c 01       		.uleb128 0x1
 1344 017d 12       		.uleb128 0x12
 1345 017e 06       		.uleb128 0x6
 1346 017f 00       		.byte	0
 1347 0180 00       		.byte	0
 1348 0181 1E       		.uleb128 0x1e
 1349 0182 898201   		.uleb128 0x4109
 1350 0185 00       		.byte	0
 1351 0186 11       		.uleb128 0x11
 1352 0187 01       		.uleb128 0x1
 1353 0188 31       		.uleb128 0x31
 1354 0189 13       		.uleb128 0x13
 1355 018a 00       		.byte	0
 1356 018b 00       		.byte	0
 1357 018c 1F       		.uleb128 0x1f
 1358 018d 2E       		.uleb128 0x2e
 1359 018e 01       		.byte	0x1
 1360 018f 3F       		.uleb128 0x3f
 1361 0190 19       		.uleb128 0x19
 1362 0191 03       		.uleb128 0x3
 1363 0192 0E       		.uleb128 0xe
 1364 0193 27       		.uleb128 0x27
 1365 0194 19       		.uleb128 0x19
 1366 0195 49       		.uleb128 0x49
 1367 0196 13       		.uleb128 0x13
 1368 0197 34       		.uleb128 0x34
 1369 0198 19       		.uleb128 0x19
 1370 0199 3C       		.uleb128 0x3c
 1371 019a 19       		.uleb128 0x19
 1372 019b 01       		.uleb128 0x1
 1373 019c 13       		.uleb128 0x13
 1374 019d 00       		.byte	0
 1375 019e 00       		.byte	0
 1376 019f 20       		.uleb128 0x20
 1377 01a0 05       		.uleb128 0x5
 1378 01a1 00       		.byte	0
 1379 01a2 49       		.uleb128 0x49
 1380 01a3 13       		.uleb128 0x13
 1381 01a4 00       		.byte	0
 1382 01a5 00       		.byte	0
 1383 01a6 21       		.uleb128 0x21
 1384 01a7 2E       		.uleb128 0x2e
 1385 01a8 01       		.byte	0x1
 1386 01a9 3F       		.uleb128 0x3f
 1387 01aa 19       		.uleb128 0x19
 1388 01ab 03       		.uleb128 0x3
ARM GAS  C:\Users\user\AppData\Local\Temp\ccK8IGgF.s 			page 32


 1389 01ac 0E       		.uleb128 0xe
 1390 01ad 3A       		.uleb128 0x3a
 1391 01ae 0B       		.uleb128 0xb
 1392 01af 3B       		.uleb128 0x3b
 1393 01b0 0B       		.uleb128 0xb
 1394 01b1 27       		.uleb128 0x27
 1395 01b2 19       		.uleb128 0x19
 1396 01b3 3C       		.uleb128 0x3c
 1397 01b4 19       		.uleb128 0x19
 1398 01b5 00       		.byte	0
 1399 01b6 00       		.byte	0
 1400 01b7 00       		.byte	0
 1401              		.section	.debug_loc,"",%progbits
 1402              	.Ldebug_loc0:
 1403              	.LLST0:
 1404 0000 06000000 		.4byte	.LVL1
 1405 0004 10000000 		.4byte	.LVL2
 1406 0008 0100     		.2byte	0x1
 1407 000a 53       		.byte	0x53
 1408 000b 00000000 		.4byte	0
 1409 000f 00000000 		.4byte	0
 1410              	.LLST1:
 1411 0013 00000000 		.4byte	.LVL3
 1412 0017 09000000 		.4byte	.LVL5-1
 1413 001b 0100     		.2byte	0x1
 1414 001d 50       		.byte	0x50
 1415 001e 09000000 		.4byte	.LVL5-1
 1416 0022 0C000000 		.4byte	.LFE0
 1417 0026 0400     		.2byte	0x4
 1418 0028 F3       		.byte	0xf3
 1419 0029 01       		.uleb128 0x1
 1420 002a 50       		.byte	0x50
 1421 002b 9F       		.byte	0x9f
 1422 002c 00000000 		.4byte	0
 1423 0030 00000000 		.4byte	0
 1424              	.LLST2:
 1425 0034 00000000 		.4byte	.LVL3
 1426 0038 06000000 		.4byte	.LVL4
 1427 003c 0100     		.2byte	0x1
 1428 003e 51       		.byte	0x51
 1429 003f 06000000 		.4byte	.LVL4
 1430 0043 09000000 		.4byte	.LVL5-1
 1431 0047 0100     		.2byte	0x1
 1432 0049 52       		.byte	0x52
 1433 004a 09000000 		.4byte	.LVL5-1
 1434 004e 0C000000 		.4byte	.LFE0
 1435 0052 0400     		.2byte	0x4
 1436 0054 F3       		.byte	0xf3
 1437 0055 01       		.uleb128 0x1
 1438 0056 51       		.byte	0x51
 1439 0057 9F       		.byte	0x9f
 1440 0058 00000000 		.4byte	0
 1441 005c 00000000 		.4byte	0
 1442              	.LLST3:
 1443 0060 00000000 		.4byte	.LVL6
 1444 0064 05000000 		.4byte	.LVL7-1
 1445 0068 0100     		.2byte	0x1
ARM GAS  C:\Users\user\AppData\Local\Temp\ccK8IGgF.s 			page 33


 1446 006a 50       		.byte	0x50
 1447 006b 05000000 		.4byte	.LVL7-1
 1448 006f 08000000 		.4byte	.LFE1
 1449 0073 0400     		.2byte	0x4
 1450 0075 F3       		.byte	0xf3
 1451 0076 01       		.uleb128 0x1
 1452 0077 50       		.byte	0x50
 1453 0078 9F       		.byte	0x9f
 1454 0079 00000000 		.4byte	0
 1455 007d 00000000 		.4byte	0
 1456              	.LLST4:
 1457 0081 00000000 		.4byte	.LVL6
 1458 0085 05000000 		.4byte	.LVL7-1
 1459 0089 0100     		.2byte	0x1
 1460 008b 51       		.byte	0x51
 1461 008c 05000000 		.4byte	.LVL7-1
 1462 0090 08000000 		.4byte	.LFE1
 1463 0094 0400     		.2byte	0x4
 1464 0096 F3       		.byte	0xf3
 1465 0097 01       		.uleb128 0x1
 1466 0098 51       		.byte	0x51
 1467 0099 9F       		.byte	0x9f
 1468 009a 00000000 		.4byte	0
 1469 009e 00000000 		.4byte	0
 1470              	.LLST5:
 1471 00a2 00000000 		.4byte	.LVL6
 1472 00a6 05000000 		.4byte	.LVL7-1
 1473 00aa 0100     		.2byte	0x1
 1474 00ac 52       		.byte	0x52
 1475 00ad 05000000 		.4byte	.LVL7-1
 1476 00b1 08000000 		.4byte	.LFE1
 1477 00b5 0400     		.2byte	0x4
 1478 00b7 F3       		.byte	0xf3
 1479 00b8 01       		.uleb128 0x1
 1480 00b9 52       		.byte	0x52
 1481 00ba 9F       		.byte	0x9f
 1482 00bb 00000000 		.4byte	0
 1483 00bf 00000000 		.4byte	0
 1484              	.LLST6:
 1485 00c3 38000000 		.4byte	.LVL9
 1486 00c7 3E000000 		.4byte	.LVL10
 1487 00cb 0200     		.2byte	0x2
 1488 00cd 49       		.byte	0x49
 1489 00ce 9F       		.byte	0x9f
 1490 00cf 3E000000 		.4byte	.LVL10
 1491 00d3 A2000000 		.4byte	.LVL16
 1492 00d7 0100     		.2byte	0x1
 1493 00d9 55       		.byte	0x55
 1494 00da 00000000 		.4byte	0
 1495 00de 00000000 		.4byte	0
 1496              	.LLST7:
 1497 00e2 38000000 		.4byte	.LVL9
 1498 00e6 3E000000 		.4byte	.LVL10
 1499 00ea 0200     		.2byte	0x2
 1500 00ec 30       		.byte	0x30
 1501 00ed 9F       		.byte	0x9f
 1502 00ee 3E000000 		.4byte	.LVL10
ARM GAS  C:\Users\user\AppData\Local\Temp\ccK8IGgF.s 			page 34


 1503 00f2 4A000000 		.4byte	.LVL11
 1504 00f6 0100     		.2byte	0x1
 1505 00f8 54       		.byte	0x54
 1506 00f9 4E000000 		.4byte	.LVL12
 1507 00fd A2000000 		.4byte	.LVL16
 1508 0101 0100     		.2byte	0x1
 1509 0103 54       		.byte	0x54
 1510 0104 00000000 		.4byte	0
 1511 0108 00000000 		.4byte	0
 1512              	.LLST8:
 1513 010c 0E000000 		.4byte	.LVL21
 1514 0110 12000000 		.4byte	.LVL22
 1515 0114 0200     		.2byte	0x2
 1516 0116 30       		.byte	0x30
 1517 0117 9F       		.byte	0x9f
 1518 0118 12000000 		.4byte	.LVL22
 1519 011c 2A000000 		.4byte	.LVL24
 1520 0120 0100     		.2byte	0x1
 1521 0122 54       		.byte	0x54
 1522 0123 2C000000 		.4byte	.LVL25
 1523 0127 46000000 		.4byte	.LVL26
 1524 012b 0100     		.2byte	0x1
 1525 012d 54       		.byte	0x54
 1526 012e 00000000 		.4byte	0
 1527 0132 00000000 		.4byte	0
 1528              	.LLST9:
 1529 0136 12000000 		.4byte	.LVL22
 1530 013a 2A000000 		.4byte	.LVL24
 1531 013e 0B00     		.2byte	0xb
 1532 0140 74       		.byte	0x74
 1533 0141 00       		.sleb128 0
 1534 0142 36       		.byte	0x36
 1535 0143 1E       		.byte	0x1e
 1536 0144 03       		.byte	0x3
 1537 0145 00000000 		.4byte	cfg_memset_list.4859
 1538 0149 22       		.byte	0x22
 1539 014a 9F       		.byte	0x9f
 1540 014b 2A000000 		.4byte	.LVL24
 1541 014f 2C000000 		.4byte	.LVL25
 1542 0153 0B00     		.2byte	0xb
 1543 0155 74       		.byte	0x74
 1544 0156 7F       		.sleb128 -1
 1545 0157 36       		.byte	0x36
 1546 0158 1E       		.byte	0x1e
 1547 0159 03       		.byte	0x3
 1548 015a 00000000 		.4byte	cfg_memset_list.4859
 1549 015e 22       		.byte	0x22
 1550 015f 9F       		.byte	0x9f
 1551 0160 00000000 		.4byte	0
 1552 0164 00000000 		.4byte	0
 1553              		.section	.debug_aranges,"",%progbits
 1554 0000 4C000000 		.4byte	0x4c
 1555 0004 0200     		.2byte	0x2
 1556 0006 00000000 		.4byte	.Ldebug_info0
 1557 000a 04       		.byte	0x4
 1558 000b 00       		.byte	0
 1559 000c 0000     		.2byte	0
ARM GAS  C:\Users\user\AppData\Local\Temp\ccK8IGgF.s 			page 35


 1560 000e 0000     		.2byte	0
 1561 0010 00000000 		.4byte	.LFB3
 1562 0014 02000000 		.4byte	.LFE3-.LFB3
 1563 0018 00000000 		.4byte	.LFB5
 1564 001c 44000000 		.4byte	.LFE5-.LFB5
 1565 0020 00000000 		.4byte	.LFB0
 1566 0024 0C000000 		.4byte	.LFE0-.LFB0
 1567 0028 00000000 		.4byte	.LFB1
 1568 002c 08000000 		.4byte	.LFE1-.LFB1
 1569 0030 00000000 		.4byte	.LFB4
 1570 0034 CC000000 		.4byte	.LFE4-.LFB4
 1571 0038 00000000 		.4byte	.LFB6
 1572 003c 1C000000 		.4byte	.LFE6-.LFB6
 1573 0040 00000000 		.4byte	.LFB7
 1574 0044 BC000000 		.4byte	.LFE7-.LFB7
 1575 0048 00000000 		.4byte	0
 1576 004c 00000000 		.4byte	0
 1577              		.section	.debug_ranges,"",%progbits
 1578              	.Ldebug_ranges0:
 1579 0000 00000000 		.4byte	.LFB3
 1580 0004 02000000 		.4byte	.LFE3
 1581 0008 00000000 		.4byte	.LFB5
 1582 000c 44000000 		.4byte	.LFE5
 1583 0010 00000000 		.4byte	.LFB0
 1584 0014 0C000000 		.4byte	.LFE0
 1585 0018 00000000 		.4byte	.LFB1
 1586 001c 08000000 		.4byte	.LFE1
 1587 0020 00000000 		.4byte	.LFB4
 1588 0024 CC000000 		.4byte	.LFE4
 1589 0028 00000000 		.4byte	.LFB6
 1590 002c 1C000000 		.4byte	.LFE6
 1591 0030 00000000 		.4byte	.LFB7
 1592 0034 BC000000 		.4byte	.LFE7
 1593 0038 00000000 		.4byte	0
 1594 003c 00000000 		.4byte	0
 1595              		.section	.debug_line,"",%progbits
 1596              	.Ldebug_line0:
 1597 0000 B4010000 		.section	.debug_str,"MS",%progbits,1
 1597      0200D800 
 1597      00000201 
 1597      FB0E0D00 
 1597      01010101 
 1598              	.LASF18:
 1599 0000 72656731 		.ascii	"reg16\000"
 1599      3600
 1600              	.LASF42:
 1601 0006 43794465 		.ascii	"CyDelayCycles\000"
 1601      6C617943 
 1601      79636C65 
 1601      7300
 1602              	.LASF11:
 1603 0014 73697A65 		.ascii	"size_t\000"
 1603      5F7400
 1604              	.LASF20:
 1605 001b 416E616C 		.ascii	"AnalogSetDefault\000"
 1605      6F675365 
 1605      74446566 
ARM GAS  C:\Users\user\AppData\Local\Temp\ccK8IGgF.s 			page 36


 1605      61756C74 
 1605      00
 1606              	.LASF27:
 1607 002c 74696D65 		.ascii	"timeout\000"
 1607      6F757400 
 1608              	.LASF36:
 1609 0034 6366675F 		.ascii	"cfg_memset_list\000"
 1609      6D656D73 
 1609      65745F6C 
 1609      69737400 
 1610              	.LASF25:
 1611 0044 436C6F63 		.ascii	"ClockSetup\000"
 1611      6B536574 
 1611      757000
 1612              	.LASF4:
 1613 004f 73686F72 		.ascii	"short unsigned int\000"
 1613      7420756E 
 1613      7369676E 
 1613      65642069 
 1613      6E7400
 1614              	.LASF28:
 1615 0062 706C6C4C 		.ascii	"pllLock\000"
 1615      6F636B00 
 1616              	.LASF15:
 1617 006a 666C6F61 		.ascii	"float\000"
 1617      7400
 1618              	.LASF19:
 1619 0070 4379436C 		.ascii	"CyClockStartupError\000"
 1619      6F636B53 
 1619      74617274 
 1619      75704572 
 1619      726F7200 
 1620              	.LASF24:
 1621 0084 64657374 		.ascii	"dest\000"
 1621      00
 1622              	.LASF34:
 1623 0089 73697A65 		.ascii	"size\000"
 1623      00
 1624              	.LASF17:
 1625 008e 72656738 		.ascii	"reg8\000"
 1625      00
 1626              	.LASF6:
 1627 0093 6C6F6E67 		.ascii	"long unsigned int\000"
 1627      20756E73 
 1627      69676E65 
 1627      6420696E 
 1627      7400
 1628              	.LASF12:
 1629 00a5 75696E74 		.ascii	"uint8\000"
 1629      3800
 1630              	.LASF21:
 1631 00ab 43594D45 		.ascii	"CYMEMZERO\000"
 1631      4D5A4552 
 1631      4F00
 1632              	.LASF31:
 1633 00b5 53657441 		.ascii	"SetAnalogRoutingPumps\000"
 1633      6E616C6F 
ARM GAS  C:\Users\user\AppData\Local\Temp\ccK8IGgF.s 			page 37


 1633      67526F75 
 1633      74696E67 
 1633      50756D70 
 1634              	.LASF2:
 1635 00cb 756E7369 		.ascii	"unsigned char\000"
 1635      676E6564 
 1635      20636861 
 1635      7200
 1636              	.LASF37:
 1637 00d9 6D656D73 		.ascii	"memset\000"
 1637      657400
 1638              	.LASF16:
 1639 00e0 646F7562 		.ascii	"double\000"
 1639      6C6500
 1640              	.LASF32:
 1641 00e7 63796669 		.ascii	"cyfitter_cfg\000"
 1641      74746572 
 1641      5F636667 
 1641      00
 1642              	.LASF13:
 1643 00f4 75696E74 		.ascii	"uint16\000"
 1643      313600
 1644              	.LASF22:
 1645 00fb 6572726F 		.ascii	"errorCode\000"
 1645      72436F64 
 1645      6500
 1646              	.LASF14:
 1647 0105 75696E74 		.ascii	"uint32\000"
 1647      333200
 1648              	.LASF39:
 1649 010c 474E5520 		.ascii	"GNU C 4.9.3 20150303 (release) [ARM/embedded-4_9-br"
 1649      4320342E 
 1649      392E3320 
 1649      32303135 
 1649      30333033 
 1650 013f 616E6368 		.ascii	"anch revision 221220] -mcpu=cortex-m3 -mthumb -g -O"
 1650      20726576 
 1650      6973696F 
 1650      6E203232 
 1650      31323230 
 1651 0172 67202D66 		.ascii	"g -ffunction-sections -ffat-lto-objects\000"
 1651      66756E63 
 1651      74696F6E 
 1651      2D736563 
 1651      74696F6E 
 1652              	.LASF0:
 1653 019a 756E7369 		.ascii	"unsigned int\000"
 1653      676E6564 
 1653      20696E74 
 1653      00
 1654              	.LASF41:
 1655 01a7 443A5C55 		.ascii	"D:\\Utilisateurs\\user\\Documents\\PSoC Creator\\Wo"
 1655      74696C69 
 1655      73617465 
 1655      7572735C 
 1655      75736572 
 1656 01d5 726B7370 		.ascii	"rkspace02\\ASK.cydsn\000"
ARM GAS  C:\Users\user\AppData\Local\Temp\ccK8IGgF.s 			page 38


 1656      61636530 
 1656      325C4153 
 1656      4B2E6379 
 1656      64736E00 
 1657              	.LASF33:
 1658 01e9 61646472 		.ascii	"address\000"
 1658      65737300 
 1659              	.LASF8:
 1660 01f1 6C6F6E67 		.ascii	"long long unsigned int\000"
 1660      206C6F6E 
 1660      6720756E 
 1660      7369676E 
 1660      65642069 
 1661              	.LASF35:
 1662 0208 6366675F 		.ascii	"cfg_memset_t\000"
 1662      6D656D73 
 1662      65745F74 
 1662      00
 1663              	.LASF9:
 1664 0215 73697A65 		.ascii	"sizetype\000"
 1664      74797065 
 1664      00
 1665              	.LASF7:
 1666 021e 6C6F6E67 		.ascii	"long long int\000"
 1666      206C6F6E 
 1666      6720696E 
 1666      7400
 1667              	.LASF38:
 1668 022c 6D656D63 		.ascii	"memcpy\000"
 1668      707900
 1669              	.LASF3:
 1670 0233 73686F72 		.ascii	"short int\000"
 1670      7420696E 
 1670      7400
 1671              	.LASF40:
 1672 023d 2E5C4765 		.ascii	".\\Generated_Source\\PSoC5\\cyfitter_cfg.c\000"
 1672      6E657261 
 1672      7465645F 
 1672      536F7572 
 1672      63655C50 
 1673              	.LASF29:
 1674 0265 656E6162 		.ascii	"enabled\000"
 1674      6C656400 
 1675              	.LASF5:
 1676 026d 6C6F6E67 		.ascii	"long int\000"
 1676      20696E74 
 1676      00
 1677              	.LASF10:
 1678 0276 63686172 		.ascii	"char\000"
 1678      00
 1679              	.LASF26:
 1680 027b 62675F78 		.ascii	"bg_xover_inl_trim\000"
 1680      6F766572 
 1680      5F696E6C 
 1680      5F747269 
 1680      6D00
 1681              	.LASF1:
ARM GAS  C:\Users\user\AppData\Local\Temp\ccK8IGgF.s 			page 39


 1682 028d 7369676E 		.ascii	"signed char\000"
 1682      65642063 
 1682      68617200 
 1683              	.LASF30:
 1684 0299 72656756 		.ascii	"regValue\000"
 1684      616C7565 
 1684      00
 1685              	.LASF23:
 1686 02a2 4359434F 		.ascii	"CYCONFIGCPY\000"
 1686      4E464947 
 1686      43505900 
 1687              		.ident	"GCC: (GNU Tools for ARM Embedded Processors) 4.9.3 20150303 (release) [ARM/embedded-4_9-br
