ARM GAS  C:\Users\user\AppData\Local\Temp\ccnbHDmJ.s 			page 1


   1              		.syntax unified
   2              		.cpu cortex-m3
   3              		.fpu softvfp
   4              		.eabi_attribute 20, 1
   5              		.eabi_attribute 21, 1
   6              		.eabi_attribute 23, 3
   7              		.eabi_attribute 24, 1
   8              		.eabi_attribute 25, 1
   9              		.eabi_attribute 26, 1
  10              		.eabi_attribute 30, 1
  11              		.eabi_attribute 34, 1
  12              		.eabi_attribute 18, 4
  13              		.thumb
  14              		.file	"Mixer_1.c"
  15              		.text
  16              	.Ltext0:
  17              		.cfi_sections	.debug_frame
  18              		.section	.text.Mixer_1_Enable,"ax",%progbits
  19              		.align	2
  20              		.global	Mixer_1_Enable
  21              		.thumb
  22              		.thumb_func
  23              		.type	Mixer_1_Enable, %function
  24              	Mixer_1_Enable:
  25              	.LFB1:
  26              		.file 1 ".\\Generated_Source\\PSoC5\\Mixer_1.c"
   1:.\Generated_Source\PSoC5/Mixer_1.c **** /*******************************************************************************
   2:.\Generated_Source\PSoC5/Mixer_1.c **** * File Name: Mixer_1.c  
   3:.\Generated_Source\PSoC5/Mixer_1.c **** * Version 2.0
   4:.\Generated_Source\PSoC5/Mixer_1.c **** *
   5:.\Generated_Source\PSoC5/Mixer_1.c **** * Description:
   6:.\Generated_Source\PSoC5/Mixer_1.c **** *  This file provides the source code to the API for the MIXER Component.
   7:.\Generated_Source\PSoC5/Mixer_1.c **** *
   8:.\Generated_Source\PSoC5/Mixer_1.c **** * Note:
   9:.\Generated_Source\PSoC5/Mixer_1.c **** *
  10:.\Generated_Source\PSoC5/Mixer_1.c **** *******************************************************************************
  11:.\Generated_Source\PSoC5/Mixer_1.c **** * Copyright 2008-2012, Cypress Semiconductor Corporation.  All rights reserved.
  12:.\Generated_Source\PSoC5/Mixer_1.c **** * You may use this file only in accordance with the license, terms, conditions, 
  13:.\Generated_Source\PSoC5/Mixer_1.c **** * disclaimers, and limitations in the end user license agreement accompanying 
  14:.\Generated_Source\PSoC5/Mixer_1.c **** * the software package with which this file was provided.
  15:.\Generated_Source\PSoC5/Mixer_1.c **** *******************************************************************************/
  16:.\Generated_Source\PSoC5/Mixer_1.c **** 
  17:.\Generated_Source\PSoC5/Mixer_1.c **** #include "Mixer_1.h"
  18:.\Generated_Source\PSoC5/Mixer_1.c **** 
  19:.\Generated_Source\PSoC5/Mixer_1.c **** #if (!CY_PSOC5A)
  20:.\Generated_Source\PSoC5/Mixer_1.c ****     #if (CYDEV_VARIABLE_VDDA == 1u)
  21:.\Generated_Source\PSoC5/Mixer_1.c ****         #include "CyScBoostClk.h"
  22:.\Generated_Source\PSoC5/Mixer_1.c ****     #endif /* (CYDEV_VARIABLE_VDDA == 1u) */
  23:.\Generated_Source\PSoC5/Mixer_1.c **** #endif /* (!CY_PSOC5A) */
  24:.\Generated_Source\PSoC5/Mixer_1.c **** 
  25:.\Generated_Source\PSoC5/Mixer_1.c **** #if (Mixer_1_LO_SOURCE == Mixer_1_LO_SOURCE_INTERNAL)
  26:.\Generated_Source\PSoC5/Mixer_1.c ****     #include "Mixer_1_aclk.h"
  27:.\Generated_Source\PSoC5/Mixer_1.c **** #endif /* Mixer_1_LO_SOURCE */
  28:.\Generated_Source\PSoC5/Mixer_1.c **** 
  29:.\Generated_Source\PSoC5/Mixer_1.c **** /* Fixed configuration of SC Block only performed once */
  30:.\Generated_Source\PSoC5/Mixer_1.c **** uint8 Mixer_1_initVar = 0u;
  31:.\Generated_Source\PSoC5/Mixer_1.c **** 
ARM GAS  C:\Users\user\AppData\Local\Temp\ccnbHDmJ.s 			page 2


  32:.\Generated_Source\PSoC5/Mixer_1.c **** /* Only for PSoC5A */
  33:.\Generated_Source\PSoC5/Mixer_1.c **** #if (CY_PSOC5A)
  34:.\Generated_Source\PSoC5/Mixer_1.c ****     static Mixer_1_backupStruct Mixer_1_P5backup;
  35:.\Generated_Source\PSoC5/Mixer_1.c **** #endif /* CY_PSOC5A */
  36:.\Generated_Source\PSoC5/Mixer_1.c **** 
  37:.\Generated_Source\PSoC5/Mixer_1.c **** 
  38:.\Generated_Source\PSoC5/Mixer_1.c **** /*******************************************************************************
  39:.\Generated_Source\PSoC5/Mixer_1.c **** * Function Name: Mixer_1_Init
  40:.\Generated_Source\PSoC5/Mixer_1.c **** ********************************************************************************
  41:.\Generated_Source\PSoC5/Mixer_1.c **** *
  42:.\Generated_Source\PSoC5/Mixer_1.c **** * Summary:
  43:.\Generated_Source\PSoC5/Mixer_1.c **** *  Initialize component's parameters to the parameters set by user in the 
  44:.\Generated_Source\PSoC5/Mixer_1.c **** *  customizer of the component placed onto schematic. Usually called in 
  45:.\Generated_Source\PSoC5/Mixer_1.c **** *  Mixer_1_Start().
  46:.\Generated_Source\PSoC5/Mixer_1.c **** *
  47:.\Generated_Source\PSoC5/Mixer_1.c **** * Parameters:  
  48:.\Generated_Source\PSoC5/Mixer_1.c **** *  void
  49:.\Generated_Source\PSoC5/Mixer_1.c **** *
  50:.\Generated_Source\PSoC5/Mixer_1.c **** * Return: 
  51:.\Generated_Source\PSoC5/Mixer_1.c **** *  void
  52:.\Generated_Source\PSoC5/Mixer_1.c **** *
  53:.\Generated_Source\PSoC5/Mixer_1.c **** *******************************************************************************/
  54:.\Generated_Source\PSoC5/Mixer_1.c **** void Mixer_1_Init(void) 
  55:.\Generated_Source\PSoC5/Mixer_1.c **** {
  56:.\Generated_Source\PSoC5/Mixer_1.c ****     float LOf = Mixer_1_LO_CLOCK_FREQ;
  57:.\Generated_Source\PSoC5/Mixer_1.c ****     
  58:.\Generated_Source\PSoC5/Mixer_1.c ****     /* Configure SC Block based on selected Mixer type */
  59:.\Generated_Source\PSoC5/Mixer_1.c ****     /* Continuous Time (up) mixer */
  60:.\Generated_Source\PSoC5/Mixer_1.c ****     #if (Mixer_1_MIXER_TYPE == Mixer_1_CTMIXER) 
  61:.\Generated_Source\PSoC5/Mixer_1.c ****         /* SC Block mode -  - SCxx_CR0[3:1] */
  62:.\Generated_Source\PSoC5/Mixer_1.c ****         Mixer_1_CR0_REG = Mixer_1_MODE_CTMIXER;   
  63:.\Generated_Source\PSoC5/Mixer_1.c **** 
  64:.\Generated_Source\PSoC5/Mixer_1.c ****         /* SC Block CR1 */ 
  65:.\Generated_Source\PSoC5/Mixer_1.c ****         Mixer_1_CR1_REG = (Mixer_1_COMP_4P35PF  |
  66:.\Generated_Source\PSoC5/Mixer_1.c ****                                 Mixer_1_DIV2_DISABLE |
  67:.\Generated_Source\PSoC5/Mixer_1.c ****                                 Mixer_1_GAIN_0DB);                                 
  68:.\Generated_Source\PSoC5/Mixer_1.c **** 
  69:.\Generated_Source\PSoC5/Mixer_1.c ****         /* 
  70:.\Generated_Source\PSoC5/Mixer_1.c ****             Set SC Block resistor values based on Local Oscillator being above 
  71:.\Generated_Source\PSoC5/Mixer_1.c ****             or below 100kHz - controled by r20_40 (Rmix) bit for CT mode mixer
  72:.\Generated_Source\PSoC5/Mixer_1.c ****             and SC Block
  73:.\Generated_Source\PSoC5/Mixer_1.c ****         */
  74:.\Generated_Source\PSoC5/Mixer_1.c **** 
  75:.\Generated_Source\PSoC5/Mixer_1.c ****         if (LOf < Mixer_1_LO_CLOCK_FREQ_100_KHz)
  76:.\Generated_Source\PSoC5/Mixer_1.c ****         {
  77:.\Generated_Source\PSoC5/Mixer_1.c ****             Mixer_1_CR2_REG = (Mixer_1_BIAS_LOW |
  78:.\Generated_Source\PSoC5/Mixer_1.c **** 										Mixer_1_REDC_01 |
  79:.\Generated_Source\PSoC5/Mixer_1.c **** 										Mixer_1_GNDVREF_DI |
  80:.\Generated_Source\PSoC5/Mixer_1.c **** 										Mixer_1_R20_40B_40K);
  81:.\Generated_Source\PSoC5/Mixer_1.c ****         }
  82:.\Generated_Source\PSoC5/Mixer_1.c ****         else
  83:.\Generated_Source\PSoC5/Mixer_1.c ****         {
  84:.\Generated_Source\PSoC5/Mixer_1.c ****             Mixer_1_CR2_REG = (Mixer_1_BIAS_LOW |
  85:.\Generated_Source\PSoC5/Mixer_1.c **** 										Mixer_1_REDC_01 |
  86:.\Generated_Source\PSoC5/Mixer_1.c **** 										Mixer_1_GNDVREF_DI |
  87:.\Generated_Source\PSoC5/Mixer_1.c **** 										Mixer_1_R20_40B_20K);
  88:.\Generated_Source\PSoC5/Mixer_1.c ****         }
ARM GAS  C:\Users\user\AppData\Local\Temp\ccnbHDmJ.s 			page 3


  89:.\Generated_Source\PSoC5/Mixer_1.c ****     #else
  90:.\Generated_Source\PSoC5/Mixer_1.c ****         /* Discrete Time (down) mixer */
  91:.\Generated_Source\PSoC5/Mixer_1.c ****         /* SC Block mode -  - SCxx_CR0[3:1] */
  92:.\Generated_Source\PSoC5/Mixer_1.c ****         Mixer_1_CR0_REG = Mixer_1_MODE_DTMIXER;       
  93:.\Generated_Source\PSoC5/Mixer_1.c **** 
  94:.\Generated_Source\PSoC5/Mixer_1.c ****         /* SC Block CR1 */ 
  95:.\Generated_Source\PSoC5/Mixer_1.c ****         Mixer_1_CR1_REG = (Mixer_1_COMP_4P35PF  |
  96:.\Generated_Source\PSoC5/Mixer_1.c ****                                 Mixer_1_DIV2_ENABLE |
  97:.\Generated_Source\PSoC5/Mixer_1.c ****                                 Mixer_1_GAIN_0DB);
  98:.\Generated_Source\PSoC5/Mixer_1.c **** 
  99:.\Generated_Source\PSoC5/Mixer_1.c ****         /* 
 100:.\Generated_Source\PSoC5/Mixer_1.c ****             Set SC Block resistor values based on Local Oscillator beign above 
 101:.\Generated_Source\PSoC5/Mixer_1.c ****             or below 100kHz - set r20_40 (input resitance) and rval (feedback) 
 102:.\Generated_Source\PSoC5/Mixer_1.c ****             resistor values seperately for DT mode and SC Block
 103:.\Generated_Source\PSoC5/Mixer_1.c ****         */
 104:.\Generated_Source\PSoC5/Mixer_1.c ****         if (LOf < Mixer_1_LO_CLOCK_FREQ_100_KHz)
 105:.\Generated_Source\PSoC5/Mixer_1.c ****         {
 106:.\Generated_Source\PSoC5/Mixer_1.c ****             Mixer_1_CR2_REG = (Mixer_1_BIAS_LOW |
 107:.\Generated_Source\PSoC5/Mixer_1.c **** 										Mixer_1_GNDVREF_DI |
 108:.\Generated_Source\PSoC5/Mixer_1.c **** 										Mixer_1_R20_40B_40K |
 109:.\Generated_Source\PSoC5/Mixer_1.c **** 										Mixer_1_RVAL_40K); 
 110:.\Generated_Source\PSoC5/Mixer_1.c ****         }
 111:.\Generated_Source\PSoC5/Mixer_1.c ****         else
 112:.\Generated_Source\PSoC5/Mixer_1.c ****         {
 113:.\Generated_Source\PSoC5/Mixer_1.c ****             Mixer_1_CR2_REG = (Mixer_1_BIAS_LOW |
 114:.\Generated_Source\PSoC5/Mixer_1.c **** 										Mixer_1_GNDVREF_DI |
 115:.\Generated_Source\PSoC5/Mixer_1.c **** 										Mixer_1_R20_40B_20K |
 116:.\Generated_Source\PSoC5/Mixer_1.c **** 										Mixer_1_RVAL_20K);
 117:.\Generated_Source\PSoC5/Mixer_1.c ****         }
 118:.\Generated_Source\PSoC5/Mixer_1.c ****     #endif /* end if - Mixer Type */
 119:.\Generated_Source\PSoC5/Mixer_1.c **** 
 120:.\Generated_Source\PSoC5/Mixer_1.c ****     /* Enable SC Block clocking */
 121:.\Generated_Source\PSoC5/Mixer_1.c ****     Mixer_1_CLK_REG |= Mixer_1_CLK_EN;
 122:.\Generated_Source\PSoC5/Mixer_1.c **** 
 123:.\Generated_Source\PSoC5/Mixer_1.c ****     /* Set default power */
 124:.\Generated_Source\PSoC5/Mixer_1.c ****     Mixer_1_SetPower(Mixer_1_INIT_POWER);
 125:.\Generated_Source\PSoC5/Mixer_1.c ****     
 126:.\Generated_Source\PSoC5/Mixer_1.c ****     /* Set 50 % Duty cycle for LO clock if LO source is internal */
 127:.\Generated_Source\PSoC5/Mixer_1.c ****     #if(Mixer_1_LO_SOURCE == Mixer_1_LO_SOURCE_INTERNAL)
 128:.\Generated_Source\PSoC5/Mixer_1.c ****         Mixer_1_aclk_SetMode(CYCLK_DUTY);
 129:.\Generated_Source\PSoC5/Mixer_1.c ****     #endif /* Mixer_1_LO_SOURCE == Mixer_1_LO_SOURCE_INTERNAL */
 130:.\Generated_Source\PSoC5/Mixer_1.c **** 
 131:.\Generated_Source\PSoC5/Mixer_1.c **** }
 132:.\Generated_Source\PSoC5/Mixer_1.c **** 
 133:.\Generated_Source\PSoC5/Mixer_1.c **** 
 134:.\Generated_Source\PSoC5/Mixer_1.c **** /*******************************************************************************
 135:.\Generated_Source\PSoC5/Mixer_1.c **** * Function Name: Mixer_1_Enable
 136:.\Generated_Source\PSoC5/Mixer_1.c **** ********************************************************************************
 137:.\Generated_Source\PSoC5/Mixer_1.c **** *  
 138:.\Generated_Source\PSoC5/Mixer_1.c **** * Summary: 
 139:.\Generated_Source\PSoC5/Mixer_1.c **** *  Enables the Mixer block operation
 140:.\Generated_Source\PSoC5/Mixer_1.c **** *
 141:.\Generated_Source\PSoC5/Mixer_1.c **** * Parameters:  
 142:.\Generated_Source\PSoC5/Mixer_1.c **** *  void
 143:.\Generated_Source\PSoC5/Mixer_1.c **** *
 144:.\Generated_Source\PSoC5/Mixer_1.c **** * Return: 
 145:.\Generated_Source\PSoC5/Mixer_1.c **** *  void
ARM GAS  C:\Users\user\AppData\Local\Temp\ccnbHDmJ.s 			page 4


 146:.\Generated_Source\PSoC5/Mixer_1.c **** *
 147:.\Generated_Source\PSoC5/Mixer_1.c **** *******************************************************************************/
 148:.\Generated_Source\PSoC5/Mixer_1.c **** void Mixer_1_Enable(void) 
 149:.\Generated_Source\PSoC5/Mixer_1.c **** {
  27              		.loc 1 149 0
  28              		.cfi_startproc
  29              		@ args = 0, pretend = 0, frame = 0
  30              		@ frame_needed = 0, uses_anonymous_args = 0
  31 0000 08B5     		push	{r3, lr}
  32              		.cfi_def_cfa_offset 8
  33              		.cfi_offset 3, -8
  34              		.cfi_offset 14, -4
 150:.\Generated_Source\PSoC5/Mixer_1.c ****     /* This is to restore the value of register CR1 and CR2 which is saved 
 151:.\Generated_Source\PSoC5/Mixer_1.c ****       in prior to the modifications in stop() API */
 152:.\Generated_Source\PSoC5/Mixer_1.c ****     #if (CY_PSOC5A)
 153:.\Generated_Source\PSoC5/Mixer_1.c ****         if(Mixer_1_P5backup.enableState == 1u)
 154:.\Generated_Source\PSoC5/Mixer_1.c ****         {
 155:.\Generated_Source\PSoC5/Mixer_1.c ****             Mixer_1_CR1_REG = Mixer_1_P5backup.scCR1Reg;
 156:.\Generated_Source\PSoC5/Mixer_1.c ****             Mixer_1_CR2_REG = Mixer_1_P5backup.scCR2Reg;
 157:.\Generated_Source\PSoC5/Mixer_1.c ****             Mixer_1_P5backup.enableState = 0u;
 158:.\Generated_Source\PSoC5/Mixer_1.c ****         }
 159:.\Generated_Source\PSoC5/Mixer_1.c ****     #endif /* CY_PSOC5A */
 160:.\Generated_Source\PSoC5/Mixer_1.c ****     
 161:.\Generated_Source\PSoC5/Mixer_1.c ****     /* Enable power to SC block in active mode */
 162:.\Generated_Source\PSoC5/Mixer_1.c ****     Mixer_1_PM_ACT_CFG_REG |= Mixer_1_ACT_PWR_EN;
  35              		.loc 1 162 0
  36 0002 0E4A     		ldr	r2, .L3
  37 0004 1378     		ldrb	r3, [r2]	@ zero_extendqisi2
  38 0006 43F00803 		orr	r3, r3, #8
  39 000a 1370     		strb	r3, [r2]
 163:.\Generated_Source\PSoC5/Mixer_1.c **** 
 164:.\Generated_Source\PSoC5/Mixer_1.c ****     /* Enable power to SC block in Alternative active mode */
 165:.\Generated_Source\PSoC5/Mixer_1.c ****     Mixer_1_PM_STBY_CFG_REG |= Mixer_1_STBY_PWR_EN;
  40              		.loc 1 165 0
  41 000c 1032     		adds	r2, r2, #16
  42 000e 1378     		ldrb	r3, [r2]	@ zero_extendqisi2
  43 0010 43F00803 		orr	r3, r3, #8
  44 0014 1370     		strb	r3, [r2]
 166:.\Generated_Source\PSoC5/Mixer_1.c ****     
 167:.\Generated_Source\PSoC5/Mixer_1.c ****     /* Enable LO_Internal clock if LO source is choosen as internal */
 168:.\Generated_Source\PSoC5/Mixer_1.c ****     #if(Mixer_1_LO_SOURCE == Mixer_1_LO_SOURCE_INTERNAL)
 169:.\Generated_Source\PSoC5/Mixer_1.c ****         /* Enable power to the LO clock */
 170:.\Generated_Source\PSoC5/Mixer_1.c ****         Mixer_1_PWRMGR_ACLK_REG |= Mixer_1_ACT_PWR_ACLK_EN;        
  45              		.loc 1 170 0
  46 0016 183A     		subs	r2, r2, #24
  47 0018 1378     		ldrb	r3, [r2]	@ zero_extendqisi2
  48 001a 43F00103 		orr	r3, r3, #1
  49 001e 1370     		strb	r3, [r2]
 171:.\Generated_Source\PSoC5/Mixer_1.c ****         Mixer_1_STBY_PWRMGR_ACLK_REG |= Mixer_1_STBY_PWR_ACLK_EN;
  50              		.loc 1 171 0
  51 0020 1032     		adds	r2, r2, #16
  52 0022 1378     		ldrb	r3, [r2]	@ zero_extendqisi2
  53 0024 43F00103 		orr	r3, r3, #1
  54 0028 1370     		strb	r3, [r2]
 172:.\Generated_Source\PSoC5/Mixer_1.c ****         /* Enable the clock */
 173:.\Generated_Source\PSoC5/Mixer_1.c ****         Mixer_1_aclk_Enable();        
  55              		.loc 1 173 0
ARM GAS  C:\Users\user\AppData\Local\Temp\ccnbHDmJ.s 			page 5


  56 002a FFF7FEFF 		bl	Mixer_1_aclk_Start
  57              	.LVL0:
 174:.\Generated_Source\PSoC5/Mixer_1.c ****     #endif /* Mixer_1_LO_SOURCE == Mixer_1_LO_SOURCE_INTERNAL */
 175:.\Generated_Source\PSoC5/Mixer_1.c **** 
 176:.\Generated_Source\PSoC5/Mixer_1.c ****     Mixer_1_PUMP_CR1_REG |= Mixer_1_PUMP_CR1_SC_CLKSEL;
  58              		.loc 1 176 0
  59 002e 044A     		ldr	r2, .L3+4
  60 0030 1378     		ldrb	r3, [r2]	@ zero_extendqisi2
  61 0032 43F08003 		orr	r3, r3, #128
  62 0036 1370     		strb	r3, [r2]
  63 0038 08BD     		pop	{r3, pc}
  64              	.L4:
  65 003a 00BF     		.align	2
  66              	.L3:
  67 003c A9430040 		.word	1073759145
  68 0040 77580040 		.word	1073764471
  69              		.cfi_endproc
  70              	.LFE1:
  71              		.size	Mixer_1_Enable, .-Mixer_1_Enable
  72              		.section	.text.Mixer_1_Stop,"ax",%progbits
  73              		.align	2
  74              		.global	Mixer_1_Stop
  75              		.thumb
  76              		.thumb_func
  77              		.type	Mixer_1_Stop, %function
  78              	Mixer_1_Stop:
  79              	.LFB3:
 177:.\Generated_Source\PSoC5/Mixer_1.c ****     
 178:.\Generated_Source\PSoC5/Mixer_1.c ****     #if (!CY_PSOC5A)
 179:.\Generated_Source\PSoC5/Mixer_1.c ****         #if (CYDEV_VARIABLE_VDDA == 1u)
 180:.\Generated_Source\PSoC5/Mixer_1.c ****             if(CyScPumpEnabled == 1u)
 181:.\Generated_Source\PSoC5/Mixer_1.c ****             {
 182:.\Generated_Source\PSoC5/Mixer_1.c ****                 Mixer_1_BSTCLK_REG &= (uint8)(~Mixer_1_BST_CLK_INDEX_MASK);
 183:.\Generated_Source\PSoC5/Mixer_1.c ****                 Mixer_1_BSTCLK_REG |= Mixer_1_BST_CLK_EN | CyScBoostClk__INDEX;
 184:.\Generated_Source\PSoC5/Mixer_1.c ****                 Mixer_1_SC_MISC_REG |= Mixer_1_PUMP_FORCE;
 185:.\Generated_Source\PSoC5/Mixer_1.c ****                 CyScBoostClk_Start();
 186:.\Generated_Source\PSoC5/Mixer_1.c ****             }
 187:.\Generated_Source\PSoC5/Mixer_1.c ****             else
 188:.\Generated_Source\PSoC5/Mixer_1.c ****             {
 189:.\Generated_Source\PSoC5/Mixer_1.c ****                 Mixer_1_BSTCLK_REG &= (uint8)(~Mixer_1_BST_CLK_EN);
 190:.\Generated_Source\PSoC5/Mixer_1.c ****                 Mixer_1_SC_MISC_REG &= (uint8)(~Mixer_1_PUMP_FORCE);
 191:.\Generated_Source\PSoC5/Mixer_1.c ****             }
 192:.\Generated_Source\PSoC5/Mixer_1.c ****         #endif /* (CYDEV_VARIABLE_VDDA == 1u) */
 193:.\Generated_Source\PSoC5/Mixer_1.c ****     #endif /* (!CY_PSOC5A) */
 194:.\Generated_Source\PSoC5/Mixer_1.c **** }
 195:.\Generated_Source\PSoC5/Mixer_1.c **** 
 196:.\Generated_Source\PSoC5/Mixer_1.c **** 
 197:.\Generated_Source\PSoC5/Mixer_1.c **** /*******************************************************************************
 198:.\Generated_Source\PSoC5/Mixer_1.c **** * Function Name: Mixer_1_Start
 199:.\Generated_Source\PSoC5/Mixer_1.c **** ********************************************************************************
 200:.\Generated_Source\PSoC5/Mixer_1.c **** *
 201:.\Generated_Source\PSoC5/Mixer_1.c **** * Summary:
 202:.\Generated_Source\PSoC5/Mixer_1.c **** *  The start function initializes the SC block control registers based on the
 203:.\Generated_Source\PSoC5/Mixer_1.c **** *  Mixer type selected and and enables power to the SC block
 204:.\Generated_Source\PSoC5/Mixer_1.c **** *
 205:.\Generated_Source\PSoC5/Mixer_1.c **** * Parameters:  
 206:.\Generated_Source\PSoC5/Mixer_1.c **** *  void
ARM GAS  C:\Users\user\AppData\Local\Temp\ccnbHDmJ.s 			page 6


 207:.\Generated_Source\PSoC5/Mixer_1.c **** *
 208:.\Generated_Source\PSoC5/Mixer_1.c **** * Return: 
 209:.\Generated_Source\PSoC5/Mixer_1.c **** *  void 
 210:.\Generated_Source\PSoC5/Mixer_1.c **** *
 211:.\Generated_Source\PSoC5/Mixer_1.c **** * Global variables:
 212:.\Generated_Source\PSoC5/Mixer_1.c **** *  Mixer_1_initVar:  Used to check the initial configuration,
 213:.\Generated_Source\PSoC5/Mixer_1.c **** *  modified when this function is called for the first time.
 214:.\Generated_Source\PSoC5/Mixer_1.c **** *
 215:.\Generated_Source\PSoC5/Mixer_1.c **** * Theory: 
 216:.\Generated_Source\PSoC5/Mixer_1.c **** *  Full initialization of the SC Block configuration registers is only perfomed 
 217:.\Generated_Source\PSoC5/Mixer_1.c **** *  the first time the routine executes - global variable 
 218:.\Generated_Source\PSoC5/Mixer_1.c **** *  Mixer_1_initVar is used indicate that the static configuration has 
 219:.\Generated_Source\PSoC5/Mixer_1.c **** *  been completed.
 220:.\Generated_Source\PSoC5/Mixer_1.c **** *
 221:.\Generated_Source\PSoC5/Mixer_1.c **** *******************************************************************************/
 222:.\Generated_Source\PSoC5/Mixer_1.c **** void Mixer_1_Start(void) 
 223:.\Generated_Source\PSoC5/Mixer_1.c **** {
 224:.\Generated_Source\PSoC5/Mixer_1.c ****     /* If not Initialized then initialize all required hardware and software */
 225:.\Generated_Source\PSoC5/Mixer_1.c ****     if(Mixer_1_initVar == 0u)
 226:.\Generated_Source\PSoC5/Mixer_1.c ****     {
 227:.\Generated_Source\PSoC5/Mixer_1.c ****         Mixer_1_Init();
 228:.\Generated_Source\PSoC5/Mixer_1.c ****         Mixer_1_initVar = 1u;
 229:.\Generated_Source\PSoC5/Mixer_1.c ****     }
 230:.\Generated_Source\PSoC5/Mixer_1.c ****     /* Enable the power to the block */
 231:.\Generated_Source\PSoC5/Mixer_1.c ****     Mixer_1_Enable();
 232:.\Generated_Source\PSoC5/Mixer_1.c ****     
 233:.\Generated_Source\PSoC5/Mixer_1.c **** }
 234:.\Generated_Source\PSoC5/Mixer_1.c **** 
 235:.\Generated_Source\PSoC5/Mixer_1.c **** 
 236:.\Generated_Source\PSoC5/Mixer_1.c **** /*******************************************************************************
 237:.\Generated_Source\PSoC5/Mixer_1.c **** * Function Name: Mixer_1_Stop
 238:.\Generated_Source\PSoC5/Mixer_1.c **** ********************************************************************************
 239:.\Generated_Source\PSoC5/Mixer_1.c **** *
 240:.\Generated_Source\PSoC5/Mixer_1.c **** * Summary:
 241:.\Generated_Source\PSoC5/Mixer_1.c **** *  Disables power to SC block.
 242:.\Generated_Source\PSoC5/Mixer_1.c **** *
 243:.\Generated_Source\PSoC5/Mixer_1.c **** * Parameters:  
 244:.\Generated_Source\PSoC5/Mixer_1.c **** *  void 
 245:.\Generated_Source\PSoC5/Mixer_1.c **** *
 246:.\Generated_Source\PSoC5/Mixer_1.c **** * Return: 
 247:.\Generated_Source\PSoC5/Mixer_1.c **** *  void 
 248:.\Generated_Source\PSoC5/Mixer_1.c **** *
 249:.\Generated_Source\PSoC5/Mixer_1.c **** *******************************************************************************/
 250:.\Generated_Source\PSoC5/Mixer_1.c **** void Mixer_1_Stop(void) 
 251:.\Generated_Source\PSoC5/Mixer_1.c **** {       
  80              		.loc 1 251 0
  81              		.cfi_startproc
  82              		@ args = 0, pretend = 0, frame = 0
  83              		@ frame_needed = 0, uses_anonymous_args = 0
  84 0000 08B5     		push	{r3, lr}
  85              		.cfi_def_cfa_offset 8
  86              		.cfi_offset 3, -8
  87              		.cfi_offset 14, -4
 252:.\Generated_Source\PSoC5/Mixer_1.c ****     /* Disble power to the Amp in Active mode template */
 253:.\Generated_Source\PSoC5/Mixer_1.c ****     Mixer_1_PM_ACT_CFG_REG &= (uint8)(~Mixer_1_ACT_PWR_EN);
  88              		.loc 1 253 0
  89 0002 0B4A     		ldr	r2, .L7
ARM GAS  C:\Users\user\AppData\Local\Temp\ccnbHDmJ.s 			page 7


  90 0004 1378     		ldrb	r3, [r2]	@ zero_extendqisi2
  91 0006 03F0F703 		and	r3, r3, #247
  92 000a 1370     		strb	r3, [r2]
 254:.\Generated_Source\PSoC5/Mixer_1.c **** 
 255:.\Generated_Source\PSoC5/Mixer_1.c ****     /* Disble power to the Amp in Alternative Active mode template */
 256:.\Generated_Source\PSoC5/Mixer_1.c ****     Mixer_1_PM_STBY_CFG_REG &= (uint8)(~Mixer_1_STBY_PWR_EN);
  93              		.loc 1 256 0
  94 000c 1032     		adds	r2, r2, #16
  95 000e 1378     		ldrb	r3, [r2]	@ zero_extendqisi2
  96 0010 03F0F703 		and	r3, r3, #247
  97 0014 1370     		strb	r3, [r2]
 257:.\Generated_Source\PSoC5/Mixer_1.c ****     
 258:.\Generated_Source\PSoC5/Mixer_1.c ****     #if (!CY_PSOC5A)
 259:.\Generated_Source\PSoC5/Mixer_1.c ****         #if (CYDEV_VARIABLE_VDDA == 1u)
 260:.\Generated_Source\PSoC5/Mixer_1.c ****             Mixer_1_BSTCLK_REG &= (uint8)(~Mixer_1_BST_CLK_EN);
 261:.\Generated_Source\PSoC5/Mixer_1.c ****             /* Disable pumps only if there aren't any SC block in use */
 262:.\Generated_Source\PSoC5/Mixer_1.c ****             if ((Mixer_1_PM_ACT_CFG_REG & Mixer_1_PM_ACT_CFG_MASK) == 0u)
 263:.\Generated_Source\PSoC5/Mixer_1.c ****             {
 264:.\Generated_Source\PSoC5/Mixer_1.c ****                 Mixer_1_SC_MISC_REG &= (uint8)(~Mixer_1_PUMP_FORCE);
 265:.\Generated_Source\PSoC5/Mixer_1.c ****                 Mixer_1_PUMP_CR1_REG &= (uint8)(~Mixer_1_PUMP_CR1_SC_CLKSEL);
 266:.\Generated_Source\PSoC5/Mixer_1.c ****                 CyScBoostClk_Stop();
 267:.\Generated_Source\PSoC5/Mixer_1.c ****             }
 268:.\Generated_Source\PSoC5/Mixer_1.c ****         #endif /* CYDEV_VARIABLE_VDDA == 1u */
 269:.\Generated_Source\PSoC5/Mixer_1.c ****     #endif /* (CY_PSOC3 || CY_PSOC5LP) */
 270:.\Generated_Source\PSoC5/Mixer_1.c ****     
 271:.\Generated_Source\PSoC5/Mixer_1.c ****     /* This sets Sample and hold in zero current mode and output routes are valid */
 272:.\Generated_Source\PSoC5/Mixer_1.c ****     #if (CY_PSOC5A)
 273:.\Generated_Source\PSoC5/Mixer_1.c ****         Mixer_1_P5backup.scCR1Reg = Mixer_1_CR1_REG;
 274:.\Generated_Source\PSoC5/Mixer_1.c ****         Mixer_1_P5backup.scCR2Reg = Mixer_1_CR2_REG;
 275:.\Generated_Source\PSoC5/Mixer_1.c ****         Mixer_1_CR1_REG = 0x00u;
 276:.\Generated_Source\PSoC5/Mixer_1.c ****         Mixer_1_CR2_REG = 0x00u;
 277:.\Generated_Source\PSoC5/Mixer_1.c ****         Mixer_1_P5backup.enableState = 1u;
 278:.\Generated_Source\PSoC5/Mixer_1.c ****     #endif /* CY_PSOC5A */  
 279:.\Generated_Source\PSoC5/Mixer_1.c ****     
 280:.\Generated_Source\PSoC5/Mixer_1.c ****     /* Disable aclk */
 281:.\Generated_Source\PSoC5/Mixer_1.c ****     #if(Mixer_1_LO_SOURCE == Mixer_1_LO_SOURCE_INTERNAL)
 282:.\Generated_Source\PSoC5/Mixer_1.c ****         /* Disable power to clock */
 283:.\Generated_Source\PSoC5/Mixer_1.c ****         Mixer_1_PWRMGR_ACLK_REG &= (uint8)(~Mixer_1_ACT_PWR_ACLK_EN);
  98              		.loc 1 283 0
  99 0016 183A     		subs	r2, r2, #24
 100 0018 1378     		ldrb	r3, [r2]	@ zero_extendqisi2
 101 001a 03F0FE03 		and	r3, r3, #254
 102 001e 1370     		strb	r3, [r2]
 284:.\Generated_Source\PSoC5/Mixer_1.c ****         Mixer_1_STBY_PWRMGR_ACLK_REG &= (uint8)(~Mixer_1_STBY_PWR_ACLK_EN);
 103              		.loc 1 284 0
 104 0020 1032     		adds	r2, r2, #16
 105 0022 1378     		ldrb	r3, [r2]	@ zero_extendqisi2
 106 0024 03F0FE03 		and	r3, r3, #254
 107 0028 1370     		strb	r3, [r2]
 285:.\Generated_Source\PSoC5/Mixer_1.c ****         /* Disable the clock */
 286:.\Generated_Source\PSoC5/Mixer_1.c ****         Mixer_1_aclk_Disable();
 108              		.loc 1 286 0
 109 002a FFF7FEFF 		bl	Mixer_1_aclk_Stop
 110              	.LVL1:
 111 002e 08BD     		pop	{r3, pc}
 112              	.L8:
 113              		.align	2
ARM GAS  C:\Users\user\AppData\Local\Temp\ccnbHDmJ.s 			page 8


 114              	.L7:
 115 0030 A9430040 		.word	1073759145
 116              		.cfi_endproc
 117              	.LFE3:
 118              		.size	Mixer_1_Stop, .-Mixer_1_Stop
 119              		.section	.text.Mixer_1_SetPower,"ax",%progbits
 120              		.align	2
 121              		.global	Mixer_1_SetPower
 122              		.thumb
 123              		.thumb_func
 124              		.type	Mixer_1_SetPower, %function
 125              	Mixer_1_SetPower:
 126              	.LFB4:
 287:.\Generated_Source\PSoC5/Mixer_1.c ****     #endif /* Mixer_1_LO_SOURCE == Mixer_1_LO_SOURCE_INTERNAL */
 288:.\Generated_Source\PSoC5/Mixer_1.c **** }
 289:.\Generated_Source\PSoC5/Mixer_1.c **** 
 290:.\Generated_Source\PSoC5/Mixer_1.c **** 
 291:.\Generated_Source\PSoC5/Mixer_1.c **** /*******************************************************************************
 292:.\Generated_Source\PSoC5/Mixer_1.c **** * Function Name: Mixer_1_SetPower
 293:.\Generated_Source\PSoC5/Mixer_1.c **** ********************************************************************************
 294:.\Generated_Source\PSoC5/Mixer_1.c **** *
 295:.\Generated_Source\PSoC5/Mixer_1.c **** * Summary:
 296:.\Generated_Source\PSoC5/Mixer_1.c **** *  Set the drive power of the MIXER
 297:.\Generated_Source\PSoC5/Mixer_1.c **** *
 298:.\Generated_Source\PSoC5/Mixer_1.c **** * Parameters:  
 299:.\Generated_Source\PSoC5/Mixer_1.c **** *  power:  Sets power level between (0) and (3) high power
 300:.\Generated_Source\PSoC5/Mixer_1.c **** *
 301:.\Generated_Source\PSoC5/Mixer_1.c **** * Return: 
 302:.\Generated_Source\PSoC5/Mixer_1.c **** *  void 
 303:.\Generated_Source\PSoC5/Mixer_1.c **** *
 304:.\Generated_Source\PSoC5/Mixer_1.c **** *******************************************************************************/
 305:.\Generated_Source\PSoC5/Mixer_1.c **** void Mixer_1_SetPower(uint8 power) 
 306:.\Generated_Source\PSoC5/Mixer_1.c **** {
 127              		.loc 1 306 0
 128              		.cfi_startproc
 129              		@ args = 0, pretend = 0, frame = 0
 130              		@ frame_needed = 0, uses_anonymous_args = 0
 131              		@ link register save eliminated.
 132              	.LVL2:
 307:.\Generated_Source\PSoC5/Mixer_1.c ****     uint8 tmpCR;
 308:.\Generated_Source\PSoC5/Mixer_1.c **** 
 309:.\Generated_Source\PSoC5/Mixer_1.c ****     /* Sets drive bits in SC Block Control Register 1:  SCxx_CR[1:0] */    
 310:.\Generated_Source\PSoC5/Mixer_1.c ****     tmpCR = Mixer_1_CR1_REG & (uint8)(~Mixer_1_DRIVE_MASK);
 133              		.loc 1 310 0
 134 0000 044A     		ldr	r2, .L10
 135 0002 1378     		ldrb	r3, [r2]	@ zero_extendqisi2
 136 0004 03F0FC03 		and	r3, r3, #252
 137              	.LVL3:
 311:.\Generated_Source\PSoC5/Mixer_1.c ****     tmpCR |= (power & Mixer_1_DRIVE_MASK);
 138              		.loc 1 311 0
 139 0008 00F00300 		and	r0, r0, #3
 140              	.LVL4:
 141 000c 1843     		orrs	r0, r0, r3
 142              	.LVL5:
 312:.\Generated_Source\PSoC5/Mixer_1.c ****     Mixer_1_CR1_REG = tmpCR;  
 143              		.loc 1 312 0
 144 000e 1070     		strb	r0, [r2]
ARM GAS  C:\Users\user\AppData\Local\Temp\ccnbHDmJ.s 			page 9


 145 0010 7047     		bx	lr
 146              	.L11:
 147 0012 00BF     		.align	2
 148              	.L10:
 149 0014 0D580040 		.word	1073764365
 150              		.cfi_endproc
 151              	.LFE4:
 152              		.size	Mixer_1_SetPower, .-Mixer_1_SetPower
 153              		.section	.text.Mixer_1_Init,"ax",%progbits
 154              		.align	2
 155              		.global	Mixer_1_Init
 156              		.thumb
 157              		.thumb_func
 158              		.type	Mixer_1_Init, %function
 159              	Mixer_1_Init:
 160              	.LFB0:
  55:.\Generated_Source\PSoC5/Mixer_1.c ****     float LOf = Mixer_1_LO_CLOCK_FREQ;
 161              		.loc 1 55 0
 162              		.cfi_startproc
 163              		@ args = 0, pretend = 0, frame = 0
 164              		@ frame_needed = 0, uses_anonymous_args = 0
 165 0000 08B5     		push	{r3, lr}
 166              		.cfi_def_cfa_offset 8
 167              		.cfi_offset 3, -8
 168              		.cfi_offset 14, -4
 169              	.LVL6:
  62:.\Generated_Source\PSoC5/Mixer_1.c **** 
 170              		.loc 1 62 0
 171 0002 0422     		movs	r2, #4
 172 0004 094B     		ldr	r3, .L14
 173 0006 1A70     		strb	r2, [r3]
  65:.\Generated_Source\PSoC5/Mixer_1.c ****                                 Mixer_1_DIV2_DISABLE |
 174              		.loc 1 65 0
 175 0008 0822     		movs	r2, #8
 176 000a 0133     		adds	r3, r3, #1
 177 000c 1A70     		strb	r2, [r3]
  84:.\Generated_Source\PSoC5/Mixer_1.c **** 										Mixer_1_REDC_01 |
 178              		.loc 1 84 0
 179 000e 0722     		movs	r2, #7
 180 0010 0133     		adds	r3, r3, #1
 181 0012 1A70     		strb	r2, [r3]
 121:.\Generated_Source\PSoC5/Mixer_1.c **** 
 182              		.loc 1 121 0
 183 0014 064A     		ldr	r2, .L14+4
 184 0016 1378     		ldrb	r3, [r2]	@ zero_extendqisi2
 185 0018 43F00803 		orr	r3, r3, #8
 186 001c 1370     		strb	r3, [r2]
 124:.\Generated_Source\PSoC5/Mixer_1.c ****     
 187              		.loc 1 124 0
 188 001e 0220     		movs	r0, #2
 189 0020 FFF7FEFF 		bl	Mixer_1_SetPower
 190              	.LVL7:
 128:.\Generated_Source\PSoC5/Mixer_1.c ****     #endif /* Mixer_1_LO_SOURCE == Mixer_1_LO_SOURCE_INTERNAL */
 191              		.loc 1 128 0
 192 0024 1020     		movs	r0, #16
 193 0026 FFF7FEFF 		bl	Mixer_1_aclk_SetModeRegister
 194              	.LVL8:
ARM GAS  C:\Users\user\AppData\Local\Temp\ccnbHDmJ.s 			page 10


 195 002a 08BD     		pop	{r3, pc}
 196              	.L15:
 197              		.align	2
 198              	.L14:
 199 002c 0C580040 		.word	1073764364
 200 0030 3B5A0040 		.word	1073764923
 201              		.cfi_endproc
 202              	.LFE0:
 203              		.size	Mixer_1_Init, .-Mixer_1_Init
 204              		.section	.text.Mixer_1_Start,"ax",%progbits
 205              		.align	2
 206              		.global	Mixer_1_Start
 207              		.thumb
 208              		.thumb_func
 209              		.type	Mixer_1_Start, %function
 210              	Mixer_1_Start:
 211              	.LFB2:
 223:.\Generated_Source\PSoC5/Mixer_1.c ****     /* If not Initialized then initialize all required hardware and software */
 212              		.loc 1 223 0
 213              		.cfi_startproc
 214              		@ args = 0, pretend = 0, frame = 0
 215              		@ frame_needed = 0, uses_anonymous_args = 0
 216 0000 08B5     		push	{r3, lr}
 217              		.cfi_def_cfa_offset 8
 218              		.cfi_offset 3, -8
 219              		.cfi_offset 14, -4
 225:.\Generated_Source\PSoC5/Mixer_1.c ****     {
 220              		.loc 1 225 0
 221 0002 054B     		ldr	r3, .L19
 222 0004 1B78     		ldrb	r3, [r3]	@ zero_extendqisi2
 223 0006 23B9     		cbnz	r3, .L17
 227:.\Generated_Source\PSoC5/Mixer_1.c ****         Mixer_1_initVar = 1u;
 224              		.loc 1 227 0
 225 0008 FFF7FEFF 		bl	Mixer_1_Init
 226              	.LVL9:
 228:.\Generated_Source\PSoC5/Mixer_1.c ****     }
 227              		.loc 1 228 0
 228 000c 0122     		movs	r2, #1
 229 000e 024B     		ldr	r3, .L19
 230 0010 1A70     		strb	r2, [r3]
 231              	.L17:
 231:.\Generated_Source\PSoC5/Mixer_1.c ****     
 232              		.loc 1 231 0
 233 0012 FFF7FEFF 		bl	Mixer_1_Enable
 234              	.LVL10:
 235 0016 08BD     		pop	{r3, pc}
 236              	.L20:
 237              		.align	2
 238              	.L19:
 239 0018 00000000 		.word	.LANCHOR0
 240              		.cfi_endproc
 241              	.LFE2:
 242              		.size	Mixer_1_Start, .-Mixer_1_Start
 243              		.global	Mixer_1_initVar
 244              		.bss
 245              		.set	.LANCHOR0,. + 0
 246              		.type	Mixer_1_initVar, %object
ARM GAS  C:\Users\user\AppData\Local\Temp\ccnbHDmJ.s 			page 11


 247              		.size	Mixer_1_initVar, 1
 248              	Mixer_1_initVar:
 249 0000 00       		.space	1
 250              		.text
 251              	.Letext0:
 252              		.file 2 ".\\Generated_Source\\PSoC5\\cytypes.h"
 253              		.file 3 ".\\Generated_Source\\PSoC5\\Mixer_1_aclk.h"
 254              		.section	.debug_info,"",%progbits
 255              	.Ldebug_info0:
 256 0000 B2010000 		.4byte	0x1b2
 257 0004 0400     		.2byte	0x4
 258 0006 00000000 		.4byte	.Ldebug_abbrev0
 259 000a 04       		.byte	0x4
 260 000b 01       		.uleb128 0x1
 261 000c C2000000 		.4byte	.LASF23
 262 0010 01       		.byte	0x1
 263 0011 83010000 		.4byte	.LASF24
 264 0015 01020000 		.4byte	.LASF25
 265 0019 00000000 		.4byte	.Ldebug_ranges0+0
 266 001d 00000000 		.4byte	0
 267 0021 00000000 		.4byte	.Ldebug_line0
 268 0025 02       		.uleb128 0x2
 269 0026 01       		.byte	0x1
 270 0027 06       		.byte	0x6
 271 0028 F5010000 		.4byte	.LASF0
 272 002c 02       		.uleb128 0x2
 273 002d 01       		.byte	0x1
 274 002e 08       		.byte	0x8
 275 002f 65000000 		.4byte	.LASF1
 276 0033 02       		.uleb128 0x2
 277 0034 02       		.byte	0x2
 278 0035 05       		.byte	0x5
 279 0036 D5010000 		.4byte	.LASF2
 280 003a 02       		.uleb128 0x2
 281 003b 02       		.byte	0x2
 282 003c 07       		.byte	0x7
 283 003d 29000000 		.4byte	.LASF3
 284 0041 02       		.uleb128 0x2
 285 0042 04       		.byte	0x4
 286 0043 05       		.byte	0x5
 287 0044 DF010000 		.4byte	.LASF4
 288 0048 02       		.uleb128 0x2
 289 0049 04       		.byte	0x4
 290 004a 07       		.byte	0x7
 291 004b 78000000 		.4byte	.LASF5
 292 004f 02       		.uleb128 0x2
 293 0050 08       		.byte	0x8
 294 0051 05       		.byte	0x5
 295 0052 AF010000 		.4byte	.LASF6
 296 0056 02       		.uleb128 0x2
 297 0057 08       		.byte	0x8
 298 0058 07       		.byte	0x7
 299 0059 6C010000 		.4byte	.LASF7
 300 005d 03       		.uleb128 0x3
 301 005e 04       		.byte	0x4
 302 005f 05       		.byte	0x5
 303 0060 696E7400 		.ascii	"int\000"
ARM GAS  C:\Users\user\AppData\Local\Temp\ccnbHDmJ.s 			page 12


 304 0064 02       		.uleb128 0x2
 305 0065 04       		.byte	0x4
 306 0066 07       		.byte	0x7
 307 0067 50010000 		.4byte	.LASF8
 308 006b 04       		.uleb128 0x4
 309 006c 8A000000 		.4byte	.LASF12
 310 0070 02       		.byte	0x2
 311 0071 3801     		.2byte	0x138
 312 0073 2C000000 		.4byte	0x2c
 313 0077 02       		.uleb128 0x2
 314 0078 04       		.byte	0x4
 315 0079 04       		.byte	0x4
 316 007a 5F000000 		.4byte	.LASF9
 317 007e 02       		.uleb128 0x2
 318 007f 08       		.byte	0x8
 319 0080 04       		.byte	0x4
 320 0081 9E000000 		.4byte	.LASF10
 321 0085 02       		.uleb128 0x2
 322 0086 01       		.byte	0x1
 323 0087 08       		.byte	0x8
 324 0088 BD010000 		.4byte	.LASF11
 325 008c 04       		.uleb128 0x4
 326 008d 73000000 		.4byte	.LASF13
 327 0091 02       		.byte	0x2
 328 0092 E201     		.2byte	0x1e2
 329 0094 98000000 		.4byte	0x98
 330 0098 05       		.uleb128 0x5
 331 0099 6B000000 		.4byte	0x6b
 332 009d 02       		.uleb128 0x2
 333 009e 04       		.byte	0x4
 334 009f 07       		.byte	0x7
 335 00a0 A6010000 		.4byte	.LASF14
 336 00a4 06       		.uleb128 0x6
 337 00a5 5D010000 		.4byte	.LASF15
 338 00a9 01       		.byte	0x1
 339 00aa 94       		.byte	0x94
 340 00ab 00000000 		.4byte	.LFB1
 341 00af 44000000 		.4byte	.LFE1-.LFB1
 342 00b3 01       		.uleb128 0x1
 343 00b4 9C       		.byte	0x9c
 344 00b5 C3000000 		.4byte	0xc3
 345 00b9 07       		.uleb128 0x7
 346 00ba 2E000000 		.4byte	.LVL0
 347 00be 9A010000 		.4byte	0x19a
 348 00c2 00       		.byte	0
 349 00c3 06       		.uleb128 0x6
 350 00c4 52000000 		.4byte	.LASF16
 351 00c8 01       		.byte	0x1
 352 00c9 FA       		.byte	0xfa
 353 00ca 00000000 		.4byte	.LFB3
 354 00ce 34000000 		.4byte	.LFE3-.LFB3
 355 00d2 01       		.uleb128 0x1
 356 00d3 9C       		.byte	0x9c
 357 00d4 E2000000 		.4byte	0xe2
 358 00d8 07       		.uleb128 0x7
 359 00d9 2E000000 		.4byte	.LVL1
 360 00dd A1010000 		.4byte	0x1a1
ARM GAS  C:\Users\user\AppData\Local\Temp\ccnbHDmJ.s 			page 13


 361 00e1 00       		.byte	0
 362 00e2 08       		.uleb128 0x8
 363 00e3 00000000 		.4byte	.LASF17
 364 00e7 01       		.byte	0x1
 365 00e8 3101     		.2byte	0x131
 366 00ea 00000000 		.4byte	.LFB4
 367 00ee 18000000 		.4byte	.LFE4-.LFB4
 368 00f2 01       		.uleb128 0x1
 369 00f3 9C       		.byte	0x9c
 370 00f4 19010000 		.4byte	0x119
 371 00f8 09       		.uleb128 0x9
 372 00f9 4C000000 		.4byte	.LASF26
 373 00fd 01       		.byte	0x1
 374 00fe 3101     		.2byte	0x131
 375 0100 6B000000 		.4byte	0x6b
 376 0104 00000000 		.4byte	.LLST0
 377 0108 0A       		.uleb128 0xa
 378 0109 11000000 		.4byte	.LASF19
 379 010d 01       		.byte	0x1
 380 010e 3301     		.2byte	0x133
 381 0110 6B000000 		.4byte	0x6b
 382 0114 21000000 		.4byte	.LLST1
 383 0118 00       		.byte	0
 384 0119 06       		.uleb128 0x6
 385 011a E8010000 		.4byte	.LASF18
 386 011e 01       		.byte	0x1
 387 011f 36       		.byte	0x36
 388 0120 00000000 		.4byte	.LFB0
 389 0124 34000000 		.4byte	.LFE0-.LFB0
 390 0128 01       		.uleb128 0x1
 391 0129 9C       		.byte	0x9c
 392 012a 61010000 		.4byte	0x161
 393 012e 0B       		.uleb128 0xb
 394 012f 4C4F6600 		.ascii	"LOf\000"
 395 0133 01       		.byte	0x1
 396 0134 38       		.byte	0x38
 397 0135 77000000 		.4byte	0x77
 398 0139 04       		.byte	0x4
 399 013a 0000C843 		.4byte	0x43c80000
 400 013e 0C       		.uleb128 0xc
 401 013f 24000000 		.4byte	.LVL7
 402 0143 E2000000 		.4byte	0xe2
 403 0147 51010000 		.4byte	0x151
 404 014b 0D       		.uleb128 0xd
 405 014c 01       		.uleb128 0x1
 406 014d 50       		.byte	0x50
 407 014e 01       		.uleb128 0x1
 408 014f 32       		.byte	0x32
 409 0150 00       		.byte	0
 410 0151 0E       		.uleb128 0xe
 411 0152 2A000000 		.4byte	.LVL8
 412 0156 A8010000 		.4byte	0x1a8
 413 015a 0D       		.uleb128 0xd
 414 015b 01       		.uleb128 0x1
 415 015c 50       		.byte	0x50
 416 015d 01       		.uleb128 0x1
 417 015e 40       		.byte	0x40
ARM GAS  C:\Users\user\AppData\Local\Temp\ccnbHDmJ.s 			page 14


 418 015f 00       		.byte	0
 419 0160 00       		.byte	0
 420 0161 06       		.uleb128 0x6
 421 0162 90000000 		.4byte	.LASF20
 422 0166 01       		.byte	0x1
 423 0167 DE       		.byte	0xde
 424 0168 00000000 		.4byte	.LFB2
 425 016c 1C000000 		.4byte	.LFE2-.LFB2
 426 0170 01       		.uleb128 0x1
 427 0171 9C       		.byte	0x9c
 428 0172 89010000 		.4byte	0x189
 429 0176 07       		.uleb128 0x7
 430 0177 0C000000 		.4byte	.LVL9
 431 017b 19010000 		.4byte	0x119
 432 017f 07       		.uleb128 0x7
 433 0180 16000000 		.4byte	.LVL10
 434 0184 A4000000 		.4byte	0xa4
 435 0188 00       		.byte	0
 436 0189 0F       		.uleb128 0xf
 437 018a 3C000000 		.4byte	.LASF27
 438 018e 01       		.byte	0x1
 439 018f 1E       		.byte	0x1e
 440 0190 6B000000 		.4byte	0x6b
 441 0194 05       		.uleb128 0x5
 442 0195 03       		.byte	0x3
 443 0196 00000000 		.4byte	Mixer_1_initVar
 444 019a 10       		.uleb128 0x10
 445 019b C2010000 		.4byte	.LASF21
 446 019f 03       		.byte	0x3
 447 01a0 27       		.byte	0x27
 448 01a1 10       		.uleb128 0x10
 449 01a2 17000000 		.4byte	.LASF22
 450 01a6 03       		.byte	0x3
 451 01a7 28       		.byte	0x28
 452 01a8 11       		.uleb128 0x11
 453 01a9 A5000000 		.4byte	.LASF28
 454 01ad 03       		.byte	0x3
 455 01ae 32       		.byte	0x32
 456 01af 12       		.uleb128 0x12
 457 01b0 6B000000 		.4byte	0x6b
 458 01b4 00       		.byte	0
 459 01b5 00       		.byte	0
 460              		.section	.debug_abbrev,"",%progbits
 461              	.Ldebug_abbrev0:
 462 0000 01       		.uleb128 0x1
 463 0001 11       		.uleb128 0x11
 464 0002 01       		.byte	0x1
 465 0003 25       		.uleb128 0x25
 466 0004 0E       		.uleb128 0xe
 467 0005 13       		.uleb128 0x13
 468 0006 0B       		.uleb128 0xb
 469 0007 03       		.uleb128 0x3
 470 0008 0E       		.uleb128 0xe
 471 0009 1B       		.uleb128 0x1b
 472 000a 0E       		.uleb128 0xe
 473 000b 55       		.uleb128 0x55
 474 000c 17       		.uleb128 0x17
ARM GAS  C:\Users\user\AppData\Local\Temp\ccnbHDmJ.s 			page 15


 475 000d 11       		.uleb128 0x11
 476 000e 01       		.uleb128 0x1
 477 000f 10       		.uleb128 0x10
 478 0010 17       		.uleb128 0x17
 479 0011 00       		.byte	0
 480 0012 00       		.byte	0
 481 0013 02       		.uleb128 0x2
 482 0014 24       		.uleb128 0x24
 483 0015 00       		.byte	0
 484 0016 0B       		.uleb128 0xb
 485 0017 0B       		.uleb128 0xb
 486 0018 3E       		.uleb128 0x3e
 487 0019 0B       		.uleb128 0xb
 488 001a 03       		.uleb128 0x3
 489 001b 0E       		.uleb128 0xe
 490 001c 00       		.byte	0
 491 001d 00       		.byte	0
 492 001e 03       		.uleb128 0x3
 493 001f 24       		.uleb128 0x24
 494 0020 00       		.byte	0
 495 0021 0B       		.uleb128 0xb
 496 0022 0B       		.uleb128 0xb
 497 0023 3E       		.uleb128 0x3e
 498 0024 0B       		.uleb128 0xb
 499 0025 03       		.uleb128 0x3
 500 0026 08       		.uleb128 0x8
 501 0027 00       		.byte	0
 502 0028 00       		.byte	0
 503 0029 04       		.uleb128 0x4
 504 002a 16       		.uleb128 0x16
 505 002b 00       		.byte	0
 506 002c 03       		.uleb128 0x3
 507 002d 0E       		.uleb128 0xe
 508 002e 3A       		.uleb128 0x3a
 509 002f 0B       		.uleb128 0xb
 510 0030 3B       		.uleb128 0x3b
 511 0031 05       		.uleb128 0x5
 512 0032 49       		.uleb128 0x49
 513 0033 13       		.uleb128 0x13
 514 0034 00       		.byte	0
 515 0035 00       		.byte	0
 516 0036 05       		.uleb128 0x5
 517 0037 35       		.uleb128 0x35
 518 0038 00       		.byte	0
 519 0039 49       		.uleb128 0x49
 520 003a 13       		.uleb128 0x13
 521 003b 00       		.byte	0
 522 003c 00       		.byte	0
 523 003d 06       		.uleb128 0x6
 524 003e 2E       		.uleb128 0x2e
 525 003f 01       		.byte	0x1
 526 0040 3F       		.uleb128 0x3f
 527 0041 19       		.uleb128 0x19
 528 0042 03       		.uleb128 0x3
 529 0043 0E       		.uleb128 0xe
 530 0044 3A       		.uleb128 0x3a
 531 0045 0B       		.uleb128 0xb
ARM GAS  C:\Users\user\AppData\Local\Temp\ccnbHDmJ.s 			page 16


 532 0046 3B       		.uleb128 0x3b
 533 0047 0B       		.uleb128 0xb
 534 0048 27       		.uleb128 0x27
 535 0049 19       		.uleb128 0x19
 536 004a 11       		.uleb128 0x11
 537 004b 01       		.uleb128 0x1
 538 004c 12       		.uleb128 0x12
 539 004d 06       		.uleb128 0x6
 540 004e 40       		.uleb128 0x40
 541 004f 18       		.uleb128 0x18
 542 0050 9742     		.uleb128 0x2117
 543 0052 19       		.uleb128 0x19
 544 0053 01       		.uleb128 0x1
 545 0054 13       		.uleb128 0x13
 546 0055 00       		.byte	0
 547 0056 00       		.byte	0
 548 0057 07       		.uleb128 0x7
 549 0058 898201   		.uleb128 0x4109
 550 005b 00       		.byte	0
 551 005c 11       		.uleb128 0x11
 552 005d 01       		.uleb128 0x1
 553 005e 31       		.uleb128 0x31
 554 005f 13       		.uleb128 0x13
 555 0060 00       		.byte	0
 556 0061 00       		.byte	0
 557 0062 08       		.uleb128 0x8
 558 0063 2E       		.uleb128 0x2e
 559 0064 01       		.byte	0x1
 560 0065 3F       		.uleb128 0x3f
 561 0066 19       		.uleb128 0x19
 562 0067 03       		.uleb128 0x3
 563 0068 0E       		.uleb128 0xe
 564 0069 3A       		.uleb128 0x3a
 565 006a 0B       		.uleb128 0xb
 566 006b 3B       		.uleb128 0x3b
 567 006c 05       		.uleb128 0x5
 568 006d 27       		.uleb128 0x27
 569 006e 19       		.uleb128 0x19
 570 006f 11       		.uleb128 0x11
 571 0070 01       		.uleb128 0x1
 572 0071 12       		.uleb128 0x12
 573 0072 06       		.uleb128 0x6
 574 0073 40       		.uleb128 0x40
 575 0074 18       		.uleb128 0x18
 576 0075 9742     		.uleb128 0x2117
 577 0077 19       		.uleb128 0x19
 578 0078 01       		.uleb128 0x1
 579 0079 13       		.uleb128 0x13
 580 007a 00       		.byte	0
 581 007b 00       		.byte	0
 582 007c 09       		.uleb128 0x9
 583 007d 05       		.uleb128 0x5
 584 007e 00       		.byte	0
 585 007f 03       		.uleb128 0x3
 586 0080 0E       		.uleb128 0xe
 587 0081 3A       		.uleb128 0x3a
 588 0082 0B       		.uleb128 0xb
ARM GAS  C:\Users\user\AppData\Local\Temp\ccnbHDmJ.s 			page 17


 589 0083 3B       		.uleb128 0x3b
 590 0084 05       		.uleb128 0x5
 591 0085 49       		.uleb128 0x49
 592 0086 13       		.uleb128 0x13
 593 0087 02       		.uleb128 0x2
 594 0088 17       		.uleb128 0x17
 595 0089 00       		.byte	0
 596 008a 00       		.byte	0
 597 008b 0A       		.uleb128 0xa
 598 008c 34       		.uleb128 0x34
 599 008d 00       		.byte	0
 600 008e 03       		.uleb128 0x3
 601 008f 0E       		.uleb128 0xe
 602 0090 3A       		.uleb128 0x3a
 603 0091 0B       		.uleb128 0xb
 604 0092 3B       		.uleb128 0x3b
 605 0093 05       		.uleb128 0x5
 606 0094 49       		.uleb128 0x49
 607 0095 13       		.uleb128 0x13
 608 0096 02       		.uleb128 0x2
 609 0097 17       		.uleb128 0x17
 610 0098 00       		.byte	0
 611 0099 00       		.byte	0
 612 009a 0B       		.uleb128 0xb
 613 009b 34       		.uleb128 0x34
 614 009c 00       		.byte	0
 615 009d 03       		.uleb128 0x3
 616 009e 08       		.uleb128 0x8
 617 009f 3A       		.uleb128 0x3a
 618 00a0 0B       		.uleb128 0xb
 619 00a1 3B       		.uleb128 0x3b
 620 00a2 0B       		.uleb128 0xb
 621 00a3 49       		.uleb128 0x49
 622 00a4 13       		.uleb128 0x13
 623 00a5 1C       		.uleb128 0x1c
 624 00a6 0A       		.uleb128 0xa
 625 00a7 00       		.byte	0
 626 00a8 00       		.byte	0
 627 00a9 0C       		.uleb128 0xc
 628 00aa 898201   		.uleb128 0x4109
 629 00ad 01       		.byte	0x1
 630 00ae 11       		.uleb128 0x11
 631 00af 01       		.uleb128 0x1
 632 00b0 31       		.uleb128 0x31
 633 00b1 13       		.uleb128 0x13
 634 00b2 01       		.uleb128 0x1
 635 00b3 13       		.uleb128 0x13
 636 00b4 00       		.byte	0
 637 00b5 00       		.byte	0
 638 00b6 0D       		.uleb128 0xd
 639 00b7 8A8201   		.uleb128 0x410a
 640 00ba 00       		.byte	0
 641 00bb 02       		.uleb128 0x2
 642 00bc 18       		.uleb128 0x18
 643 00bd 9142     		.uleb128 0x2111
 644 00bf 18       		.uleb128 0x18
 645 00c0 00       		.byte	0
ARM GAS  C:\Users\user\AppData\Local\Temp\ccnbHDmJ.s 			page 18


 646 00c1 00       		.byte	0
 647 00c2 0E       		.uleb128 0xe
 648 00c3 898201   		.uleb128 0x4109
 649 00c6 01       		.byte	0x1
 650 00c7 11       		.uleb128 0x11
 651 00c8 01       		.uleb128 0x1
 652 00c9 31       		.uleb128 0x31
 653 00ca 13       		.uleb128 0x13
 654 00cb 00       		.byte	0
 655 00cc 00       		.byte	0
 656 00cd 0F       		.uleb128 0xf
 657 00ce 34       		.uleb128 0x34
 658 00cf 00       		.byte	0
 659 00d0 03       		.uleb128 0x3
 660 00d1 0E       		.uleb128 0xe
 661 00d2 3A       		.uleb128 0x3a
 662 00d3 0B       		.uleb128 0xb
 663 00d4 3B       		.uleb128 0x3b
 664 00d5 0B       		.uleb128 0xb
 665 00d6 49       		.uleb128 0x49
 666 00d7 13       		.uleb128 0x13
 667 00d8 3F       		.uleb128 0x3f
 668 00d9 19       		.uleb128 0x19
 669 00da 02       		.uleb128 0x2
 670 00db 18       		.uleb128 0x18
 671 00dc 00       		.byte	0
 672 00dd 00       		.byte	0
 673 00de 10       		.uleb128 0x10
 674 00df 2E       		.uleb128 0x2e
 675 00e0 00       		.byte	0
 676 00e1 3F       		.uleb128 0x3f
 677 00e2 19       		.uleb128 0x19
 678 00e3 03       		.uleb128 0x3
 679 00e4 0E       		.uleb128 0xe
 680 00e5 3A       		.uleb128 0x3a
 681 00e6 0B       		.uleb128 0xb
 682 00e7 3B       		.uleb128 0x3b
 683 00e8 0B       		.uleb128 0xb
 684 00e9 27       		.uleb128 0x27
 685 00ea 19       		.uleb128 0x19
 686 00eb 3C       		.uleb128 0x3c
 687 00ec 19       		.uleb128 0x19
 688 00ed 00       		.byte	0
 689 00ee 00       		.byte	0
 690 00ef 11       		.uleb128 0x11
 691 00f0 2E       		.uleb128 0x2e
 692 00f1 01       		.byte	0x1
 693 00f2 3F       		.uleb128 0x3f
 694 00f3 19       		.uleb128 0x19
 695 00f4 03       		.uleb128 0x3
 696 00f5 0E       		.uleb128 0xe
 697 00f6 3A       		.uleb128 0x3a
 698 00f7 0B       		.uleb128 0xb
 699 00f8 3B       		.uleb128 0x3b
 700 00f9 0B       		.uleb128 0xb
 701 00fa 27       		.uleb128 0x27
 702 00fb 19       		.uleb128 0x19
ARM GAS  C:\Users\user\AppData\Local\Temp\ccnbHDmJ.s 			page 19


 703 00fc 3C       		.uleb128 0x3c
 704 00fd 19       		.uleb128 0x19
 705 00fe 00       		.byte	0
 706 00ff 00       		.byte	0
 707 0100 12       		.uleb128 0x12
 708 0101 05       		.uleb128 0x5
 709 0102 00       		.byte	0
 710 0103 49       		.uleb128 0x49
 711 0104 13       		.uleb128 0x13
 712 0105 00       		.byte	0
 713 0106 00       		.byte	0
 714 0107 00       		.byte	0
 715              		.section	.debug_loc,"",%progbits
 716              	.Ldebug_loc0:
 717              	.LLST0:
 718 0000 00000000 		.4byte	.LVL2
 719 0004 0C000000 		.4byte	.LVL4
 720 0008 0100     		.2byte	0x1
 721 000a 50       		.byte	0x50
 722 000b 0C000000 		.4byte	.LVL4
 723 000f 18000000 		.4byte	.LFE4
 724 0013 0400     		.2byte	0x4
 725 0015 F3       		.byte	0xf3
 726 0016 01       		.uleb128 0x1
 727 0017 50       		.byte	0x50
 728 0018 9F       		.byte	0x9f
 729 0019 00000000 		.4byte	0
 730 001d 00000000 		.4byte	0
 731              	.LLST1:
 732 0021 08000000 		.4byte	.LVL3
 733 0025 0E000000 		.4byte	.LVL5
 734 0029 0100     		.2byte	0x1
 735 002b 53       		.byte	0x53
 736 002c 0E000000 		.4byte	.LVL5
 737 0030 18000000 		.4byte	.LFE4
 738 0034 0100     		.2byte	0x1
 739 0036 50       		.byte	0x50
 740 0037 00000000 		.4byte	0
 741 003b 00000000 		.4byte	0
 742              		.section	.debug_aranges,"",%progbits
 743 0000 3C000000 		.4byte	0x3c
 744 0004 0200     		.2byte	0x2
 745 0006 00000000 		.4byte	.Ldebug_info0
 746 000a 04       		.byte	0x4
 747 000b 00       		.byte	0
 748 000c 0000     		.2byte	0
 749 000e 0000     		.2byte	0
 750 0010 00000000 		.4byte	.LFB1
 751 0014 44000000 		.4byte	.LFE1-.LFB1
 752 0018 00000000 		.4byte	.LFB3
 753 001c 34000000 		.4byte	.LFE3-.LFB3
 754 0020 00000000 		.4byte	.LFB4
 755 0024 18000000 		.4byte	.LFE4-.LFB4
 756 0028 00000000 		.4byte	.LFB0
 757 002c 34000000 		.4byte	.LFE0-.LFB0
 758 0030 00000000 		.4byte	.LFB2
 759 0034 1C000000 		.4byte	.LFE2-.LFB2
ARM GAS  C:\Users\user\AppData\Local\Temp\ccnbHDmJ.s 			page 20


 760 0038 00000000 		.4byte	0
 761 003c 00000000 		.4byte	0
 762              		.section	.debug_ranges,"",%progbits
 763              	.Ldebug_ranges0:
 764 0000 00000000 		.4byte	.LFB1
 765 0004 44000000 		.4byte	.LFE1
 766 0008 00000000 		.4byte	.LFB3
 767 000c 34000000 		.4byte	.LFE3
 768 0010 00000000 		.4byte	.LFB4
 769 0014 18000000 		.4byte	.LFE4
 770 0018 00000000 		.4byte	.LFB0
 771 001c 34000000 		.4byte	.LFE0
 772 0020 00000000 		.4byte	.LFB2
 773 0024 1C000000 		.4byte	.LFE2
 774 0028 00000000 		.4byte	0
 775 002c 00000000 		.4byte	0
 776              		.section	.debug_line,"",%progbits
 777              	.Ldebug_line0:
 778 0000 CD000000 		.section	.debug_str,"MS",%progbits,1
 778      02005800 
 778      00000201 
 778      FB0E0D00 
 778      01010101 
 779              	.LASF17:
 780 0000 4D697865 		.ascii	"Mixer_1_SetPower\000"
 780      725F315F 
 780      53657450 
 780      6F776572 
 780      00
 781              	.LASF19:
 782 0011 746D7043 		.ascii	"tmpCR\000"
 782      5200
 783              	.LASF22:
 784 0017 4D697865 		.ascii	"Mixer_1_aclk_Stop\000"
 784      725F315F 
 784      61636C6B 
 784      5F53746F 
 784      7000
 785              	.LASF3:
 786 0029 73686F72 		.ascii	"short unsigned int\000"
 786      7420756E 
 786      7369676E 
 786      65642069 
 786      6E7400
 787              	.LASF27:
 788 003c 4D697865 		.ascii	"Mixer_1_initVar\000"
 788      725F315F 
 788      696E6974 
 788      56617200 
 789              	.LASF26:
 790 004c 706F7765 		.ascii	"power\000"
 790      7200
 791              	.LASF16:
 792 0052 4D697865 		.ascii	"Mixer_1_Stop\000"
 792      725F315F 
 792      53746F70 
 792      00
ARM GAS  C:\Users\user\AppData\Local\Temp\ccnbHDmJ.s 			page 21


 793              	.LASF9:
 794 005f 666C6F61 		.ascii	"float\000"
 794      7400
 795              	.LASF1:
 796 0065 756E7369 		.ascii	"unsigned char\000"
 796      676E6564 
 796      20636861 
 796      7200
 797              	.LASF13:
 798 0073 72656738 		.ascii	"reg8\000"
 798      00
 799              	.LASF5:
 800 0078 6C6F6E67 		.ascii	"long unsigned int\000"
 800      20756E73 
 800      69676E65 
 800      6420696E 
 800      7400
 801              	.LASF12:
 802 008a 75696E74 		.ascii	"uint8\000"
 802      3800
 803              	.LASF20:
 804 0090 4D697865 		.ascii	"Mixer_1_Start\000"
 804      725F315F 
 804      53746172 
 804      7400
 805              	.LASF10:
 806 009e 646F7562 		.ascii	"double\000"
 806      6C6500
 807              	.LASF28:
 808 00a5 4D697865 		.ascii	"Mixer_1_aclk_SetModeRegister\000"
 808      725F315F 
 808      61636C6B 
 808      5F536574 
 808      4D6F6465 
 809              	.LASF23:
 810 00c2 474E5520 		.ascii	"GNU C 4.9.3 20150303 (release) [ARM/embedded-4_9-br"
 810      4320342E 
 810      392E3320 
 810      32303135 
 810      30333033 
 811 00f5 616E6368 		.ascii	"anch revision 221220] -mcpu=cortex-m3 -mthumb -g -O"
 811      20726576 
 811      6973696F 
 811      6E203232 
 811      31323230 
 812 0128 67202D66 		.ascii	"g -ffunction-sections -ffat-lto-objects\000"
 812      66756E63 
 812      74696F6E 
 812      2D736563 
 812      74696F6E 
 813              	.LASF8:
 814 0150 756E7369 		.ascii	"unsigned int\000"
 814      676E6564 
 814      20696E74 
 814      00
 815              	.LASF15:
 816 015d 4D697865 		.ascii	"Mixer_1_Enable\000"
ARM GAS  C:\Users\user\AppData\Local\Temp\ccnbHDmJ.s 			page 22


 816      725F315F 
 816      456E6162 
 816      6C6500
 817              	.LASF7:
 818 016c 6C6F6E67 		.ascii	"long long unsigned int\000"
 818      206C6F6E 
 818      6720756E 
 818      7369676E 
 818      65642069 
 819              	.LASF24:
 820 0183 2E5C4765 		.ascii	".\\Generated_Source\\PSoC5\\Mixer_1.c\000"
 820      6E657261 
 820      7465645F 
 820      536F7572 
 820      63655C50 
 821              	.LASF14:
 822 01a6 73697A65 		.ascii	"sizetype\000"
 822      74797065 
 822      00
 823              	.LASF6:
 824 01af 6C6F6E67 		.ascii	"long long int\000"
 824      206C6F6E 
 824      6720696E 
 824      7400
 825              	.LASF11:
 826 01bd 63686172 		.ascii	"char\000"
 826      00
 827              	.LASF21:
 828 01c2 4D697865 		.ascii	"Mixer_1_aclk_Start\000"
 828      725F315F 
 828      61636C6B 
 828      5F537461 
 828      727400
 829              	.LASF2:
 830 01d5 73686F72 		.ascii	"short int\000"
 830      7420696E 
 830      7400
 831              	.LASF4:
 832 01df 6C6F6E67 		.ascii	"long int\000"
 832      20696E74 
 832      00
 833              	.LASF18:
 834 01e8 4D697865 		.ascii	"Mixer_1_Init\000"
 834      725F315F 
 834      496E6974 
 834      00
 835              	.LASF0:
 836 01f5 7369676E 		.ascii	"signed char\000"
 836      65642063 
 836      68617200 
 837              	.LASF25:
 838 0201 443A5C55 		.ascii	"D:\\Utilisateurs\\user\\Documents\\PSoC Creator\\Wo"
 838      74696C69 
 838      73617465 
 838      7572735C 
 838      75736572 
 839 022f 726B7370 		.ascii	"rkspace02\\ASK.cydsn\000"
ARM GAS  C:\Users\user\AppData\Local\Temp\ccnbHDmJ.s 			page 23


 839      61636530 
 839      325C4153 
 839      4B2E6379 
 839      64736E00 
 840              		.ident	"GCC: (GNU Tools for ARM Embedded Processors) 4.9.3 20150303 (release) [ARM/embedded-4_9-br
