Loading plugins phase: Elapsed time ==> 0s.170ms
Initializing data phase: Elapsed time ==> 0s.000ms
<CYPRESSTAG name="CyDsfit arguments...">
cydsfit arguments: -.fdsnotice -.fdswarpdepfile=warp_dependencies.txt -.fdselabdepfile=elab_dependencies.txt -.fdsbldfile=generated_files.txt -p D:\Utilisateurs\user\Documents\PSoC Creator\Workspace02\TP2_Mesure_Diode.cydsn\TP2_Mesure_Diode.cyprj -d CY8C5888LTI-LP097 -s D:\Utilisateurs\user\Documents\PSoC Creator\Workspace02\TP2_Mesure_Diode.cydsn\Generated_Source\PSoC5 -- -yv2 -q10 -ygs -o2 -v3 -.fftcfgtype=LE</CYPRESSTAG>
<CYPRESSTAG name="Design elaboration results...">
</CYPRESSTAG>
Elaboration phase: Elapsed time ==> 1s.282ms
<CYPRESSTAG name="HDL generation results...">
</CYPRESSTAG>
HDL generation phase: Elapsed time ==> 0s.041ms
<CYPRESSTAG name="Synthesis results...">

     | | | | | | |
   _________________
  -|               |-
  -|               |-
  -|               |-
  -|    CYPRESS    |-
  -|               |-
  -|               |-   Warp Verilog Synthesis Compiler: Version 6.3 IR 41
  -|               |-   Copyright (C) 1991-2001 Cypress Semiconductor
   |_______________|
     | | | | | | |

======================================================================
Compiling:  TP2_Mesure_Diode.v
Program  :   C:\Program Files (x86)\Cypress\PSoC Creator\3.3\PSoC Creator\warp\bin/warp.exe
Options  :    -yv2 -q10 -ygs -o2 -v3 -.fftcfgtype=LE -ya -.fftprj=D:\Utilisateurs\user\Documents\PSoC Creator\Workspace02\TP2_Mesure_Diode.cydsn\TP2_Mesure_Diode.cyprj -dcpsoc3 TP2_Mesure_Diode.v -verilog
======================================================================

======================================================================
Compiling:  TP2_Mesure_Diode.v
Program  :   C:\Program Files (x86)\Cypress\PSoC Creator\3.3\PSoC Creator\warp\bin/warp.exe
Options  :    -yv2 -q10 -ygs -o2 -v3 -.fftcfgtype=LE -ya -.fftprj=D:\Utilisateurs\user\Documents\PSoC Creator\Workspace02\TP2_Mesure_Diode.cydsn\TP2_Mesure_Diode.cyprj -dcpsoc3 TP2_Mesure_Diode.v -verilog
======================================================================

======================================================================
Compiling:  TP2_Mesure_Diode.v
Program  :   vlogfe
Options  :    -yv2 -q10 -ygs -o2 -v3 -.fftcfgtype=LE -ya -.fftprj=D:\Utilisateurs\user\Documents\PSoC Creator\Workspace02\TP2_Mesure_Diode.cydsn\TP2_Mesure_Diode.cyprj -dcpsoc3 -verilog TP2_Mesure_Diode.v
======================================================================

vlogfe V6.3 IR 41:  Verilog parser
Tue Mar 01 11:57:11 2022


======================================================================
Compiling:  TP2_Mesure_Diode.v
Program  :   vpp
Options  :    -yv2 -q10 TP2_Mesure_Diode.v
======================================================================

vpp V6.3 IR 41:  Verilog Pre-Processor
Tue Mar 01 11:57:11 2022

Flattening file 'C:\Program Files (x86)\Cypress\PSoC Creator\3.3\PSoC Creator\psoc\content\cycomponentlibrary\CyComponentLibrary.cylib\AMux_v1_80\AMux_v1_80.v'
Flattening file 'C:\Program Files (x86)\Cypress\PSoC Creator\3.3\PSoC Creator\warp\lib\common\cypress.v'
Flattening file 'C:\Program Files (x86)\Cypress\PSoC Creator\3.3\PSoC Creator\warp\lib\common\cy_psoc3_inc.v'
Flattening file 'C:\Program Files (x86)\Cypress\PSoC Creator\3.3\PSoC Creator\psoc\content\cyprimitives\CyPrimitives.cylib\cy_vref_v1_60\cy_vref_v1_60.v'
Flattening file 'C:\Program Files (x86)\Cypress\PSoC Creator\3.3\PSoC Creator\psoc\content\cyprimitives\CyPrimitives.cylib\cy_analog_virtualmux_v1_0\cy_analog_virtualmux_v1_0.v'
Flattening file 'C:\Program Files (x86)\Cypress\PSoC Creator\3.3\PSoC Creator\psoc\content\cyprimitives\CyPrimitives.cylib\cy_virtualmux_v1_0\cy_virtualmux_v1_0.v'
Flattening file 'C:\Program Files (x86)\Cypress\PSoC Creator\3.3\PSoC Creator\psoc\content\cyprimitives\CyPrimitives.cylib\ZeroTerminal\ZeroTerminal.v'
Flattening file 'C:\Program Files (x86)\Cypress\PSoC Creator\3.3\PSoC Creator\psoc\content\cyprimitives\CyPrimitives.cylib\or_v1_0\or_v1_0.v'
Flattening file 'C:\Program Files (x86)\Cypress\PSoC Creator\3.3\PSoC Creator\psoc\content\cyprimitives\CyPrimitives.cylib\not_v1_0\not_v1_0.v'

vpp:  No errors.

Library 'work' => directory 'lcpsoc3'
General_symbol_table
General_symbol_table
Linking 'C:\Program Files (x86)\Cypress\PSoC Creator\3.3\PSoC Creator\warp\lib\common\std.vhd'.
Linking 'C:\Program Files (x86)\Cypress\PSoC Creator\3.3\PSoC Creator\warp\lib\common\cypress.vhd'.
Linking 'C:\Program Files (x86)\Cypress\PSoC Creator\3.3\PSoC Creator\warp\lib\common\work\cypress.vif'.
Linking 'C:\Program Files (x86)\Cypress\PSoC Creator\3.3\PSoC Creator\warp\lib\ieee\work\stdlogic.vif'.
Linking 'C:\Program Files (x86)\Cypress\PSoC Creator\3.3\PSoC Creator\warp\lib\common\stdlogic\lpmpkg.vif'.
Linking 'C:\Program Files (x86)\Cypress\PSoC Creator\3.3\PSoC Creator\warp\lib\common\stdlogic\rtlpkg.vif'.
Linking 'C:\Program Files (x86)\Cypress\PSoC Creator\3.3\PSoC Creator\warp\lib\common\stdlogic\mod_cnst.vif'.
Linking 'C:\Program Files (x86)\Cypress\PSoC Creator\3.3\PSoC Creator\warp\lib\common\stdlogic\mod_mthv.vif'.
Linking 'C:\Program Files (x86)\Cypress\PSoC Creator\3.3\PSoC Creator\warp\lib\common\stdlogic\mod_genv.vif'.
Using control file 'TP2_Mesure_Diode.ctl'.

vlogfe:  No errors.


======================================================================
Compiling:  TP2_Mesure_Diode.v
Program  :   tovif
Options  :    -yv2 -q10 -ygs -o2 -v3 -.fftcfgtype=LE -ya -.fftprj=D:\Utilisateurs\user\Documents\PSoC Creator\Workspace02\TP2_Mesure_Diode.cydsn\TP2_Mesure_Diode.cyprj -dcpsoc3 -verilog TP2_Mesure_Diode.v
======================================================================

tovif V6.3 IR 41:  High-level synthesis
Tue Mar 01 11:57:12 2022

Linking 'C:\Program Files (x86)\Cypress\PSoC Creator\3.3\PSoC Creator\warp\lib\common\std.vhd'.
Linking 'C:\Program Files (x86)\Cypress\PSoC Creator\3.3\PSoC Creator\warp\lib\common\cypress.vhd'.
Linking 'C:\Program Files (x86)\Cypress\PSoC Creator\3.3\PSoC Creator\warp\lib\common\work\cypress.vif'.
Linking 'C:\Program Files (x86)\Cypress\PSoC Creator\3.3\PSoC Creator\warp\lib\ieee\work\stdlogic.vif'.
Linking 'C:\Program Files (x86)\Cypress\PSoC Creator\3.3\PSoC Creator\warp\lib\common\stdlogic\lpmpkg.vif'.
Linking 'C:\Program Files (x86)\Cypress\PSoC Creator\3.3\PSoC Creator\warp\lib\common\stdlogic\rtlpkg.vif'.
Linking 'C:\Program Files (x86)\Cypress\PSoC Creator\3.3\PSoC Creator\warp\lib\common\stdlogic\mod_cnst.vif'.
Linking 'C:\Program Files (x86)\Cypress\PSoC Creator\3.3\PSoC Creator\warp\lib\common\stdlogic\mod_mthv.vif'.
Linking 'C:\Program Files (x86)\Cypress\PSoC Creator\3.3\PSoC Creator\warp\lib\common\stdlogic\mod_genv.vif'.
Linking 'D:\Utilisateurs\user\Documents\PSoC Creator\Workspace02\TP2_Mesure_Diode.cydsn\codegentemp\TP2_Mesure_Diode.ctl'.
Linking 'C:\Program Files (x86)\Cypress\PSoC Creator\3.3\PSoC Creator\psoc\content\cycomponentlibrary\CyComponentLibrary.cylib\AMux_v1_80\AMux_v1_80.v'.
Linking 'C:\Program Files (x86)\Cypress\PSoC Creator\3.3\PSoC Creator\warp\lib\common\cypress.v'.
Linking 'C:\Program Files (x86)\Cypress\PSoC Creator\3.3\PSoC Creator\warp\lib\common\cy_psoc3_inc.v'.
Linking 'D:\Utilisateurs\user\Documents\PSoC Creator\Workspace02\TP2_Mesure_Diode.cydsn\codegentemp\TP2_Mesure_Diode.v'.
Linking 'C:\Program Files (x86)\Cypress\PSoC Creator\3.3\PSoC Creator\psoc\content\cyprimitives\CyPrimitives.cylib\cy_vref_v1_60\cy_vref_v1_60.v'.
Linking 'C:\Program Files (x86)\Cypress\PSoC Creator\3.3\PSoC Creator\psoc\content\cyprimitives\CyPrimitives.cylib\cy_analog_virtualmux_v1_0\cy_analog_virtualmux_v1_0.v'.
Linking 'C:\Program Files (x86)\Cypress\PSoC Creator\3.3\PSoC Creator\psoc\content\cyprimitives\CyPrimitives.cylib\cy_virtualmux_v1_0\cy_virtualmux_v1_0.v'.
Linking 'C:\Program Files (x86)\Cypress\PSoC Creator\3.3\PSoC Creator\psoc\content\cyprimitives\CyPrimitives.cylib\ZeroTerminal\ZeroTerminal.v'.
Linking 'C:\Program Files (x86)\Cypress\PSoC Creator\3.3\PSoC Creator\psoc\content\cyprimitives\CyPrimitives.cylib\or_v1_0\or_v1_0.v'.
Linking 'C:\Program Files (x86)\Cypress\PSoC Creator\3.3\PSoC Creator\psoc\content\cyprimitives\CyPrimitives.cylib\not_v1_0\not_v1_0.v'.

tovif:  No errors.


======================================================================
Compiling:  TP2_Mesure_Diode.v
Program  :   topld
Options  :    -yv2 -q10 -ygs -o2 -v3 -.fftcfgtype=LE -ya -.fftprj=D:\Utilisateurs\user\Documents\PSoC Creator\Workspace02\TP2_Mesure_Diode.cydsn\TP2_Mesure_Diode.cyprj -dcpsoc3 -verilog TP2_Mesure_Diode.v
======================================================================

topld V6.3 IR 41:  Synthesis and optimization
Tue Mar 01 11:57:12 2022

Linking 'C:\Program Files (x86)\Cypress\PSoC Creator\3.3\PSoC Creator\warp\lib\common\std.vhd'.
Linking 'C:\Program Files (x86)\Cypress\PSoC Creator\3.3\PSoC Creator\warp\lib\common\cypress.vhd'.
Linking 'C:\Program Files (x86)\Cypress\PSoC Creator\3.3\PSoC Creator\warp\lib\common\work\cypress.vif'.
Linking 'C:\Program Files (x86)\Cypress\PSoC Creator\3.3\PSoC Creator\warp\lib\ieee\work\stdlogic.vif'.
Linking 'C:\Program Files (x86)\Cypress\PSoC Creator\3.3\PSoC Creator\warp\lib\common\stdlogic\lpmpkg.vif'.
Linking 'C:\Program Files (x86)\Cypress\PSoC Creator\3.3\PSoC Creator\warp\lib\common\stdlogic\rtlpkg.vif'.
Linking 'C:\Program Files (x86)\Cypress\PSoC Creator\3.3\PSoC Creator\warp\lib\common\stdlogic\mod_cnst.vif'.
Linking 'C:\Program Files (x86)\Cypress\PSoC Creator\3.3\PSoC Creator\warp\lib\common\stdlogic\mod_mthv.vif'.
Linking 'C:\Program Files (x86)\Cypress\PSoC Creator\3.3\PSoC Creator\warp\lib\common\stdlogic\mod_genv.vif'.
Linking 'D:\Utilisateurs\user\Documents\PSoC Creator\Workspace02\TP2_Mesure_Diode.cydsn\codegentemp\TP2_Mesure_Diode.ctl'.
Linking 'C:\Program Files (x86)\Cypress\PSoC Creator\3.3\PSoC Creator\psoc\content\cycomponentlibrary\CyComponentLibrary.cylib\AMux_v1_80\AMux_v1_80.v'.
Linking 'C:\Program Files (x86)\Cypress\PSoC Creator\3.3\PSoC Creator\warp\lib\common\cypress.v'.
Linking 'C:\Program Files (x86)\Cypress\PSoC Creator\3.3\PSoC Creator\warp\lib\common\cy_psoc3_inc.v'.
Linking 'D:\Utilisateurs\user\Documents\PSoC Creator\Workspace02\TP2_Mesure_Diode.cydsn\codegentemp\TP2_Mesure_Diode.v'.
Linking 'C:\Program Files (x86)\Cypress\PSoC Creator\3.3\PSoC Creator\psoc\content\cyprimitives\CyPrimitives.cylib\cy_vref_v1_60\cy_vref_v1_60.v'.
Linking 'C:\Program Files (x86)\Cypress\PSoC Creator\3.3\PSoC Creator\psoc\content\cyprimitives\CyPrimitives.cylib\cy_analog_virtualmux_v1_0\cy_analog_virtualmux_v1_0.v'.
Linking 'C:\Program Files (x86)\Cypress\PSoC Creator\3.3\PSoC Creator\psoc\content\cyprimitives\CyPrimitives.cylib\cy_virtualmux_v1_0\cy_virtualmux_v1_0.v'.
Linking 'C:\Program Files (x86)\Cypress\PSoC Creator\3.3\PSoC Creator\psoc\content\cyprimitives\CyPrimitives.cylib\ZeroTerminal\ZeroTerminal.v'.
Linking 'C:\Program Files (x86)\Cypress\PSoC Creator\3.3\PSoC Creator\psoc\content\cyprimitives\CyPrimitives.cylib\or_v1_0\or_v1_0.v'.
Linking 'C:\Program Files (x86)\Cypress\PSoC Creator\3.3\PSoC Creator\psoc\content\cyprimitives\CyPrimitives.cylib\not_v1_0\not_v1_0.v'.
Linking 'C:\Program Files (x86)\Cypress\PSoC Creator\3.3\PSoC Creator\warp\lib\lcpsoc3\stdlogic\cpsoc3.vif'.

----------------------------------------------------------
Detecting unused logic.
----------------------------------------------------------
    User names
	\ADC_DelSig_1:Net_268\
	\ADC_DelSig_1:Net_270\
	\USBUART_1:dma_complete_0\
	\USBUART_1:Net_1922\
	\USBUART_1:dma_complete_1\
	\USBUART_1:Net_1921\
	\USBUART_1:dma_complete_2\
	\USBUART_1:Net_1920\
	\USBUART_1:dma_complete_3\
	\USBUART_1:Net_1919\
	\USBUART_1:dma_complete_4\
	\USBUART_1:Net_1918\
	\USBUART_1:dma_complete_5\
	\USBUART_1:Net_1917\
	\USBUART_1:dma_complete_6\
	\USBUART_1:Net_1916\
	\USBUART_1:dma_complete_7\
	\USBUART_1:Net_1915\
	\IDAC8_1:Net_157\


Deleted 19 User equations/components.
Deleted 0 Synthesized equations/components.

------------------------------------------------------
Alias Detection
------------------------------------------------------
Aliasing one to tmpOE__POH_net_0
Aliasing tmpOE__POM_net_0 to tmpOE__POH_net_0
Aliasing tmpOE__POF_net_0 to tmpOE__POH_net_0
Aliasing \ADC_DelSig_1:Net_482\ to zero
Aliasing \ADC_DelSig_1:Net_252\ to zero
Aliasing \ADC_DelSig_1:soc\ to tmpOE__POH_net_0
Aliasing tmpOE__MUX_OUT_net_0 to tmpOE__POH_net_0
Aliasing \USBUART_1:tmpOE__Dm_net_0\ to tmpOE__POH_net_0
Aliasing \USBUART_1:tmpOE__Dp_net_0\ to tmpOE__POH_net_0
Aliasing \IDAC8_1:Net_125\ to zero
Aliasing \IDAC8_1:Net_194\ to zero
Aliasing \IDAC8_1:Net_195\ to zero
Removing Lhs of wire one[7] = tmpOE__POH_net_0[1]
Removing Lhs of wire tmpOE__POM_net_0[10] = tmpOE__POH_net_0[1]
Removing Lhs of wire tmpOE__POF_net_0[17] = tmpOE__POH_net_0[1]
Removing Rhs of wire \ADC_DelSig_1:Net_488\[37] = \ADC_DelSig_1:Net_250\[72]
Removing Lhs of wire \ADC_DelSig_1:Net_481\[39] = zero[2]
Removing Lhs of wire \ADC_DelSig_1:Net_482\[40] = zero[2]
Removing Lhs of wire \ADC_DelSig_1:Net_252\[74] = zero[2]
Removing Lhs of wire \ADC_DelSig_1:soc\[76] = tmpOE__POH_net_0[1]
Removing Lhs of wire tmpOE__MUX_OUT_net_0[82] = tmpOE__POH_net_0[1]
Removing Lhs of wire \USBUART_1:tmpOE__Dm_net_0\[90] = tmpOE__POH_net_0[1]
Removing Lhs of wire \USBUART_1:tmpOE__Dp_net_0\[97] = tmpOE__POH_net_0[1]
Removing Lhs of wire \IDAC8_1:Net_125\[149] = zero[2]
Removing Lhs of wire \IDAC8_1:Net_158\[150] = zero[2]
Removing Lhs of wire \IDAC8_1:Net_123\[151] = zero[2]
Removing Lhs of wire \IDAC8_1:Net_194\[155] = zero[2]
Removing Lhs of wire \IDAC8_1:Net_195\[156] = zero[2]

------------------------------------------------------
Aliased 0 equations, 16 wires.
------------------------------------------------------

----------------------------------------------------------
Circuit simplification
----------------------------------------------------------

Substituting virtuals - pass 1:


----------------------------------------------------------
Circuit simplification results:

	Expanded 0 signals.
	Turned 0 signals into soft nodes.
	Maximum default expansion cost was set at 3.
----------------------------------------------------------

topld:  No errors.

CYPRESS_DIR    : C:\Program Files (x86)\Cypress\PSoC Creator\3.3\PSoC Creator\warp
Warp Program   : C:\Program Files (x86)\Cypress\PSoC Creator\3.3\PSoC Creator\warp\bin/warp.exe
Warp Arguments : -yv2 -q10 -ygs -o2 -v3 -.fftcfgtype=LE -ya "-.fftprj=D:\Utilisateurs\user\Documents\PSoC Creator\Workspace02\TP2_Mesure_Diode.cydsn\TP2_Mesure_Diode.cyprj" -dcpsoc3 TP2_Mesure_Diode.v -verilog
</CYPRESSTAG>
Warp synthesis phase: Elapsed time ==> 0s.415ms
<CYPRESSTAG name="Fitter results...">
<CYPRESSTAG name="Fitter startup details...">
cyp3fit: V3.3.0.7343, Family: PSoC3, Started at: Tuesday, 01 March 2022 11:57:12
Options: -yv2 -q10 -ygs -o2 -v3 -.fftcfgtype=LE -ya -.fftprj=D:\Utilisateurs\user\Documents\PSoC Creator\Workspace02\TP2_Mesure_Diode.cydsn\TP2_Mesure_Diode.cyprj -d CY8C5888LTI-LP097 TP2_Mesure_Diode.v -verilog
</CYPRESSTAG>
<CYPRESSTAG name="Design parsing">
Design parsing phase: Elapsed time ==> 0s.008ms
</CYPRESSTAG>
<CYPRESSTAG name="Tech mapping">
<CYPRESSTAG name="Initial Mapping" icon="FILE_RPT_TECHM">
<CYPRESSTAG name="Global Clock Selection" icon="FILE_RPT_TECHM">
    Digital Clock 0: Automatic-assigning  clock 'ADC_DelSig_1_Ext_CP_Clk'. Fanout=1, Signal=\ADC_DelSig_1:Net_93\
    Analog  Clock 0: Automatic-assigning  clock 'ADC_DelSig_1_theACLK'. Fanout=1, Signal=\ADC_DelSig_1:Net_488\
</CYPRESSTAG>
<CYPRESSTAG name="UDB Clock/Enable Remapping Results">
</CYPRESSTAG>
ADD: pft.M0040: information: The following 2 pin(s) will be assigned a location by the fitter: \USBUART_1:Dm(0)\, \USBUART_1:Dp(0)\


Removing unused cells resulting from optimization
Done removing unused cells.
<CYPRESSTAG name="Duplicate Macrocell detection">
</CYPRESSTAG>
</CYPRESSTAG>
<CYPRESSTAG name="Duplicate Macrocell detection">
</CYPRESSTAG>
<CYPRESSTAG name="Design Equations" icon="FILE_RPT_EQUATION">

------------------------------------------------------------
Design Equations
------------------------------------------------------------
    <CYPRESSTAG name="Pin listing">

    ------------------------------------------------------------
    Pin listing
    ------------------------------------------------------------

    Pin : Name = POH(0)
        Attributes:
            In Group/Port: True
            In Sync Option: AUTO
            Out Sync Option: AUTO
            Interrupt generated: False
            Interrupt mode: NONE
            Drive mode: HI_Z_ANALOG
            VTrip: EITHER
            Slew: FAST
            Input Sync needed: False
            Output Sync needed: False
            SC shield enabled: False
            POR State: ANY
            LCD Mode: COMMON
            Register Mode: RegComb
            CaSense Mode: NEITHER
            Treat as pin: True
            Is OE Registered: False
            Uses Analog: True
            Can contain Digital: False
            Is SIO: False
            SIO Output Buf: NONREGULATED
            SIO Input Buf: SINGLE_ENDED
            SIO HiFreq: LOW
            SIO Hyst: DISABLED
            SIO Vtrip: MULTIPLIER_0_5
            SIO Multiplier Index: 0
            SIO RefSel: VCC_IO
            Required Capabilitites: ANALOG
            Initial Value: 0
            IO Voltage: 0
        PORT MAP (
            pa_out => POH(0)__PA ,
            analog_term => Net_34 ,
            pad => POH(0)_PAD );
        Properties:
        {
        }

    Pin : Name = POM(0)
        Attributes:
            In Group/Port: True
            In Sync Option: AUTO
            Out Sync Option: AUTO
            Interrupt generated: False
            Interrupt mode: NONE
            Drive mode: HI_Z_ANALOG
            VTrip: EITHER
            Slew: FAST
            Input Sync needed: False
            Output Sync needed: False
            SC shield enabled: False
            POR State: ANY
            LCD Mode: COMMON
            Register Mode: RegComb
            CaSense Mode: NEITHER
            Treat as pin: True
            Is OE Registered: False
            Uses Analog: True
            Can contain Digital: False
            Is SIO: False
            SIO Output Buf: NONREGULATED
            SIO Input Buf: SINGLE_ENDED
            SIO HiFreq: LOW
            SIO Hyst: DISABLED
            SIO Vtrip: MULTIPLIER_0_5
            SIO Multiplier Index: 0
            SIO RefSel: VCC_IO
            Required Capabilitites: ANALOG
            Initial Value: 0
            IO Voltage: 0
        PORT MAP (
            pa_out => POM(0)__PA ,
            analog_term => Net_35 ,
            pad => POM(0)_PAD );
        Properties:
        {
        }

    Pin : Name = POF(0)
        Attributes:
            In Group/Port: True
            In Sync Option: AUTO
            Out Sync Option: AUTO
            Interrupt generated: False
            Interrupt mode: NONE
            Drive mode: HI_Z_ANALOG
            VTrip: EITHER
            Slew: FAST
            Input Sync needed: False
            Output Sync needed: False
            SC shield enabled: False
            POR State: ANY
            LCD Mode: COMMON
            Register Mode: RegComb
            CaSense Mode: NEITHER
            Treat as pin: True
            Is OE Registered: False
            Uses Analog: True
            Can contain Digital: False
            Is SIO: False
            SIO Output Buf: NONREGULATED
            SIO Input Buf: SINGLE_ENDED
            SIO HiFreq: LOW
            SIO Hyst: DISABLED
            SIO Vtrip: MULTIPLIER_0_5
            SIO Multiplier Index: 0
            SIO RefSel: VCC_IO
            Required Capabilitites: ANALOG
            Initial Value: 0
            IO Voltage: 0
        PORT MAP (
            pa_out => POF(0)__PA ,
            analog_term => Net_13 ,
            pad => POF(0)_PAD );
        Properties:
        {
        }

    Pin : Name = MUX_OUT(0)
        Attributes:
            In Group/Port: True
            In Sync Option: AUTO
            Out Sync Option: AUTO
            Interrupt generated: False
            Interrupt mode: NONE
            Drive mode: HI_Z_ANALOG
            VTrip: EITHER
            Slew: FAST
            Input Sync needed: False
            Output Sync needed: False
            SC shield enabled: False
            POR State: ANY
            LCD Mode: COMMON
            Register Mode: RegComb
            CaSense Mode: NEITHER
            Treat as pin: True
            Is OE Registered: False
            Uses Analog: True
            Can contain Digital: False
            Is SIO: False
            SIO Output Buf: NONREGULATED
            SIO Input Buf: SINGLE_ENDED
            SIO HiFreq: LOW
            SIO Hyst: DISABLED
            SIO Vtrip: MULTIPLIER_0_5
            SIO Multiplier Index: 0
            SIO RefSel: VCC_IO
            Required Capabilitites: ANALOG
            Initial Value: 0
            IO Voltage: 0
        PORT MAP (
            pa_out => MUX_OUT(0)__PA ,
            analog_term => Net_21 ,
            pad => MUX_OUT(0)_PAD );
        Properties:
        {
        }

    Pin : Name = \USBUART_1:Dm(0)\
        Attributes:
            In Group/Port: True
            In Sync Option: AUTO
            Out Sync Option: AUTO
            Interrupt generated: False
            Interrupt mode: NONE
            Drive mode: HI_Z_ANALOG
            VTrip: EITHER
            Slew: FAST
            Input Sync needed: False
            Output Sync needed: False
            SC shield enabled: False
            POR State: ANY
            LCD Mode: COMMON
            Register Mode: RegComb
            CaSense Mode: NEITHER
            Treat as pin: True
            Is OE Registered: False
            Uses Analog: True
            Can contain Digital: False
            Is SIO: False
            SIO Output Buf: NONREGULATED
            SIO Input Buf: SINGLE_ENDED
            SIO HiFreq: LOW
            SIO Hyst: DISABLED
            SIO Vtrip: MULTIPLIER_0_5
            SIO Multiplier Index: 0
            SIO RefSel: VCC_IO
            Required Capabilitites: USB_D_MINUS
            Initial Value: 0
            IO Voltage: 0
        PORT MAP (
            pa_out => \USBUART_1:Dm(0)\__PA ,
            analog_term => \USBUART_1:Net_597\ ,
            pad => \USBUART_1:Dm(0)_PAD\ );

    Pin : Name = \USBUART_1:Dp(0)\
        Attributes:
            In Group/Port: True
            In Sync Option: SYNC
            Out Sync Option: AUTO
            Interrupt generated: True
            Interrupt mode: FALLING
            Drive mode: HI_Z_ANALOG
            VTrip: CMOS
            Slew: FAST
            Input Sync needed: True
            Output Sync needed: False
            SC shield enabled: False
            POR State: ANY
            LCD Mode: COMMON
            Register Mode: RegComb
            CaSense Mode: NEITHER
            Treat as pin: False
            Is OE Registered: False
            Uses Analog: True
            Can contain Digital: True
            Is SIO: False
            SIO Output Buf: NONREGULATED
            SIO Input Buf: SINGLE_ENDED
            SIO HiFreq: LOW
            SIO Hyst: DISABLED
            SIO Vtrip: MULTIPLIER_0_5
            SIO Multiplier Index: 0
            SIO RefSel: VCC_IO
            Required Capabilitites: USB_D_PLUS
            Initial Value: 1
            IO Voltage: 0
        PORT MAP (
            pa_out => \USBUART_1:Dp(0)\__PA ,
            analog_term => \USBUART_1:Net_1000\ ,
            pad => \USBUART_1:Dp(0)_PAD\ );
    </CYPRESSTAG>
    <CYPRESSTAG name="Macrocell listing" icon="FILE_RPT_EQUATION">

    ------------------------------------------------------------
    Macrocell listing
    ------------------------------------------------------------

    MacroCell: Name=__ONE__, Mode=(Combinatorial)
        Total # of inputs        : 0
        Total # of product terms : 0
            Clock Enable: True
        Main Equation            : 0 pterms
        !(
            0
        );
        Output = __ONE__ (fanout=1)
    </CYPRESSTAG>
    <CYPRESSTAG name="Datapath listing">
    </CYPRESSTAG>
    <CYPRESSTAG name="Status register listing">
    </CYPRESSTAG>
    <CYPRESSTAG name="StatusI register listing">
    </CYPRESSTAG>
    <CYPRESSTAG name="Sync listing">
    </CYPRESSTAG>
    <CYPRESSTAG name="Control register listing">
    </CYPRESSTAG>
    <CYPRESSTAG name="Count7 listing">
    </CYPRESSTAG>
    <CYPRESSTAG name="DRQ listing">
    </CYPRESSTAG>
    <CYPRESSTAG name="Interrupt listing">

    ------------------------------------------------------------
    Interrupt listing
    ------------------------------------------------------------

    interrupt: Name =\ADC_DelSig_1:IRQ\
        PORT MAP (
            interrupt => Net_1063 );
        Properties:
        {
            int_type = "10"
        }

    interrupt: Name =\USBUART_1:dp_int\
        PORT MAP (
            interrupt => \USBUART_1:Net_1010\ );
        Properties:
        {
            int_type = "10"
        }

    interrupt: Name =\USBUART_1:ep_3\
        PORT MAP (
            interrupt => \USBUART_1:ep_int_3\ );
        Properties:
        {
            int_type = "10"
        }

    interrupt: Name =\USBUART_1:ep_2\
        PORT MAP (
            interrupt => \USBUART_1:ep_int_2\ );
        Properties:
        {
            int_type = "10"
        }

    interrupt: Name =\USBUART_1:ep_1\
        PORT MAP (
            interrupt => \USBUART_1:ep_int_1\ );
        Properties:
        {
            int_type = "10"
        }

    interrupt: Name =\USBUART_1:ep_0\
        PORT MAP (
            interrupt => \USBUART_1:ep_int_0\ );
        Properties:
        {
            int_type = "10"
        }

    interrupt: Name =\USBUART_1:bus_reset\
        PORT MAP (
            interrupt => \USBUART_1:Net_1876\ );
        Properties:
        {
            int_type = "10"
        }

    interrupt: Name =\USBUART_1:arb_int\
        PORT MAP (
            interrupt => \USBUART_1:Net_1889\ );
        Properties:
        {
            int_type = "10"
        }

    interrupt: Name =\USBUART_1:sof_int\
        PORT MAP (
            interrupt => Net_358 );
        Properties:
        {
            int_type = "10"
        }
    </CYPRESSTAG>
</CYPRESSTAG>
<CYPRESSTAG name="Technology mapping summary" expanded>

------------------------------------------------------------
Technology mapping summary
------------------------------------------------------------

Resource Type                 : Used : Free :  Max :  % Used
============================================================
Digital Clocks                :    1 :    7 :    8 : 12.50 %
Analog Clocks                 :    1 :    3 :    4 : 25.00 %
CapSense Buffers              :    0 :    2 :    2 :  0.00 %
Digital Filter Block          :    0 :    1 :    1 :  0.00 %
Interrupts                    :    9 :   23 :   32 : 28.13 %
IO                            :    9 :   39 :   48 : 18.75 %
Segment LCD                   :    0 :    1 :    1 :  0.00 %
CAN 2.0b                      :    0 :    1 :    1 :  0.00 %
I2C                           :    0 :    1 :    1 :  0.00 %
USB                           :    1 :    0 :    1 : 100.00 %
DMA Channels                  :    0 :   24 :   24 :  0.00 %
Timer                         :    0 :    4 :    4 :  0.00 %
UDB                           :      :      :      :        
  Macrocells                  :    1 :  191 :  192 :  0.52 %
  Unique P-terms              :    0 :  384 :  384 :  0.00 %
  Total P-terms               :    0 :      :      :        
  Datapath Cells              :    0 :   24 :   24 :  0.00 %
  Status Cells                :    0 :   24 :   24 :  0.00 %
  Control Cells               :    0 :   24 :   24 :  0.00 %
Opamp                         :    0 :    4 :    4 :  0.00 %
Comparator                    :    0 :    4 :    4 :  0.00 %
Delta-Sigma ADC               :    1 :    0 :    1 : 100.00 %
LPF                           :    0 :    2 :    2 :  0.00 %
SAR ADC                       :    0 :    2 :    2 :  0.00 %
Analog (SC/CT) Blocks         :    0 :    4 :    4 :  0.00 %
DAC                           :      :      :      :        
  VIDAC                       :    1 :    3 :    4 : 25.00 %
</CYPRESSTAG>
Technology Mapping: Elapsed time ==> 0s.008ms
Tech mapping phase: Elapsed time ==> 0s.056ms
</CYPRESSTAG>
<CYPRESSTAG name="Analog Placement">
Initial Analog Placement Results:
IO_1@[IOP=(3)][IoId=(1)] : MUX_OUT(0) (fixed)
IO_7@[IOP=(2)][IoId=(7)] : POF(0) (fixed)
IO_6@[IOP=(3)][IoId=(6)] : POH(0) (fixed)
IO_7@[IOP=(1)][IoId=(7)] : POM(0) (fixed)
IO_7@[IOP=(15)][IoId=(7)] : \USBUART_1:Dm(0)\ (fixed)
IO_6@[IOP=(15)][IoId=(6)] : \USBUART_1:Dp(0)\ (fixed)
DSM[0]@[FFB(DSM,0)] : \ADC_DelSig_1:DSM\
Vref[6]@[FFB(Vref,6)] : \ADC_DelSig_1:vRef_1\
VIDAC[3]@[FFB(VIDAC,3)] : \IDAC8_1:viDAC8\
USB[0]@[FFB(USB,0)] : \USBUART_1:USB\
Log: apr.M0058: The analog placement iterative improvement is 28% done. (App=cydsfit)
Log: apr.M0058: The analog placement iterative improvement is 46% done. (App=cydsfit)
Log: apr.M0058: The analog placement iterative improvement is 67% done. (App=cydsfit)
Log: apr.M0058: The analog placement iterative improvement is 97% done. (App=cydsfit)
Analog Placement Results:
IO_1@[IOP=(3)][IoId=(1)] : MUX_OUT(0) (fixed)
IO_7@[IOP=(2)][IoId=(7)] : POF(0) (fixed)
IO_6@[IOP=(3)][IoId=(6)] : POH(0) (fixed)
IO_7@[IOP=(1)][IoId=(7)] : POM(0) (fixed)
IO_7@[IOP=(15)][IoId=(7)] : \USBUART_1:Dm(0)\ (fixed)
IO_6@[IOP=(15)][IoId=(6)] : \USBUART_1:Dp(0)\ (fixed)
DSM[0]@[FFB(DSM,0)] : \ADC_DelSig_1:DSM\
Vref[6]@[FFB(Vref,6)] : \ADC_DelSig_1:vRef_1\
VIDAC[1]@[FFB(VIDAC,1)] : \IDAC8_1:viDAC8\
USB[0]@[FFB(USB,0)] : \USBUART_1:USB\

Analog Placement phase: Elapsed time ==> 4s.181ms
</CYPRESSTAG>
<CYPRESSTAG name="Analog Routing">
Analog Routing phase: Elapsed time ==> 0s.012ms
</CYPRESSTAG>
<CYPRESSTAG name="Analog Code Generation">
============ Analog Final Answer Routes ============
Dump of CyAnalogRoutingResultsDB
Map of net to items {
  Net: Net_21 {
    dsm_0_vplus
    agl5_x_dsm_0_vplus
    agl5
    agl5_x_agr5
    agr5
    agr5_x_p3_1
    p3_1
  }
  Net: Net_34 {
    vidac_1_iout
    amuxbusr_x_vidac_1_iout
    amuxbusr
    amuxbusr_x_p3_6
    p3_6
  }
  Net: Net_35 {
    p1_7
  }
  Net: Net_13 {
    p2_7
  }
  Net: \ADC_DelSig_1:Net_20\ {
    dsm_0_vminus
  }
  Net: \ADC_DelSig_1:Net_35\ {
    common_vssa
  }
  Net: \ADC_DelSig_1:Net_677\ {
    dsm_0_qtz_ref
  }
  Net: \ADC_DelSig_1:Net_249\ {
  }
  Net: \ADC_DelSig_1:Net_257\ {
  }
  Net: \ADC_DelSig_1:Net_109\ {
  }
  Net: \IDAC8_1:Net_124\ {
  }
  Net: AmuxNet::AMux_1 {
    dsm_0_vplus
    agl3_x_dsm_0_vplus
    agl3
    agl3_x_agr3
    agr3
    agr3_x_p1_7
    agl3_x_p2_7
    p3_1
    amuxbusr_x_p3_1
    p1_7
    p2_7
  }
  Net: AmuxNet::\ADC_DelSig_1:AMux\ {
    dsm_0_vminus
    dsm_0_qtz_ref_x_dsm_0_vminus
    dsm_0_vminus_x_dsm_0_vminus_vssa
    dsm_0_qtz_ref
    dsm_0_vminus_vssa
    common_vssa
  }
}
Map of item to net {
  dsm_0_vplus                                      -> Net_21
  agl5_x_dsm_0_vplus                               -> Net_21
  agl5                                             -> Net_21
  agl5_x_agr5                                      -> Net_21
  agr5                                             -> Net_21
  agr5_x_p3_1                                      -> Net_21
  p3_1                                             -> Net_21
  vidac_1_iout                                     -> Net_34
  amuxbusr_x_vidac_1_iout                          -> Net_34
  amuxbusr                                         -> Net_34
  amuxbusr_x_p3_6                                  -> Net_34
  p3_6                                             -> Net_34
  p1_7                                             -> Net_35
  p2_7                                             -> Net_13
  dsm_0_vminus                                     -> \ADC_DelSig_1:Net_20\
  common_vssa                                      -> \ADC_DelSig_1:Net_35\
  dsm_0_qtz_ref                                    -> \ADC_DelSig_1:Net_677\
  agl3_x_dsm_0_vplus                               -> AmuxNet::AMux_1
  agl3                                             -> AmuxNet::AMux_1
  agl3_x_agr3                                      -> AmuxNet::AMux_1
  agr3                                             -> AmuxNet::AMux_1
  agr3_x_p1_7                                      -> AmuxNet::AMux_1
  agl3_x_p2_7                                      -> AmuxNet::AMux_1
  amuxbusr_x_p3_1                                  -> AmuxNet::AMux_1
  dsm_0_qtz_ref_x_dsm_0_vminus                     -> AmuxNet::\ADC_DelSig_1:AMux\
  dsm_0_vminus_x_dsm_0_vminus_vssa                 -> AmuxNet::\ADC_DelSig_1:AMux\
  dsm_0_vminus_vssa                                -> AmuxNet::\ADC_DelSig_1:AMux\
}
Mux Info {
  Mux: AMux_1 {
     Mouth: Net_21
     Guts:  AmuxNet::AMux_1
     IsSingleSwitching: False
     IsStaticSwitching: True
     IsAtMostOneSwitch: False
    Arm: 0 {
      Net:   Net_34
      Outer: amuxbusr_x_p3_1
      Inner: __open__
      Path {
        amuxbusr_x_p3_1
        p3_1
      }
    }
    Arm: 1 {
      Net:   Net_35
      Outer: agr3_x_p1_7
      Inner: agl3_x_agr3
      Path {
        p1_7
        agr3_x_p1_7
        agr3
        agl3_x_agr3
        agl3
        agl3_x_dsm_0_vplus
        dsm_0_vplus
      }
    }
    Arm: 2 {
      Net:   Net_13
      Outer: agl3_x_p2_7
      Inner: __open__
      Path {
        p2_7
        agl3_x_p2_7
        agl3
        agl3_x_dsm_0_vplus
        dsm_0_vplus
      }
    }
  }
  Mux: \ADC_DelSig_1:AMux\ {
     Mouth: \ADC_DelSig_1:Net_20\
     Guts:  AmuxNet::\ADC_DelSig_1:AMux\
     IsSingleSwitching: False
     IsStaticSwitching: True
     IsAtMostOneSwitch: False
    Arm: 0 {
      Net:   \ADC_DelSig_1:Net_35\
      Outer: dsm_0_vminus_x_dsm_0_vminus_vssa
      Inner: __open__
      Path {
        common_vssa
        dsm_0_vminus_vssa
        dsm_0_vminus_x_dsm_0_vminus_vssa
        dsm_0_vminus
      }
    }
    Arm: 1 {
      Net:   \ADC_DelSig_1:Net_677\
      Outer: dsm_0_qtz_ref_x_dsm_0_vminus
      Inner: __open__
      Path {
        dsm_0_qtz_ref
        dsm_0_qtz_ref_x_dsm_0_vminus
        dsm_0_vminus
      }
    }
  }
}
Dump of CyP35AnalogRoutingResultsDB
IsVddaHalfUsedForComp = False
IsVddaHalfUsedForSar0 = False
IsVddaHalfUsedForSar1 = False
Analog Code Generation phase: Elapsed time ==> 0s.272ms
</CYPRESSTAG>
<CYPRESSTAG name="Digital Placement">
<CYPRESSTAG name="Detailed placement messages">
I2659: No Constrained paths were found. The placer will run in non-timing driven mode.
I2076: Total run-time: 0.4 sec.

</CYPRESSTAG>
<CYPRESSTAG name="PLD Packing">
<CYPRESSTAG name="PLD Packing Summary" expanded>

------------------------------------------------------------
PLD Packing Summary
------------------------------------------------------------
            Resource Type : Used : Free :  Max :  % Used
    ====================================================
                     PLDs :    1 :   47 :   48 :   2.08%

<CYPRESSTAG name="PLD Statistics">

        PLD Resource Type :     Average/LAB
    =======================================
                   Inputs :            0.00
                   Pterms :            0.00
               Macrocells :            1.00
</CYPRESSTAG>
<CYPRESSTAG name="Packed PLD Contents">
Packed PLD Contents not displayed at this verbose level.</CYPRESSTAG>
</CYPRESSTAG>
PLD Packing: Elapsed time ==> 0s.001ms
</CYPRESSTAG>
<CYPRESSTAG name="Partitioning">
<CYPRESSTAG name="Initial Partitioning Summary">
Initial Partitioning Summary not displayed at this verbose level.</CYPRESSTAG>
<CYPRESSTAG name="Final Partitioning Summary">
Final Partitioning Summary not displayed at this verbose level.</CYPRESSTAG>
Partitioning: Elapsed time ==> 0s.014ms
</CYPRESSTAG>
<CYPRESSTAG name="Simulated Annealing">
Annealing: Elapsed time ==> 0s.001ms
<CYPRESSTAG name="Simulated Annealing Results">
The seed used for moves was 114161200.
Inital cost was 157, final cost is 157 (0.00% improvement).</CYPRESSTAG>
</CYPRESSTAG>
<CYPRESSTAG name="Final Placement Summary">

------------------------------------------------------------
Final Placement Summary
------------------------------------------------------------

       Resource Type :      Count : Avg Inputs : Avg Outputs
    ========================================================
                 UDB :          1 :       0.00 :       1.00
<CYPRESSTAG name="Final Placement Details">
<CYPRESSTAG name="Component Details">

------------------------------------------------------------
Component Placement Details
------------------------------------------------------------
UDB [UDB=(0,0)] is empty.
UDB [UDB=(0,1)] is empty.
UDB [UDB=(0,2)] is empty.
UDB [UDB=(0,3)] is empty.
UDB [UDB=(0,4)] is empty.
UDB [UDB=(0,5)] is empty.
UDB [UDB=(1,0)] is empty.
UDB [UDB=(1,1)] is empty.
UDB [UDB=(1,2)] is empty.
UDB [UDB=(1,3)] contents:
LAB@[UDB=(1,3)][LB=0] #macrocells=1, #inputs=0, #pterms=0
{
    [McSlotId=0]:     MacroCell: Name=__ONE__, Mode=(Combinatorial) @ [UDB=(1,3)][LB=0][MC=0]
        Total # of inputs        : 0
        Total # of product terms : 0
            Clock Enable: True
        Main Equation            : 0 pterms
        !(
            0
        );
        Output = __ONE__ (fanout=1)
        Properties               : 
        {
        }

    [McSlotId=1]: (empty)
    [McSlotId=2]: (empty)
    [McSlotId=3]: (empty)
}

UDB [UDB=(1,4)] is empty.
UDB [UDB=(1,5)] is empty.
UDB [UDB=(2,0)] is empty.
UDB [UDB=(2,1)] is empty.
UDB [UDB=(2,2)] is empty.
UDB [UDB=(2,3)] is empty.
UDB [UDB=(2,4)] is empty.
UDB [UDB=(2,5)] is empty.
UDB [UDB=(3,0)] is empty.
UDB [UDB=(3,1)] is empty.
UDB [UDB=(3,2)] is empty.
UDB [UDB=(3,3)] is empty.
UDB [UDB=(3,4)] is empty.
UDB [UDB=(3,5)] is empty.
Intr container @ [IntrContainer=(0)]: 
  Intr@ [IntrContainer=(0)][IntrId=(0)] 
    interrupt: Name =\USBUART_1:ep_1\
        PORT MAP (
            interrupt => \USBUART_1:ep_int_1\ );
        Properties:
        {
            int_type = "10"
        }
  Intr@ [IntrContainer=(0)][IntrId=(1)] 
    interrupt: Name =\USBUART_1:ep_2\
        PORT MAP (
            interrupt => \USBUART_1:ep_int_2\ );
        Properties:
        {
            int_type = "10"
        }
  Intr@ [IntrContainer=(0)][IntrId=(2)] 
    interrupt: Name =\USBUART_1:ep_3\
        PORT MAP (
            interrupt => \USBUART_1:ep_int_3\ );
        Properties:
        {
            int_type = "10"
        }
  Intr@ [IntrContainer=(0)][IntrId=(12)] 
    interrupt: Name =\USBUART_1:dp_int\
        PORT MAP (
            interrupt => \USBUART_1:Net_1010\ );
        Properties:
        {
            int_type = "10"
        }
  Intr@ [IntrContainer=(0)][IntrId=(21)] 
    interrupt: Name =\USBUART_1:sof_int\
        PORT MAP (
            interrupt => Net_358 );
        Properties:
        {
            int_type = "10"
        }
  Intr@ [IntrContainer=(0)][IntrId=(22)] 
    interrupt: Name =\USBUART_1:arb_int\
        PORT MAP (
            interrupt => \USBUART_1:Net_1889\ );
        Properties:
        {
            int_type = "10"
        }
  Intr@ [IntrContainer=(0)][IntrId=(23)] 
    interrupt: Name =\USBUART_1:bus_reset\
        PORT MAP (
            interrupt => \USBUART_1:Net_1876\ );
        Properties:
        {
            int_type = "10"
        }
  Intr@ [IntrContainer=(0)][IntrId=(24)] 
    interrupt: Name =\USBUART_1:ep_0\
        PORT MAP (
            interrupt => \USBUART_1:ep_int_0\ );
        Properties:
        {
            int_type = "10"
        }
  Intr@ [IntrContainer=(0)][IntrId=(29)] 
    interrupt: Name =\ADC_DelSig_1:IRQ\
        PORT MAP (
            interrupt => Net_1063 );
        Properties:
        {
            int_type = "10"
        }
Drq container @ [DrqContainer=(0)]: empty
Port 0 is empty
Port 1 contains the following IO cells:
[IoId=7]: 
Pin : Name = POM(0)
    Attributes:
        In Group/Port: True
        In Sync Option: AUTO
        Out Sync Option: AUTO
        Interrupt generated: False
        Interrupt mode: NONE
        Drive mode: HI_Z_ANALOG
        VTrip: EITHER
        Slew: FAST
        Input Sync needed: False
        Output Sync needed: False
        SC shield enabled: False
        POR State: ANY
        LCD Mode: COMMON
        Register Mode: RegComb
        CaSense Mode: NEITHER
        Treat as pin: True
        Is OE Registered: False
        Uses Analog: True
        Can contain Digital: False
        Is SIO: False
        SIO Output Buf: NONREGULATED
        SIO Input Buf: SINGLE_ENDED
        SIO HiFreq: LOW
        SIO Hyst: DISABLED
        SIO Vtrip: MULTIPLIER_0_5
        SIO Multiplier Index: 0
        SIO RefSel: VCC_IO
        Required Capabilitites: ANALOG
        Initial Value: 0
        IO Voltage: 0
    PORT MAP (
        pa_out => POM(0)__PA ,
        analog_term => Net_35 ,
        pad => POM(0)_PAD );
    Properties:
    {
    }

Port 2 contains the following IO cells:
[IoId=7]: 
Pin : Name = POF(0)
    Attributes:
        In Group/Port: True
        In Sync Option: AUTO
        Out Sync Option: AUTO
        Interrupt generated: False
        Interrupt mode: NONE
        Drive mode: HI_Z_ANALOG
        VTrip: EITHER
        Slew: FAST
        Input Sync needed: False
        Output Sync needed: False
        SC shield enabled: False
        POR State: ANY
        LCD Mode: COMMON
        Register Mode: RegComb
        CaSense Mode: NEITHER
        Treat as pin: True
        Is OE Registered: False
        Uses Analog: True
        Can contain Digital: False
        Is SIO: False
        SIO Output Buf: NONREGULATED
        SIO Input Buf: SINGLE_ENDED
        SIO HiFreq: LOW
        SIO Hyst: DISABLED
        SIO Vtrip: MULTIPLIER_0_5
        SIO Multiplier Index: 0
        SIO RefSel: VCC_IO
        Required Capabilitites: ANALOG
        Initial Value: 0
        IO Voltage: 0
    PORT MAP (
        pa_out => POF(0)__PA ,
        analog_term => Net_13 ,
        pad => POF(0)_PAD );
    Properties:
    {
    }

Port 3 contains the following IO cells:
[IoId=1]: 
Pin : Name = MUX_OUT(0)
    Attributes:
        In Group/Port: True
        In Sync Option: AUTO
        Out Sync Option: AUTO
        Interrupt generated: False
        Interrupt mode: NONE
        Drive mode: HI_Z_ANALOG
        VTrip: EITHER
        Slew: FAST
        Input Sync needed: False
        Output Sync needed: False
        SC shield enabled: False
        POR State: ANY
        LCD Mode: COMMON
        Register Mode: RegComb
        CaSense Mode: NEITHER
        Treat as pin: True
        Is OE Registered: False
        Uses Analog: True
        Can contain Digital: False
        Is SIO: False
        SIO Output Buf: NONREGULATED
        SIO Input Buf: SINGLE_ENDED
        SIO HiFreq: LOW
        SIO Hyst: DISABLED
        SIO Vtrip: MULTIPLIER_0_5
        SIO Multiplier Index: 0
        SIO RefSel: VCC_IO
        Required Capabilitites: ANALOG
        Initial Value: 0
        IO Voltage: 0
    PORT MAP (
        pa_out => MUX_OUT(0)__PA ,
        analog_term => Net_21 ,
        pad => MUX_OUT(0)_PAD );
    Properties:
    {
    }

[IoId=6]: 
Pin : Name = POH(0)
    Attributes:
        In Group/Port: True
        In Sync Option: AUTO
        Out Sync Option: AUTO
        Interrupt generated: False
        Interrupt mode: NONE
        Drive mode: HI_Z_ANALOG
        VTrip: EITHER
        Slew: FAST
        Input Sync needed: False
        Output Sync needed: False
        SC shield enabled: False
        POR State: ANY
        LCD Mode: COMMON
        Register Mode: RegComb
        CaSense Mode: NEITHER
        Treat as pin: True
        Is OE Registered: False
        Uses Analog: True
        Can contain Digital: False
        Is SIO: False
        SIO Output Buf: NONREGULATED
        SIO Input Buf: SINGLE_ENDED
        SIO HiFreq: LOW
        SIO Hyst: DISABLED
        SIO Vtrip: MULTIPLIER_0_5
        SIO Multiplier Index: 0
        SIO RefSel: VCC_IO
        Required Capabilitites: ANALOG
        Initial Value: 0
        IO Voltage: 0
    PORT MAP (
        pa_out => POH(0)__PA ,
        analog_term => Net_34 ,
        pad => POH(0)_PAD );
    Properties:
    {
    }

Port 12 is empty
Port 15 generates interrupt for logical port:
    logicalport: Name =\USBUART_1:Dp\
        PORT MAP (
            in_clock_en => tmpOE__POH_net_0 ,
            in_reset => zero ,
            out_clock_en => tmpOE__POH_net_0 ,
            out_reset => zero ,
            interrupt => \USBUART_1:Net_1010\ ,
            in_clock => ClockBlock_BUS_CLK );
        Properties:
        {
            drive_mode = "000"
            ibuf_enabled = "0"
            id = "beca5e2d-f70f-4900-a4db-7eca1ed3126e/618a72fc-5ddd-4df5-958f-a3d55102db42"
            init_dr_st = "1"
            input_buffer_sel = "00"
            input_clk_en = 0
            input_sync = "1"
            input_sync_mode = "0"
            intr_mode = "10"
            invert_in_clock = 0
            invert_in_clock_en = 0
            invert_in_reset = 0
            invert_out_clock = 0
            invert_out_clock_en = 0
            invert_out_reset = 0
            io_voltage = ""
            layout_mode = "CONTIGUOUS"
            oe_conn = "0"
            oe_reset = 0
            oe_sync = "0"
            output_clk_en = 0
            output_clock_mode = "0"
            output_conn = "0"
            output_mode = "0"
            output_reset = 0
            output_sync = "0"
            ovt_hyst_trim = "0"
            ovt_needed = "0"
            ovt_slew_control = "00"
            pa_in_clock = -1
            pa_in_clock_en = -1
            pa_in_reset = -1
            pa_out_clock = -1
            pa_out_clock_en = -1
            pa_out_reset = -1
            pin_aliases = ""
            pin_mode = "I"
            por_state = 4
            port_alias_group = ""
            port_alias_required = 0
            sio_group_cnt = 0
            sio_hifreq = "00000000"
            sio_hyst = "1"
            sio_ibuf = "00000000"
            sio_info = "00"
            sio_obuf = "00000000"
            sio_refsel = "00000000"
            sio_vohsel = "00000000"
            sio_vtrip = "00000000"
            slew_rate = "0"
            spanning = 0
            sw_only = 0
            use_annotation = "0"
            vtrip = "00"
            width = 1
        }
    and contains the following IO cells:
[IoId=6]: 
Pin : Name = \USBUART_1:Dp(0)\
    Attributes:
        In Group/Port: True
        In Sync Option: SYNC
        Out Sync Option: AUTO
        Interrupt generated: True
        Interrupt mode: FALLING
        Drive mode: HI_Z_ANALOG
        VTrip: CMOS
        Slew: FAST
        Input Sync needed: True
        Output Sync needed: False
        SC shield enabled: False
        POR State: ANY
        LCD Mode: COMMON
        Register Mode: RegComb
        CaSense Mode: NEITHER
        Treat as pin: False
        Is OE Registered: False
        Uses Analog: True
        Can contain Digital: True
        Is SIO: False
        SIO Output Buf: NONREGULATED
        SIO Input Buf: SINGLE_ENDED
        SIO HiFreq: LOW
        SIO Hyst: DISABLED
        SIO Vtrip: MULTIPLIER_0_5
        SIO Multiplier Index: 0
        SIO RefSel: VCC_IO
        Required Capabilitites: USB_D_PLUS
        Initial Value: 1
        IO Voltage: 0
    PORT MAP (
        pa_out => \USBUART_1:Dp(0)\__PA ,
        analog_term => \USBUART_1:Net_1000\ ,
        pad => \USBUART_1:Dp(0)_PAD\ );
    Properties:
    {
    }

[IoId=7]: 
Pin : Name = \USBUART_1:Dm(0)\
    Attributes:
        In Group/Port: True
        In Sync Option: AUTO
        Out Sync Option: AUTO
        Interrupt generated: False
        Interrupt mode: NONE
        Drive mode: HI_Z_ANALOG
        VTrip: EITHER
        Slew: FAST
        Input Sync needed: False
        Output Sync needed: False
        SC shield enabled: False
        POR State: ANY
        LCD Mode: COMMON
        Register Mode: RegComb
        CaSense Mode: NEITHER
        Treat as pin: True
        Is OE Registered: False
        Uses Analog: True
        Can contain Digital: False
        Is SIO: False
        SIO Output Buf: NONREGULATED
        SIO Input Buf: SINGLE_ENDED
        SIO HiFreq: LOW
        SIO Hyst: DISABLED
        SIO Vtrip: MULTIPLIER_0_5
        SIO Multiplier Index: 0
        SIO RefSel: VCC_IO
        Required Capabilitites: USB_D_MINUS
        Initial Value: 0
        IO Voltage: 0
    PORT MAP (
        pa_out => \USBUART_1:Dm(0)\__PA ,
        analog_term => \USBUART_1:Net_597\ ,
        pad => \USBUART_1:Dm(0)_PAD\ );
    Properties:
    {
    }

CAN 2.0b group 0: empty
Cache group 0: empty
CapSense group 0: empty
Clock group 0: 
    Clock Block @ F(Clock,0): 
    clockblockcell: Name =ClockBlock
        PORT MAP (
            imo => ClockBlock_IMO ,
            pllout => ClockBlock_PLL_OUT ,
            ilo => ClockBlock_ILO ,
            clk_100k => ClockBlock_100k ,
            clk_1k => ClockBlock_1k ,
            clk_32k => ClockBlock_32k ,
            xtal => ClockBlock_XTAL ,
            clk_32k_xtal => ClockBlock_XTAL_32KHZ ,
            clk_sync => ClockBlock_MASTER_CLK ,
            clk_bus_glb => ClockBlock_BUS_CLK ,
            clk_bus => ClockBlock_BUS_CLK_local ,
            dclk_glb_0 => \ADC_DelSig_1:Net_93\ ,
            dclk_0 => \ADC_DelSig_1:Net_93_local\ ,
            aclk_glb_0 => \ADC_DelSig_1:Net_488\ ,
            aclk_0 => \ADC_DelSig_1:Net_488_local\ ,
            clk_a_dig_glb_0 => \ADC_DelSig_1:Net_488_adig\ ,
            clk_a_dig_0 => \ADC_DelSig_1:Net_488_adig_local\ );
        Properties:
        {
        }
Comparator group 0: empty
Digital Filter Block group 0: empty
Delta-Sigma ADC group 0: 
    DS Modulator @ F(DSM,0): 
    dsmodcell: Name =\ADC_DelSig_1:DSM\
        PORT MAP (
            aclock => \ADC_DelSig_1:Net_488\ ,
            vplus => Net_21 ,
            vminus => \ADC_DelSig_1:Net_20\ ,
            reset_dec => \ADC_DelSig_1:mod_reset\ ,
            extclk_cp_udb => \ADC_DelSig_1:Net_93_local\ ,
            ext_pin_1 => \ADC_DelSig_1:Net_249\ ,
            ext_pin_2 => \ADC_DelSig_1:Net_257\ ,
            ext_vssa => \ADC_DelSig_1:Net_109\ ,
            qtz_ref => \ADC_DelSig_1:Net_677\ ,
            dec_clock => \ADC_DelSig_1:aclock\ ,
            mod_dat_3 => \ADC_DelSig_1:mod_dat_3\ ,
            mod_dat_2 => \ADC_DelSig_1:mod_dat_2\ ,
            mod_dat_1 => \ADC_DelSig_1:mod_dat_1\ ,
            mod_dat_0 => \ADC_DelSig_1:mod_dat_0\ ,
            dout_udb_7 => \ADC_DelSig_1:Net_245_7\ ,
            dout_udb_6 => \ADC_DelSig_1:Net_245_6\ ,
            dout_udb_5 => \ADC_DelSig_1:Net_245_5\ ,
            dout_udb_4 => \ADC_DelSig_1:Net_245_4\ ,
            dout_udb_3 => \ADC_DelSig_1:Net_245_3\ ,
            dout_udb_2 => \ADC_DelSig_1:Net_245_2\ ,
            dout_udb_1 => \ADC_DelSig_1:Net_245_1\ ,
            dout_udb_0 => \ADC_DelSig_1:Net_245_0\ );
        Properties:
        {
            cy_registers = ""
            resolution = 16
        }
Decimator group 0: 
    Decimator Block @ F(Decimator,0): 
    decimatorcell: Name =\ADC_DelSig_1:DEC\
        PORT MAP (
            aclock => \ADC_DelSig_1:aclock\ ,
            mod_dat_3 => \ADC_DelSig_1:mod_dat_3\ ,
            mod_dat_2 => \ADC_DelSig_1:mod_dat_2\ ,
            mod_dat_1 => \ADC_DelSig_1:mod_dat_1\ ,
            mod_dat_0 => \ADC_DelSig_1:mod_dat_0\ ,
            ext_start => __ONE__ ,
            modrst => \ADC_DelSig_1:mod_reset\ ,
            interrupt => Net_1063 );
        Properties:
        {
            cy_registers = ""
        }
EMIF group 0: empty
I2C group 0: empty
Segment LCD group 0: empty
LVD group 0: empty
PM group 0: empty
Analog (SC/CT) Blocks group 0: empty
SPC group 0: empty
Timer group 0: empty
USB group 0: 
    USB Block @ F(USB,0): 
    usbcell: Name =\USBUART_1:USB\
        PORT MAP (
            dp => \USBUART_1:Net_1000\ ,
            dm => \USBUART_1:Net_597\ ,
            sof_int => Net_358 ,
            arb_int => \USBUART_1:Net_1889\ ,
            usb_int => \USBUART_1:Net_1876\ ,
            ept_int_8 => \USBUART_1:ep_int_8\ ,
            ept_int_7 => \USBUART_1:ep_int_7\ ,
            ept_int_6 => \USBUART_1:ep_int_6\ ,
            ept_int_5 => \USBUART_1:ep_int_5\ ,
            ept_int_4 => \USBUART_1:ep_int_4\ ,
            ept_int_3 => \USBUART_1:ep_int_3\ ,
            ept_int_2 => \USBUART_1:ep_int_2\ ,
            ept_int_1 => \USBUART_1:ep_int_1\ ,
            ept_int_0 => \USBUART_1:ep_int_0\ ,
            ord_int => \USBUART_1:Net_95\ ,
            dma_req_7 => \USBUART_1:dma_request_7\ ,
            dma_req_6 => \USBUART_1:dma_request_6\ ,
            dma_req_5 => \USBUART_1:dma_request_5\ ,
            dma_req_4 => \USBUART_1:dma_request_4\ ,
            dma_req_3 => \USBUART_1:dma_request_3\ ,
            dma_req_2 => \USBUART_1:dma_request_2\ ,
            dma_req_1 => \USBUART_1:dma_request_1\ ,
            dma_req_0 => \USBUART_1:dma_request_0\ ,
            dma_termin => \USBUART_1:dma_terminate\ );
        Properties:
        {
            cy_registers = ""
        }
VIDAC group 0: 
    VIDAC Block @ F(VIDAC,1): 
    vidaccell: Name =\IDAC8_1:viDAC8\
        PORT MAP (
            vout => \IDAC8_1:Net_124\ ,
            iout => Net_34 );
        Properties:
        {
            cy_registers = ""
            is_all_if_any = 0
            reg_data = 0
        }
Opamp group 0: empty
CapSense Buffers group 0: empty
Vref group 0: 
    Vref Block @ F(Vref,6): 
    vrefcell: Name =\ADC_DelSig_1:vRef_1\
        PORT MAP (
            vout => \ADC_DelSig_1:Net_35\ );
        Properties:
        {
            autoenable = 1
            guid = "15B3DB15-B7B3-4d62-A2DF-25EA392A7161"
            ignoresleep = 0
            name = "Vssa (GND)"
        }
LPF group 0: empty
SAR ADC group 0: empty

Blocks not positioned by the digital component placer:
    Amux Block @ <No Location>: 
    amuxcell: Name =AMux_1
        PORT MAP (
            muxin_2 => Net_13 ,
            muxin_1 => Net_35 ,
            muxin_0 => Net_34 ,
            vout => Net_21 );
        Properties:
        {
            api_type = 0
            connect_mode = 1
            cy_registers = ""
            hw_control = 0
            init_mux_sel = "000"
            muxin_width = 3
            one_active = 0
        }
    Amux Block @ <No Location>: 
    amuxcell: Name =\ADC_DelSig_1:AMux\
        PORT MAP (
            muxin_1 => \ADC_DelSig_1:Net_677\ ,
            muxin_0 => \ADC_DelSig_1:Net_35\ ,
            vout => \ADC_DelSig_1:Net_20\ );
        Properties:
        {
            api_type = 0
            connect_mode = 1
            cy_registers = ""
            hw_control = 0
            init_mux_sel = "00"
            muxin_width = 2
            one_active = 0
        }
</CYPRESSTAG>
<CYPRESSTAG name="Port Configuration Details">

------------------------------------------------------------
Port Configuration report
------------------------------------------------------------
     |     |       | Interrupt |                  |                   | 
Port | Pin | Fixed |      Type |       Drive Mode |              Name | Connections
-----+-----+-------+-----------+------------------+-------------------+-----------------------------
   1 |   7 |     * |      NONE |      HI_Z_ANALOG |            POM(0) | Analog(Net_35)
-----+-----+-------+-----------+------------------+-------------------+-----------------------------
   2 |   7 |     * |      NONE |      HI_Z_ANALOG |            POF(0) | Analog(Net_13)
-----+-----+-------+-----------+------------------+-------------------+-----------------------------
   3 |   1 |     * |      NONE |      HI_Z_ANALOG |        MUX_OUT(0) | Analog(Net_21)
     |   6 |     * |      NONE |      HI_Z_ANALOG |            POH(0) | Analog(Net_34)
-----+-----+-------+-----------+------------------+-------------------+-----------------------------
  15 |   6 |       |   FALLING |      HI_Z_ANALOG | \USBUART_1:Dp(0)\ | Analog(\USBUART_1:Net_1000\)
     |   7 |       |      NONE |      HI_Z_ANALOG | \USBUART_1:Dm(0)\ | Analog(\USBUART_1:Net_597\)
----------------------------------------------------------------------------------------------------
</CYPRESSTAG>
</CYPRESSTAG>
</CYPRESSTAG>
Digital component placer commit/Report: Elapsed time ==> 0s.001ms
Digital Placement phase: Elapsed time ==> 0s.696ms
</CYPRESSTAG>
<CYPRESSTAG name="Digital Routing">
Routing successful.
Digital Routing phase: Elapsed time ==> 1s.004ms
</CYPRESSTAG>
<CYPRESSTAG name="Bitstream and API generation">
Bitstream and API generation phase: Elapsed time ==> 0s.183ms
</CYPRESSTAG>
<CYPRESSTAG name="Bitstream verification">
Bitstream verification phase: Elapsed time ==> 0s.027ms
</CYPRESSTAG>
<CYPRESSTAG name="Static timing analysis">
Timing report is in TP2_Mesure_Diode_timing.html.
Static timing analysis phase: Elapsed time ==> 0s.248ms
</CYPRESSTAG>
<CYPRESSTAG name="Data reporting">
Data reporting phase: Elapsed time ==> 0s.000ms
</CYPRESSTAG>
<CYPRESSTAG name="Database update...">
Design database save phase: Elapsed time ==> 0s.129ms
</CYPRESSTAG>
cydsfit: Elapsed time ==> 6s.828ms
</CYPRESSTAG>
Fitter phase: Elapsed time ==> 6s.858ms
API generation phase: Elapsed time ==> 1s.530ms
Dependency generation phase: Elapsed time ==> 0s.008ms
Cleanup phase: Elapsed time ==> 0s.001ms
