ARM GAS  C:\Users\user\AppData\Local\Temp\cccNJjMg.s 			page 1


   1              		.syntax unified
   2              		.cpu cortex-m3
   3              		.fpu softvfp
   4              		.eabi_attribute 20, 1
   5              		.eabi_attribute 21, 1
   6              		.eabi_attribute 23, 3
   7              		.eabi_attribute 24, 1
   8              		.eabi_attribute 25, 1
   9              		.eabi_attribute 26, 1
  10              		.eabi_attribute 30, 1
  11              		.eabi_attribute 34, 1
  12              		.eabi_attribute 18, 4
  13              		.thumb
  14              		.file	"main.c"
  15              		.text
  16              	.Ltext0:
  17              		.cfi_sections	.debug_frame
  18              		.section	.text.main,"ax",%progbits
  19              		.align	2
  20              		.global	main
  21              		.thumb
  22              		.thumb_func
  23              		.type	main, %function
  24              	main:
  25              	.LFB63:
  26              		.file 1 ".\\main.c"
   1:.\main.c      **** /* ========================================
   2:.\main.c      ****  *
   3:.\main.c      ****  * Copyright YOUR COMPANY, THE YEAR
   4:.\main.c      ****  * All Rights Reserved
   5:.\main.c      ****  * UNPUBLISHED, LICENSED SOFTWARE.
   6:.\main.c      ****  *
   7:.\main.c      ****  * CONFIDENTIAL AND PROPRIETARY INFORMATION
   8:.\main.c      ****  * WHICH IS THE PROPERTY OF your company.
   9:.\main.c      ****  *
  10:.\main.c      ****  * ========================================
  11:.\main.c      **** */
  12:.\main.c      **** #include <project.h>
  13:.\main.c      **** #include <stdio.h>
  14:.\main.c      **** 
  15:.\main.c      **** int val = 0;
  16:.\main.c      **** char valeur[8] = {0};
  17:.\main.c      **** 
  18:.\main.c      **** int main()
  19:.\main.c      **** {
  27              		.loc 1 19 0
  28              		.cfi_startproc
  29              		@ Volatile: function does not return.
  30              		@ args = 0, pretend = 0, frame = 0
  31              		@ frame_needed = 0, uses_anonymous_args = 0
  32 0000 08B5     		push	{r3, lr}
  33              		.cfi_def_cfa_offset 8
  34              		.cfi_offset 3, -8
  35              		.cfi_offset 14, -4
  20:.\main.c      ****     CyGlobalIntEnable; /* Enable global interrupts. */
  36              		.loc 1 20 0
  37              	@ 20 ".\main.c" 1
ARM GAS  C:\Users\user\AppData\Local\Temp\cccNJjMg.s 			page 2


  38 0002 62B6     		CPSIE   i
  39              	@ 0 "" 2
  21:.\main.c      **** 
  22:.\main.c      ****     /* Place your initialization/startup code here (e.g. MyInst_Start()) */
  23:.\main.c      ****     USBUART_1_Start(0, USBUART_1_5V_OPERATION);
  40              		.loc 1 23 0
  41              		.thumb
  42 0004 0020     		movs	r0, #0
  43 0006 0121     		movs	r1, #1
  44 0008 FFF7FEFF 		bl	USBUART_1_Start
  45              	.LVL0:
  46              	.L2:
  24:.\main.c      ****     while(0 == USBUART_1_GetConfiguration())
  47              		.loc 1 24 0 discriminator 1
  48 000c FFF7FEFF 		bl	USBUART_1_GetConfiguration
  49              	.LVL1:
  50 0010 0028     		cmp	r0, #0
  51 0012 FBD0     		beq	.L2
  25:.\main.c      ****     {
  26:.\main.c      ****     }
  27:.\main.c      ****     USBUART_1_CDC_Init();
  52              		.loc 1 27 0
  53 0014 FFF7FEFF 		bl	USBUART_1_CDC_Init
  54              	.LVL2:
  55              	.L3:
  28:.\main.c      **** 
  29:.\main.c      ****     for(;;)
  30:.\main.c      ****     {
  31:.\main.c      ****         /* Place your application code here. */
  32:.\main.c      ****         val++;
  56              		.loc 1 32 0 discriminator 1
  57 0018 084C     		ldr	r4, .L5
  58 001a 2268     		ldr	r2, [r4]
  59 001c 0132     		adds	r2, r2, #1
  60 001e 44F8042B 		str	r2, [r4], #4
  33:.\main.c      ****         
  34:.\main.c      ****         sprintf(valeur, "%d", val);
  61              		.loc 1 34 0 discriminator 1
  62 0022 2046     		mov	r0, r4
  63 0024 0649     		ldr	r1, .L5+4
  64 0026 FFF7FEFF 		bl	sprintf
  65              	.LVL3:
  35:.\main.c      ****         USBUART_1_PutString(valeur);
  66              		.loc 1 35 0 discriminator 1
  67 002a 2046     		mov	r0, r4
  68 002c FFF7FEFF 		bl	USBUART_1_PutString
  69              	.LVL4:
  36:.\main.c      ****         CyDelay(1);
  70              		.loc 1 36 0 discriminator 1
  71 0030 0120     		movs	r0, #1
  72 0032 FFF7FEFF 		bl	CyDelay
  73              	.LVL5:
  37:.\main.c      ****         USBUART_1_PutCRLF();
  74              		.loc 1 37 0 discriminator 1
  75 0036 FFF7FEFF 		bl	USBUART_1_PutCRLF
  76              	.LVL6:
  38:.\main.c      ****     }
ARM GAS  C:\Users\user\AppData\Local\Temp\cccNJjMg.s 			page 3


  77              		.loc 1 38 0 discriminator 1
  78 003a EDE7     		b	.L3
  79              	.L6:
  80              		.align	2
  81              	.L5:
  82 003c 00000000 		.word	.LANCHOR0
  83 0040 00000000 		.word	.LC0
  84              		.cfi_endproc
  85              	.LFE63:
  86              		.size	main, .-main
  87              		.global	valeur
  88              		.global	val
  89              		.section	.rodata.str1.4,"aMS",%progbits,1
  90              		.align	2
  91              	.LC0:
  92 0000 256400   		.ascii	"%d\000"
  93 0003 00       		.bss
  94              		.align	2
  95              		.set	.LANCHOR0,. + 0
  96              		.type	val, %object
  97              		.size	val, 4
  98              	val:
  99 0000 00000000 		.space	4
 100              		.type	valeur, %object
 101              		.size	valeur, 8
 102              	valeur:
 103 0004 00000000 		.space	8
 103      00000000 
 104              		.text
 105              	.Letext0:
 106              		.file 2 "c:\\program files (x86)\\cypress\\psoc creator\\3.3\\psoc creator\\import\\gnu\\arm\\4.9.
 107              		.file 3 "c:\\program files (x86)\\cypress\\psoc creator\\3.3\\psoc creator\\import\\gnu\\arm\\4.9.
 108              		.file 4 "Generated_Source\\PSoC5/cytypes.h"
 109              		.file 5 "Generated_Source\\PSoC5/core_cm3.h"
 110              		.file 6 "Generated_Source\\PSoC5/USBUART_1.h"
 111              		.file 7 "Generated_Source\\PSoC5/USBUART_1_cdc.h"
 112              		.file 8 "Generated_Source\\PSoC5/CyLib.h"
 113              		.file 9 "c:\\program files (x86)\\cypress\\psoc creator\\3.3\\psoc creator\\import\\gnu\\arm\\4.9.
 114              		.section	.debug_info,"",%progbits
 115              	.Ldebug_info0:
 116 0000 20020000 		.4byte	0x220
 117 0004 0400     		.2byte	0x4
 118 0006 00000000 		.4byte	.Ldebug_abbrev0
 119 000a 04       		.byte	0x4
 120 000b 01       		.uleb128 0x1
 121 000c A0000000 		.4byte	.LASF25
 122 0010 01       		.byte	0x1
 123 0011 25000000 		.4byte	.LASF26
 124 0015 D8010000 		.4byte	.LASF27
 125 0019 00000000 		.4byte	.Ldebug_ranges0+0
 126 001d 00000000 		.4byte	0
 127 0021 00000000 		.4byte	.Ldebug_line0
 128 0025 02       		.uleb128 0x2
 129 0026 01       		.byte	0x1
 130 0027 06       		.byte	0x6
 131 0028 CC010000 		.4byte	.LASF0
 132 002c 02       		.uleb128 0x2
ARM GAS  C:\Users\user\AppData\Local\Temp\cccNJjMg.s 			page 4


 133 002d 01       		.byte	0x1
 134 002e 08       		.byte	0x8
 135 002f 34000000 		.4byte	.LASF1
 136 0033 02       		.uleb128 0x2
 137 0034 02       		.byte	0x2
 138 0035 05       		.byte	0x5
 139 0036 A3010000 		.4byte	.LASF2
 140 003a 02       		.uleb128 0x2
 141 003b 02       		.byte	0x2
 142 003c 07       		.byte	0x7
 143 003d 5A000000 		.4byte	.LASF3
 144 0041 03       		.uleb128 0x3
 145 0042 1B000000 		.4byte	.LASF9
 146 0046 02       		.byte	0x2
 147 0047 3F       		.byte	0x3f
 148 0048 4C000000 		.4byte	0x4c
 149 004c 02       		.uleb128 0x2
 150 004d 04       		.byte	0x4
 151 004e 05       		.byte	0x5
 152 004f C3010000 		.4byte	.LASF4
 153 0053 02       		.uleb128 0x2
 154 0054 04       		.byte	0x4
 155 0055 07       		.byte	0x7
 156 0056 48000000 		.4byte	.LASF5
 157 005a 02       		.uleb128 0x2
 158 005b 08       		.byte	0x8
 159 005c 05       		.byte	0x5
 160 005d 7E010000 		.4byte	.LASF6
 161 0061 02       		.uleb128 0x2
 162 0062 08       		.byte	0x8
 163 0063 07       		.byte	0x7
 164 0064 3B010000 		.4byte	.LASF7
 165 0068 04       		.uleb128 0x4
 166 0069 04       		.byte	0x4
 167 006a 05       		.byte	0x5
 168 006b 696E7400 		.ascii	"int\000"
 169 006f 02       		.uleb128 0x2
 170 0070 04       		.byte	0x4
 171 0071 07       		.byte	0x7
 172 0072 2E010000 		.4byte	.LASF8
 173 0076 03       		.uleb128 0x3
 174 0077 6D010000 		.4byte	.LASF10
 175 007b 03       		.byte	0x3
 176 007c 2C       		.byte	0x2c
 177 007d 41000000 		.4byte	0x41
 178 0081 05       		.uleb128 0x5
 179 0082 AD010000 		.4byte	.LASF11
 180 0086 04       		.byte	0x4
 181 0087 3801     		.2byte	0x138
 182 0089 2C000000 		.4byte	0x2c
 183 008d 05       		.uleb128 0x5
 184 008e 99000000 		.4byte	.LASF12
 185 0092 04       		.byte	0x4
 186 0093 3A01     		.2byte	0x13a
 187 0095 53000000 		.4byte	0x53
 188 0099 02       		.uleb128 0x2
 189 009a 04       		.byte	0x4
ARM GAS  C:\Users\user\AppData\Local\Temp\cccNJjMg.s 			page 5


 190 009b 04       		.byte	0x4
 191 009c 2E000000 		.4byte	.LASF13
 192 00a0 02       		.uleb128 0x2
 193 00a1 08       		.byte	0x8
 194 00a2 04       		.byte	0x4
 195 00a3 7A000000 		.4byte	.LASF14
 196 00a7 05       		.uleb128 0x5
 197 00a8 42000000 		.4byte	.LASF15
 198 00ac 04       		.byte	0x4
 199 00ad 4901     		.2byte	0x149
 200 00af B3000000 		.4byte	0xb3
 201 00b3 02       		.uleb128 0x2
 202 00b4 01       		.byte	0x1
 203 00b5 08       		.byte	0x8
 204 00b6 8C010000 		.4byte	.LASF16
 205 00ba 02       		.uleb128 0x2
 206 00bb 04       		.byte	0x4
 207 00bc 07       		.byte	0x7
 208 00bd 75010000 		.4byte	.LASF17
 209 00c1 06       		.uleb128 0x6
 210 00c2 04       		.byte	0x4
 211 00c3 B3000000 		.4byte	0xb3
 212 00c7 06       		.uleb128 0x6
 213 00c8 04       		.byte	0x4
 214 00c9 CD000000 		.4byte	0xcd
 215 00cd 07       		.uleb128 0x7
 216 00ce B3000000 		.4byte	0xb3
 217 00d2 08       		.uleb128 0x8
 218 00d3 B3000000 		.4byte	0xb3
 219 00d7 E2000000 		.4byte	0xe2
 220 00db 09       		.uleb128 0x9
 221 00dc BA000000 		.4byte	0xba
 222 00e0 07       		.byte	0x7
 223 00e1 00       		.byte	0
 224 00e2 0A       		.uleb128 0xa
 225 00e3 81000000 		.4byte	.LASF28
 226 00e7 01       		.byte	0x1
 227 00e8 12       		.byte	0x12
 228 00e9 68000000 		.4byte	0x68
 229 00ed 00000000 		.4byte	.LFB63
 230 00f1 44000000 		.4byte	.LFE63-.LFB63
 231 00f5 01       		.uleb128 0x1
 232 00f6 9C       		.byte	0x9c
 233 00f7 73010000 		.4byte	0x173
 234 00fb 0B       		.uleb128 0xb
 235 00fc 0C000000 		.4byte	.LVL0
 236 0100 A6010000 		.4byte	0x1a6
 237 0104 13010000 		.4byte	0x113
 238 0108 0C       		.uleb128 0xc
 239 0109 01       		.uleb128 0x1
 240 010a 51       		.byte	0x51
 241 010b 01       		.uleb128 0x1
 242 010c 31       		.byte	0x31
 243 010d 0C       		.uleb128 0xc
 244 010e 01       		.uleb128 0x1
 245 010f 50       		.byte	0x50
 246 0110 01       		.uleb128 0x1
ARM GAS  C:\Users\user\AppData\Local\Temp\cccNJjMg.s 			page 6


 247 0111 30       		.byte	0x30
 248 0112 00       		.byte	0
 249 0113 0D       		.uleb128 0xd
 250 0114 10000000 		.4byte	.LVL1
 251 0118 BD010000 		.4byte	0x1bd
 252 011c 0D       		.uleb128 0xd
 253 011d 18000000 		.4byte	.LVL2
 254 0121 C9010000 		.4byte	0x1c9
 255 0125 0B       		.uleb128 0xb
 256 0126 2A000000 		.4byte	.LVL3
 257 012a D4010000 		.4byte	0x1d4
 258 012e 42010000 		.4byte	0x142
 259 0132 0C       		.uleb128 0xc
 260 0133 01       		.uleb128 0x1
 261 0134 51       		.byte	0x51
 262 0135 05       		.uleb128 0x5
 263 0136 03       		.byte	0x3
 264 0137 00000000 		.4byte	.LC0
 265 013b 0C       		.uleb128 0xc
 266 013c 01       		.uleb128 0x1
 267 013d 50       		.byte	0x50
 268 013e 02       		.uleb128 0x2
 269 013f 74       		.byte	0x74
 270 0140 00       		.sleb128 0
 271 0141 00       		.byte	0
 272 0142 0B       		.uleb128 0xb
 273 0143 30000000 		.4byte	.LVL4
 274 0147 EF010000 		.4byte	0x1ef
 275 014b 56010000 		.4byte	0x156
 276 014f 0C       		.uleb128 0xc
 277 0150 01       		.uleb128 0x1
 278 0151 50       		.byte	0x50
 279 0152 02       		.uleb128 0x2
 280 0153 74       		.byte	0x74
 281 0154 00       		.sleb128 0
 282 0155 00       		.byte	0
 283 0156 0B       		.uleb128 0xb
 284 0157 36000000 		.4byte	.LVL5
 285 015b 0B020000 		.4byte	0x20b
 286 015f 69010000 		.4byte	0x169
 287 0163 0C       		.uleb128 0xc
 288 0164 01       		.uleb128 0x1
 289 0165 50       		.byte	0x50
 290 0166 01       		.uleb128 0x1
 291 0167 31       		.byte	0x31
 292 0168 00       		.byte	0
 293 0169 0D       		.uleb128 0xd
 294 016a 3A000000 		.4byte	.LVL6
 295 016e 1C020000 		.4byte	0x21c
 296 0172 00       		.byte	0
 297 0173 0E       		.uleb128 0xe
 298 0174 6D000000 		.4byte	.LASF18
 299 0178 05       		.byte	0x5
 300 0179 5506     		.2byte	0x655
 301 017b 7F010000 		.4byte	0x17f
 302 017f 0F       		.uleb128 0xf
 303 0180 76000000 		.4byte	0x76
ARM GAS  C:\Users\user\AppData\Local\Temp\cccNJjMg.s 			page 7


 304 0184 10       		.uleb128 0x10
 305 0185 76616C00 		.ascii	"val\000"
 306 0189 01       		.byte	0x1
 307 018a 0F       		.byte	0xf
 308 018b 68000000 		.4byte	0x68
 309 018f 05       		.uleb128 0x5
 310 0190 03       		.byte	0x3
 311 0191 00000000 		.4byte	val
 312 0195 11       		.uleb128 0x11
 313 0196 66010000 		.4byte	.LASF19
 314 019a 01       		.byte	0x1
 315 019b 10       		.byte	0x10
 316 019c D2000000 		.4byte	0xd2
 317 01a0 05       		.uleb128 0x5
 318 01a1 03       		.byte	0x3
 319 01a2 00000000 		.4byte	valeur
 320 01a6 12       		.uleb128 0x12
 321 01a7 B3010000 		.4byte	.LASF22
 322 01ab 06       		.byte	0x6
 323 01ac 2A01     		.2byte	0x12a
 324 01ae BD010000 		.4byte	0x1bd
 325 01b2 13       		.uleb128 0x13
 326 01b3 81000000 		.4byte	0x81
 327 01b7 13       		.uleb128 0x13
 328 01b8 81000000 		.4byte	0x81
 329 01bc 00       		.byte	0
 330 01bd 14       		.uleb128 0x14
 331 01be 00000000 		.4byte	.LASF20
 332 01c2 06       		.byte	0x6
 333 01c3 2D01     		.2byte	0x12d
 334 01c5 81000000 		.4byte	0x81
 335 01c9 15       		.uleb128 0x15
 336 01ca 86000000 		.4byte	.LASF21
 337 01ce 07       		.byte	0x7
 338 01cf 22       		.byte	0x22
 339 01d0 81000000 		.4byte	0x81
 340 01d4 16       		.uleb128 0x16
 341 01d5 1F020000 		.4byte	.LASF29
 342 01d9 09       		.byte	0x9
 343 01da DE       		.byte	0xde
 344 01db 68000000 		.4byte	0x68
 345 01df EF010000 		.4byte	0x1ef
 346 01e3 13       		.uleb128 0x13
 347 01e4 C1000000 		.4byte	0xc1
 348 01e8 13       		.uleb128 0x13
 349 01e9 C7000000 		.4byte	0xc7
 350 01ed 17       		.uleb128 0x17
 351 01ee 00       		.byte	0
 352 01ef 18       		.uleb128 0x18
 353 01f0 52010000 		.4byte	.LASF23
 354 01f4 07       		.byte	0x7
 355 01f5 24       		.byte	0x24
 356 01f6 00020000 		.4byte	0x200
 357 01fa 13       		.uleb128 0x13
 358 01fb 00020000 		.4byte	0x200
 359 01ff 00       		.byte	0
 360 0200 06       		.uleb128 0x6
ARM GAS  C:\Users\user\AppData\Local\Temp\cccNJjMg.s 			page 8


 361 0201 04       		.byte	0x4
 362 0202 06020000 		.4byte	0x206
 363 0206 07       		.uleb128 0x7
 364 0207 A7000000 		.4byte	0xa7
 365 020b 18       		.uleb128 0x18
 366 020c 27020000 		.4byte	.LASF24
 367 0210 08       		.byte	0x8
 368 0211 77       		.byte	0x77
 369 0212 1C020000 		.4byte	0x21c
 370 0216 13       		.uleb128 0x13
 371 0217 8D000000 		.4byte	0x8d
 372 021b 00       		.byte	0
 373 021c 19       		.uleb128 0x19
 374 021d 91010000 		.4byte	.LASF30
 375 0221 07       		.byte	0x7
 376 0222 26       		.byte	0x26
 377 0223 00       		.byte	0
 378              		.section	.debug_abbrev,"",%progbits
 379              	.Ldebug_abbrev0:
 380 0000 01       		.uleb128 0x1
 381 0001 11       		.uleb128 0x11
 382 0002 01       		.byte	0x1
 383 0003 25       		.uleb128 0x25
 384 0004 0E       		.uleb128 0xe
 385 0005 13       		.uleb128 0x13
 386 0006 0B       		.uleb128 0xb
 387 0007 03       		.uleb128 0x3
 388 0008 0E       		.uleb128 0xe
 389 0009 1B       		.uleb128 0x1b
 390 000a 0E       		.uleb128 0xe
 391 000b 55       		.uleb128 0x55
 392 000c 17       		.uleb128 0x17
 393 000d 11       		.uleb128 0x11
 394 000e 01       		.uleb128 0x1
 395 000f 10       		.uleb128 0x10
 396 0010 17       		.uleb128 0x17
 397 0011 00       		.byte	0
 398 0012 00       		.byte	0
 399 0013 02       		.uleb128 0x2
 400 0014 24       		.uleb128 0x24
 401 0015 00       		.byte	0
 402 0016 0B       		.uleb128 0xb
 403 0017 0B       		.uleb128 0xb
 404 0018 3E       		.uleb128 0x3e
 405 0019 0B       		.uleb128 0xb
 406 001a 03       		.uleb128 0x3
 407 001b 0E       		.uleb128 0xe
 408 001c 00       		.byte	0
 409 001d 00       		.byte	0
 410 001e 03       		.uleb128 0x3
 411 001f 16       		.uleb128 0x16
 412 0020 00       		.byte	0
 413 0021 03       		.uleb128 0x3
 414 0022 0E       		.uleb128 0xe
 415 0023 3A       		.uleb128 0x3a
 416 0024 0B       		.uleb128 0xb
 417 0025 3B       		.uleb128 0x3b
ARM GAS  C:\Users\user\AppData\Local\Temp\cccNJjMg.s 			page 9


 418 0026 0B       		.uleb128 0xb
 419 0027 49       		.uleb128 0x49
 420 0028 13       		.uleb128 0x13
 421 0029 00       		.byte	0
 422 002a 00       		.byte	0
 423 002b 04       		.uleb128 0x4
 424 002c 24       		.uleb128 0x24
 425 002d 00       		.byte	0
 426 002e 0B       		.uleb128 0xb
 427 002f 0B       		.uleb128 0xb
 428 0030 3E       		.uleb128 0x3e
 429 0031 0B       		.uleb128 0xb
 430 0032 03       		.uleb128 0x3
 431 0033 08       		.uleb128 0x8
 432 0034 00       		.byte	0
 433 0035 00       		.byte	0
 434 0036 05       		.uleb128 0x5
 435 0037 16       		.uleb128 0x16
 436 0038 00       		.byte	0
 437 0039 03       		.uleb128 0x3
 438 003a 0E       		.uleb128 0xe
 439 003b 3A       		.uleb128 0x3a
 440 003c 0B       		.uleb128 0xb
 441 003d 3B       		.uleb128 0x3b
 442 003e 05       		.uleb128 0x5
 443 003f 49       		.uleb128 0x49
 444 0040 13       		.uleb128 0x13
 445 0041 00       		.byte	0
 446 0042 00       		.byte	0
 447 0043 06       		.uleb128 0x6
 448 0044 0F       		.uleb128 0xf
 449 0045 00       		.byte	0
 450 0046 0B       		.uleb128 0xb
 451 0047 0B       		.uleb128 0xb
 452 0048 49       		.uleb128 0x49
 453 0049 13       		.uleb128 0x13
 454 004a 00       		.byte	0
 455 004b 00       		.byte	0
 456 004c 07       		.uleb128 0x7
 457 004d 26       		.uleb128 0x26
 458 004e 00       		.byte	0
 459 004f 49       		.uleb128 0x49
 460 0050 13       		.uleb128 0x13
 461 0051 00       		.byte	0
 462 0052 00       		.byte	0
 463 0053 08       		.uleb128 0x8
 464 0054 01       		.uleb128 0x1
 465 0055 01       		.byte	0x1
 466 0056 49       		.uleb128 0x49
 467 0057 13       		.uleb128 0x13
 468 0058 01       		.uleb128 0x1
 469 0059 13       		.uleb128 0x13
 470 005a 00       		.byte	0
 471 005b 00       		.byte	0
 472 005c 09       		.uleb128 0x9
 473 005d 21       		.uleb128 0x21
 474 005e 00       		.byte	0
ARM GAS  C:\Users\user\AppData\Local\Temp\cccNJjMg.s 			page 10


 475 005f 49       		.uleb128 0x49
 476 0060 13       		.uleb128 0x13
 477 0061 2F       		.uleb128 0x2f
 478 0062 0B       		.uleb128 0xb
 479 0063 00       		.byte	0
 480 0064 00       		.byte	0
 481 0065 0A       		.uleb128 0xa
 482 0066 2E       		.uleb128 0x2e
 483 0067 01       		.byte	0x1
 484 0068 3F       		.uleb128 0x3f
 485 0069 19       		.uleb128 0x19
 486 006a 03       		.uleb128 0x3
 487 006b 0E       		.uleb128 0xe
 488 006c 3A       		.uleb128 0x3a
 489 006d 0B       		.uleb128 0xb
 490 006e 3B       		.uleb128 0x3b
 491 006f 0B       		.uleb128 0xb
 492 0070 49       		.uleb128 0x49
 493 0071 13       		.uleb128 0x13
 494 0072 11       		.uleb128 0x11
 495 0073 01       		.uleb128 0x1
 496 0074 12       		.uleb128 0x12
 497 0075 06       		.uleb128 0x6
 498 0076 40       		.uleb128 0x40
 499 0077 18       		.uleb128 0x18
 500 0078 9742     		.uleb128 0x2117
 501 007a 19       		.uleb128 0x19
 502 007b 01       		.uleb128 0x1
 503 007c 13       		.uleb128 0x13
 504 007d 00       		.byte	0
 505 007e 00       		.byte	0
 506 007f 0B       		.uleb128 0xb
 507 0080 898201   		.uleb128 0x4109
 508 0083 01       		.byte	0x1
 509 0084 11       		.uleb128 0x11
 510 0085 01       		.uleb128 0x1
 511 0086 31       		.uleb128 0x31
 512 0087 13       		.uleb128 0x13
 513 0088 01       		.uleb128 0x1
 514 0089 13       		.uleb128 0x13
 515 008a 00       		.byte	0
 516 008b 00       		.byte	0
 517 008c 0C       		.uleb128 0xc
 518 008d 8A8201   		.uleb128 0x410a
 519 0090 00       		.byte	0
 520 0091 02       		.uleb128 0x2
 521 0092 18       		.uleb128 0x18
 522 0093 9142     		.uleb128 0x2111
 523 0095 18       		.uleb128 0x18
 524 0096 00       		.byte	0
 525 0097 00       		.byte	0
 526 0098 0D       		.uleb128 0xd
 527 0099 898201   		.uleb128 0x4109
 528 009c 00       		.byte	0
 529 009d 11       		.uleb128 0x11
 530 009e 01       		.uleb128 0x1
 531 009f 31       		.uleb128 0x31
ARM GAS  C:\Users\user\AppData\Local\Temp\cccNJjMg.s 			page 11


 532 00a0 13       		.uleb128 0x13
 533 00a1 00       		.byte	0
 534 00a2 00       		.byte	0
 535 00a3 0E       		.uleb128 0xe
 536 00a4 34       		.uleb128 0x34
 537 00a5 00       		.byte	0
 538 00a6 03       		.uleb128 0x3
 539 00a7 0E       		.uleb128 0xe
 540 00a8 3A       		.uleb128 0x3a
 541 00a9 0B       		.uleb128 0xb
 542 00aa 3B       		.uleb128 0x3b
 543 00ab 05       		.uleb128 0x5
 544 00ac 49       		.uleb128 0x49
 545 00ad 13       		.uleb128 0x13
 546 00ae 3F       		.uleb128 0x3f
 547 00af 19       		.uleb128 0x19
 548 00b0 3C       		.uleb128 0x3c
 549 00b1 19       		.uleb128 0x19
 550 00b2 00       		.byte	0
 551 00b3 00       		.byte	0
 552 00b4 0F       		.uleb128 0xf
 553 00b5 35       		.uleb128 0x35
 554 00b6 00       		.byte	0
 555 00b7 49       		.uleb128 0x49
 556 00b8 13       		.uleb128 0x13
 557 00b9 00       		.byte	0
 558 00ba 00       		.byte	0
 559 00bb 10       		.uleb128 0x10
 560 00bc 34       		.uleb128 0x34
 561 00bd 00       		.byte	0
 562 00be 03       		.uleb128 0x3
 563 00bf 08       		.uleb128 0x8
 564 00c0 3A       		.uleb128 0x3a
 565 00c1 0B       		.uleb128 0xb
 566 00c2 3B       		.uleb128 0x3b
 567 00c3 0B       		.uleb128 0xb
 568 00c4 49       		.uleb128 0x49
 569 00c5 13       		.uleb128 0x13
 570 00c6 3F       		.uleb128 0x3f
 571 00c7 19       		.uleb128 0x19
 572 00c8 02       		.uleb128 0x2
 573 00c9 18       		.uleb128 0x18
 574 00ca 00       		.byte	0
 575 00cb 00       		.byte	0
 576 00cc 11       		.uleb128 0x11
 577 00cd 34       		.uleb128 0x34
 578 00ce 00       		.byte	0
 579 00cf 03       		.uleb128 0x3
 580 00d0 0E       		.uleb128 0xe
 581 00d1 3A       		.uleb128 0x3a
 582 00d2 0B       		.uleb128 0xb
 583 00d3 3B       		.uleb128 0x3b
 584 00d4 0B       		.uleb128 0xb
 585 00d5 49       		.uleb128 0x49
 586 00d6 13       		.uleb128 0x13
 587 00d7 3F       		.uleb128 0x3f
 588 00d8 19       		.uleb128 0x19
ARM GAS  C:\Users\user\AppData\Local\Temp\cccNJjMg.s 			page 12


 589 00d9 02       		.uleb128 0x2
 590 00da 18       		.uleb128 0x18
 591 00db 00       		.byte	0
 592 00dc 00       		.byte	0
 593 00dd 12       		.uleb128 0x12
 594 00de 2E       		.uleb128 0x2e
 595 00df 01       		.byte	0x1
 596 00e0 3F       		.uleb128 0x3f
 597 00e1 19       		.uleb128 0x19
 598 00e2 03       		.uleb128 0x3
 599 00e3 0E       		.uleb128 0xe
 600 00e4 3A       		.uleb128 0x3a
 601 00e5 0B       		.uleb128 0xb
 602 00e6 3B       		.uleb128 0x3b
 603 00e7 05       		.uleb128 0x5
 604 00e8 27       		.uleb128 0x27
 605 00e9 19       		.uleb128 0x19
 606 00ea 3C       		.uleb128 0x3c
 607 00eb 19       		.uleb128 0x19
 608 00ec 01       		.uleb128 0x1
 609 00ed 13       		.uleb128 0x13
 610 00ee 00       		.byte	0
 611 00ef 00       		.byte	0
 612 00f0 13       		.uleb128 0x13
 613 00f1 05       		.uleb128 0x5
 614 00f2 00       		.byte	0
 615 00f3 49       		.uleb128 0x49
 616 00f4 13       		.uleb128 0x13
 617 00f5 00       		.byte	0
 618 00f6 00       		.byte	0
 619 00f7 14       		.uleb128 0x14
 620 00f8 2E       		.uleb128 0x2e
 621 00f9 00       		.byte	0
 622 00fa 3F       		.uleb128 0x3f
 623 00fb 19       		.uleb128 0x19
 624 00fc 03       		.uleb128 0x3
 625 00fd 0E       		.uleb128 0xe
 626 00fe 3A       		.uleb128 0x3a
 627 00ff 0B       		.uleb128 0xb
 628 0100 3B       		.uleb128 0x3b
 629 0101 05       		.uleb128 0x5
 630 0102 27       		.uleb128 0x27
 631 0103 19       		.uleb128 0x19
 632 0104 49       		.uleb128 0x49
 633 0105 13       		.uleb128 0x13
 634 0106 3C       		.uleb128 0x3c
 635 0107 19       		.uleb128 0x19
 636 0108 00       		.byte	0
 637 0109 00       		.byte	0
 638 010a 15       		.uleb128 0x15
 639 010b 2E       		.uleb128 0x2e
 640 010c 00       		.byte	0
 641 010d 3F       		.uleb128 0x3f
 642 010e 19       		.uleb128 0x19
 643 010f 03       		.uleb128 0x3
 644 0110 0E       		.uleb128 0xe
 645 0111 3A       		.uleb128 0x3a
ARM GAS  C:\Users\user\AppData\Local\Temp\cccNJjMg.s 			page 13


 646 0112 0B       		.uleb128 0xb
 647 0113 3B       		.uleb128 0x3b
 648 0114 0B       		.uleb128 0xb
 649 0115 27       		.uleb128 0x27
 650 0116 19       		.uleb128 0x19
 651 0117 49       		.uleb128 0x49
 652 0118 13       		.uleb128 0x13
 653 0119 3C       		.uleb128 0x3c
 654 011a 19       		.uleb128 0x19
 655 011b 00       		.byte	0
 656 011c 00       		.byte	0
 657 011d 16       		.uleb128 0x16
 658 011e 2E       		.uleb128 0x2e
 659 011f 01       		.byte	0x1
 660 0120 3F       		.uleb128 0x3f
 661 0121 19       		.uleb128 0x19
 662 0122 03       		.uleb128 0x3
 663 0123 0E       		.uleb128 0xe
 664 0124 3A       		.uleb128 0x3a
 665 0125 0B       		.uleb128 0xb
 666 0126 3B       		.uleb128 0x3b
 667 0127 0B       		.uleb128 0xb
 668 0128 27       		.uleb128 0x27
 669 0129 19       		.uleb128 0x19
 670 012a 49       		.uleb128 0x49
 671 012b 13       		.uleb128 0x13
 672 012c 3C       		.uleb128 0x3c
 673 012d 19       		.uleb128 0x19
 674 012e 01       		.uleb128 0x1
 675 012f 13       		.uleb128 0x13
 676 0130 00       		.byte	0
 677 0131 00       		.byte	0
 678 0132 17       		.uleb128 0x17
 679 0133 18       		.uleb128 0x18
 680 0134 00       		.byte	0
 681 0135 00       		.byte	0
 682 0136 00       		.byte	0
 683 0137 18       		.uleb128 0x18
 684 0138 2E       		.uleb128 0x2e
 685 0139 01       		.byte	0x1
 686 013a 3F       		.uleb128 0x3f
 687 013b 19       		.uleb128 0x19
 688 013c 03       		.uleb128 0x3
 689 013d 0E       		.uleb128 0xe
 690 013e 3A       		.uleb128 0x3a
 691 013f 0B       		.uleb128 0xb
 692 0140 3B       		.uleb128 0x3b
 693 0141 0B       		.uleb128 0xb
 694 0142 27       		.uleb128 0x27
 695 0143 19       		.uleb128 0x19
 696 0144 3C       		.uleb128 0x3c
 697 0145 19       		.uleb128 0x19
 698 0146 01       		.uleb128 0x1
 699 0147 13       		.uleb128 0x13
 700 0148 00       		.byte	0
 701 0149 00       		.byte	0
 702 014a 19       		.uleb128 0x19
ARM GAS  C:\Users\user\AppData\Local\Temp\cccNJjMg.s 			page 14


 703 014b 2E       		.uleb128 0x2e
 704 014c 00       		.byte	0
 705 014d 3F       		.uleb128 0x3f
 706 014e 19       		.uleb128 0x19
 707 014f 03       		.uleb128 0x3
 708 0150 0E       		.uleb128 0xe
 709 0151 3A       		.uleb128 0x3a
 710 0152 0B       		.uleb128 0xb
 711 0153 3B       		.uleb128 0x3b
 712 0154 0B       		.uleb128 0xb
 713 0155 27       		.uleb128 0x27
 714 0156 19       		.uleb128 0x19
 715 0157 3C       		.uleb128 0x3c
 716 0158 19       		.uleb128 0x19
 717 0159 00       		.byte	0
 718 015a 00       		.byte	0
 719 015b 00       		.byte	0
 720              		.section	.debug_aranges,"",%progbits
 721 0000 1C000000 		.4byte	0x1c
 722 0004 0200     		.2byte	0x2
 723 0006 00000000 		.4byte	.Ldebug_info0
 724 000a 04       		.byte	0x4
 725 000b 00       		.byte	0
 726 000c 0000     		.2byte	0
 727 000e 0000     		.2byte	0
 728 0010 00000000 		.4byte	.LFB63
 729 0014 44000000 		.4byte	.LFE63-.LFB63
 730 0018 00000000 		.4byte	0
 731 001c 00000000 		.4byte	0
 732              		.section	.debug_ranges,"",%progbits
 733              	.Ldebug_ranges0:
 734 0000 00000000 		.4byte	.LFB63
 735 0004 44000000 		.4byte	.LFE63
 736 0008 00000000 		.4byte	0
 737 000c 00000000 		.4byte	0
 738              		.section	.debug_line,"",%progbits
 739              	.Ldebug_line0:
 740 0000 BC010000 		.section	.debug_str,"MS",%progbits,1
 740      02008101 
 740      00000201 
 740      FB0E0D00 
 740      01010101 
 741              	.LASF20:
 742 0000 55534255 		.ascii	"USBUART_1_GetConfiguration\000"
 742      4152545F 
 742      315F4765 
 742      74436F6E 
 742      66696775 
 743              	.LASF9:
 744 001b 5F5F696E 		.ascii	"__int32_t\000"
 744      7433325F 
 744      7400
 745              	.LASF26:
 746 0025 2E5C6D61 		.ascii	".\\main.c\000"
 746      696E2E63 
 746      00
 747              	.LASF13:
ARM GAS  C:\Users\user\AppData\Local\Temp\cccNJjMg.s 			page 15


 748 002e 666C6F61 		.ascii	"float\000"
 748      7400
 749              	.LASF1:
 750 0034 756E7369 		.ascii	"unsigned char\000"
 750      676E6564 
 750      20636861 
 750      7200
 751              	.LASF15:
 752 0042 63686172 		.ascii	"char8\000"
 752      3800
 753              	.LASF5:
 754 0048 6C6F6E67 		.ascii	"long unsigned int\000"
 754      20756E73 
 754      69676E65 
 754      6420696E 
 754      7400
 755              	.LASF3:
 756 005a 73686F72 		.ascii	"short unsigned int\000"
 756      7420756E 
 756      7369676E 
 756      65642069 
 756      6E7400
 757              	.LASF18:
 758 006d 49544D5F 		.ascii	"ITM_RxBuffer\000"
 758      52784275 
 758      66666572 
 758      00
 759              	.LASF14:
 760 007a 646F7562 		.ascii	"double\000"
 760      6C6500
 761              	.LASF28:
 762 0081 6D61696E 		.ascii	"main\000"
 762      00
 763              	.LASF21:
 764 0086 55534255 		.ascii	"USBUART_1_CDC_Init\000"
 764      4152545F 
 764      315F4344 
 764      435F496E 
 764      697400
 765              	.LASF12:
 766 0099 75696E74 		.ascii	"uint32\000"
 766      333200
 767              	.LASF25:
 768 00a0 474E5520 		.ascii	"GNU C 4.9.3 20150303 (release) [ARM/embedded-4_9-br"
 768      4320342E 
 768      392E3320 
 768      32303135 
 768      30333033 
 769 00d3 616E6368 		.ascii	"anch revision 221220] -mcpu=cortex-m3 -mthumb -g -O"
 769      20726576 
 769      6973696F 
 769      6E203232 
 769      31323230 
 770 0106 67202D66 		.ascii	"g -ffunction-sections -ffat-lto-objects\000"
 770      66756E63 
 770      74696F6E 
 770      2D736563 
ARM GAS  C:\Users\user\AppData\Local\Temp\cccNJjMg.s 			page 16


 770      74696F6E 
 771              	.LASF8:
 772 012e 756E7369 		.ascii	"unsigned int\000"
 772      676E6564 
 772      20696E74 
 772      00
 773              	.LASF7:
 774 013b 6C6F6E67 		.ascii	"long long unsigned int\000"
 774      206C6F6E 
 774      6720756E 
 774      7369676E 
 774      65642069 
 775              	.LASF23:
 776 0152 55534255 		.ascii	"USBUART_1_PutString\000"
 776      4152545F 
 776      315F5075 
 776      74537472 
 776      696E6700 
 777              	.LASF19:
 778 0166 76616C65 		.ascii	"valeur\000"
 778      757200
 779              	.LASF10:
 780 016d 696E7433 		.ascii	"int32_t\000"
 780      325F7400 
 781              	.LASF17:
 782 0175 73697A65 		.ascii	"sizetype\000"
 782      74797065 
 782      00
 783              	.LASF6:
 784 017e 6C6F6E67 		.ascii	"long long int\000"
 784      206C6F6E 
 784      6720696E 
 784      7400
 785              	.LASF16:
 786 018c 63686172 		.ascii	"char\000"
 786      00
 787              	.LASF30:
 788 0191 55534255 		.ascii	"USBUART_1_PutCRLF\000"
 788      4152545F 
 788      315F5075 
 788      7443524C 
 788      4600
 789              	.LASF2:
 790 01a3 73686F72 		.ascii	"short int\000"
 790      7420696E 
 790      7400
 791              	.LASF11:
 792 01ad 75696E74 		.ascii	"uint8\000"
 792      3800
 793              	.LASF22:
 794 01b3 55534255 		.ascii	"USBUART_1_Start\000"
 794      4152545F 
 794      315F5374 
 794      61727400 
 795              	.LASF4:
 796 01c3 6C6F6E67 		.ascii	"long int\000"
 796      20696E74 
ARM GAS  C:\Users\user\AppData\Local\Temp\cccNJjMg.s 			page 17


 796      00
 797              	.LASF0:
 798 01cc 7369676E 		.ascii	"signed char\000"
 798      65642063 
 798      68617200 
 799              	.LASF27:
 800 01d8 443A5C55 		.ascii	"D:\\Utilisateurs\\user\\Documents\\PSoC Creator\\Wo"
 800      74696C69 
 800      73617465 
 800      7572735C 
 800      75736572 
 801 0206 726B7370 		.ascii	"rkspace02\\USB_UART.cydsn\000"
 801      61636530 
 801      325C5553 
 801      425F5541 
 801      52542E63 
 802              	.LASF29:
 803 021f 73707269 		.ascii	"sprintf\000"
 803      6E746600 
 804              	.LASF24:
 805 0227 43794465 		.ascii	"CyDelay\000"
 805      6C617900 
 806              		.ident	"GCC: (GNU Tools for ARM Embedded Processors) 4.9.3 20150303 (release) [ARM/embedded-4_9-br
