--------------- Build Started: 02/14/2022 09:41:05 Project: Capsense, Configuration: ARM GCC 4.9-2015-q1-update Debug ---------------
cydsfit.exe -.appdatapath "C:\Users\user\AppData\Local\Cypress Semiconductor\PSoC Creator\3.3" -.fdsnotice -.fdswarpdepfile=warp_dependencies.txt -.fdselabdepfile=elab_dependencies.txt -.fdsbldfile=generated_files.txt -p "D:\Utilisateurs\user\Documents\PSoC Creator\Workspace02\Capsense.cydsn\Capsense.cyprj" -d CY8C5888LTI-LP097 -s "D:\Utilisateurs\user\Documents\PSoC Creator\Workspace02\Capsense.cydsn\Generated_Source\PSoC5" -- -yv2 -q10 -ygs -o2 -v3 -.fftcfgtype=LE
Elaborating Design...
HDL Generation ...
Synthesis ...
Place and Route ...
Tech mapping ...
Analog Placement ...
Log: apr.M0058: The analog placement iterative improvement is 38% done. (App=cydsfit)
Log: apr.M0058: The analog placement iterative improvement is 79% done. (App=cydsfit)
Analog Routing ...
Analog Code Generation ...
Digital Placement ...
Digital Routing ...
Bitstream Generation ...
Static timing analysis ...
API Generation ...
Dependency Generation ...
Clean Temporary Files ...
arm-none-eabi-gcc.exe -mcpu=cortex-m3 -mthumb -Wno-main -I. -IGenerated_Source\PSoC5 -Wa,-alh=.\CortexM3\ARM_GCC_493\Debug/CapSense_1_CSHL.lst -g -D DEBUG -Wall -ffunction-sections -Og -ffat-lto-objects -c .\Generated_Source\PSoC5\CapSense_1_CSHL.c -o .\CortexM3\ARM_GCC_493\Debug\CapSense_1_CSHL.o
arm-none-eabi-ar.exe -rs .\CortexM3\ARM_GCC_493\Debug\Capsense.a .\CortexM3\ARM_GCC_493\Debug\cyfitter_cfg.o .\CortexM3\ARM_GCC_493\Debug\Pin_1.o .\CortexM3\ARM_GCC_493\Debug\CyBootAsmGnu.o .\CortexM3\ARM_GCC_493\Debug\CyDmac.o .\CortexM3\ARM_GCC_493\Debug\CyFlash.o .\CortexM3\ARM_GCC_493\Debug\CyLib.o .\CortexM3\ARM_GCC_493\Debug\cyPm.o .\CortexM3\ARM_GCC_493\Debug\CySpc.o .\CortexM3\ARM_GCC_493\Debug\cyutils.o .\CortexM3\ARM_GCC_493\Debug\CapSense_1.o .\CortexM3\ARM_GCC_493\Debug\CapSense_1_CSHL.o .\CortexM3\ARM_GCC_493\Debug\CapSense_1_INT.o .\CortexM3\ARM_GCC_493\Debug\CapSense_1_Pins.o .\CortexM3\ARM_GCC_493\Debug\CapSense_1_PM.o .\CortexM3\ARM_GCC_493\Debug\CapSense_1_SMS_Wrapper.o .\CortexM3\ARM_GCC_493\Debug\CapSense_1_TunerHelper.o .\CortexM3\ARM_GCC_493\Debug\CapSense_1_CompCH0.o .\CortexM3\ARM_GCC_493\Debug\CapSense_1_CompCH0_PM.o .\CortexM3\ARM_GCC_493\Debug\CapSense_1_IdacCH0.o .\CortexM3\ARM_GCC_493\Debug\CapSense_1_IdacCH0_PM.o .\CortexM3\ARM_GCC_493\Debug\CapSense_1_AMuxCH0.o .\CortexM3\ARM_GCC_493\Debug\CapSense_1_IntClock.o
arm-none-eabi-ar.exe: creating .\CortexM3\ARM_GCC_493\Debug\Capsense.a
arm-none-eabi-gcc.exe -Wl,--start-group -o .\CortexM3\ARM_GCC_493\Debug\Capsense.elf .\CortexM3\ARM_GCC_493\Debug\main.o .\CortexM3\ARM_GCC_493\Debug\cymetadata.o .\CortexM3\ARM_GCC_493\Debug\Cm3Start.o .\CortexM3\ARM_GCC_493\Debug\Capsense.a "C:\Program Files (x86)\Cypress\PSoC Creator\3.3\PSoC Creator\psoc\content\cycomponentlibrary\CyComponentLibrary.cylib\CapSense_CSD_v3_50\Library\CapSenseLibrary_GCC.a" "C:\Program Files (x86)\Cypress\PSoC Creator\3.3\PSoC Creator\psoc\content\cycomponentlibrary\CyComponentLibrary.cylib\CortexM3\ARM_GCC_493\Debug\CyComponentLibrary.a" -mcpu=cortex-m3 -mthumb -g -ffunction-sections -Og -L Generated_Source\PSoC5 -Wl,-Map,.\CortexM3\ARM_GCC_493\Debug/Capsense.map -T Generated_Source\PSoC5\cm3gcc.ld -specs=nano.specs -Wl,--gc-sections -Wl,--end-group
cyelftool.exe -C "D:\Utilisateurs\user\Documents\PSoC Creator\Workspace02\Capsense.cydsn\CortexM3\ARM_GCC_493\Debug\Capsense.elf" --flash_row_size 256 --flash_size 262144
cyelftool.exe -S "D:\Utilisateurs\user\Documents\PSoC Creator\Workspace02\Capsense.cydsn\CortexM3\ARM_GCC_493\Debug\Capsense.elf"
Flash used: 3328 of 262144 bytes (1,3 %).
SRAM used: 2517 of 65536 bytes (3,8 %). Stack: 2048 bytes. Heap: 128 bytes.
--------------- Build Succeeded: 02/14/2022 09:41:16 ---------------
