ARM GAS  C:\Users\user\AppData\Local\Temp\cclB9XfY.s 			page 1


   1              		.syntax unified
   2              		.cpu cortex-m3
   3              		.fpu softvfp
   4              		.eabi_attribute 20, 1
   5              		.eabi_attribute 21, 1
   6              		.eabi_attribute 23, 3
   7              		.eabi_attribute 24, 1
   8              		.eabi_attribute 25, 1
   9              		.eabi_attribute 26, 1
  10              		.eabi_attribute 30, 1
  11              		.eabi_attribute 34, 1
  12              		.eabi_attribute 18, 4
  13              		.thumb
  14              		.file	"CapSense_1_Pins.c"
  15              		.text
  16              	.Ltext0:
  17              		.cfi_sections	.debug_frame
  18              		.section	.text.CapSense_1_SetAllSensorsDriveMode,"ax",%progbits
  19              		.align	2
  20              		.global	CapSense_1_SetAllSensorsDriveMode
  21              		.thumb
  22              		.thumb_func
  23              		.type	CapSense_1_SetAllSensorsDriveMode, %function
  24              	CapSense_1_SetAllSensorsDriveMode:
  25              	.LFB0:
  26              		.file 1 ".\\Generated_Source\\PSoC5\\CapSense_1_Pins.c"
   1:.\Generated_Source\PSoC5/CapSense_1_Pins.c **** /*******************************************************************************
   2:.\Generated_Source\PSoC5/CapSense_1_Pins.c **** * File Name: CapSense_1_Pins.c
   3:.\Generated_Source\PSoC5/CapSense_1_Pins.c **** * Version 3.50
   4:.\Generated_Source\PSoC5/CapSense_1_Pins.c **** *
   5:.\Generated_Source\PSoC5/CapSense_1_Pins.c **** * Description:
   6:.\Generated_Source\PSoC5/CapSense_1_Pins.c **** *  This file contains API to enable firmware control of a Pins component.
   7:.\Generated_Source\PSoC5/CapSense_1_Pins.c **** *
   8:.\Generated_Source\PSoC5/CapSense_1_Pins.c **** * Note:
   9:.\Generated_Source\PSoC5/CapSense_1_Pins.c **** *
  10:.\Generated_Source\PSoC5/CapSense_1_Pins.c **** ********************************************************************************
  11:.\Generated_Source\PSoC5/CapSense_1_Pins.c **** * Copyright 2008-2013, Cypress Semiconductor Corporation.  All rights reserved.
  12:.\Generated_Source\PSoC5/CapSense_1_Pins.c **** * You may use this file only in accordance with the license, terms, conditions,
  13:.\Generated_Source\PSoC5/CapSense_1_Pins.c **** * disclaimers, and limitations in the end user license agreement accompanying
  14:.\Generated_Source\PSoC5/CapSense_1_Pins.c **** * the software package with which this file was provided.
  15:.\Generated_Source\PSoC5/CapSense_1_Pins.c **** *******************************************************************************/
  16:.\Generated_Source\PSoC5/CapSense_1_Pins.c **** 
  17:.\Generated_Source\PSoC5/CapSense_1_Pins.c **** #include "CapSense_1_Pins.h"
  18:.\Generated_Source\PSoC5/CapSense_1_Pins.c **** 
  19:.\Generated_Source\PSoC5/CapSense_1_Pins.c **** 
  20:.\Generated_Source\PSoC5/CapSense_1_Pins.c **** /*******************************************************************************
  21:.\Generated_Source\PSoC5/CapSense_1_Pins.c **** * Function Name: CapSense_1_SetAllSensorsDriveMode
  22:.\Generated_Source\PSoC5/CapSense_1_Pins.c **** ********************************************************************************
  23:.\Generated_Source\PSoC5/CapSense_1_Pins.c **** *
  24:.\Generated_Source\PSoC5/CapSense_1_Pins.c **** * Summary:
  25:.\Generated_Source\PSoC5/CapSense_1_Pins.c **** *  Sets the drive mode for the all pins used by capacitive sensors within 
  26:.\Generated_Source\PSoC5/CapSense_1_Pins.c **** *  CapSense component.
  27:.\Generated_Source\PSoC5/CapSense_1_Pins.c **** * 
  28:.\Generated_Source\PSoC5/CapSense_1_Pins.c **** * Parameters:  
  29:.\Generated_Source\PSoC5/CapSense_1_Pins.c **** *  mode: Desired drive mode.
  30:.\Generated_Source\PSoC5/CapSense_1_Pins.c **** *
  31:.\Generated_Source\PSoC5/CapSense_1_Pins.c **** * Return: 
ARM GAS  C:\Users\user\AppData\Local\Temp\cclB9XfY.s 			page 2


  32:.\Generated_Source\PSoC5/CapSense_1_Pins.c **** *  None
  33:.\Generated_Source\PSoC5/CapSense_1_Pins.c **** *
  34:.\Generated_Source\PSoC5/CapSense_1_Pins.c **** *******************************************************************************/
  35:.\Generated_Source\PSoC5/CapSense_1_Pins.c **** void CapSense_1_SetAllSensorsDriveMode(uint8 mode) 
  36:.\Generated_Source\PSoC5/CapSense_1_Pins.c **** {
  27              		.loc 1 36 0
  28              		.cfi_startproc
  29              		@ args = 0, pretend = 0, frame = 0
  30              		@ frame_needed = 0, uses_anonymous_args = 0
  31              		@ link register save eliminated.
  32              	.LVL0:
  37:.\Generated_Source\PSoC5/CapSense_1_Pins.c ****     /* Set pins drive mode */
  38:.\Generated_Source\PSoC5/CapSense_1_Pins.c ****     CyPins_SetPinDriveMode(CapSense_1_PortCH0__ProximitySensor0_0__PROX, mode);
  33              		.loc 1 38 0
  34 0000 044A     		ldr	r2, .L2
  35 0002 1378     		ldrb	r3, [r2]	@ zero_extendqisi2
  36 0004 03F0F103 		and	r3, r3, #241
  37 0008 00F00E00 		and	r0, r0, #14
  38              	.LVL1:
  39 000c 1843     		orrs	r0, r0, r3
  40 000e 1070     		strb	r0, [r2]
  41 0010 7047     		bx	lr
  42              	.L3:
  43 0012 00BF     		.align	2
  44              	.L2:
  45 0014 17500040 		.word	1073762327
  46              		.cfi_endproc
  47              	.LFE0:
  48              		.size	CapSense_1_SetAllSensorsDriveMode, .-CapSense_1_SetAllSensorsDriveMode
  49              		.section	.text.CapSense_1_SetAllCmodsDriveMode,"ax",%progbits
  50              		.align	2
  51              		.global	CapSense_1_SetAllCmodsDriveMode
  52              		.thumb
  53              		.thumb_func
  54              		.type	CapSense_1_SetAllCmodsDriveMode, %function
  55              	CapSense_1_SetAllCmodsDriveMode:
  56              	.LFB1:
  39:.\Generated_Source\PSoC5/CapSense_1_Pins.c **** 
  40:.\Generated_Source\PSoC5/CapSense_1_Pins.c **** }
  41:.\Generated_Source\PSoC5/CapSense_1_Pins.c **** 
  42:.\Generated_Source\PSoC5/CapSense_1_Pins.c **** 
  43:.\Generated_Source\PSoC5/CapSense_1_Pins.c **** 
  44:.\Generated_Source\PSoC5/CapSense_1_Pins.c **** /*******************************************************************************
  45:.\Generated_Source\PSoC5/CapSense_1_Pins.c **** * Function Name: CapSense_1_SetAllCmodsDriveMode
  46:.\Generated_Source\PSoC5/CapSense_1_Pins.c **** ********************************************************************************
  47:.\Generated_Source\PSoC5/CapSense_1_Pins.c **** *
  48:.\Generated_Source\PSoC5/CapSense_1_Pins.c **** * Summary:
  49:.\Generated_Source\PSoC5/CapSense_1_Pins.c **** *  Sets the drive mode for the all pins used by Cmod capacitors within CapSense 
  50:.\Generated_Source\PSoC5/CapSense_1_Pins.c **** *  component.
  51:.\Generated_Source\PSoC5/CapSense_1_Pins.c **** * 
  52:.\Generated_Source\PSoC5/CapSense_1_Pins.c **** * Parameters:  
  53:.\Generated_Source\PSoC5/CapSense_1_Pins.c **** *  mode: Desired drive mode.
  54:.\Generated_Source\PSoC5/CapSense_1_Pins.c **** *
  55:.\Generated_Source\PSoC5/CapSense_1_Pins.c **** * Return: 
  56:.\Generated_Source\PSoC5/CapSense_1_Pins.c **** *  None
  57:.\Generated_Source\PSoC5/CapSense_1_Pins.c **** *
  58:.\Generated_Source\PSoC5/CapSense_1_Pins.c **** *******************************************************************************/
ARM GAS  C:\Users\user\AppData\Local\Temp\cclB9XfY.s 			page 3


  59:.\Generated_Source\PSoC5/CapSense_1_Pins.c **** void CapSense_1_SetAllCmodsDriveMode(uint8 mode) 
  60:.\Generated_Source\PSoC5/CapSense_1_Pins.c **** {
  57              		.loc 1 60 0
  58              		.cfi_startproc
  59              		@ args = 0, pretend = 0, frame = 0
  60              		@ frame_needed = 0, uses_anonymous_args = 0
  61              		@ link register save eliminated.
  62              	.LVL2:
  61:.\Generated_Source\PSoC5/CapSense_1_Pins.c ****    /* Set pins drive mode */
  62:.\Generated_Source\PSoC5/CapSense_1_Pins.c ****     CyPins_SetPinDriveMode(CapSense_1_CmodCH0_Cmod_CH0, mode);
  63              		.loc 1 62 0
  64 0000 044A     		ldr	r2, .L5
  65 0002 1378     		ldrb	r3, [r2]	@ zero_extendqisi2
  66 0004 03F0F103 		and	r3, r3, #241
  67 0008 00F00E00 		and	r0, r0, #14
  68              	.LVL3:
  69 000c 1843     		orrs	r0, r0, r3
  70 000e 1070     		strb	r0, [r2]
  71 0010 7047     		bx	lr
  72              	.L6:
  73 0012 00BF     		.align	2
  74              	.L5:
  75 0014 7C500040 		.word	1073762428
  76              		.cfi_endproc
  77              	.LFE1:
  78              		.size	CapSense_1_SetAllCmodsDriveMode, .-CapSense_1_SetAllCmodsDriveMode
  79              		.text
  80              	.Letext0:
  81              		.file 2 ".\\Generated_Source\\PSoC5\\cytypes.h"
  82              		.section	.debug_info,"",%progbits
  83              	.Ldebug_info0:
  84 0000 E7000000 		.4byte	0xe7
  85 0004 0400     		.2byte	0x4
  86 0006 00000000 		.4byte	.Ldebug_abbrev0
  87 000a 04       		.byte	0x4
  88 000b 01       		.uleb128 0x1
  89 000c 85000000 		.4byte	.LASF16
  90 0010 01       		.byte	0x1
  91 0011 6F010000 		.4byte	.LASF17
  92 0015 13010000 		.4byte	.LASF18
  93 0019 00000000 		.4byte	.Ldebug_ranges0+0
  94 001d 00000000 		.4byte	0
  95 0021 00000000 		.4byte	.Ldebug_line0
  96 0025 02       		.uleb128 0x2
  97 0026 01       		.byte	0x1
  98 0027 06       		.byte	0x6
  99 0028 AD010000 		.4byte	.LASF0
 100 002c 02       		.uleb128 0x2
 101 002d 01       		.byte	0x1
 102 002e 08       		.byte	0x8
 103 002f 1B000000 		.4byte	.LASF1
 104 0033 02       		.uleb128 0x2
 105 0034 02       		.byte	0x2
 106 0035 05       		.byte	0x5
 107 0036 D9010000 		.4byte	.LASF2
 108 003a 02       		.uleb128 0x2
 109 003b 02       		.byte	0x2
ARM GAS  C:\Users\user\AppData\Local\Temp\cclB9XfY.s 			page 4


 110 003c 07       		.byte	0x7
 111 003d 9A010000 		.4byte	.LASF3
 112 0041 02       		.uleb128 0x2
 113 0042 04       		.byte	0x4
 114 0043 05       		.byte	0x5
 115 0044 5F010000 		.4byte	.LASF4
 116 0048 02       		.uleb128 0x2
 117 0049 04       		.byte	0x4
 118 004a 07       		.byte	0x7
 119 004b 56000000 		.4byte	.LASF5
 120 004f 02       		.uleb128 0x2
 121 0050 08       		.byte	0x8
 122 0051 05       		.byte	0x5
 123 0052 00000000 		.4byte	.LASF6
 124 0056 02       		.uleb128 0x2
 125 0057 08       		.byte	0x8
 126 0058 07       		.byte	0x7
 127 0059 68000000 		.4byte	.LASF7
 128 005d 03       		.uleb128 0x3
 129 005e 04       		.byte	0x4
 130 005f 05       		.byte	0x5
 131 0060 696E7400 		.ascii	"int\000"
 132 0064 02       		.uleb128 0x2
 133 0065 04       		.byte	0x4
 134 0066 07       		.byte	0x7
 135 0067 0E000000 		.4byte	.LASF8
 136 006b 04       		.uleb128 0x4
 137 006c 50000000 		.4byte	.LASF12
 138 0070 02       		.byte	0x2
 139 0071 3801     		.2byte	0x138
 140 0073 2C000000 		.4byte	0x2c
 141 0077 02       		.uleb128 0x2
 142 0078 04       		.byte	0x4
 143 0079 04       		.byte	0x4
 144 007a 7F000000 		.4byte	.LASF9
 145 007e 02       		.uleb128 0x2
 146 007f 08       		.byte	0x8
 147 0080 04       		.byte	0x4
 148 0081 68010000 		.4byte	.LASF10
 149 0085 02       		.uleb128 0x2
 150 0086 01       		.byte	0x1
 151 0087 08       		.byte	0x8
 152 0088 5A010000 		.4byte	.LASF11
 153 008c 04       		.uleb128 0x4
 154 008d E3010000 		.4byte	.LASF13
 155 0091 02       		.byte	0x2
 156 0092 E201     		.2byte	0x1e2
 157 0094 98000000 		.4byte	0x98
 158 0098 05       		.uleb128 0x5
 159 0099 6B000000 		.4byte	0x6b
 160 009d 02       		.uleb128 0x2
 161 009e 04       		.byte	0x4
 162 009f 07       		.byte	0x7
 163 00a0 E8010000 		.4byte	.LASF14
 164 00a4 06       		.uleb128 0x6
 165 00a5 2E000000 		.4byte	.LASF19
 166 00a9 01       		.byte	0x1
ARM GAS  C:\Users\user\AppData\Local\Temp\cclB9XfY.s 			page 5


 167 00aa 23       		.byte	0x23
 168 00ab 00000000 		.4byte	.LFB0
 169 00af 18000000 		.4byte	.LFE0-.LFB0
 170 00b3 01       		.uleb128 0x1
 171 00b4 9C       		.byte	0x9c
 172 00b5 C9000000 		.4byte	0xc9
 173 00b9 07       		.uleb128 0x7
 174 00ba 29000000 		.4byte	.LASF15
 175 00be 01       		.byte	0x1
 176 00bf 23       		.byte	0x23
 177 00c0 6B000000 		.4byte	0x6b
 178 00c4 00000000 		.4byte	.LLST0
 179 00c8 00       		.byte	0
 180 00c9 08       		.uleb128 0x8
 181 00ca B9010000 		.4byte	.LASF20
 182 00ce 01       		.byte	0x1
 183 00cf 3B       		.byte	0x3b
 184 00d0 00000000 		.4byte	.LFB1
 185 00d4 18000000 		.4byte	.LFE1-.LFB1
 186 00d8 01       		.uleb128 0x1
 187 00d9 9C       		.byte	0x9c
 188 00da 07       		.uleb128 0x7
 189 00db 29000000 		.4byte	.LASF15
 190 00df 01       		.byte	0x1
 191 00e0 3B       		.byte	0x3b
 192 00e1 6B000000 		.4byte	0x6b
 193 00e5 21000000 		.4byte	.LLST1
 194 00e9 00       		.byte	0
 195 00ea 00       		.byte	0
 196              		.section	.debug_abbrev,"",%progbits
 197              	.Ldebug_abbrev0:
 198 0000 01       		.uleb128 0x1
 199 0001 11       		.uleb128 0x11
 200 0002 01       		.byte	0x1
 201 0003 25       		.uleb128 0x25
 202 0004 0E       		.uleb128 0xe
 203 0005 13       		.uleb128 0x13
 204 0006 0B       		.uleb128 0xb
 205 0007 03       		.uleb128 0x3
 206 0008 0E       		.uleb128 0xe
 207 0009 1B       		.uleb128 0x1b
 208 000a 0E       		.uleb128 0xe
 209 000b 55       		.uleb128 0x55
 210 000c 17       		.uleb128 0x17
 211 000d 11       		.uleb128 0x11
 212 000e 01       		.uleb128 0x1
 213 000f 10       		.uleb128 0x10
 214 0010 17       		.uleb128 0x17
 215 0011 00       		.byte	0
 216 0012 00       		.byte	0
 217 0013 02       		.uleb128 0x2
 218 0014 24       		.uleb128 0x24
 219 0015 00       		.byte	0
 220 0016 0B       		.uleb128 0xb
 221 0017 0B       		.uleb128 0xb
 222 0018 3E       		.uleb128 0x3e
 223 0019 0B       		.uleb128 0xb
ARM GAS  C:\Users\user\AppData\Local\Temp\cclB9XfY.s 			page 6


 224 001a 03       		.uleb128 0x3
 225 001b 0E       		.uleb128 0xe
 226 001c 00       		.byte	0
 227 001d 00       		.byte	0
 228 001e 03       		.uleb128 0x3
 229 001f 24       		.uleb128 0x24
 230 0020 00       		.byte	0
 231 0021 0B       		.uleb128 0xb
 232 0022 0B       		.uleb128 0xb
 233 0023 3E       		.uleb128 0x3e
 234 0024 0B       		.uleb128 0xb
 235 0025 03       		.uleb128 0x3
 236 0026 08       		.uleb128 0x8
 237 0027 00       		.byte	0
 238 0028 00       		.byte	0
 239 0029 04       		.uleb128 0x4
 240 002a 16       		.uleb128 0x16
 241 002b 00       		.byte	0
 242 002c 03       		.uleb128 0x3
 243 002d 0E       		.uleb128 0xe
 244 002e 3A       		.uleb128 0x3a
 245 002f 0B       		.uleb128 0xb
 246 0030 3B       		.uleb128 0x3b
 247 0031 05       		.uleb128 0x5
 248 0032 49       		.uleb128 0x49
 249 0033 13       		.uleb128 0x13
 250 0034 00       		.byte	0
 251 0035 00       		.byte	0
 252 0036 05       		.uleb128 0x5
 253 0037 35       		.uleb128 0x35
 254 0038 00       		.byte	0
 255 0039 49       		.uleb128 0x49
 256 003a 13       		.uleb128 0x13
 257 003b 00       		.byte	0
 258 003c 00       		.byte	0
 259 003d 06       		.uleb128 0x6
 260 003e 2E       		.uleb128 0x2e
 261 003f 01       		.byte	0x1
 262 0040 3F       		.uleb128 0x3f
 263 0041 19       		.uleb128 0x19
 264 0042 03       		.uleb128 0x3
 265 0043 0E       		.uleb128 0xe
 266 0044 3A       		.uleb128 0x3a
 267 0045 0B       		.uleb128 0xb
 268 0046 3B       		.uleb128 0x3b
 269 0047 0B       		.uleb128 0xb
 270 0048 27       		.uleb128 0x27
 271 0049 19       		.uleb128 0x19
 272 004a 11       		.uleb128 0x11
 273 004b 01       		.uleb128 0x1
 274 004c 12       		.uleb128 0x12
 275 004d 06       		.uleb128 0x6
 276 004e 40       		.uleb128 0x40
 277 004f 18       		.uleb128 0x18
 278 0050 9742     		.uleb128 0x2117
 279 0052 19       		.uleb128 0x19
 280 0053 01       		.uleb128 0x1
ARM GAS  C:\Users\user\AppData\Local\Temp\cclB9XfY.s 			page 7


 281 0054 13       		.uleb128 0x13
 282 0055 00       		.byte	0
 283 0056 00       		.byte	0
 284 0057 07       		.uleb128 0x7
 285 0058 05       		.uleb128 0x5
 286 0059 00       		.byte	0
 287 005a 03       		.uleb128 0x3
 288 005b 0E       		.uleb128 0xe
 289 005c 3A       		.uleb128 0x3a
 290 005d 0B       		.uleb128 0xb
 291 005e 3B       		.uleb128 0x3b
 292 005f 0B       		.uleb128 0xb
 293 0060 49       		.uleb128 0x49
 294 0061 13       		.uleb128 0x13
 295 0062 02       		.uleb128 0x2
 296 0063 17       		.uleb128 0x17
 297 0064 00       		.byte	0
 298 0065 00       		.byte	0
 299 0066 08       		.uleb128 0x8
 300 0067 2E       		.uleb128 0x2e
 301 0068 01       		.byte	0x1
 302 0069 3F       		.uleb128 0x3f
 303 006a 19       		.uleb128 0x19
 304 006b 03       		.uleb128 0x3
 305 006c 0E       		.uleb128 0xe
 306 006d 3A       		.uleb128 0x3a
 307 006e 0B       		.uleb128 0xb
 308 006f 3B       		.uleb128 0x3b
 309 0070 0B       		.uleb128 0xb
 310 0071 27       		.uleb128 0x27
 311 0072 19       		.uleb128 0x19
 312 0073 11       		.uleb128 0x11
 313 0074 01       		.uleb128 0x1
 314 0075 12       		.uleb128 0x12
 315 0076 06       		.uleb128 0x6
 316 0077 40       		.uleb128 0x40
 317 0078 18       		.uleb128 0x18
 318 0079 9742     		.uleb128 0x2117
 319 007b 19       		.uleb128 0x19
 320 007c 00       		.byte	0
 321 007d 00       		.byte	0
 322 007e 00       		.byte	0
 323              		.section	.debug_loc,"",%progbits
 324              	.Ldebug_loc0:
 325              	.LLST0:
 326 0000 00000000 		.4byte	.LVL0
 327 0004 0C000000 		.4byte	.LVL1
 328 0008 0100     		.2byte	0x1
 329 000a 50       		.byte	0x50
 330 000b 0C000000 		.4byte	.LVL1
 331 000f 18000000 		.4byte	.LFE0
 332 0013 0400     		.2byte	0x4
 333 0015 F3       		.byte	0xf3
 334 0016 01       		.uleb128 0x1
 335 0017 50       		.byte	0x50
 336 0018 9F       		.byte	0x9f
 337 0019 00000000 		.4byte	0
ARM GAS  C:\Users\user\AppData\Local\Temp\cclB9XfY.s 			page 8


 338 001d 00000000 		.4byte	0
 339              	.LLST1:
 340 0021 00000000 		.4byte	.LVL2
 341 0025 0C000000 		.4byte	.LVL3
 342 0029 0100     		.2byte	0x1
 343 002b 50       		.byte	0x50
 344 002c 0C000000 		.4byte	.LVL3
 345 0030 18000000 		.4byte	.LFE1
 346 0034 0400     		.2byte	0x4
 347 0036 F3       		.byte	0xf3
 348 0037 01       		.uleb128 0x1
 349 0038 50       		.byte	0x50
 350 0039 9F       		.byte	0x9f
 351 003a 00000000 		.4byte	0
 352 003e 00000000 		.4byte	0
 353              		.section	.debug_aranges,"",%progbits
 354 0000 24000000 		.4byte	0x24
 355 0004 0200     		.2byte	0x2
 356 0006 00000000 		.4byte	.Ldebug_info0
 357 000a 04       		.byte	0x4
 358 000b 00       		.byte	0
 359 000c 0000     		.2byte	0
 360 000e 0000     		.2byte	0
 361 0010 00000000 		.4byte	.LFB0
 362 0014 18000000 		.4byte	.LFE0-.LFB0
 363 0018 00000000 		.4byte	.LFB1
 364 001c 18000000 		.4byte	.LFE1-.LFB1
 365 0020 00000000 		.4byte	0
 366 0024 00000000 		.4byte	0
 367              		.section	.debug_ranges,"",%progbits
 368              	.Ldebug_ranges0:
 369 0000 00000000 		.4byte	.LFB0
 370 0004 18000000 		.4byte	.LFE0
 371 0008 00000000 		.4byte	.LFB1
 372 000c 18000000 		.4byte	.LFE1
 373 0010 00000000 		.4byte	0
 374 0014 00000000 		.4byte	0
 375              		.section	.debug_line,"",%progbits
 376              	.Ldebug_line0:
 377 0000 74000000 		.section	.debug_str,"MS",%progbits,1
 377      02004E00 
 377      00000201 
 377      FB0E0D00 
 377      01010101 
 378              	.LASF6:
 379 0000 6C6F6E67 		.ascii	"long long int\000"
 379      206C6F6E 
 379      6720696E 
 379      7400
 380              	.LASF8:
 381 000e 756E7369 		.ascii	"unsigned int\000"
 381      676E6564 
 381      20696E74 
 381      00
 382              	.LASF1:
 383 001b 756E7369 		.ascii	"unsigned char\000"
 383      676E6564 
ARM GAS  C:\Users\user\AppData\Local\Temp\cclB9XfY.s 			page 9


 383      20636861 
 383      7200
 384              	.LASF15:
 385 0029 6D6F6465 		.ascii	"mode\000"
 385      00
 386              	.LASF19:
 387 002e 43617053 		.ascii	"CapSense_1_SetAllSensorsDriveMode\000"
 387      656E7365 
 387      5F315F53 
 387      6574416C 
 387      6C53656E 
 388              	.LASF12:
 389 0050 75696E74 		.ascii	"uint8\000"
 389      3800
 390              	.LASF5:
 391 0056 6C6F6E67 		.ascii	"long unsigned int\000"
 391      20756E73 
 391      69676E65 
 391      6420696E 
 391      7400
 392              	.LASF7:
 393 0068 6C6F6E67 		.ascii	"long long unsigned int\000"
 393      206C6F6E 
 393      6720756E 
 393      7369676E 
 393      65642069 
 394              	.LASF9:
 395 007f 666C6F61 		.ascii	"float\000"
 395      7400
 396              	.LASF16:
 397 0085 474E5520 		.ascii	"GNU C 4.9.3 20150303 (release) [ARM/embedded-4_9-br"
 397      4320342E 
 397      392E3320 
 397      32303135 
 397      30333033 
 398 00b8 616E6368 		.ascii	"anch revision 221220] -mcpu=cortex-m3 -mthumb -g -O"
 398      20726576 
 398      6973696F 
 398      6E203232 
 398      31323230 
 399 00eb 67202D66 		.ascii	"g -ffunction-sections -ffat-lto-objects\000"
 399      66756E63 
 399      74696F6E 
 399      2D736563 
 399      74696F6E 
 400              	.LASF18:
 401 0113 443A5C55 		.ascii	"D:\\Utilisateurs\\user\\Documents\\PSoC Creator\\Wo"
 401      74696C69 
 401      73617465 
 401      7572735C 
 401      75736572 
 402 0141 726B7370 		.ascii	"rkspace02\\Capsense.cydsn\000"
 402      61636530 
 402      325C4361 
 402      7073656E 
 402      73652E63 
 403              	.LASF11:
ARM GAS  C:\Users\user\AppData\Local\Temp\cclB9XfY.s 			page 10


 404 015a 63686172 		.ascii	"char\000"
 404      00
 405              	.LASF4:
 406 015f 6C6F6E67 		.ascii	"long int\000"
 406      20696E74 
 406      00
 407              	.LASF10:
 408 0168 646F7562 		.ascii	"double\000"
 408      6C6500
 409              	.LASF17:
 410 016f 2E5C4765 		.ascii	".\\Generated_Source\\PSoC5\\CapSense_1_Pins.c\000"
 410      6E657261 
 410      7465645F 
 410      536F7572 
 410      63655C50 
 411              	.LASF3:
 412 019a 73686F72 		.ascii	"short unsigned int\000"
 412      7420756E 
 412      7369676E 
 412      65642069 
 412      6E7400
 413              	.LASF0:
 414 01ad 7369676E 		.ascii	"signed char\000"
 414      65642063 
 414      68617200 
 415              	.LASF20:
 416 01b9 43617053 		.ascii	"CapSense_1_SetAllCmodsDriveMode\000"
 416      656E7365 
 416      5F315F53 
 416      6574416C 
 416      6C436D6F 
 417              	.LASF2:
 418 01d9 73686F72 		.ascii	"short int\000"
 418      7420696E 
 418      7400
 419              	.LASF13:
 420 01e3 72656738 		.ascii	"reg8\000"
 420      00
 421              	.LASF14:
 422 01e8 73697A65 		.ascii	"sizetype\000"
 422      74797065 
 422      00
 423              		.ident	"GCC: (GNU Tools for ARM Embedded Processors) 4.9.3 20150303 (release) [ARM/embedded-4_9-br
