ARM GAS  C:\Users\user\AppData\Local\Temp\cclBGVnP.s 			page 1


   1              		.syntax unified
   2              		.cpu cortex-m3
   3              		.fpu softvfp
   4              		.eabi_attribute 20, 1
   5              		.eabi_attribute 21, 1
   6              		.eabi_attribute 23, 3
   7              		.eabi_attribute 24, 1
   8              		.eabi_attribute 25, 1
   9              		.eabi_attribute 26, 1
  10              		.eabi_attribute 30, 1
  11              		.eabi_attribute 34, 1
  12              		.eabi_attribute 18, 4
  13              		.thumb
  14              		.file	"CapSense_1_INT.c"
  15              		.text
  16              	.Ltext0:
  17              		.cfi_sections	.debug_frame
  18              		.section	.text.CapSense_1_IsrCH0_ISR,"ax",%progbits
  19              		.align	2
  20              		.global	CapSense_1_IsrCH0_ISR
  21              		.thumb
  22              		.thumb_func
  23              		.type	CapSense_1_IsrCH0_ISR, %function
  24              	CapSense_1_IsrCH0_ISR:
  25              	.LFB0:
  26              		.file 1 ".\\Generated_Source\\PSoC5\\CapSense_1_INT.c"
   1:.\Generated_Source\PSoC5/CapSense_1_INT.c **** /*******************************************************************************
   2:.\Generated_Source\PSoC5/CapSense_1_INT.c **** * File Name: CapSense_1_INT.c
   3:.\Generated_Source\PSoC5/CapSense_1_INT.c **** * Version 3.50
   4:.\Generated_Source\PSoC5/CapSense_1_INT.c **** *
   5:.\Generated_Source\PSoC5/CapSense_1_INT.c **** * Description:
   6:.\Generated_Source\PSoC5/CapSense_1_INT.c **** *  This file provides the source code of Interrupt Service Routine (ISR)
   7:.\Generated_Source\PSoC5/CapSense_1_INT.c **** *  for CapSense CSD component.
   8:.\Generated_Source\PSoC5/CapSense_1_INT.c **** *
   9:.\Generated_Source\PSoC5/CapSense_1_INT.c **** * Note:
  10:.\Generated_Source\PSoC5/CapSense_1_INT.c **** *
  11:.\Generated_Source\PSoC5/CapSense_1_INT.c **** ********************************************************************************
  12:.\Generated_Source\PSoC5/CapSense_1_INT.c **** * Copyright 2008-2013, Cypress Semiconductor Corporation.  All rights reserved.
  13:.\Generated_Source\PSoC5/CapSense_1_INT.c **** * You may use this file only in accordance with the license, terms, conditions,
  14:.\Generated_Source\PSoC5/CapSense_1_INT.c **** * disclaimers, and limitations in the end user license agreement accompanying
  15:.\Generated_Source\PSoC5/CapSense_1_INT.c **** * the software package with which this file was provided.
  16:.\Generated_Source\PSoC5/CapSense_1_INT.c **** *******************************************************************************/
  17:.\Generated_Source\PSoC5/CapSense_1_INT.c **** 
  18:.\Generated_Source\PSoC5/CapSense_1_INT.c **** #include "CapSense_1.h"
  19:.\Generated_Source\PSoC5/CapSense_1_INT.c **** #include "cyapicallbacks.h"
  20:.\Generated_Source\PSoC5/CapSense_1_INT.c **** 
  21:.\Generated_Source\PSoC5/CapSense_1_INT.c **** 
  22:.\Generated_Source\PSoC5/CapSense_1_INT.c **** /*******************************************************************************
  23:.\Generated_Source\PSoC5/CapSense_1_INT.c **** *  Place your includes, defines and code here 
  24:.\Generated_Source\PSoC5/CapSense_1_INT.c **** ********************************************************************************/
  25:.\Generated_Source\PSoC5/CapSense_1_INT.c **** /* `#START CapSense_1_IsrCH_ISR_intc` */
  26:.\Generated_Source\PSoC5/CapSense_1_INT.c **** 
  27:.\Generated_Source\PSoC5/CapSense_1_INT.c **** /* `#END` */
  28:.\Generated_Source\PSoC5/CapSense_1_INT.c **** 
  29:.\Generated_Source\PSoC5/CapSense_1_INT.c **** 
  30:.\Generated_Source\PSoC5/CapSense_1_INT.c **** #if (CapSense_1_DESIGN_TYPE == CapSense_1_ONE_CHANNEL_DESIGN)
  31:.\Generated_Source\PSoC5/CapSense_1_INT.c ****     /*******************************************************************************
ARM GAS  C:\Users\user\AppData\Local\Temp\cclBGVnP.s 			page 2


  32:.\Generated_Source\PSoC5/CapSense_1_INT.c ****     * Function Name: CapSense_1_IsrCH0_ISR
  33:.\Generated_Source\PSoC5/CapSense_1_INT.c ****     ********************************************************************************
  34:.\Generated_Source\PSoC5/CapSense_1_INT.c ****     *
  35:.\Generated_Source\PSoC5/CapSense_1_INT.c ****     * Summary:
  36:.\Generated_Source\PSoC5/CapSense_1_INT.c ****     *  This ISR is executed when measure window is closed. The measure window 
  37:.\Generated_Source\PSoC5/CapSense_1_INT.c ****     *  depends on scan resolution parameter of sensor. 
  38:.\Generated_Source\PSoC5/CapSense_1_INT.c ****     *  The ISR has two modes: 
  39:.\Generated_Source\PSoC5/CapSense_1_INT.c ****     *   1. Scans single sensor and stores measure result.
  40:.\Generated_Source\PSoC5/CapSense_1_INT.c ****     *   2. Stores result of current measure and starts next scan till all 
  41:.\Generated_Source\PSoC5/CapSense_1_INT.c ****     *      enabled sensors will be scanned.
  42:.\Generated_Source\PSoC5/CapSense_1_INT.c ****     *  This interrupt handler only used in one channel designs.
  43:.\Generated_Source\PSoC5/CapSense_1_INT.c ****     *
  44:.\Generated_Source\PSoC5/CapSense_1_INT.c ****     * Parameters:
  45:.\Generated_Source\PSoC5/CapSense_1_INT.c ****     *  None
  46:.\Generated_Source\PSoC5/CapSense_1_INT.c ****     *
  47:.\Generated_Source\PSoC5/CapSense_1_INT.c ****     * Return:
  48:.\Generated_Source\PSoC5/CapSense_1_INT.c ****     *  None
  49:.\Generated_Source\PSoC5/CapSense_1_INT.c ****     *
  50:.\Generated_Source\PSoC5/CapSense_1_INT.c ****     * Global Variables:
  51:.\Generated_Source\PSoC5/CapSense_1_INT.c ****     *  CapSense_1_csv - used to provide status and mode of scanning process.
  52:.\Generated_Source\PSoC5/CapSense_1_INT.c ****     *   Mode - single scan or scan of all enabled sensors.
  53:.\Generated_Source\PSoC5/CapSense_1_INT.c ****     *   Status - scan in progress or ready for new scan.
  54:.\Generated_Source\PSoC5/CapSense_1_INT.c ****     *  CapSense_1_sensorIndex - used to store sensor scanning sensor number.
  55:.\Generated_Source\PSoC5/CapSense_1_INT.c ****     *
  56:.\Generated_Source\PSoC5/CapSense_1_INT.c ****     * Reentrant:
  57:.\Generated_Source\PSoC5/CapSense_1_INT.c ****     *  No
  58:.\Generated_Source\PSoC5/CapSense_1_INT.c ****     *
  59:.\Generated_Source\PSoC5/CapSense_1_INT.c ****     *******************************************************************************/
  60:.\Generated_Source\PSoC5/CapSense_1_INT.c ****     CY_ISR(CapSense_1_IsrCH0_ISR)
  61:.\Generated_Source\PSoC5/CapSense_1_INT.c ****     {
  27              		.loc 1 61 0
  28              		.cfi_startproc
  29              		@ args = 0, pretend = 0, frame = 0
  30              		@ frame_needed = 0, uses_anonymous_args = 0
  31 0000 10B5     		push	{r4, lr}
  32              		.cfi_def_cfa_offset 8
  33              		.cfi_offset 4, -8
  34              		.cfi_offset 14, -4
  62:.\Generated_Source\PSoC5/CapSense_1_INT.c ****         #ifdef CapSense_1_ONE_CHANNEL_CH0_ISR_ENTRY_CALLBACK
  63:.\Generated_Source\PSoC5/CapSense_1_INT.c ****             CapSense_1_IsrCH0_ISR_EntryCallback();
  64:.\Generated_Source\PSoC5/CapSense_1_INT.c ****         #endif /* CapSense_1_ONE_CHANNEL_CH0_ISR_ENTRY_CALLBACK */
  65:.\Generated_Source\PSoC5/CapSense_1_INT.c **** 
  66:.\Generated_Source\PSoC5/CapSense_1_INT.c ****         /*  Place your Interrupt code here. */
  67:.\Generated_Source\PSoC5/CapSense_1_INT.c ****         /* `#START CapSense_1_ONE_CHANNEL_IsrCH0_ISR_ENTER` */
  68:.\Generated_Source\PSoC5/CapSense_1_INT.c **** 
  69:.\Generated_Source\PSoC5/CapSense_1_INT.c ****         /* `#END` */
  70:.\Generated_Source\PSoC5/CapSense_1_INT.c **** 
  71:.\Generated_Source\PSoC5/CapSense_1_INT.c ****         /* Save results and disable sensor */
  72:.\Generated_Source\PSoC5/CapSense_1_INT.c ****         CapSense_1_PostScan(CapSense_1_sensorIndex);
  35              		.loc 1 72 0
  36 0002 114B     		ldr	r3, .L6
  37 0004 1878     		ldrb	r0, [r3]	@ zero_extendqisi2
  38 0006 FFF7FEFF 		bl	CapSense_1_PostScan
  39              	.LVL0:
  73:.\Generated_Source\PSoC5/CapSense_1_INT.c ****                 
  74:.\Generated_Source\PSoC5/CapSense_1_INT.c ****         if ((CapSense_1_csv & CapSense_1_SW_CTRL_SINGLE_SCAN) != 0u)
  40              		.loc 1 74 0
ARM GAS  C:\Users\user\AppData\Local\Temp\cclBGVnP.s 			page 3


  41 000a 104B     		ldr	r3, .L6+4
  42 000c 1B78     		ldrb	r3, [r3]	@ zero_extendqisi2
  43 000e 13F0800F 		tst	r3, #128
  44 0012 05D0     		beq	.L2
  75:.\Generated_Source\PSoC5/CapSense_1_INT.c ****         {
  76:.\Generated_Source\PSoC5/CapSense_1_INT.c ****             CapSense_1_csv &= (uint8)~CapSense_1_SW_STS_BUSY;
  45              		.loc 1 76 0
  46 0014 0D4A     		ldr	r2, .L6+4
  47 0016 1378     		ldrb	r3, [r2]	@ zero_extendqisi2
  48 0018 03F0FE03 		and	r3, r3, #254
  49 001c 1370     		strb	r3, [r2]
  50 001e 10BD     		pop	{r4, pc}
  51              	.L2:
  77:.\Generated_Source\PSoC5/CapSense_1_INT.c ****         }
  78:.\Generated_Source\PSoC5/CapSense_1_INT.c ****         else
  79:.\Generated_Source\PSoC5/CapSense_1_INT.c ****         {
  80:.\Generated_Source\PSoC5/CapSense_1_INT.c ****             /* Proceed the scanning */
  81:.\Generated_Source\PSoC5/CapSense_1_INT.c ****             CapSense_1_sensorIndex = CapSense_1_FindNextSensor(CapSense_1_sensorIndex);
  52              		.loc 1 81 0
  53 0020 094C     		ldr	r4, .L6
  54 0022 2078     		ldrb	r0, [r4]	@ zero_extendqisi2
  55 0024 FFF7FEFF 		bl	CapSense_1_FindNextSensor
  56              	.LVL1:
  57 0028 2070     		strb	r0, [r4]
  82:.\Generated_Source\PSoC5/CapSense_1_INT.c ****             
  83:.\Generated_Source\PSoC5/CapSense_1_INT.c ****             /* Check end of scan */
  84:.\Generated_Source\PSoC5/CapSense_1_INT.c ****             if(CapSense_1_sensorIndex < CapSense_1_TOTAL_SENSOR_COUNT)
  58              		.loc 1 84 0
  59 002a 2378     		ldrb	r3, [r4]	@ zero_extendqisi2
  60 002c 13F0FF0F 		tst	r3, #255
  61 0030 03D1     		bne	.L4
  85:.\Generated_Source\PSoC5/CapSense_1_INT.c ****             {
  86:.\Generated_Source\PSoC5/CapSense_1_INT.c ****                 CapSense_1_PreScan(CapSense_1_sensorIndex);
  62              		.loc 1 86 0
  63 0032 2078     		ldrb	r0, [r4]	@ zero_extendqisi2
  64 0034 FFF7FEFF 		bl	CapSense_1_PreScan
  65              	.LVL2:
  66 0038 10BD     		pop	{r4, pc}
  67              	.L4:
  87:.\Generated_Source\PSoC5/CapSense_1_INT.c ****             }
  88:.\Generated_Source\PSoC5/CapSense_1_INT.c ****             else
  89:.\Generated_Source\PSoC5/CapSense_1_INT.c ****             {
  90:.\Generated_Source\PSoC5/CapSense_1_INT.c ****                 CapSense_1_csv &= (uint8)~CapSense_1_SW_STS_BUSY;
  68              		.loc 1 90 0
  69 003a 044A     		ldr	r2, .L6+4
  70 003c 1378     		ldrb	r3, [r2]	@ zero_extendqisi2
  71 003e 03F0FE03 		and	r3, r3, #254
  72 0042 1370     		strb	r3, [r2]
  73 0044 10BD     		pop	{r4, pc}
  74              	.L7:
  75 0046 00BF     		.align	2
  76              	.L6:
  77 0048 00000000 		.word	CapSense_1_sensorIndex
  78 004c 00000000 		.word	CapSense_1_csv
  79              		.cfi_endproc
  80              	.LFE0:
  81              		.size	CapSense_1_IsrCH0_ISR, .-CapSense_1_IsrCH0_ISR
ARM GAS  C:\Users\user\AppData\Local\Temp\cclBGVnP.s 			page 4


  82              		.text
  83              	.Letext0:
  84              		.file 2 ".\\Generated_Source\\PSoC5\\CapSense_1.h"
  85              		.file 3 ".\\Generated_Source\\PSoC5\\cytypes.h"
  86              		.section	.debug_info,"",%progbits
  87              	.Ldebug_info0:
  88 0000 14010000 		.4byte	0x114
  89 0004 0400     		.2byte	0x4
  90 0006 00000000 		.4byte	.Ldebug_abbrev0
  91 000a 04       		.byte	0x4
  92 000b 01       		.uleb128 0x1
  93 000c 83000000 		.4byte	.LASF15
  94 0010 01       		.byte	0x1
  95 0011 A9010000 		.4byte	.LASF16
  96 0015 20010000 		.4byte	.LASF17
  97 0019 00000000 		.4byte	.Ldebug_ranges0+0
  98 001d 00000000 		.4byte	0
  99 0021 00000000 		.4byte	.Ldebug_line0
 100 0025 02       		.uleb128 0x2
 101 0026 01       		.byte	0x1
 102 0027 06       		.byte	0x6
 103 0028 E6010000 		.4byte	.LASF0
 104 002c 02       		.uleb128 0x2
 105 002d 01       		.byte	0x1
 106 002e 08       		.byte	0x8
 107 002f 1B000000 		.4byte	.LASF1
 108 0033 02       		.uleb128 0x2
 109 0034 02       		.byte	0x2
 110 0035 05       		.byte	0x5
 111 0036 F8010000 		.4byte	.LASF2
 112 003a 02       		.uleb128 0x2
 113 003b 02       		.byte	0x2
 114 003c 07       		.byte	0x7
 115 003d D3010000 		.4byte	.LASF3
 116 0041 02       		.uleb128 0x2
 117 0042 04       		.byte	0x4
 118 0043 05       		.byte	0x5
 119 0044 6C010000 		.4byte	.LASF4
 120 0048 02       		.uleb128 0x2
 121 0049 04       		.byte	0x4
 122 004a 07       		.byte	0x7
 123 004b 5A000000 		.4byte	.LASF5
 124 004f 02       		.uleb128 0x2
 125 0050 08       		.byte	0x8
 126 0051 05       		.byte	0x5
 127 0052 00000000 		.4byte	.LASF6
 128 0056 02       		.uleb128 0x2
 129 0057 08       		.byte	0x8
 130 0058 07       		.byte	0x7
 131 0059 6C000000 		.4byte	.LASF7
 132 005d 03       		.uleb128 0x3
 133 005e 04       		.byte	0x4
 134 005f 05       		.byte	0x5
 135 0060 696E7400 		.ascii	"int\000"
 136 0064 02       		.uleb128 0x2
 137 0065 04       		.byte	0x4
 138 0066 07       		.byte	0x7
ARM GAS  C:\Users\user\AppData\Local\Temp\cclBGVnP.s 			page 5


 139 0067 0E000000 		.4byte	.LASF8
 140 006b 04       		.uleb128 0x4
 141 006c 54000000 		.4byte	.LASF18
 142 0070 03       		.byte	0x3
 143 0071 3801     		.2byte	0x138
 144 0073 2C000000 		.4byte	0x2c
 145 0077 02       		.uleb128 0x2
 146 0078 04       		.byte	0x4
 147 0079 04       		.byte	0x4
 148 007a F2010000 		.4byte	.LASF9
 149 007e 02       		.uleb128 0x2
 150 007f 08       		.byte	0x8
 151 0080 04       		.byte	0x4
 152 0081 A2010000 		.4byte	.LASF10
 153 0085 02       		.uleb128 0x2
 154 0086 01       		.byte	0x1
 155 0087 08       		.byte	0x8
 156 0088 67010000 		.4byte	.LASF11
 157 008c 05       		.uleb128 0x5
 158 008d 6B000000 		.4byte	0x6b
 159 0091 02       		.uleb128 0x2
 160 0092 04       		.byte	0x4
 161 0093 07       		.byte	0x7
 162 0094 18020000 		.4byte	.LASF12
 163 0098 06       		.uleb128 0x6
 164 0099 02020000 		.4byte	.LASF19
 165 009d 01       		.byte	0x1
 166 009e 3C       		.byte	0x3c
 167 009f 00000000 		.4byte	.LFB0
 168 00a3 50000000 		.4byte	.LFE0-.LFB0
 169 00a7 01       		.uleb128 0x1
 170 00a8 9C       		.byte	0x9c
 171 00a9 C9000000 		.4byte	0xc9
 172 00ad 07       		.uleb128 0x7
 173 00ae 0A000000 		.4byte	.LVL0
 174 00b2 E1000000 		.4byte	0xe1
 175 00b6 07       		.uleb128 0x7
 176 00b7 28000000 		.4byte	.LVL1
 177 00bb F3000000 		.4byte	0xf3
 178 00bf 07       		.uleb128 0x7
 179 00c0 38000000 		.4byte	.LVL2
 180 00c4 09010000 		.4byte	0x109
 181 00c8 00       		.byte	0
 182 00c9 08       		.uleb128 0x8
 183 00ca 11010000 		.4byte	.LASF13
 184 00ce 02       		.byte	0x2
 185 00cf AE02     		.2byte	0x2ae
 186 00d1 8C000000 		.4byte	0x8c
 187 00d5 08       		.uleb128 0x8
 188 00d6 29000000 		.4byte	.LASF14
 189 00da 02       		.byte	0x2
 190 00db AF02     		.2byte	0x2af
 191 00dd 8C000000 		.4byte	0x8c
 192 00e1 09       		.uleb128 0x9
 193 00e2 40000000 		.4byte	.LASF20
 194 00e6 02       		.byte	0x2
 195 00e7 9B02     		.2byte	0x29b
ARM GAS  C:\Users\user\AppData\Local\Temp\cclBGVnP.s 			page 6


 196 00e9 F3000000 		.4byte	0xf3
 197 00ed 0A       		.uleb128 0xa
 198 00ee 6B000000 		.4byte	0x6b
 199 00f2 00       		.byte	0
 200 00f3 0B       		.uleb128 0xb
 201 00f4 88010000 		.4byte	.LASF21
 202 00f8 02       		.byte	0x2
 203 00f9 9002     		.2byte	0x290
 204 00fb 6B000000 		.4byte	0x6b
 205 00ff 09010000 		.4byte	0x109
 206 0103 0A       		.uleb128 0xa
 207 0104 6B000000 		.4byte	0x6b
 208 0108 00       		.byte	0
 209 0109 0C       		.uleb128 0xc
 210 010a 75010000 		.4byte	.LASF22
 211 010e 02       		.byte	0x2
 212 010f 9902     		.2byte	0x299
 213 0111 0A       		.uleb128 0xa
 214 0112 6B000000 		.4byte	0x6b
 215 0116 00       		.byte	0
 216 0117 00       		.byte	0
 217              		.section	.debug_abbrev,"",%progbits
 218              	.Ldebug_abbrev0:
 219 0000 01       		.uleb128 0x1
 220 0001 11       		.uleb128 0x11
 221 0002 01       		.byte	0x1
 222 0003 25       		.uleb128 0x25
 223 0004 0E       		.uleb128 0xe
 224 0005 13       		.uleb128 0x13
 225 0006 0B       		.uleb128 0xb
 226 0007 03       		.uleb128 0x3
 227 0008 0E       		.uleb128 0xe
 228 0009 1B       		.uleb128 0x1b
 229 000a 0E       		.uleb128 0xe
 230 000b 55       		.uleb128 0x55
 231 000c 17       		.uleb128 0x17
 232 000d 11       		.uleb128 0x11
 233 000e 01       		.uleb128 0x1
 234 000f 10       		.uleb128 0x10
 235 0010 17       		.uleb128 0x17
 236 0011 00       		.byte	0
 237 0012 00       		.byte	0
 238 0013 02       		.uleb128 0x2
 239 0014 24       		.uleb128 0x24
 240 0015 00       		.byte	0
 241 0016 0B       		.uleb128 0xb
 242 0017 0B       		.uleb128 0xb
 243 0018 3E       		.uleb128 0x3e
 244 0019 0B       		.uleb128 0xb
 245 001a 03       		.uleb128 0x3
 246 001b 0E       		.uleb128 0xe
 247 001c 00       		.byte	0
 248 001d 00       		.byte	0
 249 001e 03       		.uleb128 0x3
 250 001f 24       		.uleb128 0x24
 251 0020 00       		.byte	0
 252 0021 0B       		.uleb128 0xb
ARM GAS  C:\Users\user\AppData\Local\Temp\cclBGVnP.s 			page 7


 253 0022 0B       		.uleb128 0xb
 254 0023 3E       		.uleb128 0x3e
 255 0024 0B       		.uleb128 0xb
 256 0025 03       		.uleb128 0x3
 257 0026 08       		.uleb128 0x8
 258 0027 00       		.byte	0
 259 0028 00       		.byte	0
 260 0029 04       		.uleb128 0x4
 261 002a 16       		.uleb128 0x16
 262 002b 00       		.byte	0
 263 002c 03       		.uleb128 0x3
 264 002d 0E       		.uleb128 0xe
 265 002e 3A       		.uleb128 0x3a
 266 002f 0B       		.uleb128 0xb
 267 0030 3B       		.uleb128 0x3b
 268 0031 05       		.uleb128 0x5
 269 0032 49       		.uleb128 0x49
 270 0033 13       		.uleb128 0x13
 271 0034 00       		.byte	0
 272 0035 00       		.byte	0
 273 0036 05       		.uleb128 0x5
 274 0037 35       		.uleb128 0x35
 275 0038 00       		.byte	0
 276 0039 49       		.uleb128 0x49
 277 003a 13       		.uleb128 0x13
 278 003b 00       		.byte	0
 279 003c 00       		.byte	0
 280 003d 06       		.uleb128 0x6
 281 003e 2E       		.uleb128 0x2e
 282 003f 01       		.byte	0x1
 283 0040 3F       		.uleb128 0x3f
 284 0041 19       		.uleb128 0x19
 285 0042 03       		.uleb128 0x3
 286 0043 0E       		.uleb128 0xe
 287 0044 3A       		.uleb128 0x3a
 288 0045 0B       		.uleb128 0xb
 289 0046 3B       		.uleb128 0x3b
 290 0047 0B       		.uleb128 0xb
 291 0048 27       		.uleb128 0x27
 292 0049 19       		.uleb128 0x19
 293 004a 11       		.uleb128 0x11
 294 004b 01       		.uleb128 0x1
 295 004c 12       		.uleb128 0x12
 296 004d 06       		.uleb128 0x6
 297 004e 40       		.uleb128 0x40
 298 004f 18       		.uleb128 0x18
 299 0050 9742     		.uleb128 0x2117
 300 0052 19       		.uleb128 0x19
 301 0053 01       		.uleb128 0x1
 302 0054 13       		.uleb128 0x13
 303 0055 00       		.byte	0
 304 0056 00       		.byte	0
 305 0057 07       		.uleb128 0x7
 306 0058 898201   		.uleb128 0x4109
 307 005b 00       		.byte	0
 308 005c 11       		.uleb128 0x11
 309 005d 01       		.uleb128 0x1
ARM GAS  C:\Users\user\AppData\Local\Temp\cclBGVnP.s 			page 8


 310 005e 31       		.uleb128 0x31
 311 005f 13       		.uleb128 0x13
 312 0060 00       		.byte	0
 313 0061 00       		.byte	0
 314 0062 08       		.uleb128 0x8
 315 0063 34       		.uleb128 0x34
 316 0064 00       		.byte	0
 317 0065 03       		.uleb128 0x3
 318 0066 0E       		.uleb128 0xe
 319 0067 3A       		.uleb128 0x3a
 320 0068 0B       		.uleb128 0xb
 321 0069 3B       		.uleb128 0x3b
 322 006a 05       		.uleb128 0x5
 323 006b 49       		.uleb128 0x49
 324 006c 13       		.uleb128 0x13
 325 006d 3F       		.uleb128 0x3f
 326 006e 19       		.uleb128 0x19
 327 006f 3C       		.uleb128 0x3c
 328 0070 19       		.uleb128 0x19
 329 0071 00       		.byte	0
 330 0072 00       		.byte	0
 331 0073 09       		.uleb128 0x9
 332 0074 2E       		.uleb128 0x2e
 333 0075 01       		.byte	0x1
 334 0076 3F       		.uleb128 0x3f
 335 0077 19       		.uleb128 0x19
 336 0078 03       		.uleb128 0x3
 337 0079 0E       		.uleb128 0xe
 338 007a 3A       		.uleb128 0x3a
 339 007b 0B       		.uleb128 0xb
 340 007c 3B       		.uleb128 0x3b
 341 007d 05       		.uleb128 0x5
 342 007e 27       		.uleb128 0x27
 343 007f 19       		.uleb128 0x19
 344 0080 3C       		.uleb128 0x3c
 345 0081 19       		.uleb128 0x19
 346 0082 01       		.uleb128 0x1
 347 0083 13       		.uleb128 0x13
 348 0084 00       		.byte	0
 349 0085 00       		.byte	0
 350 0086 0A       		.uleb128 0xa
 351 0087 05       		.uleb128 0x5
 352 0088 00       		.byte	0
 353 0089 49       		.uleb128 0x49
 354 008a 13       		.uleb128 0x13
 355 008b 00       		.byte	0
 356 008c 00       		.byte	0
 357 008d 0B       		.uleb128 0xb
 358 008e 2E       		.uleb128 0x2e
 359 008f 01       		.byte	0x1
 360 0090 3F       		.uleb128 0x3f
 361 0091 19       		.uleb128 0x19
 362 0092 03       		.uleb128 0x3
 363 0093 0E       		.uleb128 0xe
 364 0094 3A       		.uleb128 0x3a
 365 0095 0B       		.uleb128 0xb
 366 0096 3B       		.uleb128 0x3b
ARM GAS  C:\Users\user\AppData\Local\Temp\cclBGVnP.s 			page 9


 367 0097 05       		.uleb128 0x5
 368 0098 27       		.uleb128 0x27
 369 0099 19       		.uleb128 0x19
 370 009a 49       		.uleb128 0x49
 371 009b 13       		.uleb128 0x13
 372 009c 3C       		.uleb128 0x3c
 373 009d 19       		.uleb128 0x19
 374 009e 01       		.uleb128 0x1
 375 009f 13       		.uleb128 0x13
 376 00a0 00       		.byte	0
 377 00a1 00       		.byte	0
 378 00a2 0C       		.uleb128 0xc
 379 00a3 2E       		.uleb128 0x2e
 380 00a4 01       		.byte	0x1
 381 00a5 3F       		.uleb128 0x3f
 382 00a6 19       		.uleb128 0x19
 383 00a7 03       		.uleb128 0x3
 384 00a8 0E       		.uleb128 0xe
 385 00a9 3A       		.uleb128 0x3a
 386 00aa 0B       		.uleb128 0xb
 387 00ab 3B       		.uleb128 0x3b
 388 00ac 05       		.uleb128 0x5
 389 00ad 27       		.uleb128 0x27
 390 00ae 19       		.uleb128 0x19
 391 00af 3C       		.uleb128 0x3c
 392 00b0 19       		.uleb128 0x19
 393 00b1 00       		.byte	0
 394 00b2 00       		.byte	0
 395 00b3 00       		.byte	0
 396              		.section	.debug_aranges,"",%progbits
 397 0000 1C000000 		.4byte	0x1c
 398 0004 0200     		.2byte	0x2
 399 0006 00000000 		.4byte	.Ldebug_info0
 400 000a 04       		.byte	0x4
 401 000b 00       		.byte	0
 402 000c 0000     		.2byte	0
 403 000e 0000     		.2byte	0
 404 0010 00000000 		.4byte	.LFB0
 405 0014 50000000 		.4byte	.LFE0-.LFB0
 406 0018 00000000 		.4byte	0
 407 001c 00000000 		.4byte	0
 408              		.section	.debug_ranges,"",%progbits
 409              	.Ldebug_ranges0:
 410 0000 00000000 		.4byte	.LFB0
 411 0004 50000000 		.4byte	.LFE0
 412 0008 00000000 		.4byte	0
 413 000c 00000000 		.4byte	0
 414              		.section	.debug_line,"",%progbits
 415              	.Ldebug_line0:
 416 0000 7B000000 		.section	.debug_str,"MS",%progbits,1
 416      02005D00 
 416      00000201 
 416      FB0E0D00 
 416      01010101 
 417              	.LASF6:
 418 0000 6C6F6E67 		.ascii	"long long int\000"
 418      206C6F6E 
ARM GAS  C:\Users\user\AppData\Local\Temp\cclBGVnP.s 			page 10


 418      6720696E 
 418      7400
 419              	.LASF8:
 420 000e 756E7369 		.ascii	"unsigned int\000"
 420      676E6564 
 420      20696E74 
 420      00
 421              	.LASF1:
 422 001b 756E7369 		.ascii	"unsigned char\000"
 422      676E6564 
 422      20636861 
 422      7200
 423              	.LASF14:
 424 0029 43617053 		.ascii	"CapSense_1_sensorIndex\000"
 424      656E7365 
 424      5F315F73 
 424      656E736F 
 424      72496E64 
 425              	.LASF20:
 426 0040 43617053 		.ascii	"CapSense_1_PostScan\000"
 426      656E7365 
 426      5F315F50 
 426      6F737453 
 426      63616E00 
 427              	.LASF18:
 428 0054 75696E74 		.ascii	"uint8\000"
 428      3800
 429              	.LASF5:
 430 005a 6C6F6E67 		.ascii	"long unsigned int\000"
 430      20756E73 
 430      69676E65 
 430      6420696E 
 430      7400
 431              	.LASF7:
 432 006c 6C6F6E67 		.ascii	"long long unsigned int\000"
 432      206C6F6E 
 432      6720756E 
 432      7369676E 
 432      65642069 
 433              	.LASF15:
 434 0083 474E5520 		.ascii	"GNU C 4.9.3 20150303 (release) [ARM/embedded-4_9-br"
 434      4320342E 
 434      392E3320 
 434      32303135 
 434      30333033 
 435 00b6 616E6368 		.ascii	"anch revision 221220] -mcpu=cortex-m3 -mthumb -g -O"
 435      20726576 
 435      6973696F 
 435      6E203232 
 435      31323230 
 436 00e9 67202D66 		.ascii	"g -ffunction-sections -ffat-lto-objects\000"
 436      66756E63 
 436      74696F6E 
 436      2D736563 
 436      74696F6E 
 437              	.LASF13:
 438 0111 43617053 		.ascii	"CapSense_1_csv\000"
ARM GAS  C:\Users\user\AppData\Local\Temp\cclBGVnP.s 			page 11


 438      656E7365 
 438      5F315F63 
 438      737600
 439              	.LASF17:
 440 0120 443A5C55 		.ascii	"D:\\Utilisateurs\\user\\Documents\\PSoC Creator\\Wo"
 440      74696C69 
 440      73617465 
 440      7572735C 
 440      75736572 
 441 014e 726B7370 		.ascii	"rkspace02\\Capsense.cydsn\000"
 441      61636530 
 441      325C4361 
 441      7073656E 
 441      73652E63 
 442              	.LASF11:
 443 0167 63686172 		.ascii	"char\000"
 443      00
 444              	.LASF4:
 445 016c 6C6F6E67 		.ascii	"long int\000"
 445      20696E74 
 445      00
 446              	.LASF22:
 447 0175 43617053 		.ascii	"CapSense_1_PreScan\000"
 447      656E7365 
 447      5F315F50 
 447      72655363 
 447      616E00
 448              	.LASF21:
 449 0188 43617053 		.ascii	"CapSense_1_FindNextSensor\000"
 449      656E7365 
 449      5F315F46 
 449      696E644E 
 449      65787453 
 450              	.LASF10:
 451 01a2 646F7562 		.ascii	"double\000"
 451      6C6500
 452              	.LASF16:
 453 01a9 2E5C4765 		.ascii	".\\Generated_Source\\PSoC5\\CapSense_1_INT.c\000"
 453      6E657261 
 453      7465645F 
 453      536F7572 
 453      63655C50 
 454              	.LASF3:
 455 01d3 73686F72 		.ascii	"short unsigned int\000"
 455      7420756E 
 455      7369676E 
 455      65642069 
 455      6E7400
 456              	.LASF0:
 457 01e6 7369676E 		.ascii	"signed char\000"
 457      65642063 
 457      68617200 
 458              	.LASF9:
 459 01f2 666C6F61 		.ascii	"float\000"
 459      7400
 460              	.LASF2:
 461 01f8 73686F72 		.ascii	"short int\000"
ARM GAS  C:\Users\user\AppData\Local\Temp\cclBGVnP.s 			page 12


 461      7420696E 
 461      7400
 462              	.LASF19:
 463 0202 43617053 		.ascii	"CapSense_1_IsrCH0_ISR\000"
 463      656E7365 
 463      5F315F49 
 463      73724348 
 463      305F4953 
 464              	.LASF12:
 465 0218 73697A65 		.ascii	"sizetype\000"
 465      74797065 
 465      00
 466              		.ident	"GCC: (GNU Tools for ARM Embedded Processors) 4.9.3 20150303 (release) [ARM/embedded-4_9-br
