ARM GAS  C:\Users\user\AppData\Local\Temp\ccevW7K9.s 			page 1


   1              		.syntax unified
   2              		.cpu cortex-m3
   3              		.fpu softvfp
   4              		.eabi_attribute 20, 1
   5              		.eabi_attribute 21, 1
   6              		.eabi_attribute 23, 3
   7              		.eabi_attribute 24, 1
   8              		.eabi_attribute 25, 1
   9              		.eabi_attribute 26, 1
  10              		.eabi_attribute 30, 1
  11              		.eabi_attribute 34, 1
  12              		.eabi_attribute 18, 4
  13              		.thumb
  14              		.file	"cymetadata.c"
  15              		.text
  16              	.Ltext0:
  17              		.cfi_sections	.debug_frame
  18              		.global	cy_metadata
  19              		.global	cy_meta_flashprotect
  20              		.global	cy_meta_wonvl
  21              		.global	cy_meta_custnvl
  22              		.global	cy_meta_configecc
  23              		.section	.cyconfigecc,"a",%progbits
  24              		.align	2
  25              		.type	cy_meta_configecc, %object
  26              		.size	cy_meta_configecc, 772
  27              	cy_meta_configecc:
  28 0000 01       		.byte	1
  29 0001 52       		.byte	82
  30 0002 00       		.byte	0
  31 0003 40       		.byte	64
  32 0004 08       		.byte	8
  33 0005 64       		.byte	100
  34 0006 00       		.byte	0
  35 0007 40       		.byte	64
  36 0008 01       		.byte	1
  37 0009 03       		.byte	3
  38 000a 01       		.byte	1
  39 000b 40       		.byte	64
  40 000c 1D       		.byte	29
  41 000d 08       		.byte	8
  42 000e 01       		.byte	1
  43 000f 40       		.byte	64
  44 0010 17       		.byte	23
  45 0011 09       		.byte	9
  46 0012 01       		.byte	1
  47 0013 40       		.byte	64
  48 0014 49       		.byte	73
  49 0015 0A       		.byte	10
  50 0016 01       		.byte	1
  51 0017 40       		.byte	64
  52 0018 32       		.byte	50
  53 0019 0B       		.byte	11
  54 001a 01       		.byte	1
  55 001b 40       		.byte	64
  56 001c 58       		.byte	88
  57 001d 0C       		.byte	12
ARM GAS  C:\Users\user\AppData\Local\Temp\ccevW7K9.s 			page 2


  58 001e 01       		.byte	1
  59 001f 40       		.byte	64
  60 0020 39       		.byte	57
  61 0021 0D       		.byte	13
  62 0022 01       		.byte	1
  63 0023 40       		.byte	64
  64 0024 04       		.byte	4
  65 0025 40       		.byte	64
  66 0026 01       		.byte	1
  67 0027 40       		.byte	64
  68 0028 03       		.byte	3
  69 0029 41       		.byte	65
  70 002a 01       		.byte	1
  71 002b 40       		.byte	64
  72 002c 08       		.byte	8
  73 002d 46       		.byte	70
  74 002e 01       		.byte	1
  75 002f 40       		.byte	64
  76 0030 03       		.byte	3
  77 0031 50       		.byte	80
  78 0032 01       		.byte	1
  79 0033 40       		.byte	64
  80 0034 01       		.byte	1
  81 0035 51       		.byte	81
  82 0036 01       		.byte	1
  83 0037 40       		.byte	64
  84 0038 16       		.byte	22
  85 0039 80       		.byte	-128
  86 003a 08       		.byte	8
  87 003b FF       		.byte	-1
  88 003c 0C       		.byte	12
  89 003d FF       		.byte	-1
  90 003e 0D       		.byte	13
  91 003f FF       		.byte	-1
  92 0040 1C       		.byte	28
  93 0041 FF       		.byte	-1
  94 0042 1D       		.byte	29
  95 0043 FF       		.byte	-1
  96 0044 2C       		.byte	44
  97 0045 FF       		.byte	-1
  98 0046 2D       		.byte	45
  99 0047 FF       		.byte	-1
 100 0048 89       		.byte	-119
 101 0049 1F       		.byte	31
 102 004a EE       		.byte	-18
 103 004b 88       		.byte	-120
 104 004c 05       		.byte	5
 105 004d 01       		.byte	1
 106 004e 29       		.byte	41
 107 004f 01       		.byte	1
 108 0050 31       		.byte	49
 109 0051 01       		.byte	1
 110 0052 37       		.byte	55
 111 0053 01       		.byte	1
 112 0054 39       		.byte	57
 113 0055 82       		.byte	-126
 114 0056 40       		.byte	64
ARM GAS  C:\Users\user\AppData\Local\Temp\ccevW7K9.s 			page 3


 115 0057 64       		.byte	100
 116 0058 45       		.byte	69
 117 0059 04       		.byte	4
 118 005a 46       		.byte	70
 119 005b 20       		.byte	32
 120 005c 47       		.byte	71
 121 005d 05       		.byte	5
 122 005e 48       		.byte	72
 123 005f 19       		.byte	25
 124 0060 49       		.byte	73
 125 0061 FF       		.byte	-1
 126 0062 4A       		.byte	74
 127 0063 FF       		.byte	-1
 128 0064 4B       		.byte	75
 129 0065 FF       		.byte	-1
 130 0066 4C       		.byte	76
 131 0067 02       		.byte	2
 132 0068 4D       		.byte	77
 133 0069 20       		.byte	32
 134 006a 4F       		.byte	79
 135 006b 05       		.byte	5
 136 006c 51       		.byte	81
 137 006d 10       		.byte	16
 138 006e 59       		.byte	89
 139 006f 04       		.byte	4
 140 0070 5A       		.byte	90
 141 0071 04       		.byte	4
 142 0072 5F       		.byte	95
 143 0073 01       		.byte	1
 144 0074 60       		.byte	96
 145 0075 40       		.byte	64
 146 0076 61       		.byte	97
 147 0077 40       		.byte	64
 148 0078 62       		.byte	98
 149 0079 80       		.byte	-128
 150 007a 64       		.byte	100
 151 007b 80       		.byte	-128
 152 007c 66       		.byte	102
 153 007d 80       		.byte	-128
 154 007e D6       		.byte	-42
 155 007f 02       		.byte	2
 156 0080 DB       		.byte	-37
 157 0081 04       		.byte	4
 158 0082 DE       		.byte	-34
 159 0083 08       		.byte	8
 160 0084 DF       		.byte	-33
 161 0085 01       		.byte	1
 162 0086 24       		.byte	36
 163 0087 40       		.byte	64
 164 0088 25       		.byte	37
 165 0089 80       		.byte	-128
 166 008a 27       		.byte	39
 167 008b 02       		.byte	2
 168 008c 2F       		.byte	47
 169 008d 08       		.byte	8
 170 008e 3F       		.byte	63
 171 008f 08       		.byte	8
ARM GAS  C:\Users\user\AppData\Local\Temp\ccevW7K9.s 			page 4


 172 0090 44       		.byte	68
 173 0091 40       		.byte	64
 174 0092 47       		.byte	71
 175 0093 01       		.byte	1
 176 0094 4F       		.byte	79
 177 0095 28       		.byte	40
 178 0096 57       		.byte	87
 179 0097 18       		.byte	24
 180 0098 72       		.byte	114
 181 0099 80       		.byte	-128
 182 009a 73       		.byte	115
 183 009b 40       		.byte	64
 184 009c 78       		.byte	120
 185 009d 40       		.byte	64
 186 009e 94       		.byte	-108
 187 009f 40       		.byte	64
 188 00a0 97       		.byte	-105
 189 00a1 40       		.byte	64
 190 00a2 9B       		.byte	-101
 191 00a3 01       		.byte	1
 192 00a4 9E       		.byte	-98
 193 00a5 80       		.byte	-128
 194 00a6 9F       		.byte	-97
 195 00a7 02       		.byte	2
 196 00a8 A5       		.byte	-91
 197 00a9 80       		.byte	-128
 198 00aa CA       		.byte	-54
 199 00ab 20       		.byte	32
 200 00ac CE       		.byte	-50
 201 00ad 40       		.byte	64
 202 00ae D0       		.byte	-48
 203 00af 80       		.byte	-128
 204 00b0 D2       		.byte	-46
 205 00b1 20       		.byte	32
 206 00b2 DE       		.byte	-34
 207 00b3 08       		.byte	8
 208 00b4 04       		.byte	4
 209 00b5 16       		.byte	22
 210 00b6 06       		.byte	6
 211 00b7 28       		.byte	40
 212 00b8 07       		.byte	7
 213 00b9 04       		.byte	4
 214 00ba 08       		.byte	8
 215 00bb 3A       		.byte	58
 216 00bc 09       		.byte	9
 217 00bd 06       		.byte	6
 218 00be 0A       		.byte	10
 219 00bf 04       		.byte	4
 220 00c0 0D       		.byte	13
 221 00c1 06       		.byte	6
 222 00c2 0E       		.byte	14
 223 00c3 01       		.byte	1
 224 00c4 10       		.byte	16
 225 00c5 2E       		.byte	46
 226 00c6 12       		.byte	18
 227 00c7 10       		.byte	16
 228 00c8 15       		.byte	21
ARM GAS  C:\Users\user\AppData\Local\Temp\ccevW7K9.s 			page 5


 229 00c9 02       		.byte	2
 230 00ca 17       		.byte	23
 231 00cb 04       		.byte	4
 232 00cc 19       		.byte	25
 233 00cd 04       		.byte	4
 234 00ce 1B       		.byte	27
 235 00cf 02       		.byte	2
 236 00d0 1F       		.byte	31
 237 00d1 01       		.byte	1
 238 00d2 23       		.byte	35
 239 00d3 02       		.byte	2
 240 00d4 24       		.byte	36
 241 00d5 01       		.byte	1
 242 00d6 27       		.byte	39
 243 00d7 04       		.byte	4
 244 00d8 28       		.byte	40
 245 00d9 20       		.byte	32
 246 00da 29       		.byte	41
 247 00db 06       		.byte	6
 248 00dc 2A       		.byte	42
 249 00dd 08       		.byte	8
 250 00de 2E       		.byte	46
 251 00df 06       		.byte	6
 252 00e0 2F       		.byte	47
 253 00e1 02       		.byte	2
 254 00e2 30       		.byte	48
 255 00e3 02       		.byte	2
 256 00e4 32       		.byte	50
 257 00e5 0C       		.byte	12
 258 00e6 33       		.byte	51
 259 00e7 06       		.byte	6
 260 00e8 34       		.byte	52
 261 00e9 30       		.byte	48
 262 00ea 35       		.byte	53
 263 00eb 01       		.byte	1
 264 00ec 36       		.byte	54
 265 00ed 01       		.byte	1
 266 00ee 40       		.byte	64
 267 00ef 05       		.byte	5
 268 00f0 41       		.byte	65
 269 00f1 04       		.byte	4
 270 00f2 49       		.byte	73
 271 00f3 FF       		.byte	-1
 272 00f4 4A       		.byte	74
 273 00f5 FF       		.byte	-1
 274 00f6 4B       		.byte	75
 275 00f7 FF       		.byte	-1
 276 00f8 4C       		.byte	76
 277 00f9 02       		.byte	2
 278 00fa 4D       		.byte	77
 279 00fb 0C       		.byte	12
 280 00fc 4E       		.byte	78
 281 00fd F8       		.byte	-8
 282 00fe 52       		.byte	82
 283 00ff 17       		.byte	23
 284 0100 58       		.byte	88
 285 0101 04       		.byte	4
ARM GAS  C:\Users\user\AppData\Local\Temp\ccevW7K9.s 			page 6


 286 0102 59       		.byte	89
 287 0103 04       		.byte	4
 288 0104 5A       		.byte	90
 289 0105 04       		.byte	4
 290 0106 5B       		.byte	91
 291 0107 04       		.byte	4
 292 0108 5F       		.byte	95
 293 0109 01       		.byte	1
 294 010a 62       		.byte	98
 295 010b 48       		.byte	72
 296 010c 63       		.byte	99
 297 010d A1       		.byte	-95
 298 010e 68       		.byte	104
 299 010f F0       		.byte	-16
 300 0110 6A       		.byte	106
 301 0111 F0       		.byte	-16
 302 0112 6C       		.byte	108
 303 0113 F0       		.byte	-16
 304 0114 6E       		.byte	110
 305 0115 F0       		.byte	-16
 306 0116 8E       		.byte	-114
 307 0117 01       		.byte	1
 308 0118 9A       		.byte	-102
 309 0119 02       		.byte	2
 310 011a AC       		.byte	-84
 311 011b 01       		.byte	1
 312 011c AE       		.byte	-82
 313 011d 02       		.byte	2
 314 011e B6       		.byte	-74
 315 011f 03       		.byte	3
 316 0120 BE       		.byte	-66
 317 0121 40       		.byte	64
 318 0122 C0       		.byte	-64
 319 0123 05       		.byte	5
 320 0124 C1       		.byte	-63
 321 0125 04       		.byte	4
 322 0126 C5       		.byte	-59
 323 0127 0A       		.byte	10
 324 0128 C9       		.byte	-55
 325 0129 FF       		.byte	-1
 326 012a CA       		.byte	-54
 327 012b FF       		.byte	-1
 328 012c CB       		.byte	-53
 329 012d FF       		.byte	-1
 330 012e CC       		.byte	-52
 331 012f 03       		.byte	3
 332 0130 CD       		.byte	-51
 333 0131 0C       		.byte	12
 334 0132 CE       		.byte	-50
 335 0133 F4       		.byte	-12
 336 0134 D8       		.byte	-40
 337 0135 04       		.byte	4
 338 0136 DA       		.byte	-38
 339 0137 04       		.byte	4
 340 0138 DF       		.byte	-33
 341 0139 01       		.byte	1
 342 013a E2       		.byte	-30
ARM GAS  C:\Users\user\AppData\Local\Temp\ccevW7K9.s 			page 7


 343 013b 48       		.byte	72
 344 013c E3       		.byte	-29
 345 013d A1       		.byte	-95
 346 013e E8       		.byte	-24
 347 013f F0       		.byte	-16
 348 0140 EA       		.byte	-22
 349 0141 F0       		.byte	-16
 350 0142 EC       		.byte	-20
 351 0143 F0       		.byte	-16
 352 0144 EE       		.byte	-18
 353 0145 F0       		.byte	-16
 354 0146 00       		.byte	0
 355 0147 44       		.byte	68
 356 0148 03       		.byte	3
 357 0149 08       		.byte	8
 358 014a 07       		.byte	7
 359 014b 02       		.byte	2
 360 014c 0A       		.byte	10
 361 014d 40       		.byte	64
 362 014e 0F       		.byte	15
 363 014f 08       		.byte	8
 364 0150 10       		.byte	16
 365 0151 0A       		.byte	10
 366 0152 12       		.byte	18
 367 0153 20       		.byte	32
 368 0154 16       		.byte	22
 369 0155 02       		.byte	2
 370 0156 18       		.byte	24
 371 0157 04       		.byte	4
 372 0158 19       		.byte	25
 373 0159 54       		.byte	84
 374 015a 1A       		.byte	26
 375 015b 42       		.byte	66
 376 015c 1B       		.byte	27
 377 015d 08       		.byte	8
 378 015e 1F       		.byte	31
 379 015f 40       		.byte	64
 380 0160 22       		.byte	34
 381 0161 24       		.byte	36
 382 0162 29       		.byte	41
 383 0163 14       		.byte	20
 384 0164 2B       		.byte	43
 385 0165 42       		.byte	66
 386 0166 31       		.byte	49
 387 0167 80       		.byte	-128
 388 0168 32       		.byte	50
 389 0169 14       		.byte	20
 390 016a 38       		.byte	56
 391 016b A0       		.byte	-96
 392 016c 39       		.byte	57
 393 016d 04       		.byte	4
 394 016e 42       		.byte	66
 395 016f 40       		.byte	64
 396 0170 43       		.byte	67
 397 0171 01       		.byte	1
 398 0172 47       		.byte	71
 399 0173 01       		.byte	1
ARM GAS  C:\Users\user\AppData\Local\Temp\ccevW7K9.s 			page 8


 400 0174 49       		.byte	73
 401 0175 40       		.byte	64
 402 0176 4E       		.byte	78
 403 0177 01       		.byte	1
 404 0178 4F       		.byte	79
 405 0179 08       		.byte	8
 406 017a 68       		.byte	104
 407 017b 0A       		.byte	10
 408 017c 69       		.byte	105
 409 017d 04       		.byte	4
 410 017e 72       		.byte	114
 411 017f 02       		.byte	2
 412 0180 8F       		.byte	-113
 413 0181 40       		.byte	64
 414 0182 90       		.byte	-112
 415 0183 A0       		.byte	-96
 416 0184 92       		.byte	-110
 417 0185 20       		.byte	32
 418 0186 95       		.byte	-107
 419 0187 04       		.byte	4
 420 0188 96       		.byte	-106
 421 0189 08       		.byte	8
 422 018a 97       		.byte	-105
 423 018b C0       		.byte	-64
 424 018c 9D       		.byte	-99
 425 018d 10       		.byte	16
 426 018e 9E       		.byte	-98
 427 018f 80       		.byte	-128
 428 0190 9F       		.byte	-97
 429 0191 40       		.byte	64
 430 0192 A3       		.byte	-93
 431 0193 42       		.byte	66
 432 0194 A7       		.byte	-89
 433 0195 08       		.byte	8
 434 0196 AB       		.byte	-85
 435 0197 01       		.byte	1
 436 0198 C0       		.byte	-64
 437 0199 87       		.byte	-121
 438 019a C2       		.byte	-62
 439 019b 48       		.byte	72
 440 019c C4       		.byte	-60
 441 019d 87       		.byte	-121
 442 019e CA       		.byte	-54
 443 019f 0F       		.byte	15
 444 01a0 CC       		.byte	-52
 445 01a1 0E       		.byte	14
 446 01a2 CE       		.byte	-50
 447 01a3 0E       		.byte	14
 448 01a4 D0       		.byte	-48
 449 01a5 81       		.byte	-127
 450 01a6 D2       		.byte	-46
 451 01a7 18       		.byte	24
 452 01a8 E8       		.byte	-24
 453 01a9 01       		.byte	1
 454 01aa 00       		.byte	0
 455 01ab 03       		.byte	3
 456 01ac 02       		.byte	2
ARM GAS  C:\Users\user\AppData\Local\Temp\ccevW7K9.s 			page 9


 457 01ad 10       		.byte	16
 458 01ae 0C       		.byte	12
 459 01af 0A       		.byte	10
 460 01b0 0E       		.byte	14
 461 01b1 20       		.byte	32
 462 01b2 10       		.byte	16
 463 01b3 25       		.byte	37
 464 01b4 1C       		.byte	28
 465 01b5 0C       		.byte	12
 466 01b6 22       		.byte	34
 467 01b7 0C       		.byte	12
 468 01b8 26       		.byte	38
 469 01b9 2F       		.byte	47
 470 01ba 30       		.byte	48
 471 01bb 1C       		.byte	28
 472 01bc 32       		.byte	50
 473 01bd 30       		.byte	48
 474 01be 34       		.byte	52
 475 01bf 03       		.byte	3
 476 01c0 3E       		.byte	62
 477 01c1 15       		.byte	21
 478 01c2 40       		.byte	64
 479 01c3 63       		.byte	99
 480 01c4 41       		.byte	65
 481 01c5 02       		.byte	2
 482 01c6 46       		.byte	70
 483 01c7 02       		.byte	2
 484 01c8 47       		.byte	71
 485 01c9 60       		.byte	96
 486 01ca 48       		.byte	72
 487 01cb 24       		.byte	36
 488 01cc 58       		.byte	88
 489 01cd 04       		.byte	4
 490 01ce 5A       		.byte	90
 491 01cf 04       		.byte	4
 492 01d0 5F       		.byte	95
 493 01d1 01       		.byte	1
 494 01d2 61       		.byte	97
 495 01d3 0C       		.byte	12
 496 01d4 62       		.byte	98
 497 01d5 F0       		.byte	-16
 498 01d6 63       		.byte	99
 499 01d7 0C       		.byte	12
 500 01d8 65       		.byte	101
 501 01d9 0C       		.byte	12
 502 01da 67       		.byte	103
 503 01db 0C       		.byte	12
 504 01dc 68       		.byte	104
 505 01dd 40       		.byte	64
 506 01de 69       		.byte	105
 507 01df 4C       		.byte	76
 508 01e0 6A       		.byte	106
 509 01e1 40       		.byte	64
 510 01e2 6B       		.byte	107
 511 01e3 4C       		.byte	76
 512 01e4 6C       		.byte	108
 513 01e5 90       		.byte	-112
ARM GAS  C:\Users\user\AppData\Local\Temp\ccevW7K9.s 			page 10


 514 01e6 6D       		.byte	109
 515 01e7 58       		.byte	88
 516 01e8 6F       		.byte	111
 517 01e9 0C       		.byte	12
 518 01ea 80       		.byte	-128
 519 01eb EF       		.byte	-17
 520 01ec 81       		.byte	-127
 521 01ed 04       		.byte	4
 522 01ee 82       		.byte	-126
 523 01ef 10       		.byte	16
 524 01f0 86       		.byte	-122
 525 01f1 01       		.byte	1
 526 01f2 87       		.byte	-121
 527 01f3 06       		.byte	6
 528 01f4 8A       		.byte	-118
 529 01f5 01       		.byte	1
 530 01f6 8B       		.byte	-117
 531 01f7 01       		.byte	1
 532 01f8 8C       		.byte	-116
 533 01f9 A8       		.byte	-88
 534 01fa 8F       		.byte	-113
 535 01fb 01       		.byte	1
 536 01fc 90       		.byte	-112
 537 01fd 02       		.byte	2
 538 01fe 94       		.byte	-108
 539 01ff 1D       		.byte	29
 540 0200 95       		.byte	-107
 541 0201 01       		.byte	1
 542 0202 96       		.byte	-106
 543 0203 02       		.byte	2
 544 0204 98       		.byte	-104
 545 0205 1F       		.byte	31
 546 0206 99       		.byte	-103
 547 0207 01       		.byte	1
 548 0208 9B       		.byte	-101
 549 0209 06       		.byte	6
 550 020a 9C       		.byte	-100
 551 020b C0       		.byte	-64
 552 020c 9D       		.byte	-99
 553 020d 07       		.byte	7
 554 020e A1       		.byte	-95
 555 020f 02       		.byte	2
 556 0210 A4       		.byte	-92
 557 0211 13       		.byte	19
 558 0212 A6       		.byte	-90
 559 0213 EC       		.byte	-20
 560 0214 A8       		.byte	-88
 561 0215 1F       		.byte	31
 562 0216 A9       		.byte	-87
 563 0217 01       		.byte	1
 564 0218 AC       		.byte	-84
 565 0219 44       		.byte	68
 566 021a AD       		.byte	-83
 567 021b 06       		.byte	6
 568 021c AE       		.byte	-82
 569 021d 20       		.byte	32
 570 021e B0       		.byte	-80
ARM GAS  C:\Users\user\AppData\Local\Temp\ccevW7K9.s 			page 11


 571 021f 01       		.byte	1
 572 0220 B2       		.byte	-78
 573 0221 1E       		.byte	30
 574 0222 B3       		.byte	-77
 575 0223 06       		.byte	6
 576 0224 B4       		.byte	-76
 577 0225 20       		.byte	32
 578 0226 B5       		.byte	-75
 579 0227 01       		.byte	1
 580 0228 B6       		.byte	-74
 581 0229 C0       		.byte	-64
 582 022a BE       		.byte	-66
 583 022b 50       		.byte	80
 584 022c BF       		.byte	-65
 585 022d 04       		.byte	4
 586 022e C0       		.byte	-64
 587 022f 34       		.byte	52
 588 0230 C1       		.byte	-63
 589 0231 01       		.byte	1
 590 0232 C7       		.byte	-57
 591 0233 62       		.byte	98
 592 0234 C8       		.byte	-56
 593 0235 30       		.byte	48
 594 0236 D6       		.byte	-42
 595 0237 08       		.byte	8
 596 0238 D8       		.byte	-40
 597 0239 04       		.byte	4
 598 023a D9       		.byte	-39
 599 023b 04       		.byte	4
 600 023c DA       		.byte	-38
 601 023d 04       		.byte	4
 602 023e DB       		.byte	-37
 603 023f 0F       		.byte	15
 604 0240 DF       		.byte	-33
 605 0241 01       		.byte	1
 606 0242 E1       		.byte	-31
 607 0243 0C       		.byte	12
 608 0244 E2       		.byte	-30
 609 0245 F0       		.byte	-16
 610 0246 E3       		.byte	-29
 611 0247 0C       		.byte	12
 612 0248 E5       		.byte	-27
 613 0249 0C       		.byte	12
 614 024a E7       		.byte	-25
 615 024b 0C       		.byte	12
 616 024c E8       		.byte	-24
 617 024d 40       		.byte	64
 618 024e E9       		.byte	-23
 619 024f 4C       		.byte	76
 620 0250 EA       		.byte	-22
 621 0251 40       		.byte	64
 622 0252 EB       		.byte	-21
 623 0253 4C       		.byte	76
 624 0254 EC       		.byte	-20
 625 0255 90       		.byte	-112
 626 0256 ED       		.byte	-19
 627 0257 58       		.byte	88
ARM GAS  C:\Users\user\AppData\Local\Temp\ccevW7K9.s 			page 12


 628 0258 EF       		.byte	-17
 629 0259 0C       		.byte	12
 630 025a 01       		.byte	1
 631 025b 06       		.byte	6
 632 025c 02       		.byte	2
 633 025d 01       		.byte	1
 634 025e 03       		.byte	3
 635 025f 08       		.byte	8
 636 0260 05       		.byte	5
 637 0261 02       		.byte	2
 638 0262 06       		.byte	6
 639 0263 01       		.byte	1
 640 0264 08       		.byte	8
 641 0265 01       		.byte	1
 642 0266 0A       		.byte	10
 643 0267 18       		.byte	24
 644 0268 0B       		.byte	11
 645 0269 41       		.byte	65
 646 026a 0F       		.byte	15
 647 026b 82       		.byte	-126
 648 026c 10       		.byte	16
 649 026d 04       		.byte	4
 650 026e 11       		.byte	17
 651 026f 80       		.byte	-128
 652 0270 13       		.byte	19
 653 0271 08       		.byte	8
 654 0272 15       		.byte	21
 655 0273 02       		.byte	2
 656 0274 17       		.byte	23
 657 0275 08       		.byte	8
 658 0276 18       		.byte	24
 659 0277 A1       		.byte	-95
 660 0278 19       		.byte	25
 661 0279 02       		.byte	2
 662 027a 1A       		.byte	26
 663 027b 90       		.byte	-112
 664 027c 1B       		.byte	27
 665 027d 10       		.byte	16
 666 027e 1C       		.byte	28
 667 027f 40       		.byte	64
 668 0280 1D       		.byte	29
 669 0281 28       		.byte	40
 670 0282 21       		.byte	33
 671 0283 04       		.byte	4
 672 0284 22       		.byte	34
 673 0285 10       		.byte	16
 674 0286 23       		.byte	35
 675 0287 08       		.byte	8
 676 0288 28       		.byte	40
 677 0289 04       		.byte	4
 678 028a 29       		.byte	41
 679 028b 10       		.byte	16
 680 028c 2B       		.byte	43
 681 028d 41       		.byte	65
 682 028e 32       		.byte	50
 683 028f 54       		.byte	84
 684 0290 38       		.byte	56
ARM GAS  C:\Users\user\AppData\Local\Temp\ccevW7K9.s 			page 13


 685 0291 28       		.byte	40
 686 0292 3A       		.byte	58
 687 0293 81       		.byte	-127
 688 0294 40       		.byte	64
 689 0295 41       		.byte	65
 690 0296 41       		.byte	65
 691 0297 04       		.byte	4
 692 0298 45       		.byte	69
 693 0299 28       		.byte	40
 694 029a 4F       		.byte	79
 695 029b 20       		.byte	32
 696 029c 50       		.byte	80
 697 029d 04       		.byte	4
 698 029e 51       		.byte	81
 699 029f 01       		.byte	1
 700 02a0 55       		.byte	85
 701 02a1 40       		.byte	64
 702 02a2 56       		.byte	86
 703 02a3 01       		.byte	1
 704 02a4 57       		.byte	87
 705 02a5 42       		.byte	66
 706 02a6 5B       		.byte	91
 707 02a7 40       		.byte	64
 708 02a8 63       		.byte	99
 709 02a9 03       		.byte	3
 710 02aa 78       		.byte	120
 711 02ab 01       		.byte	1
 712 02ac 96       		.byte	-106
 713 02ad 08       		.byte	8
 714 02ae 97       		.byte	-105
 715 02af 80       		.byte	-128
 716 02b0 AE       		.byte	-82
 717 02b1 04       		.byte	4
 718 02b2 B3       		.byte	-77
 719 02b3 40       		.byte	64
 720 02b4 C0       		.byte	-64
 721 02b5 9F       		.byte	-97
 722 02b6 C2       		.byte	-62
 723 02b7 9F       		.byte	-97
 724 02b8 C4       		.byte	-60
 725 02b9 37       		.byte	55
 726 02ba CA       		.byte	-54
 727 02bb 0D       		.byte	13
 728 02bc CC       		.byte	-52
 729 02bd 0E       		.byte	14
 730 02be CE       		.byte	-50
 731 02bf 0F       		.byte	15
 732 02c0 D0       		.byte	-48
 733 02c1 6B       		.byte	107
 734 02c2 D2       		.byte	-46
 735 02c3 20       		.byte	32
 736 02c4 D6       		.byte	-42
 737 02c5 08       		.byte	8
 738 02c6 D8       		.byte	-40
 739 02c7 08       		.byte	8
 740 02c8 DE       		.byte	-34
 741 02c9 01       		.byte	1
ARM GAS  C:\Users\user\AppData\Local\Temp\ccevW7K9.s 			page 14


 742 02ca EE       		.byte	-18
 743 02cb 80       		.byte	-128
 744 02cc 33       		.byte	51
 745 02cd 20       		.byte	32
 746 02ce 72       		.byte	114
 747 02cf 20       		.byte	32
 748 02d0 CC       		.byte	-52
 749 02d1 10       		.byte	16
 750 02d2 DC       		.byte	-36
 751 02d3 80       		.byte	-128
 752 02d4 AF       		.byte	-81
 753 02d5 20       		.byte	32
 754 02d6 B2       		.byte	-78
 755 02d7 20       		.byte	32
 756 02d8 EE       		.byte	-18
 757 02d9 10       		.byte	16
 758 02da 01       		.byte	1
 759 02db 20       		.byte	32
 760 02dc 39       		.byte	57
 761 02dd 80       		.byte	-128
 762 02de 8D       		.byte	-115
 763 02df 20       		.byte	32
 764 02e0 91       		.byte	-111
 765 02e1 80       		.byte	-128
 766 02e2 A9       		.byte	-87
 767 02e3 40       		.byte	64
 768 02e4 C0       		.byte	-64
 769 02e5 02       		.byte	2
 770 02e6 CE       		.byte	-50
 771 02e7 08       		.byte	8
 772 02e8 E2       		.byte	-30
 773 02e9 08       		.byte	8
 774 02ea 00       		.byte	0
 775 02eb 01       		.byte	1
 776 02ec 0C       		.byte	12
 777 02ed 01       		.byte	1
 778 02ee 0E       		.byte	14
 779 02ef 01       		.byte	1
 780 02f0 00       		.byte	0
 781 02f1 03       		.byte	3
 782 02f2 00       		.byte	0
 783 02f3 00       		.byte	0
 784 02f4 00       		.byte	0
 785 02f5 00       		.byte	0
 786 02f6 00       		.byte	0
 787 02f7 00       		.byte	0
 788 02f8 00       		.byte	0
 789 02f9 00       		.byte	0
 790 02fa 10       		.byte	16
 791 02fb 00       		.byte	0
 792 02fc 00       		.byte	0
 793 02fd 02       		.byte	2
 794 02fe 82       		.byte	-126
 795 02ff 00       		.byte	0
 796 0300 00       		.byte	0
 797 0301 00       		.byte	0
 798 0302 00       		.byte	0
ARM GAS  C:\Users\user\AppData\Local\Temp\ccevW7K9.s 			page 15


 799 0303 00       		.byte	0
 800              		.section	.cywolatch,"a",%progbits
 801              		.align	2
 802              		.type	cy_meta_wonvl, %object
 803              		.size	cy_meta_wonvl, 4
 804              	cy_meta_wonvl:
 805 0000 BC       		.byte	-68
 806 0001 90       		.byte	-112
 807 0002 AC       		.byte	-84
 808 0003 AF       		.byte	-81
 809              		.section	.cycustnvl,"a",%progbits
 810              		.align	2
 811              		.type	cy_meta_custnvl, %object
 812              		.size	cy_meta_custnvl, 4
 813              	cy_meta_custnvl:
 814 0000 00       		.byte	0
 815 0001 00       		.byte	0
 816 0002 40       		.byte	64
 817 0003 05       		.byte	5
 818              		.section	.cymeta,"a",%progbits
 819              		.align	2
 820              		.type	cy_metadata, %object
 821              		.size	cy_metadata, 12
 822              	cy_metadata:
 823 0000 00       		.byte	0
 824 0001 01       		.byte	1
 825 0002 2E       		.byte	46
 826 0003 16       		.byte	22
 827 0004 10       		.byte	16
 828 0005 69       		.byte	105
 829 0006 00       		.byte	0
 830 0007 01       		.byte	1
 831 0008 00       		.byte	0
 832 0009 00       		.byte	0
 833 000a 00       		.byte	0
 834 000b 00       		.byte	0
 835              		.section	.cyflashprotect,"a",%progbits
 836              		.align	2
 837              		.type	cy_meta_flashprotect, %object
 838              		.size	cy_meta_flashprotect, 256
 839              	cy_meta_flashprotect:
 840 0000 00000000 		.space	256
 840      00000000 
 840      00000000 
 840      00000000 
 840      00000000 
 841              		.text
 842              	.Letext0:
 843              		.file 1 ".\\Generated_Source\\PSoC5\\cymetadata.c"
 844              		.file 2 ".\\Generated_Source\\PSoC5\\cytypes.h"
 845              		.section	.debug_info,"",%progbits
 846              	.Ldebug_info0:
 847 0000 37010000 		.4byte	0x137
 848 0004 0400     		.2byte	0x4
 849 0006 00000000 		.4byte	.Ldebug_abbrev0
 850 000a 04       		.byte	0x4
 851 000b 01       		.uleb128 0x1
ARM GAS  C:\Users\user\AppData\Local\Temp\ccevW7K9.s 			page 16


 852 000c DB000000 		.4byte	.LASF18
 853 0010 01       		.byte	0x1
 854 0011 00000000 		.4byte	.LASF19
 855 0015 6B000000 		.4byte	.LASF20
 856 0019 00000000 		.4byte	.Ldebug_line0
 857 001d 02       		.uleb128 0x2
 858 001e 01       		.byte	0x1
 859 001f 06       		.byte	0x6
 860 0020 E5010000 		.4byte	.LASF0
 861 0024 02       		.uleb128 0x2
 862 0025 01       		.byte	0x1
 863 0026 08       		.byte	0x8
 864 0027 38000000 		.4byte	.LASF1
 865 002b 02       		.uleb128 0x2
 866 002c 02       		.byte	0x2
 867 002d 05       		.byte	0x5
 868 002e CC010000 		.4byte	.LASF2
 869 0032 02       		.uleb128 0x2
 870 0033 02       		.byte	0x2
 871 0034 07       		.byte	0x7
 872 0035 58000000 		.4byte	.LASF3
 873 0039 02       		.uleb128 0x2
 874 003a 04       		.byte	0x4
 875 003b 05       		.byte	0x5
 876 003c DC010000 		.4byte	.LASF4
 877 0040 02       		.uleb128 0x2
 878 0041 04       		.byte	0x4
 879 0042 07       		.byte	0x7
 880 0043 46000000 		.4byte	.LASF5
 881 0047 02       		.uleb128 0x2
 882 0048 08       		.byte	0x8
 883 0049 05       		.byte	0x5
 884 004a B9010000 		.4byte	.LASF6
 885 004e 02       		.uleb128 0x2
 886 004f 08       		.byte	0x8
 887 0050 07       		.byte	0x7
 888 0051 76010000 		.4byte	.LASF7
 889 0055 03       		.uleb128 0x3
 890 0056 04       		.byte	0x4
 891 0057 05       		.byte	0x5
 892 0058 696E7400 		.ascii	"int\000"
 893 005c 02       		.uleb128 0x2
 894 005d 04       		.byte	0x4
 895 005e 07       		.byte	0x7
 896 005f 69010000 		.4byte	.LASF8
 897 0063 04       		.uleb128 0x4
 898 0064 D6010000 		.4byte	.LASF21
 899 0068 02       		.byte	0x2
 900 0069 3801     		.2byte	0x138
 901 006b 24000000 		.4byte	0x24
 902 006f 02       		.uleb128 0x2
 903 0070 04       		.byte	0x4
 904 0071 04       		.byte	0x4
 905 0072 32000000 		.4byte	.LASF9
 906 0076 02       		.uleb128 0x2
 907 0077 08       		.byte	0x8
 908 0078 04       		.byte	0x4
ARM GAS  C:\Users\user\AppData\Local\Temp\ccevW7K9.s 			page 17


 909 0079 B2000000 		.4byte	.LASF10
 910 007d 02       		.uleb128 0x2
 911 007e 01       		.byte	0x1
 912 007f 08       		.byte	0x8
 913 0080 C7010000 		.4byte	.LASF11
 914 0084 05       		.uleb128 0x5
 915 0085 63000000 		.4byte	0x63
 916 0089 95000000 		.4byte	0x95
 917 008d 06       		.uleb128 0x6
 918 008e 95000000 		.4byte	0x95
 919 0092 0303     		.2byte	0x303
 920 0094 00       		.byte	0
 921 0095 02       		.uleb128 0x2
 922 0096 04       		.byte	0x4
 923 0097 07       		.byte	0x7
 924 0098 B0010000 		.4byte	.LASF12
 925 009c 07       		.uleb128 0x7
 926 009d C9000000 		.4byte	.LASF13
 927 00a1 01       		.byte	0x1
 928 00a2 1F       		.byte	0x1f
 929 00a3 AD000000 		.4byte	0xad
 930 00a7 05       		.uleb128 0x5
 931 00a8 03       		.byte	0x3
 932 00a9 00000000 		.4byte	cy_meta_configecc
 933 00ad 08       		.uleb128 0x8
 934 00ae 84000000 		.4byte	0x84
 935 00b2 05       		.uleb128 0x5
 936 00b3 63000000 		.4byte	0x63
 937 00b7 C2000000 		.4byte	0xc2
 938 00bb 09       		.uleb128 0x9
 939 00bc 95000000 		.4byte	0x95
 940 00c0 03       		.byte	0x3
 941 00c1 00       		.byte	0
 942 00c2 07       		.uleb128 0x7
 943 00c3 B9000000 		.4byte	.LASF14
 944 00c7 01       		.byte	0x1
 945 00c8 8D       		.byte	0x8d
 946 00c9 D3000000 		.4byte	0xd3
 947 00cd 05       		.uleb128 0x5
 948 00ce 03       		.byte	0x3
 949 00cf 00000000 		.4byte	cy_meta_custnvl
 950 00d3 08       		.uleb128 0x8
 951 00d4 B2000000 		.4byte	0xb2
 952 00d8 07       		.uleb128 0x7
 953 00d9 A2010000 		.4byte	.LASF15
 954 00dd 01       		.byte	0x1
 955 00de 9B       		.byte	0x9b
 956 00df E9000000 		.4byte	0xe9
 957 00e3 05       		.uleb128 0x5
 958 00e4 03       		.byte	0x3
 959 00e5 00000000 		.4byte	cy_meta_wonvl
 960 00e9 08       		.uleb128 0x8
 961 00ea B2000000 		.4byte	0xb2
 962 00ee 05       		.uleb128 0x5
 963 00ef 63000000 		.4byte	0x63
 964 00f3 FE000000 		.4byte	0xfe
 965 00f7 09       		.uleb128 0x9
ARM GAS  C:\Users\user\AppData\Local\Temp\ccevW7K9.s 			page 18


 966 00f8 95000000 		.4byte	0x95
 967 00fc FF       		.byte	0xff
 968 00fd 00       		.byte	0
 969 00fe 07       		.uleb128 0x7
 970 00ff 8D010000 		.4byte	.LASF16
 971 0103 01       		.byte	0x1
 972 0104 A9       		.byte	0xa9
 973 0105 0F010000 		.4byte	0x10f
 974 0109 05       		.uleb128 0x5
 975 010a 03       		.byte	0x3
 976 010b 00000000 		.4byte	cy_meta_flashprotect
 977 010f 08       		.uleb128 0x8
 978 0110 EE000000 		.4byte	0xee
 979 0114 05       		.uleb128 0x5
 980 0115 63000000 		.4byte	0x63
 981 0119 24010000 		.4byte	0x124
 982 011d 09       		.uleb128 0x9
 983 011e 95000000 		.4byte	0x95
 984 0122 0B       		.byte	0xb
 985 0123 00       		.byte	0
 986 0124 07       		.uleb128 0x7
 987 0125 26000000 		.4byte	.LASF17
 988 0129 01       		.byte	0x1
 989 012a D6       		.byte	0xd6
 990 012b 35010000 		.4byte	0x135
 991 012f 05       		.uleb128 0x5
 992 0130 03       		.byte	0x3
 993 0131 00000000 		.4byte	cy_metadata
 994 0135 08       		.uleb128 0x8
 995 0136 14010000 		.4byte	0x114
 996 013a 00       		.byte	0
 997              		.section	.debug_abbrev,"",%progbits
 998              	.Ldebug_abbrev0:
 999 0000 01       		.uleb128 0x1
 1000 0001 11       		.uleb128 0x11
 1001 0002 01       		.byte	0x1
 1002 0003 25       		.uleb128 0x25
 1003 0004 0E       		.uleb128 0xe
 1004 0005 13       		.uleb128 0x13
 1005 0006 0B       		.uleb128 0xb
 1006 0007 03       		.uleb128 0x3
 1007 0008 0E       		.uleb128 0xe
 1008 0009 1B       		.uleb128 0x1b
 1009 000a 0E       		.uleb128 0xe
 1010 000b 10       		.uleb128 0x10
 1011 000c 17       		.uleb128 0x17
 1012 000d 00       		.byte	0
 1013 000e 00       		.byte	0
 1014 000f 02       		.uleb128 0x2
 1015 0010 24       		.uleb128 0x24
 1016 0011 00       		.byte	0
 1017 0012 0B       		.uleb128 0xb
 1018 0013 0B       		.uleb128 0xb
 1019 0014 3E       		.uleb128 0x3e
 1020 0015 0B       		.uleb128 0xb
 1021 0016 03       		.uleb128 0x3
 1022 0017 0E       		.uleb128 0xe
ARM GAS  C:\Users\user\AppData\Local\Temp\ccevW7K9.s 			page 19


 1023 0018 00       		.byte	0
 1024 0019 00       		.byte	0
 1025 001a 03       		.uleb128 0x3
 1026 001b 24       		.uleb128 0x24
 1027 001c 00       		.byte	0
 1028 001d 0B       		.uleb128 0xb
 1029 001e 0B       		.uleb128 0xb
 1030 001f 3E       		.uleb128 0x3e
 1031 0020 0B       		.uleb128 0xb
 1032 0021 03       		.uleb128 0x3
 1033 0022 08       		.uleb128 0x8
 1034 0023 00       		.byte	0
 1035 0024 00       		.byte	0
 1036 0025 04       		.uleb128 0x4
 1037 0026 16       		.uleb128 0x16
 1038 0027 00       		.byte	0
 1039 0028 03       		.uleb128 0x3
 1040 0029 0E       		.uleb128 0xe
 1041 002a 3A       		.uleb128 0x3a
 1042 002b 0B       		.uleb128 0xb
 1043 002c 3B       		.uleb128 0x3b
 1044 002d 05       		.uleb128 0x5
 1045 002e 49       		.uleb128 0x49
 1046 002f 13       		.uleb128 0x13
 1047 0030 00       		.byte	0
 1048 0031 00       		.byte	0
 1049 0032 05       		.uleb128 0x5
 1050 0033 01       		.uleb128 0x1
 1051 0034 01       		.byte	0x1
 1052 0035 49       		.uleb128 0x49
 1053 0036 13       		.uleb128 0x13
 1054 0037 01       		.uleb128 0x1
 1055 0038 13       		.uleb128 0x13
 1056 0039 00       		.byte	0
 1057 003a 00       		.byte	0
 1058 003b 06       		.uleb128 0x6
 1059 003c 21       		.uleb128 0x21
 1060 003d 00       		.byte	0
 1061 003e 49       		.uleb128 0x49
 1062 003f 13       		.uleb128 0x13
 1063 0040 2F       		.uleb128 0x2f
 1064 0041 05       		.uleb128 0x5
 1065 0042 00       		.byte	0
 1066 0043 00       		.byte	0
 1067 0044 07       		.uleb128 0x7
 1068 0045 34       		.uleb128 0x34
 1069 0046 00       		.byte	0
 1070 0047 03       		.uleb128 0x3
 1071 0048 0E       		.uleb128 0xe
 1072 0049 3A       		.uleb128 0x3a
 1073 004a 0B       		.uleb128 0xb
 1074 004b 3B       		.uleb128 0x3b
 1075 004c 0B       		.uleb128 0xb
 1076 004d 49       		.uleb128 0x49
 1077 004e 13       		.uleb128 0x13
 1078 004f 3F       		.uleb128 0x3f
 1079 0050 19       		.uleb128 0x19
ARM GAS  C:\Users\user\AppData\Local\Temp\ccevW7K9.s 			page 20


 1080 0051 02       		.uleb128 0x2
 1081 0052 18       		.uleb128 0x18
 1082 0053 00       		.byte	0
 1083 0054 00       		.byte	0
 1084 0055 08       		.uleb128 0x8
 1085 0056 26       		.uleb128 0x26
 1086 0057 00       		.byte	0
 1087 0058 49       		.uleb128 0x49
 1088 0059 13       		.uleb128 0x13
 1089 005a 00       		.byte	0
 1090 005b 00       		.byte	0
 1091 005c 09       		.uleb128 0x9
 1092 005d 21       		.uleb128 0x21
 1093 005e 00       		.byte	0
 1094 005f 49       		.uleb128 0x49
 1095 0060 13       		.uleb128 0x13
 1096 0061 2F       		.uleb128 0x2f
 1097 0062 0B       		.uleb128 0xb
 1098 0063 00       		.byte	0
 1099 0064 00       		.byte	0
 1100 0065 00       		.byte	0
 1101              		.section	.debug_aranges,"",%progbits
 1102 0000 14000000 		.4byte	0x14
 1103 0004 0200     		.2byte	0x2
 1104 0006 00000000 		.4byte	.Ldebug_info0
 1105 000a 04       		.byte	0x4
 1106 000b 00       		.byte	0
 1107 000c 0000     		.2byte	0
 1108 000e 0000     		.2byte	0
 1109 0010 00000000 		.4byte	0
 1110 0014 00000000 		.4byte	0
 1111              		.section	.debug_line,"",%progbits
 1112              	.Ldebug_line0:
 1113 0000 4F000000 		.section	.debug_str,"MS",%progbits,1
 1113      02004900 
 1113      00000201 
 1113      FB0E0D00 
 1113      01010101 
 1114              	.LASF19:
 1115 0000 2E5C4765 		.ascii	".\\Generated_Source\\PSoC5\\cymetadata.c\000"
 1115      6E657261 
 1115      7465645F 
 1115      536F7572 
 1115      63655C50 
 1116              	.LASF17:
 1117 0026 63795F6D 		.ascii	"cy_metadata\000"
 1117      65746164 
 1117      61746100 
 1118              	.LASF9:
 1119 0032 666C6F61 		.ascii	"float\000"
 1119      7400
 1120              	.LASF1:
 1121 0038 756E7369 		.ascii	"unsigned char\000"
 1121      676E6564 
 1121      20636861 
 1121      7200
 1122              	.LASF5:
ARM GAS  C:\Users\user\AppData\Local\Temp\ccevW7K9.s 			page 21


 1123 0046 6C6F6E67 		.ascii	"long unsigned int\000"
 1123      20756E73 
 1123      69676E65 
 1123      6420696E 
 1123      7400
 1124              	.LASF3:
 1125 0058 73686F72 		.ascii	"short unsigned int\000"
 1125      7420756E 
 1125      7369676E 
 1125      65642069 
 1125      6E7400
 1126              	.LASF20:
 1127 006b 443A5C55 		.ascii	"D:\\Utilisateurs\\user\\Documents\\PSoC Creator\\Wo"
 1127      74696C69 
 1127      73617465 
 1127      7572735C 
 1127      75736572 
 1128 0099 726B7370 		.ascii	"rkspace02\\Capsense.cydsn\000"
 1128      61636530 
 1128      325C4361 
 1128      7073656E 
 1128      73652E63 
 1129              	.LASF10:
 1130 00b2 646F7562 		.ascii	"double\000"
 1130      6C6500
 1131              	.LASF14:
 1132 00b9 63795F6D 		.ascii	"cy_meta_custnvl\000"
 1132      6574615F 
 1132      63757374 
 1132      6E766C00 
 1133              	.LASF13:
 1134 00c9 63795F6D 		.ascii	"cy_meta_configecc\000"
 1134      6574615F 
 1134      636F6E66 
 1134      69676563 
 1134      6300
 1135              	.LASF18:
 1136 00db 474E5520 		.ascii	"GNU C 4.9.3 20150303 (release) [ARM/embedded-4_9-br"
 1136      4320342E 
 1136      392E3320 
 1136      32303135 
 1136      30333033 
 1137 010e 616E6368 		.ascii	"anch revision 221220] -mcpu=cortex-m3 -mthumb -g -O"
 1137      20726576 
 1137      6973696F 
 1137      6E203232 
 1137      31323230 
 1138 0141 67202D66 		.ascii	"g -ffunction-sections -ffat-lto-objects\000"
 1138      66756E63 
 1138      74696F6E 
 1138      2D736563 
 1138      74696F6E 
 1139              	.LASF8:
 1140 0169 756E7369 		.ascii	"unsigned int\000"
 1140      676E6564 
 1140      20696E74 
 1140      00
ARM GAS  C:\Users\user\AppData\Local\Temp\ccevW7K9.s 			page 22


 1141              	.LASF7:
 1142 0176 6C6F6E67 		.ascii	"long long unsigned int\000"
 1142      206C6F6E 
 1142      6720756E 
 1142      7369676E 
 1142      65642069 
 1143              	.LASF16:
 1144 018d 63795F6D 		.ascii	"cy_meta_flashprotect\000"
 1144      6574615F 
 1144      666C6173 
 1144      6870726F 
 1144      74656374 
 1145              	.LASF15:
 1146 01a2 63795F6D 		.ascii	"cy_meta_wonvl\000"
 1146      6574615F 
 1146      776F6E76 
 1146      6C00
 1147              	.LASF12:
 1148 01b0 73697A65 		.ascii	"sizetype\000"
 1148      74797065 
 1148      00
 1149              	.LASF6:
 1150 01b9 6C6F6E67 		.ascii	"long long int\000"
 1150      206C6F6E 
 1150      6720696E 
 1150      7400
 1151              	.LASF11:
 1152 01c7 63686172 		.ascii	"char\000"
 1152      00
 1153              	.LASF2:
 1154 01cc 73686F72 		.ascii	"short int\000"
 1154      7420696E 
 1154      7400
 1155              	.LASF21:
 1156 01d6 75696E74 		.ascii	"uint8\000"
 1156      3800
 1157              	.LASF4:
 1158 01dc 6C6F6E67 		.ascii	"long int\000"
 1158      20696E74 
 1158      00
 1159              	.LASF0:
 1160 01e5 7369676E 		.ascii	"signed char\000"
 1160      65642063 
 1160      68617200 
 1161              		.ident	"GCC: (GNU Tools for ARM Embedded Processors) 4.9.3 20150303 (release) [ARM/embedded-4_9-br
