ARM GAS  C:\Users\user\AppData\Local\Temp\ccWJCmwG.s 			page 1


   1              		.syntax unified
   2              		.cpu cortex-m3
   3              		.fpu softvfp
   4              		.eabi_attribute 20, 1
   5              		.eabi_attribute 21, 1
   6              		.eabi_attribute 23, 3
   7              		.eabi_attribute 24, 1
   8              		.eabi_attribute 25, 1
   9              		.eabi_attribute 26, 1
  10              		.eabi_attribute 30, 6
  11              		.eabi_attribute 34, 1
  12              		.eabi_attribute 18, 4
  13              		.thumb
  14              		.file	"CapSense_CSD_TunerHelper.c"
  15              		.text
  16              	.Ltext0:
  17              		.cfi_sections	.debug_frame
  18              		.comm	CapSense_CSD_mailboxesComm,25,4
  19              		.section	.text.CapSense_CSD_TunerStart,"ax",%progbits
  20              		.align	2
  21              		.global	CapSense_CSD_TunerStart
  22              		.thumb
  23              		.thumb_func
  24              		.type	CapSense_CSD_TunerStart, %function
  25              	CapSense_CSD_TunerStart:
  26              	.LFB0:
  27              		.file 1 ".\\Generated_Source\\PSoC5\\CapSense_CSD_TunerHelper.c"
   1:.\Generated_Source\PSoC5/CapSense_CSD_TunerHelper.c **** /*******************************************************************************
   2:.\Generated_Source\PSoC5/CapSense_CSD_TunerHelper.c **** * File Name: CapSense_CSD_TunerHelper.c
   3:.\Generated_Source\PSoC5/CapSense_CSD_TunerHelper.c **** * Version 3.40
   4:.\Generated_Source\PSoC5/CapSense_CSD_TunerHelper.c **** *
   5:.\Generated_Source\PSoC5/CapSense_CSD_TunerHelper.c **** * Description:
   6:.\Generated_Source\PSoC5/CapSense_CSD_TunerHelper.c **** *  This file provides the source code of Tuner helper APIs for the CapSense CSD 
   7:.\Generated_Source\PSoC5/CapSense_CSD_TunerHelper.c **** *  component.
   8:.\Generated_Source\PSoC5/CapSense_CSD_TunerHelper.c **** *
   9:.\Generated_Source\PSoC5/CapSense_CSD_TunerHelper.c **** * Note:
  10:.\Generated_Source\PSoC5/CapSense_CSD_TunerHelper.c **** *
  11:.\Generated_Source\PSoC5/CapSense_CSD_TunerHelper.c **** ********************************************************************************
  12:.\Generated_Source\PSoC5/CapSense_CSD_TunerHelper.c **** * Copyright 2008-2013, Cypress Semiconductor Corporation.  All rights reserved.
  13:.\Generated_Source\PSoC5/CapSense_CSD_TunerHelper.c **** * You may use this file only in accordance with the license, terms, conditions,
  14:.\Generated_Source\PSoC5/CapSense_CSD_TunerHelper.c **** * disclaimers, and limitations in the end user license agreement accompanying
  15:.\Generated_Source\PSoC5/CapSense_CSD_TunerHelper.c **** * the software package with which this file was provided.
  16:.\Generated_Source\PSoC5/CapSense_CSD_TunerHelper.c **** *******************************************************************************/
  17:.\Generated_Source\PSoC5/CapSense_CSD_TunerHelper.c **** 
  18:.\Generated_Source\PSoC5/CapSense_CSD_TunerHelper.c **** #include "CapSense_CSD_TunerHelper.h"
  19:.\Generated_Source\PSoC5/CapSense_CSD_TunerHelper.c **** 
  20:.\Generated_Source\PSoC5/CapSense_CSD_TunerHelper.c **** #if (CapSense_CSD_TUNER_API_GENERATE)
  21:.\Generated_Source\PSoC5/CapSense_CSD_TunerHelper.c ****     volatile CapSense_CSD_MAILBOXES CapSense_CSD_mailboxesComm;
  22:.\Generated_Source\PSoC5/CapSense_CSD_TunerHelper.c **** #endif  /* (CapSense_CSD_TUNER_API_GENERATE) */
  23:.\Generated_Source\PSoC5/CapSense_CSD_TunerHelper.c **** 
  24:.\Generated_Source\PSoC5/CapSense_CSD_TunerHelper.c **** 
  25:.\Generated_Source\PSoC5/CapSense_CSD_TunerHelper.c **** /*******************************************************************************
  26:.\Generated_Source\PSoC5/CapSense_CSD_TunerHelper.c **** * Function Name: CapSense_CSD_TunerStart
  27:.\Generated_Source\PSoC5/CapSense_CSD_TunerHelper.c **** ********************************************************************************
  28:.\Generated_Source\PSoC5/CapSense_CSD_TunerHelper.c **** *
  29:.\Generated_Source\PSoC5/CapSense_CSD_TunerHelper.c **** * Summary:
  30:.\Generated_Source\PSoC5/CapSense_CSD_TunerHelper.c **** *  Initializes CapSense CSD component and EzI2C communication componenet to use
ARM GAS  C:\Users\user\AppData\Local\Temp\ccWJCmwG.s 			page 2


  31:.\Generated_Source\PSoC5/CapSense_CSD_TunerHelper.c **** *  mailbox data structure for communication with Tuner GUI.
  32:.\Generated_Source\PSoC5/CapSense_CSD_TunerHelper.c **** *  Start the scanning, after initialization complete.
  33:.\Generated_Source\PSoC5/CapSense_CSD_TunerHelper.c **** *
  34:.\Generated_Source\PSoC5/CapSense_CSD_TunerHelper.c **** * Parameters:
  35:.\Generated_Source\PSoC5/CapSense_CSD_TunerHelper.c **** *  None
  36:.\Generated_Source\PSoC5/CapSense_CSD_TunerHelper.c **** *
  37:.\Generated_Source\PSoC5/CapSense_CSD_TunerHelper.c **** * Return:
  38:.\Generated_Source\PSoC5/CapSense_CSD_TunerHelper.c **** *  None
  39:.\Generated_Source\PSoC5/CapSense_CSD_TunerHelper.c **** *
  40:.\Generated_Source\PSoC5/CapSense_CSD_TunerHelper.c **** * Reentrant:
  41:.\Generated_Source\PSoC5/CapSense_CSD_TunerHelper.c **** *  No
  42:.\Generated_Source\PSoC5/CapSense_CSD_TunerHelper.c **** *
  43:.\Generated_Source\PSoC5/CapSense_CSD_TunerHelper.c **** * Note:
  44:.\Generated_Source\PSoC5/CapSense_CSD_TunerHelper.c **** *  All widgets are enabled by default except proximity widgets. Proximity widgets 
  45:.\Generated_Source\PSoC5/CapSense_CSD_TunerHelper.c **** *  must be manually enabled as their long scan time is incompatible 
  46:.\Generated_Source\PSoC5/CapSense_CSD_TunerHelper.c **** *  with the fast response required of other widget types. 
  47:.\Generated_Source\PSoC5/CapSense_CSD_TunerHelper.c **** *
  48:.\Generated_Source\PSoC5/CapSense_CSD_TunerHelper.c **** *******************************************************************************/
  49:.\Generated_Source\PSoC5/CapSense_CSD_TunerHelper.c **** void CapSense_CSD_TunerStart(void) 
  50:.\Generated_Source\PSoC5/CapSense_CSD_TunerHelper.c **** {
  28              		.loc 1 50 0
  29              		.cfi_startproc
  30              		@ args = 0, pretend = 0, frame = 0
  31              		@ frame_needed = 1, uses_anonymous_args = 0
  32 0000 80B5     		push	{r7, lr}
  33              		.cfi_def_cfa_offset 8
  34              		.cfi_offset 7, -8
  35              		.cfi_offset 14, -4
  36 0002 00AF     		add	r7, sp, #0
  37              		.cfi_def_cfa_register 7
  51:.\Generated_Source\PSoC5/CapSense_CSD_TunerHelper.c ****     #if (CapSense_CSD_TUNER_API_GENERATE)
  52:.\Generated_Source\PSoC5/CapSense_CSD_TunerHelper.c ****         
  53:.\Generated_Source\PSoC5/CapSense_CSD_TunerHelper.c ****         /* Init mbx and quick check */
  54:.\Generated_Source\PSoC5/CapSense_CSD_TunerHelper.c ****         CapSense_CSD_InitMailbox(&CapSense_CSD_mailboxesComm.csdMailbox);
  38              		.loc 1 54 0
  39 0004 0A48     		ldr	r0, .L2
  40 0006 FFF7FEFF 		bl	CapSense_CSD_InitMailbox
  55:.\Generated_Source\PSoC5/CapSense_CSD_TunerHelper.c ****         CapSense_CSD_mailboxesComm.numMailBoxes = CapSense_CSD_DEFAULT_MAILBOXES_NUMBER;
  41              		.loc 1 55 0
  42 000a 0A4B     		ldr	r3, .L2+4
  43 000c 0122     		movs	r2, #1
  44 000e 1A70     		strb	r2, [r3]
  56:.\Generated_Source\PSoC5/CapSense_CSD_TunerHelper.c ****         
  57:.\Generated_Source\PSoC5/CapSense_CSD_TunerHelper.c ****         /* Start CapSense and baselines */
  58:.\Generated_Source\PSoC5/CapSense_CSD_TunerHelper.c ****         CapSense_CSD_Start();
  45              		.loc 1 58 0
  46 0010 FFF7FEFF 		bl	CapSense_CSD_Start
  59:.\Generated_Source\PSoC5/CapSense_CSD_TunerHelper.c ****         
  60:.\Generated_Source\PSoC5/CapSense_CSD_TunerHelper.c ****         /* Initialize baselines */ 
  61:.\Generated_Source\PSoC5/CapSense_CSD_TunerHelper.c ****         CapSense_CSD_InitializeAllBaselines();
  47              		.loc 1 61 0
  48 0014 FFF7FEFF 		bl	CapSense_CSD_InitializeAllBaselines
  62:.\Generated_Source\PSoC5/CapSense_CSD_TunerHelper.c ****         CapSense_CSD_InitializeAllBaselines();
  49              		.loc 1 62 0
  50 0018 FFF7FEFF 		bl	CapSense_CSD_InitializeAllBaselines
  63:.\Generated_Source\PSoC5/CapSense_CSD_TunerHelper.c ****         
  64:.\Generated_Source\PSoC5/CapSense_CSD_TunerHelper.c ****         /* Start EzI2C, clears buf pointers */
ARM GAS  C:\Users\user\AppData\Local\Temp\ccWJCmwG.s 			page 3


  65:.\Generated_Source\PSoC5/CapSense_CSD_TunerHelper.c ****         EzI2C_Start();
  51              		.loc 1 65 0
  52 001c FFF7FEFF 		bl	EzI2C_Start
  66:.\Generated_Source\PSoC5/CapSense_CSD_TunerHelper.c ****         
  67:.\Generated_Source\PSoC5/CapSense_CSD_TunerHelper.c ****         /* Setup EzI2C buffers */
  68:.\Generated_Source\PSoC5/CapSense_CSD_TunerHelper.c ****         EzI2C_SetBuffer1(sizeof(CapSense_CSD_mailboxesComm), sizeof(CapSense_CSD_mailboxesComm),
  53              		.loc 1 68 0
  54 0020 1920     		movs	r0, #25
  55 0022 1921     		movs	r1, #25
  56 0024 034A     		ldr	r2, .L2+4
  57 0026 FFF7FEFF 		bl	EzI2C_SetBuffer1
  69:.\Generated_Source\PSoC5/CapSense_CSD_TunerHelper.c ****                                         (void *) &CapSense_CSD_mailboxesComm);
  70:.\Generated_Source\PSoC5/CapSense_CSD_TunerHelper.c ****         
  71:.\Generated_Source\PSoC5/CapSense_CSD_TunerHelper.c ****         /* Starts scan all enabled sensors */
  72:.\Generated_Source\PSoC5/CapSense_CSD_TunerHelper.c ****         CapSense_CSD_ScanEnabledWidgets();
  58              		.loc 1 72 0
  59 002a FFF7FEFF 		bl	CapSense_CSD_ScanEnabledWidgets
  73:.\Generated_Source\PSoC5/CapSense_CSD_TunerHelper.c ****     
  74:.\Generated_Source\PSoC5/CapSense_CSD_TunerHelper.c ****     #endif  /* (CapSense_CSD_TUNER_API_GENERATE) */
  75:.\Generated_Source\PSoC5/CapSense_CSD_TunerHelper.c **** }
  60              		.loc 1 75 0
  61 002e 80BD     		pop	{r7, pc}
  62              	.L3:
  63              		.align	2
  64              	.L2:
  65 0030 01000000 		.word	CapSense_CSD_mailboxesComm+1
  66 0034 00000000 		.word	CapSense_CSD_mailboxesComm
  67              		.cfi_endproc
  68              	.LFE0:
  69              		.size	CapSense_CSD_TunerStart, .-CapSense_CSD_TunerStart
  70              		.section	.text.CapSense_CSD_TunerComm,"ax",%progbits
  71              		.align	2
  72              		.global	CapSense_CSD_TunerComm
  73              		.thumb
  74              		.thumb_func
  75              		.type	CapSense_CSD_TunerComm, %function
  76              	CapSense_CSD_TunerComm:
  77              	.LFB1:
  76:.\Generated_Source\PSoC5/CapSense_CSD_TunerHelper.c **** 
  77:.\Generated_Source\PSoC5/CapSense_CSD_TunerHelper.c **** 
  78:.\Generated_Source\PSoC5/CapSense_CSD_TunerHelper.c **** /*******************************************************************************
  79:.\Generated_Source\PSoC5/CapSense_CSD_TunerHelper.c **** * Function Name: CapSense_CSD_TunerComm
  80:.\Generated_Source\PSoC5/CapSense_CSD_TunerHelper.c **** ********************************************************************************
  81:.\Generated_Source\PSoC5/CapSense_CSD_TunerHelper.c **** *
  82:.\Generated_Source\PSoC5/CapSense_CSD_TunerHelper.c **** * Summary:
  83:.\Generated_Source\PSoC5/CapSense_CSD_TunerHelper.c **** *  This function is blocking. It waits till scaning loop is completed and apply
  84:.\Generated_Source\PSoC5/CapSense_CSD_TunerHelper.c **** *  new parameters from Tuner GUI if available (manual tuning mode only). Updates
  85:.\Generated_Source\PSoC5/CapSense_CSD_TunerHelper.c **** *  enabled baselines and state of widgets. Waits while Tuner GUI reports that 
  86:.\Generated_Source\PSoC5/CapSense_CSD_TunerHelper.c **** *  content of mailbox could be modified. Then loads the report data into outbox 
  87:.\Generated_Source\PSoC5/CapSense_CSD_TunerHelper.c **** *  and sets the busy flag. Starts new scanning loop.
  88:.\Generated_Source\PSoC5/CapSense_CSD_TunerHelper.c **** *  
  89:.\Generated_Source\PSoC5/CapSense_CSD_TunerHelper.c **** * Parameters:
  90:.\Generated_Source\PSoC5/CapSense_CSD_TunerHelper.c **** *  None
  91:.\Generated_Source\PSoC5/CapSense_CSD_TunerHelper.c **** *
  92:.\Generated_Source\PSoC5/CapSense_CSD_TunerHelper.c **** * Return:
  93:.\Generated_Source\PSoC5/CapSense_CSD_TunerHelper.c **** *  None
  94:.\Generated_Source\PSoC5/CapSense_CSD_TunerHelper.c **** *
ARM GAS  C:\Users\user\AppData\Local\Temp\ccWJCmwG.s 			page 4


  95:.\Generated_Source\PSoC5/CapSense_CSD_TunerHelper.c **** * Reentrant:
  96:.\Generated_Source\PSoC5/CapSense_CSD_TunerHelper.c **** *  No
  97:.\Generated_Source\PSoC5/CapSense_CSD_TunerHelper.c **** *
  98:.\Generated_Source\PSoC5/CapSense_CSD_TunerHelper.c **** *******************************************************************************/
  99:.\Generated_Source\PSoC5/CapSense_CSD_TunerHelper.c **** void CapSense_CSD_TunerComm(void) 
 100:.\Generated_Source\PSoC5/CapSense_CSD_TunerHelper.c **** {
  78              		.loc 1 100 0
  79              		.cfi_startproc
  80              		@ args = 0, pretend = 0, frame = 0
  81              		@ frame_needed = 1, uses_anonymous_args = 0
  82 0000 80B5     		push	{r7, lr}
  83              		.cfi_def_cfa_offset 8
  84              		.cfi_offset 7, -8
  85              		.cfi_offset 14, -4
  86 0002 00AF     		add	r7, sp, #0
  87              		.cfi_def_cfa_register 7
 101:.\Generated_Source\PSoC5/CapSense_CSD_TunerHelper.c ****     #if (CapSense_CSD_TUNER_API_GENERATE)
 102:.\Generated_Source\PSoC5/CapSense_CSD_TunerHelper.c ****         if (0u == CapSense_CSD_IsBusy())
  88              		.loc 1 102 0
  89 0004 FFF7FEFF 		bl	CapSense_CSD_IsBusy
  90 0008 0346     		mov	r3, r0
  91 000a 002B     		cmp	r3, #0
  92 000c 21D1     		bne	.L4
 103:.\Generated_Source\PSoC5/CapSense_CSD_TunerHelper.c ****         {   
 104:.\Generated_Source\PSoC5/CapSense_CSD_TunerHelper.c ****             /* Apply new settings */
 105:.\Generated_Source\PSoC5/CapSense_CSD_TunerHelper.c ****             #if (CapSense_CSD_TUNING_METHOD == CapSense_CSD_MANUAL_TUNING)
 106:.\Generated_Source\PSoC5/CapSense_CSD_TunerHelper.c ****                 CapSense_CSD_ReadMessage(&CapSense_CSD_mailboxesComm.csdMailbox);
  93              		.loc 1 106 0
  94 000e 1148     		ldr	r0, .L7
  95 0010 FFF7FEFF 		bl	CapSense_CSD_ReadMessage
 107:.\Generated_Source\PSoC5/CapSense_CSD_TunerHelper.c ****             #endif  /* (CapSense_CSD_TUNING_METHOD == CapSense_CSD_MANUAL_TUNING) */
 108:.\Generated_Source\PSoC5/CapSense_CSD_TunerHelper.c **** 
 109:.\Generated_Source\PSoC5/CapSense_CSD_TunerHelper.c ****             /* Update all baselines and process all widgets */
 110:.\Generated_Source\PSoC5/CapSense_CSD_TunerHelper.c ****             CapSense_CSD_UpdateEnabledBaselines();
  96              		.loc 1 110 0
  97 0014 FFF7FEFF 		bl	CapSense_CSD_UpdateEnabledBaselines
 111:.\Generated_Source\PSoC5/CapSense_CSD_TunerHelper.c ****             CapSense_CSD_ProcessAllWidgets(&CapSense_CSD_mailboxesComm.csdMailbox.outbox);
  98              		.loc 1 111 0
  99 0018 0F48     		ldr	r0, .L7+4
 100 001a FFF7FEFF 		bl	CapSense_CSD_ProcessAllWidgets
 112:.\Generated_Source\PSoC5/CapSense_CSD_TunerHelper.c ****             CapSense_CSD_PostMessage(&CapSense_CSD_mailboxesComm.csdMailbox);
 101              		.loc 1 112 0
 102 001e 0D48     		ldr	r0, .L7
 103 0020 FFF7FEFF 		bl	CapSense_CSD_PostMessage
 113:.\Generated_Source\PSoC5/CapSense_CSD_TunerHelper.c **** 
 114:.\Generated_Source\PSoC5/CapSense_CSD_TunerHelper.c ****             /* Enable EZI2C interrupts, after scan complete */
 115:.\Generated_Source\PSoC5/CapSense_CSD_TunerHelper.c ****             EzI2C_EnableInt();
 104              		.loc 1 115 0
 105 0024 0D4B     		ldr	r3, .L7+8
 106 0026 4FF40042 		mov	r2, #32768
 107 002a 1A60     		str	r2, [r3]
 116:.\Generated_Source\PSoC5/CapSense_CSD_TunerHelper.c **** 
 117:.\Generated_Source\PSoC5/CapSense_CSD_TunerHelper.c ****             while((CapSense_CSD_mailboxesComm.csdMailbox.type != CapSense_CSD_TYPE_ID) || \
 108              		.loc 1 117 0
 109 002c 00BF     		nop
 110              	.L6:
 111              		.loc 1 117 0 is_stmt 0 discriminator 3
ARM GAS  C:\Users\user\AppData\Local\Temp\ccWJCmwG.s 			page 5


 112 002e 0C4B     		ldr	r3, .L7+12
 113 0030 5B78     		ldrb	r3, [r3, #1]
 114 0032 DBB2     		uxtb	r3, r3
 115 0034 042B     		cmp	r3, #4
 116 0036 FAD1     		bne	.L6
 118:.\Generated_Source\PSoC5/CapSense_CSD_TunerHelper.c ****                   ((EzI2C_GetActivity() & EzI2C_STATUS_BUSY) != 0u)){}
 117              		.loc 1 118 0 is_stmt 1 discriminator 2
 118 0038 FFF7FEFF 		bl	EzI2C_GetActivity
 119 003c 0346     		mov	r3, r0
 120 003e 03F01003 		and	r3, r3, #16
 117:.\Generated_Source\PSoC5/CapSense_CSD_TunerHelper.c ****                   ((EzI2C_GetActivity() & EzI2C_STATUS_BUSY) != 0u)){}
 121              		.loc 1 117 0 discriminator 2
 122 0042 002B     		cmp	r3, #0
 123 0044 F3D1     		bne	.L6
 119:.\Generated_Source\PSoC5/CapSense_CSD_TunerHelper.c ****             
 120:.\Generated_Source\PSoC5/CapSense_CSD_TunerHelper.c ****             /* Disable EZI2C interrupts, while scanning */
 121:.\Generated_Source\PSoC5/CapSense_CSD_TunerHelper.c ****             EzI2C_DisableInt();
 124              		.loc 1 121 0
 125 0046 074B     		ldr	r3, .L7+16
 126 0048 4FF40042 		mov	r2, #32768
 127 004c 1A60     		str	r2, [r3]
 122:.\Generated_Source\PSoC5/CapSense_CSD_TunerHelper.c ****             
 123:.\Generated_Source\PSoC5/CapSense_CSD_TunerHelper.c ****             /* Start scan all sensors */
 124:.\Generated_Source\PSoC5/CapSense_CSD_TunerHelper.c ****             CapSense_CSD_ScanEnabledWidgets();
 128              		.loc 1 124 0
 129 004e FFF7FEFF 		bl	CapSense_CSD_ScanEnabledWidgets
 130              	.L4:
 125:.\Generated_Source\PSoC5/CapSense_CSD_TunerHelper.c ****         }
 126:.\Generated_Source\PSoC5/CapSense_CSD_TunerHelper.c ****     #endif /* (CapSense_CSD_TUNER_API_GENERATE) */
 127:.\Generated_Source\PSoC5/CapSense_CSD_TunerHelper.c **** }
 131              		.loc 1 127 0
 132 0052 80BD     		pop	{r7, pc}
 133              	.L8:
 134              		.align	2
 135              	.L7:
 136 0054 01000000 		.word	CapSense_CSD_mailboxesComm+1
 137 0058 04000000 		.word	CapSense_CSD_mailboxesComm+4
 138 005c 00E100E0 		.word	-536813312
 139 0060 00000000 		.word	CapSense_CSD_mailboxesComm
 140 0064 80E100E0 		.word	-536813184
 141              		.cfi_endproc
 142              	.LFE1:
 143              		.size	CapSense_CSD_TunerComm, .-CapSense_CSD_TunerComm
 144              		.section	.text.CapSense_CSD_ProcessAllWidgets,"ax",%progbits
 145              		.align	2
 146              		.global	CapSense_CSD_ProcessAllWidgets
 147              		.thumb
 148              		.thumb_func
 149              		.type	CapSense_CSD_ProcessAllWidgets, %function
 150              	CapSense_CSD_ProcessAllWidgets:
 151              	.LFB2:
 128:.\Generated_Source\PSoC5/CapSense_CSD_TunerHelper.c **** 
 129:.\Generated_Source\PSoC5/CapSense_CSD_TunerHelper.c **** 
 130:.\Generated_Source\PSoC5/CapSense_CSD_TunerHelper.c **** #if (CapSense_CSD_TUNER_API_GENERATE)
 131:.\Generated_Source\PSoC5/CapSense_CSD_TunerHelper.c ****     /*******************************************************************************
 132:.\Generated_Source\PSoC5/CapSense_CSD_TunerHelper.c ****     * Function Name: CapSense_CSD_ProcessAllWidgets
 133:.\Generated_Source\PSoC5/CapSense_CSD_TunerHelper.c ****     ********************************************************************************
ARM GAS  C:\Users\user\AppData\Local\Temp\ccWJCmwG.s 			page 6


 134:.\Generated_Source\PSoC5/CapSense_CSD_TunerHelper.c ****     *
 135:.\Generated_Source\PSoC5/CapSense_CSD_TunerHelper.c ****     * Summary:
 136:.\Generated_Source\PSoC5/CapSense_CSD_TunerHelper.c ****     *  Call required functions to update all widgets state:
 137:.\Generated_Source\PSoC5/CapSense_CSD_TunerHelper.c ****     *   - CapSense_CSD_GetCentroidPos() - calls only if linear sliders 
 138:.\Generated_Source\PSoC5/CapSense_CSD_TunerHelper.c ****     *     available.
 139:.\Generated_Source\PSoC5/CapSense_CSD_TunerHelper.c ****     *   - CapSense_CSD_GetRadialCentroidPos() - calls only if radial slider 
 140:.\Generated_Source\PSoC5/CapSense_CSD_TunerHelper.c ****     *     available.
 141:.\Generated_Source\PSoC5/CapSense_CSD_TunerHelper.c ****     *   - CapSense_CSD_GetTouchCentroidPos() - calls only if touch pad slider 
 142:.\Generated_Source\PSoC5/CapSense_CSD_TunerHelper.c ****     *     available.
 143:.\Generated_Source\PSoC5/CapSense_CSD_TunerHelper.c ****     *   - CapSense_CSD_CheckIsAnyWidgetActive();
 144:.\Generated_Source\PSoC5/CapSense_CSD_TunerHelper.c ****     *  The results of opeartions are copied to OUTBOX.
 145:.\Generated_Source\PSoC5/CapSense_CSD_TunerHelper.c ****     *   
 146:.\Generated_Source\PSoC5/CapSense_CSD_TunerHelper.c ****     * Parameters:
 147:.\Generated_Source\PSoC5/CapSense_CSD_TunerHelper.c ****     *  None
 148:.\Generated_Source\PSoC5/CapSense_CSD_TunerHelper.c ****     *
 149:.\Generated_Source\PSoC5/CapSense_CSD_TunerHelper.c ****     * Return:
 150:.\Generated_Source\PSoC5/CapSense_CSD_TunerHelper.c ****     *  None
 151:.\Generated_Source\PSoC5/CapSense_CSD_TunerHelper.c ****     *
 152:.\Generated_Source\PSoC5/CapSense_CSD_TunerHelper.c ****     * Global Variables:
 153:.\Generated_Source\PSoC5/CapSense_CSD_TunerHelper.c ****     *  CapSense_CSD_OUTBOX outbox - structure which is used as ouput 
 154:.\Generated_Source\PSoC5/CapSense_CSD_TunerHelper.c ****     *  buffer for report data to Tuner GUI.
 155:.\Generated_Source\PSoC5/CapSense_CSD_TunerHelper.c ****     *  Update fields:
 156:.\Generated_Source\PSoC5/CapSense_CSD_TunerHelper.c ****     *    - position[];
 157:.\Generated_Source\PSoC5/CapSense_CSD_TunerHelper.c ****     *    - OnMask[];
 158:.\Generated_Source\PSoC5/CapSense_CSD_TunerHelper.c ****     *
 159:.\Generated_Source\PSoC5/CapSense_CSD_TunerHelper.c ****     * Reentrant:
 160:.\Generated_Source\PSoC5/CapSense_CSD_TunerHelper.c ****     *  No
 161:.\Generated_Source\PSoC5/CapSense_CSD_TunerHelper.c ****     *
 162:.\Generated_Source\PSoC5/CapSense_CSD_TunerHelper.c ****     *******************************************************************************/
 163:.\Generated_Source\PSoC5/CapSense_CSD_TunerHelper.c ****     void CapSense_CSD_ProcessAllWidgets(volatile CapSense_CSD_OUTBOX *outbox)
 164:.\Generated_Source\PSoC5/CapSense_CSD_TunerHelper.c **** 	                                        
 165:.\Generated_Source\PSoC5/CapSense_CSD_TunerHelper.c ****     {
 152              		.loc 1 165 0
 153              		.cfi_startproc
 154              		@ args = 0, pretend = 0, frame = 16
 155              		@ frame_needed = 1, uses_anonymous_args = 0
 156 0000 80B5     		push	{r7, lr}
 157              		.cfi_def_cfa_offset 8
 158              		.cfi_offset 7, -8
 159              		.cfi_offset 14, -4
 160 0002 84B0     		sub	sp, sp, #16
 161              		.cfi_def_cfa_offset 24
 162 0004 00AF     		add	r7, sp, #0
 163              		.cfi_def_cfa_register 7
 164 0006 7860     		str	r0, [r7, #4]
 166:.\Generated_Source\PSoC5/CapSense_CSD_TunerHelper.c ****         uint8 i = 0u;
 165              		.loc 1 166 0
 166 0008 0023     		movs	r3, #0
 167 000a FB73     		strb	r3, [r7, #15]
 167:.\Generated_Source\PSoC5/CapSense_CSD_TunerHelper.c **** 		#if (CapSense_CSD_TOTAL_MATRIX_BUTTONS_COUNT)
 168:.\Generated_Source\PSoC5/CapSense_CSD_TunerHelper.c ****         	volatile uint8 *mbPositionAddr;
 169:.\Generated_Source\PSoC5/CapSense_CSD_TunerHelper.c **** 		#endif /* (CapSense_CSD_TOTAL_MATRIX_BUTTONS_COUNT) */
 170:.\Generated_Source\PSoC5/CapSense_CSD_TunerHelper.c **** 
 171:.\Generated_Source\PSoC5/CapSense_CSD_TunerHelper.c ****         #if (CapSense_CSD_TOTAL_TOUCH_PADS_COUNT)
 172:.\Generated_Source\PSoC5/CapSense_CSD_TunerHelper.c ****             uint16 pos[2];
 173:.\Generated_Source\PSoC5/CapSense_CSD_TunerHelper.c ****         #endif  /* (CapSense_CSD_TOTAL_TOUCH_PADS_COUNT) */
 174:.\Generated_Source\PSoC5/CapSense_CSD_TunerHelper.c ****         
ARM GAS  C:\Users\user\AppData\Local\Temp\ccWJCmwG.s 			page 7


 175:.\Generated_Source\PSoC5/CapSense_CSD_TunerHelper.c ****         #if ( (CapSense_CSD_TOTAL_RADIAL_SLIDERS_COUNT) || (CapSense_CSD_TOTAL_TOUCH_PADS_COUNT) ||
 176:.\Generated_Source\PSoC5/CapSense_CSD_TunerHelper.c ****               (CapSense_CSD_TOTAL_MATRIX_BUTTONS_COUNT) )
 177:.\Generated_Source\PSoC5/CapSense_CSD_TunerHelper.c ****             uint8 widgetCnt;
 178:.\Generated_Source\PSoC5/CapSense_CSD_TunerHelper.c ****         #endif  /* ((CapSense_CSD_TOTAL_RADIAL_SLIDERS_COUNT) || (CapSense_CSD_TOTAL_TOUCH_PADS_COU
 179:.\Generated_Source\PSoC5/CapSense_CSD_TunerHelper.c ****                 *   (CapSense_CSD_TOTAL_MATRIX_BUTTONS_COUNT)
 180:.\Generated_Source\PSoC5/CapSense_CSD_TunerHelper.c ****                 */
 181:.\Generated_Source\PSoC5/CapSense_CSD_TunerHelper.c ****         
 182:.\Generated_Source\PSoC5/CapSense_CSD_TunerHelper.c ****         /* Calculate widget with centroids */
 183:.\Generated_Source\PSoC5/CapSense_CSD_TunerHelper.c ****         #if (CapSense_CSD_TOTAL_LINEAR_SLIDERS_COUNT)
 184:.\Generated_Source\PSoC5/CapSense_CSD_TunerHelper.c ****             for(; i < CapSense_CSD_TOTAL_LINEAR_SLIDERS_COUNT; i++)
 185:.\Generated_Source\PSoC5/CapSense_CSD_TunerHelper.c ****             {
 186:.\Generated_Source\PSoC5/CapSense_CSD_TunerHelper.c ****                 outbox->position[i] = CapSense_CSD_SWAP_ENDIAN16(CapSense_CSD_GetCentroidPos(i));
 187:.\Generated_Source\PSoC5/CapSense_CSD_TunerHelper.c ****             }
 188:.\Generated_Source\PSoC5/CapSense_CSD_TunerHelper.c ****         #endif /* (CapSense_CSD_TOTAL_LINEAR_SLIDERS_COUNT) */
 189:.\Generated_Source\PSoC5/CapSense_CSD_TunerHelper.c ****         
 190:.\Generated_Source\PSoC5/CapSense_CSD_TunerHelper.c ****         #if (CapSense_CSD_TOTAL_RADIAL_SLIDERS_COUNT)
 191:.\Generated_Source\PSoC5/CapSense_CSD_TunerHelper.c ****             widgetCnt = i;
 192:.\Generated_Source\PSoC5/CapSense_CSD_TunerHelper.c ****             for(; i < (widgetCnt + CapSense_CSD_TOTAL_RADIAL_SLIDERS_COUNT); i++)
 193:.\Generated_Source\PSoC5/CapSense_CSD_TunerHelper.c ****             {
 194:.\Generated_Source\PSoC5/CapSense_CSD_TunerHelper.c ****                 outbox->position[i] = CapSense_CSD_SWAP_ENDIAN16(CapSense_CSD_GetRadialCentroidPos(
 195:.\Generated_Source\PSoC5/CapSense_CSD_TunerHelper.c ****             }
 196:.\Generated_Source\PSoC5/CapSense_CSD_TunerHelper.c ****         #endif /* (CapSense_CSD_TOTAL_RADIAL_SLIDERS_COUNT) */
 197:.\Generated_Source\PSoC5/CapSense_CSD_TunerHelper.c ****         
 198:.\Generated_Source\PSoC5/CapSense_CSD_TunerHelper.c ****         #if (CapSense_CSD_TOTAL_TOUCH_PADS_COUNT)
 199:.\Generated_Source\PSoC5/CapSense_CSD_TunerHelper.c ****             widgetCnt = i;
 200:.\Generated_Source\PSoC5/CapSense_CSD_TunerHelper.c ****             for(; i < (widgetCnt + (CapSense_CSD_TOTAL_TOUCH_PADS_COUNT * 2u)); i = (i+2u))
 201:.\Generated_Source\PSoC5/CapSense_CSD_TunerHelper.c ****             {
 202:.\Generated_Source\PSoC5/CapSense_CSD_TunerHelper.c ****                 if(CapSense_CSD_GetTouchCentroidPos(i, pos) == 0u)
 203:.\Generated_Source\PSoC5/CapSense_CSD_TunerHelper.c ****                 {
 204:.\Generated_Source\PSoC5/CapSense_CSD_TunerHelper.c ****                     outbox->position[i] = 0xFFFFu;
 205:.\Generated_Source\PSoC5/CapSense_CSD_TunerHelper.c ****                     outbox->position[i+1u] = 0xFFFFu;
 206:.\Generated_Source\PSoC5/CapSense_CSD_TunerHelper.c ****                 }
 207:.\Generated_Source\PSoC5/CapSense_CSD_TunerHelper.c ****                 else
 208:.\Generated_Source\PSoC5/CapSense_CSD_TunerHelper.c ****                 {
 209:.\Generated_Source\PSoC5/CapSense_CSD_TunerHelper.c ****                     outbox->position[i] = CapSense_CSD_SWAP_ENDIAN16( (uint16) pos[0u]);
 210:.\Generated_Source\PSoC5/CapSense_CSD_TunerHelper.c ****                     outbox->position[i+1u] = CapSense_CSD_SWAP_ENDIAN16( (uint16) pos[1u]);
 211:.\Generated_Source\PSoC5/CapSense_CSD_TunerHelper.c ****                 }
 212:.\Generated_Source\PSoC5/CapSense_CSD_TunerHelper.c ****             }
 213:.\Generated_Source\PSoC5/CapSense_CSD_TunerHelper.c ****         #endif /* (CapSense_CSD_TOTAL_TOUCH_PADS_COUNT) */
 214:.\Generated_Source\PSoC5/CapSense_CSD_TunerHelper.c **** 
 215:.\Generated_Source\PSoC5/CapSense_CSD_TunerHelper.c ****         #if (CapSense_CSD_TOTAL_MATRIX_BUTTONS_COUNT)
 216:.\Generated_Source\PSoC5/CapSense_CSD_TunerHelper.c ****             i += CapSense_CSD_TOTAL_BUTTONS_COUNT;
 217:.\Generated_Source\PSoC5/CapSense_CSD_TunerHelper.c ****             widgetCnt = 0u;
 218:.\Generated_Source\PSoC5/CapSense_CSD_TunerHelper.c ****             for(; widgetCnt < (CapSense_CSD_TOTAL_MATRIX_BUTTONS_COUNT * 2u); widgetCnt += 2u)
 219:.\Generated_Source\PSoC5/CapSense_CSD_TunerHelper.c ****             {
 220:.\Generated_Source\PSoC5/CapSense_CSD_TunerHelper.c ****                 mbPositionAddr = &outbox->mbPosition[widgetCnt];
 221:.\Generated_Source\PSoC5/CapSense_CSD_TunerHelper.c ****                 if(CapSense_CSD_GetMatrixButtonPos(i, ((uint8*) mbPositionAddr)) == 0u)
 222:.\Generated_Source\PSoC5/CapSense_CSD_TunerHelper.c ****                 {
 223:.\Generated_Source\PSoC5/CapSense_CSD_TunerHelper.c ****                     outbox->mbPosition[widgetCnt] = 0xFFu;
 224:.\Generated_Source\PSoC5/CapSense_CSD_TunerHelper.c ****                     outbox->mbPosition[widgetCnt+1u] = 0xFFu;
 225:.\Generated_Source\PSoC5/CapSense_CSD_TunerHelper.c ****                 }
 226:.\Generated_Source\PSoC5/CapSense_CSD_TunerHelper.c ****                 i += 2u;
 227:.\Generated_Source\PSoC5/CapSense_CSD_TunerHelper.c ****             }
 228:.\Generated_Source\PSoC5/CapSense_CSD_TunerHelper.c ****         #endif /* (CapSense_CSD_TOTAL_MATRIX_BUTTONS_COUNT) */
 229:.\Generated_Source\PSoC5/CapSense_CSD_TunerHelper.c **** 
 230:.\Generated_Source\PSoC5/CapSense_CSD_TunerHelper.c ****         /* Update On/Off State */
 231:.\Generated_Source\PSoC5/CapSense_CSD_TunerHelper.c ****         (void)CapSense_CSD_CheckIsAnyWidgetActive();
ARM GAS  C:\Users\user\AppData\Local\Temp\ccWJCmwG.s 			page 8


 168              		.loc 1 231 0
 169 000c FFF7FEFF 		bl	CapSense_CSD_CheckIsAnyWidgetActive
 232:.\Generated_Source\PSoC5/CapSense_CSD_TunerHelper.c **** 
 233:.\Generated_Source\PSoC5/CapSense_CSD_TunerHelper.c ****         /* Copy OnMask */
 234:.\Generated_Source\PSoC5/CapSense_CSD_TunerHelper.c ****         for(i = 0u; i < CapSense_CSD_TOTAL_SENSOR_MASK_COUNT; i++)
 170              		.loc 1 234 0
 171 0010 0023     		movs	r3, #0
 172 0012 FB73     		strb	r3, [r7, #15]
 173 0014 0AE0     		b	.L10
 174              	.L11:
 235:.\Generated_Source\PSoC5/CapSense_CSD_TunerHelper.c ****         {
 236:.\Generated_Source\PSoC5/CapSense_CSD_TunerHelper.c ****             outbox->onMask[i]  = CapSense_CSD_sensorOnMask[i];
 175              		.loc 1 236 0 discriminator 3
 176 0016 FB7B     		ldrb	r3, [r7, #15]	@ zero_extendqisi2
 177 0018 FA7B     		ldrb	r2, [r7, #15]	@ zero_extendqisi2
 178 001a 0749     		ldr	r1, .L12
 179 001c 895C     		ldrb	r1, [r1, r2]	@ zero_extendqisi2
 180 001e 7A68     		ldr	r2, [r7, #4]
 181 0020 1344     		add	r3, r3, r2
 182 0022 0A46     		mov	r2, r1
 183 0024 9A71     		strb	r2, [r3, #6]
 234:.\Generated_Source\PSoC5/CapSense_CSD_TunerHelper.c ****         {
 184              		.loc 1 234 0 discriminator 3
 185 0026 FB7B     		ldrb	r3, [r7, #15]	@ zero_extendqisi2
 186 0028 0133     		adds	r3, r3, #1
 187 002a FB73     		strb	r3, [r7, #15]
 188              	.L10:
 234:.\Generated_Source\PSoC5/CapSense_CSD_TunerHelper.c ****         {
 189              		.loc 1 234 0 is_stmt 0 discriminator 1
 190 002c FB7B     		ldrb	r3, [r7, #15]	@ zero_extendqisi2
 191 002e 002B     		cmp	r3, #0
 192 0030 F1D0     		beq	.L11
 237:.\Generated_Source\PSoC5/CapSense_CSD_TunerHelper.c ****         }
 238:.\Generated_Source\PSoC5/CapSense_CSD_TunerHelper.c ****     }
 193              		.loc 1 238 0 is_stmt 1
 194 0032 1037     		adds	r7, r7, #16
 195              		.cfi_def_cfa_offset 8
 196 0034 BD46     		mov	sp, r7
 197              		.cfi_def_cfa_register 13
 198              		@ sp needed
 199 0036 80BD     		pop	{r7, pc}
 200              	.L13:
 201              		.align	2
 202              	.L12:
 203 0038 00000000 		.word	CapSense_CSD_sensorOnMask
 204              		.cfi_endproc
 205              	.LFE2:
 206              		.size	CapSense_CSD_ProcessAllWidgets, .-CapSense_CSD_ProcessAllWidgets
 207              		.text
 208              	.Letext0:
 209              		.file 2 ".\\Generated_Source\\PSoC5\\cytypes.h"
 210              		.file 3 ".\\Generated_Source\\PSoC5\\CapSense_CSD_MBX.h"
 211              		.file 4 ".\\Generated_Source\\PSoC5\\CapSense_CSD_CSHL.h"
 212              		.section	.debug_info,"",%progbits
 213              	.Ldebug_info0:
 214 0000 98020000 		.4byte	0x298
 215 0004 0400     		.2byte	0x4
ARM GAS  C:\Users\user\AppData\Local\Temp\ccWJCmwG.s 			page 9


 216 0006 00000000 		.4byte	.Ldebug_abbrev0
 217 000a 04       		.byte	0x4
 218 000b 01       		.uleb128 0x1
 219 000c 68010000 		.4byte	.LASF45
 220 0010 01       		.byte	0x1
 221 0011 93020000 		.4byte	.LASF46
 222 0015 80000000 		.4byte	.LASF47
 223 0019 00000000 		.4byte	.Ldebug_ranges0+0
 224 001d 00000000 		.4byte	0
 225 0021 00000000 		.4byte	.Ldebug_line0
 226 0025 02       		.uleb128 0x2
 227 0026 01       		.byte	0x1
 228 0027 06       		.byte	0x6
 229 0028 31030000 		.4byte	.LASF0
 230 002c 02       		.uleb128 0x2
 231 002d 01       		.byte	0x1
 232 002e 08       		.byte	0x8
 233 002f 45010000 		.4byte	.LASF1
 234 0033 02       		.uleb128 0x2
 235 0034 02       		.byte	0x2
 236 0035 05       		.byte	0x5
 237 0036 E7020000 		.4byte	.LASF2
 238 003a 02       		.uleb128 0x2
 239 003b 02       		.byte	0x2
 240 003c 07       		.byte	0x7
 241 003d 45000000 		.4byte	.LASF3
 242 0041 02       		.uleb128 0x2
 243 0042 04       		.byte	0x4
 244 0043 05       		.byte	0x5
 245 0044 0B030000 		.4byte	.LASF4
 246 0048 02       		.uleb128 0x2
 247 0049 04       		.byte	0x4
 248 004a 07       		.byte	0x7
 249 004b 13010000 		.4byte	.LASF5
 250 004f 02       		.uleb128 0x2
 251 0050 08       		.byte	0x8
 252 0051 05       		.byte	0x5
 253 0052 85020000 		.4byte	.LASF6
 254 0056 02       		.uleb128 0x2
 255 0057 08       		.byte	0x8
 256 0058 07       		.byte	0x7
 257 0059 DD000000 		.4byte	.LASF7
 258 005d 03       		.uleb128 0x3
 259 005e 04       		.byte	0x4
 260 005f 05       		.byte	0x5
 261 0060 696E7400 		.ascii	"int\000"
 262 0064 02       		.uleb128 0x2
 263 0065 04       		.byte	0x4
 264 0066 07       		.byte	0x7
 265 0067 38020000 		.4byte	.LASF8
 266 006b 04       		.uleb128 0x4
 267 006c 3F010000 		.4byte	.LASF9
 268 0070 02       		.byte	0x2
 269 0071 3801     		.2byte	0x138
 270 0073 2C000000 		.4byte	0x2c
 271 0077 04       		.uleb128 0x4
 272 0078 04020000 		.4byte	.LASF10
ARM GAS  C:\Users\user\AppData\Local\Temp\ccWJCmwG.s 			page 10


 273 007c 02       		.byte	0x2
 274 007d 3901     		.2byte	0x139
 275 007f 3A000000 		.4byte	0x3a
 276 0083 04       		.uleb128 0x4
 277 0084 22020000 		.4byte	.LASF11
 278 0088 02       		.byte	0x2
 279 0089 3A01     		.2byte	0x13a
 280 008b 48000000 		.4byte	0x48
 281 008f 02       		.uleb128 0x2
 282 0090 04       		.byte	0x4
 283 0091 04       		.byte	0x4
 284 0092 D7000000 		.4byte	.LASF12
 285 0096 02       		.uleb128 0x2
 286 0097 08       		.byte	0x8
 287 0098 04       		.byte	0x4
 288 0099 F6010000 		.4byte	.LASF13
 289 009d 02       		.uleb128 0x2
 290 009e 01       		.byte	0x1
 291 009f 08       		.byte	0x8
 292 00a0 14030000 		.4byte	.LASF14
 293 00a4 04       		.uleb128 0x4
 294 00a5 00000000 		.4byte	.LASF15
 295 00a9 02       		.byte	0x2
 296 00aa E401     		.2byte	0x1e4
 297 00ac B0000000 		.4byte	0xb0
 298 00b0 05       		.uleb128 0x5
 299 00b1 83000000 		.4byte	0x83
 300 00b5 02       		.uleb128 0x2
 301 00b6 04       		.byte	0x4
 302 00b7 07       		.byte	0x7
 303 00b8 7C020000 		.4byte	.LASF16
 304 00bc 06       		.uleb128 0x6
 305 00bd 0A       		.byte	0xa
 306 00be 03       		.byte	0x3
 307 00bf 3C       		.byte	0x3c
 308 00c0 0D010000 		.4byte	0x10d
 309 00c4 07       		.uleb128 0x7
 310 00c5 03030000 		.4byte	.LASF17
 311 00c9 03       		.byte	0x3
 312 00ca 46       		.byte	0x46
 313 00cb 0D010000 		.4byte	0x10d
 314 00cf 00       		.byte	0
 315 00d0 07       		.uleb128 0x7
 316 00d1 3D030000 		.4byte	.LASF18
 317 00d5 03       		.byte	0x3
 318 00d6 47       		.byte	0x47
 319 00d7 0D010000 		.4byte	0x10d
 320 00db 02       		.byte	0x2
 321 00dc 07       		.uleb128 0x7
 322 00dd 2A000000 		.4byte	.LASF19
 323 00e1 03       		.byte	0x3
 324 00e2 48       		.byte	0x48
 325 00e3 0D010000 		.4byte	0x10d
 326 00e7 04       		.byte	0x4
 327 00e8 07       		.uleb128 0x7
 328 00e9 FD010000 		.4byte	.LASF20
 329 00ed 03       		.byte	0x3
ARM GAS  C:\Users\user\AppData\Local\Temp\ccWJCmwG.s 			page 11


 330 00ee 49       		.byte	0x49
 331 00ef 1D010000 		.4byte	0x11d
 332 00f3 06       		.byte	0x6
 333 00f4 07       		.uleb128 0x7
 334 00f5 45020000 		.4byte	.LASF21
 335 00f9 03       		.byte	0x3
 336 00fa 54       		.byte	0x54
 337 00fb 6B000000 		.4byte	0x6b
 338 00ff 07       		.byte	0x7
 339 0100 07       		.uleb128 0x7
 340 0101 58000000 		.4byte	.LASF22
 341 0105 03       		.byte	0x3
 342 0106 56       		.byte	0x56
 343 0107 77000000 		.4byte	0x77
 344 010b 08       		.byte	0x8
 345 010c 00       		.byte	0
 346 010d 08       		.uleb128 0x8
 347 010e 77000000 		.4byte	0x77
 348 0112 1D010000 		.4byte	0x11d
 349 0116 09       		.uleb128 0x9
 350 0117 B5000000 		.4byte	0xb5
 351 011b 00       		.byte	0
 352 011c 00       		.byte	0
 353 011d 08       		.uleb128 0x8
 354 011e 6B000000 		.4byte	0x6b
 355 0122 2D010000 		.4byte	0x12d
 356 0126 09       		.uleb128 0x9
 357 0127 B5000000 		.4byte	0xb5
 358 012b 00       		.byte	0
 359 012c 00       		.byte	0
 360 012d 0A       		.uleb128 0xa
 361 012e 31000000 		.4byte	.LASF23
 362 0132 03       		.byte	0x3
 363 0133 58       		.byte	0x58
 364 0134 BC000000 		.4byte	0xbc
 365 0138 06       		.uleb128 0x6
 366 0139 0B       		.byte	0xb
 367 013a 03       		.byte	0x3
 368 013b 5C       		.byte	0x5c
 369 013c A1010000 		.4byte	0x1a1
 370 0140 07       		.uleb128 0x7
 371 0141 4F020000 		.4byte	.LASF24
 372 0145 03       		.byte	0x3
 373 0146 5E       		.byte	0x5e
 374 0147 6B000000 		.4byte	0x6b
 375 014b 00       		.byte	0
 376 014c 07       		.uleb128 0x7
 377 014d 5B020000 		.4byte	.LASF25
 378 0151 03       		.byte	0x3
 379 0152 60       		.byte	0x60
 380 0153 6B000000 		.4byte	0x6b
 381 0157 01       		.byte	0x1
 382 0158 07       		.uleb128 0x7
 383 0159 C7020000 		.4byte	.LASF26
 384 015d 03       		.byte	0x3
 385 015e 62       		.byte	0x62
 386 015f 6B000000 		.4byte	0x6b
ARM GAS  C:\Users\user\AppData\Local\Temp\ccWJCmwG.s 			page 12


 387 0163 02       		.byte	0x2
 388 0164 07       		.uleb128 0x7
 389 0165 D2020000 		.4byte	.LASF27
 390 0169 03       		.byte	0x3
 391 016a 63       		.byte	0x63
 392 016b 77000000 		.4byte	0x77
 393 016f 03       		.byte	0x3
 394 0170 07       		.uleb128 0x7
 395 0171 29020000 		.4byte	.LASF28
 396 0175 03       		.byte	0x3
 397 0176 64       		.byte	0x64
 398 0177 77000000 		.4byte	0x77
 399 017b 05       		.byte	0x5
 400 017c 07       		.uleb128 0x7
 401 017d 71020000 		.4byte	.LASF29
 402 0181 03       		.byte	0x3
 403 0182 65       		.byte	0x65
 404 0183 77000000 		.4byte	0x77
 405 0187 07       		.byte	0x7
 406 0188 07       		.uleb128 0x7
 407 0189 68020000 		.4byte	.LASF30
 408 018d 03       		.byte	0x3
 409 018e 66       		.byte	0x66
 410 018f 6B000000 		.4byte	0x6b
 411 0193 09       		.byte	0x9
 412 0194 07       		.uleb128 0x7
 413 0195 F9000000 		.4byte	.LASF31
 414 0199 03       		.byte	0x3
 415 019a 67       		.byte	0x67
 416 019b 6B000000 		.4byte	0x6b
 417 019f 0A       		.byte	0xa
 418 01a0 00       		.byte	0
 419 01a1 0A       		.uleb128 0xa
 420 01a2 61030000 		.4byte	.LASF32
 421 01a6 03       		.byte	0x3
 422 01a7 68       		.byte	0x68
 423 01a8 38010000 		.4byte	0x138
 424 01ac 06       		.uleb128 0x6
 425 01ad 18       		.byte	0x18
 426 01ae 03       		.byte	0x3
 427 01af 6D       		.byte	0x6d
 428 01b0 E5010000 		.4byte	0x1e5
 429 01b4 07       		.uleb128 0x7
 430 01b5 E2020000 		.4byte	.LASF33
 431 01b9 03       		.byte	0x3
 432 01ba 6F       		.byte	0x6f
 433 01bb 6B000000 		.4byte	0x6b
 434 01bf 00       		.byte	0
 435 01c0 07       		.uleb128 0x7
 436 01c1 F4000000 		.4byte	.LASF34
 437 01c5 03       		.byte	0x3
 438 01c6 70       		.byte	0x70
 439 01c7 77000000 		.4byte	0x77
 440 01cb 01       		.byte	0x1
 441 01cc 07       		.uleb128 0x7
 442 01cd F1020000 		.4byte	.LASF35
 443 01d1 03       		.byte	0x3
ARM GAS  C:\Users\user\AppData\Local\Temp\ccWJCmwG.s 			page 13


 444 01d2 71       		.byte	0x71
 445 01d3 2D010000 		.4byte	0x12d
 446 01d7 03       		.byte	0x3
 447 01d8 07       		.uleb128 0x7
 448 01d9 0D010000 		.4byte	.LASF36
 449 01dd 03       		.byte	0x3
 450 01de 73       		.byte	0x73
 451 01df A1010000 		.4byte	0x1a1
 452 01e3 0D       		.byte	0xd
 453 01e4 00       		.byte	0
 454 01e5 0A       		.uleb128 0xa
 455 01e6 53010000 		.4byte	.LASF37
 456 01ea 03       		.byte	0x3
 457 01eb 76       		.byte	0x76
 458 01ec AC010000 		.4byte	0x1ac
 459 01f0 06       		.uleb128 0x6
 460 01f1 19       		.byte	0x19
 461 01f2 03       		.byte	0x3
 462 01f3 7A       		.byte	0x7a
 463 01f4 11020000 		.4byte	0x211
 464 01f8 07       		.uleb128 0x7
 465 01f9 1D000000 		.4byte	.LASF38
 466 01fd 03       		.byte	0x3
 467 01fe 7C       		.byte	0x7c
 468 01ff 6B000000 		.4byte	0x6b
 469 0203 00       		.byte	0
 470 0204 07       		.uleb128 0x7
 471 0205 F8020000 		.4byte	.LASF39
 472 0209 03       		.byte	0x3
 473 020a 7D       		.byte	0x7d
 474 020b E5010000 		.4byte	0x1e5
 475 020f 01       		.byte	0x1
 476 0210 00       		.byte	0
 477 0211 0A       		.uleb128 0xa
 478 0212 06000000 		.4byte	.LASF40
 479 0216 03       		.byte	0x3
 480 0217 7E       		.byte	0x7e
 481 0218 F0010000 		.4byte	0x1f0
 482 021c 0B       		.uleb128 0xb
 483 021d 19030000 		.4byte	.LASF41
 484 0221 01       		.byte	0x1
 485 0222 31       		.byte	0x31
 486 0223 00000000 		.4byte	.LFB0
 487 0227 38000000 		.4byte	.LFE0-.LFB0
 488 022b 01       		.uleb128 0x1
 489 022c 9C       		.byte	0x9c
 490 022d 0B       		.uleb128 0xb
 491 022e 0B020000 		.4byte	.LASF42
 492 0232 01       		.byte	0x1
 493 0233 63       		.byte	0x63
 494 0234 00000000 		.4byte	.LFB1
 495 0238 68000000 		.4byte	.LFE1-.LFB1
 496 023c 01       		.uleb128 0x1
 497 023d 9C       		.byte	0x9c
 498 023e 0C       		.uleb128 0xc
 499 023f 61000000 		.4byte	.LASF48
 500 0243 01       		.byte	0x1
ARM GAS  C:\Users\user\AppData\Local\Temp\ccWJCmwG.s 			page 14


 501 0244 A3       		.byte	0xa3
 502 0245 00000000 		.4byte	.LFB2
 503 0249 3C000000 		.4byte	.LFE2-.LFB2
 504 024d 01       		.uleb128 0x1
 505 024e 9C       		.byte	0x9c
 506 024f 6E020000 		.4byte	0x26e
 507 0253 0D       		.uleb128 0xd
 508 0254 F1020000 		.4byte	.LASF35
 509 0258 01       		.byte	0x1
 510 0259 A3       		.byte	0xa3
 511 025a 6E020000 		.4byte	0x26e
 512 025e 02       		.uleb128 0x2
 513 025f 91       		.byte	0x91
 514 0260 6C       		.sleb128 -20
 515 0261 0E       		.uleb128 0xe
 516 0262 6900     		.ascii	"i\000"
 517 0264 01       		.byte	0x1
 518 0265 A6       		.byte	0xa6
 519 0266 6B000000 		.4byte	0x6b
 520 026a 02       		.uleb128 0x2
 521 026b 91       		.byte	0x91
 522 026c 77       		.sleb128 -9
 523 026d 00       		.byte	0
 524 026e 0F       		.uleb128 0xf
 525 026f 04       		.byte	0x4
 526 0270 74020000 		.4byte	0x274
 527 0274 05       		.uleb128 0x5
 528 0275 2D010000 		.4byte	0x12d
 529 0279 10       		.uleb128 0x10
 530 027a 25010000 		.4byte	.LASF43
 531 027e 04       		.byte	0x4
 532 027f 0901     		.2byte	0x109
 533 0281 1D010000 		.4byte	0x11d
 534 0285 11       		.uleb128 0x11
 535 0286 46030000 		.4byte	.LASF44
 536 028a 01       		.byte	0x1
 537 028b 15       		.byte	0x15
 538 028c 96020000 		.4byte	0x296
 539 0290 05       		.uleb128 0x5
 540 0291 03       		.byte	0x3
 541 0292 00000000 		.4byte	CapSense_CSD_mailboxesComm
 542 0296 05       		.uleb128 0x5
 543 0297 11020000 		.4byte	0x211
 544 029b 00       		.byte	0
 545              		.section	.debug_abbrev,"",%progbits
 546              	.Ldebug_abbrev0:
 547 0000 01       		.uleb128 0x1
 548 0001 11       		.uleb128 0x11
 549 0002 01       		.byte	0x1
 550 0003 25       		.uleb128 0x25
 551 0004 0E       		.uleb128 0xe
 552 0005 13       		.uleb128 0x13
 553 0006 0B       		.uleb128 0xb
 554 0007 03       		.uleb128 0x3
 555 0008 0E       		.uleb128 0xe
 556 0009 1B       		.uleb128 0x1b
 557 000a 0E       		.uleb128 0xe
ARM GAS  C:\Users\user\AppData\Local\Temp\ccWJCmwG.s 			page 15


 558 000b 55       		.uleb128 0x55
 559 000c 17       		.uleb128 0x17
 560 000d 11       		.uleb128 0x11
 561 000e 01       		.uleb128 0x1
 562 000f 10       		.uleb128 0x10
 563 0010 17       		.uleb128 0x17
 564 0011 00       		.byte	0
 565 0012 00       		.byte	0
 566 0013 02       		.uleb128 0x2
 567 0014 24       		.uleb128 0x24
 568 0015 00       		.byte	0
 569 0016 0B       		.uleb128 0xb
 570 0017 0B       		.uleb128 0xb
 571 0018 3E       		.uleb128 0x3e
 572 0019 0B       		.uleb128 0xb
 573 001a 03       		.uleb128 0x3
 574 001b 0E       		.uleb128 0xe
 575 001c 00       		.byte	0
 576 001d 00       		.byte	0
 577 001e 03       		.uleb128 0x3
 578 001f 24       		.uleb128 0x24
 579 0020 00       		.byte	0
 580 0021 0B       		.uleb128 0xb
 581 0022 0B       		.uleb128 0xb
 582 0023 3E       		.uleb128 0x3e
 583 0024 0B       		.uleb128 0xb
 584 0025 03       		.uleb128 0x3
 585 0026 08       		.uleb128 0x8
 586 0027 00       		.byte	0
 587 0028 00       		.byte	0
 588 0029 04       		.uleb128 0x4
 589 002a 16       		.uleb128 0x16
 590 002b 00       		.byte	0
 591 002c 03       		.uleb128 0x3
 592 002d 0E       		.uleb128 0xe
 593 002e 3A       		.uleb128 0x3a
 594 002f 0B       		.uleb128 0xb
 595 0030 3B       		.uleb128 0x3b
 596 0031 05       		.uleb128 0x5
 597 0032 49       		.uleb128 0x49
 598 0033 13       		.uleb128 0x13
 599 0034 00       		.byte	0
 600 0035 00       		.byte	0
 601 0036 05       		.uleb128 0x5
 602 0037 35       		.uleb128 0x35
 603 0038 00       		.byte	0
 604 0039 49       		.uleb128 0x49
 605 003a 13       		.uleb128 0x13
 606 003b 00       		.byte	0
 607 003c 00       		.byte	0
 608 003d 06       		.uleb128 0x6
 609 003e 13       		.uleb128 0x13
 610 003f 01       		.byte	0x1
 611 0040 0B       		.uleb128 0xb
 612 0041 0B       		.uleb128 0xb
 613 0042 3A       		.uleb128 0x3a
 614 0043 0B       		.uleb128 0xb
ARM GAS  C:\Users\user\AppData\Local\Temp\ccWJCmwG.s 			page 16


 615 0044 3B       		.uleb128 0x3b
 616 0045 0B       		.uleb128 0xb
 617 0046 01       		.uleb128 0x1
 618 0047 13       		.uleb128 0x13
 619 0048 00       		.byte	0
 620 0049 00       		.byte	0
 621 004a 07       		.uleb128 0x7
 622 004b 0D       		.uleb128 0xd
 623 004c 00       		.byte	0
 624 004d 03       		.uleb128 0x3
 625 004e 0E       		.uleb128 0xe
 626 004f 3A       		.uleb128 0x3a
 627 0050 0B       		.uleb128 0xb
 628 0051 3B       		.uleb128 0x3b
 629 0052 0B       		.uleb128 0xb
 630 0053 49       		.uleb128 0x49
 631 0054 13       		.uleb128 0x13
 632 0055 38       		.uleb128 0x38
 633 0056 0B       		.uleb128 0xb
 634 0057 00       		.byte	0
 635 0058 00       		.byte	0
 636 0059 08       		.uleb128 0x8
 637 005a 01       		.uleb128 0x1
 638 005b 01       		.byte	0x1
 639 005c 49       		.uleb128 0x49
 640 005d 13       		.uleb128 0x13
 641 005e 01       		.uleb128 0x1
 642 005f 13       		.uleb128 0x13
 643 0060 00       		.byte	0
 644 0061 00       		.byte	0
 645 0062 09       		.uleb128 0x9
 646 0063 21       		.uleb128 0x21
 647 0064 00       		.byte	0
 648 0065 49       		.uleb128 0x49
 649 0066 13       		.uleb128 0x13
 650 0067 2F       		.uleb128 0x2f
 651 0068 0B       		.uleb128 0xb
 652 0069 00       		.byte	0
 653 006a 00       		.byte	0
 654 006b 0A       		.uleb128 0xa
 655 006c 16       		.uleb128 0x16
 656 006d 00       		.byte	0
 657 006e 03       		.uleb128 0x3
 658 006f 0E       		.uleb128 0xe
 659 0070 3A       		.uleb128 0x3a
 660 0071 0B       		.uleb128 0xb
 661 0072 3B       		.uleb128 0x3b
 662 0073 0B       		.uleb128 0xb
 663 0074 49       		.uleb128 0x49
 664 0075 13       		.uleb128 0x13
 665 0076 00       		.byte	0
 666 0077 00       		.byte	0
 667 0078 0B       		.uleb128 0xb
 668 0079 2E       		.uleb128 0x2e
 669 007a 00       		.byte	0
 670 007b 3F       		.uleb128 0x3f
 671 007c 19       		.uleb128 0x19
ARM GAS  C:\Users\user\AppData\Local\Temp\ccWJCmwG.s 			page 17


 672 007d 03       		.uleb128 0x3
 673 007e 0E       		.uleb128 0xe
 674 007f 3A       		.uleb128 0x3a
 675 0080 0B       		.uleb128 0xb
 676 0081 3B       		.uleb128 0x3b
 677 0082 0B       		.uleb128 0xb
 678 0083 27       		.uleb128 0x27
 679 0084 19       		.uleb128 0x19
 680 0085 11       		.uleb128 0x11
 681 0086 01       		.uleb128 0x1
 682 0087 12       		.uleb128 0x12
 683 0088 06       		.uleb128 0x6
 684 0089 40       		.uleb128 0x40
 685 008a 18       		.uleb128 0x18
 686 008b 9642     		.uleb128 0x2116
 687 008d 19       		.uleb128 0x19
 688 008e 00       		.byte	0
 689 008f 00       		.byte	0
 690 0090 0C       		.uleb128 0xc
 691 0091 2E       		.uleb128 0x2e
 692 0092 01       		.byte	0x1
 693 0093 3F       		.uleb128 0x3f
 694 0094 19       		.uleb128 0x19
 695 0095 03       		.uleb128 0x3
 696 0096 0E       		.uleb128 0xe
 697 0097 3A       		.uleb128 0x3a
 698 0098 0B       		.uleb128 0xb
 699 0099 3B       		.uleb128 0x3b
 700 009a 0B       		.uleb128 0xb
 701 009b 27       		.uleb128 0x27
 702 009c 19       		.uleb128 0x19
 703 009d 11       		.uleb128 0x11
 704 009e 01       		.uleb128 0x1
 705 009f 12       		.uleb128 0x12
 706 00a0 06       		.uleb128 0x6
 707 00a1 40       		.uleb128 0x40
 708 00a2 18       		.uleb128 0x18
 709 00a3 9642     		.uleb128 0x2116
 710 00a5 19       		.uleb128 0x19
 711 00a6 01       		.uleb128 0x1
 712 00a7 13       		.uleb128 0x13
 713 00a8 00       		.byte	0
 714 00a9 00       		.byte	0
 715 00aa 0D       		.uleb128 0xd
 716 00ab 05       		.uleb128 0x5
 717 00ac 00       		.byte	0
 718 00ad 03       		.uleb128 0x3
 719 00ae 0E       		.uleb128 0xe
 720 00af 3A       		.uleb128 0x3a
 721 00b0 0B       		.uleb128 0xb
 722 00b1 3B       		.uleb128 0x3b
 723 00b2 0B       		.uleb128 0xb
 724 00b3 49       		.uleb128 0x49
 725 00b4 13       		.uleb128 0x13
 726 00b5 02       		.uleb128 0x2
 727 00b6 18       		.uleb128 0x18
 728 00b7 00       		.byte	0
ARM GAS  C:\Users\user\AppData\Local\Temp\ccWJCmwG.s 			page 18


 729 00b8 00       		.byte	0
 730 00b9 0E       		.uleb128 0xe
 731 00ba 34       		.uleb128 0x34
 732 00bb 00       		.byte	0
 733 00bc 03       		.uleb128 0x3
 734 00bd 08       		.uleb128 0x8
 735 00be 3A       		.uleb128 0x3a
 736 00bf 0B       		.uleb128 0xb
 737 00c0 3B       		.uleb128 0x3b
 738 00c1 0B       		.uleb128 0xb
 739 00c2 49       		.uleb128 0x49
 740 00c3 13       		.uleb128 0x13
 741 00c4 02       		.uleb128 0x2
 742 00c5 18       		.uleb128 0x18
 743 00c6 00       		.byte	0
 744 00c7 00       		.byte	0
 745 00c8 0F       		.uleb128 0xf
 746 00c9 0F       		.uleb128 0xf
 747 00ca 00       		.byte	0
 748 00cb 0B       		.uleb128 0xb
 749 00cc 0B       		.uleb128 0xb
 750 00cd 49       		.uleb128 0x49
 751 00ce 13       		.uleb128 0x13
 752 00cf 00       		.byte	0
 753 00d0 00       		.byte	0
 754 00d1 10       		.uleb128 0x10
 755 00d2 34       		.uleb128 0x34
 756 00d3 00       		.byte	0
 757 00d4 03       		.uleb128 0x3
 758 00d5 0E       		.uleb128 0xe
 759 00d6 3A       		.uleb128 0x3a
 760 00d7 0B       		.uleb128 0xb
 761 00d8 3B       		.uleb128 0x3b
 762 00d9 05       		.uleb128 0x5
 763 00da 49       		.uleb128 0x49
 764 00db 13       		.uleb128 0x13
 765 00dc 3F       		.uleb128 0x3f
 766 00dd 19       		.uleb128 0x19
 767 00de 3C       		.uleb128 0x3c
 768 00df 19       		.uleb128 0x19
 769 00e0 00       		.byte	0
 770 00e1 00       		.byte	0
 771 00e2 11       		.uleb128 0x11
 772 00e3 34       		.uleb128 0x34
 773 00e4 00       		.byte	0
 774 00e5 03       		.uleb128 0x3
 775 00e6 0E       		.uleb128 0xe
 776 00e7 3A       		.uleb128 0x3a
 777 00e8 0B       		.uleb128 0xb
 778 00e9 3B       		.uleb128 0x3b
 779 00ea 0B       		.uleb128 0xb
 780 00eb 49       		.uleb128 0x49
 781 00ec 13       		.uleb128 0x13
 782 00ed 3F       		.uleb128 0x3f
 783 00ee 19       		.uleb128 0x19
 784 00ef 02       		.uleb128 0x2
 785 00f0 18       		.uleb128 0x18
ARM GAS  C:\Users\user\AppData\Local\Temp\ccWJCmwG.s 			page 19


 786 00f1 00       		.byte	0
 787 00f2 00       		.byte	0
 788 00f3 00       		.byte	0
 789              		.section	.debug_aranges,"",%progbits
 790 0000 2C000000 		.4byte	0x2c
 791 0004 0200     		.2byte	0x2
 792 0006 00000000 		.4byte	.Ldebug_info0
 793 000a 04       		.byte	0x4
 794 000b 00       		.byte	0
 795 000c 0000     		.2byte	0
 796 000e 0000     		.2byte	0
 797 0010 00000000 		.4byte	.LFB0
 798 0014 38000000 		.4byte	.LFE0-.LFB0
 799 0018 00000000 		.4byte	.LFB1
 800 001c 68000000 		.4byte	.LFE1-.LFB1
 801 0020 00000000 		.4byte	.LFB2
 802 0024 3C000000 		.4byte	.LFE2-.LFB2
 803 0028 00000000 		.4byte	0
 804 002c 00000000 		.4byte	0
 805              		.section	.debug_ranges,"",%progbits
 806              	.Ldebug_ranges0:
 807 0000 00000000 		.4byte	.LFB0
 808 0004 38000000 		.4byte	.LFE0
 809 0008 00000000 		.4byte	.LFB1
 810 000c 68000000 		.4byte	.LFE1
 811 0010 00000000 		.4byte	.LFB2
 812 0014 3C000000 		.4byte	.LFE2
 813 0018 00000000 		.4byte	0
 814 001c 00000000 		.4byte	0
 815              		.section	.debug_line,"",%progbits
 816              	.Ldebug_line0:
 817 0000 F5000000 		.section	.debug_str,"MS",%progbits,1
 817      02008400 
 817      00000201 
 817      FB0E0D00 
 817      01010101 
 818              	.LASF15:
 819 0000 72656733 		.ascii	"reg32\000"
 819      3200
 820              	.LASF40:
 821 0006 43617053 		.ascii	"CapSense_CSD_MAILBOXES\000"
 821      656E7365 
 821      5F435344 
 821      5F4D4149 
 821      4C424F58 
 822              	.LASF38:
 823 001d 6E756D4D 		.ascii	"numMailBoxes\000"
 823      61696C42 
 823      6F786573 
 823      00
 824              	.LASF19:
 825 002a 7369676E 		.ascii	"signal\000"
 825      616C00
 826              	.LASF23:
 827 0031 43617053 		.ascii	"CapSense_CSD_OUTBOX\000"
 827      656E7365 
 827      5F435344 
ARM GAS  C:\Users\user\AppData\Local\Temp\ccWJCmwG.s 			page 20


 827      5F4F5554 
 827      424F5800 
 828              	.LASF3:
 829 0045 73686F72 		.ascii	"short unsigned int\000"
 829      7420756E 
 829      7369676E 
 829      65642069 
 829      6E7400
 830              	.LASF22:
 831 0058 63686563 		.ascii	"checkSum\000"
 831      6B53756D 
 831      00
 832              	.LASF48:
 833 0061 43617053 		.ascii	"CapSense_CSD_ProcessAllWidgets\000"
 833      656E7365 
 833      5F435344 
 833      5F50726F 
 833      63657373 
 834              	.LASF47:
 835 0080 443A5C55 		.ascii	"D:\\Utilisateurs\\user\\Documents\\PSoC Creator\\Wo"
 835      74696C69 
 835      73617465 
 835      7572735C 
 835      75736572 
 836 00ae 726B7370 		.ascii	"rkspace02\\CapSense_CSD_WithTuner01.cydsn\000"
 836      61636530 
 836      325C4361 
 836      7053656E 
 836      73655F43 
 837              	.LASF12:
 838 00d7 666C6F61 		.ascii	"float\000"
 838      7400
 839              	.LASF7:
 840 00dd 6C6F6E67 		.ascii	"long long unsigned int\000"
 840      206C6F6E 
 840      6720756E 
 840      7369676E 
 840      65642069 
 841              	.LASF34:
 842 00f4 73697A65 		.ascii	"size\000"
 842      00
 843              	.LASF31:
 844 00f9 616E616C 		.ascii	"analogSwitchDivider\000"
 844      6F675377 
 844      69746368 
 844      44697669 
 844      64657200 
 845              	.LASF36:
 846 010d 696E626F 		.ascii	"inbox\000"
 846      7800
 847              	.LASF5:
 848 0113 6C6F6E67 		.ascii	"long unsigned int\000"
 848      20756E73 
 848      69676E65 
 848      6420696E 
 848      7400
 849              	.LASF43:
ARM GAS  C:\Users\user\AppData\Local\Temp\ccWJCmwG.s 			page 21


 850 0125 43617053 		.ascii	"CapSense_CSD_sensorOnMask\000"
 850      656E7365 
 850      5F435344 
 850      5F73656E 
 850      736F724F 
 851              	.LASF9:
 852 013f 75696E74 		.ascii	"uint8\000"
 852      3800
 853              	.LASF1:
 854 0145 756E7369 		.ascii	"unsigned char\000"
 854      676E6564 
 854      20636861 
 854      7200
 855              	.LASF37:
 856 0153 43617053 		.ascii	"CapSense_CSD_MAILBOX\000"
 856      656E7365 
 856      5F435344 
 856      5F4D4149 
 856      4C424F58 
 857              	.LASF45:
 858 0168 474E5520 		.ascii	"GNU C 4.9.3 20150303 (release) [ARM/embedded-4_9-br"
 858      4320342E 
 858      392E3320 
 858      32303135 
 858      30333033 
 859 019b 616E6368 		.ascii	"anch revision 221220] -mcpu=cortex-m3 -mthumb -g -O"
 859      20726576 
 859      6973696F 
 859      6E203232 
 859      31323230 
 860 01ce 30202D66 		.ascii	"0 -ffunction-sections -ffat-lto-objects\000"
 860      66756E63 
 860      74696F6E 
 860      2D736563 
 860      74696F6E 
 861              	.LASF13:
 862 01f6 646F7562 		.ascii	"double\000"
 862      6C6500
 863              	.LASF20:
 864 01fd 6F6E4D61 		.ascii	"onMask\000"
 864      736B00
 865              	.LASF10:
 866 0204 75696E74 		.ascii	"uint16\000"
 866      313600
 867              	.LASF42:
 868 020b 43617053 		.ascii	"CapSense_CSD_TunerComm\000"
 868      656E7365 
 868      5F435344 
 868      5F54756E 
 868      6572436F 
 869              	.LASF11:
 870 0222 75696E74 		.ascii	"uint32\000"
 870      333200
 871              	.LASF28:
 872 0229 6E6F6973 		.ascii	"noiseThreshold\000"
 872      65546872 
 872      6573686F 
ARM GAS  C:\Users\user\AppData\Local\Temp\ccWJCmwG.s 			page 22


 872      6C6400
 873              	.LASF8:
 874 0238 756E7369 		.ascii	"unsigned int\000"
 874      676E6564 
 874      20696E74 
 874      00
 875              	.LASF21:
 876 0245 6E6F5265 		.ascii	"noReadMsg\000"
 876      61644D73 
 876      6700
 877              	.LASF24:
 878 024f 73656E73 		.ascii	"sensorIndex\000"
 878      6F72496E 
 878      64657800 
 879              	.LASF25:
 880 025b 69646163 		.ascii	"idacSettings\000"
 880      53657474 
 880      696E6773 
 880      00
 881              	.LASF30:
 882 0268 6465626F 		.ascii	"debounce\000"
 882      756E6365 
 882      00
 883              	.LASF29:
 884 0271 68797374 		.ascii	"hysteresis\000"
 884      65726573 
 884      697300
 885              	.LASF16:
 886 027c 73697A65 		.ascii	"sizetype\000"
 886      74797065 
 886      00
 887              	.LASF6:
 888 0285 6C6F6E67 		.ascii	"long long int\000"
 888      206C6F6E 
 888      6720696E 
 888      7400
 889              	.LASF46:
 890 0293 2E5C4765 		.ascii	".\\Generated_Source\\PSoC5\\CapSense_CSD_TunerHelpe"
 890      6E657261 
 890      7465645F 
 890      536F7572 
 890      63655C50 
 891 02c3 722E6300 		.ascii	"r.c\000"
 892              	.LASF26:
 893 02c7 7265736F 		.ascii	"resolution\000"
 893      6C757469 
 893      6F6E00
 894              	.LASF27:
 895 02d2 66696E67 		.ascii	"fingerThreshold\000"
 895      65725468 
 895      72657368 
 895      6F6C6400 
 896              	.LASF33:
 897 02e2 74797065 		.ascii	"type\000"
 897      00
 898              	.LASF2:
 899 02e7 73686F72 		.ascii	"short int\000"
ARM GAS  C:\Users\user\AppData\Local\Temp\ccWJCmwG.s 			page 23


 899      7420696E 
 899      7400
 900              	.LASF35:
 901 02f1 6F757462 		.ascii	"outbox\000"
 901      6F7800
 902              	.LASF39:
 903 02f8 6373644D 		.ascii	"csdMailbox\000"
 903      61696C62 
 903      6F7800
 904              	.LASF17:
 905 0303 72617744 		.ascii	"rawData\000"
 905      61746100 
 906              	.LASF4:
 907 030b 6C6F6E67 		.ascii	"long int\000"
 907      20696E74 
 907      00
 908              	.LASF14:
 909 0314 63686172 		.ascii	"char\000"
 909      00
 910              	.LASF41:
 911 0319 43617053 		.ascii	"CapSense_CSD_TunerStart\000"
 911      656E7365 
 911      5F435344 
 911      5F54756E 
 911      65725374 
 912              	.LASF0:
 913 0331 7369676E 		.ascii	"signed char\000"
 913      65642063 
 913      68617200 
 914              	.LASF18:
 915 033d 62617365 		.ascii	"baseLine\000"
 915      4C696E65 
 915      00
 916              	.LASF44:
 917 0346 43617053 		.ascii	"CapSense_CSD_mailboxesComm\000"
 917      656E7365 
 917      5F435344 
 917      5F6D6169 
 917      6C626F78 
 918              	.LASF32:
 919 0361 43617053 		.ascii	"CapSense_CSD_INBOX\000"
 919      656E7365 
 919      5F435344 
 919      5F494E42 
 919      4F5800
 920              		.ident	"GCC: (GNU Tools for ARM Embedded Processors) 4.9.3 20150303 (release) [ARM/embedded-4_9-br
