ARM GAS  C:\Users\user\AppData\Local\Temp\ccGRsIjc.s 			page 1


   1              		.syntax unified
   2              		.cpu cortex-m3
   3              		.fpu softvfp
   4              		.eabi_attribute 20, 1
   5              		.eabi_attribute 21, 1
   6              		.eabi_attribute 23, 3
   7              		.eabi_attribute 24, 1
   8              		.eabi_attribute 25, 1
   9              		.eabi_attribute 26, 1
  10              		.eabi_attribute 30, 6
  11              		.eabi_attribute 34, 1
  12              		.eabi_attribute 18, 4
  13              		.thumb
  14              		.file	"CapSense_CSD_Pins.c"
  15              		.text
  16              	.Ltext0:
  17              		.cfi_sections	.debug_frame
  18              		.section	.text.CapSense_CSD_SetAllSensorsDriveMode,"ax",%progbits
  19              		.align	2
  20              		.global	CapSense_CSD_SetAllSensorsDriveMode
  21              		.thumb
  22              		.thumb_func
  23              		.type	CapSense_CSD_SetAllSensorsDriveMode, %function
  24              	CapSense_CSD_SetAllSensorsDriveMode:
  25              	.LFB0:
  26              		.file 1 ".\\Generated_Source\\PSoC5\\CapSense_CSD_Pins.c"
   1:.\Generated_Source\PSoC5/CapSense_CSD_Pins.c **** /*******************************************************************************
   2:.\Generated_Source\PSoC5/CapSense_CSD_Pins.c **** * File Name: CapSense_CSD_Pins.c
   3:.\Generated_Source\PSoC5/CapSense_CSD_Pins.c **** * Version 3.40
   4:.\Generated_Source\PSoC5/CapSense_CSD_Pins.c **** *
   5:.\Generated_Source\PSoC5/CapSense_CSD_Pins.c **** * Description:
   6:.\Generated_Source\PSoC5/CapSense_CSD_Pins.c **** *  This file contains API to enable firmware control of a Pins component.
   7:.\Generated_Source\PSoC5/CapSense_CSD_Pins.c **** *
   8:.\Generated_Source\PSoC5/CapSense_CSD_Pins.c **** * Note:
   9:.\Generated_Source\PSoC5/CapSense_CSD_Pins.c **** *
  10:.\Generated_Source\PSoC5/CapSense_CSD_Pins.c **** ********************************************************************************
  11:.\Generated_Source\PSoC5/CapSense_CSD_Pins.c **** * Copyright 2008-2013, Cypress Semiconductor Corporation.  All rights reserved.
  12:.\Generated_Source\PSoC5/CapSense_CSD_Pins.c **** * You may use this file only in accordance with the license, terms, conditions,
  13:.\Generated_Source\PSoC5/CapSense_CSD_Pins.c **** * disclaimers, and limitations in the end user license agreement accompanying
  14:.\Generated_Source\PSoC5/CapSense_CSD_Pins.c **** * the software package with which this file was provided.
  15:.\Generated_Source\PSoC5/CapSense_CSD_Pins.c **** *******************************************************************************/
  16:.\Generated_Source\PSoC5/CapSense_CSD_Pins.c **** 
  17:.\Generated_Source\PSoC5/CapSense_CSD_Pins.c **** #include "CapSense_CSD_Pins.h"
  18:.\Generated_Source\PSoC5/CapSense_CSD_Pins.c **** 
  19:.\Generated_Source\PSoC5/CapSense_CSD_Pins.c **** 
  20:.\Generated_Source\PSoC5/CapSense_CSD_Pins.c **** /*******************************************************************************
  21:.\Generated_Source\PSoC5/CapSense_CSD_Pins.c **** * Function Name: CapSense_CSD_SetAllSensorsDriveMode
  22:.\Generated_Source\PSoC5/CapSense_CSD_Pins.c **** ********************************************************************************
  23:.\Generated_Source\PSoC5/CapSense_CSD_Pins.c **** *
  24:.\Generated_Source\PSoC5/CapSense_CSD_Pins.c **** * Summary:
  25:.\Generated_Source\PSoC5/CapSense_CSD_Pins.c **** *  Sets the drive mode for the all pins used by capacitive sensors within 
  26:.\Generated_Source\PSoC5/CapSense_CSD_Pins.c **** *  CapSense component.
  27:.\Generated_Source\PSoC5/CapSense_CSD_Pins.c **** * 
  28:.\Generated_Source\PSoC5/CapSense_CSD_Pins.c **** * Parameters:  
  29:.\Generated_Source\PSoC5/CapSense_CSD_Pins.c **** *  mode: Desired drive mode.
  30:.\Generated_Source\PSoC5/CapSense_CSD_Pins.c **** *
  31:.\Generated_Source\PSoC5/CapSense_CSD_Pins.c **** * Return: 
ARM GAS  C:\Users\user\AppData\Local\Temp\ccGRsIjc.s 			page 2


  32:.\Generated_Source\PSoC5/CapSense_CSD_Pins.c **** *  None
  33:.\Generated_Source\PSoC5/CapSense_CSD_Pins.c **** *
  34:.\Generated_Source\PSoC5/CapSense_CSD_Pins.c **** *******************************************************************************/
  35:.\Generated_Source\PSoC5/CapSense_CSD_Pins.c **** void CapSense_CSD_SetAllSensorsDriveMode(uint8 mode) 
  36:.\Generated_Source\PSoC5/CapSense_CSD_Pins.c **** {
  27              		.loc 1 36 0
  28              		.cfi_startproc
  29              		@ args = 0, pretend = 0, frame = 8
  30              		@ frame_needed = 1, uses_anonymous_args = 0
  31              		@ link register save eliminated.
  32 0000 80B4     		push	{r7}
  33              		.cfi_def_cfa_offset 4
  34              		.cfi_offset 7, -4
  35 0002 83B0     		sub	sp, sp, #12
  36              		.cfi_def_cfa_offset 16
  37 0004 00AF     		add	r7, sp, #0
  38              		.cfi_def_cfa_register 7
  39 0006 0346     		mov	r3, r0
  40 0008 FB71     		strb	r3, [r7, #7]
  37:.\Generated_Source\PSoC5/CapSense_CSD_Pins.c ****     /* Set pins drive mode */
  38:.\Generated_Source\PSoC5/CapSense_CSD_Pins.c ****     CyPins_SetPinDriveMode(CapSense_CSD_PortCH0__ProximitySensor0_0__PROX, mode);
  41              		.loc 1 38 0
  42 000a 0A4B     		ldr	r3, .L2
  43 000c 094A     		ldr	r2, .L2
  44 000e 1278     		ldrb	r2, [r2]
  45 0010 D2B2     		uxtb	r2, r2
  46 0012 D2B2     		uxtb	r2, r2
  47 0014 22F00E02 		bic	r2, r2, #14
  48 0018 D1B2     		uxtb	r1, r2
  49 001a FA79     		ldrb	r2, [r7, #7]	@ zero_extendqisi2
  50 001c 02F00E02 		and	r2, r2, #14
  51 0020 D2B2     		uxtb	r2, r2
  52 0022 0A43     		orrs	r2, r2, r1
  53 0024 D2B2     		uxtb	r2, r2
  54 0026 D2B2     		uxtb	r2, r2
  55 0028 1A70     		strb	r2, [r3]
  39:.\Generated_Source\PSoC5/CapSense_CSD_Pins.c **** 
  40:.\Generated_Source\PSoC5/CapSense_CSD_Pins.c **** }
  56              		.loc 1 40 0
  57 002a 0C37     		adds	r7, r7, #12
  58              		.cfi_def_cfa_offset 4
  59 002c BD46     		mov	sp, r7
  60              		.cfi_def_cfa_register 13
  61              		@ sp needed
  62 002e 5DF8047B 		ldr	r7, [sp], #4
  63              		.cfi_restore 7
  64              		.cfi_def_cfa_offset 0
  65 0032 7047     		bx	lr
  66              	.L3:
  67              		.align	2
  68              	.L2:
  69 0034 05500040 		.word	1073762309
  70              		.cfi_endproc
  71              	.LFE0:
  72              		.size	CapSense_CSD_SetAllSensorsDriveMode, .-CapSense_CSD_SetAllSensorsDriveMode
  73              		.section	.text.CapSense_CSD_SetAllCmodsDriveMode,"ax",%progbits
  74              		.align	2
ARM GAS  C:\Users\user\AppData\Local\Temp\ccGRsIjc.s 			page 3


  75              		.global	CapSense_CSD_SetAllCmodsDriveMode
  76              		.thumb
  77              		.thumb_func
  78              		.type	CapSense_CSD_SetAllCmodsDriveMode, %function
  79              	CapSense_CSD_SetAllCmodsDriveMode:
  80              	.LFB1:
  41:.\Generated_Source\PSoC5/CapSense_CSD_Pins.c **** 
  42:.\Generated_Source\PSoC5/CapSense_CSD_Pins.c **** 
  43:.\Generated_Source\PSoC5/CapSense_CSD_Pins.c **** 
  44:.\Generated_Source\PSoC5/CapSense_CSD_Pins.c **** /*******************************************************************************
  45:.\Generated_Source\PSoC5/CapSense_CSD_Pins.c **** * Function Name: CapSense_CSD_SetAllCmodsDriveMode
  46:.\Generated_Source\PSoC5/CapSense_CSD_Pins.c **** ********************************************************************************
  47:.\Generated_Source\PSoC5/CapSense_CSD_Pins.c **** *
  48:.\Generated_Source\PSoC5/CapSense_CSD_Pins.c **** * Summary:
  49:.\Generated_Source\PSoC5/CapSense_CSD_Pins.c **** *  Sets the drive mode for the all pins used by Cmod capacitors within CapSense 
  50:.\Generated_Source\PSoC5/CapSense_CSD_Pins.c **** *  component.
  51:.\Generated_Source\PSoC5/CapSense_CSD_Pins.c **** * 
  52:.\Generated_Source\PSoC5/CapSense_CSD_Pins.c **** * Parameters:  
  53:.\Generated_Source\PSoC5/CapSense_CSD_Pins.c **** *  mode: Desired drive mode.
  54:.\Generated_Source\PSoC5/CapSense_CSD_Pins.c **** *
  55:.\Generated_Source\PSoC5/CapSense_CSD_Pins.c **** * Return: 
  56:.\Generated_Source\PSoC5/CapSense_CSD_Pins.c **** *  None
  57:.\Generated_Source\PSoC5/CapSense_CSD_Pins.c **** *
  58:.\Generated_Source\PSoC5/CapSense_CSD_Pins.c **** *******************************************************************************/
  59:.\Generated_Source\PSoC5/CapSense_CSD_Pins.c **** void CapSense_CSD_SetAllCmodsDriveMode(uint8 mode) 
  60:.\Generated_Source\PSoC5/CapSense_CSD_Pins.c **** {
  81              		.loc 1 60 0
  82              		.cfi_startproc
  83              		@ args = 0, pretend = 0, frame = 8
  84              		@ frame_needed = 1, uses_anonymous_args = 0
  85              		@ link register save eliminated.
  86 0000 80B4     		push	{r7}
  87              		.cfi_def_cfa_offset 4
  88              		.cfi_offset 7, -4
  89 0002 83B0     		sub	sp, sp, #12
  90              		.cfi_def_cfa_offset 16
  91 0004 00AF     		add	r7, sp, #0
  92              		.cfi_def_cfa_register 7
  93 0006 0346     		mov	r3, r0
  94 0008 FB71     		strb	r3, [r7, #7]
  61:.\Generated_Source\PSoC5/CapSense_CSD_Pins.c ****    /* Set pins drive mode */
  62:.\Generated_Source\PSoC5/CapSense_CSD_Pins.c ****     CyPins_SetPinDriveMode(CapSense_CSD_CmodCH0_Cmod_CH0, mode);
  95              		.loc 1 62 0
  96 000a 0A4B     		ldr	r3, .L5
  97 000c 094A     		ldr	r2, .L5
  98 000e 1278     		ldrb	r2, [r2]
  99 0010 D2B2     		uxtb	r2, r2
 100 0012 D2B2     		uxtb	r2, r2
 101 0014 22F00E02 		bic	r2, r2, #14
 102 0018 D1B2     		uxtb	r1, r2
 103 001a FA79     		ldrb	r2, [r7, #7]	@ zero_extendqisi2
 104 001c 02F00E02 		and	r2, r2, #14
 105 0020 D2B2     		uxtb	r2, r2
 106 0022 0A43     		orrs	r2, r2, r1
 107 0024 D2B2     		uxtb	r2, r2
 108 0026 D2B2     		uxtb	r2, r2
 109 0028 1A70     		strb	r2, [r3]
ARM GAS  C:\Users\user\AppData\Local\Temp\ccGRsIjc.s 			page 4


  63:.\Generated_Source\PSoC5/CapSense_CSD_Pins.c **** 
  64:.\Generated_Source\PSoC5/CapSense_CSD_Pins.c **** }
 110              		.loc 1 64 0
 111 002a 0C37     		adds	r7, r7, #12
 112              		.cfi_def_cfa_offset 4
 113 002c BD46     		mov	sp, r7
 114              		.cfi_def_cfa_register 13
 115              		@ sp needed
 116 002e 5DF8047B 		ldr	r7, [sp], #4
 117              		.cfi_restore 7
 118              		.cfi_def_cfa_offset 0
 119 0032 7047     		bx	lr
 120              	.L6:
 121              		.align	2
 122              	.L5:
 123 0034 7C500040 		.word	1073762428
 124              		.cfi_endproc
 125              	.LFE1:
 126              		.size	CapSense_CSD_SetAllCmodsDriveMode, .-CapSense_CSD_SetAllCmodsDriveMode
 127              		.text
 128              	.Letext0:
 129              		.file 2 ".\\Generated_Source\\PSoC5\\cytypes.h"
 130              		.section	.debug_info,"",%progbits
 131              	.Ldebug_info0:
 132 0000 E5000000 		.4byte	0xe5
 133 0004 0400     		.2byte	0x4
 134 0006 00000000 		.4byte	.Ldebug_abbrev0
 135 000a 04       		.byte	0x4
 136 000b 01       		.uleb128 0x1
 137 000c 3E010000 		.4byte	.LASF16
 138 0010 01       		.byte	0x1
 139 0011 CC010000 		.4byte	.LASF17
 140 0015 E1000000 		.4byte	.LASF18
 141 0019 00000000 		.4byte	.Ldebug_ranges0+0
 142 001d 00000000 		.4byte	0
 143 0021 00000000 		.4byte	.Ldebug_line0
 144 0025 02       		.uleb128 0x2
 145 0026 01       		.byte	0x1
 146 0027 06       		.byte	0x6
 147 0028 D5000000 		.4byte	.LASF0
 148 002c 02       		.uleb128 0x2
 149 002d 01       		.byte	0x1
 150 002e 08       		.byte	0x8
 151 002f 71000000 		.4byte	.LASF1
 152 0033 02       		.uleb128 0x2
 153 0034 02       		.byte	0x2
 154 0035 05       		.byte	0x5
 155 0036 B1000000 		.4byte	.LASF2
 156 003a 02       		.uleb128 0x2
 157 003b 02       		.byte	0x2
 158 003c 07       		.byte	0x7
 159 003d C2000000 		.4byte	.LASF3
 160 0041 02       		.uleb128 0x2
 161 0042 04       		.byte	0x4
 162 0043 05       		.byte	0x5
 163 0044 84000000 		.4byte	.LASF4
 164 0048 02       		.uleb128 0x2
ARM GAS  C:\Users\user\AppData\Local\Temp\ccGRsIjc.s 			page 5


 165 0049 04       		.byte	0x4
 166 004a 07       		.byte	0x7
 167 004b 26000000 		.4byte	.LASF5
 168 004f 02       		.uleb128 0x2
 169 0050 08       		.byte	0x8
 170 0051 05       		.byte	0x5
 171 0052 00000000 		.4byte	.LASF6
 172 0056 02       		.uleb128 0x2
 173 0057 08       		.byte	0x8
 174 0058 07       		.byte	0x7
 175 0059 5A000000 		.4byte	.LASF7
 176 005d 03       		.uleb128 0x3
 177 005e 04       		.byte	0x4
 178 005f 05       		.byte	0x5
 179 0060 696E7400 		.ascii	"int\000"
 180 0064 02       		.uleb128 0x2
 181 0065 04       		.byte	0x4
 182 0066 07       		.byte	0x7
 183 0067 0E000000 		.4byte	.LASF8
 184 006b 04       		.uleb128 0x4
 185 006c 20000000 		.4byte	.LASF12
 186 0070 02       		.byte	0x2
 187 0071 3801     		.2byte	0x138
 188 0073 2C000000 		.4byte	0x2c
 189 0077 02       		.uleb128 0x2
 190 0078 04       		.byte	0x4
 191 0079 04       		.byte	0x4
 192 007a 38010000 		.4byte	.LASF9
 193 007e 02       		.uleb128 0x2
 194 007f 08       		.byte	0x8
 195 0080 04       		.byte	0x4
 196 0081 BB000000 		.4byte	.LASF10
 197 0085 02       		.uleb128 0x2
 198 0086 01       		.byte	0x1
 199 0087 08       		.byte	0x8
 200 0088 7F000000 		.4byte	.LASF11
 201 008c 04       		.uleb128 0x4
 202 008d F9010000 		.4byte	.LASF13
 203 0091 02       		.byte	0x2
 204 0092 E201     		.2byte	0x1e2
 205 0094 98000000 		.4byte	0x98
 206 0098 05       		.uleb128 0x5
 207 0099 6B000000 		.4byte	0x6b
 208 009d 02       		.uleb128 0x2
 209 009e 04       		.byte	0x4
 210 009f 07       		.byte	0x7
 211 00a0 FE010000 		.4byte	.LASF14
 212 00a4 06       		.uleb128 0x6
 213 00a5 8D000000 		.4byte	.LASF19
 214 00a9 01       		.byte	0x1
 215 00aa 23       		.byte	0x23
 216 00ab 00000000 		.4byte	.LFB0
 217 00af 38000000 		.4byte	.LFE0-.LFB0
 218 00b3 01       		.uleb128 0x1
 219 00b4 9C       		.byte	0x9c
 220 00b5 C8000000 		.4byte	0xc8
 221 00b9 07       		.uleb128 0x7
ARM GAS  C:\Users\user\AppData\Local\Temp\ccGRsIjc.s 			page 6


 222 00ba 1B000000 		.4byte	.LASF15
 223 00be 01       		.byte	0x1
 224 00bf 23       		.byte	0x23
 225 00c0 6B000000 		.4byte	0x6b
 226 00c4 02       		.uleb128 0x2
 227 00c5 91       		.byte	0x91
 228 00c6 77       		.sleb128 -9
 229 00c7 00       		.byte	0
 230 00c8 08       		.uleb128 0x8
 231 00c9 38000000 		.4byte	.LASF20
 232 00cd 01       		.byte	0x1
 233 00ce 3B       		.byte	0x3b
 234 00cf 00000000 		.4byte	.LFB1
 235 00d3 38000000 		.4byte	.LFE1-.LFB1
 236 00d7 01       		.uleb128 0x1
 237 00d8 9C       		.byte	0x9c
 238 00d9 07       		.uleb128 0x7
 239 00da 1B000000 		.4byte	.LASF15
 240 00de 01       		.byte	0x1
 241 00df 3B       		.byte	0x3b
 242 00e0 6B000000 		.4byte	0x6b
 243 00e4 02       		.uleb128 0x2
 244 00e5 91       		.byte	0x91
 245 00e6 77       		.sleb128 -9
 246 00e7 00       		.byte	0
 247 00e8 00       		.byte	0
 248              		.section	.debug_abbrev,"",%progbits
 249              	.Ldebug_abbrev0:
 250 0000 01       		.uleb128 0x1
 251 0001 11       		.uleb128 0x11
 252 0002 01       		.byte	0x1
 253 0003 25       		.uleb128 0x25
 254 0004 0E       		.uleb128 0xe
 255 0005 13       		.uleb128 0x13
 256 0006 0B       		.uleb128 0xb
 257 0007 03       		.uleb128 0x3
 258 0008 0E       		.uleb128 0xe
 259 0009 1B       		.uleb128 0x1b
 260 000a 0E       		.uleb128 0xe
 261 000b 55       		.uleb128 0x55
 262 000c 17       		.uleb128 0x17
 263 000d 11       		.uleb128 0x11
 264 000e 01       		.uleb128 0x1
 265 000f 10       		.uleb128 0x10
 266 0010 17       		.uleb128 0x17
 267 0011 00       		.byte	0
 268 0012 00       		.byte	0
 269 0013 02       		.uleb128 0x2
 270 0014 24       		.uleb128 0x24
 271 0015 00       		.byte	0
 272 0016 0B       		.uleb128 0xb
 273 0017 0B       		.uleb128 0xb
 274 0018 3E       		.uleb128 0x3e
 275 0019 0B       		.uleb128 0xb
 276 001a 03       		.uleb128 0x3
 277 001b 0E       		.uleb128 0xe
 278 001c 00       		.byte	0
ARM GAS  C:\Users\user\AppData\Local\Temp\ccGRsIjc.s 			page 7


 279 001d 00       		.byte	0
 280 001e 03       		.uleb128 0x3
 281 001f 24       		.uleb128 0x24
 282 0020 00       		.byte	0
 283 0021 0B       		.uleb128 0xb
 284 0022 0B       		.uleb128 0xb
 285 0023 3E       		.uleb128 0x3e
 286 0024 0B       		.uleb128 0xb
 287 0025 03       		.uleb128 0x3
 288 0026 08       		.uleb128 0x8
 289 0027 00       		.byte	0
 290 0028 00       		.byte	0
 291 0029 04       		.uleb128 0x4
 292 002a 16       		.uleb128 0x16
 293 002b 00       		.byte	0
 294 002c 03       		.uleb128 0x3
 295 002d 0E       		.uleb128 0xe
 296 002e 3A       		.uleb128 0x3a
 297 002f 0B       		.uleb128 0xb
 298 0030 3B       		.uleb128 0x3b
 299 0031 05       		.uleb128 0x5
 300 0032 49       		.uleb128 0x49
 301 0033 13       		.uleb128 0x13
 302 0034 00       		.byte	0
 303 0035 00       		.byte	0
 304 0036 05       		.uleb128 0x5
 305 0037 35       		.uleb128 0x35
 306 0038 00       		.byte	0
 307 0039 49       		.uleb128 0x49
 308 003a 13       		.uleb128 0x13
 309 003b 00       		.byte	0
 310 003c 00       		.byte	0
 311 003d 06       		.uleb128 0x6
 312 003e 2E       		.uleb128 0x2e
 313 003f 01       		.byte	0x1
 314 0040 3F       		.uleb128 0x3f
 315 0041 19       		.uleb128 0x19
 316 0042 03       		.uleb128 0x3
 317 0043 0E       		.uleb128 0xe
 318 0044 3A       		.uleb128 0x3a
 319 0045 0B       		.uleb128 0xb
 320 0046 3B       		.uleb128 0x3b
 321 0047 0B       		.uleb128 0xb
 322 0048 27       		.uleb128 0x27
 323 0049 19       		.uleb128 0x19
 324 004a 11       		.uleb128 0x11
 325 004b 01       		.uleb128 0x1
 326 004c 12       		.uleb128 0x12
 327 004d 06       		.uleb128 0x6
 328 004e 40       		.uleb128 0x40
 329 004f 18       		.uleb128 0x18
 330 0050 9742     		.uleb128 0x2117
 331 0052 19       		.uleb128 0x19
 332 0053 01       		.uleb128 0x1
 333 0054 13       		.uleb128 0x13
 334 0055 00       		.byte	0
 335 0056 00       		.byte	0
ARM GAS  C:\Users\user\AppData\Local\Temp\ccGRsIjc.s 			page 8


 336 0057 07       		.uleb128 0x7
 337 0058 05       		.uleb128 0x5
 338 0059 00       		.byte	0
 339 005a 03       		.uleb128 0x3
 340 005b 0E       		.uleb128 0xe
 341 005c 3A       		.uleb128 0x3a
 342 005d 0B       		.uleb128 0xb
 343 005e 3B       		.uleb128 0x3b
 344 005f 0B       		.uleb128 0xb
 345 0060 49       		.uleb128 0x49
 346 0061 13       		.uleb128 0x13
 347 0062 02       		.uleb128 0x2
 348 0063 18       		.uleb128 0x18
 349 0064 00       		.byte	0
 350 0065 00       		.byte	0
 351 0066 08       		.uleb128 0x8
 352 0067 2E       		.uleb128 0x2e
 353 0068 01       		.byte	0x1
 354 0069 3F       		.uleb128 0x3f
 355 006a 19       		.uleb128 0x19
 356 006b 03       		.uleb128 0x3
 357 006c 0E       		.uleb128 0xe
 358 006d 3A       		.uleb128 0x3a
 359 006e 0B       		.uleb128 0xb
 360 006f 3B       		.uleb128 0x3b
 361 0070 0B       		.uleb128 0xb
 362 0071 27       		.uleb128 0x27
 363 0072 19       		.uleb128 0x19
 364 0073 11       		.uleb128 0x11
 365 0074 01       		.uleb128 0x1
 366 0075 12       		.uleb128 0x12
 367 0076 06       		.uleb128 0x6
 368 0077 40       		.uleb128 0x40
 369 0078 18       		.uleb128 0x18
 370 0079 9742     		.uleb128 0x2117
 371 007b 19       		.uleb128 0x19
 372 007c 00       		.byte	0
 373 007d 00       		.byte	0
 374 007e 00       		.byte	0
 375              		.section	.debug_aranges,"",%progbits
 376 0000 24000000 		.4byte	0x24
 377 0004 0200     		.2byte	0x2
 378 0006 00000000 		.4byte	.Ldebug_info0
 379 000a 04       		.byte	0x4
 380 000b 00       		.byte	0
 381 000c 0000     		.2byte	0
 382 000e 0000     		.2byte	0
 383 0010 00000000 		.4byte	.LFB0
 384 0014 38000000 		.4byte	.LFE0-.LFB0
 385 0018 00000000 		.4byte	.LFB1
 386 001c 38000000 		.4byte	.LFE1-.LFB1
 387 0020 00000000 		.4byte	0
 388 0024 00000000 		.4byte	0
 389              		.section	.debug_ranges,"",%progbits
 390              	.Ldebug_ranges0:
 391 0000 00000000 		.4byte	.LFB0
 392 0004 38000000 		.4byte	.LFE0
ARM GAS  C:\Users\user\AppData\Local\Temp\ccGRsIjc.s 			page 9


 393 0008 00000000 		.4byte	.LFB1
 394 000c 38000000 		.4byte	.LFE1
 395 0010 00000000 		.4byte	0
 396 0014 00000000 		.4byte	0
 397              		.section	.debug_line,"",%progbits
 398              	.Ldebug_line0:
 399 0000 78000000 		.section	.debug_str,"MS",%progbits,1
 399      02005000 
 399      00000201 
 399      FB0E0D00 
 399      01010101 
 400              	.LASF6:
 401 0000 6C6F6E67 		.ascii	"long long int\000"
 401      206C6F6E 
 401      6720696E 
 401      7400
 402              	.LASF8:
 403 000e 756E7369 		.ascii	"unsigned int\000"
 403      676E6564 
 403      20696E74 
 403      00
 404              	.LASF15:
 405 001b 6D6F6465 		.ascii	"mode\000"
 405      00
 406              	.LASF12:
 407 0020 75696E74 		.ascii	"uint8\000"
 407      3800
 408              	.LASF5:
 409 0026 6C6F6E67 		.ascii	"long unsigned int\000"
 409      20756E73 
 409      69676E65 
 409      6420696E 
 409      7400
 410              	.LASF20:
 411 0038 43617053 		.ascii	"CapSense_CSD_SetAllCmodsDriveMode\000"
 411      656E7365 
 411      5F435344 
 411      5F536574 
 411      416C6C43 
 412              	.LASF7:
 413 005a 6C6F6E67 		.ascii	"long long unsigned int\000"
 413      206C6F6E 
 413      6720756E 
 413      7369676E 
 413      65642069 
 414              	.LASF1:
 415 0071 756E7369 		.ascii	"unsigned char\000"
 415      676E6564 
 415      20636861 
 415      7200
 416              	.LASF11:
 417 007f 63686172 		.ascii	"char\000"
 417      00
 418              	.LASF4:
 419 0084 6C6F6E67 		.ascii	"long int\000"
 419      20696E74 
 419      00
ARM GAS  C:\Users\user\AppData\Local\Temp\ccGRsIjc.s 			page 10


 420              	.LASF19:
 421 008d 43617053 		.ascii	"CapSense_CSD_SetAllSensorsDriveMode\000"
 421      656E7365 
 421      5F435344 
 421      5F536574 
 421      416C6C53 
 422              	.LASF2:
 423 00b1 73686F72 		.ascii	"short int\000"
 423      7420696E 
 423      7400
 424              	.LASF10:
 425 00bb 646F7562 		.ascii	"double\000"
 425      6C6500
 426              	.LASF3:
 427 00c2 73686F72 		.ascii	"short unsigned int\000"
 427      7420756E 
 427      7369676E 
 427      65642069 
 427      6E7400
 428              	.LASF0:
 429 00d5 7369676E 		.ascii	"signed char\000"
 429      65642063 
 429      68617200 
 430              	.LASF18:
 431 00e1 443A5C55 		.ascii	"D:\\Utilisateurs\\user\\Documents\\PSoC Creator\\Wo"
 431      74696C69 
 431      73617465 
 431      7572735C 
 431      75736572 
 432 010f 726B7370 		.ascii	"rkspace02\\CapSense_CSD_WithTuner01.cydsn\000"
 432      61636530 
 432      325C4361 
 432      7053656E 
 432      73655F43 
 433              	.LASF9:
 434 0138 666C6F61 		.ascii	"float\000"
 434      7400
 435              	.LASF16:
 436 013e 474E5520 		.ascii	"GNU C 4.9.3 20150303 (release) [ARM/embedded-4_9-br"
 436      4320342E 
 436      392E3320 
 436      32303135 
 436      30333033 
 437 0171 616E6368 		.ascii	"anch revision 221220] -mcpu=cortex-m3 -mthumb -g -O"
 437      20726576 
 437      6973696F 
 437      6E203232 
 437      31323230 
 438 01a4 30202D66 		.ascii	"0 -ffunction-sections -ffat-lto-objects\000"
 438      66756E63 
 438      74696F6E 
 438      2D736563 
 438      74696F6E 
 439              	.LASF17:
 440 01cc 2E5C4765 		.ascii	".\\Generated_Source\\PSoC5\\CapSense_CSD_Pins.c\000"
 440      6E657261 
 440      7465645F 
ARM GAS  C:\Users\user\AppData\Local\Temp\ccGRsIjc.s 			page 11


 440      536F7572 
 440      63655C50 
 441              	.LASF13:
 442 01f9 72656738 		.ascii	"reg8\000"
 442      00
 443              	.LASF14:
 444 01fe 73697A65 		.ascii	"sizetype\000"
 444      74797065 
 444      00
 445              		.ident	"GCC: (GNU Tools for ARM Embedded Processors) 4.9.3 20150303 (release) [ARM/embedded-4_9-br
