ARM GAS  C:\Users\user\AppData\Local\Temp\ccH5VvPK.s 			page 1


   1              		.syntax unified
   2              		.cpu cortex-m3
   3              		.fpu softvfp
   4              		.eabi_attribute 20, 1
   5              		.eabi_attribute 21, 1
   6              		.eabi_attribute 23, 3
   7              		.eabi_attribute 24, 1
   8              		.eabi_attribute 25, 1
   9              		.eabi_attribute 26, 1
  10              		.eabi_attribute 30, 1
  11              		.eabi_attribute 34, 1
  12              		.eabi_attribute 18, 4
  13              		.thumb
  14              		.file	"Filter_1_Coefficients.c"
  15              		.text
  16              	.Ltext0:
  17              		.cfi_sections	.debug_frame
  18              		.global	Filter_1_ChannelAFirCoefficients
  19              		.section	.rodata
  20              		.align	2
  21              		.type	Filter_1_ChannelAFirCoefficients, %object
  22              		.size	Filter_1_ChannelAFirCoefficients, 512
  23              	Filter_1_ChannelAFirCoefficients:
  24 0000 56       		.byte	86
  25 0001 FF       		.byte	-1
  26 0002 FF       		.byte	-1
  27 0003 00       		.byte	0
  28 0004 50       		.byte	80
  29 0005 FF       		.byte	-1
  30 0006 FF       		.byte	-1
  31 0007 00       		.byte	0
  32 0008 3F       		.byte	63
  33 0009 FF       		.byte	-1
  34 000a FF       		.byte	-1
  35 000b 00       		.byte	0
  36 000c 26       		.byte	38
  37 000d FF       		.byte	-1
  38 000e FF       		.byte	-1
  39 000f 00       		.byte	0
  40 0010 07       		.byte	7
  41 0011 FF       		.byte	-1
  42 0012 FF       		.byte	-1
  43 0013 00       		.byte	0
  44 0014 E5       		.byte	-27
  45 0015 FE       		.byte	-2
  46 0016 FF       		.byte	-1
  47 0017 00       		.byte	0
  48 0018 C3       		.byte	-61
  49 0019 FE       		.byte	-2
  50 001a FF       		.byte	-1
  51 001b 00       		.byte	0
  52 001c A7       		.byte	-89
  53 001d FE       		.byte	-2
  54 001e FF       		.byte	-1
  55 001f 00       		.byte	0
  56 0020 95       		.byte	-107
  57 0021 FE       		.byte	-2
ARM GAS  C:\Users\user\AppData\Local\Temp\ccH5VvPK.s 			page 2


  58 0022 FF       		.byte	-1
  59 0023 00       		.byte	0
  60 0024 92       		.byte	-110
  61 0025 FE       		.byte	-2
  62 0026 FF       		.byte	-1
  63 0027 00       		.byte	0
  64 0028 A5       		.byte	-91
  65 0029 FE       		.byte	-2
  66 002a FF       		.byte	-1
  67 002b 00       		.byte	0
  68 002c D4       		.byte	-44
  69 002d FE       		.byte	-2
  70 002e FF       		.byte	-1
  71 002f 00       		.byte	0
  72 0030 29       		.byte	41
  73 0031 FF       		.byte	-1
  74 0032 FF       		.byte	-1
  75 0033 00       		.byte	0
  76 0034 AB       		.byte	-85
  77 0035 FF       		.byte	-1
  78 0036 FF       		.byte	-1
  79 0037 00       		.byte	0
  80 0038 64       		.byte	100
  81 0039 00       		.byte	0
  82 003a 00       		.byte	0
  83 003b 00       		.byte	0
  84 003c 60       		.byte	96
  85 003d 01       		.byte	1
  86 003e 00       		.byte	0
  87 003f 00       		.byte	0
  88 0040 AA       		.byte	-86
  89 0041 02       		.byte	2
  90 0042 00       		.byte	0
  91 0043 00       		.byte	0
  92 0044 4F       		.byte	79
  93 0045 04       		.byte	4
  94 0046 00       		.byte	0
  95 0047 00       		.byte	0
  96 0048 5B       		.byte	91
  97 0049 06       		.byte	6
  98 004a 00       		.byte	0
  99 004b 00       		.byte	0
 100 004c DD       		.byte	-35
 101 004d 08       		.byte	8
 102 004e 00       		.byte	0
 103 004f 00       		.byte	0
 104 0050 E3       		.byte	-29
 105 0051 0B       		.byte	11
 106 0052 00       		.byte	0
 107 0053 00       		.byte	0
 108 0054 7D       		.byte	125
 109 0055 0F       		.byte	15
 110 0056 00       		.byte	0
 111 0057 00       		.byte	0
 112 0058 B8       		.byte	-72
 113 0059 13       		.byte	19
 114 005a 00       		.byte	0
ARM GAS  C:\Users\user\AppData\Local\Temp\ccH5VvPK.s 			page 3


 115 005b 00       		.byte	0
 116 005c A6       		.byte	-90
 117 005d 18       		.byte	24
 118 005e 00       		.byte	0
 119 005f 00       		.byte	0
 120 0060 54       		.byte	84
 121 0061 1E       		.byte	30
 122 0062 00       		.byte	0
 123 0063 00       		.byte	0
 124 0064 D1       		.byte	-47
 125 0065 24       		.byte	36
 126 0066 00       		.byte	0
 127 0067 00       		.byte	0
 128 0068 2C       		.byte	44
 129 0069 2C       		.byte	44
 130 006a 00       		.byte	0
 131 006b 00       		.byte	0
 132 006c 71       		.byte	113
 133 006d 34       		.byte	52
 134 006e 00       		.byte	0
 135 006f 00       		.byte	0
 136 0070 AC       		.byte	-84
 137 0071 3D       		.byte	61
 138 0072 00       		.byte	0
 139 0073 00       		.byte	0
 140 0074 E8       		.byte	-24
 141 0075 47       		.byte	71
 142 0076 00       		.byte	0
 143 0077 00       		.byte	0
 144 0078 2D       		.byte	45
 145 0079 53       		.byte	83
 146 007a 00       		.byte	0
 147 007b 00       		.byte	0
 148 007c 82       		.byte	-126
 149 007d 5F       		.byte	95
 150 007e 00       		.byte	0
 151 007f 00       		.byte	0
 152 0080 EA       		.byte	-22
 153 0081 6C       		.byte	108
 154 0082 00       		.byte	0
 155 0083 00       		.byte	0
 156 0084 68       		.byte	104
 157 0085 7B       		.byte	123
 158 0086 00       		.byte	0
 159 0087 00       		.byte	0
 160 0088 FB       		.byte	-5
 161 0089 8A       		.byte	-118
 162 008a 00       		.byte	0
 163 008b 00       		.byte	0
 164 008c 9E       		.byte	-98
 165 008d 9B       		.byte	-101
 166 008e 00       		.byte	0
 167 008f 00       		.byte	0
 168 0090 4B       		.byte	75
 169 0091 AD       		.byte	-83
 170 0092 00       		.byte	0
 171 0093 00       		.byte	0
ARM GAS  C:\Users\user\AppData\Local\Temp\ccH5VvPK.s 			page 4


 172 0094 F6       		.byte	-10
 173 0095 BF       		.byte	-65
 174 0096 00       		.byte	0
 175 0097 00       		.byte	0
 176 0098 93       		.byte	-109
 177 0099 D3       		.byte	-45
 178 009a 00       		.byte	0
 179 009b 00       		.byte	0
 180 009c 11       		.byte	17
 181 009d E8       		.byte	-24
 182 009e 00       		.byte	0
 183 009f 00       		.byte	0
 184 00a0 5A       		.byte	90
 185 00a1 FD       		.byte	-3
 186 00a2 00       		.byte	0
 187 00a3 00       		.byte	0
 188 00a4 57       		.byte	87
 189 00a5 13       		.byte	19
 190 00a6 01       		.byte	1
 191 00a7 00       		.byte	0
 192 00a8 EE       		.byte	-18
 193 00a9 29       		.byte	41
 194 00aa 01       		.byte	1
 195 00ab 00       		.byte	0
 196 00ac 00       		.byte	0
 197 00ad 41       		.byte	65
 198 00ae 01       		.byte	1
 199 00af 00       		.byte	0
 200 00b0 6D       		.byte	109
 201 00b1 58       		.byte	88
 202 00b2 01       		.byte	1
 203 00b3 00       		.byte	0
 204 00b4 12       		.byte	18
 205 00b5 70       		.byte	112
 206 00b6 01       		.byte	1
 207 00b7 00       		.byte	0
 208 00b8 C9       		.byte	-55
 209 00b9 87       		.byte	-121
 210 00ba 01       		.byte	1
 211 00bb 00       		.byte	0
 212 00bc 6B       		.byte	107
 213 00bd 9F       		.byte	-97
 214 00be 01       		.byte	1
 215 00bf 00       		.byte	0
 216 00c0 CE       		.byte	-50
 217 00c1 B6       		.byte	-74
 218 00c2 01       		.byte	1
 219 00c3 00       		.byte	0
 220 00c4 CA       		.byte	-54
 221 00c5 CD       		.byte	-51
 222 00c6 01       		.byte	1
 223 00c7 00       		.byte	0
 224 00c8 34       		.byte	52
 225 00c9 E4       		.byte	-28
 226 00ca 01       		.byte	1
 227 00cb 00       		.byte	0
 228 00cc E0       		.byte	-32
ARM GAS  C:\Users\user\AppData\Local\Temp\ccH5VvPK.s 			page 5


 229 00cd F9       		.byte	-7
 230 00ce 01       		.byte	1
 231 00cf 00       		.byte	0
 232 00d0 A5       		.byte	-91
 233 00d1 0E       		.byte	14
 234 00d2 02       		.byte	2
 235 00d3 00       		.byte	0
 236 00d4 59       		.byte	89
 237 00d5 22       		.byte	34
 238 00d6 02       		.byte	2
 239 00d7 00       		.byte	0
 240 00d8 D4       		.byte	-44
 241 00d9 34       		.byte	52
 242 00da 02       		.byte	2
 243 00db 00       		.byte	0
 244 00dc EF       		.byte	-17
 245 00dd 45       		.byte	69
 246 00de 02       		.byte	2
 247 00df 00       		.byte	0
 248 00e0 87       		.byte	-121
 249 00e1 55       		.byte	85
 250 00e2 02       		.byte	2
 251 00e3 00       		.byte	0
 252 00e4 7A       		.byte	122
 253 00e5 63       		.byte	99
 254 00e6 02       		.byte	2
 255 00e7 00       		.byte	0
 256 00e8 AA       		.byte	-86
 257 00e9 6F       		.byte	111
 258 00ea 02       		.byte	2
 259 00eb 00       		.byte	0
 260 00ec FD       		.byte	-3
 261 00ed 79       		.byte	121
 262 00ee 02       		.byte	2
 263 00ef 00       		.byte	0
 264 00f0 5B       		.byte	91
 265 00f1 82       		.byte	-126
 266 00f2 02       		.byte	2
 267 00f3 00       		.byte	0
 268 00f4 B2       		.byte	-78
 269 00f5 88       		.byte	-120
 270 00f6 02       		.byte	2
 271 00f7 00       		.byte	0
 272 00f8 F4       		.byte	-12
 273 00f9 8C       		.byte	-116
 274 00fa 02       		.byte	2
 275 00fb 00       		.byte	0
 276 00fc 17       		.byte	23
 277 00fd 8F       		.byte	-113
 278 00fe 02       		.byte	2
 279 00ff 00       		.byte	0
 280 0100 17       		.byte	23
 281 0101 8F       		.byte	-113
 282 0102 02       		.byte	2
 283 0103 00       		.byte	0
 284 0104 F4       		.byte	-12
 285 0105 8C       		.byte	-116
ARM GAS  C:\Users\user\AppData\Local\Temp\ccH5VvPK.s 			page 6


 286 0106 02       		.byte	2
 287 0107 00       		.byte	0
 288 0108 B2       		.byte	-78
 289 0109 88       		.byte	-120
 290 010a 02       		.byte	2
 291 010b 00       		.byte	0
 292 010c 5B       		.byte	91
 293 010d 82       		.byte	-126
 294 010e 02       		.byte	2
 295 010f 00       		.byte	0
 296 0110 FD       		.byte	-3
 297 0111 79       		.byte	121
 298 0112 02       		.byte	2
 299 0113 00       		.byte	0
 300 0114 AA       		.byte	-86
 301 0115 6F       		.byte	111
 302 0116 02       		.byte	2
 303 0117 00       		.byte	0
 304 0118 7A       		.byte	122
 305 0119 63       		.byte	99
 306 011a 02       		.byte	2
 307 011b 00       		.byte	0
 308 011c 87       		.byte	-121
 309 011d 55       		.byte	85
 310 011e 02       		.byte	2
 311 011f 00       		.byte	0
 312 0120 EF       		.byte	-17
 313 0121 45       		.byte	69
 314 0122 02       		.byte	2
 315 0123 00       		.byte	0
 316 0124 D4       		.byte	-44
 317 0125 34       		.byte	52
 318 0126 02       		.byte	2
 319 0127 00       		.byte	0
 320 0128 59       		.byte	89
 321 0129 22       		.byte	34
 322 012a 02       		.byte	2
 323 012b 00       		.byte	0
 324 012c A5       		.byte	-91
 325 012d 0E       		.byte	14
 326 012e 02       		.byte	2
 327 012f 00       		.byte	0
 328 0130 E0       		.byte	-32
 329 0131 F9       		.byte	-7
 330 0132 01       		.byte	1
 331 0133 00       		.byte	0
 332 0134 34       		.byte	52
 333 0135 E4       		.byte	-28
 334 0136 01       		.byte	1
 335 0137 00       		.byte	0
 336 0138 CA       		.byte	-54
 337 0139 CD       		.byte	-51
 338 013a 01       		.byte	1
 339 013b 00       		.byte	0
 340 013c CE       		.byte	-50
 341 013d B6       		.byte	-74
 342 013e 01       		.byte	1
ARM GAS  C:\Users\user\AppData\Local\Temp\ccH5VvPK.s 			page 7


 343 013f 00       		.byte	0
 344 0140 6B       		.byte	107
 345 0141 9F       		.byte	-97
 346 0142 01       		.byte	1
 347 0143 00       		.byte	0
 348 0144 C9       		.byte	-55
 349 0145 87       		.byte	-121
 350 0146 01       		.byte	1
 351 0147 00       		.byte	0
 352 0148 12       		.byte	18
 353 0149 70       		.byte	112
 354 014a 01       		.byte	1
 355 014b 00       		.byte	0
 356 014c 6D       		.byte	109
 357 014d 58       		.byte	88
 358 014e 01       		.byte	1
 359 014f 00       		.byte	0
 360 0150 00       		.byte	0
 361 0151 41       		.byte	65
 362 0152 01       		.byte	1
 363 0153 00       		.byte	0
 364 0154 EE       		.byte	-18
 365 0155 29       		.byte	41
 366 0156 01       		.byte	1
 367 0157 00       		.byte	0
 368 0158 57       		.byte	87
 369 0159 13       		.byte	19
 370 015a 01       		.byte	1
 371 015b 00       		.byte	0
 372 015c 5A       		.byte	90
 373 015d FD       		.byte	-3
 374 015e 00       		.byte	0
 375 015f 00       		.byte	0
 376 0160 11       		.byte	17
 377 0161 E8       		.byte	-24
 378 0162 00       		.byte	0
 379 0163 00       		.byte	0
 380 0164 93       		.byte	-109
 381 0165 D3       		.byte	-45
 382 0166 00       		.byte	0
 383 0167 00       		.byte	0
 384 0168 F6       		.byte	-10
 385 0169 BF       		.byte	-65
 386 016a 00       		.byte	0
 387 016b 00       		.byte	0
 388 016c 4B       		.byte	75
 389 016d AD       		.byte	-83
 390 016e 00       		.byte	0
 391 016f 00       		.byte	0
 392 0170 9E       		.byte	-98
 393 0171 9B       		.byte	-101
 394 0172 00       		.byte	0
 395 0173 00       		.byte	0
 396 0174 FB       		.byte	-5
 397 0175 8A       		.byte	-118
 398 0176 00       		.byte	0
 399 0177 00       		.byte	0
ARM GAS  C:\Users\user\AppData\Local\Temp\ccH5VvPK.s 			page 8


 400 0178 68       		.byte	104
 401 0179 7B       		.byte	123
 402 017a 00       		.byte	0
 403 017b 00       		.byte	0
 404 017c EA       		.byte	-22
 405 017d 6C       		.byte	108
 406 017e 00       		.byte	0
 407 017f 00       		.byte	0
 408 0180 82       		.byte	-126
 409 0181 5F       		.byte	95
 410 0182 00       		.byte	0
 411 0183 00       		.byte	0
 412 0184 2D       		.byte	45
 413 0185 53       		.byte	83
 414 0186 00       		.byte	0
 415 0187 00       		.byte	0
 416 0188 E8       		.byte	-24
 417 0189 47       		.byte	71
 418 018a 00       		.byte	0
 419 018b 00       		.byte	0
 420 018c AC       		.byte	-84
 421 018d 3D       		.byte	61
 422 018e 00       		.byte	0
 423 018f 00       		.byte	0
 424 0190 71       		.byte	113
 425 0191 34       		.byte	52
 426 0192 00       		.byte	0
 427 0193 00       		.byte	0
 428 0194 2C       		.byte	44
 429 0195 2C       		.byte	44
 430 0196 00       		.byte	0
 431 0197 00       		.byte	0
 432 0198 D1       		.byte	-47
 433 0199 24       		.byte	36
 434 019a 00       		.byte	0
 435 019b 00       		.byte	0
 436 019c 54       		.byte	84
 437 019d 1E       		.byte	30
 438 019e 00       		.byte	0
 439 019f 00       		.byte	0
 440 01a0 A6       		.byte	-90
 441 01a1 18       		.byte	24
 442 01a2 00       		.byte	0
 443 01a3 00       		.byte	0
 444 01a4 B8       		.byte	-72
 445 01a5 13       		.byte	19
 446 01a6 00       		.byte	0
 447 01a7 00       		.byte	0
 448 01a8 7D       		.byte	125
 449 01a9 0F       		.byte	15
 450 01aa 00       		.byte	0
 451 01ab 00       		.byte	0
 452 01ac E3       		.byte	-29
 453 01ad 0B       		.byte	11
 454 01ae 00       		.byte	0
 455 01af 00       		.byte	0
 456 01b0 DD       		.byte	-35
ARM GAS  C:\Users\user\AppData\Local\Temp\ccH5VvPK.s 			page 9


 457 01b1 08       		.byte	8
 458 01b2 00       		.byte	0
 459 01b3 00       		.byte	0
 460 01b4 5B       		.byte	91
 461 01b5 06       		.byte	6
 462 01b6 00       		.byte	0
 463 01b7 00       		.byte	0
 464 01b8 4F       		.byte	79
 465 01b9 04       		.byte	4
 466 01ba 00       		.byte	0
 467 01bb 00       		.byte	0
 468 01bc AA       		.byte	-86
 469 01bd 02       		.byte	2
 470 01be 00       		.byte	0
 471 01bf 00       		.byte	0
 472 01c0 60       		.byte	96
 473 01c1 01       		.byte	1
 474 01c2 00       		.byte	0
 475 01c3 00       		.byte	0
 476 01c4 64       		.byte	100
 477 01c5 00       		.byte	0
 478 01c6 00       		.byte	0
 479 01c7 00       		.byte	0
 480 01c8 AB       		.byte	-85
 481 01c9 FF       		.byte	-1
 482 01ca FF       		.byte	-1
 483 01cb 00       		.byte	0
 484 01cc 29       		.byte	41
 485 01cd FF       		.byte	-1
 486 01ce FF       		.byte	-1
 487 01cf 00       		.byte	0
 488 01d0 D4       		.byte	-44
 489 01d1 FE       		.byte	-2
 490 01d2 FF       		.byte	-1
 491 01d3 00       		.byte	0
 492 01d4 A5       		.byte	-91
 493 01d5 FE       		.byte	-2
 494 01d6 FF       		.byte	-1
 495 01d7 00       		.byte	0
 496 01d8 92       		.byte	-110
 497 01d9 FE       		.byte	-2
 498 01da FF       		.byte	-1
 499 01db 00       		.byte	0
 500 01dc 95       		.byte	-107
 501 01dd FE       		.byte	-2
 502 01de FF       		.byte	-1
 503 01df 00       		.byte	0
 504 01e0 A7       		.byte	-89
 505 01e1 FE       		.byte	-2
 506 01e2 FF       		.byte	-1
 507 01e3 00       		.byte	0
 508 01e4 C3       		.byte	-61
 509 01e5 FE       		.byte	-2
 510 01e6 FF       		.byte	-1
 511 01e7 00       		.byte	0
 512 01e8 E5       		.byte	-27
 513 01e9 FE       		.byte	-2
ARM GAS  C:\Users\user\AppData\Local\Temp\ccH5VvPK.s 			page 10


 514 01ea FF       		.byte	-1
 515 01eb 00       		.byte	0
 516 01ec 07       		.byte	7
 517 01ed FF       		.byte	-1
 518 01ee FF       		.byte	-1
 519 01ef 00       		.byte	0
 520 01f0 26       		.byte	38
 521 01f1 FF       		.byte	-1
 522 01f2 FF       		.byte	-1
 523 01f3 00       		.byte	0
 524 01f4 3F       		.byte	63
 525 01f5 FF       		.byte	-1
 526 01f6 FF       		.byte	-1
 527 01f7 00       		.byte	0
 528 01f8 50       		.byte	80
 529 01f9 FF       		.byte	-1
 530 01fa FF       		.byte	-1
 531 01fb 00       		.byte	0
 532 01fc 56       		.byte	86
 533 01fd FF       		.byte	-1
 534 01fe FF       		.byte	-1
 535 01ff 00       		.byte	0
 536              		.text
 537              	.Letext0:
 538              		.file 1 ".\\Generated_Source\\PSoC5\\cytypes.h"
 539              		.file 2 ".\\Generated_Source\\PSoC5\\Filter_1_Coefficients.c"
 540              		.section	.debug_info,"",%progbits
 541              	.Ldebug_info0:
 542 0000 AF000000 		.4byte	0xaf
 543 0004 0400     		.2byte	0x4
 544 0006 00000000 		.4byte	.Ldebug_abbrev0
 545 000a 04       		.byte	0x4
 546 000b 01       		.uleb128 0x1
 547 000c D4000000 		.4byte	.LASF13
 548 0010 01       		.byte	0x1
 549 0011 8C000000 		.4byte	.LASF14
 550 0015 0E000000 		.4byte	.LASF15
 551 0019 00000000 		.4byte	.Ldebug_line0
 552 001d 02       		.uleb128 0x2
 553 001e 04       		.byte	0x4
 554 001f 05       		.byte	0x5
 555 0020 696E7400 		.ascii	"int\000"
 556 0024 03       		.uleb128 0x3
 557 0025 04       		.byte	0x4
 558 0026 07       		.byte	0x7
 559 0027 67000000 		.4byte	.LASF0
 560 002b 03       		.uleb128 0x3
 561 002c 01       		.byte	0x1
 562 002d 06       		.byte	0x6
 563 002e B9010000 		.4byte	.LASF1
 564 0032 03       		.uleb128 0x3
 565 0033 01       		.byte	0x1
 566 0034 08       		.byte	0x8
 567 0035 62010000 		.4byte	.LASF2
 568 0039 03       		.uleb128 0x3
 569 003a 02       		.byte	0x2
 570 003b 05       		.byte	0x5
ARM GAS  C:\Users\user\AppData\Local\Temp\ccH5VvPK.s 			page 11


 571 003c CB010000 		.4byte	.LASF3
 572 0040 03       		.uleb128 0x3
 573 0041 02       		.byte	0x2
 574 0042 07       		.byte	0x7
 575 0043 A6010000 		.4byte	.LASF4
 576 0047 03       		.uleb128 0x3
 577 0048 04       		.byte	0x4
 578 0049 05       		.byte	0x5
 579 004a 75010000 		.4byte	.LASF5
 580 004e 03       		.uleb128 0x3
 581 004f 04       		.byte	0x4
 582 0050 07       		.byte	0x7
 583 0051 7A000000 		.4byte	.LASF6
 584 0055 03       		.uleb128 0x3
 585 0056 08       		.byte	0x8
 586 0057 05       		.byte	0x5
 587 0058 00000000 		.4byte	.LASF7
 588 005c 03       		.uleb128 0x3
 589 005d 08       		.byte	0x8
 590 005e 07       		.byte	0x7
 591 005f BD000000 		.4byte	.LASF8
 592 0063 03       		.uleb128 0x3
 593 0064 04       		.byte	0x4
 594 0065 07       		.byte	0x7
 595 0066 D5010000 		.4byte	.LASF9
 596 006a 03       		.uleb128 0x3
 597 006b 01       		.byte	0x1
 598 006c 08       		.byte	0x8
 599 006d 70010000 		.4byte	.LASF10
 600 0071 04       		.uleb128 0x4
 601 0072 74000000 		.4byte	.LASF16
 602 0076 01       		.byte	0x1
 603 0077 3801     		.2byte	0x138
 604 0079 32000000 		.4byte	0x32
 605 007d 03       		.uleb128 0x3
 606 007e 04       		.byte	0x4
 607 007f 04       		.byte	0x4
 608 0080 C5010000 		.4byte	.LASF11
 609 0084 03       		.uleb128 0x3
 610 0085 08       		.byte	0x8
 611 0086 04       		.byte	0x4
 612 0087 9F010000 		.4byte	.LASF12
 613 008b 05       		.uleb128 0x5
 614 008c 71000000 		.4byte	0x71
 615 0090 9C000000 		.4byte	0x9c
 616 0094 06       		.uleb128 0x6
 617 0095 63000000 		.4byte	0x63
 618 0099 FF01     		.2byte	0x1ff
 619 009b 00       		.byte	0
 620 009c 07       		.uleb128 0x7
 621 009d 7E010000 		.4byte	.LASF17
 622 00a1 02       		.byte	0x2
 623 00a2 11       		.byte	0x11
 624 00a3 AD000000 		.4byte	0xad
 625 00a7 05       		.uleb128 0x5
 626 00a8 03       		.byte	0x3
 627 00a9 00000000 		.4byte	Filter_1_ChannelAFirCoefficients
ARM GAS  C:\Users\user\AppData\Local\Temp\ccH5VvPK.s 			page 12


 628 00ad 08       		.uleb128 0x8
 629 00ae 8B000000 		.4byte	0x8b
 630 00b2 00       		.byte	0
 631              		.section	.debug_abbrev,"",%progbits
 632              	.Ldebug_abbrev0:
 633 0000 01       		.uleb128 0x1
 634 0001 11       		.uleb128 0x11
 635 0002 01       		.byte	0x1
 636 0003 25       		.uleb128 0x25
 637 0004 0E       		.uleb128 0xe
 638 0005 13       		.uleb128 0x13
 639 0006 0B       		.uleb128 0xb
 640 0007 03       		.uleb128 0x3
 641 0008 0E       		.uleb128 0xe
 642 0009 1B       		.uleb128 0x1b
 643 000a 0E       		.uleb128 0xe
 644 000b 10       		.uleb128 0x10
 645 000c 17       		.uleb128 0x17
 646 000d 00       		.byte	0
 647 000e 00       		.byte	0
 648 000f 02       		.uleb128 0x2
 649 0010 24       		.uleb128 0x24
 650 0011 00       		.byte	0
 651 0012 0B       		.uleb128 0xb
 652 0013 0B       		.uleb128 0xb
 653 0014 3E       		.uleb128 0x3e
 654 0015 0B       		.uleb128 0xb
 655 0016 03       		.uleb128 0x3
 656 0017 08       		.uleb128 0x8
 657 0018 00       		.byte	0
 658 0019 00       		.byte	0
 659 001a 03       		.uleb128 0x3
 660 001b 24       		.uleb128 0x24
 661 001c 00       		.byte	0
 662 001d 0B       		.uleb128 0xb
 663 001e 0B       		.uleb128 0xb
 664 001f 3E       		.uleb128 0x3e
 665 0020 0B       		.uleb128 0xb
 666 0021 03       		.uleb128 0x3
 667 0022 0E       		.uleb128 0xe
 668 0023 00       		.byte	0
 669 0024 00       		.byte	0
 670 0025 04       		.uleb128 0x4
 671 0026 16       		.uleb128 0x16
 672 0027 00       		.byte	0
 673 0028 03       		.uleb128 0x3
 674 0029 0E       		.uleb128 0xe
 675 002a 3A       		.uleb128 0x3a
 676 002b 0B       		.uleb128 0xb
 677 002c 3B       		.uleb128 0x3b
 678 002d 05       		.uleb128 0x5
 679 002e 49       		.uleb128 0x49
 680 002f 13       		.uleb128 0x13
 681 0030 00       		.byte	0
 682 0031 00       		.byte	0
 683 0032 05       		.uleb128 0x5
 684 0033 01       		.uleb128 0x1
ARM GAS  C:\Users\user\AppData\Local\Temp\ccH5VvPK.s 			page 13


 685 0034 01       		.byte	0x1
 686 0035 49       		.uleb128 0x49
 687 0036 13       		.uleb128 0x13
 688 0037 01       		.uleb128 0x1
 689 0038 13       		.uleb128 0x13
 690 0039 00       		.byte	0
 691 003a 00       		.byte	0
 692 003b 06       		.uleb128 0x6
 693 003c 21       		.uleb128 0x21
 694 003d 00       		.byte	0
 695 003e 49       		.uleb128 0x49
 696 003f 13       		.uleb128 0x13
 697 0040 2F       		.uleb128 0x2f
 698 0041 05       		.uleb128 0x5
 699 0042 00       		.byte	0
 700 0043 00       		.byte	0
 701 0044 07       		.uleb128 0x7
 702 0045 34       		.uleb128 0x34
 703 0046 00       		.byte	0
 704 0047 03       		.uleb128 0x3
 705 0048 0E       		.uleb128 0xe
 706 0049 3A       		.uleb128 0x3a
 707 004a 0B       		.uleb128 0xb
 708 004b 3B       		.uleb128 0x3b
 709 004c 0B       		.uleb128 0xb
 710 004d 49       		.uleb128 0x49
 711 004e 13       		.uleb128 0x13
 712 004f 3F       		.uleb128 0x3f
 713 0050 19       		.uleb128 0x19
 714 0051 02       		.uleb128 0x2
 715 0052 18       		.uleb128 0x18
 716 0053 00       		.byte	0
 717 0054 00       		.byte	0
 718 0055 08       		.uleb128 0x8
 719 0056 26       		.uleb128 0x26
 720 0057 00       		.byte	0
 721 0058 49       		.uleb128 0x49
 722 0059 13       		.uleb128 0x13
 723 005a 00       		.byte	0
 724 005b 00       		.byte	0
 725 005c 00       		.byte	0
 726              		.section	.debug_aranges,"",%progbits
 727 0000 14000000 		.4byte	0x14
 728 0004 0200     		.2byte	0x2
 729 0006 00000000 		.4byte	.Ldebug_info0
 730 000a 04       		.byte	0x4
 731 000b 00       		.byte	0
 732 000c 0000     		.2byte	0
 733 000e 0000     		.2byte	0
 734 0010 00000000 		.4byte	0
 735 0014 00000000 		.4byte	0
 736              		.section	.debug_line,"",%progbits
 737              	.Ldebug_line0:
 738 0000 5A000000 		.section	.debug_str,"MS",%progbits,1
 738      02005400 
 738      00000201 
 738      FB0E0D00 
ARM GAS  C:\Users\user\AppData\Local\Temp\ccH5VvPK.s 			page 14


 738      01010101 
 739              	.LASF7:
 740 0000 6C6F6E67 		.ascii	"long long int\000"
 740      206C6F6E 
 740      6720696E 
 740      7400
 741              	.LASF15:
 742 000e 443A5C55 		.ascii	"D:\\Utilisateurs\\user\\Documents\\PSoC Creator\\Wo"
 742      74696C69 
 742      73617465 
 742      7572735C 
 742      75736572 
 743 003c 726B7370 		.ascii	"rkspace02\\Delta_Sigma_DMA_Filter_FIR.cydsn\000"
 743      61636530 
 743      325C4465 
 743      6C74615F 
 743      5369676D 
 744              	.LASF0:
 745 0067 756E7369 		.ascii	"unsigned int\000"
 745      676E6564 
 745      20696E74 
 745      00
 746              	.LASF16:
 747 0074 75696E74 		.ascii	"uint8\000"
 747      3800
 748              	.LASF6:
 749 007a 6C6F6E67 		.ascii	"long unsigned int\000"
 749      20756E73 
 749      69676E65 
 749      6420696E 
 749      7400
 750              	.LASF14:
 751 008c 2E5C4765 		.ascii	".\\Generated_Source\\PSoC5\\Filter_1_Coefficients.c"
 751      6E657261 
 751      7465645F 
 751      536F7572 
 751      63655C50 
 752 00bc 00       		.ascii	"\000"
 753              	.LASF8:
 754 00bd 6C6F6E67 		.ascii	"long long unsigned int\000"
 754      206C6F6E 
 754      6720756E 
 754      7369676E 
 754      65642069 
 755              	.LASF13:
 756 00d4 474E5520 		.ascii	"GNU C 4.9.3 20150303 (release) [ARM/embedded-4_9-br"
 756      4320342E 
 756      392E3320 
 756      32303135 
 756      30333033 
 757 0107 616E6368 		.ascii	"anch revision 221220] -mcpu=cortex-m3 -mthumb -g -O"
 757      20726576 
 757      6973696F 
 757      6E203232 
 757      31323230 
 758 013a 67202D66 		.ascii	"g -ffunction-sections -ffat-lto-objects\000"
 758      66756E63 
ARM GAS  C:\Users\user\AppData\Local\Temp\ccH5VvPK.s 			page 15


 758      74696F6E 
 758      2D736563 
 758      74696F6E 
 759              	.LASF2:
 760 0162 756E7369 		.ascii	"unsigned char\000"
 760      676E6564 
 760      20636861 
 760      7200
 761              	.LASF10:
 762 0170 63686172 		.ascii	"char\000"
 762      00
 763              	.LASF5:
 764 0175 6C6F6E67 		.ascii	"long int\000"
 764      20696E74 
 764      00
 765              	.LASF17:
 766 017e 46696C74 		.ascii	"Filter_1_ChannelAFirCoefficients\000"
 766      65725F31 
 766      5F436861 
 766      6E6E656C 
 766      41466972 
 767              	.LASF12:
 768 019f 646F7562 		.ascii	"double\000"
 768      6C6500
 769              	.LASF4:
 770 01a6 73686F72 		.ascii	"short unsigned int\000"
 770      7420756E 
 770      7369676E 
 770      65642069 
 770      6E7400
 771              	.LASF1:
 772 01b9 7369676E 		.ascii	"signed char\000"
 772      65642063 
 772      68617200 
 773              	.LASF11:
 774 01c5 666C6F61 		.ascii	"float\000"
 774      7400
 775              	.LASF3:
 776 01cb 73686F72 		.ascii	"short int\000"
 776      7420696E 
 776      7400
 777              	.LASF9:
 778 01d5 73697A65 		.ascii	"sizetype\000"
 778      74797065 
 778      00
 779              		.ident	"GCC: (GNU Tools for ARM Embedded Processors) 4.9.3 20150303 (release) [ARM/embedded-4_9-br
