ARM GAS  C:\Users\user\AppData\Local\Temp\cc7IFr8Q.s 			page 1


   1              		.syntax unified
   2              		.cpu cortex-m3
   3              		.fpu softvfp
   4              		.eabi_attribute 20, 1
   5              		.eabi_attribute 21, 1
   6              		.eabi_attribute 23, 3
   7              		.eabi_attribute 24, 1
   8              		.eabi_attribute 25, 1
   9              		.eabi_attribute 26, 1
  10              		.eabi_attribute 30, 1
  11              		.eabi_attribute 34, 1
  12              		.eabi_attribute 18, 4
  13              		.thumb
  14              		.file	"main.c"
  15              		.text
  16              	.Ltext0:
  17              		.cfi_sections	.debug_frame
  18              		.section	.text.main,"ax",%progbits
  19              		.align	2
  20              		.global	main
  21              		.thumb
  22              		.thumb_func
  23              		.type	main, %function
  24              	main:
  25              	.LFB63:
  26              		.file 1 ".\\main.c"
   1:.\main.c      **** /* ========================================
   2:.\main.c      ****  *
   3:.\main.c      ****  * Copyright YOUR COMPANY, THE YEAR
   4:.\main.c      ****  * All Rights Reserved
   5:.\main.c      ****  * UNPUBLISHED, LICENSED SOFTWARE.
   6:.\main.c      ****  *
   7:.\main.c      ****  * CONFIDENTIAL AND PROPRIETARY INFORMATION
   8:.\main.c      ****  * WHICH IS THE PROPERTY OF your company.
   9:.\main.c      ****  *
  10:.\main.c      ****  * ========================================
  11:.\main.c      **** */
  12:.\main.c      **** #include <project.h>
  13:.\main.c      **** 
  14:.\main.c      **** int main()
  15:.\main.c      **** {
  27              		.loc 1 15 0
  28              		.cfi_startproc
  29              		@ Volatile: function does not return.
  30              		@ args = 0, pretend = 0, frame = 0
  31              		@ frame_needed = 0, uses_anonymous_args = 0
  32 0000 08B5     		push	{r3, lr}
  33              		.cfi_def_cfa_offset 8
  34              		.cfi_offset 3, -8
  35              		.cfi_offset 14, -4
  16:.\main.c      ****     CyGlobalIntEnable; /* Enable global interrupts. */
  36              		.loc 1 16 0
  37              	@ 16 ".\main.c" 1
  38 0002 62B6     		CPSIE   i
  39              	@ 0 "" 2
  17:.\main.c      **** 
  18:.\main.c      ****     /* Place your initialization/startup code here (e.g. MyInst_Start()) */
ARM GAS  C:\Users\user\AppData\Local\Temp\cc7IFr8Q.s 			page 2


  19:.\main.c      ****     PGA_1_Start();
  40              		.loc 1 19 0
  41              		.thumb
  42 0004 FFF7FEFF 		bl	PGA_1_Start
  43              	.LVL0:
  44              	.L2:
  20:.\main.c      ****     
  21:.\main.c      ****     for(;;)
  22:.\main.c      ****     {
  23:.\main.c      ****         /* Place your application code here. */
  24:.\main.c      ****         PGA_1_SetGain(PGA_1_GAIN_04);
  45              		.loc 1 24 0 discriminator 1
  46 0008 0220     		movs	r0, #2
  47 000a FFF7FEFF 		bl	PGA_1_SetGain
  48              	.LVL1:
  25:.\main.c      ****         CyDelay(50);
  49              		.loc 1 25 0 discriminator 1
  50 000e 3220     		movs	r0, #50
  51 0010 FFF7FEFF 		bl	CyDelay
  52              	.LVL2:
  26:.\main.c      ****         PGA_1_SetGain(PGA_1_GAIN_08);
  53              		.loc 1 26 0 discriminator 1
  54 0014 0320     		movs	r0, #3
  55 0016 FFF7FEFF 		bl	PGA_1_SetGain
  56              	.LVL3:
  27:.\main.c      ****         CyDelay(50);
  57              		.loc 1 27 0 discriminator 1
  58 001a 3220     		movs	r0, #50
  59 001c FFF7FEFF 		bl	CyDelay
  60              	.LVL4:
  28:.\main.c      ****     }
  61              		.loc 1 28 0 discriminator 1
  62 0020 F2E7     		b	.L2
  63              		.cfi_endproc
  64              	.LFE63:
  65              		.size	main, .-main
  66 0022 00BF     		.text
  67              	.Letext0:
  68              		.file 2 "c:\\program files (x86)\\cypress\\psoc creator\\3.3\\psoc creator\\import\\gnu\\arm\\4.9.
  69              		.file 3 "c:\\program files (x86)\\cypress\\psoc creator\\3.3\\psoc creator\\import\\gnu\\arm\\4.9.
  70              		.file 4 "Generated_Source\\PSoC5/cytypes.h"
  71              		.file 5 "Generated_Source\\PSoC5/core_cm3.h"
  72              		.file 6 "Generated_Source\\PSoC5/PGA_1.h"
  73              		.file 7 "Generated_Source\\PSoC5/CyLib.h"
  74              		.section	.debug_info,"",%progbits
  75              	.Ldebug_info0:
  76 0000 55010000 		.4byte	0x155
  77 0004 0400     		.2byte	0x4
  78 0006 00000000 		.4byte	.Ldebug_abbrev0
  79 000a 04       		.byte	0x4
  80 000b 01       		.uleb128 0x1
  81 000c 7D000000 		.4byte	.LASF17
  82 0010 01       		.byte	0x1
  83 0011 27010000 		.4byte	.LASF18
  84 0015 45010000 		.4byte	.LASF19
  85 0019 00000000 		.4byte	.Ldebug_ranges0+0
  86 001d 00000000 		.4byte	0
ARM GAS  C:\Users\user\AppData\Local\Temp\cc7IFr8Q.s 			page 3


  87 0021 00000000 		.4byte	.Ldebug_line0
  88 0025 02       		.uleb128 0x2
  89 0026 01       		.byte	0x1
  90 0027 06       		.byte	0x6
  91 0028 94010000 		.4byte	.LASF0
  92 002c 02       		.uleb128 0x2
  93 002d 01       		.byte	0x1
  94 002e 08       		.byte	0x8
  95 002f 0B010000 		.4byte	.LASF1
  96 0033 02       		.uleb128 0x2
  97 0034 02       		.byte	0x2
  98 0035 05       		.byte	0x5
  99 0036 B0010000 		.4byte	.LASF2
 100 003a 02       		.uleb128 0x2
 101 003b 02       		.byte	0x2
 102 003c 07       		.byte	0x7
 103 003d 6A000000 		.4byte	.LASF3
 104 0041 03       		.uleb128 0x3
 105 0042 A0010000 		.4byte	.LASF9
 106 0046 02       		.byte	0x2
 107 0047 3F       		.byte	0x3f
 108 0048 4C000000 		.4byte	0x4c
 109 004c 02       		.uleb128 0x2
 110 004d 04       		.byte	0x4
 111 004e 05       		.byte	0x5
 112 004f 1E010000 		.4byte	.LASF4
 113 0053 02       		.uleb128 0x2
 114 0054 04       		.byte	0x4
 115 0055 07       		.byte	0x7
 116 0056 35000000 		.4byte	.LASF5
 117 005a 02       		.uleb128 0x2
 118 005b 08       		.byte	0x8
 119 005c 05       		.byte	0x5
 120 005d 00000000 		.4byte	.LASF6
 121 0061 02       		.uleb128 0x2
 122 0062 08       		.byte	0x8
 123 0063 07       		.byte	0x7
 124 0064 53000000 		.4byte	.LASF7
 125 0068 04       		.uleb128 0x4
 126 0069 04       		.byte	0x4
 127 006a 05       		.byte	0x5
 128 006b 696E7400 		.ascii	"int\000"
 129 006f 02       		.uleb128 0x2
 130 0070 04       		.byte	0x4
 131 0071 07       		.byte	0x7
 132 0072 15000000 		.4byte	.LASF8
 133 0076 03       		.uleb128 0x3
 134 0077 BA010000 		.4byte	.LASF10
 135 007b 03       		.byte	0x3
 136 007c 2C       		.byte	0x2c
 137 007d 41000000 		.4byte	0x41
 138 0081 05       		.uleb128 0x5
 139 0082 2F000000 		.4byte	.LASF11
 140 0086 04       		.byte	0x4
 141 0087 3801     		.2byte	0x138
 142 0089 2C000000 		.4byte	0x2c
 143 008d 05       		.uleb128 0x5
ARM GAS  C:\Users\user\AppData\Local\Temp\cc7IFr8Q.s 			page 4


 144 008e 0E000000 		.4byte	.LASF12
 145 0092 04       		.byte	0x4
 146 0093 3A01     		.2byte	0x13a
 147 0095 53000000 		.4byte	0x53
 148 0099 02       		.uleb128 0x2
 149 009a 04       		.byte	0x4
 150 009b 04       		.byte	0x4
 151 009c AA010000 		.4byte	.LASF13
 152 00a0 02       		.uleb128 0x2
 153 00a1 08       		.byte	0x8
 154 00a2 04       		.byte	0x4
 155 00a3 3E010000 		.4byte	.LASF14
 156 00a7 02       		.uleb128 0x2
 157 00a8 01       		.byte	0x1
 158 00a9 08       		.byte	0x8
 159 00aa 19010000 		.4byte	.LASF15
 160 00ae 02       		.uleb128 0x2
 161 00af 04       		.byte	0x4
 162 00b0 07       		.byte	0x7
 163 00b1 C2010000 		.4byte	.LASF16
 164 00b5 06       		.uleb128 0x6
 165 00b6 22000000 		.4byte	.LASF20
 166 00ba 01       		.byte	0x1
 167 00bb 0E       		.byte	0xe
 168 00bc 68000000 		.4byte	0x68
 169 00c0 00000000 		.4byte	.LFB63
 170 00c4 22000000 		.4byte	.LFE63-.LFB63
 171 00c8 01       		.uleb128 0x1
 172 00c9 9C       		.byte	0x9c
 173 00ca 22010000 		.4byte	0x122
 174 00ce 07       		.uleb128 0x7
 175 00cf 08000000 		.4byte	.LVL0
 176 00d3 33010000 		.4byte	0x133
 177 00d7 08       		.uleb128 0x8
 178 00d8 0E000000 		.4byte	.LVL1
 179 00dc 3A010000 		.4byte	0x13a
 180 00e0 EA000000 		.4byte	0xea
 181 00e4 09       		.uleb128 0x9
 182 00e5 01       		.uleb128 0x1
 183 00e6 50       		.byte	0x50
 184 00e7 01       		.uleb128 0x1
 185 00e8 32       		.byte	0x32
 186 00e9 00       		.byte	0
 187 00ea 08       		.uleb128 0x8
 188 00eb 14000000 		.4byte	.LVL2
 189 00ef 4B010000 		.4byte	0x14b
 190 00f3 FE000000 		.4byte	0xfe
 191 00f7 09       		.uleb128 0x9
 192 00f8 01       		.uleb128 0x1
 193 00f9 50       		.byte	0x50
 194 00fa 02       		.uleb128 0x2
 195 00fb 08       		.byte	0x8
 196 00fc 32       		.byte	0x32
 197 00fd 00       		.byte	0
 198 00fe 08       		.uleb128 0x8
 199 00ff 1A000000 		.4byte	.LVL3
 200 0103 3A010000 		.4byte	0x13a
ARM GAS  C:\Users\user\AppData\Local\Temp\cc7IFr8Q.s 			page 5


 201 0107 11010000 		.4byte	0x111
 202 010b 09       		.uleb128 0x9
 203 010c 01       		.uleb128 0x1
 204 010d 50       		.byte	0x50
 205 010e 01       		.uleb128 0x1
 206 010f 33       		.byte	0x33
 207 0110 00       		.byte	0
 208 0111 0A       		.uleb128 0xa
 209 0112 20000000 		.4byte	.LVL4
 210 0116 4B010000 		.4byte	0x14b
 211 011a 09       		.uleb128 0x9
 212 011b 01       		.uleb128 0x1
 213 011c 50       		.byte	0x50
 214 011d 02       		.uleb128 0x2
 215 011e 08       		.byte	0x8
 216 011f 32       		.byte	0x32
 217 0120 00       		.byte	0
 218 0121 00       		.byte	0
 219 0122 0B       		.uleb128 0xb
 220 0123 87010000 		.4byte	.LASF21
 221 0127 05       		.byte	0x5
 222 0128 5506     		.2byte	0x655
 223 012a 2E010000 		.4byte	0x12e
 224 012e 0C       		.uleb128 0xc
 225 012f 76000000 		.4byte	0x76
 226 0133 0D       		.uleb128 0xd
 227 0134 47000000 		.4byte	.LASF22
 228 0138 06       		.byte	0x6
 229 0139 3E       		.byte	0x3e
 230 013a 0E       		.uleb128 0xe
 231 013b 30010000 		.4byte	.LASF23
 232 013f 06       		.byte	0x6
 233 0140 41       		.byte	0x41
 234 0141 4B010000 		.4byte	0x14b
 235 0145 0F       		.uleb128 0xf
 236 0146 81000000 		.4byte	0x81
 237 014a 00       		.byte	0
 238 014b 10       		.uleb128 0x10
 239 014c 27000000 		.4byte	.LASF24
 240 0150 07       		.byte	0x7
 241 0151 77       		.byte	0x77
 242 0152 0F       		.uleb128 0xf
 243 0153 8D000000 		.4byte	0x8d
 244 0157 00       		.byte	0
 245 0158 00       		.byte	0
 246              		.section	.debug_abbrev,"",%progbits
 247              	.Ldebug_abbrev0:
 248 0000 01       		.uleb128 0x1
 249 0001 11       		.uleb128 0x11
 250 0002 01       		.byte	0x1
 251 0003 25       		.uleb128 0x25
 252 0004 0E       		.uleb128 0xe
 253 0005 13       		.uleb128 0x13
 254 0006 0B       		.uleb128 0xb
 255 0007 03       		.uleb128 0x3
 256 0008 0E       		.uleb128 0xe
 257 0009 1B       		.uleb128 0x1b
ARM GAS  C:\Users\user\AppData\Local\Temp\cc7IFr8Q.s 			page 6


 258 000a 0E       		.uleb128 0xe
 259 000b 55       		.uleb128 0x55
 260 000c 17       		.uleb128 0x17
 261 000d 11       		.uleb128 0x11
 262 000e 01       		.uleb128 0x1
 263 000f 10       		.uleb128 0x10
 264 0010 17       		.uleb128 0x17
 265 0011 00       		.byte	0
 266 0012 00       		.byte	0
 267 0013 02       		.uleb128 0x2
 268 0014 24       		.uleb128 0x24
 269 0015 00       		.byte	0
 270 0016 0B       		.uleb128 0xb
 271 0017 0B       		.uleb128 0xb
 272 0018 3E       		.uleb128 0x3e
 273 0019 0B       		.uleb128 0xb
 274 001a 03       		.uleb128 0x3
 275 001b 0E       		.uleb128 0xe
 276 001c 00       		.byte	0
 277 001d 00       		.byte	0
 278 001e 03       		.uleb128 0x3
 279 001f 16       		.uleb128 0x16
 280 0020 00       		.byte	0
 281 0021 03       		.uleb128 0x3
 282 0022 0E       		.uleb128 0xe
 283 0023 3A       		.uleb128 0x3a
 284 0024 0B       		.uleb128 0xb
 285 0025 3B       		.uleb128 0x3b
 286 0026 0B       		.uleb128 0xb
 287 0027 49       		.uleb128 0x49
 288 0028 13       		.uleb128 0x13
 289 0029 00       		.byte	0
 290 002a 00       		.byte	0
 291 002b 04       		.uleb128 0x4
 292 002c 24       		.uleb128 0x24
 293 002d 00       		.byte	0
 294 002e 0B       		.uleb128 0xb
 295 002f 0B       		.uleb128 0xb
 296 0030 3E       		.uleb128 0x3e
 297 0031 0B       		.uleb128 0xb
 298 0032 03       		.uleb128 0x3
 299 0033 08       		.uleb128 0x8
 300 0034 00       		.byte	0
 301 0035 00       		.byte	0
 302 0036 05       		.uleb128 0x5
 303 0037 16       		.uleb128 0x16
 304 0038 00       		.byte	0
 305 0039 03       		.uleb128 0x3
 306 003a 0E       		.uleb128 0xe
 307 003b 3A       		.uleb128 0x3a
 308 003c 0B       		.uleb128 0xb
 309 003d 3B       		.uleb128 0x3b
 310 003e 05       		.uleb128 0x5
 311 003f 49       		.uleb128 0x49
 312 0040 13       		.uleb128 0x13
 313 0041 00       		.byte	0
 314 0042 00       		.byte	0
ARM GAS  C:\Users\user\AppData\Local\Temp\cc7IFr8Q.s 			page 7


 315 0043 06       		.uleb128 0x6
 316 0044 2E       		.uleb128 0x2e
 317 0045 01       		.byte	0x1
 318 0046 3F       		.uleb128 0x3f
 319 0047 19       		.uleb128 0x19
 320 0048 03       		.uleb128 0x3
 321 0049 0E       		.uleb128 0xe
 322 004a 3A       		.uleb128 0x3a
 323 004b 0B       		.uleb128 0xb
 324 004c 3B       		.uleb128 0x3b
 325 004d 0B       		.uleb128 0xb
 326 004e 49       		.uleb128 0x49
 327 004f 13       		.uleb128 0x13
 328 0050 11       		.uleb128 0x11
 329 0051 01       		.uleb128 0x1
 330 0052 12       		.uleb128 0x12
 331 0053 06       		.uleb128 0x6
 332 0054 40       		.uleb128 0x40
 333 0055 18       		.uleb128 0x18
 334 0056 9742     		.uleb128 0x2117
 335 0058 19       		.uleb128 0x19
 336 0059 01       		.uleb128 0x1
 337 005a 13       		.uleb128 0x13
 338 005b 00       		.byte	0
 339 005c 00       		.byte	0
 340 005d 07       		.uleb128 0x7
 341 005e 898201   		.uleb128 0x4109
 342 0061 00       		.byte	0
 343 0062 11       		.uleb128 0x11
 344 0063 01       		.uleb128 0x1
 345 0064 31       		.uleb128 0x31
 346 0065 13       		.uleb128 0x13
 347 0066 00       		.byte	0
 348 0067 00       		.byte	0
 349 0068 08       		.uleb128 0x8
 350 0069 898201   		.uleb128 0x4109
 351 006c 01       		.byte	0x1
 352 006d 11       		.uleb128 0x11
 353 006e 01       		.uleb128 0x1
 354 006f 31       		.uleb128 0x31
 355 0070 13       		.uleb128 0x13
 356 0071 01       		.uleb128 0x1
 357 0072 13       		.uleb128 0x13
 358 0073 00       		.byte	0
 359 0074 00       		.byte	0
 360 0075 09       		.uleb128 0x9
 361 0076 8A8201   		.uleb128 0x410a
 362 0079 00       		.byte	0
 363 007a 02       		.uleb128 0x2
 364 007b 18       		.uleb128 0x18
 365 007c 9142     		.uleb128 0x2111
 366 007e 18       		.uleb128 0x18
 367 007f 00       		.byte	0
 368 0080 00       		.byte	0
 369 0081 0A       		.uleb128 0xa
 370 0082 898201   		.uleb128 0x4109
 371 0085 01       		.byte	0x1
ARM GAS  C:\Users\user\AppData\Local\Temp\cc7IFr8Q.s 			page 8


 372 0086 11       		.uleb128 0x11
 373 0087 01       		.uleb128 0x1
 374 0088 31       		.uleb128 0x31
 375 0089 13       		.uleb128 0x13
 376 008a 00       		.byte	0
 377 008b 00       		.byte	0
 378 008c 0B       		.uleb128 0xb
 379 008d 34       		.uleb128 0x34
 380 008e 00       		.byte	0
 381 008f 03       		.uleb128 0x3
 382 0090 0E       		.uleb128 0xe
 383 0091 3A       		.uleb128 0x3a
 384 0092 0B       		.uleb128 0xb
 385 0093 3B       		.uleb128 0x3b
 386 0094 05       		.uleb128 0x5
 387 0095 49       		.uleb128 0x49
 388 0096 13       		.uleb128 0x13
 389 0097 3F       		.uleb128 0x3f
 390 0098 19       		.uleb128 0x19
 391 0099 3C       		.uleb128 0x3c
 392 009a 19       		.uleb128 0x19
 393 009b 00       		.byte	0
 394 009c 00       		.byte	0
 395 009d 0C       		.uleb128 0xc
 396 009e 35       		.uleb128 0x35
 397 009f 00       		.byte	0
 398 00a0 49       		.uleb128 0x49
 399 00a1 13       		.uleb128 0x13
 400 00a2 00       		.byte	0
 401 00a3 00       		.byte	0
 402 00a4 0D       		.uleb128 0xd
 403 00a5 2E       		.uleb128 0x2e
 404 00a6 00       		.byte	0
 405 00a7 3F       		.uleb128 0x3f
 406 00a8 19       		.uleb128 0x19
 407 00a9 03       		.uleb128 0x3
 408 00aa 0E       		.uleb128 0xe
 409 00ab 3A       		.uleb128 0x3a
 410 00ac 0B       		.uleb128 0xb
 411 00ad 3B       		.uleb128 0x3b
 412 00ae 0B       		.uleb128 0xb
 413 00af 27       		.uleb128 0x27
 414 00b0 19       		.uleb128 0x19
 415 00b1 3C       		.uleb128 0x3c
 416 00b2 19       		.uleb128 0x19
 417 00b3 00       		.byte	0
 418 00b4 00       		.byte	0
 419 00b5 0E       		.uleb128 0xe
 420 00b6 2E       		.uleb128 0x2e
 421 00b7 01       		.byte	0x1
 422 00b8 3F       		.uleb128 0x3f
 423 00b9 19       		.uleb128 0x19
 424 00ba 03       		.uleb128 0x3
 425 00bb 0E       		.uleb128 0xe
 426 00bc 3A       		.uleb128 0x3a
 427 00bd 0B       		.uleb128 0xb
 428 00be 3B       		.uleb128 0x3b
ARM GAS  C:\Users\user\AppData\Local\Temp\cc7IFr8Q.s 			page 9


 429 00bf 0B       		.uleb128 0xb
 430 00c0 27       		.uleb128 0x27
 431 00c1 19       		.uleb128 0x19
 432 00c2 3C       		.uleb128 0x3c
 433 00c3 19       		.uleb128 0x19
 434 00c4 01       		.uleb128 0x1
 435 00c5 13       		.uleb128 0x13
 436 00c6 00       		.byte	0
 437 00c7 00       		.byte	0
 438 00c8 0F       		.uleb128 0xf
 439 00c9 05       		.uleb128 0x5
 440 00ca 00       		.byte	0
 441 00cb 49       		.uleb128 0x49
 442 00cc 13       		.uleb128 0x13
 443 00cd 00       		.byte	0
 444 00ce 00       		.byte	0
 445 00cf 10       		.uleb128 0x10
 446 00d0 2E       		.uleb128 0x2e
 447 00d1 01       		.byte	0x1
 448 00d2 3F       		.uleb128 0x3f
 449 00d3 19       		.uleb128 0x19
 450 00d4 03       		.uleb128 0x3
 451 00d5 0E       		.uleb128 0xe
 452 00d6 3A       		.uleb128 0x3a
 453 00d7 0B       		.uleb128 0xb
 454 00d8 3B       		.uleb128 0x3b
 455 00d9 0B       		.uleb128 0xb
 456 00da 27       		.uleb128 0x27
 457 00db 19       		.uleb128 0x19
 458 00dc 3C       		.uleb128 0x3c
 459 00dd 19       		.uleb128 0x19
 460 00de 00       		.byte	0
 461 00df 00       		.byte	0
 462 00e0 00       		.byte	0
 463              		.section	.debug_aranges,"",%progbits
 464 0000 1C000000 		.4byte	0x1c
 465 0004 0200     		.2byte	0x2
 466 0006 00000000 		.4byte	.Ldebug_info0
 467 000a 04       		.byte	0x4
 468 000b 00       		.byte	0
 469 000c 0000     		.2byte	0
 470 000e 0000     		.2byte	0
 471 0010 00000000 		.4byte	.LFB63
 472 0014 22000000 		.4byte	.LFE63-.LFB63
 473 0018 00000000 		.4byte	0
 474 001c 00000000 		.4byte	0
 475              		.section	.debug_ranges,"",%progbits
 476              	.Ldebug_ranges0:
 477 0000 00000000 		.4byte	.LFB63
 478 0004 22000000 		.4byte	.LFE63
 479 0008 00000000 		.4byte	0
 480 000c 00000000 		.4byte	0
 481              		.section	.debug_line,"",%progbits
 482              	.Ldebug_line0:
 483 0000 8F010000 		.section	.debug_str,"MS",%progbits,1
 483      02005F01 
 483      00000201 
ARM GAS  C:\Users\user\AppData\Local\Temp\cc7IFr8Q.s 			page 10


 483      FB0E0D00 
 483      01010101 
 484              	.LASF6:
 485 0000 6C6F6E67 		.ascii	"long long int\000"
 485      206C6F6E 
 485      6720696E 
 485      7400
 486              	.LASF12:
 487 000e 75696E74 		.ascii	"uint32\000"
 487      333200
 488              	.LASF8:
 489 0015 756E7369 		.ascii	"unsigned int\000"
 489      676E6564 
 489      20696E74 
 489      00
 490              	.LASF20:
 491 0022 6D61696E 		.ascii	"main\000"
 491      00
 492              	.LASF24:
 493 0027 43794465 		.ascii	"CyDelay\000"
 493      6C617900 
 494              	.LASF11:
 495 002f 75696E74 		.ascii	"uint8\000"
 495      3800
 496              	.LASF5:
 497 0035 6C6F6E67 		.ascii	"long unsigned int\000"
 497      20756E73 
 497      69676E65 
 497      6420696E 
 497      7400
 498              	.LASF22:
 499 0047 5047415F 		.ascii	"PGA_1_Start\000"
 499      315F5374 
 499      61727400 
 500              	.LASF7:
 501 0053 6C6F6E67 		.ascii	"long long unsigned int\000"
 501      206C6F6E 
 501      6720756E 
 501      7369676E 
 501      65642069 
 502              	.LASF3:
 503 006a 73686F72 		.ascii	"short unsigned int\000"
 503      7420756E 
 503      7369676E 
 503      65642069 
 503      6E7400
 504              	.LASF17:
 505 007d 474E5520 		.ascii	"GNU C 4.9.3 20150303 (release) [ARM/embedded-4_9-br"
 505      4320342E 
 505      392E3320 
 505      32303135 
 505      30333033 
 506 00b0 616E6368 		.ascii	"anch revision 221220] -mcpu=cortex-m3 -mthumb -g -O"
 506      20726576 
 506      6973696F 
 506      6E203232 
 506      31323230 
ARM GAS  C:\Users\user\AppData\Local\Temp\cc7IFr8Q.s 			page 11


 507 00e3 67202D66 		.ascii	"g -ffunction-sections -ffat-lto-objects\000"
 507      66756E63 
 507      74696F6E 
 507      2D736563 
 507      74696F6E 
 508              	.LASF1:
 509 010b 756E7369 		.ascii	"unsigned char\000"
 509      676E6564 
 509      20636861 
 509      7200
 510              	.LASF15:
 511 0119 63686172 		.ascii	"char\000"
 511      00
 512              	.LASF4:
 513 011e 6C6F6E67 		.ascii	"long int\000"
 513      20696E74 
 513      00
 514              	.LASF18:
 515 0127 2E5C6D61 		.ascii	".\\main.c\000"
 515      696E2E63 
 515      00
 516              	.LASF23:
 517 0130 5047415F 		.ascii	"PGA_1_SetGain\000"
 517      315F5365 
 517      74476169 
 517      6E00
 518              	.LASF14:
 519 013e 646F7562 		.ascii	"double\000"
 519      6C6500
 520              	.LASF19:
 521 0145 443A5C55 		.ascii	"D:\\Utilisateurs\\user\\Documents\\PSoC Creator\\Wo"
 521      74696C69 
 521      73617465 
 521      7572735C 
 521      75736572 
 522 0173 726B7370 		.ascii	"rkspace02\\PGA.cydsn\000"
 522      61636530 
 522      325C5047 
 522      412E6379 
 522      64736E00 
 523              	.LASF21:
 524 0187 49544D5F 		.ascii	"ITM_RxBuffer\000"
 524      52784275 
 524      66666572 
 524      00
 525              	.LASF0:
 526 0194 7369676E 		.ascii	"signed char\000"
 526      65642063 
 526      68617200 
 527              	.LASF9:
 528 01a0 5F5F696E 		.ascii	"__int32_t\000"
 528      7433325F 
 528      7400
 529              	.LASF13:
 530 01aa 666C6F61 		.ascii	"float\000"
 530      7400
 531              	.LASF2:
ARM GAS  C:\Users\user\AppData\Local\Temp\cc7IFr8Q.s 			page 12


 532 01b0 73686F72 		.ascii	"short int\000"
 532      7420696E 
 532      7400
 533              	.LASF10:
 534 01ba 696E7433 		.ascii	"int32_t\000"
 534      325F7400 
 535              	.LASF16:
 536 01c2 73697A65 		.ascii	"sizetype\000"
 536      74797065 
 536      00
 537              		.ident	"GCC: (GNU Tools for ARM Embedded Processors) 4.9.3 20150303 (release) [ARM/embedded-4_9-br
