ARM GAS  C:\Users\user\AppData\Local\Temp\ccCoanRs.s 			page 1


   1              		.syntax unified
   2              		.cpu cortex-m3
   3              		.fpu softvfp
   4              		.eabi_attribute 20, 1
   5              		.eabi_attribute 21, 1
   6              		.eabi_attribute 23, 3
   7              		.eabi_attribute 24, 1
   8              		.eabi_attribute 25, 1
   9              		.eabi_attribute 26, 1
  10              		.eabi_attribute 30, 1
  11              		.eabi_attribute 34, 1
  12              		.eabi_attribute 18, 4
  13              		.thumb
  14              		.file	"cymetadata.c"
  15              		.text
  16              	.Ltext0:
  17              		.cfi_sections	.debug_frame
  18              		.global	cy_metadata
  19              		.global	cy_meta_flashprotect
  20              		.global	cy_meta_wonvl
  21              		.global	cy_meta_custnvl
  22              		.global	cy_meta_configecc
  23              		.section	.cyconfigecc,"a",%progbits
  24              		.align	2
  25              		.type	cy_meta_configecc, %object
  26              		.size	cy_meta_configecc, 540
  27              	cy_meta_configecc:
  28 0000 03       		.byte	3
  29 0001 52       		.byte	82
  30 0002 00       		.byte	0
  31 0003 40       		.byte	64
  32 0004 01       		.byte	1
  33 0005 5A       		.byte	90
  34 0006 00       		.byte	0
  35 0007 40       		.byte	64
  36 0008 02       		.byte	2
  37 0009 64       		.byte	100
  38 000a 00       		.byte	0
  39 000b 40       		.byte	64
  40 000c 01       		.byte	1
  41 000d 01       		.byte	1
  42 000e 01       		.byte	1
  43 000f 40       		.byte	64
  44 0010 3E       		.byte	62
  45 0011 02       		.byte	2
  46 0012 01       		.byte	1
  47 0013 40       		.byte	64
  48 0014 1E       		.byte	30
  49 0015 03       		.byte	3
  50 0016 01       		.byte	1
  51 0017 40       		.byte	64
  52 0018 02       		.byte	2
  53 0019 05       		.byte	5
  54 001a 01       		.byte	1
  55 001b 40       		.byte	64
  56 001c 02       		.byte	2
  57 001d 07       		.byte	7
ARM GAS  C:\Users\user\AppData\Local\Temp\ccCoanRs.s 			page 2


  58 001e 01       		.byte	1
  59 001f 40       		.byte	64
  60 0020 01       		.byte	1
  61 0021 09       		.byte	9
  62 0022 01       		.byte	1
  63 0023 40       		.byte	64
  64 0024 02       		.byte	2
  65 0025 0B       		.byte	11
  66 0026 01       		.byte	1
  67 0027 40       		.byte	64
  68 0028 28       		.byte	40
  69 0029 0C       		.byte	12
  70 002a 01       		.byte	1
  71 002b 40       		.byte	64
  72 002c 18       		.byte	24
  73 002d 0D       		.byte	13
  74 002e 01       		.byte	1
  75 002f 40       		.byte	64
  76 0030 01       		.byte	1
  77 0031 0F       		.byte	15
  78 0032 01       		.byte	1
  79 0033 40       		.byte	64
  80 0034 04       		.byte	4
  81 0035 40       		.byte	64
  82 0036 01       		.byte	1
  83 0037 40       		.byte	64
  84 0038 02       		.byte	2
  85 0039 41       		.byte	65
  86 003a 01       		.byte	1
  87 003b 40       		.byte	64
  88 003c 02       		.byte	2
  89 003d 42       		.byte	66
  90 003e 01       		.byte	1
  91 003f 40       		.byte	64
  92 0040 03       		.byte	3
  93 0041 43       		.byte	67
  94 0042 01       		.byte	1
  95 0043 40       		.byte	64
  96 0044 03       		.byte	3
  97 0045 44       		.byte	68
  98 0046 01       		.byte	1
  99 0047 40       		.byte	64
 100 0048 03       		.byte	3
 101 0049 45       		.byte	69
 102 004a 01       		.byte	1
 103 004b 40       		.byte	64
 104 004c 04       		.byte	4
 105 004d 46       		.byte	70
 106 004e 01       		.byte	1
 107 004f 40       		.byte	64
 108 0050 02       		.byte	2
 109 0051 47       		.byte	71
 110 0052 01       		.byte	1
 111 0053 40       		.byte	64
 112 0054 03       		.byte	3
 113 0055 48       		.byte	72
 114 0056 01       		.byte	1
ARM GAS  C:\Users\user\AppData\Local\Temp\ccCoanRs.s 			page 3


 115 0057 40       		.byte	64
 116 0058 03       		.byte	3
 117 0059 4C       		.byte	76
 118 005a 01       		.byte	1
 119 005b 40       		.byte	64
 120 005c 03       		.byte	3
 121 005d 50       		.byte	80
 122 005e 01       		.byte	1
 123 005f 40       		.byte	64
 124 0060 01       		.byte	1
 125 0061 51       		.byte	81
 126 0062 01       		.byte	1
 127 0063 40       		.byte	64
 128 0064 00       		.byte	0
 129 0065 80       		.byte	-128
 130 0066 01       		.byte	1
 131 0067 80       		.byte	-128
 132 0068 10       		.byte	16
 133 0069 02       		.byte	2
 134 006a C7       		.byte	-57
 135 006b 04       		.byte	4
 136 006c 83       		.byte	-125
 137 006d 0D       		.byte	13
 138 006e 8D       		.byte	-115
 139 006f 0D       		.byte	13
 140 0070 E6       		.byte	-26
 141 0071 08       		.byte	8
 142 0072 40       		.byte	64
 143 0073 60       		.byte	96
 144 0074 41       		.byte	65
 145 0075 05       		.byte	5
 146 0076 49       		.byte	73
 147 0077 FF       		.byte	-1
 148 0078 4A       		.byte	74
 149 0079 FF       		.byte	-1
 150 007a 4B       		.byte	75
 151 007b FF       		.byte	-1
 152 007c 4D       		.byte	77
 153 007d A0       		.byte	-96
 154 007e 4F       		.byte	79
 155 007f 04       		.byte	4
 156 0080 50       		.byte	80
 157 0081 18       		.byte	24
 158 0082 5A       		.byte	90
 159 0083 04       		.byte	4
 160 0084 5F       		.byte	95
 161 0085 01       		.byte	1
 162 0086 60       		.byte	96
 163 0087 40       		.byte	64
 164 0088 62       		.byte	98
 165 0089 C0       		.byte	-64
 166 008a 64       		.byte	100
 167 008b 40       		.byte	64
 168 008c 65       		.byte	101
 169 008d 40       		.byte	64
 170 008e 66       		.byte	102
 171 008f C0       		.byte	-64
ARM GAS  C:\Users\user\AppData\Local\Temp\ccCoanRs.s 			page 4


 172 0090 68       		.byte	104
 173 0091 C0       		.byte	-64
 174 0092 6A       		.byte	106
 175 0093 C0       		.byte	-64
 176 0094 6C       		.byte	108
 177 0095 C0       		.byte	-64
 178 0096 6E       		.byte	110
 179 0097 C0       		.byte	-64
 180 0098 82       		.byte	-126
 181 0099 08       		.byte	8
 182 009a 8E       		.byte	-114
 183 009b 02       		.byte	2
 184 009c 91       		.byte	-111
 185 009d 02       		.byte	2
 186 009e 92       		.byte	-110
 187 009f 01       		.byte	1
 188 00a0 9A       		.byte	-102
 189 00a1 06       		.byte	6
 190 00a2 9B       		.byte	-101
 191 00a3 03       		.byte	3
 192 00a4 A2       		.byte	-94
 193 00a5 08       		.byte	8
 194 00a6 A6       		.byte	-90
 195 00a7 04       		.byte	4
 196 00a8 B0       		.byte	-80
 197 00a9 08       		.byte	8
 198 00aa B1       		.byte	-79
 199 00ab 01       		.byte	1
 200 00ac B2       		.byte	-78
 201 00ad 02       		.byte	2
 202 00ae B4       		.byte	-76
 203 00af 01       		.byte	1
 204 00b0 B6       		.byte	-74
 205 00b1 04       		.byte	4
 206 00b2 B7       		.byte	-73
 207 00b3 02       		.byte	2
 208 00b4 BE       		.byte	-66
 209 00b5 05       		.byte	5
 210 00b6 C0       		.byte	-64
 211 00b7 20       		.byte	32
 212 00b8 C1       		.byte	-63
 213 00b9 05       		.byte	5
 214 00ba C5       		.byte	-59
 215 00bb D1       		.byte	-47
 216 00bc C7       		.byte	-57
 217 00bd 20       		.byte	32
 218 00be C8       		.byte	-56
 219 00bf 23       		.byte	35
 220 00c0 C9       		.byte	-55
 221 00c1 FF       		.byte	-1
 222 00c2 CA       		.byte	-54
 223 00c3 FF       		.byte	-1
 224 00c4 CB       		.byte	-53
 225 00c5 FF       		.byte	-1
 226 00c6 CD       		.byte	-51
 227 00c7 AF       		.byte	-81
 228 00c8 CE       		.byte	-50
ARM GAS  C:\Users\user\AppData\Local\Temp\ccCoanRs.s 			page 5


 229 00c9 0F       		.byte	15
 230 00ca CF       		.byte	-49
 231 00cb 04       		.byte	4
 232 00cc D0       		.byte	-48
 233 00cd 18       		.byte	24
 234 00ce D2       		.byte	-46
 235 00cf 80       		.byte	-128
 236 00d0 D4       		.byte	-44
 237 00d1 05       		.byte	5
 238 00d2 D8       		.byte	-40
 239 00d3 04       		.byte	4
 240 00d4 D9       		.byte	-39
 241 00d5 04       		.byte	4
 242 00d6 DA       		.byte	-38
 243 00d7 04       		.byte	4
 244 00d8 DB       		.byte	-37
 245 00d9 04       		.byte	4
 246 00da DF       		.byte	-33
 247 00db 01       		.byte	1
 248 00dc E0       		.byte	-32
 249 00dd 40       		.byte	64
 250 00de E2       		.byte	-30
 251 00df C0       		.byte	-64
 252 00e0 E4       		.byte	-28
 253 00e1 40       		.byte	64
 254 00e2 E5       		.byte	-27
 255 00e3 40       		.byte	64
 256 00e4 E6       		.byte	-26
 257 00e5 C0       		.byte	-64
 258 00e6 E8       		.byte	-24
 259 00e7 C0       		.byte	-64
 260 00e8 EA       		.byte	-22
 261 00e9 C0       		.byte	-64
 262 00ea EC       		.byte	-20
 263 00eb C0       		.byte	-64
 264 00ec EE       		.byte	-18
 265 00ed C0       		.byte	-64
 266 00ee 00       		.byte	0
 267 00ef 01       		.byte	1
 268 00f0 02       		.byte	2
 269 00f1 02       		.byte	2
 270 00f2 0A       		.byte	10
 271 00f3 44       		.byte	68
 272 00f4 10       		.byte	16
 273 00f5 20       		.byte	32
 274 00f6 11       		.byte	17
 275 00f7 02       		.byte	2
 276 00f8 18       		.byte	24
 277 00f9 01       		.byte	1
 278 00fa 19       		.byte	25
 279 00fb 04       		.byte	4
 280 00fc 1A       		.byte	26
 281 00fd 04       		.byte	4
 282 00fe 1B       		.byte	27
 283 00ff 11       		.byte	17
 284 0100 21       		.byte	33
 285 0101 02       		.byte	2
ARM GAS  C:\Users\user\AppData\Local\Temp\ccCoanRs.s 			page 6


 286 0102 22       		.byte	34
 287 0103 40       		.byte	64
 288 0104 30       		.byte	48
 289 0105 20       		.byte	32
 290 0106 31       		.byte	49
 291 0107 02       		.byte	2
 292 0108 42       		.byte	66
 293 0109 04       		.byte	4
 294 010a 48       		.byte	72
 295 010b 20       		.byte	32
 296 010c 49       		.byte	73
 297 010d 01       		.byte	1
 298 010e 4A       		.byte	74
 299 010f 02       		.byte	2
 300 0110 4E       		.byte	78
 301 0111 02       		.byte	2
 302 0112 4F       		.byte	79
 303 0113 20       		.byte	32
 304 0114 52       		.byte	82
 305 0115 02       		.byte	2
 306 0116 59       		.byte	89
 307 0117 05       		.byte	5
 308 0118 5A       		.byte	90
 309 0119 80       		.byte	-128
 310 011a 72       		.byte	114
 311 011b 40       		.byte	64
 312 011c C0       		.byte	-64
 313 011d 09       		.byte	9
 314 011e C2       		.byte	-62
 315 011f 0A       		.byte	10
 316 0120 C4       		.byte	-60
 317 0121 0C       		.byte	12
 318 0122 CC       		.byte	-52
 319 0123 05       		.byte	5
 320 0124 D0       		.byte	-48
 321 0125 04       		.byte	4
 322 0126 D2       		.byte	-46
 323 0127 38       		.byte	56
 324 0128 D6       		.byte	-42
 325 0129 0B       		.byte	11
 326 012a A5       		.byte	-91
 327 012b 01       		.byte	1
 328 012c AF       		.byte	-81
 329 012d 01       		.byte	1
 330 012e A9       		.byte	-87
 331 012f 01       		.byte	1
 332 0130 EC       		.byte	-20
 333 0131 01       		.byte	1
 334 0132 EC       		.byte	-20
 335 0133 01       		.byte	1
 336 0134 AD       		.byte	-83
 337 0135 40       		.byte	64
 338 0136 EC       		.byte	-20
 339 0137 08       		.byte	8
 340 0138 8E       		.byte	-114
 341 0139 05       		.byte	5
 342 013a 92       		.byte	-110
ARM GAS  C:\Users\user\AppData\Local\Temp\ccCoanRs.s 			page 7


 343 013b 02       		.byte	2
 344 013c 9F       		.byte	-97
 345 013d 01       		.byte	1
 346 013e A2       		.byte	-94
 347 013f 0C       		.byte	12
 348 0140 A5       		.byte	-91
 349 0141 01       		.byte	1
 350 0142 A6       		.byte	-90
 351 0143 01       		.byte	1
 352 0144 B0       		.byte	-80
 353 0145 02       		.byte	2
 354 0146 B2       		.byte	-78
 355 0147 08       		.byte	8
 356 0148 B4       		.byte	-76
 357 0149 01       		.byte	1
 358 014a B6       		.byte	-74
 359 014b 04       		.byte	4
 360 014c B7       		.byte	-73
 361 014d 01       		.byte	1
 362 014e BE       		.byte	-66
 363 014f 10       		.byte	16
 364 0150 C0       		.byte	-64
 365 0151 40       		.byte	64
 366 0152 C1       		.byte	-63
 367 0153 06       		.byte	6
 368 0154 C5       		.byte	-59
 369 0155 D2       		.byte	-46
 370 0156 C6       		.byte	-58
 371 0157 01       		.byte	1
 372 0158 C7       		.byte	-57
 373 0159 02       		.byte	2
 374 015a C8       		.byte	-56
 375 015b 17       		.byte	23
 376 015c C9       		.byte	-55
 377 015d FF       		.byte	-1
 378 015e CA       		.byte	-54
 379 015f FF       		.byte	-1
 380 0160 CB       		.byte	-53
 381 0161 FF       		.byte	-1
 382 0162 CD       		.byte	-51
 383 0163 A0       		.byte	-96
 384 0164 CF       		.byte	-49
 385 0165 04       		.byte	4
 386 0166 D0       		.byte	-48
 387 0167 18       		.byte	24
 388 0168 D2       		.byte	-46
 389 0169 80       		.byte	-128
 390 016a D4       		.byte	-44
 391 016b 05       		.byte	5
 392 016c D8       		.byte	-40
 393 016d 04       		.byte	4
 394 016e D9       		.byte	-39
 395 016f 04       		.byte	4
 396 0170 DA       		.byte	-38
 397 0171 04       		.byte	4
 398 0172 DB       		.byte	-37
 399 0173 04       		.byte	4
ARM GAS  C:\Users\user\AppData\Local\Temp\ccCoanRs.s 			page 8


 400 0174 DF       		.byte	-33
 401 0175 01       		.byte	1
 402 0176 E0       		.byte	-32
 403 0177 40       		.byte	64
 404 0178 E2       		.byte	-30
 405 0179 C0       		.byte	-64
 406 017a E4       		.byte	-28
 407 017b 40       		.byte	64
 408 017c E5       		.byte	-27
 409 017d 40       		.byte	64
 410 017e E6       		.byte	-26
 411 017f C0       		.byte	-64
 412 0180 E8       		.byte	-24
 413 0181 C0       		.byte	-64
 414 0182 EA       		.byte	-22
 415 0183 C0       		.byte	-64
 416 0184 EC       		.byte	-20
 417 0185 C0       		.byte	-64
 418 0186 EE       		.byte	-18
 419 0187 C0       		.byte	-64
 420 0188 00       		.byte	0
 421 0189 40       		.byte	64
 422 018a 09       		.byte	9
 423 018b 02       		.byte	2
 424 018c 10       		.byte	16
 425 018d A0       		.byte	-96
 426 018e 18       		.byte	24
 427 018f 40       		.byte	64
 428 0190 19       		.byte	25
 429 0191 48       		.byte	72
 430 0192 1A       		.byte	26
 431 0193 04       		.byte	4
 432 0194 22       		.byte	34
 433 0195 40       		.byte	64
 434 0196 29       		.byte	41
 435 0197 08       		.byte	8
 436 0198 30       		.byte	48
 437 0199 80       		.byte	-128
 438 019a 40       		.byte	64
 439 019b 40       		.byte	64
 440 019c 48       		.byte	72
 441 019d 28       		.byte	40
 442 019e 49       		.byte	73
 443 019f 01       		.byte	1
 444 01a0 50       		.byte	80
 445 01a1 88       		.byte	-120
 446 01a2 59       		.byte	89
 447 01a3 01       		.byte	1
 448 01a4 5A       		.byte	90
 449 01a5 84       		.byte	-124
 450 01a6 71       		.byte	113
 451 01a7 02       		.byte	2
 452 01a8 C0       		.byte	-64
 453 01a9 01       		.byte	1
 454 01aa C2       		.byte	-62
 455 01ab 08       		.byte	8
 456 01ac C4       		.byte	-60
ARM GAS  C:\Users\user\AppData\Local\Temp\ccCoanRs.s 			page 9


 457 01ad 0C       		.byte	12
 458 01ae CA       		.byte	-54
 459 01af 02       		.byte	2
 460 01b0 CC       		.byte	-52
 461 01b1 08       		.byte	8
 462 01b2 D0       		.byte	-48
 463 01b3 01       		.byte	1
 464 01b4 D2       		.byte	-46
 465 01b5 04       		.byte	4
 466 01b6 D6       		.byte	-42
 467 01b7 0B       		.byte	11
 468 01b8 E6       		.byte	-26
 469 01b9 08       		.byte	8
 470 01ba 33       		.byte	51
 471 01bb 80       		.byte	-128
 472 01bc 87       		.byte	-121
 473 01bd 80       		.byte	-128
 474 01be CC       		.byte	-52
 475 01bf 10       		.byte	16
 476 01c0 E6       		.byte	-26
 477 01c1 10       		.byte	16
 478 01c2 67       		.byte	103
 479 01c3 08       		.byte	8
 480 01c4 D8       		.byte	-40
 481 01c5 80       		.byte	-128
 482 01c6 AF       		.byte	-81
 483 01c7 04       		.byte	4
 484 01c8 EE       		.byte	-18
 485 01c9 10       		.byte	16
 486 01ca A5       		.byte	-91
 487 01cb 80       		.byte	-128
 488 01cc A9       		.byte	-87
 489 01cd 80       		.byte	-128
 490 01ce EC       		.byte	-20
 491 01cf 80       		.byte	-128
 492 01d0 2B       		.byte	43
 493 01d1 01       		.byte	1
 494 01d2 87       		.byte	-121
 495 01d3 01       		.byte	1
 496 01d4 CA       		.byte	-54
 497 01d5 08       		.byte	8
 498 01d6 57       		.byte	87
 499 01d7 20       		.byte	32
 500 01d8 A3       		.byte	-93
 501 01d9 01       		.byte	1
 502 01da D4       		.byte	-44
 503 01db 02       		.byte	2
 504 01dc 49       		.byte	73
 505 01dd 20       		.byte	32
 506 01de A3       		.byte	-93
 507 01df 01       		.byte	1
 508 01e0 AF       		.byte	-81
 509 01e1 20       		.byte	32
 510 01e2 D2       		.byte	-46
 511 01e3 08       		.byte	8
 512 01e4 A3       		.byte	-93
 513 01e5 01       		.byte	1
ARM GAS  C:\Users\user\AppData\Local\Temp\ccCoanRs.s 			page 10


 514 01e6 A9       		.byte	-87
 515 01e7 20       		.byte	32
 516 01e8 25       		.byte	37
 517 01e9 80       		.byte	-128
 518 01ea A5       		.byte	-91
 519 01eb 80       		.byte	-128
 520 01ec C8       		.byte	-56
 521 01ed 20       		.byte	32
 522 01ee 63       		.byte	99
 523 01ef 02       		.byte	2
 524 01f0 A3       		.byte	-93
 525 01f1 01       		.byte	1
 526 01f2 D6       		.byte	-42
 527 01f3 02       		.byte	2
 528 01f4 00       		.byte	0
 529 01f5 01       		.byte	1
 530 01f6 08       		.byte	8
 531 01f7 01       		.byte	1
 532 01f8 0E       		.byte	14
 533 01f9 01       		.byte	1
 534 01fa 00       		.byte	0
 535 01fb 02       		.byte	2
 536 01fc 00       		.byte	0
 537 01fd 80       		.byte	-128
 538 01fe 80       		.byte	-128
 539 01ff 00       		.byte	0
 540 0200 80       		.byte	-128
 541 0201 00       		.byte	0
 542 0202 01       		.byte	1
 543 0203 00       		.byte	0
 544 0204 00       		.byte	0
 545 0205 80       		.byte	-128
 546 0206 80       		.byte	-128
 547 0207 00       		.byte	0
 548 0208 80       		.byte	-128
 549 0209 00       		.byte	0
 550 020a 00       		.byte	0
 551 020b 00       		.byte	0
 552 020c 00       		.byte	0
 553 020d 02       		.byte	2
 554 020e 02       		.byte	2
 555 020f 00       		.byte	0
 556 0210 02       		.byte	2
 557 0211 00       		.byte	0
 558 0212 00       		.byte	0
 559 0213 00       		.byte	0
 560 0214 00       		.byte	0
 561 0215 00       		.byte	0
 562 0216 00       		.byte	0
 563 0217 00       		.byte	0
 564 0218 00       		.byte	0
 565 0219 00       		.byte	0
 566 021a 02       		.byte	2
 567 021b 00       		.byte	0
 568              		.section	.cywolatch,"a",%progbits
 569              		.align	2
 570              		.type	cy_meta_wonvl, %object
ARM GAS  C:\Users\user\AppData\Local\Temp\ccCoanRs.s 			page 11


 571              		.size	cy_meta_wonvl, 4
 572              	cy_meta_wonvl:
 573 0000 BC       		.byte	-68
 574 0001 90       		.byte	-112
 575 0002 AC       		.byte	-84
 576 0003 AF       		.byte	-81
 577              		.section	.cycustnvl,"a",%progbits
 578              		.align	2
 579              		.type	cy_meta_custnvl, %object
 580              		.size	cy_meta_custnvl, 4
 581              	cy_meta_custnvl:
 582 0000 00       		.byte	0
 583 0001 00       		.byte	0
 584 0002 40       		.byte	64
 585 0003 05       		.byte	5
 586              		.section	.cymeta,"a",%progbits
 587              		.align	2
 588              		.type	cy_metadata, %object
 589              		.size	cy_metadata, 12
 590              	cy_metadata:
 591 0000 00       		.byte	0
 592 0001 01       		.byte	1
 593 0002 2E       		.byte	46
 594 0003 16       		.byte	22
 595 0004 10       		.byte	16
 596 0005 69       		.byte	105
 597 0006 00       		.byte	0
 598 0007 01       		.byte	1
 599 0008 00       		.byte	0
 600 0009 00       		.byte	0
 601 000a 00       		.byte	0
 602 000b 00       		.byte	0
 603              		.section	.cyflashprotect,"a",%progbits
 604              		.align	2
 605              		.type	cy_meta_flashprotect, %object
 606              		.size	cy_meta_flashprotect, 256
 607              	cy_meta_flashprotect:
 608 0000 00000000 		.space	256
 608      00000000 
 608      00000000 
 608      00000000 
 608      00000000 
 609              		.text
 610              	.Letext0:
 611              		.file 1 ".\\Generated_Source\\PSoC5\\cymetadata.c"
 612              		.file 2 ".\\Generated_Source\\PSoC5\\cytypes.h"
 613              		.section	.debug_info,"",%progbits
 614              	.Ldebug_info0:
 615 0000 37010000 		.4byte	0x137
 616 0004 0400     		.2byte	0x4
 617 0006 00000000 		.4byte	.Ldebug_abbrev0
 618 000a 04       		.byte	0x4
 619 000b 01       		.uleb128 0x1
 620 000c 94000000 		.4byte	.LASF18
 621 0010 01       		.byte	0x1
 622 0011 00000000 		.4byte	.LASF19
 623 0015 85010000 		.4byte	.LASF20
ARM GAS  C:\Users\user\AppData\Local\Temp\ccCoanRs.s 			page 12


 624 0019 00000000 		.4byte	.Ldebug_line0
 625 001d 02       		.uleb128 0x2
 626 001e 01       		.byte	0x1
 627 001f 06       		.byte	0x6
 628 0020 E5010000 		.4byte	.LASF0
 629 0024 02       		.uleb128 0x2
 630 0025 01       		.byte	0x1
 631 0026 08       		.byte	0x8
 632 0027 38000000 		.4byte	.LASF1
 633 002b 02       		.uleb128 0x2
 634 002c 02       		.byte	0x2
 635 002d 05       		.byte	0x5
 636 002e CC010000 		.4byte	.LASF2
 637 0032 02       		.uleb128 0x2
 638 0033 02       		.byte	0x2
 639 0034 07       		.byte	0x7
 640 0035 58000000 		.4byte	.LASF3
 641 0039 02       		.uleb128 0x2
 642 003a 04       		.byte	0x4
 643 003b 05       		.byte	0x5
 644 003c DC010000 		.4byte	.LASF4
 645 0040 02       		.uleb128 0x2
 646 0041 04       		.byte	0x4
 647 0042 07       		.byte	0x7
 648 0043 46000000 		.4byte	.LASF5
 649 0047 02       		.uleb128 0x2
 650 0048 08       		.byte	0x8
 651 0049 05       		.byte	0x5
 652 004a 72010000 		.4byte	.LASF6
 653 004e 02       		.uleb128 0x2
 654 004f 08       		.byte	0x8
 655 0050 07       		.byte	0x7
 656 0051 2F010000 		.4byte	.LASF7
 657 0055 03       		.uleb128 0x3
 658 0056 04       		.byte	0x4
 659 0057 05       		.byte	0x5
 660 0058 696E7400 		.ascii	"int\000"
 661 005c 02       		.uleb128 0x2
 662 005d 04       		.byte	0x4
 663 005e 07       		.byte	0x7
 664 005f 22010000 		.4byte	.LASF8
 665 0063 04       		.uleb128 0x4
 666 0064 D6010000 		.4byte	.LASF21
 667 0068 02       		.byte	0x2
 668 0069 3801     		.2byte	0x138
 669 006b 24000000 		.4byte	0x24
 670 006f 02       		.uleb128 0x2
 671 0070 04       		.byte	0x4
 672 0071 04       		.byte	0x4
 673 0072 32000000 		.4byte	.LASF9
 674 0076 02       		.uleb128 0x2
 675 0077 08       		.byte	0x8
 676 0078 04       		.byte	0x4
 677 0079 6B000000 		.4byte	.LASF10
 678 007d 02       		.uleb128 0x2
 679 007e 01       		.byte	0x1
 680 007f 08       		.byte	0x8
ARM GAS  C:\Users\user\AppData\Local\Temp\ccCoanRs.s 			page 13


 681 0080 80010000 		.4byte	.LASF11
 682 0084 05       		.uleb128 0x5
 683 0085 63000000 		.4byte	0x63
 684 0089 95000000 		.4byte	0x95
 685 008d 06       		.uleb128 0x6
 686 008e 95000000 		.4byte	0x95
 687 0092 1B02     		.2byte	0x21b
 688 0094 00       		.byte	0
 689 0095 02       		.uleb128 0x2
 690 0096 04       		.byte	0x4
 691 0097 07       		.byte	0x7
 692 0098 69010000 		.4byte	.LASF12
 693 009c 07       		.uleb128 0x7
 694 009d 82000000 		.4byte	.LASF13
 695 00a1 01       		.byte	0x1
 696 00a2 1F       		.byte	0x1f
 697 00a3 AD000000 		.4byte	0xad
 698 00a7 05       		.uleb128 0x5
 699 00a8 03       		.byte	0x3
 700 00a9 00000000 		.4byte	cy_meta_configecc
 701 00ad 08       		.uleb128 0x8
 702 00ae 84000000 		.4byte	0x84
 703 00b2 05       		.uleb128 0x5
 704 00b3 63000000 		.4byte	0x63
 705 00b7 C2000000 		.4byte	0xc2
 706 00bb 09       		.uleb128 0x9
 707 00bc 95000000 		.4byte	0x95
 708 00c0 03       		.byte	0x3
 709 00c1 00       		.byte	0
 710 00c2 07       		.uleb128 0x7
 711 00c3 72000000 		.4byte	.LASF14
 712 00c7 01       		.byte	0x1
 713 00c8 70       		.byte	0x70
 714 00c9 D3000000 		.4byte	0xd3
 715 00cd 05       		.uleb128 0x5
 716 00ce 03       		.byte	0x3
 717 00cf 00000000 		.4byte	cy_meta_custnvl
 718 00d3 08       		.uleb128 0x8
 719 00d4 B2000000 		.4byte	0xb2
 720 00d8 07       		.uleb128 0x7
 721 00d9 5B010000 		.4byte	.LASF15
 722 00dd 01       		.byte	0x1
 723 00de 7E       		.byte	0x7e
 724 00df E9000000 		.4byte	0xe9
 725 00e3 05       		.uleb128 0x5
 726 00e4 03       		.byte	0x3
 727 00e5 00000000 		.4byte	cy_meta_wonvl
 728 00e9 08       		.uleb128 0x8
 729 00ea B2000000 		.4byte	0xb2
 730 00ee 05       		.uleb128 0x5
 731 00ef 63000000 		.4byte	0x63
 732 00f3 FE000000 		.4byte	0xfe
 733 00f7 09       		.uleb128 0x9
 734 00f8 95000000 		.4byte	0x95
 735 00fc FF       		.byte	0xff
 736 00fd 00       		.byte	0
 737 00fe 07       		.uleb128 0x7
ARM GAS  C:\Users\user\AppData\Local\Temp\ccCoanRs.s 			page 14


 738 00ff 46010000 		.4byte	.LASF16
 739 0103 01       		.byte	0x1
 740 0104 8C       		.byte	0x8c
 741 0105 0F010000 		.4byte	0x10f
 742 0109 05       		.uleb128 0x5
 743 010a 03       		.byte	0x3
 744 010b 00000000 		.4byte	cy_meta_flashprotect
 745 010f 08       		.uleb128 0x8
 746 0110 EE000000 		.4byte	0xee
 747 0114 05       		.uleb128 0x5
 748 0115 63000000 		.4byte	0x63
 749 0119 24010000 		.4byte	0x124
 750 011d 09       		.uleb128 0x9
 751 011e 95000000 		.4byte	0x95
 752 0122 0B       		.byte	0xb
 753 0123 00       		.byte	0
 754 0124 07       		.uleb128 0x7
 755 0125 26000000 		.4byte	.LASF17
 756 0129 01       		.byte	0x1
 757 012a B9       		.byte	0xb9
 758 012b 35010000 		.4byte	0x135
 759 012f 05       		.uleb128 0x5
 760 0130 03       		.byte	0x3
 761 0131 00000000 		.4byte	cy_metadata
 762 0135 08       		.uleb128 0x8
 763 0136 14010000 		.4byte	0x114
 764 013a 00       		.byte	0
 765              		.section	.debug_abbrev,"",%progbits
 766              	.Ldebug_abbrev0:
 767 0000 01       		.uleb128 0x1
 768 0001 11       		.uleb128 0x11
 769 0002 01       		.byte	0x1
 770 0003 25       		.uleb128 0x25
 771 0004 0E       		.uleb128 0xe
 772 0005 13       		.uleb128 0x13
 773 0006 0B       		.uleb128 0xb
 774 0007 03       		.uleb128 0x3
 775 0008 0E       		.uleb128 0xe
 776 0009 1B       		.uleb128 0x1b
 777 000a 0E       		.uleb128 0xe
 778 000b 10       		.uleb128 0x10
 779 000c 17       		.uleb128 0x17
 780 000d 00       		.byte	0
 781 000e 00       		.byte	0
 782 000f 02       		.uleb128 0x2
 783 0010 24       		.uleb128 0x24
 784 0011 00       		.byte	0
 785 0012 0B       		.uleb128 0xb
 786 0013 0B       		.uleb128 0xb
 787 0014 3E       		.uleb128 0x3e
 788 0015 0B       		.uleb128 0xb
 789 0016 03       		.uleb128 0x3
 790 0017 0E       		.uleb128 0xe
 791 0018 00       		.byte	0
 792 0019 00       		.byte	0
 793 001a 03       		.uleb128 0x3
 794 001b 24       		.uleb128 0x24
ARM GAS  C:\Users\user\AppData\Local\Temp\ccCoanRs.s 			page 15


 795 001c 00       		.byte	0
 796 001d 0B       		.uleb128 0xb
 797 001e 0B       		.uleb128 0xb
 798 001f 3E       		.uleb128 0x3e
 799 0020 0B       		.uleb128 0xb
 800 0021 03       		.uleb128 0x3
 801 0022 08       		.uleb128 0x8
 802 0023 00       		.byte	0
 803 0024 00       		.byte	0
 804 0025 04       		.uleb128 0x4
 805 0026 16       		.uleb128 0x16
 806 0027 00       		.byte	0
 807 0028 03       		.uleb128 0x3
 808 0029 0E       		.uleb128 0xe
 809 002a 3A       		.uleb128 0x3a
 810 002b 0B       		.uleb128 0xb
 811 002c 3B       		.uleb128 0x3b
 812 002d 05       		.uleb128 0x5
 813 002e 49       		.uleb128 0x49
 814 002f 13       		.uleb128 0x13
 815 0030 00       		.byte	0
 816 0031 00       		.byte	0
 817 0032 05       		.uleb128 0x5
 818 0033 01       		.uleb128 0x1
 819 0034 01       		.byte	0x1
 820 0035 49       		.uleb128 0x49
 821 0036 13       		.uleb128 0x13
 822 0037 01       		.uleb128 0x1
 823 0038 13       		.uleb128 0x13
 824 0039 00       		.byte	0
 825 003a 00       		.byte	0
 826 003b 06       		.uleb128 0x6
 827 003c 21       		.uleb128 0x21
 828 003d 00       		.byte	0
 829 003e 49       		.uleb128 0x49
 830 003f 13       		.uleb128 0x13
 831 0040 2F       		.uleb128 0x2f
 832 0041 05       		.uleb128 0x5
 833 0042 00       		.byte	0
 834 0043 00       		.byte	0
 835 0044 07       		.uleb128 0x7
 836 0045 34       		.uleb128 0x34
 837 0046 00       		.byte	0
 838 0047 03       		.uleb128 0x3
 839 0048 0E       		.uleb128 0xe
 840 0049 3A       		.uleb128 0x3a
 841 004a 0B       		.uleb128 0xb
 842 004b 3B       		.uleb128 0x3b
 843 004c 0B       		.uleb128 0xb
 844 004d 49       		.uleb128 0x49
 845 004e 13       		.uleb128 0x13
 846 004f 3F       		.uleb128 0x3f
 847 0050 19       		.uleb128 0x19
 848 0051 02       		.uleb128 0x2
 849 0052 18       		.uleb128 0x18
 850 0053 00       		.byte	0
 851 0054 00       		.byte	0
ARM GAS  C:\Users\user\AppData\Local\Temp\ccCoanRs.s 			page 16


 852 0055 08       		.uleb128 0x8
 853 0056 26       		.uleb128 0x26
 854 0057 00       		.byte	0
 855 0058 49       		.uleb128 0x49
 856 0059 13       		.uleb128 0x13
 857 005a 00       		.byte	0
 858 005b 00       		.byte	0
 859 005c 09       		.uleb128 0x9
 860 005d 21       		.uleb128 0x21
 861 005e 00       		.byte	0
 862 005f 49       		.uleb128 0x49
 863 0060 13       		.uleb128 0x13
 864 0061 2F       		.uleb128 0x2f
 865 0062 0B       		.uleb128 0xb
 866 0063 00       		.byte	0
 867 0064 00       		.byte	0
 868 0065 00       		.byte	0
 869              		.section	.debug_aranges,"",%progbits
 870 0000 14000000 		.4byte	0x14
 871 0004 0200     		.2byte	0x2
 872 0006 00000000 		.4byte	.Ldebug_info0
 873 000a 04       		.byte	0x4
 874 000b 00       		.byte	0
 875 000c 0000     		.2byte	0
 876 000e 0000     		.2byte	0
 877 0010 00000000 		.4byte	0
 878 0014 00000000 		.4byte	0
 879              		.section	.debug_line,"",%progbits
 880              	.Ldebug_line0:
 881 0000 4F000000 		.section	.debug_str,"MS",%progbits,1
 881      02004900 
 881      00000201 
 881      FB0E0D00 
 881      01010101 
 882              	.LASF19:
 883 0000 2E5C4765 		.ascii	".\\Generated_Source\\PSoC5\\cymetadata.c\000"
 883      6E657261 
 883      7465645F 
 883      536F7572 
 883      63655C50 
 884              	.LASF17:
 885 0026 63795F6D 		.ascii	"cy_metadata\000"
 885      65746164 
 885      61746100 
 886              	.LASF9:
 887 0032 666C6F61 		.ascii	"float\000"
 887      7400
 888              	.LASF1:
 889 0038 756E7369 		.ascii	"unsigned char\000"
 889      676E6564 
 889      20636861 
 889      7200
 890              	.LASF5:
 891 0046 6C6F6E67 		.ascii	"long unsigned int\000"
 891      20756E73 
 891      69676E65 
 891      6420696E 
ARM GAS  C:\Users\user\AppData\Local\Temp\ccCoanRs.s 			page 17


 891      7400
 892              	.LASF3:
 893 0058 73686F72 		.ascii	"short unsigned int\000"
 893      7420756E 
 893      7369676E 
 893      65642069 
 893      6E7400
 894              	.LASF10:
 895 006b 646F7562 		.ascii	"double\000"
 895      6C6500
 896              	.LASF14:
 897 0072 63795F6D 		.ascii	"cy_meta_custnvl\000"
 897      6574615F 
 897      63757374 
 897      6E766C00 
 898              	.LASF13:
 899 0082 63795F6D 		.ascii	"cy_meta_configecc\000"
 899      6574615F 
 899      636F6E66 
 899      69676563 
 899      6300
 900              	.LASF18:
 901 0094 474E5520 		.ascii	"GNU C 4.9.3 20150303 (release) [ARM/embedded-4_9-br"
 901      4320342E 
 901      392E3320 
 901      32303135 
 901      30333033 
 902 00c7 616E6368 		.ascii	"anch revision 221220] -mcpu=cortex-m3 -mthumb -g -O"
 902      20726576 
 902      6973696F 
 902      6E203232 
 902      31323230 
 903 00fa 67202D66 		.ascii	"g -ffunction-sections -ffat-lto-objects\000"
 903      66756E63 
 903      74696F6E 
 903      2D736563 
 903      74696F6E 
 904              	.LASF8:
 905 0122 756E7369 		.ascii	"unsigned int\000"
 905      676E6564 
 905      20696E74 
 905      00
 906              	.LASF7:
 907 012f 6C6F6E67 		.ascii	"long long unsigned int\000"
 907      206C6F6E 
 907      6720756E 
 907      7369676E 
 907      65642069 
 908              	.LASF16:
 909 0146 63795F6D 		.ascii	"cy_meta_flashprotect\000"
 909      6574615F 
 909      666C6173 
 909      6870726F 
 909      74656374 
 910              	.LASF15:
 911 015b 63795F6D 		.ascii	"cy_meta_wonvl\000"
 911      6574615F 
ARM GAS  C:\Users\user\AppData\Local\Temp\ccCoanRs.s 			page 18


 911      776F6E76 
 911      6C00
 912              	.LASF12:
 913 0169 73697A65 		.ascii	"sizetype\000"
 913      74797065 
 913      00
 914              	.LASF6:
 915 0172 6C6F6E67 		.ascii	"long long int\000"
 915      206C6F6E 
 915      6720696E 
 915      7400
 916              	.LASF11:
 917 0180 63686172 		.ascii	"char\000"
 917      00
 918              	.LASF20:
 919 0185 443A5C55 		.ascii	"D:\\Utilisateurs\\user\\Documents\\PSoC Creator\\Wo"
 919      74696C69 
 919      73617465 
 919      7572735C 
 919      75736572 
 920 01b3 726B7370 		.ascii	"rkspace02\\TP_SONAR.cydsn\000"
 920      61636530 
 920      325C5450 
 920      5F534F4E 
 920      41522E63 
 921              	.LASF2:
 922 01cc 73686F72 		.ascii	"short int\000"
 922      7420696E 
 922      7400
 923              	.LASF21:
 924 01d6 75696E74 		.ascii	"uint8\000"
 924      3800
 925              	.LASF4:
 926 01dc 6C6F6E67 		.ascii	"long int\000"
 926      20696E74 
 926      00
 927              	.LASF0:
 928 01e5 7369676E 		.ascii	"signed char\000"
 928      65642063 
 928      68617200 
 929              		.ident	"GCC: (GNU Tools for ARM Embedded Processors) 4.9.3 20150303 (release) [ARM/embedded-4_9-br
