ARM GAS  C:\Users\user\AppData\Local\Temp\ccVIJg3O.s 			page 1


   1              		.syntax unified
   2              		.cpu cortex-m3
   3              		.fpu softvfp
   4              		.eabi_attribute 20, 1
   5              		.eabi_attribute 21, 1
   6              		.eabi_attribute 23, 3
   7              		.eabi_attribute 24, 1
   8              		.eabi_attribute 25, 1
   9              		.eabi_attribute 26, 1
  10              		.eabi_attribute 30, 1
  11              		.eabi_attribute 34, 1
  12              		.eabi_attribute 18, 4
  13              		.thumb
  14              		.file	"main.c"
  15              		.text
  16              	.Ltext0:
  17              		.cfi_sections	.debug_frame
  18              		.section	.text.isr_1_interrupt,"ax",%progbits
  19              		.align	2
  20              		.global	isr_1_interrupt
  21              		.thumb
  22              		.thumb_func
  23              		.type	isr_1_interrupt, %function
  24              	isr_1_interrupt:
  25              	.LFB63:
  26              		.file 1 ".\\main.c"
   1:.\main.c      **** /* ========================================
   2:.\main.c      ****  *
   3:.\main.c      ****  * Copyright YOUR COMPANY, THE YEAR
   4:.\main.c      ****  * All Rights Reserved
   5:.\main.c      ****  * UNPUBLISHED, LICENSED SOFTWARE.
   6:.\main.c      ****  *
   7:.\main.c      ****  * CONFIDENTIAL AND PROPRIETARY INFORMATION
   8:.\main.c      ****  * WHICH IS THE PROPERTY OF your company.
   9:.\main.c      ****  *
  10:.\main.c      ****  * ========================================
  11:.\main.c      **** */
  12:.\main.c      **** #include <project.h>
  13:.\main.c      **** 
  14:.\main.c      **** uint16 tab_led_intensity[4] = {0, 85, 170, 255};
  15:.\main.c      **** uint8_t led_intensity_index = 0;
  16:.\main.c      **** 
  17:.\main.c      **** CY_ISR(isr_1_interrupt)
  18:.\main.c      **** {
  27              		.loc 1 18 0
  28              		.cfi_startproc
  29              		@ args = 0, pretend = 0, frame = 0
  30              		@ frame_needed = 0, uses_anonymous_args = 0
  31 0000 08B5     		push	{r3, lr}
  32              		.cfi_def_cfa_offset 8
  33              		.cfi_offset 3, -8
  34              		.cfi_offset 14, -4
  19:.\main.c      ****  /* ISR Code here */
  20:.\main.c      ****     led_intensity_index = (led_intensity_index + 1) % 4;
  35              		.loc 1 20 0
  36 0002 094B     		ldr	r3, .L4
  37 0004 1B78     		ldrb	r3, [r3]	@ zero_extendqisi2
ARM GAS  C:\Users\user\AppData\Local\Temp\ccVIJg3O.s 			page 2


  38 0006 0133     		adds	r3, r3, #1
  39 0008 03F00303 		and	r3, r3, #3
  40 000c DBB2     		uxtb	r3, r3
  41 000e 064A     		ldr	r2, .L4
  42 0010 1370     		strb	r3, [r2]
  21:.\main.c      ****     
  22:.\main.c      ****     PWM_2_WriteCompare(tab_led_intensity[led_intensity_index]);
  43              		.loc 1 22 0
  44 0012 064A     		ldr	r2, .L4+4
  45 0014 12F81300 		ldrb	r0, [r2, r3, lsl #1]	@ zero_extendqisi2
  46 0018 FFF7FEFF 		bl	PWM_2_WriteCompare
  47              	.LVL0:
  23:.\main.c      ****     CyDelay(1000);
  48              		.loc 1 23 0
  49 001c 4FF47A70 		mov	r0, #1000
  50 0020 FFF7FEFF 		bl	CyDelay
  51              	.LVL1:
  52 0024 08BD     		pop	{r3, pc}
  53              	.L5:
  54 0026 00BF     		.align	2
  55              	.L4:
  56 0028 00000000 		.word	.LANCHOR0
  57 002c 00000000 		.word	.LANCHOR1
  58              		.cfi_endproc
  59              	.LFE63:
  60              		.size	isr_1_interrupt, .-isr_1_interrupt
  61              		.section	.text.main,"ax",%progbits
  62              		.align	2
  63              		.global	main
  64              		.thumb
  65              		.thumb_func
  66              		.type	main, %function
  67              	main:
  68              	.LFB64:
  24:.\main.c      **** }
  25:.\main.c      **** int main()
  26:.\main.c      **** {
  69              		.loc 1 26 0
  70              		.cfi_startproc
  71              		@ Volatile: function does not return.
  72              		@ args = 0, pretend = 0, frame = 0
  73              		@ frame_needed = 0, uses_anonymous_args = 0
  74 0000 08B5     		push	{r3, lr}
  75              		.cfi_def_cfa_offset 8
  76              		.cfi_offset 3, -8
  77              		.cfi_offset 14, -4
  27:.\main.c      ****     CyGlobalIntEnable; /* Enable global interrupts. */
  78              		.loc 1 27 0
  79              	@ 27 ".\main.c" 1
  80 0002 62B6     		CPSIE   i
  81              	@ 0 "" 2
  28:.\main.c      **** 
  29:.\main.c      ****     /* Place your initialization/startup code here (e.g. MyInst_Start()) */
  30:.\main.c      ****     PWM_1_Start();
  82              		.loc 1 30 0
  83              		.thumb
  84 0004 FFF7FEFF 		bl	PWM_1_Start
ARM GAS  C:\Users\user\AppData\Local\Temp\ccVIJg3O.s 			page 3


  85              	.LVL2:
  31:.\main.c      ****     
  32:.\main.c      ****     PWM_2_Start();
  86              		.loc 1 32 0
  87 0008 FFF7FEFF 		bl	PWM_2_Start
  88              	.LVL3:
  33:.\main.c      **** 
  34:.\main.c      ****     PGA_1_Start();
  89              		.loc 1 34 0
  90 000c FFF7FEFF 		bl	PGA_1_Start
  91              	.LVL4:
  35:.\main.c      ****     
  36:.\main.c      ****     Comp_1_Start();
  92              		.loc 1 36 0
  93 0010 FFF7FEFF 		bl	Comp_1_Start
  94              	.LVL5:
  37:.\main.c      ****     
  38:.\main.c      ****         //Start extern interrupt
  39:.\main.c      ****     isr_1_StartEx(isr_1_interrupt);
  95              		.loc 1 39 0
  96 0014 0148     		ldr	r0, .L9
  97 0016 FFF7FEFF 		bl	isr_1_StartEx
  98              	.LVL6:
  99              	.L7:
  40:.\main.c      ****     
  41:.\main.c      ****     for(;;)
  42:.\main.c      ****     {
  43:.\main.c      ****         /* Place your application code here. */
  44:.\main.c      ****     }
 100              		.loc 1 44 0 discriminator 1
 101 001a FEE7     		b	.L7
 102              	.L10:
 103              		.align	2
 104              	.L9:
 105 001c 00000000 		.word	isr_1_interrupt
 106              		.cfi_endproc
 107              	.LFE64:
 108              		.size	main, .-main
 109              		.global	led_intensity_index
 110              		.global	tab_led_intensity
 111              		.data
 112              		.align	2
 113              		.set	.LANCHOR1,. + 0
 114              		.type	tab_led_intensity, %object
 115              		.size	tab_led_intensity, 8
 116              	tab_led_intensity:
 117 0000 0000     		.short	0
 118 0002 5500     		.short	85
 119 0004 AA00     		.short	170
 120 0006 FF00     		.short	255
 121              		.bss
 122              		.set	.LANCHOR0,. + 0
 123              		.type	led_intensity_index, %object
 124              		.size	led_intensity_index, 1
 125              	led_intensity_index:
 126 0000 00       		.space	1
 127              		.text
ARM GAS  C:\Users\user\AppData\Local\Temp\ccVIJg3O.s 			page 4


 128              	.Letext0:
 129              		.file 2 "c:\\program files (x86)\\cypress\\psoc creator\\3.3\\psoc creator\\import\\gnu\\arm\\4.9.
 130              		.file 3 "c:\\program files (x86)\\cypress\\psoc creator\\3.3\\psoc creator\\import\\gnu\\arm\\4.9.
 131              		.file 4 "Generated_Source\\PSoC5/cytypes.h"
 132              		.file 5 "Generated_Source\\PSoC5/core_cm3.h"
 133              		.file 6 "Generated_Source\\PSoC5/PWM_2.h"
 134              		.file 7 "Generated_Source\\PSoC5/CyLib.h"
 135              		.file 8 "Generated_Source\\PSoC5/PWM_1.h"
 136              		.file 9 "Generated_Source\\PSoC5/PGA_1.h"
 137              		.file 10 "Generated_Source\\PSoC5/Comp_1.h"
 138              		.file 11 "Generated_Source\\PSoC5/isr_1.h"
 139              		.section	.debug_info,"",%progbits
 140              	.Ldebug_info0:
 141 0000 F6010000 		.4byte	0x1f6
 142 0004 0400     		.2byte	0x4
 143 0006 00000000 		.4byte	.Ldebug_abbrev0
 144 000a 04       		.byte	0x4
 145 000b 01       		.uleb128 0x1
 146 000c D8000000 		.4byte	.LASF32
 147 0010 01       		.byte	0x1
 148 0011 7E000000 		.4byte	.LASF33
 149 0015 C3010000 		.4byte	.LASF34
 150 0019 00000000 		.4byte	.Ldebug_ranges0+0
 151 001d 00000000 		.4byte	0
 152 0021 00000000 		.4byte	.Ldebug_line0
 153 0025 02       		.uleb128 0x2
 154 0026 01       		.byte	0x1
 155 0027 06       		.byte	0x6
 156 0028 35020000 		.4byte	.LASF0
 157 002c 03       		.uleb128 0x3
 158 002d 0C000000 		.4byte	.LASF4
 159 0031 02       		.byte	0x2
 160 0032 1D       		.byte	0x1d
 161 0033 37000000 		.4byte	0x37
 162 0037 02       		.uleb128 0x2
 163 0038 01       		.byte	0x1
 164 0039 08       		.byte	0x8
 165 003a 70000000 		.4byte	.LASF1
 166 003e 02       		.uleb128 0x2
 167 003f 02       		.byte	0x2
 168 0040 05       		.byte	0x5
 169 0041 0A020000 		.4byte	.LASF2
 170 0045 02       		.uleb128 0x2
 171 0046 02       		.byte	0x2
 172 0047 07       		.byte	0x7
 173 0048 20000000 		.4byte	.LASF3
 174 004c 03       		.uleb128 0x3
 175 004d 16000000 		.4byte	.LASF5
 176 0051 02       		.byte	0x2
 177 0052 3F       		.byte	0x3f
 178 0053 57000000 		.4byte	0x57
 179 0057 02       		.uleb128 0x2
 180 0058 04       		.byte	0x4
 181 0059 05       		.byte	0x5
 182 005a 2C020000 		.4byte	.LASF6
 183 005e 02       		.uleb128 0x2
 184 005f 04       		.byte	0x4
ARM GAS  C:\Users\user\AppData\Local\Temp\ccVIJg3O.s 			page 5


 185 0060 07       		.byte	0x7
 186 0061 87000000 		.4byte	.LASF7
 187 0065 02       		.uleb128 0x2
 188 0066 08       		.byte	0x8
 189 0067 05       		.byte	0x5
 190 0068 B0010000 		.4byte	.LASF8
 191 006c 02       		.uleb128 0x2
 192 006d 08       		.byte	0x8
 193 006e 07       		.byte	0x7
 194 006f 73010000 		.4byte	.LASF9
 195 0073 04       		.uleb128 0x4
 196 0074 04       		.byte	0x4
 197 0075 05       		.byte	0x5
 198 0076 696E7400 		.ascii	"int\000"
 199 007a 02       		.uleb128 0x2
 200 007b 04       		.byte	0x4
 201 007c 07       		.byte	0x7
 202 007d 66010000 		.4byte	.LASF10
 203 0081 03       		.uleb128 0x3
 204 0082 8A010000 		.4byte	.LASF11
 205 0086 03       		.byte	0x3
 206 0087 15       		.byte	0x15
 207 0088 2C000000 		.4byte	0x2c
 208 008c 03       		.uleb128 0x3
 209 008d 9F010000 		.4byte	.LASF12
 210 0091 03       		.byte	0x3
 211 0092 2C       		.byte	0x2c
 212 0093 4C000000 		.4byte	0x4c
 213 0097 05       		.uleb128 0x5
 214 0098 14020000 		.4byte	.LASF13
 215 009c 04       		.byte	0x4
 216 009d 3801     		.2byte	0x138
 217 009f 37000000 		.4byte	0x37
 218 00a3 05       		.uleb128 0x5
 219 00a4 CA000000 		.4byte	.LASF14
 220 00a8 04       		.byte	0x4
 221 00a9 3901     		.2byte	0x139
 222 00ab 45000000 		.4byte	0x45
 223 00af 05       		.uleb128 0x5
 224 00b0 D1000000 		.4byte	.LASF15
 225 00b4 04       		.byte	0x4
 226 00b5 3A01     		.2byte	0x13a
 227 00b7 5E000000 		.4byte	0x5e
 228 00bb 02       		.uleb128 0x2
 229 00bc 04       		.byte	0x4
 230 00bd 04       		.byte	0x4
 231 00be 6A000000 		.4byte	.LASF16
 232 00c2 02       		.uleb128 0x2
 233 00c3 08       		.byte	0x8
 234 00c4 04       		.byte	0x4
 235 00c5 B2000000 		.4byte	.LASF17
 236 00c9 02       		.uleb128 0x2
 237 00ca 01       		.byte	0x1
 238 00cb 08       		.byte	0x8
 239 00cc BE010000 		.4byte	.LASF18
 240 00d0 05       		.uleb128 0x5
 241 00d1 92010000 		.4byte	.LASF19
ARM GAS  C:\Users\user\AppData\Local\Temp\ccVIJg3O.s 			page 6


 242 00d5 04       		.byte	0x4
 243 00d6 F401     		.2byte	0x1f4
 244 00d8 DC000000 		.4byte	0xdc
 245 00dc 06       		.uleb128 0x6
 246 00dd 04       		.byte	0x4
 247 00de E2000000 		.4byte	0xe2
 248 00e2 07       		.uleb128 0x7
 249 00e3 02       		.uleb128 0x2
 250 00e4 04       		.byte	0x4
 251 00e5 07       		.byte	0x7
 252 00e6 A7010000 		.4byte	.LASF20
 253 00ea 08       		.uleb128 0x8
 254 00eb 33000000 		.4byte	.LASF21
 255 00ef 01       		.byte	0x1
 256 00f0 11       		.byte	0x11
 257 00f1 00000000 		.4byte	.LFB63
 258 00f5 30000000 		.4byte	.LFE63-.LFB63
 259 00f9 01       		.uleb128 0x1
 260 00fa 9C       		.byte	0x9c
 261 00fb 1A010000 		.4byte	0x11a
 262 00ff 09       		.uleb128 0x9
 263 0100 1C000000 		.4byte	.LVL0
 264 0104 AE010000 		.4byte	0x1ae
 265 0108 0A       		.uleb128 0xa
 266 0109 24000000 		.4byte	.LVL1
 267 010d BF010000 		.4byte	0x1bf
 268 0111 0B       		.uleb128 0xb
 269 0112 01       		.uleb128 0x1
 270 0113 50       		.byte	0x50
 271 0114 03       		.uleb128 0x3
 272 0115 0A       		.byte	0xa
 273 0116 E803     		.2byte	0x3e8
 274 0118 00       		.byte	0
 275 0119 00       		.byte	0
 276 011a 0C       		.uleb128 0xc
 277 011b C5000000 		.4byte	.LASF22
 278 011f 01       		.byte	0x1
 279 0120 19       		.byte	0x19
 280 0121 73000000 		.4byte	0x73
 281 0125 00000000 		.4byte	.LFB64
 282 0129 20000000 		.4byte	.LFE64-.LFB64
 283 012d 01       		.uleb128 0x1
 284 012e 9C       		.byte	0x9c
 285 012f 6B010000 		.4byte	0x16b
 286 0133 09       		.uleb128 0x9
 287 0134 08000000 		.4byte	.LVL2
 288 0138 D0010000 		.4byte	0x1d0
 289 013c 09       		.uleb128 0x9
 290 013d 0C000000 		.4byte	.LVL3
 291 0141 D7010000 		.4byte	0x1d7
 292 0145 09       		.uleb128 0x9
 293 0146 10000000 		.4byte	.LVL4
 294 014a DE010000 		.4byte	0x1de
 295 014e 09       		.uleb128 0x9
 296 014f 14000000 		.4byte	.LVL5
 297 0153 E5010000 		.4byte	0x1e5
 298 0157 0A       		.uleb128 0xa
ARM GAS  C:\Users\user\AppData\Local\Temp\ccVIJg3O.s 			page 7


 299 0158 1A000000 		.4byte	.LVL6
 300 015c EC010000 		.4byte	0x1ec
 301 0160 0B       		.uleb128 0xb
 302 0161 01       		.uleb128 0x1
 303 0162 50       		.byte	0x50
 304 0163 05       		.uleb128 0x5
 305 0164 03       		.byte	0x3
 306 0165 00000000 		.4byte	isr_1_interrupt
 307 0169 00       		.byte	0
 308 016a 00       		.byte	0
 309 016b 0D       		.uleb128 0xd
 310 016c A5000000 		.4byte	.LASF23
 311 0170 05       		.byte	0x5
 312 0171 5506     		.2byte	0x655
 313 0173 77010000 		.4byte	0x177
 314 0177 0E       		.uleb128 0xe
 315 0178 8C000000 		.4byte	0x8c
 316 017c 0F       		.uleb128 0xf
 317 017d A3000000 		.4byte	0xa3
 318 0181 8C010000 		.4byte	0x18c
 319 0185 10       		.uleb128 0x10
 320 0186 E3000000 		.4byte	0xe3
 321 018a 03       		.byte	0x3
 322 018b 00       		.byte	0
 323 018c 11       		.uleb128 0x11
 324 018d 1A020000 		.4byte	.LASF24
 325 0191 01       		.byte	0x1
 326 0192 0E       		.byte	0xe
 327 0193 7C010000 		.4byte	0x17c
 328 0197 05       		.uleb128 0x5
 329 0198 03       		.byte	0x3
 330 0199 00000000 		.4byte	tab_led_intensity
 331 019d 11       		.uleb128 0x11
 332 019e 56000000 		.4byte	.LASF25
 333 01a2 01       		.byte	0x1
 334 01a3 0F       		.byte	0xf
 335 01a4 81000000 		.4byte	0x81
 336 01a8 05       		.uleb128 0x5
 337 01a9 03       		.byte	0x3
 338 01aa 00000000 		.4byte	led_intensity_index
 339 01ae 12       		.uleb128 0x12
 340 01af 43000000 		.4byte	.LASF26
 341 01b3 06       		.byte	0x6
 342 01b4 C3       		.byte	0xc3
 343 01b5 BF010000 		.4byte	0x1bf
 344 01b9 13       		.uleb128 0x13
 345 01ba 97000000 		.4byte	0x97
 346 01be 00       		.byte	0
 347 01bf 12       		.uleb128 0x12
 348 01c0 5C020000 		.4byte	.LASF27
 349 01c4 07       		.byte	0x7
 350 01c5 77       		.byte	0x77
 351 01c6 D0010000 		.4byte	0x1d0
 352 01ca 13       		.uleb128 0x13
 353 01cb AF000000 		.4byte	0xaf
 354 01cf 00       		.byte	0
 355 01d0 14       		.uleb128 0x14
ARM GAS  C:\Users\user\AppData\Local\Temp\ccVIJg3O.s 			page 8


 356 01d1 99000000 		.4byte	.LASF28
 357 01d5 08       		.byte	0x8
 358 01d6 92       		.byte	0x92
 359 01d7 14       		.uleb128 0x14
 360 01d8 B9000000 		.4byte	.LASF29
 361 01dc 06       		.byte	0x6
 362 01dd 92       		.byte	0x92
 363 01de 14       		.uleb128 0x14
 364 01df 00000000 		.4byte	.LASF30
 365 01e3 09       		.byte	0x9
 366 01e4 3E       		.byte	0x3e
 367 01e5 14       		.uleb128 0x14
 368 01e6 4F020000 		.4byte	.LASF31
 369 01ea 0A       		.byte	0xa
 370 01eb 3F       		.byte	0x3f
 371 01ec 15       		.uleb128 0x15
 372 01ed 41020000 		.4byte	.LASF35
 373 01f1 0B       		.byte	0xb
 374 01f2 18       		.byte	0x18
 375 01f3 13       		.uleb128 0x13
 376 01f4 D0000000 		.4byte	0xd0
 377 01f8 00       		.byte	0
 378 01f9 00       		.byte	0
 379              		.section	.debug_abbrev,"",%progbits
 380              	.Ldebug_abbrev0:
 381 0000 01       		.uleb128 0x1
 382 0001 11       		.uleb128 0x11
 383 0002 01       		.byte	0x1
 384 0003 25       		.uleb128 0x25
 385 0004 0E       		.uleb128 0xe
 386 0005 13       		.uleb128 0x13
 387 0006 0B       		.uleb128 0xb
 388 0007 03       		.uleb128 0x3
 389 0008 0E       		.uleb128 0xe
 390 0009 1B       		.uleb128 0x1b
 391 000a 0E       		.uleb128 0xe
 392 000b 55       		.uleb128 0x55
 393 000c 17       		.uleb128 0x17
 394 000d 11       		.uleb128 0x11
 395 000e 01       		.uleb128 0x1
 396 000f 10       		.uleb128 0x10
 397 0010 17       		.uleb128 0x17
 398 0011 00       		.byte	0
 399 0012 00       		.byte	0
 400 0013 02       		.uleb128 0x2
 401 0014 24       		.uleb128 0x24
 402 0015 00       		.byte	0
 403 0016 0B       		.uleb128 0xb
 404 0017 0B       		.uleb128 0xb
 405 0018 3E       		.uleb128 0x3e
 406 0019 0B       		.uleb128 0xb
 407 001a 03       		.uleb128 0x3
 408 001b 0E       		.uleb128 0xe
 409 001c 00       		.byte	0
 410 001d 00       		.byte	0
 411 001e 03       		.uleb128 0x3
 412 001f 16       		.uleb128 0x16
ARM GAS  C:\Users\user\AppData\Local\Temp\ccVIJg3O.s 			page 9


 413 0020 00       		.byte	0
 414 0021 03       		.uleb128 0x3
 415 0022 0E       		.uleb128 0xe
 416 0023 3A       		.uleb128 0x3a
 417 0024 0B       		.uleb128 0xb
 418 0025 3B       		.uleb128 0x3b
 419 0026 0B       		.uleb128 0xb
 420 0027 49       		.uleb128 0x49
 421 0028 13       		.uleb128 0x13
 422 0029 00       		.byte	0
 423 002a 00       		.byte	0
 424 002b 04       		.uleb128 0x4
 425 002c 24       		.uleb128 0x24
 426 002d 00       		.byte	0
 427 002e 0B       		.uleb128 0xb
 428 002f 0B       		.uleb128 0xb
 429 0030 3E       		.uleb128 0x3e
 430 0031 0B       		.uleb128 0xb
 431 0032 03       		.uleb128 0x3
 432 0033 08       		.uleb128 0x8
 433 0034 00       		.byte	0
 434 0035 00       		.byte	0
 435 0036 05       		.uleb128 0x5
 436 0037 16       		.uleb128 0x16
 437 0038 00       		.byte	0
 438 0039 03       		.uleb128 0x3
 439 003a 0E       		.uleb128 0xe
 440 003b 3A       		.uleb128 0x3a
 441 003c 0B       		.uleb128 0xb
 442 003d 3B       		.uleb128 0x3b
 443 003e 05       		.uleb128 0x5
 444 003f 49       		.uleb128 0x49
 445 0040 13       		.uleb128 0x13
 446 0041 00       		.byte	0
 447 0042 00       		.byte	0
 448 0043 06       		.uleb128 0x6
 449 0044 0F       		.uleb128 0xf
 450 0045 00       		.byte	0
 451 0046 0B       		.uleb128 0xb
 452 0047 0B       		.uleb128 0xb
 453 0048 49       		.uleb128 0x49
 454 0049 13       		.uleb128 0x13
 455 004a 00       		.byte	0
 456 004b 00       		.byte	0
 457 004c 07       		.uleb128 0x7
 458 004d 15       		.uleb128 0x15
 459 004e 00       		.byte	0
 460 004f 27       		.uleb128 0x27
 461 0050 19       		.uleb128 0x19
 462 0051 00       		.byte	0
 463 0052 00       		.byte	0
 464 0053 08       		.uleb128 0x8
 465 0054 2E       		.uleb128 0x2e
 466 0055 01       		.byte	0x1
 467 0056 3F       		.uleb128 0x3f
 468 0057 19       		.uleb128 0x19
 469 0058 03       		.uleb128 0x3
ARM GAS  C:\Users\user\AppData\Local\Temp\ccVIJg3O.s 			page 10


 470 0059 0E       		.uleb128 0xe
 471 005a 3A       		.uleb128 0x3a
 472 005b 0B       		.uleb128 0xb
 473 005c 3B       		.uleb128 0x3b
 474 005d 0B       		.uleb128 0xb
 475 005e 27       		.uleb128 0x27
 476 005f 19       		.uleb128 0x19
 477 0060 11       		.uleb128 0x11
 478 0061 01       		.uleb128 0x1
 479 0062 12       		.uleb128 0x12
 480 0063 06       		.uleb128 0x6
 481 0064 40       		.uleb128 0x40
 482 0065 18       		.uleb128 0x18
 483 0066 9742     		.uleb128 0x2117
 484 0068 19       		.uleb128 0x19
 485 0069 01       		.uleb128 0x1
 486 006a 13       		.uleb128 0x13
 487 006b 00       		.byte	0
 488 006c 00       		.byte	0
 489 006d 09       		.uleb128 0x9
 490 006e 898201   		.uleb128 0x4109
 491 0071 00       		.byte	0
 492 0072 11       		.uleb128 0x11
 493 0073 01       		.uleb128 0x1
 494 0074 31       		.uleb128 0x31
 495 0075 13       		.uleb128 0x13
 496 0076 00       		.byte	0
 497 0077 00       		.byte	0
 498 0078 0A       		.uleb128 0xa
 499 0079 898201   		.uleb128 0x4109
 500 007c 01       		.byte	0x1
 501 007d 11       		.uleb128 0x11
 502 007e 01       		.uleb128 0x1
 503 007f 31       		.uleb128 0x31
 504 0080 13       		.uleb128 0x13
 505 0081 00       		.byte	0
 506 0082 00       		.byte	0
 507 0083 0B       		.uleb128 0xb
 508 0084 8A8201   		.uleb128 0x410a
 509 0087 00       		.byte	0
 510 0088 02       		.uleb128 0x2
 511 0089 18       		.uleb128 0x18
 512 008a 9142     		.uleb128 0x2111
 513 008c 18       		.uleb128 0x18
 514 008d 00       		.byte	0
 515 008e 00       		.byte	0
 516 008f 0C       		.uleb128 0xc
 517 0090 2E       		.uleb128 0x2e
 518 0091 01       		.byte	0x1
 519 0092 3F       		.uleb128 0x3f
 520 0093 19       		.uleb128 0x19
 521 0094 03       		.uleb128 0x3
 522 0095 0E       		.uleb128 0xe
 523 0096 3A       		.uleb128 0x3a
 524 0097 0B       		.uleb128 0xb
 525 0098 3B       		.uleb128 0x3b
 526 0099 0B       		.uleb128 0xb
ARM GAS  C:\Users\user\AppData\Local\Temp\ccVIJg3O.s 			page 11


 527 009a 49       		.uleb128 0x49
 528 009b 13       		.uleb128 0x13
 529 009c 11       		.uleb128 0x11
 530 009d 01       		.uleb128 0x1
 531 009e 12       		.uleb128 0x12
 532 009f 06       		.uleb128 0x6
 533 00a0 40       		.uleb128 0x40
 534 00a1 18       		.uleb128 0x18
 535 00a2 9742     		.uleb128 0x2117
 536 00a4 19       		.uleb128 0x19
 537 00a5 01       		.uleb128 0x1
 538 00a6 13       		.uleb128 0x13
 539 00a7 00       		.byte	0
 540 00a8 00       		.byte	0
 541 00a9 0D       		.uleb128 0xd
 542 00aa 34       		.uleb128 0x34
 543 00ab 00       		.byte	0
 544 00ac 03       		.uleb128 0x3
 545 00ad 0E       		.uleb128 0xe
 546 00ae 3A       		.uleb128 0x3a
 547 00af 0B       		.uleb128 0xb
 548 00b0 3B       		.uleb128 0x3b
 549 00b1 05       		.uleb128 0x5
 550 00b2 49       		.uleb128 0x49
 551 00b3 13       		.uleb128 0x13
 552 00b4 3F       		.uleb128 0x3f
 553 00b5 19       		.uleb128 0x19
 554 00b6 3C       		.uleb128 0x3c
 555 00b7 19       		.uleb128 0x19
 556 00b8 00       		.byte	0
 557 00b9 00       		.byte	0
 558 00ba 0E       		.uleb128 0xe
 559 00bb 35       		.uleb128 0x35
 560 00bc 00       		.byte	0
 561 00bd 49       		.uleb128 0x49
 562 00be 13       		.uleb128 0x13
 563 00bf 00       		.byte	0
 564 00c0 00       		.byte	0
 565 00c1 0F       		.uleb128 0xf
 566 00c2 01       		.uleb128 0x1
 567 00c3 01       		.byte	0x1
 568 00c4 49       		.uleb128 0x49
 569 00c5 13       		.uleb128 0x13
 570 00c6 01       		.uleb128 0x1
 571 00c7 13       		.uleb128 0x13
 572 00c8 00       		.byte	0
 573 00c9 00       		.byte	0
 574 00ca 10       		.uleb128 0x10
 575 00cb 21       		.uleb128 0x21
 576 00cc 00       		.byte	0
 577 00cd 49       		.uleb128 0x49
 578 00ce 13       		.uleb128 0x13
 579 00cf 2F       		.uleb128 0x2f
 580 00d0 0B       		.uleb128 0xb
 581 00d1 00       		.byte	0
 582 00d2 00       		.byte	0
 583 00d3 11       		.uleb128 0x11
ARM GAS  C:\Users\user\AppData\Local\Temp\ccVIJg3O.s 			page 12


 584 00d4 34       		.uleb128 0x34
 585 00d5 00       		.byte	0
 586 00d6 03       		.uleb128 0x3
 587 00d7 0E       		.uleb128 0xe
 588 00d8 3A       		.uleb128 0x3a
 589 00d9 0B       		.uleb128 0xb
 590 00da 3B       		.uleb128 0x3b
 591 00db 0B       		.uleb128 0xb
 592 00dc 49       		.uleb128 0x49
 593 00dd 13       		.uleb128 0x13
 594 00de 3F       		.uleb128 0x3f
 595 00df 19       		.uleb128 0x19
 596 00e0 02       		.uleb128 0x2
 597 00e1 18       		.uleb128 0x18
 598 00e2 00       		.byte	0
 599 00e3 00       		.byte	0
 600 00e4 12       		.uleb128 0x12
 601 00e5 2E       		.uleb128 0x2e
 602 00e6 01       		.byte	0x1
 603 00e7 3F       		.uleb128 0x3f
 604 00e8 19       		.uleb128 0x19
 605 00e9 03       		.uleb128 0x3
 606 00ea 0E       		.uleb128 0xe
 607 00eb 3A       		.uleb128 0x3a
 608 00ec 0B       		.uleb128 0xb
 609 00ed 3B       		.uleb128 0x3b
 610 00ee 0B       		.uleb128 0xb
 611 00ef 27       		.uleb128 0x27
 612 00f0 19       		.uleb128 0x19
 613 00f1 3C       		.uleb128 0x3c
 614 00f2 19       		.uleb128 0x19
 615 00f3 01       		.uleb128 0x1
 616 00f4 13       		.uleb128 0x13
 617 00f5 00       		.byte	0
 618 00f6 00       		.byte	0
 619 00f7 13       		.uleb128 0x13
 620 00f8 05       		.uleb128 0x5
 621 00f9 00       		.byte	0
 622 00fa 49       		.uleb128 0x49
 623 00fb 13       		.uleb128 0x13
 624 00fc 00       		.byte	0
 625 00fd 00       		.byte	0
 626 00fe 14       		.uleb128 0x14
 627 00ff 2E       		.uleb128 0x2e
 628 0100 00       		.byte	0
 629 0101 3F       		.uleb128 0x3f
 630 0102 19       		.uleb128 0x19
 631 0103 03       		.uleb128 0x3
 632 0104 0E       		.uleb128 0xe
 633 0105 3A       		.uleb128 0x3a
 634 0106 0B       		.uleb128 0xb
 635 0107 3B       		.uleb128 0x3b
 636 0108 0B       		.uleb128 0xb
 637 0109 27       		.uleb128 0x27
 638 010a 19       		.uleb128 0x19
 639 010b 3C       		.uleb128 0x3c
 640 010c 19       		.uleb128 0x19
ARM GAS  C:\Users\user\AppData\Local\Temp\ccVIJg3O.s 			page 13


 641 010d 00       		.byte	0
 642 010e 00       		.byte	0
 643 010f 15       		.uleb128 0x15
 644 0110 2E       		.uleb128 0x2e
 645 0111 01       		.byte	0x1
 646 0112 3F       		.uleb128 0x3f
 647 0113 19       		.uleb128 0x19
 648 0114 03       		.uleb128 0x3
 649 0115 0E       		.uleb128 0xe
 650 0116 3A       		.uleb128 0x3a
 651 0117 0B       		.uleb128 0xb
 652 0118 3B       		.uleb128 0x3b
 653 0119 0B       		.uleb128 0xb
 654 011a 27       		.uleb128 0x27
 655 011b 19       		.uleb128 0x19
 656 011c 3C       		.uleb128 0x3c
 657 011d 19       		.uleb128 0x19
 658 011e 00       		.byte	0
 659 011f 00       		.byte	0
 660 0120 00       		.byte	0
 661              		.section	.debug_aranges,"",%progbits
 662 0000 24000000 		.4byte	0x24
 663 0004 0200     		.2byte	0x2
 664 0006 00000000 		.4byte	.Ldebug_info0
 665 000a 04       		.byte	0x4
 666 000b 00       		.byte	0
 667 000c 0000     		.2byte	0
 668 000e 0000     		.2byte	0
 669 0010 00000000 		.4byte	.LFB63
 670 0014 30000000 		.4byte	.LFE63-.LFB63
 671 0018 00000000 		.4byte	.LFB64
 672 001c 20000000 		.4byte	.LFE64-.LFB64
 673 0020 00000000 		.4byte	0
 674 0024 00000000 		.4byte	0
 675              		.section	.debug_ranges,"",%progbits
 676              	.Ldebug_ranges0:
 677 0000 00000000 		.4byte	.LFB63
 678 0004 30000000 		.4byte	.LFE63
 679 0008 00000000 		.4byte	.LFB64
 680 000c 20000000 		.4byte	.LFE64
 681 0010 00000000 		.4byte	0
 682 0014 00000000 		.4byte	0
 683              		.section	.debug_line,"",%progbits
 684              	.Ldebug_line0:
 685 0000 BE010000 		.section	.debug_str,"MS",%progbits,1
 685      02008C01 
 685      00000201 
 685      FB0E0D00 
 685      01010101 
 686              	.LASF30:
 687 0000 5047415F 		.ascii	"PGA_1_Start\000"
 687      315F5374 
 687      61727400 
 688              	.LASF4:
 689 000c 5F5F7569 		.ascii	"__uint8_t\000"
 689      6E74385F 
 689      7400
ARM GAS  C:\Users\user\AppData\Local\Temp\ccVIJg3O.s 			page 14


 690              	.LASF5:
 691 0016 5F5F696E 		.ascii	"__int32_t\000"
 691      7433325F 
 691      7400
 692              	.LASF3:
 693 0020 73686F72 		.ascii	"short unsigned int\000"
 693      7420756E 
 693      7369676E 
 693      65642069 
 693      6E7400
 694              	.LASF21:
 695 0033 6973725F 		.ascii	"isr_1_interrupt\000"
 695      315F696E 
 695      74657272 
 695      75707400 
 696              	.LASF26:
 697 0043 50574D5F 		.ascii	"PWM_2_WriteCompare\000"
 697      325F5772 
 697      69746543 
 697      6F6D7061 
 697      726500
 698              	.LASF25:
 699 0056 6C65645F 		.ascii	"led_intensity_index\000"
 699      696E7465 
 699      6E736974 
 699      795F696E 
 699      64657800 
 700              	.LASF16:
 701 006a 666C6F61 		.ascii	"float\000"
 701      7400
 702              	.LASF1:
 703 0070 756E7369 		.ascii	"unsigned char\000"
 703      676E6564 
 703      20636861 
 703      7200
 704              	.LASF33:
 705 007e 2E5C6D61 		.ascii	".\\main.c\000"
 705      696E2E63 
 705      00
 706              	.LASF7:
 707 0087 6C6F6E67 		.ascii	"long unsigned int\000"
 707      20756E73 
 707      69676E65 
 707      6420696E 
 707      7400
 708              	.LASF28:
 709 0099 50574D5F 		.ascii	"PWM_1_Start\000"
 709      315F5374 
 709      61727400 
 710              	.LASF23:
 711 00a5 49544D5F 		.ascii	"ITM_RxBuffer\000"
 711      52784275 
 711      66666572 
 711      00
 712              	.LASF17:
 713 00b2 646F7562 		.ascii	"double\000"
 713      6C6500
ARM GAS  C:\Users\user\AppData\Local\Temp\ccVIJg3O.s 			page 15


 714              	.LASF29:
 715 00b9 50574D5F 		.ascii	"PWM_2_Start\000"
 715      325F5374 
 715      61727400 
 716              	.LASF22:
 717 00c5 6D61696E 		.ascii	"main\000"
 717      00
 718              	.LASF14:
 719 00ca 75696E74 		.ascii	"uint16\000"
 719      313600
 720              	.LASF15:
 721 00d1 75696E74 		.ascii	"uint32\000"
 721      333200
 722              	.LASF32:
 723 00d8 474E5520 		.ascii	"GNU C 4.9.3 20150303 (release) [ARM/embedded-4_9-br"
 723      4320342E 
 723      392E3320 
 723      32303135 
 723      30333033 
 724 010b 616E6368 		.ascii	"anch revision 221220] -mcpu=cortex-m3 -mthumb -g -O"
 724      20726576 
 724      6973696F 
 724      6E203232 
 724      31323230 
 725 013e 67202D66 		.ascii	"g -ffunction-sections -ffat-lto-objects\000"
 725      66756E63 
 725      74696F6E 
 725      2D736563 
 725      74696F6E 
 726              	.LASF10:
 727 0166 756E7369 		.ascii	"unsigned int\000"
 727      676E6564 
 727      20696E74 
 727      00
 728              	.LASF9:
 729 0173 6C6F6E67 		.ascii	"long long unsigned int\000"
 729      206C6F6E 
 729      6720756E 
 729      7369676E 
 729      65642069 
 730              	.LASF11:
 731 018a 75696E74 		.ascii	"uint8_t\000"
 731      385F7400 
 732              	.LASF19:
 733 0192 63796973 		.ascii	"cyisraddress\000"
 733      72616464 
 733      72657373 
 733      00
 734              	.LASF12:
 735 019f 696E7433 		.ascii	"int32_t\000"
 735      325F7400 
 736              	.LASF20:
 737 01a7 73697A65 		.ascii	"sizetype\000"
 737      74797065 
 737      00
 738              	.LASF8:
 739 01b0 6C6F6E67 		.ascii	"long long int\000"
ARM GAS  C:\Users\user\AppData\Local\Temp\ccVIJg3O.s 			page 16


 739      206C6F6E 
 739      6720696E 
 739      7400
 740              	.LASF18:
 741 01be 63686172 		.ascii	"char\000"
 741      00
 742              	.LASF34:
 743 01c3 443A5C55 		.ascii	"D:\\Utilisateurs\\user\\Documents\\PSoC Creator\\Wo"
 743      74696C69 
 743      73617465 
 743      7572735C 
 743      75736572 
 744 01f1 726B7370 		.ascii	"rkspace02\\TP_SONAR.cydsn\000"
 744      61636530 
 744      325C5450 
 744      5F534F4E 
 744      41522E63 
 745              	.LASF2:
 746 020a 73686F72 		.ascii	"short int\000"
 746      7420696E 
 746      7400
 747              	.LASF13:
 748 0214 75696E74 		.ascii	"uint8\000"
 748      3800
 749              	.LASF24:
 750 021a 7461625F 		.ascii	"tab_led_intensity\000"
 750      6C65645F 
 750      696E7465 
 750      6E736974 
 750      7900
 751              	.LASF6:
 752 022c 6C6F6E67 		.ascii	"long int\000"
 752      20696E74 
 752      00
 753              	.LASF0:
 754 0235 7369676E 		.ascii	"signed char\000"
 754      65642063 
 754      68617200 
 755              	.LASF35:
 756 0241 6973725F 		.ascii	"isr_1_StartEx\000"
 756      315F5374 
 756      61727445 
 756      7800
 757              	.LASF31:
 758 024f 436F6D70 		.ascii	"Comp_1_Start\000"
 758      5F315F53 
 758      74617274 
 758      00
 759              	.LASF27:
 760 025c 43794465 		.ascii	"CyDelay\000"
 760      6C617900 
 761              		.ident	"GCC: (GNU Tools for ARM Embedded Processors) 4.9.3 20150303 (release) [ARM/embedded-4_9-br
