ARM GAS  C:\Users\user\AppData\Local\Temp\ccr8MyYZ.s 			page 1


   1              		.syntax unified
   2              		.cpu cortex-m3
   3              		.fpu softvfp
   4              		.eabi_attribute 20, 1
   5              		.eabi_attribute 21, 1
   6              		.eabi_attribute 23, 3
   7              		.eabi_attribute 24, 1
   8              		.eabi_attribute 25, 1
   9              		.eabi_attribute 26, 1
  10              		.eabi_attribute 30, 1
  11              		.eabi_attribute 34, 1
  12              		.eabi_attribute 18, 4
  13              		.thumb
  14              		.file	"cymetadata.c"
  15              		.text
  16              	.Ltext0:
  17              		.cfi_sections	.debug_frame
  18              		.global	cy_metadata
  19              		.global	cy_meta_flashprotect
  20              		.global	cy_meta_wonvl
  21              		.global	cy_meta_custnvl
  22              		.global	cy_meta_configecc
  23              		.section	.cyconfigecc,"a",%progbits
  24              		.align	2
  25              		.type	cy_meta_configecc, %object
  26              		.size	cy_meta_configecc, 340
  27              	cy_meta_configecc:
  28 0000 01       		.byte	1
  29 0001 45       		.byte	69
  30 0002 00       		.byte	0
  31 0003 40       		.byte	64
  32 0004 03       		.byte	3
  33 0005 52       		.byte	82
  34 0006 00       		.byte	0
  35 0007 40       		.byte	64
  36 0008 01       		.byte	1
  37 0009 0B       		.byte	11
  38 000a 01       		.byte	1
  39 000b 40       		.byte	64
  40 000c 22       		.byte	34
  41 000d 0C       		.byte	12
  42 000e 01       		.byte	1
  43 000f 40       		.byte	64
  44 0010 10       		.byte	16
  45 0011 0D       		.byte	13
  46 0012 01       		.byte	1
  47 0013 40       		.byte	64
  48 0014 01       		.byte	1
  49 0015 15       		.byte	21
  50 0016 01       		.byte	1
  51 0017 40       		.byte	64
  52 0018 02       		.byte	2
  53 0019 17       		.byte	23
  54 001a 01       		.byte	1
  55 001b 40       		.byte	64
  56 001c 02       		.byte	2
  57 001d 19       		.byte	25
ARM GAS  C:\Users\user\AppData\Local\Temp\ccr8MyYZ.s 			page 2


  58 001e 01       		.byte	1
  59 001f 40       		.byte	64
  60 0020 01       		.byte	1
  61 0021 1B       		.byte	27
  62 0022 01       		.byte	1
  63 0023 40       		.byte	64
  64 0024 03       		.byte	3
  65 0025 40       		.byte	64
  66 0026 01       		.byte	1
  67 0027 40       		.byte	64
  68 0028 03       		.byte	3
  69 0029 41       		.byte	65
  70 002a 01       		.byte	1
  71 002b 40       		.byte	64
  72 002c 03       		.byte	3
  73 002d 42       		.byte	66
  74 002e 01       		.byte	1
  75 002f 40       		.byte	64
  76 0030 03       		.byte	3
  77 0031 43       		.byte	67
  78 0032 01       		.byte	1
  79 0033 40       		.byte	64
  80 0034 02       		.byte	2
  81 0035 44       		.byte	68
  82 0036 01       		.byte	1
  83 0037 40       		.byte	64
  84 0038 05       		.byte	5
  85 0039 45       		.byte	69
  86 003a 01       		.byte	1
  87 003b 40       		.byte	64
  88 003c 04       		.byte	4
  89 003d 46       		.byte	70
  90 003e 01       		.byte	1
  91 003f 40       		.byte	64
  92 0040 05       		.byte	5
  93 0041 47       		.byte	71
  94 0042 01       		.byte	1
  95 0043 40       		.byte	64
  96 0044 06       		.byte	6
  97 0045 48       		.byte	72
  98 0046 01       		.byte	1
  99 0047 40       		.byte	64
 100 0048 01       		.byte	1
 101 0049 49       		.byte	73
 102 004a 01       		.byte	1
 103 004b 40       		.byte	64
 104 004c 03       		.byte	3
 105 004d 4C       		.byte	76
 106 004e 01       		.byte	1
 107 004f 40       		.byte	64
 108 0050 02       		.byte	2
 109 0051 4D       		.byte	77
 110 0052 01       		.byte	1
 111 0053 40       		.byte	64
 112 0054 02       		.byte	2
 113 0055 50       		.byte	80
 114 0056 01       		.byte	1
ARM GAS  C:\Users\user\AppData\Local\Temp\ccr8MyYZ.s 			page 3


 115 0057 40       		.byte	64
 116 0058 01       		.byte	1
 117 0059 51       		.byte	81
 118 005a 01       		.byte	1
 119 005b 40       		.byte	64
 120 005c 7E       		.byte	126
 121 005d 02       		.byte	2
 122 005e 10       		.byte	16
 123 005f 02       		.byte	2
 124 0060 11       		.byte	17
 125 0061 02       		.byte	2
 126 0062 7C       		.byte	124
 127 0063 40       		.byte	64
 128 0064 B3       		.byte	-77
 129 0065 08       		.byte	8
 130 0066 86       		.byte	-122
 131 0067 01       		.byte	1
 132 0068 92       		.byte	-110
 133 0069 02       		.byte	2
 134 006a A6       		.byte	-90
 135 006b 01       		.byte	1
 136 006c B2       		.byte	-78
 137 006d 01       		.byte	1
 138 006e B4       		.byte	-76
 139 006f 02       		.byte	2
 140 0070 B8       		.byte	-72
 141 0071 02       		.byte	2
 142 0072 BE       		.byte	-66
 143 0073 01       		.byte	1
 144 0074 C0       		.byte	-64
 145 0075 20       		.byte	32
 146 0076 C1       		.byte	-63
 147 0077 05       		.byte	5
 148 0078 C5       		.byte	-59
 149 0079 01       		.byte	1
 150 007a C7       		.byte	-57
 151 007b 20       		.byte	32
 152 007c C8       		.byte	-56
 153 007d 21       		.byte	33
 154 007e C9       		.byte	-55
 155 007f FF       		.byte	-1
 156 0080 CA       		.byte	-54
 157 0081 FF       		.byte	-1
 158 0082 CB       		.byte	-53
 159 0083 FF       		.byte	-1
 160 0084 CD       		.byte	-51
 161 0085 A0       		.byte	-96
 162 0086 CF       		.byte	-49
 163 0087 04       		.byte	4
 164 0088 D0       		.byte	-48
 165 0089 18       		.byte	24
 166 008a D2       		.byte	-46
 167 008b 80       		.byte	-128
 168 008c D8       		.byte	-40
 169 008d 04       		.byte	4
 170 008e DA       		.byte	-38
 171 008f 04       		.byte	4
ARM GAS  C:\Users\user\AppData\Local\Temp\ccr8MyYZ.s 			page 4


 172 0090 DB       		.byte	-37
 173 0091 04       		.byte	4
 174 0092 DC       		.byte	-36
 175 0093 01       		.byte	1
 176 0094 DD       		.byte	-35
 177 0095 11       		.byte	17
 178 0096 DF       		.byte	-33
 179 0097 01       		.byte	1
 180 0098 E0       		.byte	-32
 181 0099 40       		.byte	64
 182 009a E2       		.byte	-30
 183 009b C0       		.byte	-64
 184 009c E4       		.byte	-28
 185 009d 40       		.byte	64
 186 009e E5       		.byte	-27
 187 009f 40       		.byte	64
 188 00a0 E6       		.byte	-26
 189 00a1 C0       		.byte	-64
 190 00a2 E8       		.byte	-24
 191 00a3 C0       		.byte	-64
 192 00a4 EA       		.byte	-22
 193 00a5 C0       		.byte	-64
 194 00a6 EC       		.byte	-20
 195 00a7 C0       		.byte	-64
 196 00a8 EE       		.byte	-18
 197 00a9 C0       		.byte	-64
 198 00aa 00       		.byte	0
 199 00ab 04       		.byte	4
 200 00ac 09       		.byte	9
 201 00ad 02       		.byte	2
 202 00ae 10       		.byte	16
 203 00af 20       		.byte	32
 204 00b0 18       		.byte	24
 205 00b1 04       		.byte	4
 206 00b2 1A       		.byte	26
 207 00b3 80       		.byte	-128
 208 00b4 1B       		.byte	27
 209 00b5 08       		.byte	8
 210 00b6 40       		.byte	64
 211 00b7 04       		.byte	4
 212 00b8 48       		.byte	72
 213 00b9 22       		.byte	34
 214 00ba 50       		.byte	80
 215 00bb 02       		.byte	2
 216 00bc 71       		.byte	113
 217 00bd 02       		.byte	2
 218 00be 8E       		.byte	-114
 219 00bf 40       		.byte	64
 220 00c0 C0       		.byte	-64
 221 00c1 04       		.byte	4
 222 00c2 C2       		.byte	-62
 223 00c3 08       		.byte	8
 224 00c4 C4       		.byte	-60
 225 00c5 04       		.byte	4
 226 00c6 D0       		.byte	-48
 227 00c7 04       		.byte	4
 228 00c8 D2       		.byte	-46
ARM GAS  C:\Users\user\AppData\Local\Temp\ccr8MyYZ.s 			page 5


 229 00c9 08       		.byte	8
 230 00ca EC       		.byte	-20
 231 00cb 10       		.byte	16
 232 00cc EA       		.byte	-22
 233 00cd 02       		.byte	2
 234 00ce EE       		.byte	-18
 235 00cf 0A       		.byte	10
 236 00d0 EA       		.byte	-22
 237 00d1 02       		.byte	2
 238 00d2 EE       		.byte	-18
 239 00d3 0A       		.byte	10
 240 00d4 EC       		.byte	-20
 241 00d5 10       		.byte	16
 242 00d6 33       		.byte	51
 243 00d7 81       		.byte	-127
 244 00d8 36       		.byte	54
 245 00d9 40       		.byte	64
 246 00da CC       		.byte	-52
 247 00db 70       		.byte	112
 248 00dc 9F       		.byte	-97
 249 00dd 01       		.byte	1
 250 00de A6       		.byte	-90
 251 00df 40       		.byte	64
 252 00e0 A7       		.byte	-89
 253 00e1 80       		.byte	-128
 254 00e2 9F       		.byte	-97
 255 00e3 01       		.byte	1
 256 00e4 A6       		.byte	-90
 257 00e5 40       		.byte	64
 258 00e6 A7       		.byte	-89
 259 00e7 80       		.byte	-128
 260 00e8 9F       		.byte	-97
 261 00e9 01       		.byte	1
 262 00ea A6       		.byte	-90
 263 00eb 40       		.byte	64
 264 00ec A7       		.byte	-89
 265 00ed 80       		.byte	-128
 266 00ee 7C       		.byte	124
 267 00ef 10       		.byte	16
 268 00f0 DE       		.byte	-34
 269 00f1 01       		.byte	1
 270 00f2 5E       		.byte	94
 271 00f3 80       		.byte	-128
 272 00f4 8C       		.byte	-116
 273 00f5 10       		.byte	16
 274 00f6 94       		.byte	-108
 275 00f7 10       		.byte	16
 276 00f8 D6       		.byte	-42
 277 00f9 04       		.byte	4
 278 00fa E0       		.byte	-32
 279 00fb 08       		.byte	8
 280 00fc 45       		.byte	69
 281 00fd 08       		.byte	8
 282 00fe B2       		.byte	-78
 283 00ff 40       		.byte	64
 284 0100 D0       		.byte	-48
 285 0101 01       		.byte	1
ARM GAS  C:\Users\user\AppData\Local\Temp\ccr8MyYZ.s 			page 6


 286 0102 E8       		.byte	-24
 287 0103 04       		.byte	4
 288 0104 08       		.byte	8
 289 0105 08       		.byte	8
 290 0106 0B       		.byte	11
 291 0107 04       		.byte	4
 292 0108 0F       		.byte	15
 293 0109 40       		.byte	64
 294 010a A5       		.byte	-91
 295 010b 08       		.byte	8
 296 010c C2       		.byte	-62
 297 010d 0E       		.byte	14
 298 010e 25       		.byte	37
 299 010f 10       		.byte	16
 300 0110 AE       		.byte	-82
 301 0111 40       		.byte	64
 302 0112 AF       		.byte	-81
 303 0113 81       		.byte	-127
 304 0114 C8       		.byte	-56
 305 0115 20       		.byte	32
 306 0116 EA       		.byte	-22
 307 0117 40       		.byte	64
 308 0118 EE       		.byte	-18
 309 0119 50       		.byte	80
 310 011a B5       		.byte	-75
 311 011b 10       		.byte	16
 312 011c A5       		.byte	-91
 313 011d 08       		.byte	8
 314 011e AC       		.byte	-84
 315 011f 08       		.byte	8
 316 0120 AF       		.byte	-81
 317 0121 44       		.byte	68
 318 0122 B5       		.byte	-75
 319 0123 08       		.byte	8
 320 0124 EC       		.byte	-20
 321 0125 08       		.byte	8
 322 0126 00       		.byte	0
 323 0127 02       		.byte	2
 324 0128 0E       		.byte	14
 325 0129 02       		.byte	2
 326 012a 00       		.byte	0
 327 012b 2A       		.byte	42
 328 012c 40       		.byte	64
 329 012d 00       		.byte	0
 330 012e 00       		.byte	0
 331 012f 00       		.byte	0
 332 0130 00       		.byte	0
 333 0131 00       		.byte	0
 334 0132 00       		.byte	0
 335 0133 00       		.byte	0
 336 0134 C0       		.byte	-64
 337 0135 00       		.byte	0
 338 0136 00       		.byte	0
 339 0137 00       		.byte	0
 340 0138 00       		.byte	0
 341 0139 00       		.byte	0
 342 013a 00       		.byte	0
ARM GAS  C:\Users\user\AppData\Local\Temp\ccr8MyYZ.s 			page 7


 343 013b 00       		.byte	0
 344 013c 00       		.byte	0
 345 013d 00       		.byte	0
 346 013e 80       		.byte	-128
 347 013f 00       		.byte	0
 348 0140 00       		.byte	0
 349 0141 02       		.byte	2
 350 0142 02       		.byte	2
 351 0143 00       		.byte	0
 352 0144 02       		.byte	2
 353 0145 00       		.byte	0
 354 0146 80       		.byte	-128
 355 0147 00       		.byte	0
 356 0148 00       		.byte	0
 357 0149 00       		.byte	0
 358 014a 00       		.byte	0
 359 014b 00       		.byte	0
 360 014c 00       		.byte	0
 361 014d 00       		.byte	0
 362 014e 42       		.byte	66
 363 014f 00       		.byte	0
 364 0150 07       		.byte	7
 365 0151 00       		.byte	0
 366 0152 18       		.byte	24
 367 0153 01       		.byte	1
 368              		.section	.cywolatch,"a",%progbits
 369              		.align	2
 370              		.type	cy_meta_wonvl, %object
 371              		.size	cy_meta_wonvl, 4
 372              	cy_meta_wonvl:
 373 0000 BC       		.byte	-68
 374 0001 90       		.byte	-112
 375 0002 AC       		.byte	-84
 376 0003 AF       		.byte	-81
 377              		.section	.cycustnvl,"a",%progbits
 378              		.align	2
 379              		.type	cy_meta_custnvl, %object
 380              		.size	cy_meta_custnvl, 4
 381              	cy_meta_custnvl:
 382 0000 00       		.byte	0
 383 0001 00       		.byte	0
 384 0002 40       		.byte	64
 385 0003 05       		.byte	5
 386              		.section	.cymeta,"a",%progbits
 387              		.align	2
 388              		.type	cy_metadata, %object
 389              		.size	cy_metadata, 12
 390              	cy_metadata:
 391 0000 00       		.byte	0
 392 0001 01       		.byte	1
 393 0002 2E       		.byte	46
 394 0003 16       		.byte	22
 395 0004 10       		.byte	16
 396 0005 69       		.byte	105
 397 0006 00       		.byte	0
 398 0007 01       		.byte	1
 399 0008 00       		.byte	0
ARM GAS  C:\Users\user\AppData\Local\Temp\ccr8MyYZ.s 			page 8


 400 0009 00       		.byte	0
 401 000a 00       		.byte	0
 402 000b 00       		.byte	0
 403              		.section	.cyflashprotect,"a",%progbits
 404              		.align	2
 405              		.type	cy_meta_flashprotect, %object
 406              		.size	cy_meta_flashprotect, 256
 407              	cy_meta_flashprotect:
 408 0000 00000000 		.space	256
 408      00000000 
 408      00000000 
 408      00000000 
 408      00000000 
 409              		.text
 410              	.Letext0:
 411              		.file 1 ".\\Generated_Source\\PSoC5\\cymetadata.c"
 412              		.file 2 ".\\Generated_Source\\PSoC5\\cytypes.h"
 413              		.section	.debug_info,"",%progbits
 414              	.Ldebug_info0:
 415 0000 37010000 		.4byte	0x137
 416 0004 0400     		.2byte	0x4
 417 0006 00000000 		.4byte	.Ldebug_abbrev0
 418 000a 04       		.byte	0x4
 419 000b 01       		.uleb128 0x1
 420 000c 94000000 		.4byte	.LASF18
 421 0010 01       		.byte	0x1
 422 0011 00000000 		.4byte	.LASF19
 423 0015 AA010000 		.4byte	.LASF20
 424 0019 00000000 		.4byte	.Ldebug_line0
 425 001d 02       		.uleb128 0x2
 426 001e 01       		.byte	0x1
 427 001f 06       		.byte	0x6
 428 0020 9E010000 		.4byte	.LASF0
 429 0024 02       		.uleb128 0x2
 430 0025 01       		.byte	0x1
 431 0026 08       		.byte	0x8
 432 0027 38000000 		.4byte	.LASF1
 433 002b 02       		.uleb128 0x2
 434 002c 02       		.byte	0x2
 435 002d 05       		.byte	0x5
 436 002e 85010000 		.4byte	.LASF2
 437 0032 02       		.uleb128 0x2
 438 0033 02       		.byte	0x2
 439 0034 07       		.byte	0x7
 440 0035 58000000 		.4byte	.LASF3
 441 0039 02       		.uleb128 0x2
 442 003a 04       		.byte	0x4
 443 003b 05       		.byte	0x5
 444 003c 95010000 		.4byte	.LASF4
 445 0040 02       		.uleb128 0x2
 446 0041 04       		.byte	0x4
 447 0042 07       		.byte	0x7
 448 0043 46000000 		.4byte	.LASF5
 449 0047 02       		.uleb128 0x2
 450 0048 08       		.byte	0x8
 451 0049 05       		.byte	0x5
 452 004a 72010000 		.4byte	.LASF6
ARM GAS  C:\Users\user\AppData\Local\Temp\ccr8MyYZ.s 			page 9


 453 004e 02       		.uleb128 0x2
 454 004f 08       		.byte	0x8
 455 0050 07       		.byte	0x7
 456 0051 2F010000 		.4byte	.LASF7
 457 0055 03       		.uleb128 0x3
 458 0056 04       		.byte	0x4
 459 0057 05       		.byte	0x5
 460 0058 696E7400 		.ascii	"int\000"
 461 005c 02       		.uleb128 0x2
 462 005d 04       		.byte	0x4
 463 005e 07       		.byte	0x7
 464 005f 22010000 		.4byte	.LASF8
 465 0063 04       		.uleb128 0x4
 466 0064 8F010000 		.4byte	.LASF21
 467 0068 02       		.byte	0x2
 468 0069 3801     		.2byte	0x138
 469 006b 24000000 		.4byte	0x24
 470 006f 02       		.uleb128 0x2
 471 0070 04       		.byte	0x4
 472 0071 04       		.byte	0x4
 473 0072 32000000 		.4byte	.LASF9
 474 0076 02       		.uleb128 0x2
 475 0077 08       		.byte	0x8
 476 0078 04       		.byte	0x4
 477 0079 6B000000 		.4byte	.LASF10
 478 007d 02       		.uleb128 0x2
 479 007e 01       		.byte	0x1
 480 007f 08       		.byte	0x8
 481 0080 80010000 		.4byte	.LASF11
 482 0084 05       		.uleb128 0x5
 483 0085 63000000 		.4byte	0x63
 484 0089 95000000 		.4byte	0x95
 485 008d 06       		.uleb128 0x6
 486 008e 95000000 		.4byte	0x95
 487 0092 5301     		.2byte	0x153
 488 0094 00       		.byte	0
 489 0095 02       		.uleb128 0x2
 490 0096 04       		.byte	0x4
 491 0097 07       		.byte	0x7
 492 0098 69010000 		.4byte	.LASF12
 493 009c 07       		.uleb128 0x7
 494 009d 82000000 		.4byte	.LASF13
 495 00a1 01       		.byte	0x1
 496 00a2 1F       		.byte	0x1f
 497 00a3 AD000000 		.4byte	0xad
 498 00a7 05       		.uleb128 0x5
 499 00a8 03       		.byte	0x3
 500 00a9 00000000 		.4byte	cy_meta_configecc
 501 00ad 08       		.uleb128 0x8
 502 00ae 84000000 		.4byte	0x84
 503 00b2 05       		.uleb128 0x5
 504 00b3 63000000 		.4byte	0x63
 505 00b7 C2000000 		.4byte	0xc2
 506 00bb 09       		.uleb128 0x9
 507 00bc 95000000 		.4byte	0x95
 508 00c0 03       		.byte	0x3
 509 00c1 00       		.byte	0
ARM GAS  C:\Users\user\AppData\Local\Temp\ccr8MyYZ.s 			page 10


 510 00c2 07       		.uleb128 0x7
 511 00c3 72000000 		.4byte	.LASF14
 512 00c7 01       		.byte	0x1
 513 00c8 57       		.byte	0x57
 514 00c9 D3000000 		.4byte	0xd3
 515 00cd 05       		.uleb128 0x5
 516 00ce 03       		.byte	0x3
 517 00cf 00000000 		.4byte	cy_meta_custnvl
 518 00d3 08       		.uleb128 0x8
 519 00d4 B2000000 		.4byte	0xb2
 520 00d8 07       		.uleb128 0x7
 521 00d9 5B010000 		.4byte	.LASF15
 522 00dd 01       		.byte	0x1
 523 00de 65       		.byte	0x65
 524 00df E9000000 		.4byte	0xe9
 525 00e3 05       		.uleb128 0x5
 526 00e4 03       		.byte	0x3
 527 00e5 00000000 		.4byte	cy_meta_wonvl
 528 00e9 08       		.uleb128 0x8
 529 00ea B2000000 		.4byte	0xb2
 530 00ee 05       		.uleb128 0x5
 531 00ef 63000000 		.4byte	0x63
 532 00f3 FE000000 		.4byte	0xfe
 533 00f7 09       		.uleb128 0x9
 534 00f8 95000000 		.4byte	0x95
 535 00fc FF       		.byte	0xff
 536 00fd 00       		.byte	0
 537 00fe 07       		.uleb128 0x7
 538 00ff 46010000 		.4byte	.LASF16
 539 0103 01       		.byte	0x1
 540 0104 73       		.byte	0x73
 541 0105 0F010000 		.4byte	0x10f
 542 0109 05       		.uleb128 0x5
 543 010a 03       		.byte	0x3
 544 010b 00000000 		.4byte	cy_meta_flashprotect
 545 010f 08       		.uleb128 0x8
 546 0110 EE000000 		.4byte	0xee
 547 0114 05       		.uleb128 0x5
 548 0115 63000000 		.4byte	0x63
 549 0119 24010000 		.4byte	0x124
 550 011d 09       		.uleb128 0x9
 551 011e 95000000 		.4byte	0x95
 552 0122 0B       		.byte	0xb
 553 0123 00       		.byte	0
 554 0124 07       		.uleb128 0x7
 555 0125 26000000 		.4byte	.LASF17
 556 0129 01       		.byte	0x1
 557 012a A0       		.byte	0xa0
 558 012b 35010000 		.4byte	0x135
 559 012f 05       		.uleb128 0x5
 560 0130 03       		.byte	0x3
 561 0131 00000000 		.4byte	cy_metadata
 562 0135 08       		.uleb128 0x8
 563 0136 14010000 		.4byte	0x114
 564 013a 00       		.byte	0
 565              		.section	.debug_abbrev,"",%progbits
 566              	.Ldebug_abbrev0:
ARM GAS  C:\Users\user\AppData\Local\Temp\ccr8MyYZ.s 			page 11


 567 0000 01       		.uleb128 0x1
 568 0001 11       		.uleb128 0x11
 569 0002 01       		.byte	0x1
 570 0003 25       		.uleb128 0x25
 571 0004 0E       		.uleb128 0xe
 572 0005 13       		.uleb128 0x13
 573 0006 0B       		.uleb128 0xb
 574 0007 03       		.uleb128 0x3
 575 0008 0E       		.uleb128 0xe
 576 0009 1B       		.uleb128 0x1b
 577 000a 0E       		.uleb128 0xe
 578 000b 10       		.uleb128 0x10
 579 000c 17       		.uleb128 0x17
 580 000d 00       		.byte	0
 581 000e 00       		.byte	0
 582 000f 02       		.uleb128 0x2
 583 0010 24       		.uleb128 0x24
 584 0011 00       		.byte	0
 585 0012 0B       		.uleb128 0xb
 586 0013 0B       		.uleb128 0xb
 587 0014 3E       		.uleb128 0x3e
 588 0015 0B       		.uleb128 0xb
 589 0016 03       		.uleb128 0x3
 590 0017 0E       		.uleb128 0xe
 591 0018 00       		.byte	0
 592 0019 00       		.byte	0
 593 001a 03       		.uleb128 0x3
 594 001b 24       		.uleb128 0x24
 595 001c 00       		.byte	0
 596 001d 0B       		.uleb128 0xb
 597 001e 0B       		.uleb128 0xb
 598 001f 3E       		.uleb128 0x3e
 599 0020 0B       		.uleb128 0xb
 600 0021 03       		.uleb128 0x3
 601 0022 08       		.uleb128 0x8
 602 0023 00       		.byte	0
 603 0024 00       		.byte	0
 604 0025 04       		.uleb128 0x4
 605 0026 16       		.uleb128 0x16
 606 0027 00       		.byte	0
 607 0028 03       		.uleb128 0x3
 608 0029 0E       		.uleb128 0xe
 609 002a 3A       		.uleb128 0x3a
 610 002b 0B       		.uleb128 0xb
 611 002c 3B       		.uleb128 0x3b
 612 002d 05       		.uleb128 0x5
 613 002e 49       		.uleb128 0x49
 614 002f 13       		.uleb128 0x13
 615 0030 00       		.byte	0
 616 0031 00       		.byte	0
 617 0032 05       		.uleb128 0x5
 618 0033 01       		.uleb128 0x1
 619 0034 01       		.byte	0x1
 620 0035 49       		.uleb128 0x49
 621 0036 13       		.uleb128 0x13
 622 0037 01       		.uleb128 0x1
 623 0038 13       		.uleb128 0x13
ARM GAS  C:\Users\user\AppData\Local\Temp\ccr8MyYZ.s 			page 12


 624 0039 00       		.byte	0
 625 003a 00       		.byte	0
 626 003b 06       		.uleb128 0x6
 627 003c 21       		.uleb128 0x21
 628 003d 00       		.byte	0
 629 003e 49       		.uleb128 0x49
 630 003f 13       		.uleb128 0x13
 631 0040 2F       		.uleb128 0x2f
 632 0041 05       		.uleb128 0x5
 633 0042 00       		.byte	0
 634 0043 00       		.byte	0
 635 0044 07       		.uleb128 0x7
 636 0045 34       		.uleb128 0x34
 637 0046 00       		.byte	0
 638 0047 03       		.uleb128 0x3
 639 0048 0E       		.uleb128 0xe
 640 0049 3A       		.uleb128 0x3a
 641 004a 0B       		.uleb128 0xb
 642 004b 3B       		.uleb128 0x3b
 643 004c 0B       		.uleb128 0xb
 644 004d 49       		.uleb128 0x49
 645 004e 13       		.uleb128 0x13
 646 004f 3F       		.uleb128 0x3f
 647 0050 19       		.uleb128 0x19
 648 0051 02       		.uleb128 0x2
 649 0052 18       		.uleb128 0x18
 650 0053 00       		.byte	0
 651 0054 00       		.byte	0
 652 0055 08       		.uleb128 0x8
 653 0056 26       		.uleb128 0x26
 654 0057 00       		.byte	0
 655 0058 49       		.uleb128 0x49
 656 0059 13       		.uleb128 0x13
 657 005a 00       		.byte	0
 658 005b 00       		.byte	0
 659 005c 09       		.uleb128 0x9
 660 005d 21       		.uleb128 0x21
 661 005e 00       		.byte	0
 662 005f 49       		.uleb128 0x49
 663 0060 13       		.uleb128 0x13
 664 0061 2F       		.uleb128 0x2f
 665 0062 0B       		.uleb128 0xb
 666 0063 00       		.byte	0
 667 0064 00       		.byte	0
 668 0065 00       		.byte	0
 669              		.section	.debug_aranges,"",%progbits
 670 0000 14000000 		.4byte	0x14
 671 0004 0200     		.2byte	0x2
 672 0006 00000000 		.4byte	.Ldebug_info0
 673 000a 04       		.byte	0x4
 674 000b 00       		.byte	0
 675 000c 0000     		.2byte	0
 676 000e 0000     		.2byte	0
 677 0010 00000000 		.4byte	0
 678 0014 00000000 		.4byte	0
 679              		.section	.debug_line,"",%progbits
 680              	.Ldebug_line0:
ARM GAS  C:\Users\user\AppData\Local\Temp\ccr8MyYZ.s 			page 13


 681 0000 4F000000 		.section	.debug_str,"MS",%progbits,1
 681      02004900 
 681      00000201 
 681      FB0E0D00 
 681      01010101 
 682              	.LASF19:
 683 0000 2E5C4765 		.ascii	".\\Generated_Source\\PSoC5\\cymetadata.c\000"
 683      6E657261 
 683      7465645F 
 683      536F7572 
 683      63655C50 
 684              	.LASF17:
 685 0026 63795F6D 		.ascii	"cy_metadata\000"
 685      65746164 
 685      61746100 
 686              	.LASF9:
 687 0032 666C6F61 		.ascii	"float\000"
 687      7400
 688              	.LASF1:
 689 0038 756E7369 		.ascii	"unsigned char\000"
 689      676E6564 
 689      20636861 
 689      7200
 690              	.LASF5:
 691 0046 6C6F6E67 		.ascii	"long unsigned int\000"
 691      20756E73 
 691      69676E65 
 691      6420696E 
 691      7400
 692              	.LASF3:
 693 0058 73686F72 		.ascii	"short unsigned int\000"
 693      7420756E 
 693      7369676E 
 693      65642069 
 693      6E7400
 694              	.LASF10:
 695 006b 646F7562 		.ascii	"double\000"
 695      6C6500
 696              	.LASF14:
 697 0072 63795F6D 		.ascii	"cy_meta_custnvl\000"
 697      6574615F 
 697      63757374 
 697      6E766C00 
 698              	.LASF13:
 699 0082 63795F6D 		.ascii	"cy_meta_configecc\000"
 699      6574615F 
 699      636F6E66 
 699      69676563 
 699      6300
 700              	.LASF18:
 701 0094 474E5520 		.ascii	"GNU C 4.9.3 20150303 (release) [ARM/embedded-4_9-br"
 701      4320342E 
 701      392E3320 
 701      32303135 
 701      30333033 
 702 00c7 616E6368 		.ascii	"anch revision 221220] -mcpu=cortex-m3 -mthumb -g -O"
 702      20726576 
ARM GAS  C:\Users\user\AppData\Local\Temp\ccr8MyYZ.s 			page 14


 702      6973696F 
 702      6E203232 
 702      31323230 
 703 00fa 67202D66 		.ascii	"g -ffunction-sections -ffat-lto-objects\000"
 703      66756E63 
 703      74696F6E 
 703      2D736563 
 703      74696F6E 
 704              	.LASF8:
 705 0122 756E7369 		.ascii	"unsigned int\000"
 705      676E6564 
 705      20696E74 
 705      00
 706              	.LASF7:
 707 012f 6C6F6E67 		.ascii	"long long unsigned int\000"
 707      206C6F6E 
 707      6720756E 
 707      7369676E 
 707      65642069 
 708              	.LASF16:
 709 0146 63795F6D 		.ascii	"cy_meta_flashprotect\000"
 709      6574615F 
 709      666C6173 
 709      6870726F 
 709      74656374 
 710              	.LASF15:
 711 015b 63795F6D 		.ascii	"cy_meta_wonvl\000"
 711      6574615F 
 711      776F6E76 
 711      6C00
 712              	.LASF12:
 713 0169 73697A65 		.ascii	"sizetype\000"
 713      74797065 
 713      00
 714              	.LASF6:
 715 0172 6C6F6E67 		.ascii	"long long int\000"
 715      206C6F6E 
 715      6720696E 
 715      7400
 716              	.LASF11:
 717 0180 63686172 		.ascii	"char\000"
 717      00
 718              	.LASF2:
 719 0185 73686F72 		.ascii	"short int\000"
 719      7420696E 
 719      7400
 720              	.LASF21:
 721 018f 75696E74 		.ascii	"uint8\000"
 721      3800
 722              	.LASF4:
 723 0195 6C6F6E67 		.ascii	"long int\000"
 723      20696E74 
 723      00
 724              	.LASF0:
 725 019e 7369676E 		.ascii	"signed char\000"
 725      65642063 
 725      68617200 
ARM GAS  C:\Users\user\AppData\Local\Temp\ccr8MyYZ.s 			page 15


 726              	.LASF20:
 727 01aa 443A5C55 		.ascii	"D:\\Utilisateurs\\user\\Documents\\PSoC Creator\\Wo"
 727      74696C69 
 727      73617465 
 727      7572735C 
 727      75736572 
 728 01d8 726B7370 		.ascii	"rkspace02\\TP2_Mesure_RES.cydsn\000"
 728      61636530 
 728      325C5450 
 728      325F4D65 
 728      73757265 
 729              		.ident	"GCC: (GNU Tools for ARM Embedded Processors) 4.9.3 20150303 (release) [ARM/embedded-4_9-br
