ARM GAS  C:\Users\user\AppData\Local\Temp\ccCEglxk.s 			page 1


   1              		.syntax unified
   2              		.cpu cortex-m3
   3              		.fpu softvfp
   4              		.eabi_attribute 20, 1
   5              		.eabi_attribute 21, 1
   6              		.eabi_attribute 23, 3
   7              		.eabi_attribute 24, 1
   8              		.eabi_attribute 25, 1
   9              		.eabi_attribute 26, 1
  10              		.eabi_attribute 30, 1
  11              		.eabi_attribute 34, 1
  12              		.eabi_attribute 18, 4
  13              		.thumb
  14              		.file	"main.c"
  15              		.text
  16              	.Ltext0:
  17              		.cfi_sections	.debug_frame
  18              		.global	__aeabi_i2f
  19              		.global	__aeabi_fdiv
  20              		.global	__aeabi_fmul
  21              		.global	__aeabi_f2uiz
  22              		.global	__aeabi_f2d
  23              		.section	.text.main,"ax",%progbits
  24              		.align	2
  25              		.global	main
  26              		.thumb
  27              		.thumb_func
  28              		.type	main, %function
  29              	main:
  30              	.LFB63:
  31              		.file 1 ".\\main.c"
   1:.\main.c      **** /* ========================================
   2:.\main.c      ****  *
   3:.\main.c      ****  * Copyright YOUR COMPANY, THE YEAR
   4:.\main.c      ****  * All Rights Reserved
   5:.\main.c      ****  * UNPUBLISHED, LICENSED SOFTWARE.
   6:.\main.c      ****  *
   7:.\main.c      ****  * CONFIDENTIAL AND PROPRIETARY INFORMATION
   8:.\main.c      ****  * WHICH IS THE PROPERTY OF your company.
   9:.\main.c      ****  *
  10:.\main.c      ****  * ========================================
  11:.\main.c      **** */
  12:.\main.c      **** // Includes
  13:.\main.c      **** #include <project.h>
  14:.\main.c      **** #include <stdio.h>
  15:.\main.c      **** 
  16:.\main.c      **** // DEFINE 
  17:.\main.c      **** #define REFERENCE_RESISTENCE 110
  18:.\main.c      **** #define RESISTANCE_VALUE_MAX 60000
  19:.\main.c      **** #define PWM_MAX              255
  20:.\main.c      **** 
  21:.\main.c      **** // TYPEDEF
  22:.\main.c      **** typedef struct 
  23:.\main.c      **** {
  24:.\main.c      ****     int16_t POH;
  25:.\main.c      ****     int16_t POF;
  26:.\main.c      ****     int16_t POM; 
ARM GAS  C:\Users\user\AppData\Local\Temp\ccCEglxk.s 			page 2


  27:.\main.c      **** } mux_potentiel_t;
  28:.\main.c      **** 
  29:.\main.c      **** // Variable declaration
  30:.\main.c      **** mux_potentiel_t mux_pot; 
  31:.\main.c      **** int   val = 0;
  32:.\main.c      **** char  valeur[8] = {0};
  33:.\main.c      **** float resistance_value;
  34:.\main.c      **** 
  35:.\main.c      **** // MAIN
  36:.\main.c      **** int main()
  37:.\main.c      **** {
  32              		.loc 1 37 0
  33              		.cfi_startproc
  34              		@ Volatile: function does not return.
  35              		@ args = 0, pretend = 0, frame = 0
  36              		@ frame_needed = 0, uses_anonymous_args = 0
  37 0000 08B5     		push	{r3, lr}
  38              		.cfi_def_cfa_offset 8
  39              		.cfi_offset 3, -8
  40              		.cfi_offset 14, -4
  38:.\main.c      ****     //-----------------------//
  39:.\main.c      ****     //   START ALL MODULES   //
  40:.\main.c      ****     //-----------------------//
  41:.\main.c      ****     CyGlobalIntEnable; /* Enable global interrupts. */
  41              		.loc 1 41 0
  42              	@ 41 ".\main.c" 1
  43 0002 62B6     		CPSIE   i
  44              	@ 0 "" 2
  42:.\main.c      ****     
  43:.\main.c      ****     /* Place your initialization/startup code here (e.g. MyInst_Start()) */
  44:.\main.c      ****     USBUART_1_Start(0, USBUART_1_5V_OPERATION);
  45              		.loc 1 44 0
  46              		.thumb
  47 0004 0020     		movs	r0, #0
  48 0006 0121     		movs	r1, #1
  49 0008 FFF7FEFF 		bl	USBUART_1_Start
  50              	.LVL0:
  51              	.L2:
  45:.\main.c      ****     while(0 == USBUART_1_GetConfiguration())
  52              		.loc 1 45 0 discriminator 1
  53 000c FFF7FEFF 		bl	USBUART_1_GetConfiguration
  54              	.LVL1:
  55 0010 0028     		cmp	r0, #0
  56 0012 FBD0     		beq	.L2
  46:.\main.c      ****     {
  47:.\main.c      ****     }
  48:.\main.c      ****     USBUART_1_CDC_Init();
  57              		.loc 1 48 0
  58 0014 FFF7FEFF 		bl	USBUART_1_CDC_Init
  59              	.LVL2:
  49:.\main.c      **** 
  50:.\main.c      ****     
  51:.\main.c      ****     AMux_1_Start();
  60              		.loc 1 51 0
  61 0018 FFF7FEFF 		bl	AMux_1_Start
  62              	.LVL3:
  52:.\main.c      **** 
ARM GAS  C:\Users\user\AppData\Local\Temp\ccCEglxk.s 			page 3


  53:.\main.c      ****     ADC_DelSig_1_Start();
  63              		.loc 1 53 0
  64 001c FFF7FEFF 		bl	ADC_DelSig_1_Start
  65              	.LVL4:
  54:.\main.c      ****     
  55:.\main.c      ****     PWM_1_Start();
  66              		.loc 1 55 0
  67 0020 FFF7FEFF 		bl	PWM_1_Start
  68              	.LVL5:
  69              	.L3:
  56:.\main.c      ****     
  57:.\main.c      ****     /* Place your initialization/startup code here (e.g. MyInst_Start()) */
  58:.\main.c      **** 
  59:.\main.c      ****     //-----------------------//
  60:.\main.c      ****     //     INIFINIT LOOP     //
  61:.\main.c      ****     //-----------------------//
  62:.\main.c      ****     for(;;)
  63:.\main.c      ****     {
  64:.\main.c      ****         // Get all potentials values
  65:.\main.c      ****         AMux_1_Select(0);
  70              		.loc 1 65 0 discriminator 1
  71 0024 0020     		movs	r0, #0
  72 0026 FFF7FEFF 		bl	AMux_1_Select
  73              	.LVL6:
  66:.\main.c      ****         mux_pot.POH = ADC_DelSig_1_CountsTo_mVolts(ADC_DelSig_1_Read32());
  74              		.loc 1 66 0 discriminator 1
  75 002a FFF7FEFF 		bl	ADC_DelSig_1_Read32
  76              	.LVL7:
  77 002e FFF7FEFF 		bl	ADC_DelSig_1_CountsTo_mVolts
  78              	.LVL8:
  79 0032 244C     		ldr	r4, .L5
  80 0034 2080     		strh	r0, [r4]	@ movhi
  67:.\main.c      ****         
  68:.\main.c      ****         AMux_1_Select(1);
  81              		.loc 1 68 0 discriminator 1
  82 0036 0120     		movs	r0, #1
  83 0038 FFF7FEFF 		bl	AMux_1_Select
  84              	.LVL9:
  69:.\main.c      ****         mux_pot.POM = ADC_DelSig_1_CountsTo_mVolts(ADC_DelSig_1_Read32());
  85              		.loc 1 69 0 discriminator 1
  86 003c FFF7FEFF 		bl	ADC_DelSig_1_Read32
  87              	.LVL10:
  88 0040 FFF7FEFF 		bl	ADC_DelSig_1_CountsTo_mVolts
  89              	.LVL11:
  90 0044 A080     		strh	r0, [r4, #4]	@ movhi
  70:.\main.c      **** 
  71:.\main.c      ****         AMux_1_Select(2);
  91              		.loc 1 71 0 discriminator 1
  92 0046 0220     		movs	r0, #2
  93 0048 FFF7FEFF 		bl	AMux_1_Select
  94              	.LVL12:
  72:.\main.c      ****         mux_pot.POF = ADC_DelSig_1_CountsTo_mVolts(ADC_DelSig_1_Read32());
  95              		.loc 1 72 0 discriminator 1
  96 004c FFF7FEFF 		bl	ADC_DelSig_1_Read32
  97              	.LVL13:
  98 0050 FFF7FEFF 		bl	ADC_DelSig_1_CountsTo_mVolts
  99              	.LVL14:
ARM GAS  C:\Users\user\AppData\Local\Temp\ccCEglxk.s 			page 4


 100 0054 6080     		strh	r0, [r4, #2]	@ movhi
  73:.\main.c      ****         
  74:.\main.c      ****         // Compute resistance value
  75:.\main.c      ****         resistance_value =  (float) (mux_pot.POM - mux_pot.POF) / (mux_pot.POH - mux_pot.POM);
 101              		.loc 1 75 0 discriminator 1
 102 0056 B4F90450 		ldrsh	r5, [r4, #4]
 103 005a 281A     		subs	r0, r5, r0
 104 005c FFF7FEFF 		bl	__aeabi_i2f
 105              	.LVL15:
 106 0060 0646     		mov	r6, r0
 107 0062 B4F90000 		ldrsh	r0, [r4]
 108 0066 401B     		subs	r0, r0, r5
 109 0068 FFF7FEFF 		bl	__aeabi_i2f
 110              	.LVL16:
 111 006c 0146     		mov	r1, r0
 112 006e 3046     		mov	r0, r6
 113 0070 FFF7FEFF 		bl	__aeabi_fdiv
 114              	.LVL17:
 115 0074 144D     		ldr	r5, .L5+4
  76:.\main.c      ****         resistance_value *= REFERENCE_RESISTENCE;
 116              		.loc 1 76 0 discriminator 1
 117 0076 1549     		ldr	r1, .L5+8
 118 0078 FFF7FEFF 		bl	__aeabi_fmul
 119              	.LVL18:
 120 007c 2860     		str	r0, [r5]	@ float
  77:.\main.c      ****         
  78:.\main.c      ****         // Set PWM Value
  79:.\main.c      ****         PWM_1_WriteCompare(resistance_value * PWM_MAX / RESISTANCE_VALUE_MAX);
 121              		.loc 1 79 0 discriminator 1
 122 007e 1449     		ldr	r1, .L5+12
 123 0080 FFF7FEFF 		bl	__aeabi_fmul
 124              	.LVL19:
 125 0084 1349     		ldr	r1, .L5+16
 126 0086 FFF7FEFF 		bl	__aeabi_fdiv
 127              	.LVL20:
 128 008a FFF7FEFF 		bl	__aeabi_f2uiz
 129              	.LVL21:
 130 008e C0B2     		uxtb	r0, r0
 131 0090 FFF7FEFF 		bl	PWM_1_WriteCompare
 132              	.LVL22:
  80:.\main.c      ****         
  81:.\main.c      ****         //Send Value to UART
  82:.\main.c      ****         sprintf(valeur, "%.3f", resistance_value);
 133              		.loc 1 82 0 discriminator 1
 134 0094 104C     		ldr	r4, .L5+20
 135 0096 2868     		ldr	r0, [r5]	@ float
 136 0098 FFF7FEFF 		bl	__aeabi_f2d
 137              	.LVL23:
 138 009c 0246     		mov	r2, r0
 139 009e 0B46     		mov	r3, r1
 140 00a0 2046     		mov	r0, r4
 141 00a2 0E49     		ldr	r1, .L5+24
 142 00a4 FFF7FEFF 		bl	sprintf
 143              	.LVL24:
  83:.\main.c      ****         USBUART_1_PutString(valeur);
 144              		.loc 1 83 0 discriminator 1
 145 00a8 2046     		mov	r0, r4
ARM GAS  C:\Users\user\AppData\Local\Temp\ccCEglxk.s 			page 5


 146 00aa FFF7FEFF 		bl	USBUART_1_PutString
 147              	.LVL25:
  84:.\main.c      ****         CyDelay(5);
 148              		.loc 1 84 0 discriminator 1
 149 00ae 0520     		movs	r0, #5
 150 00b0 FFF7FEFF 		bl	CyDelay
 151              	.LVL26:
  85:.\main.c      ****         USBUART_1_PutCRLF();
 152              		.loc 1 85 0 discriminator 1
 153 00b4 FFF7FEFF 		bl	USBUART_1_PutCRLF
 154              	.LVL27:
  86:.\main.c      ****         
  87:.\main.c      ****         // Task delay
  88:.\main.c      ****         CyDelay(300);
 155              		.loc 1 88 0 discriminator 1
 156 00b8 4FF49670 		mov	r0, #300
 157 00bc FFF7FEFF 		bl	CyDelay
 158              	.LVL28:
  89:.\main.c      ****     }
 159              		.loc 1 89 0 discriminator 1
 160 00c0 B0E7     		b	.L3
 161              	.L6:
 162 00c2 00BF     		.align	2
 163              	.L5:
 164 00c4 00000000 		.word	mux_pot
 165 00c8 00000000 		.word	resistance_value
 166 00cc 0000DC42 		.word	1121714176
 167 00d0 00007F43 		.word	1132396544
 168 00d4 00606A47 		.word	1198153728
 169 00d8 00000000 		.word	.LANCHOR0
 170 00dc 00000000 		.word	.LC0
 171              		.cfi_endproc
 172              	.LFE63:
 173              		.size	main, .-main
 174              		.comm	resistance_value,4,4
 175              		.global	valeur
 176              		.global	val
 177              		.comm	mux_pot,6,4
 178              		.section	.rodata.str1.4,"aMS",%progbits,1
 179              		.align	2
 180              	.LC0:
 181 0000 252E3366 		.ascii	"%.3f\000"
 181      00
 182 0005 000000   		.bss
 183              		.align	2
 184              		.set	.LANCHOR0,. + 0
 185              		.type	valeur, %object
 186              		.size	valeur, 8
 187              	valeur:
 188 0000 00000000 		.space	8
 188      00000000 
 189              		.type	val, %object
 190              		.size	val, 4
 191              	val:
 192 0008 00000000 		.space	4
 193              		.text
 194              	.Letext0:
ARM GAS  C:\Users\user\AppData\Local\Temp\ccCEglxk.s 			page 6


 195              		.file 2 "c:\\program files (x86)\\cypress\\psoc creator\\3.3\\psoc creator\\import\\gnu\\arm\\4.9.
 196              		.file 3 "c:\\program files (x86)\\cypress\\psoc creator\\3.3\\psoc creator\\import\\gnu\\arm\\4.9.
 197              		.file 4 "Generated_Source\\PSoC5/cytypes.h"
 198              		.file 5 "Generated_Source\\PSoC5/core_cm3.h"
 199              		.file 6 "Generated_Source\\PSoC5/USBUART_1.h"
 200              		.file 7 "Generated_Source\\PSoC5/USBUART_1_cdc.h"
 201              		.file 8 "Generated_Source\\PSoC5/AMux_1.h"
 202              		.file 9 "Generated_Source\\PSoC5/ADC_DelSig_1.h"
 203              		.file 10 "Generated_Source\\PSoC5/PWM_1.h"
 204              		.file 11 "c:\\program files (x86)\\cypress\\psoc creator\\3.3\\psoc creator\\import\\gnu\\arm\\4.9
 205              		.file 12 "Generated_Source\\PSoC5/CyLib.h"
 206              		.section	.debug_info,"",%progbits
 207              	.Ldebug_info0:
 208 0000 A3030000 		.4byte	0x3a3
 209 0004 0400     		.2byte	0x4
 210 0006 00000000 		.4byte	.Ldebug_abbrev0
 211 000a 04       		.byte	0x4
 212 000b 01       		.uleb128 0x1
 213 000c FC000000 		.4byte	.LASF41
 214 0010 01       		.byte	0x1
 215 0011 48000000 		.4byte	.LASF42
 216 0015 15020000 		.4byte	.LASF43
 217 0019 00000000 		.4byte	.Ldebug_ranges0+0
 218 001d 00000000 		.4byte	0
 219 0021 00000000 		.4byte	.Ldebug_line0
 220 0025 02       		.uleb128 0x2
 221 0026 01       		.byte	0x1
 222 0027 06       		.byte	0x6
 223 0028 5F000000 		.4byte	.LASF0
 224 002c 02       		.uleb128 0x2
 225 002d 01       		.byte	0x1
 226 002e 08       		.byte	0x8
 227 002f 7F000000 		.4byte	.LASF1
 228 0033 03       		.uleb128 0x3
 229 0034 EB000000 		.4byte	.LASF4
 230 0038 02       		.byte	0x2
 231 0039 29       		.byte	0x29
 232 003a 3E000000 		.4byte	0x3e
 233 003e 02       		.uleb128 0x2
 234 003f 02       		.byte	0x2
 235 0040 05       		.byte	0x5
 236 0041 9A020000 		.4byte	.LASF2
 237 0045 02       		.uleb128 0x2
 238 0046 02       		.byte	0x2
 239 0047 07       		.byte	0x7
 240 0048 35000000 		.4byte	.LASF3
 241 004c 03       		.uleb128 0x3
 242 004d 2B000000 		.4byte	.LASF5
 243 0051 02       		.byte	0x2
 244 0052 3F       		.byte	0x3f
 245 0053 57000000 		.4byte	0x57
 246 0057 02       		.uleb128 0x2
 247 0058 04       		.byte	0x4
 248 0059 05       		.byte	0x5
 249 005a BA020000 		.4byte	.LASF6
 250 005e 02       		.uleb128 0x2
 251 005f 04       		.byte	0x4
ARM GAS  C:\Users\user\AppData\Local\Temp\ccCEglxk.s 			page 7


 252 0060 07       		.byte	0x7
 253 0061 99000000 		.4byte	.LASF7
 254 0065 02       		.uleb128 0x2
 255 0066 08       		.byte	0x8
 256 0067 05       		.byte	0x5
 257 0068 75020000 		.4byte	.LASF8
 258 006c 02       		.uleb128 0x2
 259 006d 08       		.byte	0x8
 260 006e 07       		.byte	0x7
 261 006f C7010000 		.4byte	.LASF9
 262 0073 04       		.uleb128 0x4
 263 0074 04       		.byte	0x4
 264 0075 05       		.byte	0x5
 265 0076 696E7400 		.ascii	"int\000"
 266 007a 02       		.uleb128 0x2
 267 007b 04       		.byte	0x4
 268 007c 07       		.byte	0x7
 269 007d 9D010000 		.4byte	.LASF10
 270 0081 03       		.uleb128 0x3
 271 0082 F9010000 		.4byte	.LASF11
 272 0086 03       		.byte	0x3
 273 0087 20       		.byte	0x20
 274 0088 33000000 		.4byte	0x33
 275 008c 03       		.uleb128 0x3
 276 008d 51000000 		.4byte	.LASF12
 277 0091 03       		.byte	0x3
 278 0092 2C       		.byte	0x2c
 279 0093 4C000000 		.4byte	0x4c
 280 0097 05       		.uleb128 0x5
 281 0098 A4020000 		.4byte	.LASF13
 282 009c 04       		.byte	0x4
 283 009d 3801     		.2byte	0x138
 284 009f 2C000000 		.4byte	0x2c
 285 00a3 05       		.uleb128 0x5
 286 00a4 F5000000 		.4byte	.LASF14
 287 00a8 04       		.byte	0x4
 288 00a9 3A01     		.2byte	0x13a
 289 00ab 5E000000 		.4byte	0x5e
 290 00af 05       		.uleb128 0x5
 291 00b0 93000000 		.4byte	.LASF15
 292 00b4 04       		.byte	0x4
 293 00b5 3C01     		.2byte	0x13c
 294 00b7 3E000000 		.4byte	0x3e
 295 00bb 05       		.uleb128 0x5
 296 00bc 06020000 		.4byte	.LASF16
 297 00c0 04       		.byte	0x4
 298 00c1 3D01     		.2byte	0x13d
 299 00c3 57000000 		.4byte	0x57
 300 00c7 02       		.uleb128 0x2
 301 00c8 04       		.byte	0x4
 302 00c9 04       		.byte	0x4
 303 00ca 59000000 		.4byte	.LASF17
 304 00ce 02       		.uleb128 0x2
 305 00cf 08       		.byte	0x8
 306 00d0 04       		.byte	0x4
 307 00d1 C4000000 		.4byte	.LASF18
 308 00d5 05       		.uleb128 0x5
ARM GAS  C:\Users\user\AppData\Local\Temp\ccCEglxk.s 			page 8


 309 00d6 8D000000 		.4byte	.LASF19
 310 00da 04       		.byte	0x4
 311 00db 4901     		.2byte	0x149
 312 00dd E1000000 		.4byte	0xe1
 313 00e1 02       		.uleb128 0x2
 314 00e2 01       		.byte	0x1
 315 00e3 08       		.byte	0x8
 316 00e4 83020000 		.4byte	.LASF20
 317 00e8 02       		.uleb128 0x2
 318 00e9 04       		.byte	0x4
 319 00ea 07       		.byte	0x7
 320 00eb 0C020000 		.4byte	.LASF21
 321 00ef 06       		.uleb128 0x6
 322 00f0 04       		.byte	0x4
 323 00f1 E1000000 		.4byte	0xe1
 324 00f5 06       		.uleb128 0x6
 325 00f6 04       		.byte	0x4
 326 00f7 FB000000 		.4byte	0xfb
 327 00fb 07       		.uleb128 0x7
 328 00fc E1000000 		.4byte	0xe1
 329 0100 08       		.uleb128 0x8
 330 0101 E1000000 		.4byte	0xe1
 331 0105 10010000 		.4byte	0x110
 332 0109 09       		.uleb128 0x9
 333 010a E8000000 		.4byte	0xe8
 334 010e 07       		.byte	0x7
 335 010f 00       		.byte	0
 336 0110 0A       		.uleb128 0xa
 337 0111 06       		.byte	0x6
 338 0112 01       		.byte	0x1
 339 0113 16       		.byte	0x16
 340 0114 3D010000 		.4byte	0x13d
 341 0118 0B       		.uleb128 0xb
 342 0119 504F4800 		.ascii	"POH\000"
 343 011d 01       		.byte	0x1
 344 011e 18       		.byte	0x18
 345 011f 81000000 		.4byte	0x81
 346 0123 00       		.byte	0
 347 0124 0B       		.uleb128 0xb
 348 0125 504F4600 		.ascii	"POF\000"
 349 0129 01       		.byte	0x1
 350 012a 19       		.byte	0x19
 351 012b 81000000 		.4byte	0x81
 352 012f 02       		.byte	0x2
 353 0130 0B       		.uleb128 0xb
 354 0131 504F4D00 		.ascii	"POM\000"
 355 0135 01       		.byte	0x1
 356 0136 1A       		.byte	0x1a
 357 0137 81000000 		.4byte	0x81
 358 013b 04       		.byte	0x4
 359 013c 00       		.byte	0
 360 013d 03       		.uleb128 0x3
 361 013e 00000000 		.4byte	.LASF22
 362 0142 01       		.byte	0x1
 363 0143 1B       		.byte	0x1b
 364 0144 10010000 		.4byte	0x110
 365 0148 0C       		.uleb128 0xc
ARM GAS  C:\Users\user\AppData\Local\Temp\ccCEglxk.s 			page 9


 366 0149 01020000 		.4byte	.LASF44
 367 014d 01       		.byte	0x1
 368 014e 24       		.byte	0x24
 369 014f 73000000 		.4byte	0x73
 370 0153 00000000 		.4byte	.LFB63
 371 0157 E0000000 		.4byte	.LFE63-.LFB63
 372 015b 01       		.uleb128 0x1
 373 015c 9C       		.byte	0x9c
 374 015d 7D020000 		.4byte	0x27d
 375 0161 0D       		.uleb128 0xd
 376 0162 0C000000 		.4byte	.LVL0
 377 0166 D2020000 		.4byte	0x2d2
 378 016a 79010000 		.4byte	0x179
 379 016e 0E       		.uleb128 0xe
 380 016f 01       		.uleb128 0x1
 381 0170 51       		.byte	0x51
 382 0171 01       		.uleb128 0x1
 383 0172 31       		.byte	0x31
 384 0173 0E       		.uleb128 0xe
 385 0174 01       		.uleb128 0x1
 386 0175 50       		.byte	0x50
 387 0176 01       		.uleb128 0x1
 388 0177 30       		.byte	0x30
 389 0178 00       		.byte	0
 390 0179 0F       		.uleb128 0xf
 391 017a 10000000 		.4byte	.LVL1
 392 017e E9020000 		.4byte	0x2e9
 393 0182 0F       		.uleb128 0xf
 394 0183 18000000 		.4byte	.LVL2
 395 0187 F5020000 		.4byte	0x2f5
 396 018b 0F       		.uleb128 0xf
 397 018c 1C000000 		.4byte	.LVL3
 398 0190 00030000 		.4byte	0x300
 399 0194 0F       		.uleb128 0xf
 400 0195 20000000 		.4byte	.LVL4
 401 0199 07030000 		.4byte	0x307
 402 019d 0F       		.uleb128 0xf
 403 019e 24000000 		.4byte	.LVL5
 404 01a2 0E030000 		.4byte	0x30e
 405 01a6 0D       		.uleb128 0xd
 406 01a7 2A000000 		.4byte	.LVL6
 407 01ab 15030000 		.4byte	0x315
 408 01af B9010000 		.4byte	0x1b9
 409 01b3 0E       		.uleb128 0xe
 410 01b4 01       		.uleb128 0x1
 411 01b5 50       		.byte	0x50
 412 01b6 01       		.uleb128 0x1
 413 01b7 30       		.byte	0x30
 414 01b8 00       		.byte	0
 415 01b9 0F       		.uleb128 0xf
 416 01ba 2E000000 		.4byte	.LVL7
 417 01be 26030000 		.4byte	0x326
 418 01c2 0F       		.uleb128 0xf
 419 01c3 32000000 		.4byte	.LVL8
 420 01c7 31030000 		.4byte	0x331
 421 01cb 0D       		.uleb128 0xd
 422 01cc 3C000000 		.4byte	.LVL9
ARM GAS  C:\Users\user\AppData\Local\Temp\ccCEglxk.s 			page 10


 423 01d0 15030000 		.4byte	0x315
 424 01d4 DE010000 		.4byte	0x1de
 425 01d8 0E       		.uleb128 0xe
 426 01d9 01       		.uleb128 0x1
 427 01da 50       		.byte	0x50
 428 01db 01       		.uleb128 0x1
 429 01dc 31       		.byte	0x31
 430 01dd 00       		.byte	0
 431 01de 0F       		.uleb128 0xf
 432 01df 40000000 		.4byte	.LVL10
 433 01e3 26030000 		.4byte	0x326
 434 01e7 0F       		.uleb128 0xf
 435 01e8 44000000 		.4byte	.LVL11
 436 01ec 31030000 		.4byte	0x331
 437 01f0 0D       		.uleb128 0xd
 438 01f1 4C000000 		.4byte	.LVL12
 439 01f5 15030000 		.4byte	0x315
 440 01f9 03020000 		.4byte	0x203
 441 01fd 0E       		.uleb128 0xe
 442 01fe 01       		.uleb128 0x1
 443 01ff 50       		.byte	0x50
 444 0200 01       		.uleb128 0x1
 445 0201 32       		.byte	0x32
 446 0202 00       		.byte	0
 447 0203 0F       		.uleb128 0xf
 448 0204 50000000 		.4byte	.LVL13
 449 0208 26030000 		.4byte	0x326
 450 020c 0F       		.uleb128 0xf
 451 020d 54000000 		.4byte	.LVL14
 452 0211 31030000 		.4byte	0x331
 453 0215 0F       		.uleb128 0xf
 454 0216 94000000 		.4byte	.LVL22
 455 021a 46030000 		.4byte	0x346
 456 021e 0D       		.uleb128 0xd
 457 021f A8000000 		.4byte	.LVL24
 458 0223 57030000 		.4byte	0x357
 459 0227 3B020000 		.4byte	0x23b
 460 022b 0E       		.uleb128 0xe
 461 022c 01       		.uleb128 0x1
 462 022d 51       		.byte	0x51
 463 022e 05       		.uleb128 0x5
 464 022f 03       		.byte	0x3
 465 0230 00000000 		.4byte	.LC0
 466 0234 0E       		.uleb128 0xe
 467 0235 01       		.uleb128 0x1
 468 0236 50       		.byte	0x50
 469 0237 02       		.uleb128 0x2
 470 0238 74       		.byte	0x74
 471 0239 00       		.sleb128 0
 472 023a 00       		.byte	0
 473 023b 0D       		.uleb128 0xd
 474 023c AE000000 		.4byte	.LVL25
 475 0240 72030000 		.4byte	0x372
 476 0244 4F020000 		.4byte	0x24f
 477 0248 0E       		.uleb128 0xe
 478 0249 01       		.uleb128 0x1
 479 024a 50       		.byte	0x50
ARM GAS  C:\Users\user\AppData\Local\Temp\ccCEglxk.s 			page 11


 480 024b 02       		.uleb128 0x2
 481 024c 74       		.byte	0x74
 482 024d 00       		.sleb128 0
 483 024e 00       		.byte	0
 484 024f 0D       		.uleb128 0xd
 485 0250 B4000000 		.4byte	.LVL26
 486 0254 8E030000 		.4byte	0x38e
 487 0258 62020000 		.4byte	0x262
 488 025c 0E       		.uleb128 0xe
 489 025d 01       		.uleb128 0x1
 490 025e 50       		.byte	0x50
 491 025f 01       		.uleb128 0x1
 492 0260 35       		.byte	0x35
 493 0261 00       		.byte	0
 494 0262 0F       		.uleb128 0xf
 495 0263 B8000000 		.4byte	.LVL27
 496 0267 9F030000 		.4byte	0x39f
 497 026b 10       		.uleb128 0x10
 498 026c C0000000 		.4byte	.LVL28
 499 0270 8E030000 		.4byte	0x38e
 500 0274 0E       		.uleb128 0xe
 501 0275 01       		.uleb128 0x1
 502 0276 50       		.byte	0x50
 503 0277 03       		.uleb128 0x3
 504 0278 0A       		.byte	0xa
 505 0279 2C01     		.2byte	0x12c
 506 027b 00       		.byte	0
 507 027c 00       		.byte	0
 508 027d 11       		.uleb128 0x11
 509 027e B7000000 		.4byte	.LASF23
 510 0282 05       		.byte	0x5
 511 0283 5506     		.2byte	0x655
 512 0285 89020000 		.4byte	0x289
 513 0289 12       		.uleb128 0x12
 514 028a 8C000000 		.4byte	0x8c
 515 028e 13       		.uleb128 0x13
 516 028f E2020000 		.4byte	.LASF24
 517 0293 01       		.byte	0x1
 518 0294 1E       		.byte	0x1e
 519 0295 3D010000 		.4byte	0x13d
 520 0299 05       		.uleb128 0x5
 521 029a 03       		.byte	0x3
 522 029b 00000000 		.4byte	mux_pot
 523 029f 14       		.uleb128 0x14
 524 02a0 76616C00 		.ascii	"val\000"
 525 02a4 01       		.byte	0x1
 526 02a5 1F       		.byte	0x1f
 527 02a6 73000000 		.4byte	0x73
 528 02aa 05       		.uleb128 0x5
 529 02ab 03       		.byte	0x3
 530 02ac 00000000 		.4byte	val
 531 02b0 13       		.uleb128 0x13
 532 02b1 F2010000 		.4byte	.LASF25
 533 02b5 01       		.byte	0x1
 534 02b6 20       		.byte	0x20
 535 02b7 00010000 		.4byte	0x100
 536 02bb 05       		.uleb128 0x5
ARM GAS  C:\Users\user\AppData\Local\Temp\ccCEglxk.s 			page 12


 537 02bc 03       		.byte	0x3
 538 02bd 00000000 		.4byte	valeur
 539 02c1 13       		.uleb128 0x13
 540 02c2 C3020000 		.4byte	.LASF26
 541 02c6 01       		.byte	0x1
 542 02c7 21       		.byte	0x21
 543 02c8 C7000000 		.4byte	0xc7
 544 02cc 05       		.uleb128 0x5
 545 02cd 03       		.byte	0x3
 546 02ce 00000000 		.4byte	resistance_value
 547 02d2 15       		.uleb128 0x15
 548 02d3 AA020000 		.4byte	.LASF32
 549 02d7 06       		.byte	0x6
 550 02d8 2A01     		.2byte	0x12a
 551 02da E9020000 		.4byte	0x2e9
 552 02de 16       		.uleb128 0x16
 553 02df 97000000 		.4byte	0x97
 554 02e3 16       		.uleb128 0x16
 555 02e4 97000000 		.4byte	0x97
 556 02e8 00       		.byte	0
 557 02e9 17       		.uleb128 0x17
 558 02ea 10000000 		.4byte	.LASF27
 559 02ee 06       		.byte	0x6
 560 02ef 2D01     		.2byte	0x12d
 561 02f1 97000000 		.4byte	0x97
 562 02f5 18       		.uleb128 0x18
 563 02f6 D8000000 		.4byte	.LASF28
 564 02fa 07       		.byte	0x7
 565 02fb 22       		.byte	0x22
 566 02fc 97000000 		.4byte	0x97
 567 0300 19       		.uleb128 0x19
 568 0301 CB000000 		.4byte	.LASF29
 569 0305 08       		.byte	0x8
 570 0306 1E       		.byte	0x1e
 571 0307 19       		.uleb128 0x19
 572 0308 8A010000 		.4byte	.LASF30
 573 030c 09       		.byte	0x9
 574 030d 3A       		.byte	0x3a
 575 030e 19       		.uleb128 0x19
 576 030f AB000000 		.4byte	.LASF31
 577 0313 0A       		.byte	0xa
 578 0314 92       		.byte	0x92
 579 0315 1A       		.uleb128 0x1a
 580 0316 D4020000 		.4byte	.LASF33
 581 031a 08       		.byte	0x8
 582 031b 50       		.byte	0x50
 583 031c 26030000 		.4byte	0x326
 584 0320 16       		.uleb128 0x16
 585 0321 97000000 		.4byte	0x97
 586 0325 00       		.byte	0
 587 0326 18       		.uleb128 0x18
 588 0327 6B000000 		.4byte	.LASF34
 589 032b 09       		.byte	0x9
 590 032c 56       		.byte	0x56
 591 032d BB000000 		.4byte	0xbb
 592 0331 1B       		.uleb128 0x1b
 593 0332 AA010000 		.4byte	.LASF36
ARM GAS  C:\Users\user\AppData\Local\Temp\ccCEglxk.s 			page 13


 594 0336 09       		.byte	0x9
 595 0337 47       		.byte	0x47
 596 0338 AF000000 		.4byte	0xaf
 597 033c 46030000 		.4byte	0x346
 598 0340 16       		.uleb128 0x16
 599 0341 BB000000 		.4byte	0xbb
 600 0345 00       		.byte	0
 601 0346 1A       		.uleb128 0x1a
 602 0347 62020000 		.4byte	.LASF35
 603 034b 0A       		.byte	0xa
 604 034c C3       		.byte	0xc3
 605 034d 57030000 		.4byte	0x357
 606 0351 16       		.uleb128 0x16
 607 0352 97000000 		.4byte	0x97
 608 0356 00       		.byte	0
 609 0357 1B       		.uleb128 0x1b
 610 0358 EA020000 		.4byte	.LASF37
 611 035c 0B       		.byte	0xb
 612 035d DE       		.byte	0xde
 613 035e 73000000 		.4byte	0x73
 614 0362 72030000 		.4byte	0x372
 615 0366 16       		.uleb128 0x16
 616 0367 EF000000 		.4byte	0xef
 617 036b 16       		.uleb128 0x16
 618 036c F5000000 		.4byte	0xf5
 619 0370 1C       		.uleb128 0x1c
 620 0371 00       		.byte	0
 621 0372 1A       		.uleb128 0x1a
 622 0373 DE010000 		.4byte	.LASF38
 623 0377 07       		.byte	0x7
 624 0378 24       		.byte	0x24
 625 0379 83030000 		.4byte	0x383
 626 037d 16       		.uleb128 0x16
 627 037e 83030000 		.4byte	0x383
 628 0382 00       		.byte	0
 629 0383 06       		.uleb128 0x6
 630 0384 04       		.byte	0x4
 631 0385 89030000 		.4byte	0x389
 632 0389 07       		.uleb128 0x7
 633 038a D5000000 		.4byte	0xd5
 634 038e 1A       		.uleb128 0x1a
 635 038f F2020000 		.4byte	.LASF39
 636 0393 0C       		.byte	0xc
 637 0394 77       		.byte	0x77
 638 0395 9F030000 		.4byte	0x39f
 639 0399 16       		.uleb128 0x16
 640 039a A3000000 		.4byte	0xa3
 641 039e 00       		.byte	0
 642 039f 19       		.uleb128 0x19
 643 03a0 88020000 		.4byte	.LASF40
 644 03a4 07       		.byte	0x7
 645 03a5 26       		.byte	0x26
 646 03a6 00       		.byte	0
 647              		.section	.debug_abbrev,"",%progbits
 648              	.Ldebug_abbrev0:
 649 0000 01       		.uleb128 0x1
 650 0001 11       		.uleb128 0x11
ARM GAS  C:\Users\user\AppData\Local\Temp\ccCEglxk.s 			page 14


 651 0002 01       		.byte	0x1
 652 0003 25       		.uleb128 0x25
 653 0004 0E       		.uleb128 0xe
 654 0005 13       		.uleb128 0x13
 655 0006 0B       		.uleb128 0xb
 656 0007 03       		.uleb128 0x3
 657 0008 0E       		.uleb128 0xe
 658 0009 1B       		.uleb128 0x1b
 659 000a 0E       		.uleb128 0xe
 660 000b 55       		.uleb128 0x55
 661 000c 17       		.uleb128 0x17
 662 000d 11       		.uleb128 0x11
 663 000e 01       		.uleb128 0x1
 664 000f 10       		.uleb128 0x10
 665 0010 17       		.uleb128 0x17
 666 0011 00       		.byte	0
 667 0012 00       		.byte	0
 668 0013 02       		.uleb128 0x2
 669 0014 24       		.uleb128 0x24
 670 0015 00       		.byte	0
 671 0016 0B       		.uleb128 0xb
 672 0017 0B       		.uleb128 0xb
 673 0018 3E       		.uleb128 0x3e
 674 0019 0B       		.uleb128 0xb
 675 001a 03       		.uleb128 0x3
 676 001b 0E       		.uleb128 0xe
 677 001c 00       		.byte	0
 678 001d 00       		.byte	0
 679 001e 03       		.uleb128 0x3
 680 001f 16       		.uleb128 0x16
 681 0020 00       		.byte	0
 682 0021 03       		.uleb128 0x3
 683 0022 0E       		.uleb128 0xe
 684 0023 3A       		.uleb128 0x3a
 685 0024 0B       		.uleb128 0xb
 686 0025 3B       		.uleb128 0x3b
 687 0026 0B       		.uleb128 0xb
 688 0027 49       		.uleb128 0x49
 689 0028 13       		.uleb128 0x13
 690 0029 00       		.byte	0
 691 002a 00       		.byte	0
 692 002b 04       		.uleb128 0x4
 693 002c 24       		.uleb128 0x24
 694 002d 00       		.byte	0
 695 002e 0B       		.uleb128 0xb
 696 002f 0B       		.uleb128 0xb
 697 0030 3E       		.uleb128 0x3e
 698 0031 0B       		.uleb128 0xb
 699 0032 03       		.uleb128 0x3
 700 0033 08       		.uleb128 0x8
 701 0034 00       		.byte	0
 702 0035 00       		.byte	0
 703 0036 05       		.uleb128 0x5
 704 0037 16       		.uleb128 0x16
 705 0038 00       		.byte	0
 706 0039 03       		.uleb128 0x3
 707 003a 0E       		.uleb128 0xe
ARM GAS  C:\Users\user\AppData\Local\Temp\ccCEglxk.s 			page 15


 708 003b 3A       		.uleb128 0x3a
 709 003c 0B       		.uleb128 0xb
 710 003d 3B       		.uleb128 0x3b
 711 003e 05       		.uleb128 0x5
 712 003f 49       		.uleb128 0x49
 713 0040 13       		.uleb128 0x13
 714 0041 00       		.byte	0
 715 0042 00       		.byte	0
 716 0043 06       		.uleb128 0x6
 717 0044 0F       		.uleb128 0xf
 718 0045 00       		.byte	0
 719 0046 0B       		.uleb128 0xb
 720 0047 0B       		.uleb128 0xb
 721 0048 49       		.uleb128 0x49
 722 0049 13       		.uleb128 0x13
 723 004a 00       		.byte	0
 724 004b 00       		.byte	0
 725 004c 07       		.uleb128 0x7
 726 004d 26       		.uleb128 0x26
 727 004e 00       		.byte	0
 728 004f 49       		.uleb128 0x49
 729 0050 13       		.uleb128 0x13
 730 0051 00       		.byte	0
 731 0052 00       		.byte	0
 732 0053 08       		.uleb128 0x8
 733 0054 01       		.uleb128 0x1
 734 0055 01       		.byte	0x1
 735 0056 49       		.uleb128 0x49
 736 0057 13       		.uleb128 0x13
 737 0058 01       		.uleb128 0x1
 738 0059 13       		.uleb128 0x13
 739 005a 00       		.byte	0
 740 005b 00       		.byte	0
 741 005c 09       		.uleb128 0x9
 742 005d 21       		.uleb128 0x21
 743 005e 00       		.byte	0
 744 005f 49       		.uleb128 0x49
 745 0060 13       		.uleb128 0x13
 746 0061 2F       		.uleb128 0x2f
 747 0062 0B       		.uleb128 0xb
 748 0063 00       		.byte	0
 749 0064 00       		.byte	0
 750 0065 0A       		.uleb128 0xa
 751 0066 13       		.uleb128 0x13
 752 0067 01       		.byte	0x1
 753 0068 0B       		.uleb128 0xb
 754 0069 0B       		.uleb128 0xb
 755 006a 3A       		.uleb128 0x3a
 756 006b 0B       		.uleb128 0xb
 757 006c 3B       		.uleb128 0x3b
 758 006d 0B       		.uleb128 0xb
 759 006e 01       		.uleb128 0x1
 760 006f 13       		.uleb128 0x13
 761 0070 00       		.byte	0
 762 0071 00       		.byte	0
 763 0072 0B       		.uleb128 0xb
 764 0073 0D       		.uleb128 0xd
ARM GAS  C:\Users\user\AppData\Local\Temp\ccCEglxk.s 			page 16


 765 0074 00       		.byte	0
 766 0075 03       		.uleb128 0x3
 767 0076 08       		.uleb128 0x8
 768 0077 3A       		.uleb128 0x3a
 769 0078 0B       		.uleb128 0xb
 770 0079 3B       		.uleb128 0x3b
 771 007a 0B       		.uleb128 0xb
 772 007b 49       		.uleb128 0x49
 773 007c 13       		.uleb128 0x13
 774 007d 38       		.uleb128 0x38
 775 007e 0B       		.uleb128 0xb
 776 007f 00       		.byte	0
 777 0080 00       		.byte	0
 778 0081 0C       		.uleb128 0xc
 779 0082 2E       		.uleb128 0x2e
 780 0083 01       		.byte	0x1
 781 0084 3F       		.uleb128 0x3f
 782 0085 19       		.uleb128 0x19
 783 0086 03       		.uleb128 0x3
 784 0087 0E       		.uleb128 0xe
 785 0088 3A       		.uleb128 0x3a
 786 0089 0B       		.uleb128 0xb
 787 008a 3B       		.uleb128 0x3b
 788 008b 0B       		.uleb128 0xb
 789 008c 49       		.uleb128 0x49
 790 008d 13       		.uleb128 0x13
 791 008e 11       		.uleb128 0x11
 792 008f 01       		.uleb128 0x1
 793 0090 12       		.uleb128 0x12
 794 0091 06       		.uleb128 0x6
 795 0092 40       		.uleb128 0x40
 796 0093 18       		.uleb128 0x18
 797 0094 9642     		.uleb128 0x2116
 798 0096 19       		.uleb128 0x19
 799 0097 01       		.uleb128 0x1
 800 0098 13       		.uleb128 0x13
 801 0099 00       		.byte	0
 802 009a 00       		.byte	0
 803 009b 0D       		.uleb128 0xd
 804 009c 898201   		.uleb128 0x4109
 805 009f 01       		.byte	0x1
 806 00a0 11       		.uleb128 0x11
 807 00a1 01       		.uleb128 0x1
 808 00a2 31       		.uleb128 0x31
 809 00a3 13       		.uleb128 0x13
 810 00a4 01       		.uleb128 0x1
 811 00a5 13       		.uleb128 0x13
 812 00a6 00       		.byte	0
 813 00a7 00       		.byte	0
 814 00a8 0E       		.uleb128 0xe
 815 00a9 8A8201   		.uleb128 0x410a
 816 00ac 00       		.byte	0
 817 00ad 02       		.uleb128 0x2
 818 00ae 18       		.uleb128 0x18
 819 00af 9142     		.uleb128 0x2111
 820 00b1 18       		.uleb128 0x18
 821 00b2 00       		.byte	0
ARM GAS  C:\Users\user\AppData\Local\Temp\ccCEglxk.s 			page 17


 822 00b3 00       		.byte	0
 823 00b4 0F       		.uleb128 0xf
 824 00b5 898201   		.uleb128 0x4109
 825 00b8 00       		.byte	0
 826 00b9 11       		.uleb128 0x11
 827 00ba 01       		.uleb128 0x1
 828 00bb 31       		.uleb128 0x31
 829 00bc 13       		.uleb128 0x13
 830 00bd 00       		.byte	0
 831 00be 00       		.byte	0
 832 00bf 10       		.uleb128 0x10
 833 00c0 898201   		.uleb128 0x4109
 834 00c3 01       		.byte	0x1
 835 00c4 11       		.uleb128 0x11
 836 00c5 01       		.uleb128 0x1
 837 00c6 31       		.uleb128 0x31
 838 00c7 13       		.uleb128 0x13
 839 00c8 00       		.byte	0
 840 00c9 00       		.byte	0
 841 00ca 11       		.uleb128 0x11
 842 00cb 34       		.uleb128 0x34
 843 00cc 00       		.byte	0
 844 00cd 03       		.uleb128 0x3
 845 00ce 0E       		.uleb128 0xe
 846 00cf 3A       		.uleb128 0x3a
 847 00d0 0B       		.uleb128 0xb
 848 00d1 3B       		.uleb128 0x3b
 849 00d2 05       		.uleb128 0x5
 850 00d3 49       		.uleb128 0x49
 851 00d4 13       		.uleb128 0x13
 852 00d5 3F       		.uleb128 0x3f
 853 00d6 19       		.uleb128 0x19
 854 00d7 3C       		.uleb128 0x3c
 855 00d8 19       		.uleb128 0x19
 856 00d9 00       		.byte	0
 857 00da 00       		.byte	0
 858 00db 12       		.uleb128 0x12
 859 00dc 35       		.uleb128 0x35
 860 00dd 00       		.byte	0
 861 00de 49       		.uleb128 0x49
 862 00df 13       		.uleb128 0x13
 863 00e0 00       		.byte	0
 864 00e1 00       		.byte	0
 865 00e2 13       		.uleb128 0x13
 866 00e3 34       		.uleb128 0x34
 867 00e4 00       		.byte	0
 868 00e5 03       		.uleb128 0x3
 869 00e6 0E       		.uleb128 0xe
 870 00e7 3A       		.uleb128 0x3a
 871 00e8 0B       		.uleb128 0xb
 872 00e9 3B       		.uleb128 0x3b
 873 00ea 0B       		.uleb128 0xb
 874 00eb 49       		.uleb128 0x49
 875 00ec 13       		.uleb128 0x13
 876 00ed 3F       		.uleb128 0x3f
 877 00ee 19       		.uleb128 0x19
 878 00ef 02       		.uleb128 0x2
ARM GAS  C:\Users\user\AppData\Local\Temp\ccCEglxk.s 			page 18


 879 00f0 18       		.uleb128 0x18
 880 00f1 00       		.byte	0
 881 00f2 00       		.byte	0
 882 00f3 14       		.uleb128 0x14
 883 00f4 34       		.uleb128 0x34
 884 00f5 00       		.byte	0
 885 00f6 03       		.uleb128 0x3
 886 00f7 08       		.uleb128 0x8
 887 00f8 3A       		.uleb128 0x3a
 888 00f9 0B       		.uleb128 0xb
 889 00fa 3B       		.uleb128 0x3b
 890 00fb 0B       		.uleb128 0xb
 891 00fc 49       		.uleb128 0x49
 892 00fd 13       		.uleb128 0x13
 893 00fe 3F       		.uleb128 0x3f
 894 00ff 19       		.uleb128 0x19
 895 0100 02       		.uleb128 0x2
 896 0101 18       		.uleb128 0x18
 897 0102 00       		.byte	0
 898 0103 00       		.byte	0
 899 0104 15       		.uleb128 0x15
 900 0105 2E       		.uleb128 0x2e
 901 0106 01       		.byte	0x1
 902 0107 3F       		.uleb128 0x3f
 903 0108 19       		.uleb128 0x19
 904 0109 03       		.uleb128 0x3
 905 010a 0E       		.uleb128 0xe
 906 010b 3A       		.uleb128 0x3a
 907 010c 0B       		.uleb128 0xb
 908 010d 3B       		.uleb128 0x3b
 909 010e 05       		.uleb128 0x5
 910 010f 27       		.uleb128 0x27
 911 0110 19       		.uleb128 0x19
 912 0111 3C       		.uleb128 0x3c
 913 0112 19       		.uleb128 0x19
 914 0113 01       		.uleb128 0x1
 915 0114 13       		.uleb128 0x13
 916 0115 00       		.byte	0
 917 0116 00       		.byte	0
 918 0117 16       		.uleb128 0x16
 919 0118 05       		.uleb128 0x5
 920 0119 00       		.byte	0
 921 011a 49       		.uleb128 0x49
 922 011b 13       		.uleb128 0x13
 923 011c 00       		.byte	0
 924 011d 00       		.byte	0
 925 011e 17       		.uleb128 0x17
 926 011f 2E       		.uleb128 0x2e
 927 0120 00       		.byte	0
 928 0121 3F       		.uleb128 0x3f
 929 0122 19       		.uleb128 0x19
 930 0123 03       		.uleb128 0x3
 931 0124 0E       		.uleb128 0xe
 932 0125 3A       		.uleb128 0x3a
 933 0126 0B       		.uleb128 0xb
 934 0127 3B       		.uleb128 0x3b
 935 0128 05       		.uleb128 0x5
ARM GAS  C:\Users\user\AppData\Local\Temp\ccCEglxk.s 			page 19


 936 0129 27       		.uleb128 0x27
 937 012a 19       		.uleb128 0x19
 938 012b 49       		.uleb128 0x49
 939 012c 13       		.uleb128 0x13
 940 012d 3C       		.uleb128 0x3c
 941 012e 19       		.uleb128 0x19
 942 012f 00       		.byte	0
 943 0130 00       		.byte	0
 944 0131 18       		.uleb128 0x18
 945 0132 2E       		.uleb128 0x2e
 946 0133 00       		.byte	0
 947 0134 3F       		.uleb128 0x3f
 948 0135 19       		.uleb128 0x19
 949 0136 03       		.uleb128 0x3
 950 0137 0E       		.uleb128 0xe
 951 0138 3A       		.uleb128 0x3a
 952 0139 0B       		.uleb128 0xb
 953 013a 3B       		.uleb128 0x3b
 954 013b 0B       		.uleb128 0xb
 955 013c 27       		.uleb128 0x27
 956 013d 19       		.uleb128 0x19
 957 013e 49       		.uleb128 0x49
 958 013f 13       		.uleb128 0x13
 959 0140 3C       		.uleb128 0x3c
 960 0141 19       		.uleb128 0x19
 961 0142 00       		.byte	0
 962 0143 00       		.byte	0
 963 0144 19       		.uleb128 0x19
 964 0145 2E       		.uleb128 0x2e
 965 0146 00       		.byte	0
 966 0147 3F       		.uleb128 0x3f
 967 0148 19       		.uleb128 0x19
 968 0149 03       		.uleb128 0x3
 969 014a 0E       		.uleb128 0xe
 970 014b 3A       		.uleb128 0x3a
 971 014c 0B       		.uleb128 0xb
 972 014d 3B       		.uleb128 0x3b
 973 014e 0B       		.uleb128 0xb
 974 014f 27       		.uleb128 0x27
 975 0150 19       		.uleb128 0x19
 976 0151 3C       		.uleb128 0x3c
 977 0152 19       		.uleb128 0x19
 978 0153 00       		.byte	0
 979 0154 00       		.byte	0
 980 0155 1A       		.uleb128 0x1a
 981 0156 2E       		.uleb128 0x2e
 982 0157 01       		.byte	0x1
 983 0158 3F       		.uleb128 0x3f
 984 0159 19       		.uleb128 0x19
 985 015a 03       		.uleb128 0x3
 986 015b 0E       		.uleb128 0xe
 987 015c 3A       		.uleb128 0x3a
 988 015d 0B       		.uleb128 0xb
 989 015e 3B       		.uleb128 0x3b
 990 015f 0B       		.uleb128 0xb
 991 0160 27       		.uleb128 0x27
 992 0161 19       		.uleb128 0x19
ARM GAS  C:\Users\user\AppData\Local\Temp\ccCEglxk.s 			page 20


 993 0162 3C       		.uleb128 0x3c
 994 0163 19       		.uleb128 0x19
 995 0164 01       		.uleb128 0x1
 996 0165 13       		.uleb128 0x13
 997 0166 00       		.byte	0
 998 0167 00       		.byte	0
 999 0168 1B       		.uleb128 0x1b
 1000 0169 2E       		.uleb128 0x2e
 1001 016a 01       		.byte	0x1
 1002 016b 3F       		.uleb128 0x3f
 1003 016c 19       		.uleb128 0x19
 1004 016d 03       		.uleb128 0x3
 1005 016e 0E       		.uleb128 0xe
 1006 016f 3A       		.uleb128 0x3a
 1007 0170 0B       		.uleb128 0xb
 1008 0171 3B       		.uleb128 0x3b
 1009 0172 0B       		.uleb128 0xb
 1010 0173 27       		.uleb128 0x27
 1011 0174 19       		.uleb128 0x19
 1012 0175 49       		.uleb128 0x49
 1013 0176 13       		.uleb128 0x13
 1014 0177 3C       		.uleb128 0x3c
 1015 0178 19       		.uleb128 0x19
 1016 0179 01       		.uleb128 0x1
 1017 017a 13       		.uleb128 0x13
 1018 017b 00       		.byte	0
 1019 017c 00       		.byte	0
 1020 017d 1C       		.uleb128 0x1c
 1021 017e 18       		.uleb128 0x18
 1022 017f 00       		.byte	0
 1023 0180 00       		.byte	0
 1024 0181 00       		.byte	0
 1025 0182 00       		.byte	0
 1026              		.section	.debug_aranges,"",%progbits
 1027 0000 1C000000 		.4byte	0x1c
 1028 0004 0200     		.2byte	0x2
 1029 0006 00000000 		.4byte	.Ldebug_info0
 1030 000a 04       		.byte	0x4
 1031 000b 00       		.byte	0
 1032 000c 0000     		.2byte	0
 1033 000e 0000     		.2byte	0
 1034 0010 00000000 		.4byte	.LFB63
 1035 0014 E0000000 		.4byte	.LFE63-.LFB63
 1036 0018 00000000 		.4byte	0
 1037 001c 00000000 		.4byte	0
 1038              		.section	.debug_ranges,"",%progbits
 1039              	.Ldebug_ranges0:
 1040 0000 00000000 		.4byte	.LFB63
 1041 0004 E0000000 		.4byte	.LFE63
 1042 0008 00000000 		.4byte	0
 1043 000c 00000000 		.4byte	0
 1044              		.section	.debug_line,"",%progbits
 1045              	.Ldebug_line0:
 1046 0000 17020000 		.section	.debug_str,"MS",%progbits,1
 1046      0200AA01 
 1046      00000201 
 1046      FB0E0D00 
ARM GAS  C:\Users\user\AppData\Local\Temp\ccCEglxk.s 			page 21


 1046      01010101 
 1047              	.LASF22:
 1048 0000 6D75785F 		.ascii	"mux_potentiel_t\000"
 1048      706F7465 
 1048      6E746965 
 1048      6C5F7400 
 1049              	.LASF27:
 1050 0010 55534255 		.ascii	"USBUART_1_GetConfiguration\000"
 1050      4152545F 
 1050      315F4765 
 1050      74436F6E 
 1050      66696775 
 1051              	.LASF5:
 1052 002b 5F5F696E 		.ascii	"__int32_t\000"
 1052      7433325F 
 1052      7400
 1053              	.LASF3:
 1054 0035 73686F72 		.ascii	"short unsigned int\000"
 1054      7420756E 
 1054      7369676E 
 1054      65642069 
 1054      6E7400
 1055              	.LASF42:
 1056 0048 2E5C6D61 		.ascii	".\\main.c\000"
 1056      696E2E63 
 1056      00
 1057              	.LASF12:
 1058 0051 696E7433 		.ascii	"int32_t\000"
 1058      325F7400 
 1059              	.LASF17:
 1060 0059 666C6F61 		.ascii	"float\000"
 1060      7400
 1061              	.LASF0:
 1062 005f 7369676E 		.ascii	"signed char\000"
 1062      65642063 
 1062      68617200 
 1063              	.LASF34:
 1064 006b 4144435F 		.ascii	"ADC_DelSig_1_Read32\000"
 1064      44656C53 
 1064      69675F31 
 1064      5F526561 
 1064      64333200 
 1065              	.LASF1:
 1066 007f 756E7369 		.ascii	"unsigned char\000"
 1066      676E6564 
 1066      20636861 
 1066      7200
 1067              	.LASF19:
 1068 008d 63686172 		.ascii	"char8\000"
 1068      3800
 1069              	.LASF15:
 1070 0093 696E7431 		.ascii	"int16\000"
 1070      3600
 1071              	.LASF7:
 1072 0099 6C6F6E67 		.ascii	"long unsigned int\000"
 1072      20756E73 
 1072      69676E65 
ARM GAS  C:\Users\user\AppData\Local\Temp\ccCEglxk.s 			page 22


 1072      6420696E 
 1072      7400
 1073              	.LASF31:
 1074 00ab 50574D5F 		.ascii	"PWM_1_Start\000"
 1074      315F5374 
 1074      61727400 
 1075              	.LASF23:
 1076 00b7 49544D5F 		.ascii	"ITM_RxBuffer\000"
 1076      52784275 
 1076      66666572 
 1076      00
 1077              	.LASF18:
 1078 00c4 646F7562 		.ascii	"double\000"
 1078      6C6500
 1079              	.LASF29:
 1080 00cb 414D7578 		.ascii	"AMux_1_Start\000"
 1080      5F315F53 
 1080      74617274 
 1080      00
 1081              	.LASF28:
 1082 00d8 55534255 		.ascii	"USBUART_1_CDC_Init\000"
 1082      4152545F 
 1082      315F4344 
 1082      435F496E 
 1082      697400
 1083              	.LASF4:
 1084 00eb 5F5F696E 		.ascii	"__int16_t\000"
 1084      7431365F 
 1084      7400
 1085              	.LASF14:
 1086 00f5 75696E74 		.ascii	"uint32\000"
 1086      333200
 1087              	.LASF41:
 1088 00fc 474E5520 		.ascii	"GNU C 4.9.3 20150303 (release) [ARM/embedded-4_9-br"
 1088      4320342E 
 1088      392E3320 
 1088      32303135 
 1088      30333033 
 1089 012f 616E6368 		.ascii	"anch revision 221220] -mcpu=cortex-m3 -mthumb -g -O"
 1089      20726576 
 1089      6973696F 
 1089      6E203232 
 1089      31323230 
 1090 0162 67202D66 		.ascii	"g -ffunction-sections -ffat-lto-objects\000"
 1090      66756E63 
 1090      74696F6E 
 1090      2D736563 
 1090      74696F6E 
 1091              	.LASF30:
 1092 018a 4144435F 		.ascii	"ADC_DelSig_1_Start\000"
 1092      44656C53 
 1092      69675F31 
 1092      5F537461 
 1092      727400
 1093              	.LASF10:
 1094 019d 756E7369 		.ascii	"unsigned int\000"
 1094      676E6564 
ARM GAS  C:\Users\user\AppData\Local\Temp\ccCEglxk.s 			page 23


 1094      20696E74 
 1094      00
 1095              	.LASF36:
 1096 01aa 4144435F 		.ascii	"ADC_DelSig_1_CountsTo_mVolts\000"
 1096      44656C53 
 1096      69675F31 
 1096      5F436F75 
 1096      6E747354 
 1097              	.LASF9:
 1098 01c7 6C6F6E67 		.ascii	"long long unsigned int\000"
 1098      206C6F6E 
 1098      6720756E 
 1098      7369676E 
 1098      65642069 
 1099              	.LASF38:
 1100 01de 55534255 		.ascii	"USBUART_1_PutString\000"
 1100      4152545F 
 1100      315F5075 
 1100      74537472 
 1100      696E6700 
 1101              	.LASF25:
 1102 01f2 76616C65 		.ascii	"valeur\000"
 1102      757200
 1103              	.LASF11:
 1104 01f9 696E7431 		.ascii	"int16_t\000"
 1104      365F7400 
 1105              	.LASF44:
 1106 0201 6D61696E 		.ascii	"main\000"
 1106      00
 1107              	.LASF16:
 1108 0206 696E7433 		.ascii	"int32\000"
 1108      3200
 1109              	.LASF21:
 1110 020c 73697A65 		.ascii	"sizetype\000"
 1110      74797065 
 1110      00
 1111              	.LASF43:
 1112 0215 443A5C55 		.ascii	"D:\\Utilisateurs\\user\\Documents\\PSoC Creator\\Wo"
 1112      74696C69 
 1112      73617465 
 1112      7572735C 
 1112      75736572 
 1113 0243 726B7370 		.ascii	"rkspace02\\TP2_Mesure_RES.cydsn\000"
 1113      61636530 
 1113      325C5450 
 1113      325F4D65 
 1113      73757265 
 1114              	.LASF35:
 1115 0262 50574D5F 		.ascii	"PWM_1_WriteCompare\000"
 1115      315F5772 
 1115      69746543 
 1115      6F6D7061 
 1115      726500
 1116              	.LASF8:
 1117 0275 6C6F6E67 		.ascii	"long long int\000"
 1117      206C6F6E 
 1117      6720696E 
ARM GAS  C:\Users\user\AppData\Local\Temp\ccCEglxk.s 			page 24


 1117      7400
 1118              	.LASF20:
 1119 0283 63686172 		.ascii	"char\000"
 1119      00
 1120              	.LASF40:
 1121 0288 55534255 		.ascii	"USBUART_1_PutCRLF\000"
 1121      4152545F 
 1121      315F5075 
 1121      7443524C 
 1121      4600
 1122              	.LASF2:
 1123 029a 73686F72 		.ascii	"short int\000"
 1123      7420696E 
 1123      7400
 1124              	.LASF13:
 1125 02a4 75696E74 		.ascii	"uint8\000"
 1125      3800
 1126              	.LASF32:
 1127 02aa 55534255 		.ascii	"USBUART_1_Start\000"
 1127      4152545F 
 1127      315F5374 
 1127      61727400 
 1128              	.LASF6:
 1129 02ba 6C6F6E67 		.ascii	"long int\000"
 1129      20696E74 
 1129      00
 1130              	.LASF26:
 1131 02c3 72657369 		.ascii	"resistance_value\000"
 1131      7374616E 
 1131      63655F76 
 1131      616C7565 
 1131      00
 1132              	.LASF33:
 1133 02d4 414D7578 		.ascii	"AMux_1_Select\000"
 1133      5F315F53 
 1133      656C6563 
 1133      7400
 1134              	.LASF24:
 1135 02e2 6D75785F 		.ascii	"mux_pot\000"
 1135      706F7400 
 1136              	.LASF37:
 1137 02ea 73707269 		.ascii	"sprintf\000"
 1137      6E746600 
 1138              	.LASF39:
 1139 02f2 43794465 		.ascii	"CyDelay\000"
 1139      6C617900 
 1140              		.ident	"GCC: (GNU Tools for ARM Embedded Processors) 4.9.3 20150303 (release) [ARM/embedded-4_9-br
