ARM GAS  C:\Users\user\AppData\Local\Temp\cc14iWWg.s 			page 1


   1              		.syntax unified
   2              		.cpu cortex-m3
   3              		.fpu softvfp
   4              		.eabi_attribute 20, 1
   5              		.eabi_attribute 21, 1
   6              		.eabi_attribute 23, 3
   7              		.eabi_attribute 24, 1
   8              		.eabi_attribute 25, 1
   9              		.eabi_attribute 26, 1
  10              		.eabi_attribute 30, 1
  11              		.eabi_attribute 34, 1
  12              		.eabi_attribute 18, 4
  13              		.thumb
  14              		.file	"WaveDAC8_1.c"
  15              		.text
  16              	.Ltext0:
  17              		.cfi_sections	.debug_frame
  18              		.section	.text.WaveDAC8_1_Enable,"ax",%progbits
  19              		.align	2
  20              		.global	WaveDAC8_1_Enable
  21              		.thumb
  22              		.thumb_func
  23              		.type	WaveDAC8_1_Enable, %function
  24              	WaveDAC8_1_Enable:
  25              	.LFB1:
  26              		.file 1 ".\\Generated_Source\\PSoC5\\WaveDAC8_1.c"
   1:.\Generated_Source\PSoC5/WaveDAC8_1.c **** /*******************************************************************************
   2:.\Generated_Source\PSoC5/WaveDAC8_1.c **** * File Name: WaveDAC8_1.c
   3:.\Generated_Source\PSoC5/WaveDAC8_1.c **** * Version 2.10
   4:.\Generated_Source\PSoC5/WaveDAC8_1.c **** *
   5:.\Generated_Source\PSoC5/WaveDAC8_1.c **** * Description:
   6:.\Generated_Source\PSoC5/WaveDAC8_1.c **** *  This file provides the source code for the 8-bit Waveform DAC 
   7:.\Generated_Source\PSoC5/WaveDAC8_1.c **** *  (WaveDAC8) Component.
   8:.\Generated_Source\PSoC5/WaveDAC8_1.c **** *
   9:.\Generated_Source\PSoC5/WaveDAC8_1.c **** ********************************************************************************
  10:.\Generated_Source\PSoC5/WaveDAC8_1.c **** * Copyright 2013, Cypress Semiconductor Corporation.  All rights reserved.
  11:.\Generated_Source\PSoC5/WaveDAC8_1.c **** * You may use this file only in accordance with the license, terms, conditions,
  12:.\Generated_Source\PSoC5/WaveDAC8_1.c **** * disclaimers, and limitations in the end user license agreement accompanying
  13:.\Generated_Source\PSoC5/WaveDAC8_1.c **** * the software package with which this file was provided.
  14:.\Generated_Source\PSoC5/WaveDAC8_1.c **** *******************************************************************************/
  15:.\Generated_Source\PSoC5/WaveDAC8_1.c **** 
  16:.\Generated_Source\PSoC5/WaveDAC8_1.c **** #include "WaveDAC8_1.h"
  17:.\Generated_Source\PSoC5/WaveDAC8_1.c **** 
  18:.\Generated_Source\PSoC5/WaveDAC8_1.c **** uint8  WaveDAC8_1_initVar = 0u;
  19:.\Generated_Source\PSoC5/WaveDAC8_1.c **** 
  20:.\Generated_Source\PSoC5/WaveDAC8_1.c **** const uint8 CYCODE WaveDAC8_1_wave1[WaveDAC8_1_WAVE1_LENGTH] = { 252u,249u,237u,219u,194u,166u,135u
  21:.\Generated_Source\PSoC5/WaveDAC8_1.c **** const uint8 CYCODE WaveDAC8_1_wave2[WaveDAC8_1_WAVE2_LENGTH] = { 3u,6u,18u,36u,61u,89u,120u,151u,18
  22:.\Generated_Source\PSoC5/WaveDAC8_1.c **** 
  23:.\Generated_Source\PSoC5/WaveDAC8_1.c **** static uint8  WaveDAC8_1_Wave1Chan;
  24:.\Generated_Source\PSoC5/WaveDAC8_1.c **** static uint8  WaveDAC8_1_Wave2Chan;
  25:.\Generated_Source\PSoC5/WaveDAC8_1.c **** static uint8  WaveDAC8_1_Wave1TD;
  26:.\Generated_Source\PSoC5/WaveDAC8_1.c **** static uint8  WaveDAC8_1_Wave2TD;
  27:.\Generated_Source\PSoC5/WaveDAC8_1.c **** 
  28:.\Generated_Source\PSoC5/WaveDAC8_1.c **** 
  29:.\Generated_Source\PSoC5/WaveDAC8_1.c **** /*******************************************************************************
  30:.\Generated_Source\PSoC5/WaveDAC8_1.c **** * Function Name: WaveDAC8_1_Init
  31:.\Generated_Source\PSoC5/WaveDAC8_1.c **** ********************************************************************************
ARM GAS  C:\Users\user\AppData\Local\Temp\cc14iWWg.s 			page 2


  32:.\Generated_Source\PSoC5/WaveDAC8_1.c **** *
  33:.\Generated_Source\PSoC5/WaveDAC8_1.c **** * Summary:
  34:.\Generated_Source\PSoC5/WaveDAC8_1.c **** *  Initializes component with parameters set in the customizer.
  35:.\Generated_Source\PSoC5/WaveDAC8_1.c **** *
  36:.\Generated_Source\PSoC5/WaveDAC8_1.c **** * Parameters:  
  37:.\Generated_Source\PSoC5/WaveDAC8_1.c **** *  None
  38:.\Generated_Source\PSoC5/WaveDAC8_1.c **** *
  39:.\Generated_Source\PSoC5/WaveDAC8_1.c **** * Return: 
  40:.\Generated_Source\PSoC5/WaveDAC8_1.c **** *  None
  41:.\Generated_Source\PSoC5/WaveDAC8_1.c **** *
  42:.\Generated_Source\PSoC5/WaveDAC8_1.c **** *******************************************************************************/
  43:.\Generated_Source\PSoC5/WaveDAC8_1.c **** void WaveDAC8_1_Init(void) 
  44:.\Generated_Source\PSoC5/WaveDAC8_1.c **** {
  45:.\Generated_Source\PSoC5/WaveDAC8_1.c **** 	WaveDAC8_1_VDAC8_Init();
  46:.\Generated_Source\PSoC5/WaveDAC8_1.c **** 	WaveDAC8_1_VDAC8_SetSpeed(WaveDAC8_1_HIGHSPEED);
  47:.\Generated_Source\PSoC5/WaveDAC8_1.c **** 	WaveDAC8_1_VDAC8_SetRange(WaveDAC8_1_DAC_RANGE);
  48:.\Generated_Source\PSoC5/WaveDAC8_1.c **** 
  49:.\Generated_Source\PSoC5/WaveDAC8_1.c **** 	#if(WaveDAC8_1_DAC_MODE == WaveDAC8_1_CURRENT_MODE)
  50:.\Generated_Source\PSoC5/WaveDAC8_1.c **** 		WaveDAC8_1_IDAC8_SetPolarity(WaveDAC8_1_DAC_POL);
  51:.\Generated_Source\PSoC5/WaveDAC8_1.c **** 	#endif /* WaveDAC8_1_DAC_MODE == WaveDAC8_1_CURRENT_MODE */
  52:.\Generated_Source\PSoC5/WaveDAC8_1.c **** 
  53:.\Generated_Source\PSoC5/WaveDAC8_1.c **** 	#if(WaveDAC8_1_OUT_MODE == WaveDAC8_1_BUFFER_MODE)
  54:.\Generated_Source\PSoC5/WaveDAC8_1.c **** 	   WaveDAC8_1_BuffAmp_Init();
  55:.\Generated_Source\PSoC5/WaveDAC8_1.c **** 	#endif /* WaveDAC8_1_OUT_MODE == WaveDAC8_1_BUFFER_MODE */
  56:.\Generated_Source\PSoC5/WaveDAC8_1.c **** 
  57:.\Generated_Source\PSoC5/WaveDAC8_1.c **** 	/* Get the TD Number for the DMA channel 1 and 2   */
  58:.\Generated_Source\PSoC5/WaveDAC8_1.c **** 	WaveDAC8_1_Wave1TD = CyDmaTdAllocate();
  59:.\Generated_Source\PSoC5/WaveDAC8_1.c **** 	WaveDAC8_1_Wave2TD = CyDmaTdAllocate();
  60:.\Generated_Source\PSoC5/WaveDAC8_1.c **** 	
  61:.\Generated_Source\PSoC5/WaveDAC8_1.c **** 	/* Initialize waveform pointers  */
  62:.\Generated_Source\PSoC5/WaveDAC8_1.c **** 	WaveDAC8_1_Wave1Setup(WaveDAC8_1_wave1, WaveDAC8_1_WAVE1_LENGTH) ;
  63:.\Generated_Source\PSoC5/WaveDAC8_1.c **** 	WaveDAC8_1_Wave2Setup(WaveDAC8_1_wave2, WaveDAC8_1_WAVE2_LENGTH) ;
  64:.\Generated_Source\PSoC5/WaveDAC8_1.c **** 	
  65:.\Generated_Source\PSoC5/WaveDAC8_1.c **** 	/* Initialize the internal clock if one present  */
  66:.\Generated_Source\PSoC5/WaveDAC8_1.c **** 	#if defined(WaveDAC8_1_DacClk_PHASE)
  67:.\Generated_Source\PSoC5/WaveDAC8_1.c **** 	   WaveDAC8_1_DacClk_SetPhase(WaveDAC8_1_CLK_PHASE_0nS);
  68:.\Generated_Source\PSoC5/WaveDAC8_1.c **** 	#endif /* defined(WaveDAC8_1_DacClk_PHASE) */
  69:.\Generated_Source\PSoC5/WaveDAC8_1.c **** }
  70:.\Generated_Source\PSoC5/WaveDAC8_1.c **** 
  71:.\Generated_Source\PSoC5/WaveDAC8_1.c **** 
  72:.\Generated_Source\PSoC5/WaveDAC8_1.c **** /*******************************************************************************
  73:.\Generated_Source\PSoC5/WaveDAC8_1.c **** * Function Name: WaveDAC8_1_Enable
  74:.\Generated_Source\PSoC5/WaveDAC8_1.c **** ********************************************************************************
  75:.\Generated_Source\PSoC5/WaveDAC8_1.c **** *  
  76:.\Generated_Source\PSoC5/WaveDAC8_1.c **** * Summary: 
  77:.\Generated_Source\PSoC5/WaveDAC8_1.c **** *  Enables the DAC block and DMA operation.
  78:.\Generated_Source\PSoC5/WaveDAC8_1.c **** *
  79:.\Generated_Source\PSoC5/WaveDAC8_1.c **** * Parameters:  
  80:.\Generated_Source\PSoC5/WaveDAC8_1.c **** *  None
  81:.\Generated_Source\PSoC5/WaveDAC8_1.c **** *
  82:.\Generated_Source\PSoC5/WaveDAC8_1.c **** * Return: 
  83:.\Generated_Source\PSoC5/WaveDAC8_1.c **** *  None
  84:.\Generated_Source\PSoC5/WaveDAC8_1.c **** *
  85:.\Generated_Source\PSoC5/WaveDAC8_1.c **** *******************************************************************************/
  86:.\Generated_Source\PSoC5/WaveDAC8_1.c **** void WaveDAC8_1_Enable(void) 
  87:.\Generated_Source\PSoC5/WaveDAC8_1.c **** {
  27              		.loc 1 87 0
ARM GAS  C:\Users\user\AppData\Local\Temp\cc14iWWg.s 			page 3


  28              		.cfi_startproc
  29              		@ args = 0, pretend = 0, frame = 0
  30              		@ frame_needed = 0, uses_anonymous_args = 0
  31 0000 10B5     		push	{r4, lr}
  32              		.cfi_def_cfa_offset 8
  33              		.cfi_offset 4, -8
  34              		.cfi_offset 14, -4
  88:.\Generated_Source\PSoC5/WaveDAC8_1.c **** 	WaveDAC8_1_VDAC8_Enable();
  35              		.loc 1 88 0
  36 0002 FFF7FEFF 		bl	WaveDAC8_1_VDAC8_Enable
  37              	.LVL0:
  89:.\Generated_Source\PSoC5/WaveDAC8_1.c **** 
  90:.\Generated_Source\PSoC5/WaveDAC8_1.c **** 	#if(WaveDAC8_1_OUT_MODE == WaveDAC8_1_BUFFER_MODE)
  91:.\Generated_Source\PSoC5/WaveDAC8_1.c **** 	   WaveDAC8_1_BuffAmp_Enable();
  92:.\Generated_Source\PSoC5/WaveDAC8_1.c **** 	#endif /* WaveDAC8_1_OUT_MODE == WaveDAC8_1_BUFFER_MODE */
  93:.\Generated_Source\PSoC5/WaveDAC8_1.c **** 
  94:.\Generated_Source\PSoC5/WaveDAC8_1.c **** 	/* 
  95:.\Generated_Source\PSoC5/WaveDAC8_1.c **** 	* Enable the channel. It is configured to remember the TD value so that
  96:.\Generated_Source\PSoC5/WaveDAC8_1.c **** 	* it can be restored from the place where it has been stopped.
  97:.\Generated_Source\PSoC5/WaveDAC8_1.c **** 	*/
  98:.\Generated_Source\PSoC5/WaveDAC8_1.c **** 	(void)CyDmaChEnable(WaveDAC8_1_Wave1Chan, 1u);
  38              		.loc 1 98 0
  39 0006 074C     		ldr	r4, .L3
  40 0008 2078     		ldrb	r0, [r4]	@ zero_extendqisi2
  41 000a 0121     		movs	r1, #1
  42 000c FFF7FEFF 		bl	CyDmaChEnable
  43              	.LVL1:
  99:.\Generated_Source\PSoC5/WaveDAC8_1.c **** 	(void)CyDmaChEnable(WaveDAC8_1_Wave2Chan, 1u);
  44              		.loc 1 99 0
  45 0010 6078     		ldrb	r0, [r4, #1]	@ zero_extendqisi2
  46 0012 0121     		movs	r1, #1
  47 0014 FFF7FEFF 		bl	CyDmaChEnable
  48              	.LVL2:
 100:.\Generated_Source\PSoC5/WaveDAC8_1.c **** 	
 101:.\Generated_Source\PSoC5/WaveDAC8_1.c **** 	/* set the initial value */
 102:.\Generated_Source\PSoC5/WaveDAC8_1.c **** 	WaveDAC8_1_SetValue(0u);
  49              		.loc 1 102 0
  50 0018 0020     		movs	r0, #0
  51 001a FFF7FEFF 		bl	WaveDAC8_1_VDAC8_SetValue
  52              	.LVL3:
 103:.\Generated_Source\PSoC5/WaveDAC8_1.c **** 	
 104:.\Generated_Source\PSoC5/WaveDAC8_1.c **** 	#if(WaveDAC8_1_CLOCK_SRC == WaveDAC8_1_CLOCK_INT)  	
 105:.\Generated_Source\PSoC5/WaveDAC8_1.c **** 	   WaveDAC8_1_DacClk_Start();
  53              		.loc 1 105 0
  54 001e FFF7FEFF 		bl	WaveDAC8_1_DacClk_Start
  55              	.LVL4:
  56 0022 10BD     		pop	{r4, pc}
  57              	.L4:
  58              		.align	2
  59              	.L3:
  60 0024 00000000 		.word	.LANCHOR0
  61              		.cfi_endproc
  62              	.LFE1:
  63              		.size	WaveDAC8_1_Enable, .-WaveDAC8_1_Enable
  64              		.section	.text.WaveDAC8_1_Stop,"ax",%progbits
  65              		.align	2
  66              		.global	WaveDAC8_1_Stop
ARM GAS  C:\Users\user\AppData\Local\Temp\cc14iWWg.s 			page 4


  67              		.thumb
  68              		.thumb_func
  69              		.type	WaveDAC8_1_Stop, %function
  70              	WaveDAC8_1_Stop:
  71              	.LFB4:
 106:.\Generated_Source\PSoC5/WaveDAC8_1.c **** 	#endif /* WaveDAC8_1_CLOCK_SRC == WaveDAC8_1_CLOCK_INT */
 107:.\Generated_Source\PSoC5/WaveDAC8_1.c **** }
 108:.\Generated_Source\PSoC5/WaveDAC8_1.c **** 
 109:.\Generated_Source\PSoC5/WaveDAC8_1.c **** 
 110:.\Generated_Source\PSoC5/WaveDAC8_1.c **** /*******************************************************************************
 111:.\Generated_Source\PSoC5/WaveDAC8_1.c **** * Function Name: WaveDAC8_1_Start
 112:.\Generated_Source\PSoC5/WaveDAC8_1.c **** ********************************************************************************
 113:.\Generated_Source\PSoC5/WaveDAC8_1.c **** *
 114:.\Generated_Source\PSoC5/WaveDAC8_1.c **** * Summary:
 115:.\Generated_Source\PSoC5/WaveDAC8_1.c **** *  The start function initializes the voltage DAC with the default values, 
 116:.\Generated_Source\PSoC5/WaveDAC8_1.c **** *  and sets the power to the given level.  A power level of 0, is the same as 
 117:.\Generated_Source\PSoC5/WaveDAC8_1.c **** *  executing the stop function.
 118:.\Generated_Source\PSoC5/WaveDAC8_1.c **** *
 119:.\Generated_Source\PSoC5/WaveDAC8_1.c **** * Parameters:  
 120:.\Generated_Source\PSoC5/WaveDAC8_1.c **** *  None
 121:.\Generated_Source\PSoC5/WaveDAC8_1.c **** *
 122:.\Generated_Source\PSoC5/WaveDAC8_1.c **** * Return: 
 123:.\Generated_Source\PSoC5/WaveDAC8_1.c **** *  None
 124:.\Generated_Source\PSoC5/WaveDAC8_1.c **** *
 125:.\Generated_Source\PSoC5/WaveDAC8_1.c **** * Reentrant:
 126:.\Generated_Source\PSoC5/WaveDAC8_1.c **** *  No
 127:.\Generated_Source\PSoC5/WaveDAC8_1.c **** *
 128:.\Generated_Source\PSoC5/WaveDAC8_1.c **** *******************************************************************************/
 129:.\Generated_Source\PSoC5/WaveDAC8_1.c **** void WaveDAC8_1_Start(void) 
 130:.\Generated_Source\PSoC5/WaveDAC8_1.c **** {
 131:.\Generated_Source\PSoC5/WaveDAC8_1.c **** 	/* If not Initialized then initialize all required hardware and software */
 132:.\Generated_Source\PSoC5/WaveDAC8_1.c **** 	if(WaveDAC8_1_initVar == 0u)
 133:.\Generated_Source\PSoC5/WaveDAC8_1.c **** 	{
 134:.\Generated_Source\PSoC5/WaveDAC8_1.c **** 		WaveDAC8_1_Init();
 135:.\Generated_Source\PSoC5/WaveDAC8_1.c **** 		WaveDAC8_1_initVar = 1u;
 136:.\Generated_Source\PSoC5/WaveDAC8_1.c **** 	}
 137:.\Generated_Source\PSoC5/WaveDAC8_1.c **** 	
 138:.\Generated_Source\PSoC5/WaveDAC8_1.c **** 	WaveDAC8_1_Enable();
 139:.\Generated_Source\PSoC5/WaveDAC8_1.c **** }
 140:.\Generated_Source\PSoC5/WaveDAC8_1.c **** 
 141:.\Generated_Source\PSoC5/WaveDAC8_1.c **** 
 142:.\Generated_Source\PSoC5/WaveDAC8_1.c **** /*******************************************************************************
 143:.\Generated_Source\PSoC5/WaveDAC8_1.c **** * Function Name: WaveDAC8_1_StartEx
 144:.\Generated_Source\PSoC5/WaveDAC8_1.c **** ********************************************************************************
 145:.\Generated_Source\PSoC5/WaveDAC8_1.c **** *
 146:.\Generated_Source\PSoC5/WaveDAC8_1.c **** * Summary:
 147:.\Generated_Source\PSoC5/WaveDAC8_1.c **** *  The StartEx function sets pointers and sizes for both waveforms
 148:.\Generated_Source\PSoC5/WaveDAC8_1.c **** *  and then starts the component.
 149:.\Generated_Source\PSoC5/WaveDAC8_1.c **** *
 150:.\Generated_Source\PSoC5/WaveDAC8_1.c **** * Parameters:  
 151:.\Generated_Source\PSoC5/WaveDAC8_1.c **** *   uint8 * wavePtr1:     Pointer to the waveform 1 array.
 152:.\Generated_Source\PSoC5/WaveDAC8_1.c **** *   uint16  sampleSize1:  The amount of samples in the waveform 1.
 153:.\Generated_Source\PSoC5/WaveDAC8_1.c **** *   uint8 * wavePtr2:     Pointer to the waveform 2 array.
 154:.\Generated_Source\PSoC5/WaveDAC8_1.c **** *   uint16  sampleSize2:  The amount of samples in the waveform 2.
 155:.\Generated_Source\PSoC5/WaveDAC8_1.c **** *
 156:.\Generated_Source\PSoC5/WaveDAC8_1.c **** * Return: 
 157:.\Generated_Source\PSoC5/WaveDAC8_1.c **** *  None
ARM GAS  C:\Users\user\AppData\Local\Temp\cc14iWWg.s 			page 5


 158:.\Generated_Source\PSoC5/WaveDAC8_1.c **** *
 159:.\Generated_Source\PSoC5/WaveDAC8_1.c **** * Reentrant:
 160:.\Generated_Source\PSoC5/WaveDAC8_1.c **** *  No
 161:.\Generated_Source\PSoC5/WaveDAC8_1.c **** *
 162:.\Generated_Source\PSoC5/WaveDAC8_1.c **** *******************************************************************************/
 163:.\Generated_Source\PSoC5/WaveDAC8_1.c **** void WaveDAC8_1_StartEx(const uint8 * wavePtr1, uint16 sampleSize1, const uint8 * wavePtr2, uint16 
 164:.\Generated_Source\PSoC5/WaveDAC8_1.c **** 
 165:.\Generated_Source\PSoC5/WaveDAC8_1.c **** {
 166:.\Generated_Source\PSoC5/WaveDAC8_1.c **** 	WaveDAC8_1_Wave1Setup(wavePtr1, sampleSize1);
 167:.\Generated_Source\PSoC5/WaveDAC8_1.c **** 	WaveDAC8_1_Wave2Setup(wavePtr2, sampleSize2);
 168:.\Generated_Source\PSoC5/WaveDAC8_1.c **** 	WaveDAC8_1_Start();
 169:.\Generated_Source\PSoC5/WaveDAC8_1.c **** }
 170:.\Generated_Source\PSoC5/WaveDAC8_1.c **** 
 171:.\Generated_Source\PSoC5/WaveDAC8_1.c **** 
 172:.\Generated_Source\PSoC5/WaveDAC8_1.c **** /*******************************************************************************
 173:.\Generated_Source\PSoC5/WaveDAC8_1.c **** * Function Name: WaveDAC8_1_Stop
 174:.\Generated_Source\PSoC5/WaveDAC8_1.c **** ********************************************************************************
 175:.\Generated_Source\PSoC5/WaveDAC8_1.c **** *
 176:.\Generated_Source\PSoC5/WaveDAC8_1.c **** * Summary:
 177:.\Generated_Source\PSoC5/WaveDAC8_1.c **** *  Stops the clock (if internal), disables the DMA channels
 178:.\Generated_Source\PSoC5/WaveDAC8_1.c **** *  and powers down the DAC.
 179:.\Generated_Source\PSoC5/WaveDAC8_1.c **** *
 180:.\Generated_Source\PSoC5/WaveDAC8_1.c **** * Parameters:  
 181:.\Generated_Source\PSoC5/WaveDAC8_1.c **** *  None  
 182:.\Generated_Source\PSoC5/WaveDAC8_1.c **** *
 183:.\Generated_Source\PSoC5/WaveDAC8_1.c **** * Return: 
 184:.\Generated_Source\PSoC5/WaveDAC8_1.c **** *  None
 185:.\Generated_Source\PSoC5/WaveDAC8_1.c **** *
 186:.\Generated_Source\PSoC5/WaveDAC8_1.c **** *******************************************************************************/
 187:.\Generated_Source\PSoC5/WaveDAC8_1.c **** void WaveDAC8_1_Stop(void) 
 188:.\Generated_Source\PSoC5/WaveDAC8_1.c **** {
  72              		.loc 1 188 0
  73              		.cfi_startproc
  74              		@ args = 0, pretend = 0, frame = 0
  75              		@ frame_needed = 0, uses_anonymous_args = 0
  76 0000 10B5     		push	{r4, lr}
  77              		.cfi_def_cfa_offset 8
  78              		.cfi_offset 4, -8
  79              		.cfi_offset 14, -4
 189:.\Generated_Source\PSoC5/WaveDAC8_1.c **** 	/* Turn off internal clock, if one present */
 190:.\Generated_Source\PSoC5/WaveDAC8_1.c **** 	#if(WaveDAC8_1_CLOCK_SRC == WaveDAC8_1_CLOCK_INT)  	
 191:.\Generated_Source\PSoC5/WaveDAC8_1.c **** 	   WaveDAC8_1_DacClk_Stop();
  80              		.loc 1 191 0
  81 0002 FFF7FEFF 		bl	WaveDAC8_1_DacClk_Stop
  82              	.LVL5:
 192:.\Generated_Source\PSoC5/WaveDAC8_1.c **** 	#endif /* WaveDAC8_1_CLOCK_SRC == WaveDAC8_1_CLOCK_INT */
 193:.\Generated_Source\PSoC5/WaveDAC8_1.c **** 	
 194:.\Generated_Source\PSoC5/WaveDAC8_1.c **** 	/* Disble DMA channels */
 195:.\Generated_Source\PSoC5/WaveDAC8_1.c **** 	(void)CyDmaChDisable(WaveDAC8_1_Wave1Chan);
  83              		.loc 1 195 0
  84 0006 054C     		ldr	r4, .L7
  85 0008 2078     		ldrb	r0, [r4]	@ zero_extendqisi2
  86 000a FFF7FEFF 		bl	CyDmaChDisable
  87              	.LVL6:
 196:.\Generated_Source\PSoC5/WaveDAC8_1.c **** 	(void)CyDmaChDisable(WaveDAC8_1_Wave2Chan);
  88              		.loc 1 196 0
  89 000e 6078     		ldrb	r0, [r4, #1]	@ zero_extendqisi2
ARM GAS  C:\Users\user\AppData\Local\Temp\cc14iWWg.s 			page 6


  90 0010 FFF7FEFF 		bl	CyDmaChDisable
  91              	.LVL7:
 197:.\Generated_Source\PSoC5/WaveDAC8_1.c **** 
 198:.\Generated_Source\PSoC5/WaveDAC8_1.c **** 	/* Disable power to DAC */
 199:.\Generated_Source\PSoC5/WaveDAC8_1.c **** 	WaveDAC8_1_VDAC8_Stop();
  92              		.loc 1 199 0
  93 0014 FFF7FEFF 		bl	WaveDAC8_1_VDAC8_Stop
  94              	.LVL8:
  95 0018 10BD     		pop	{r4, pc}
  96              	.L8:
  97 001a 00BF     		.align	2
  98              	.L7:
  99 001c 00000000 		.word	.LANCHOR0
 100              		.cfi_endproc
 101              	.LFE4:
 102              		.size	WaveDAC8_1_Stop, .-WaveDAC8_1_Stop
 103              		.section	.text.WaveDAC8_1_Wave1Setup,"ax",%progbits
 104              		.align	2
 105              		.global	WaveDAC8_1_Wave1Setup
 106              		.thumb
 107              		.thumb_func
 108              		.type	WaveDAC8_1_Wave1Setup, %function
 109              	WaveDAC8_1_Wave1Setup:
 110              	.LFB5:
 200:.\Generated_Source\PSoC5/WaveDAC8_1.c **** }
 201:.\Generated_Source\PSoC5/WaveDAC8_1.c **** 
 202:.\Generated_Source\PSoC5/WaveDAC8_1.c **** 
 203:.\Generated_Source\PSoC5/WaveDAC8_1.c **** /*******************************************************************************
 204:.\Generated_Source\PSoC5/WaveDAC8_1.c **** * Function Name: WaveDAC8_1_Wave1Setup
 205:.\Generated_Source\PSoC5/WaveDAC8_1.c **** ********************************************************************************
 206:.\Generated_Source\PSoC5/WaveDAC8_1.c **** *
 207:.\Generated_Source\PSoC5/WaveDAC8_1.c **** * Summary:
 208:.\Generated_Source\PSoC5/WaveDAC8_1.c **** *  Sets pointer and size for waveform 1.                                    
 209:.\Generated_Source\PSoC5/WaveDAC8_1.c **** *
 210:.\Generated_Source\PSoC5/WaveDAC8_1.c **** * Parameters:  
 211:.\Generated_Source\PSoC5/WaveDAC8_1.c **** *  uint8 * WavePtr:     Pointer to the waveform array.
 212:.\Generated_Source\PSoC5/WaveDAC8_1.c **** *  uint16  SampleSize:  The amount of samples in the waveform.
 213:.\Generated_Source\PSoC5/WaveDAC8_1.c **** *
 214:.\Generated_Source\PSoC5/WaveDAC8_1.c **** * Return: 
 215:.\Generated_Source\PSoC5/WaveDAC8_1.c **** *  None 
 216:.\Generated_Source\PSoC5/WaveDAC8_1.c **** *
 217:.\Generated_Source\PSoC5/WaveDAC8_1.c **** *******************************************************************************/
 218:.\Generated_Source\PSoC5/WaveDAC8_1.c **** void WaveDAC8_1_Wave1Setup(const uint8 * wavePtr, uint16 sampleSize)
 219:.\Generated_Source\PSoC5/WaveDAC8_1.c **** 
 220:.\Generated_Source\PSoC5/WaveDAC8_1.c **** {
 111              		.loc 1 220 0
 112              		.cfi_startproc
 113              		@ args = 0, pretend = 0, frame = 0
 114              		@ frame_needed = 0, uses_anonymous_args = 0
 115              	.LVL9:
 116 0000 70B5     		push	{r4, r5, r6, lr}
 117              		.cfi_def_cfa_offset 16
 118              		.cfi_offset 4, -16
 119              		.cfi_offset 5, -12
 120              		.cfi_offset 6, -8
 121              		.cfi_offset 14, -4
 122 0002 0546     		mov	r5, r0
ARM GAS  C:\Users\user\AppData\Local\Temp\cc14iWWg.s 			page 7


 123 0004 0E46     		mov	r6, r1
 221:.\Generated_Source\PSoC5/WaveDAC8_1.c **** 	#if (CY_PSOC3)
 222:.\Generated_Source\PSoC5/WaveDAC8_1.c **** 		uint16 memoryType; /* determining the source memory type */
 223:.\Generated_Source\PSoC5/WaveDAC8_1.c **** 		memoryType = (WaveDAC8_1_HI16FLASHPTR == HI16(wavePtr)) ? HI16(CYDEV_FLS_BASE) : HI16(CYDEV_SRAM_
 224:.\Generated_Source\PSoC5/WaveDAC8_1.c **** 		
 225:.\Generated_Source\PSoC5/WaveDAC8_1.c **** 		WaveDAC8_1_Wave1Chan = WaveDAC8_1_Wave1_DMA_DmaInitialize(
 226:.\Generated_Source\PSoC5/WaveDAC8_1.c **** 		WaveDAC8_1_Wave1_DMA_BYTES_PER_BURST, WaveDAC8_1_Wave1_DMA_REQUEST_PER_BURST,
 227:.\Generated_Source\PSoC5/WaveDAC8_1.c **** 		memoryType, HI16(CYDEV_PERIPH_BASE));
 228:.\Generated_Source\PSoC5/WaveDAC8_1.c **** 	#else /* PSoC 5 */
 229:.\Generated_Source\PSoC5/WaveDAC8_1.c **** 		WaveDAC8_1_Wave1Chan = WaveDAC8_1_Wave1_DMA_DmaInitialize(
 124              		.loc 1 229 0
 125 0006 0120     		movs	r0, #1
 126              	.LVL10:
 127 0008 0146     		mov	r1, r0
 128              	.LVL11:
 129 000a 2A0C     		lsrs	r2, r5, #16
 130 000c 4FF48043 		mov	r3, #16384
 131 0010 FFF7FEFF 		bl	WaveDAC8_1_Wave1_DMA_DmaInitialize
 132              	.LVL12:
 133 0014 094C     		ldr	r4, .L11
 134 0016 2070     		strb	r0, [r4]
 230:.\Generated_Source\PSoC5/WaveDAC8_1.c **** 		WaveDAC8_1_Wave1_DMA_BYTES_PER_BURST, WaveDAC8_1_Wave1_DMA_REQUEST_PER_BURST,
 231:.\Generated_Source\PSoC5/WaveDAC8_1.c **** 		HI16(wavePtr), HI16(WaveDAC8_1_DAC8__D));
 232:.\Generated_Source\PSoC5/WaveDAC8_1.c **** 	#endif /* CY_PSOC3 */
 233:.\Generated_Source\PSoC5/WaveDAC8_1.c **** 	
 234:.\Generated_Source\PSoC5/WaveDAC8_1.c **** 	/*
 235:.\Generated_Source\PSoC5/WaveDAC8_1.c **** 	* TD is looping on itself. 
 236:.\Generated_Source\PSoC5/WaveDAC8_1.c ****     * Increment the source address, but not the destination address. 
 237:.\Generated_Source\PSoC5/WaveDAC8_1.c **** 	*/
 238:.\Generated_Source\PSoC5/WaveDAC8_1.c **** 	(void)CyDmaTdSetConfiguration(WaveDAC8_1_Wave1TD, sampleSize, WaveDAC8_1_Wave1TD, 
 135              		.loc 1 238 0
 136 0018 A278     		ldrb	r2, [r4, #2]	@ zero_extendqisi2
 137 001a 1046     		mov	r0, r2
 138 001c 3146     		mov	r1, r6
 139 001e 0523     		movs	r3, #5
 140 0020 FFF7FEFF 		bl	CyDmaTdSetConfiguration
 141              	.LVL13:
 239:.\Generated_Source\PSoC5/WaveDAC8_1.c ****                                     (uint8)CY_DMA_TD_INC_SRC_ADR | (uint8)WaveDAC8_1_Wave1_DMA__TD_
 240:.\Generated_Source\PSoC5/WaveDAC8_1.c **** 	
 241:.\Generated_Source\PSoC5/WaveDAC8_1.c **** 	/* Set the TD source and destination address */
 242:.\Generated_Source\PSoC5/WaveDAC8_1.c **** 	(void)CyDmaTdSetAddress(WaveDAC8_1_Wave1TD, LO16((uint32)wavePtr), LO16(WaveDAC8_1_DAC8__D));
 142              		.loc 1 242 0
 143 0024 A078     		ldrb	r0, [r4, #2]	@ zero_extendqisi2
 144 0026 A9B2     		uxth	r1, r5
 145 0028 45F68332 		movw	r2, #23427
 146 002c FFF7FEFF 		bl	CyDmaTdSetAddress
 147              	.LVL14:
 243:.\Generated_Source\PSoC5/WaveDAC8_1.c **** 	
 244:.\Generated_Source\PSoC5/WaveDAC8_1.c **** 	/* Associate the TD with the channel */
 245:.\Generated_Source\PSoC5/WaveDAC8_1.c **** 	(void)CyDmaChSetInitialTd(WaveDAC8_1_Wave1Chan, WaveDAC8_1_Wave1TD);
 148              		.loc 1 245 0
 149 0030 2078     		ldrb	r0, [r4]	@ zero_extendqisi2
 150 0032 A178     		ldrb	r1, [r4, #2]	@ zero_extendqisi2
 151 0034 FFF7FEFF 		bl	CyDmaChSetInitialTd
 152              	.LVL15:
 153 0038 70BD     		pop	{r4, r5, r6, pc}
 154              	.LVL16:
ARM GAS  C:\Users\user\AppData\Local\Temp\cc14iWWg.s 			page 8


 155              	.L12:
 156 003a 00BF     		.align	2
 157              	.L11:
 158 003c 00000000 		.word	.LANCHOR0
 159              		.cfi_endproc
 160              	.LFE5:
 161              		.size	WaveDAC8_1_Wave1Setup, .-WaveDAC8_1_Wave1Setup
 162              		.section	.text.WaveDAC8_1_Wave2Setup,"ax",%progbits
 163              		.align	2
 164              		.global	WaveDAC8_1_Wave2Setup
 165              		.thumb
 166              		.thumb_func
 167              		.type	WaveDAC8_1_Wave2Setup, %function
 168              	WaveDAC8_1_Wave2Setup:
 169              	.LFB6:
 246:.\Generated_Source\PSoC5/WaveDAC8_1.c **** }
 247:.\Generated_Source\PSoC5/WaveDAC8_1.c **** 
 248:.\Generated_Source\PSoC5/WaveDAC8_1.c **** 
 249:.\Generated_Source\PSoC5/WaveDAC8_1.c **** /*******************************************************************************
 250:.\Generated_Source\PSoC5/WaveDAC8_1.c **** * Function Name: WaveDAC8_1_Wave2Setup
 251:.\Generated_Source\PSoC5/WaveDAC8_1.c **** ********************************************************************************
 252:.\Generated_Source\PSoC5/WaveDAC8_1.c **** *
 253:.\Generated_Source\PSoC5/WaveDAC8_1.c **** * Summary:
 254:.\Generated_Source\PSoC5/WaveDAC8_1.c **** *  Sets pointer and size for waveform 2.                                    
 255:.\Generated_Source\PSoC5/WaveDAC8_1.c **** *
 256:.\Generated_Source\PSoC5/WaveDAC8_1.c **** * Parameters:  
 257:.\Generated_Source\PSoC5/WaveDAC8_1.c **** *  uint8 * WavePtr:     Pointer to the waveform array.
 258:.\Generated_Source\PSoC5/WaveDAC8_1.c **** *  uint16  SampleSize:  The amount of samples in the waveform.
 259:.\Generated_Source\PSoC5/WaveDAC8_1.c **** *
 260:.\Generated_Source\PSoC5/WaveDAC8_1.c **** * Return: 
 261:.\Generated_Source\PSoC5/WaveDAC8_1.c **** *  None
 262:.\Generated_Source\PSoC5/WaveDAC8_1.c **** *
 263:.\Generated_Source\PSoC5/WaveDAC8_1.c **** *******************************************************************************/
 264:.\Generated_Source\PSoC5/WaveDAC8_1.c **** void WaveDAC8_1_Wave2Setup(const uint8 * wavePtr, uint16 sampleSize)
 265:.\Generated_Source\PSoC5/WaveDAC8_1.c ****  
 266:.\Generated_Source\PSoC5/WaveDAC8_1.c **** {
 170              		.loc 1 266 0
 171              		.cfi_startproc
 172              		@ args = 0, pretend = 0, frame = 0
 173              		@ frame_needed = 0, uses_anonymous_args = 0
 174              	.LVL17:
 175 0000 70B5     		push	{r4, r5, r6, lr}
 176              		.cfi_def_cfa_offset 16
 177              		.cfi_offset 4, -16
 178              		.cfi_offset 5, -12
 179              		.cfi_offset 6, -8
 180              		.cfi_offset 14, -4
 181 0002 0546     		mov	r5, r0
 182 0004 0E46     		mov	r6, r1
 267:.\Generated_Source\PSoC5/WaveDAC8_1.c **** 	#if (CY_PSOC3)
 268:.\Generated_Source\PSoC5/WaveDAC8_1.c **** 		uint16 memoryType; /* determining the source memory type */
 269:.\Generated_Source\PSoC5/WaveDAC8_1.c **** 		memoryType = (WaveDAC8_1_HI16FLASHPTR == HI16(wavePtr)) ? HI16(CYDEV_FLS_BASE) : HI16(CYDEV_SRAM_
 270:.\Generated_Source\PSoC5/WaveDAC8_1.c **** 			
 271:.\Generated_Source\PSoC5/WaveDAC8_1.c **** 		WaveDAC8_1_Wave2Chan = WaveDAC8_1_Wave2_DMA_DmaInitialize(
 272:.\Generated_Source\PSoC5/WaveDAC8_1.c **** 		WaveDAC8_1_Wave2_DMA_BYTES_PER_BURST, WaveDAC8_1_Wave2_DMA_REQUEST_PER_BURST,
 273:.\Generated_Source\PSoC5/WaveDAC8_1.c **** 		memoryType, HI16(CYDEV_PERIPH_BASE));
 274:.\Generated_Source\PSoC5/WaveDAC8_1.c **** 	#else /* PSoC 5 */
ARM GAS  C:\Users\user\AppData\Local\Temp\cc14iWWg.s 			page 9


 275:.\Generated_Source\PSoC5/WaveDAC8_1.c **** 		WaveDAC8_1_Wave2Chan = WaveDAC8_1_Wave2_DMA_DmaInitialize(
 183              		.loc 1 275 0
 184 0006 0120     		movs	r0, #1
 185              	.LVL18:
 186 0008 0146     		mov	r1, r0
 187              	.LVL19:
 188 000a 2A0C     		lsrs	r2, r5, #16
 189 000c 4FF48043 		mov	r3, #16384
 190 0010 FFF7FEFF 		bl	WaveDAC8_1_Wave2_DMA_DmaInitialize
 191              	.LVL20:
 192 0014 094C     		ldr	r4, .L15
 193 0016 6070     		strb	r0, [r4, #1]
 276:.\Generated_Source\PSoC5/WaveDAC8_1.c **** 		WaveDAC8_1_Wave2_DMA_BYTES_PER_BURST, WaveDAC8_1_Wave2_DMA_REQUEST_PER_BURST,
 277:.\Generated_Source\PSoC5/WaveDAC8_1.c **** 		HI16(wavePtr), HI16(WaveDAC8_1_DAC8__D));
 278:.\Generated_Source\PSoC5/WaveDAC8_1.c **** 	#endif /* CY_PSOC3 */
 279:.\Generated_Source\PSoC5/WaveDAC8_1.c **** 	
 280:.\Generated_Source\PSoC5/WaveDAC8_1.c **** 	/*
 281:.\Generated_Source\PSoC5/WaveDAC8_1.c **** 	* TD is looping on itself. 
 282:.\Generated_Source\PSoC5/WaveDAC8_1.c **** 	* Increment the source address, but not the destination address. 
 283:.\Generated_Source\PSoC5/WaveDAC8_1.c **** 	*/
 284:.\Generated_Source\PSoC5/WaveDAC8_1.c **** 	(void)CyDmaTdSetConfiguration(WaveDAC8_1_Wave2TD, sampleSize, WaveDAC8_1_Wave2TD, 
 194              		.loc 1 284 0
 195 0018 E278     		ldrb	r2, [r4, #3]	@ zero_extendqisi2
 196 001a 1046     		mov	r0, r2
 197 001c 3146     		mov	r1, r6
 198 001e 0523     		movs	r3, #5
 199 0020 FFF7FEFF 		bl	CyDmaTdSetConfiguration
 200              	.LVL21:
 285:.\Generated_Source\PSoC5/WaveDAC8_1.c ****                                     (uint8)CY_DMA_TD_INC_SRC_ADR | (uint8)WaveDAC8_1_Wave2_DMA__TD_
 286:.\Generated_Source\PSoC5/WaveDAC8_1.c **** 	
 287:.\Generated_Source\PSoC5/WaveDAC8_1.c **** 	/* Set the TD source and destination address */
 288:.\Generated_Source\PSoC5/WaveDAC8_1.c **** 	(void)CyDmaTdSetAddress(WaveDAC8_1_Wave2TD, LO16((uint32)wavePtr), LO16(WaveDAC8_1_DAC8__D));
 201              		.loc 1 288 0
 202 0024 E078     		ldrb	r0, [r4, #3]	@ zero_extendqisi2
 203 0026 A9B2     		uxth	r1, r5
 204 0028 45F68332 		movw	r2, #23427
 205 002c FFF7FEFF 		bl	CyDmaTdSetAddress
 206              	.LVL22:
 289:.\Generated_Source\PSoC5/WaveDAC8_1.c **** 	
 290:.\Generated_Source\PSoC5/WaveDAC8_1.c **** 	/* Associate the TD with the channel */
 291:.\Generated_Source\PSoC5/WaveDAC8_1.c **** 	(void)CyDmaChSetInitialTd(WaveDAC8_1_Wave2Chan, WaveDAC8_1_Wave2TD);
 207              		.loc 1 291 0
 208 0030 6078     		ldrb	r0, [r4, #1]	@ zero_extendqisi2
 209 0032 E178     		ldrb	r1, [r4, #3]	@ zero_extendqisi2
 210 0034 FFF7FEFF 		bl	CyDmaChSetInitialTd
 211              	.LVL23:
 212 0038 70BD     		pop	{r4, r5, r6, pc}
 213              	.LVL24:
 214              	.L16:
 215 003a 00BF     		.align	2
 216              	.L15:
 217 003c 00000000 		.word	.LANCHOR0
 218              		.cfi_endproc
 219              	.LFE6:
 220              		.size	WaveDAC8_1_Wave2Setup, .-WaveDAC8_1_Wave2Setup
 221              		.section	.text.WaveDAC8_1_Init,"ax",%progbits
 222              		.align	2
ARM GAS  C:\Users\user\AppData\Local\Temp\cc14iWWg.s 			page 10


 223              		.global	WaveDAC8_1_Init
 224              		.thumb
 225              		.thumb_func
 226              		.type	WaveDAC8_1_Init, %function
 227              	WaveDAC8_1_Init:
 228              	.LFB0:
  44:.\Generated_Source\PSoC5/WaveDAC8_1.c **** 	WaveDAC8_1_VDAC8_Init();
 229              		.loc 1 44 0
 230              		.cfi_startproc
 231              		@ args = 0, pretend = 0, frame = 0
 232              		@ frame_needed = 0, uses_anonymous_args = 0
 233 0000 10B5     		push	{r4, lr}
 234              		.cfi_def_cfa_offset 8
 235              		.cfi_offset 4, -8
 236              		.cfi_offset 14, -4
  45:.\Generated_Source\PSoC5/WaveDAC8_1.c **** 	WaveDAC8_1_VDAC8_SetSpeed(WaveDAC8_1_HIGHSPEED);
 237              		.loc 1 45 0
 238 0002 FFF7FEFF 		bl	WaveDAC8_1_VDAC8_Init
 239              	.LVL25:
  46:.\Generated_Source\PSoC5/WaveDAC8_1.c **** 	WaveDAC8_1_VDAC8_SetRange(WaveDAC8_1_DAC_RANGE);
 240              		.loc 1 46 0
 241 0006 0220     		movs	r0, #2
 242 0008 FFF7FEFF 		bl	WaveDAC8_1_VDAC8_SetSpeed
 243              	.LVL26:
  47:.\Generated_Source\PSoC5/WaveDAC8_1.c **** 
 244              		.loc 1 47 0
 245 000c 0420     		movs	r0, #4
 246 000e FFF7FEFF 		bl	WaveDAC8_1_VDAC8_SetRange
 247              	.LVL27:
  58:.\Generated_Source\PSoC5/WaveDAC8_1.c **** 	WaveDAC8_1_Wave2TD = CyDmaTdAllocate();
 248              		.loc 1 58 0
 249 0012 FFF7FEFF 		bl	CyDmaTdAllocate
 250              	.LVL28:
 251 0016 084C     		ldr	r4, .L19
 252 0018 A070     		strb	r0, [r4, #2]
  59:.\Generated_Source\PSoC5/WaveDAC8_1.c **** 	
 253              		.loc 1 59 0
 254 001a FFF7FEFF 		bl	CyDmaTdAllocate
 255              	.LVL29:
 256 001e E070     		strb	r0, [r4, #3]
  62:.\Generated_Source\PSoC5/WaveDAC8_1.c **** 	WaveDAC8_1_Wave2Setup(WaveDAC8_1_wave2, WaveDAC8_1_WAVE2_LENGTH) ;
 257              		.loc 1 62 0
 258 0020 064C     		ldr	r4, .L19+4
 259 0022 2046     		mov	r0, r4
 260 0024 1921     		movs	r1, #25
 261 0026 FFF7FEFF 		bl	WaveDAC8_1_Wave1Setup
 262              	.LVL30:
  63:.\Generated_Source\PSoC5/WaveDAC8_1.c **** 	
 263              		.loc 1 63 0
 264 002a 04F11C00 		add	r0, r4, #28
 265 002e 1921     		movs	r1, #25
 266 0030 FFF7FEFF 		bl	WaveDAC8_1_Wave2Setup
 267              	.LVL31:
 268 0034 10BD     		pop	{r4, pc}
 269              	.L20:
 270 0036 00BF     		.align	2
 271              	.L19:
ARM GAS  C:\Users\user\AppData\Local\Temp\cc14iWWg.s 			page 11


 272 0038 00000000 		.word	.LANCHOR0
 273 003c 00000000 		.word	.LANCHOR1
 274              		.cfi_endproc
 275              	.LFE0:
 276              		.size	WaveDAC8_1_Init, .-WaveDAC8_1_Init
 277              		.section	.text.WaveDAC8_1_Start,"ax",%progbits
 278              		.align	2
 279              		.global	WaveDAC8_1_Start
 280              		.thumb
 281              		.thumb_func
 282              		.type	WaveDAC8_1_Start, %function
 283              	WaveDAC8_1_Start:
 284              	.LFB2:
 130:.\Generated_Source\PSoC5/WaveDAC8_1.c **** 	/* If not Initialized then initialize all required hardware and software */
 285              		.loc 1 130 0
 286              		.cfi_startproc
 287              		@ args = 0, pretend = 0, frame = 0
 288              		@ frame_needed = 0, uses_anonymous_args = 0
 289 0000 08B5     		push	{r3, lr}
 290              		.cfi_def_cfa_offset 8
 291              		.cfi_offset 3, -8
 292              		.cfi_offset 14, -4
 132:.\Generated_Source\PSoC5/WaveDAC8_1.c **** 	{
 293              		.loc 1 132 0
 294 0002 054B     		ldr	r3, .L24
 295 0004 1B79     		ldrb	r3, [r3, #4]	@ zero_extendqisi2
 296 0006 23B9     		cbnz	r3, .L22
 134:.\Generated_Source\PSoC5/WaveDAC8_1.c **** 		WaveDAC8_1_initVar = 1u;
 297              		.loc 1 134 0
 298 0008 FFF7FEFF 		bl	WaveDAC8_1_Init
 299              	.LVL32:
 135:.\Generated_Source\PSoC5/WaveDAC8_1.c **** 	}
 300              		.loc 1 135 0
 301 000c 0122     		movs	r2, #1
 302 000e 024B     		ldr	r3, .L24
 303 0010 1A71     		strb	r2, [r3, #4]
 304              	.L22:
 138:.\Generated_Source\PSoC5/WaveDAC8_1.c **** }
 305              		.loc 1 138 0
 306 0012 FFF7FEFF 		bl	WaveDAC8_1_Enable
 307              	.LVL33:
 308 0016 08BD     		pop	{r3, pc}
 309              	.L25:
 310              		.align	2
 311              	.L24:
 312 0018 00000000 		.word	.LANCHOR0
 313              		.cfi_endproc
 314              	.LFE2:
 315              		.size	WaveDAC8_1_Start, .-WaveDAC8_1_Start
 316              		.section	.text.WaveDAC8_1_StartEx,"ax",%progbits
 317              		.align	2
 318              		.global	WaveDAC8_1_StartEx
 319              		.thumb
 320              		.thumb_func
 321              		.type	WaveDAC8_1_StartEx, %function
 322              	WaveDAC8_1_StartEx:
 323              	.LFB3:
ARM GAS  C:\Users\user\AppData\Local\Temp\cc14iWWg.s 			page 12


 165:.\Generated_Source\PSoC5/WaveDAC8_1.c **** 	WaveDAC8_1_Wave1Setup(wavePtr1, sampleSize1);
 324              		.loc 1 165 0
 325              		.cfi_startproc
 326              		@ args = 0, pretend = 0, frame = 0
 327              		@ frame_needed = 0, uses_anonymous_args = 0
 328              	.LVL34:
 329 0000 38B5     		push	{r3, r4, r5, lr}
 330              		.cfi_def_cfa_offset 16
 331              		.cfi_offset 3, -16
 332              		.cfi_offset 4, -12
 333              		.cfi_offset 5, -8
 334              		.cfi_offset 14, -4
 335 0002 1546     		mov	r5, r2
 336 0004 1C46     		mov	r4, r3
 166:.\Generated_Source\PSoC5/WaveDAC8_1.c **** 	WaveDAC8_1_Wave2Setup(wavePtr2, sampleSize2);
 337              		.loc 1 166 0
 338 0006 FFF7FEFF 		bl	WaveDAC8_1_Wave1Setup
 339              	.LVL35:
 167:.\Generated_Source\PSoC5/WaveDAC8_1.c **** 	WaveDAC8_1_Start();
 340              		.loc 1 167 0
 341 000a 2846     		mov	r0, r5
 342 000c 2146     		mov	r1, r4
 343 000e FFF7FEFF 		bl	WaveDAC8_1_Wave2Setup
 344              	.LVL36:
 168:.\Generated_Source\PSoC5/WaveDAC8_1.c **** }
 345              		.loc 1 168 0
 346 0012 FFF7FEFF 		bl	WaveDAC8_1_Start
 347              	.LVL37:
 348 0016 38BD     		pop	{r3, r4, r5, pc}
 349              		.cfi_endproc
 350              	.LFE3:
 351              		.size	WaveDAC8_1_StartEx, .-WaveDAC8_1_StartEx
 352              		.global	WaveDAC8_1_wave2
 353              		.global	WaveDAC8_1_wave1
 354              		.global	WaveDAC8_1_initVar
 355              		.section	.rodata
 356              		.align	2
 357              		.set	.LANCHOR1,. + 0
 358              		.type	WaveDAC8_1_wave1, %object
 359              		.size	WaveDAC8_1_wave1, 25
 360              	WaveDAC8_1_wave1:
 361 0000 FC       		.byte	-4
 362 0001 F9       		.byte	-7
 363 0002 ED       		.byte	-19
 364 0003 DB       		.byte	-37
 365 0004 C2       		.byte	-62
 366 0005 A6       		.byte	-90
 367 0006 87       		.byte	-121
 368 0007 68       		.byte	104
 369 0008 4A       		.byte	74
 370 0009 30       		.byte	48
 371 000a 1A       		.byte	26
 372 000b 0B       		.byte	11
 373 000c 03       		.byte	3
 374 000d 03       		.byte	3
 375 000e 0B       		.byte	11
 376 000f 1A       		.byte	26
ARM GAS  C:\Users\user\AppData\Local\Temp\cc14iWWg.s 			page 13


 377 0010 30       		.byte	48
 378 0011 4A       		.byte	74
 379 0012 68       		.byte	104
 380 0013 87       		.byte	-121
 381 0014 A6       		.byte	-90
 382 0015 C2       		.byte	-62
 383 0016 DB       		.byte	-37
 384 0017 ED       		.byte	-19
 385 0018 F9       		.byte	-7
 386 0019 000000   		.space	3
 387              		.type	WaveDAC8_1_wave2, %object
 388              		.size	WaveDAC8_1_wave2, 25
 389              	WaveDAC8_1_wave2:
 390 001c 03       		.byte	3
 391 001d 06       		.byte	6
 392 001e 12       		.byte	18
 393 001f 24       		.byte	36
 394 0020 3D       		.byte	61
 395 0021 59       		.byte	89
 396 0022 78       		.byte	120
 397 0023 97       		.byte	-105
 398 0024 B5       		.byte	-75
 399 0025 CF       		.byte	-49
 400 0026 E5       		.byte	-27
 401 0027 F4       		.byte	-12
 402 0028 FC       		.byte	-4
 403 0029 FC       		.byte	-4
 404 002a F4       		.byte	-12
 405 002b E5       		.byte	-27
 406 002c CF       		.byte	-49
 407 002d B5       		.byte	-75
 408 002e 97       		.byte	-105
 409 002f 78       		.byte	120
 410 0030 59       		.byte	89
 411 0031 3D       		.byte	61
 412 0032 24       		.byte	36
 413 0033 12       		.byte	18
 414 0034 06       		.byte	6
 415 0035 000000   		.bss
 416              		.set	.LANCHOR0,. + 0
 417              		.type	WaveDAC8_1_Wave1Chan, %object
 418              		.size	WaveDAC8_1_Wave1Chan, 1
 419              	WaveDAC8_1_Wave1Chan:
 420 0000 00       		.space	1
 421              		.type	WaveDAC8_1_Wave2Chan, %object
 422              		.size	WaveDAC8_1_Wave2Chan, 1
 423              	WaveDAC8_1_Wave2Chan:
 424 0001 00       		.space	1
 425              		.type	WaveDAC8_1_Wave1TD, %object
 426              		.size	WaveDAC8_1_Wave1TD, 1
 427              	WaveDAC8_1_Wave1TD:
 428 0002 00       		.space	1
 429              		.type	WaveDAC8_1_Wave2TD, %object
 430              		.size	WaveDAC8_1_Wave2TD, 1
 431              	WaveDAC8_1_Wave2TD:
 432 0003 00       		.space	1
 433              		.type	WaveDAC8_1_initVar, %object
ARM GAS  C:\Users\user\AppData\Local\Temp\cc14iWWg.s 			page 14


 434              		.size	WaveDAC8_1_initVar, 1
 435              	WaveDAC8_1_initVar:
 436 0004 00       		.space	1
 437              		.text
 438              	.Letext0:
 439              		.file 2 ".\\Generated_Source\\PSoC5\\cytypes.h"
 440              		.file 3 "Generated_Source\\PSoC5/WaveDAC8_1_VDAC8.h"
 441              		.file 4 "Generated_Source\\PSoC5/WaveDAC8_1_DacClk.h"
 442              		.file 5 "Generated_Source\\PSoC5/CYDMAC.H"
 443              		.file 6 "Generated_Source\\PSoC5/WaveDAC8_1_Wave1_DMA_dma.h"
 444              		.file 7 "Generated_Source\\PSoC5/WaveDAC8_1_Wave2_DMA_dma.h"
 445              		.section	.debug_info,"",%progbits
 446              	.Ldebug_info0:
 447 0000 8A050000 		.4byte	0x58a
 448 0004 0400     		.2byte	0x4
 449 0006 00000000 		.4byte	.Ldebug_abbrev0
 450 000a 04       		.byte	0x4
 451 000b 01       		.uleb128 0x1
 452 000c A0020000 		.4byte	.LASF52
 453 0010 01       		.byte	0x1
 454 0011 BF030000 		.4byte	.LASF53
 455 0015 93010000 		.4byte	.LASF54
 456 0019 00000000 		.4byte	.Ldebug_ranges0+0
 457 001d 00000000 		.4byte	0
 458 0021 00000000 		.4byte	.Ldebug_line0
 459 0025 02       		.uleb128 0x2
 460 0026 01       		.byte	0x1
 461 0027 06       		.byte	0x6
 462 0028 4D040000 		.4byte	.LASF0
 463 002c 02       		.uleb128 0x2
 464 002d 01       		.byte	0x1
 465 002e 08       		.byte	0x8
 466 002f 2E030000 		.4byte	.LASF1
 467 0033 02       		.uleb128 0x2
 468 0034 02       		.byte	0x2
 469 0035 05       		.byte	0x5
 470 0036 57020000 		.4byte	.LASF2
 471 003a 02       		.uleb128 0x2
 472 003b 02       		.byte	0x2
 473 003c 07       		.byte	0x7
 474 003d 85000000 		.4byte	.LASF3
 475 0041 02       		.uleb128 0x2
 476 0042 04       		.byte	0x4
 477 0043 05       		.byte	0x5
 478 0044 44040000 		.4byte	.LASF4
 479 0048 02       		.uleb128 0x2
 480 0049 04       		.byte	0x4
 481 004a 07       		.byte	0x7
 482 004b 81010000 		.4byte	.LASF5
 483 004f 02       		.uleb128 0x2
 484 0050 08       		.byte	0x8
 485 0051 05       		.byte	0x5
 486 0052 AC030000 		.4byte	.LASF6
 487 0056 02       		.uleb128 0x2
 488 0057 08       		.byte	0x8
 489 0058 07       		.byte	0x7
 490 0059 49030000 		.4byte	.LASF7
ARM GAS  C:\Users\user\AppData\Local\Temp\cc14iWWg.s 			page 15


 491 005d 03       		.uleb128 0x3
 492 005e 04       		.byte	0x4
 493 005f 05       		.byte	0x5
 494 0060 696E7400 		.ascii	"int\000"
 495 0064 02       		.uleb128 0x2
 496 0065 04       		.byte	0x4
 497 0066 07       		.byte	0x7
 498 0067 3C030000 		.4byte	.LASF8
 499 006b 04       		.uleb128 0x4
 500 006c D5010000 		.4byte	.LASF9
 501 0070 02       		.byte	0x2
 502 0071 3801     		.2byte	0x138
 503 0073 2C000000 		.4byte	0x2c
 504 0077 04       		.uleb128 0x4
 505 0078 6F020000 		.4byte	.LASF10
 506 007c 02       		.byte	0x2
 507 007d 3901     		.2byte	0x139
 508 007f 3A000000 		.4byte	0x3a
 509 0083 04       		.uleb128 0x4
 510 0084 99020000 		.4byte	.LASF11
 511 0088 02       		.byte	0x2
 512 0089 3A01     		.2byte	0x13a
 513 008b 48000000 		.4byte	0x48
 514 008f 02       		.uleb128 0x2
 515 0090 04       		.byte	0x4
 516 0091 04       		.byte	0x4
 517 0092 2F010000 		.4byte	.LASF12
 518 0096 02       		.uleb128 0x2
 519 0097 08       		.byte	0x8
 520 0098 04       		.byte	0x4
 521 0099 40020000 		.4byte	.LASF13
 522 009d 02       		.uleb128 0x2
 523 009e 01       		.byte	0x1
 524 009f 08       		.byte	0x8
 525 00a0 BA030000 		.4byte	.LASF14
 526 00a4 04       		.uleb128 0x4
 527 00a5 1A000000 		.4byte	.LASF15
 528 00a9 02       		.byte	0x2
 529 00aa DA01     		.2byte	0x1da
 530 00ac 48000000 		.4byte	0x48
 531 00b0 02       		.uleb128 0x2
 532 00b1 04       		.byte	0x4
 533 00b2 07       		.byte	0x7
 534 00b3 A3030000 		.4byte	.LASF16
 535 00b7 05       		.uleb128 0x5
 536 00b8 FB030000 		.4byte	.LASF17
 537 00bc 01       		.byte	0x1
 538 00bd 56       		.byte	0x56
 539 00be 00000000 		.4byte	.LFB1
 540 00c2 28000000 		.4byte	.LFE1-.LFB1
 541 00c6 01       		.uleb128 0x1
 542 00c7 9C       		.byte	0x9c
 543 00c8 18010000 		.4byte	0x118
 544 00cc 06       		.uleb128 0x6
 545 00cd 06000000 		.4byte	.LVL0
 546 00d1 58040000 		.4byte	0x458
 547 00d5 07       		.uleb128 0x7
ARM GAS  C:\Users\user\AppData\Local\Temp\cc14iWWg.s 			page 16


 548 00d6 10000000 		.4byte	.LVL1
 549 00da 5F040000 		.4byte	0x45f
 550 00de E8000000 		.4byte	0xe8
 551 00e2 08       		.uleb128 0x8
 552 00e3 01       		.uleb128 0x1
 553 00e4 51       		.byte	0x51
 554 00e5 01       		.uleb128 0x1
 555 00e6 31       		.byte	0x31
 556 00e7 00       		.byte	0
 557 00e8 07       		.uleb128 0x7
 558 00e9 18000000 		.4byte	.LVL2
 559 00ed 5F040000 		.4byte	0x45f
 560 00f1 FB000000 		.4byte	0xfb
 561 00f5 08       		.uleb128 0x8
 562 00f6 01       		.uleb128 0x1
 563 00f7 51       		.byte	0x51
 564 00f8 01       		.uleb128 0x1
 565 00f9 31       		.byte	0x31
 566 00fa 00       		.byte	0
 567 00fb 07       		.uleb128 0x7
 568 00fc 1E000000 		.4byte	.LVL3
 569 0100 79040000 		.4byte	0x479
 570 0104 0E010000 		.4byte	0x10e
 571 0108 08       		.uleb128 0x8
 572 0109 01       		.uleb128 0x1
 573 010a 50       		.byte	0x50
 574 010b 01       		.uleb128 0x1
 575 010c 30       		.byte	0x30
 576 010d 00       		.byte	0
 577 010e 06       		.uleb128 0x6
 578 010f 22000000 		.4byte	.LVL4
 579 0113 8A040000 		.4byte	0x48a
 580 0117 00       		.byte	0
 581 0118 05       		.uleb128 0x5
 582 0119 47020000 		.4byte	.LASF18
 583 011d 01       		.byte	0x1
 584 011e BB       		.byte	0xbb
 585 011f 00000000 		.4byte	.LFB4
 586 0123 20000000 		.4byte	.LFE4-.LFB4
 587 0127 01       		.uleb128 0x1
 588 0128 9C       		.byte	0x9c
 589 0129 52010000 		.4byte	0x152
 590 012d 06       		.uleb128 0x6
 591 012e 06000000 		.4byte	.LVL5
 592 0132 91040000 		.4byte	0x491
 593 0136 06       		.uleb128 0x6
 594 0137 0E000000 		.4byte	.LVL6
 595 013b 98040000 		.4byte	0x498
 596 013f 06       		.uleb128 0x6
 597 0140 14000000 		.4byte	.LVL7
 598 0144 98040000 		.4byte	0x498
 599 0148 06       		.uleb128 0x6
 600 0149 18000000 		.4byte	.LVL8
 601 014d AD040000 		.4byte	0x4ad
 602 0151 00       		.byte	0
 603 0152 05       		.uleb128 0x5
 604 0153 12020000 		.4byte	.LASF19
ARM GAS  C:\Users\user\AppData\Local\Temp\cc14iWWg.s 			page 17


 605 0157 01       		.byte	0x1
 606 0158 DA       		.byte	0xda
 607 0159 00000000 		.4byte	.LFB5
 608 015d 40000000 		.4byte	.LFE5-.LFB5
 609 0161 01       		.uleb128 0x1
 610 0162 9C       		.byte	0x9c
 611 0163 EA010000 		.4byte	0x1ea
 612 0167 09       		.uleb128 0x9
 613 0168 DB010000 		.4byte	.LASF20
 614 016c 01       		.byte	0x1
 615 016d DA       		.byte	0xda
 616 016e EA010000 		.4byte	0x1ea
 617 0172 00000000 		.4byte	.LLST0
 618 0176 09       		.uleb128 0x9
 619 0177 48010000 		.4byte	.LASF21
 620 017b 01       		.byte	0x1
 621 017c DA       		.byte	0xda
 622 017d 77000000 		.4byte	0x77
 623 0181 2C000000 		.4byte	.LLST1
 624 0185 07       		.uleb128 0x7
 625 0186 14000000 		.4byte	.LVL12
 626 018a B4040000 		.4byte	0x4b4
 627 018e AC010000 		.4byte	0x1ac
 628 0192 08       		.uleb128 0x8
 629 0193 01       		.uleb128 0x1
 630 0194 53       		.byte	0x53
 631 0195 03       		.uleb128 0x3
 632 0196 0A       		.byte	0xa
 633 0197 0040     		.2byte	0x4000
 634 0199 08       		.uleb128 0x8
 635 019a 01       		.uleb128 0x1
 636 019b 52       		.byte	0x52
 637 019c 04       		.uleb128 0x4
 638 019d 75       		.byte	0x75
 639 019e 00       		.sleb128 0
 640 019f 40       		.byte	0x40
 641 01a0 25       		.byte	0x25
 642 01a1 08       		.uleb128 0x8
 643 01a2 01       		.uleb128 0x1
 644 01a3 51       		.byte	0x51
 645 01a4 01       		.uleb128 0x1
 646 01a5 31       		.byte	0x31
 647 01a6 08       		.uleb128 0x8
 648 01a7 01       		.uleb128 0x1
 649 01a8 50       		.byte	0x50
 650 01a9 01       		.uleb128 0x1
 651 01aa 31       		.byte	0x31
 652 01ab 00       		.byte	0
 653 01ac 07       		.uleb128 0x7
 654 01ad 24000000 		.4byte	.LVL13
 655 01b1 D8040000 		.4byte	0x4d8
 656 01b5 C5010000 		.4byte	0x1c5
 657 01b9 08       		.uleb128 0x8
 658 01ba 01       		.uleb128 0x1
 659 01bb 53       		.byte	0x53
 660 01bc 01       		.uleb128 0x1
 661 01bd 35       		.byte	0x35
ARM GAS  C:\Users\user\AppData\Local\Temp\cc14iWWg.s 			page 18


 662 01be 08       		.uleb128 0x8
 663 01bf 01       		.uleb128 0x1
 664 01c0 51       		.byte	0x51
 665 01c1 02       		.uleb128 0x2
 666 01c2 76       		.byte	0x76
 667 01c3 00       		.sleb128 0
 668 01c4 00       		.byte	0
 669 01c5 07       		.uleb128 0x7
 670 01c6 30000000 		.4byte	.LVL14
 671 01ca FC040000 		.4byte	0x4fc
 672 01ce E0010000 		.4byte	0x1e0
 673 01d2 08       		.uleb128 0x8
 674 01d3 01       		.uleb128 0x1
 675 01d4 52       		.byte	0x52
 676 01d5 03       		.uleb128 0x3
 677 01d6 0A       		.byte	0xa
 678 01d7 835B     		.2byte	0x5b83
 679 01d9 08       		.uleb128 0x8
 680 01da 01       		.uleb128 0x1
 681 01db 51       		.byte	0x51
 682 01dc 02       		.uleb128 0x2
 683 01dd 75       		.byte	0x75
 684 01de 00       		.sleb128 0
 685 01df 00       		.byte	0
 686 01e0 06       		.uleb128 0x6
 687 01e1 38000000 		.4byte	.LVL15
 688 01e5 1B050000 		.4byte	0x51b
 689 01e9 00       		.byte	0
 690 01ea 0A       		.uleb128 0xa
 691 01eb 04       		.byte	0x4
 692 01ec F0010000 		.4byte	0x1f0
 693 01f0 0B       		.uleb128 0xb
 694 01f1 6B000000 		.4byte	0x6b
 695 01f5 0C       		.uleb128 0xc
 696 01f6 E5030000 		.4byte	.LASF22
 697 01fa 01       		.byte	0x1
 698 01fb 0801     		.2byte	0x108
 699 01fd 00000000 		.4byte	.LFB6
 700 0201 40000000 		.4byte	.LFE6-.LFB6
 701 0205 01       		.uleb128 0x1
 702 0206 9C       		.byte	0x9c
 703 0207 90020000 		.4byte	0x290
 704 020b 0D       		.uleb128 0xd
 705 020c DB010000 		.4byte	.LASF20
 706 0210 01       		.byte	0x1
 707 0211 0801     		.2byte	0x108
 708 0213 EA010000 		.4byte	0x1ea
 709 0217 4D000000 		.4byte	.LLST2
 710 021b 0D       		.uleb128 0xd
 711 021c 48010000 		.4byte	.LASF21
 712 0220 01       		.byte	0x1
 713 0221 0801     		.2byte	0x108
 714 0223 77000000 		.4byte	0x77
 715 0227 79000000 		.4byte	.LLST3
 716 022b 07       		.uleb128 0x7
 717 022c 14000000 		.4byte	.LVL20
 718 0230 35050000 		.4byte	0x535
ARM GAS  C:\Users\user\AppData\Local\Temp\cc14iWWg.s 			page 19


 719 0234 52020000 		.4byte	0x252
 720 0238 08       		.uleb128 0x8
 721 0239 01       		.uleb128 0x1
 722 023a 53       		.byte	0x53
 723 023b 03       		.uleb128 0x3
 724 023c 0A       		.byte	0xa
 725 023d 0040     		.2byte	0x4000
 726 023f 08       		.uleb128 0x8
 727 0240 01       		.uleb128 0x1
 728 0241 52       		.byte	0x52
 729 0242 04       		.uleb128 0x4
 730 0243 75       		.byte	0x75
 731 0244 00       		.sleb128 0
 732 0245 40       		.byte	0x40
 733 0246 25       		.byte	0x25
 734 0247 08       		.uleb128 0x8
 735 0248 01       		.uleb128 0x1
 736 0249 51       		.byte	0x51
 737 024a 01       		.uleb128 0x1
 738 024b 31       		.byte	0x31
 739 024c 08       		.uleb128 0x8
 740 024d 01       		.uleb128 0x1
 741 024e 50       		.byte	0x50
 742 024f 01       		.uleb128 0x1
 743 0250 31       		.byte	0x31
 744 0251 00       		.byte	0
 745 0252 07       		.uleb128 0x7
 746 0253 24000000 		.4byte	.LVL21
 747 0257 D8040000 		.4byte	0x4d8
 748 025b 6B020000 		.4byte	0x26b
 749 025f 08       		.uleb128 0x8
 750 0260 01       		.uleb128 0x1
 751 0261 53       		.byte	0x53
 752 0262 01       		.uleb128 0x1
 753 0263 35       		.byte	0x35
 754 0264 08       		.uleb128 0x8
 755 0265 01       		.uleb128 0x1
 756 0266 51       		.byte	0x51
 757 0267 02       		.uleb128 0x2
 758 0268 76       		.byte	0x76
 759 0269 00       		.sleb128 0
 760 026a 00       		.byte	0
 761 026b 07       		.uleb128 0x7
 762 026c 30000000 		.4byte	.LVL22
 763 0270 FC040000 		.4byte	0x4fc
 764 0274 86020000 		.4byte	0x286
 765 0278 08       		.uleb128 0x8
 766 0279 01       		.uleb128 0x1
 767 027a 52       		.byte	0x52
 768 027b 03       		.uleb128 0x3
 769 027c 0A       		.byte	0xa
 770 027d 835B     		.2byte	0x5b83
 771 027f 08       		.uleb128 0x8
 772 0280 01       		.uleb128 0x1
 773 0281 51       		.byte	0x51
 774 0282 02       		.uleb128 0x2
 775 0283 75       		.byte	0x75
ARM GAS  C:\Users\user\AppData\Local\Temp\cc14iWWg.s 			page 20


 776 0284 00       		.sleb128 0
 777 0285 00       		.byte	0
 778 0286 06       		.uleb128 0x6
 779 0287 38000000 		.4byte	.LVL23
 780 028b 1B050000 		.4byte	0x51b
 781 028f 00       		.byte	0
 782 0290 05       		.uleb128 0x5
 783 0291 75000000 		.4byte	.LASF23
 784 0295 01       		.byte	0x1
 785 0296 2B       		.byte	0x2b
 786 0297 00000000 		.4byte	.LFB0
 787 029b 40000000 		.4byte	.LFE0-.LFB0
 788 029f 01       		.uleb128 0x1
 789 02a0 9C       		.byte	0x9c
 790 02a1 15030000 		.4byte	0x315
 791 02a5 06       		.uleb128 0x6
 792 02a6 06000000 		.4byte	.LVL25
 793 02aa 59050000 		.4byte	0x559
 794 02ae 07       		.uleb128 0x7
 795 02af 0C000000 		.4byte	.LVL26
 796 02b3 60050000 		.4byte	0x560
 797 02b7 C1020000 		.4byte	0x2c1
 798 02bb 08       		.uleb128 0x8
 799 02bc 01       		.uleb128 0x1
 800 02bd 50       		.byte	0x50
 801 02be 01       		.uleb128 0x1
 802 02bf 32       		.byte	0x32
 803 02c0 00       		.byte	0
 804 02c1 07       		.uleb128 0x7
 805 02c2 12000000 		.4byte	.LVL27
 806 02c6 71050000 		.4byte	0x571
 807 02ca D4020000 		.4byte	0x2d4
 808 02ce 08       		.uleb128 0x8
 809 02cf 01       		.uleb128 0x1
 810 02d0 50       		.byte	0x50
 811 02d1 01       		.uleb128 0x1
 812 02d2 34       		.byte	0x34
 813 02d3 00       		.byte	0
 814 02d4 06       		.uleb128 0x6
 815 02d5 16000000 		.4byte	.LVL28
 816 02d9 82050000 		.4byte	0x582
 817 02dd 06       		.uleb128 0x6
 818 02de 1E000000 		.4byte	.LVL29
 819 02e2 82050000 		.4byte	0x582
 820 02e6 07       		.uleb128 0x7
 821 02e7 2A000000 		.4byte	.LVL30
 822 02eb 52010000 		.4byte	0x152
 823 02ef FF020000 		.4byte	0x2ff
 824 02f3 08       		.uleb128 0x8
 825 02f4 01       		.uleb128 0x1
 826 02f5 51       		.byte	0x51
 827 02f6 01       		.uleb128 0x1
 828 02f7 49       		.byte	0x49
 829 02f8 08       		.uleb128 0x8
 830 02f9 01       		.uleb128 0x1
 831 02fa 50       		.byte	0x50
 832 02fb 02       		.uleb128 0x2
ARM GAS  C:\Users\user\AppData\Local\Temp\cc14iWWg.s 			page 21


 833 02fc 74       		.byte	0x74
 834 02fd 00       		.sleb128 0
 835 02fe 00       		.byte	0
 836 02ff 0E       		.uleb128 0xe
 837 0300 34000000 		.4byte	.LVL31
 838 0304 F5010000 		.4byte	0x1f5
 839 0308 08       		.uleb128 0x8
 840 0309 01       		.uleb128 0x1
 841 030a 51       		.byte	0x51
 842 030b 01       		.uleb128 0x1
 843 030c 49       		.byte	0x49
 844 030d 08       		.uleb128 0x8
 845 030e 01       		.uleb128 0x1
 846 030f 50       		.byte	0x50
 847 0310 02       		.uleb128 0x2
 848 0311 74       		.byte	0x74
 849 0312 1C       		.sleb128 28
 850 0313 00       		.byte	0
 851 0314 00       		.byte	0
 852 0315 05       		.uleb128 0x5
 853 0316 AC000000 		.4byte	.LASF24
 854 031a 01       		.byte	0x1
 855 031b 81       		.byte	0x81
 856 031c 00000000 		.4byte	.LFB2
 857 0320 1C000000 		.4byte	.LFE2-.LFB2
 858 0324 01       		.uleb128 0x1
 859 0325 9C       		.byte	0x9c
 860 0326 3D030000 		.4byte	0x33d
 861 032a 06       		.uleb128 0x6
 862 032b 0C000000 		.4byte	.LVL32
 863 032f 90020000 		.4byte	0x290
 864 0333 06       		.uleb128 0x6
 865 0334 16000000 		.4byte	.LVL33
 866 0338 B7000000 		.4byte	0xb7
 867 033c 00       		.byte	0
 868 033d 05       		.uleb128 0x5
 869 033e F2000000 		.4byte	.LASF25
 870 0342 01       		.byte	0x1
 871 0343 A3       		.byte	0xa3
 872 0344 00000000 		.4byte	.LFB3
 873 0348 18000000 		.4byte	.LFE3-.LFB3
 874 034c 01       		.uleb128 0x1
 875 034d 9C       		.byte	0x9c
 876 034e C7030000 		.4byte	0x3c7
 877 0352 09       		.uleb128 0x9
 878 0353 BD000000 		.4byte	.LASF26
 879 0357 01       		.byte	0x1
 880 0358 A3       		.byte	0xa3
 881 0359 EA010000 		.4byte	0x1ea
 882 035d 9A000000 		.4byte	.LLST4
 883 0361 09       		.uleb128 0x9
 884 0362 FA010000 		.4byte	.LASF27
 885 0366 01       		.byte	0x1
 886 0367 A3       		.byte	0xa3
 887 0368 77000000 		.4byte	0x77
 888 036c BB000000 		.4byte	.LLST5
 889 0370 09       		.uleb128 0x9
ARM GAS  C:\Users\user\AppData\Local\Temp\cc14iWWg.s 			page 22


 890 0371 C6000000 		.4byte	.LASF28
 891 0375 01       		.byte	0x1
 892 0376 A3       		.byte	0xa3
 893 0377 EA010000 		.4byte	0x1ea
 894 037b DC000000 		.4byte	.LLST6
 895 037f 09       		.uleb128 0x9
 896 0380 06020000 		.4byte	.LASF29
 897 0384 01       		.byte	0x1
 898 0385 A3       		.byte	0xa3
 899 0386 77000000 		.4byte	0x77
 900 038a FA000000 		.4byte	.LLST7
 901 038e 07       		.uleb128 0x7
 902 038f 0A000000 		.4byte	.LVL35
 903 0393 52010000 		.4byte	0x152
 904 0397 A3030000 		.4byte	0x3a3
 905 039b 08       		.uleb128 0x8
 906 039c 01       		.uleb128 0x1
 907 039d 50       		.byte	0x50
 908 039e 03       		.uleb128 0x3
 909 039f F3       		.byte	0xf3
 910 03a0 01       		.uleb128 0x1
 911 03a1 50       		.byte	0x50
 912 03a2 00       		.byte	0
 913 03a3 07       		.uleb128 0x7
 914 03a4 12000000 		.4byte	.LVL36
 915 03a8 F5010000 		.4byte	0x1f5
 916 03ac BD030000 		.4byte	0x3bd
 917 03b0 08       		.uleb128 0x8
 918 03b1 01       		.uleb128 0x1
 919 03b2 51       		.byte	0x51
 920 03b3 02       		.uleb128 0x2
 921 03b4 74       		.byte	0x74
 922 03b5 00       		.sleb128 0
 923 03b6 08       		.uleb128 0x8
 924 03b7 01       		.uleb128 0x1
 925 03b8 50       		.byte	0x50
 926 03b9 02       		.uleb128 0x2
 927 03ba 75       		.byte	0x75
 928 03bb 00       		.sleb128 0
 929 03bc 00       		.byte	0
 930 03bd 06       		.uleb128 0x6
 931 03be 16000000 		.4byte	.LVL37
 932 03c2 15030000 		.4byte	0x315
 933 03c6 00       		.byte	0
 934 03c7 0F       		.uleb128 0xf
 935 03c8 2F040000 		.4byte	.LASF30
 936 03cc 01       		.byte	0x1
 937 03cd 17       		.byte	0x17
 938 03ce 6B000000 		.4byte	0x6b
 939 03d2 05       		.uleb128 0x5
 940 03d3 03       		.byte	0x3
 941 03d4 00000000 		.4byte	WaveDAC8_1_Wave1Chan
 942 03d8 0F       		.uleb128 0xf
 943 03d9 36000000 		.4byte	.LASF31
 944 03dd 01       		.byte	0x1
 945 03de 18       		.byte	0x18
 946 03df 6B000000 		.4byte	0x6b
ARM GAS  C:\Users\user\AppData\Local\Temp\cc14iWWg.s 			page 23


 947 03e3 05       		.uleb128 0x5
 948 03e4 03       		.byte	0x3
 949 03e5 01000000 		.4byte	WaveDAC8_1_Wave2Chan
 950 03e9 0F       		.uleb128 0xf
 951 03ea 35010000 		.4byte	.LASF32
 952 03ee 01       		.byte	0x1
 953 03ef 19       		.byte	0x19
 954 03f0 6B000000 		.4byte	0x6b
 955 03f4 05       		.uleb128 0x5
 956 03f5 03       		.byte	0x3
 957 03f6 02000000 		.4byte	WaveDAC8_1_Wave1TD
 958 03fa 0F       		.uleb128 0xf
 959 03fb 60030000 		.4byte	.LASF33
 960 03ff 01       		.byte	0x1
 961 0400 1A       		.byte	0x1a
 962 0401 6B000000 		.4byte	0x6b
 963 0405 05       		.uleb128 0x5
 964 0406 03       		.byte	0x3
 965 0407 03000000 		.4byte	WaveDAC8_1_Wave2TD
 966 040b 10       		.uleb128 0x10
 967 040c 23000000 		.4byte	.LASF34
 968 0410 01       		.byte	0x1
 969 0411 12       		.byte	0x12
 970 0412 6B000000 		.4byte	0x6b
 971 0416 05       		.uleb128 0x5
 972 0417 03       		.byte	0x3
 973 0418 00000000 		.4byte	WaveDAC8_1_initVar
 974 041c 11       		.uleb128 0x11
 975 041d 6B000000 		.4byte	0x6b
 976 0421 2C040000 		.4byte	0x42c
 977 0425 12       		.uleb128 0x12
 978 0426 B0000000 		.4byte	0xb0
 979 042a 18       		.byte	0x18
 980 042b 00       		.byte	0
 981 042c 10       		.uleb128 0x10
 982 042d 0D040000 		.4byte	.LASF35
 983 0431 01       		.byte	0x1
 984 0432 14       		.byte	0x14
 985 0433 3D040000 		.4byte	0x43d
 986 0437 05       		.uleb128 0x5
 987 0438 03       		.byte	0x3
 988 0439 00000000 		.4byte	WaveDAC8_1_wave1
 989 043d 0B       		.uleb128 0xb
 990 043e 1C040000 		.4byte	0x41c
 991 0442 10       		.uleb128 0x10
 992 0443 1E040000 		.4byte	.LASF36
 993 0447 01       		.byte	0x1
 994 0448 15       		.byte	0x15
 995 0449 53040000 		.4byte	0x453
 996 044d 05       		.uleb128 0x5
 997 044e 03       		.byte	0x3
 998 044f 00000000 		.4byte	WaveDAC8_1_wave2
 999 0453 0B       		.uleb128 0xb
 1000 0454 1C040000 		.4byte	0x41c
 1001 0458 13       		.uleb128 0x13
 1002 0459 4B000000 		.4byte	.LASF37
 1003 045d 03       		.byte	0x3
ARM GAS  C:\Users\user\AppData\Local\Temp\cc14iWWg.s 			page 24


 1004 045e 3A       		.byte	0x3a
 1005 045f 14       		.uleb128 0x14
 1006 0460 61020000 		.4byte	.LASF40
 1007 0464 05       		.byte	0x5
 1008 0465 2A       		.byte	0x2a
 1009 0466 A4000000 		.4byte	0xa4
 1010 046a 79040000 		.4byte	0x479
 1011 046e 15       		.uleb128 0x15
 1012 046f 6B000000 		.4byte	0x6b
 1013 0473 15       		.uleb128 0x15
 1014 0474 6B000000 		.4byte	0x6b
 1015 0478 00       		.byte	0
 1016 0479 16       		.uleb128 0x16
 1017 047a 89030000 		.4byte	.LASF49
 1018 047e 03       		.byte	0x3
 1019 047f 37       		.byte	0x37
 1020 0480 8A040000 		.4byte	0x48a
 1021 0484 15       		.uleb128 0x15
 1022 0485 6B000000 		.4byte	0x6b
 1023 0489 00       		.byte	0
 1024 048a 13       		.uleb128 0x13
 1025 048b 28020000 		.4byte	.LASF38
 1026 048f 04       		.byte	0x4
 1027 0490 27       		.byte	0x27
 1028 0491 13       		.uleb128 0x13
 1029 0492 E3010000 		.4byte	.LASF39
 1030 0496 04       		.byte	0x4
 1031 0497 28       		.byte	0x28
 1032 0498 14       		.uleb128 0x14
 1033 0499 59040000 		.4byte	.LASF41
 1034 049d 05       		.byte	0x5
 1035 049e 2B       		.byte	0x2b
 1036 049f A4000000 		.4byte	0xa4
 1037 04a3 AD040000 		.4byte	0x4ad
 1038 04a7 15       		.uleb128 0x15
 1039 04a8 6B000000 		.4byte	0x6b
 1040 04ac 00       		.byte	0
 1041 04ad 13       		.uleb128 0x13
 1042 04ae 73030000 		.4byte	.LASF42
 1043 04b2 03       		.byte	0x3
 1044 04b3 34       		.byte	0x34
 1045 04b4 14       		.uleb128 0x14
 1046 04b5 CF000000 		.4byte	.LASF43
 1047 04b9 06       		.byte	0x6
 1048 04ba 1E       		.byte	0x1e
 1049 04bb 6B000000 		.4byte	0x6b
 1050 04bf D8040000 		.4byte	0x4d8
 1051 04c3 15       		.uleb128 0x15
 1052 04c4 6B000000 		.4byte	0x6b
 1053 04c8 15       		.uleb128 0x15
 1054 04c9 6B000000 		.4byte	0x6b
 1055 04cd 15       		.uleb128 0x15
 1056 04ce 77000000 		.4byte	0x77
 1057 04d2 15       		.uleb128 0x15
 1058 04d3 77000000 		.4byte	0x77
 1059 04d7 00       		.byte	0
 1060 04d8 14       		.uleb128 0x14
ARM GAS  C:\Users\user\AppData\Local\Temp\cc14iWWg.s 			page 25


 1061 04d9 69010000 		.4byte	.LASF44
 1062 04dd 05       		.byte	0x5
 1063 04de 3C       		.byte	0x3c
 1064 04df A4000000 		.4byte	0xa4
 1065 04e3 FC040000 		.4byte	0x4fc
 1066 04e7 15       		.uleb128 0x15
 1067 04e8 6B000000 		.4byte	0x6b
 1068 04ec 15       		.uleb128 0x15
 1069 04ed 77000000 		.4byte	0x77
 1070 04f1 15       		.uleb128 0x15
 1071 04f2 6B000000 		.4byte	0x6b
 1072 04f6 15       		.uleb128 0x15
 1073 04f7 6B000000 		.4byte	0x6b
 1074 04fb 00       		.byte	0
 1075 04fc 14       		.uleb128 0x14
 1076 04fd 63000000 		.4byte	.LASF45
 1077 0501 05       		.byte	0x5
 1078 0502 40       		.byte	0x40
 1079 0503 A4000000 		.4byte	0xa4
 1080 0507 1B050000 		.4byte	0x51b
 1081 050b 15       		.uleb128 0x15
 1082 050c 6B000000 		.4byte	0x6b
 1083 0510 15       		.uleb128 0x15
 1084 0511 77000000 		.4byte	0x77
 1085 0515 15       		.uleb128 0x15
 1086 0516 77000000 		.4byte	0x77
 1087 051a 00       		.byte	0
 1088 051b 14       		.uleb128 0x14
 1089 051c 98000000 		.4byte	.LASF46
 1090 0520 05       		.byte	0x5
 1091 0521 30       		.byte	0x30
 1092 0522 A4000000 		.4byte	0xa4
 1093 0526 35050000 		.4byte	0x535
 1094 052a 15       		.uleb128 0x15
 1095 052b 6B000000 		.4byte	0x6b
 1096 052f 15       		.uleb128 0x15
 1097 0530 6B000000 		.4byte	0x6b
 1098 0534 00       		.byte	0
 1099 0535 14       		.uleb128 0x14
 1100 0536 76020000 		.4byte	.LASF47
 1101 053a 07       		.byte	0x7
 1102 053b 1E       		.byte	0x1e
 1103 053c 6B000000 		.4byte	0x6b
 1104 0540 59050000 		.4byte	0x559
 1105 0544 15       		.uleb128 0x15
 1106 0545 6B000000 		.4byte	0x6b
 1107 0549 15       		.uleb128 0x15
 1108 054a 6B000000 		.4byte	0x6b
 1109 054e 15       		.uleb128 0x15
 1110 054f 77000000 		.4byte	0x77
 1111 0553 15       		.uleb128 0x15
 1112 0554 77000000 		.4byte	0x77
 1113 0558 00       		.byte	0
 1114 0559 13       		.uleb128 0x13
 1115 055a 53010000 		.4byte	.LASF48
 1116 055e 03       		.byte	0x3
 1117 055f 39       		.byte	0x39
ARM GAS  C:\Users\user\AppData\Local\Temp\cc14iWWg.s 			page 26


 1118 0560 16       		.uleb128 0x16
 1119 0561 15010000 		.4byte	.LASF50
 1120 0565 03       		.byte	0x3
 1121 0566 35       		.byte	0x35
 1122 0567 71050000 		.4byte	0x571
 1123 056b 15       		.uleb128 0x15
 1124 056c 6B000000 		.4byte	0x6b
 1125 0570 00       		.byte	0
 1126 0571 16       		.uleb128 0x16
 1127 0572 00000000 		.4byte	.LASF51
 1128 0576 03       		.byte	0x3
 1129 0577 36       		.byte	0x36
 1130 0578 82050000 		.4byte	0x582
 1131 057c 15       		.uleb128 0x15
 1132 057d 6B000000 		.4byte	0x6b
 1133 0581 00       		.byte	0
 1134 0582 17       		.uleb128 0x17
 1135 0583 05010000 		.4byte	.LASF55
 1136 0587 05       		.byte	0x5
 1137 0588 39       		.byte	0x39
 1138 0589 6B000000 		.4byte	0x6b
 1139 058d 00       		.byte	0
 1140              		.section	.debug_abbrev,"",%progbits
 1141              	.Ldebug_abbrev0:
 1142 0000 01       		.uleb128 0x1
 1143 0001 11       		.uleb128 0x11
 1144 0002 01       		.byte	0x1
 1145 0003 25       		.uleb128 0x25
 1146 0004 0E       		.uleb128 0xe
 1147 0005 13       		.uleb128 0x13
 1148 0006 0B       		.uleb128 0xb
 1149 0007 03       		.uleb128 0x3
 1150 0008 0E       		.uleb128 0xe
 1151 0009 1B       		.uleb128 0x1b
 1152 000a 0E       		.uleb128 0xe
 1153 000b 55       		.uleb128 0x55
 1154 000c 17       		.uleb128 0x17
 1155 000d 11       		.uleb128 0x11
 1156 000e 01       		.uleb128 0x1
 1157 000f 10       		.uleb128 0x10
 1158 0010 17       		.uleb128 0x17
 1159 0011 00       		.byte	0
 1160 0012 00       		.byte	0
 1161 0013 02       		.uleb128 0x2
 1162 0014 24       		.uleb128 0x24
 1163 0015 00       		.byte	0
 1164 0016 0B       		.uleb128 0xb
 1165 0017 0B       		.uleb128 0xb
 1166 0018 3E       		.uleb128 0x3e
 1167 0019 0B       		.uleb128 0xb
 1168 001a 03       		.uleb128 0x3
 1169 001b 0E       		.uleb128 0xe
 1170 001c 00       		.byte	0
 1171 001d 00       		.byte	0
 1172 001e 03       		.uleb128 0x3
 1173 001f 24       		.uleb128 0x24
 1174 0020 00       		.byte	0
ARM GAS  C:\Users\user\AppData\Local\Temp\cc14iWWg.s 			page 27


 1175 0021 0B       		.uleb128 0xb
 1176 0022 0B       		.uleb128 0xb
 1177 0023 3E       		.uleb128 0x3e
 1178 0024 0B       		.uleb128 0xb
 1179 0025 03       		.uleb128 0x3
 1180 0026 08       		.uleb128 0x8
 1181 0027 00       		.byte	0
 1182 0028 00       		.byte	0
 1183 0029 04       		.uleb128 0x4
 1184 002a 16       		.uleb128 0x16
 1185 002b 00       		.byte	0
 1186 002c 03       		.uleb128 0x3
 1187 002d 0E       		.uleb128 0xe
 1188 002e 3A       		.uleb128 0x3a
 1189 002f 0B       		.uleb128 0xb
 1190 0030 3B       		.uleb128 0x3b
 1191 0031 05       		.uleb128 0x5
 1192 0032 49       		.uleb128 0x49
 1193 0033 13       		.uleb128 0x13
 1194 0034 00       		.byte	0
 1195 0035 00       		.byte	0
 1196 0036 05       		.uleb128 0x5
 1197 0037 2E       		.uleb128 0x2e
 1198 0038 01       		.byte	0x1
 1199 0039 3F       		.uleb128 0x3f
 1200 003a 19       		.uleb128 0x19
 1201 003b 03       		.uleb128 0x3
 1202 003c 0E       		.uleb128 0xe
 1203 003d 3A       		.uleb128 0x3a
 1204 003e 0B       		.uleb128 0xb
 1205 003f 3B       		.uleb128 0x3b
 1206 0040 0B       		.uleb128 0xb
 1207 0041 27       		.uleb128 0x27
 1208 0042 19       		.uleb128 0x19
 1209 0043 11       		.uleb128 0x11
 1210 0044 01       		.uleb128 0x1
 1211 0045 12       		.uleb128 0x12
 1212 0046 06       		.uleb128 0x6
 1213 0047 40       		.uleb128 0x40
 1214 0048 18       		.uleb128 0x18
 1215 0049 9742     		.uleb128 0x2117
 1216 004b 19       		.uleb128 0x19
 1217 004c 01       		.uleb128 0x1
 1218 004d 13       		.uleb128 0x13
 1219 004e 00       		.byte	0
 1220 004f 00       		.byte	0
 1221 0050 06       		.uleb128 0x6
 1222 0051 898201   		.uleb128 0x4109
 1223 0054 00       		.byte	0
 1224 0055 11       		.uleb128 0x11
 1225 0056 01       		.uleb128 0x1
 1226 0057 31       		.uleb128 0x31
 1227 0058 13       		.uleb128 0x13
 1228 0059 00       		.byte	0
 1229 005a 00       		.byte	0
 1230 005b 07       		.uleb128 0x7
 1231 005c 898201   		.uleb128 0x4109
ARM GAS  C:\Users\user\AppData\Local\Temp\cc14iWWg.s 			page 28


 1232 005f 01       		.byte	0x1
 1233 0060 11       		.uleb128 0x11
 1234 0061 01       		.uleb128 0x1
 1235 0062 31       		.uleb128 0x31
 1236 0063 13       		.uleb128 0x13
 1237 0064 01       		.uleb128 0x1
 1238 0065 13       		.uleb128 0x13
 1239 0066 00       		.byte	0
 1240 0067 00       		.byte	0
 1241 0068 08       		.uleb128 0x8
 1242 0069 8A8201   		.uleb128 0x410a
 1243 006c 00       		.byte	0
 1244 006d 02       		.uleb128 0x2
 1245 006e 18       		.uleb128 0x18
 1246 006f 9142     		.uleb128 0x2111
 1247 0071 18       		.uleb128 0x18
 1248 0072 00       		.byte	0
 1249 0073 00       		.byte	0
 1250 0074 09       		.uleb128 0x9
 1251 0075 05       		.uleb128 0x5
 1252 0076 00       		.byte	0
 1253 0077 03       		.uleb128 0x3
 1254 0078 0E       		.uleb128 0xe
 1255 0079 3A       		.uleb128 0x3a
 1256 007a 0B       		.uleb128 0xb
 1257 007b 3B       		.uleb128 0x3b
 1258 007c 0B       		.uleb128 0xb
 1259 007d 49       		.uleb128 0x49
 1260 007e 13       		.uleb128 0x13
 1261 007f 02       		.uleb128 0x2
 1262 0080 17       		.uleb128 0x17
 1263 0081 00       		.byte	0
 1264 0082 00       		.byte	0
 1265 0083 0A       		.uleb128 0xa
 1266 0084 0F       		.uleb128 0xf
 1267 0085 00       		.byte	0
 1268 0086 0B       		.uleb128 0xb
 1269 0087 0B       		.uleb128 0xb
 1270 0088 49       		.uleb128 0x49
 1271 0089 13       		.uleb128 0x13
 1272 008a 00       		.byte	0
 1273 008b 00       		.byte	0
 1274 008c 0B       		.uleb128 0xb
 1275 008d 26       		.uleb128 0x26
 1276 008e 00       		.byte	0
 1277 008f 49       		.uleb128 0x49
 1278 0090 13       		.uleb128 0x13
 1279 0091 00       		.byte	0
 1280 0092 00       		.byte	0
 1281 0093 0C       		.uleb128 0xc
 1282 0094 2E       		.uleb128 0x2e
 1283 0095 01       		.byte	0x1
 1284 0096 3F       		.uleb128 0x3f
 1285 0097 19       		.uleb128 0x19
 1286 0098 03       		.uleb128 0x3
 1287 0099 0E       		.uleb128 0xe
 1288 009a 3A       		.uleb128 0x3a
ARM GAS  C:\Users\user\AppData\Local\Temp\cc14iWWg.s 			page 29


 1289 009b 0B       		.uleb128 0xb
 1290 009c 3B       		.uleb128 0x3b
 1291 009d 05       		.uleb128 0x5
 1292 009e 27       		.uleb128 0x27
 1293 009f 19       		.uleb128 0x19
 1294 00a0 11       		.uleb128 0x11
 1295 00a1 01       		.uleb128 0x1
 1296 00a2 12       		.uleb128 0x12
 1297 00a3 06       		.uleb128 0x6
 1298 00a4 40       		.uleb128 0x40
 1299 00a5 18       		.uleb128 0x18
 1300 00a6 9742     		.uleb128 0x2117
 1301 00a8 19       		.uleb128 0x19
 1302 00a9 01       		.uleb128 0x1
 1303 00aa 13       		.uleb128 0x13
 1304 00ab 00       		.byte	0
 1305 00ac 00       		.byte	0
 1306 00ad 0D       		.uleb128 0xd
 1307 00ae 05       		.uleb128 0x5
 1308 00af 00       		.byte	0
 1309 00b0 03       		.uleb128 0x3
 1310 00b1 0E       		.uleb128 0xe
 1311 00b2 3A       		.uleb128 0x3a
 1312 00b3 0B       		.uleb128 0xb
 1313 00b4 3B       		.uleb128 0x3b
 1314 00b5 05       		.uleb128 0x5
 1315 00b6 49       		.uleb128 0x49
 1316 00b7 13       		.uleb128 0x13
 1317 00b8 02       		.uleb128 0x2
 1318 00b9 17       		.uleb128 0x17
 1319 00ba 00       		.byte	0
 1320 00bb 00       		.byte	0
 1321 00bc 0E       		.uleb128 0xe
 1322 00bd 898201   		.uleb128 0x4109
 1323 00c0 01       		.byte	0x1
 1324 00c1 11       		.uleb128 0x11
 1325 00c2 01       		.uleb128 0x1
 1326 00c3 31       		.uleb128 0x31
 1327 00c4 13       		.uleb128 0x13
 1328 00c5 00       		.byte	0
 1329 00c6 00       		.byte	0
 1330 00c7 0F       		.uleb128 0xf
 1331 00c8 34       		.uleb128 0x34
 1332 00c9 00       		.byte	0
 1333 00ca 03       		.uleb128 0x3
 1334 00cb 0E       		.uleb128 0xe
 1335 00cc 3A       		.uleb128 0x3a
 1336 00cd 0B       		.uleb128 0xb
 1337 00ce 3B       		.uleb128 0x3b
 1338 00cf 0B       		.uleb128 0xb
 1339 00d0 49       		.uleb128 0x49
 1340 00d1 13       		.uleb128 0x13
 1341 00d2 02       		.uleb128 0x2
 1342 00d3 18       		.uleb128 0x18
 1343 00d4 00       		.byte	0
 1344 00d5 00       		.byte	0
 1345 00d6 10       		.uleb128 0x10
ARM GAS  C:\Users\user\AppData\Local\Temp\cc14iWWg.s 			page 30


 1346 00d7 34       		.uleb128 0x34
 1347 00d8 00       		.byte	0
 1348 00d9 03       		.uleb128 0x3
 1349 00da 0E       		.uleb128 0xe
 1350 00db 3A       		.uleb128 0x3a
 1351 00dc 0B       		.uleb128 0xb
 1352 00dd 3B       		.uleb128 0x3b
 1353 00de 0B       		.uleb128 0xb
 1354 00df 49       		.uleb128 0x49
 1355 00e0 13       		.uleb128 0x13
 1356 00e1 3F       		.uleb128 0x3f
 1357 00e2 19       		.uleb128 0x19
 1358 00e3 02       		.uleb128 0x2
 1359 00e4 18       		.uleb128 0x18
 1360 00e5 00       		.byte	0
 1361 00e6 00       		.byte	0
 1362 00e7 11       		.uleb128 0x11
 1363 00e8 01       		.uleb128 0x1
 1364 00e9 01       		.byte	0x1
 1365 00ea 49       		.uleb128 0x49
 1366 00eb 13       		.uleb128 0x13
 1367 00ec 01       		.uleb128 0x1
 1368 00ed 13       		.uleb128 0x13
 1369 00ee 00       		.byte	0
 1370 00ef 00       		.byte	0
 1371 00f0 12       		.uleb128 0x12
 1372 00f1 21       		.uleb128 0x21
 1373 00f2 00       		.byte	0
 1374 00f3 49       		.uleb128 0x49
 1375 00f4 13       		.uleb128 0x13
 1376 00f5 2F       		.uleb128 0x2f
 1377 00f6 0B       		.uleb128 0xb
 1378 00f7 00       		.byte	0
 1379 00f8 00       		.byte	0
 1380 00f9 13       		.uleb128 0x13
 1381 00fa 2E       		.uleb128 0x2e
 1382 00fb 00       		.byte	0
 1383 00fc 3F       		.uleb128 0x3f
 1384 00fd 19       		.uleb128 0x19
 1385 00fe 03       		.uleb128 0x3
 1386 00ff 0E       		.uleb128 0xe
 1387 0100 3A       		.uleb128 0x3a
 1388 0101 0B       		.uleb128 0xb
 1389 0102 3B       		.uleb128 0x3b
 1390 0103 0B       		.uleb128 0xb
 1391 0104 27       		.uleb128 0x27
 1392 0105 19       		.uleb128 0x19
 1393 0106 3C       		.uleb128 0x3c
 1394 0107 19       		.uleb128 0x19
 1395 0108 00       		.byte	0
 1396 0109 00       		.byte	0
 1397 010a 14       		.uleb128 0x14
 1398 010b 2E       		.uleb128 0x2e
 1399 010c 01       		.byte	0x1
 1400 010d 3F       		.uleb128 0x3f
 1401 010e 19       		.uleb128 0x19
 1402 010f 03       		.uleb128 0x3
ARM GAS  C:\Users\user\AppData\Local\Temp\cc14iWWg.s 			page 31


 1403 0110 0E       		.uleb128 0xe
 1404 0111 3A       		.uleb128 0x3a
 1405 0112 0B       		.uleb128 0xb
 1406 0113 3B       		.uleb128 0x3b
 1407 0114 0B       		.uleb128 0xb
 1408 0115 27       		.uleb128 0x27
 1409 0116 19       		.uleb128 0x19
 1410 0117 49       		.uleb128 0x49
 1411 0118 13       		.uleb128 0x13
 1412 0119 3C       		.uleb128 0x3c
 1413 011a 19       		.uleb128 0x19
 1414 011b 01       		.uleb128 0x1
 1415 011c 13       		.uleb128 0x13
 1416 011d 00       		.byte	0
 1417 011e 00       		.byte	0
 1418 011f 15       		.uleb128 0x15
 1419 0120 05       		.uleb128 0x5
 1420 0121 00       		.byte	0
 1421 0122 49       		.uleb128 0x49
 1422 0123 13       		.uleb128 0x13
 1423 0124 00       		.byte	0
 1424 0125 00       		.byte	0
 1425 0126 16       		.uleb128 0x16
 1426 0127 2E       		.uleb128 0x2e
 1427 0128 01       		.byte	0x1
 1428 0129 3F       		.uleb128 0x3f
 1429 012a 19       		.uleb128 0x19
 1430 012b 03       		.uleb128 0x3
 1431 012c 0E       		.uleb128 0xe
 1432 012d 3A       		.uleb128 0x3a
 1433 012e 0B       		.uleb128 0xb
 1434 012f 3B       		.uleb128 0x3b
 1435 0130 0B       		.uleb128 0xb
 1436 0131 27       		.uleb128 0x27
 1437 0132 19       		.uleb128 0x19
 1438 0133 3C       		.uleb128 0x3c
 1439 0134 19       		.uleb128 0x19
 1440 0135 01       		.uleb128 0x1
 1441 0136 13       		.uleb128 0x13
 1442 0137 00       		.byte	0
 1443 0138 00       		.byte	0
 1444 0139 17       		.uleb128 0x17
 1445 013a 2E       		.uleb128 0x2e
 1446 013b 00       		.byte	0
 1447 013c 3F       		.uleb128 0x3f
 1448 013d 19       		.uleb128 0x19
 1449 013e 03       		.uleb128 0x3
 1450 013f 0E       		.uleb128 0xe
 1451 0140 3A       		.uleb128 0x3a
 1452 0141 0B       		.uleb128 0xb
 1453 0142 3B       		.uleb128 0x3b
 1454 0143 0B       		.uleb128 0xb
 1455 0144 27       		.uleb128 0x27
 1456 0145 19       		.uleb128 0x19
 1457 0146 49       		.uleb128 0x49
 1458 0147 13       		.uleb128 0x13
 1459 0148 3C       		.uleb128 0x3c
ARM GAS  C:\Users\user\AppData\Local\Temp\cc14iWWg.s 			page 32


 1460 0149 19       		.uleb128 0x19
 1461 014a 00       		.byte	0
 1462 014b 00       		.byte	0
 1463 014c 00       		.byte	0
 1464              		.section	.debug_loc,"",%progbits
 1465              	.Ldebug_loc0:
 1466              	.LLST0:
 1467 0000 00000000 		.4byte	.LVL9
 1468 0004 08000000 		.4byte	.LVL10
 1469 0008 0100     		.2byte	0x1
 1470 000a 50       		.byte	0x50
 1471 000b 08000000 		.4byte	.LVL10
 1472 000f 3A000000 		.4byte	.LVL16
 1473 0013 0100     		.2byte	0x1
 1474 0015 55       		.byte	0x55
 1475 0016 3A000000 		.4byte	.LVL16
 1476 001a 40000000 		.4byte	.LFE5
 1477 001e 0400     		.2byte	0x4
 1478 0020 F3       		.byte	0xf3
 1479 0021 01       		.uleb128 0x1
 1480 0022 50       		.byte	0x50
 1481 0023 9F       		.byte	0x9f
 1482 0024 00000000 		.4byte	0
 1483 0028 00000000 		.4byte	0
 1484              	.LLST1:
 1485 002c 00000000 		.4byte	.LVL9
 1486 0030 0A000000 		.4byte	.LVL11
 1487 0034 0100     		.2byte	0x1
 1488 0036 51       		.byte	0x51
 1489 0037 0A000000 		.4byte	.LVL11
 1490 003b 40000000 		.4byte	.LFE5
 1491 003f 0400     		.2byte	0x4
 1492 0041 F3       		.byte	0xf3
 1493 0042 01       		.uleb128 0x1
 1494 0043 51       		.byte	0x51
 1495 0044 9F       		.byte	0x9f
 1496 0045 00000000 		.4byte	0
 1497 0049 00000000 		.4byte	0
 1498              	.LLST2:
 1499 004d 00000000 		.4byte	.LVL17
 1500 0051 08000000 		.4byte	.LVL18
 1501 0055 0100     		.2byte	0x1
 1502 0057 50       		.byte	0x50
 1503 0058 08000000 		.4byte	.LVL18
 1504 005c 3A000000 		.4byte	.LVL24
 1505 0060 0100     		.2byte	0x1
 1506 0062 55       		.byte	0x55
 1507 0063 3A000000 		.4byte	.LVL24
 1508 0067 40000000 		.4byte	.LFE6
 1509 006b 0400     		.2byte	0x4
 1510 006d F3       		.byte	0xf3
 1511 006e 01       		.uleb128 0x1
 1512 006f 50       		.byte	0x50
 1513 0070 9F       		.byte	0x9f
 1514 0071 00000000 		.4byte	0
 1515 0075 00000000 		.4byte	0
 1516              	.LLST3:
ARM GAS  C:\Users\user\AppData\Local\Temp\cc14iWWg.s 			page 33


 1517 0079 00000000 		.4byte	.LVL17
 1518 007d 0A000000 		.4byte	.LVL19
 1519 0081 0100     		.2byte	0x1
 1520 0083 51       		.byte	0x51
 1521 0084 0A000000 		.4byte	.LVL19
 1522 0088 40000000 		.4byte	.LFE6
 1523 008c 0400     		.2byte	0x4
 1524 008e F3       		.byte	0xf3
 1525 008f 01       		.uleb128 0x1
 1526 0090 51       		.byte	0x51
 1527 0091 9F       		.byte	0x9f
 1528 0092 00000000 		.4byte	0
 1529 0096 00000000 		.4byte	0
 1530              	.LLST4:
 1531 009a 00000000 		.4byte	.LVL34
 1532 009e 09000000 		.4byte	.LVL35-1
 1533 00a2 0100     		.2byte	0x1
 1534 00a4 50       		.byte	0x50
 1535 00a5 09000000 		.4byte	.LVL35-1
 1536 00a9 18000000 		.4byte	.LFE3
 1537 00ad 0400     		.2byte	0x4
 1538 00af F3       		.byte	0xf3
 1539 00b0 01       		.uleb128 0x1
 1540 00b1 50       		.byte	0x50
 1541 00b2 9F       		.byte	0x9f
 1542 00b3 00000000 		.4byte	0
 1543 00b7 00000000 		.4byte	0
 1544              	.LLST5:
 1545 00bb 00000000 		.4byte	.LVL34
 1546 00bf 09000000 		.4byte	.LVL35-1
 1547 00c3 0100     		.2byte	0x1
 1548 00c5 51       		.byte	0x51
 1549 00c6 09000000 		.4byte	.LVL35-1
 1550 00ca 18000000 		.4byte	.LFE3
 1551 00ce 0400     		.2byte	0x4
 1552 00d0 F3       		.byte	0xf3
 1553 00d1 01       		.uleb128 0x1
 1554 00d2 51       		.byte	0x51
 1555 00d3 9F       		.byte	0x9f
 1556 00d4 00000000 		.4byte	0
 1557 00d8 00000000 		.4byte	0
 1558              	.LLST6:
 1559 00dc 00000000 		.4byte	.LVL34
 1560 00e0 09000000 		.4byte	.LVL35-1
 1561 00e4 0100     		.2byte	0x1
 1562 00e6 52       		.byte	0x52
 1563 00e7 09000000 		.4byte	.LVL35-1
 1564 00eb 18000000 		.4byte	.LFE3
 1565 00ef 0100     		.2byte	0x1
 1566 00f1 55       		.byte	0x55
 1567 00f2 00000000 		.4byte	0
 1568 00f6 00000000 		.4byte	0
 1569              	.LLST7:
 1570 00fa 00000000 		.4byte	.LVL34
 1571 00fe 09000000 		.4byte	.LVL35-1
 1572 0102 0100     		.2byte	0x1
 1573 0104 53       		.byte	0x53
ARM GAS  C:\Users\user\AppData\Local\Temp\cc14iWWg.s 			page 34


 1574 0105 09000000 		.4byte	.LVL35-1
 1575 0109 18000000 		.4byte	.LFE3
 1576 010d 0400     		.2byte	0x4
 1577 010f F3       		.byte	0xf3
 1578 0110 01       		.uleb128 0x1
 1579 0111 53       		.byte	0x53
 1580 0112 9F       		.byte	0x9f
 1581 0113 00000000 		.4byte	0
 1582 0117 00000000 		.4byte	0
 1583              		.section	.debug_aranges,"",%progbits
 1584 0000 4C000000 		.4byte	0x4c
 1585 0004 0200     		.2byte	0x2
 1586 0006 00000000 		.4byte	.Ldebug_info0
 1587 000a 04       		.byte	0x4
 1588 000b 00       		.byte	0
 1589 000c 0000     		.2byte	0
 1590 000e 0000     		.2byte	0
 1591 0010 00000000 		.4byte	.LFB1
 1592 0014 28000000 		.4byte	.LFE1-.LFB1
 1593 0018 00000000 		.4byte	.LFB4
 1594 001c 20000000 		.4byte	.LFE4-.LFB4
 1595 0020 00000000 		.4byte	.LFB5
 1596 0024 40000000 		.4byte	.LFE5-.LFB5
 1597 0028 00000000 		.4byte	.LFB6
 1598 002c 40000000 		.4byte	.LFE6-.LFB6
 1599 0030 00000000 		.4byte	.LFB0
 1600 0034 40000000 		.4byte	.LFE0-.LFB0
 1601 0038 00000000 		.4byte	.LFB2
 1602 003c 1C000000 		.4byte	.LFE2-.LFB2
 1603 0040 00000000 		.4byte	.LFB3
 1604 0044 18000000 		.4byte	.LFE3-.LFB3
 1605 0048 00000000 		.4byte	0
 1606 004c 00000000 		.4byte	0
 1607              		.section	.debug_ranges,"",%progbits
 1608              	.Ldebug_ranges0:
 1609 0000 00000000 		.4byte	.LFB1
 1610 0004 28000000 		.4byte	.LFE1
 1611 0008 00000000 		.4byte	.LFB4
 1612 000c 20000000 		.4byte	.LFE4
 1613 0010 00000000 		.4byte	.LFB5
 1614 0014 40000000 		.4byte	.LFE5
 1615 0018 00000000 		.4byte	.LFB6
 1616 001c 40000000 		.4byte	.LFE6
 1617 0020 00000000 		.4byte	.LFB0
 1618 0024 40000000 		.4byte	.LFE0
 1619 0028 00000000 		.4byte	.LFB2
 1620 002c 1C000000 		.4byte	.LFE2
 1621 0030 00000000 		.4byte	.LFB3
 1622 0034 18000000 		.4byte	.LFE3
 1623 0038 00000000 		.4byte	0
 1624 003c 00000000 		.4byte	0
 1625              		.section	.debug_line,"",%progbits
 1626              	.Ldebug_line0:
 1627 0000 75010000 		.section	.debug_str,"MS",%progbits,1
 1627      0200D500 
 1627      00000201 
 1627      FB0E0D00 
ARM GAS  C:\Users\user\AppData\Local\Temp\cc14iWWg.s 			page 35


 1627      01010101 
 1628              	.LASF51:
 1629 0000 57617665 		.ascii	"WaveDAC8_1_VDAC8_SetRange\000"
 1629      44414338 
 1629      5F315F56 
 1629      44414338 
 1629      5F536574 
 1630              	.LASF15:
 1631 001a 63797374 		.ascii	"cystatus\000"
 1631      61747573 
 1631      00
 1632              	.LASF34:
 1633 0023 57617665 		.ascii	"WaveDAC8_1_initVar\000"
 1633      44414338 
 1633      5F315F69 
 1633      6E697456 
 1633      617200
 1634              	.LASF31:
 1635 0036 57617665 		.ascii	"WaveDAC8_1_Wave2Chan\000"
 1635      44414338 
 1635      5F315F57 
 1635      61766532 
 1635      4368616E 
 1636              	.LASF37:
 1637 004b 57617665 		.ascii	"WaveDAC8_1_VDAC8_Enable\000"
 1637      44414338 
 1637      5F315F56 
 1637      44414338 
 1637      5F456E61 
 1638              	.LASF45:
 1639 0063 4379446D 		.ascii	"CyDmaTdSetAddress\000"
 1639      61546453 
 1639      65744164 
 1639      64726573 
 1639      7300
 1640              	.LASF23:
 1641 0075 57617665 		.ascii	"WaveDAC8_1_Init\000"
 1641      44414338 
 1641      5F315F49 
 1641      6E697400 
 1642              	.LASF3:
 1643 0085 73686F72 		.ascii	"short unsigned int\000"
 1643      7420756E 
 1643      7369676E 
 1643      65642069 
 1643      6E7400
 1644              	.LASF46:
 1645 0098 4379446D 		.ascii	"CyDmaChSetInitialTd\000"
 1645      61436853 
 1645      6574496E 
 1645      69746961 
 1645      6C546400 
 1646              	.LASF24:
 1647 00ac 57617665 		.ascii	"WaveDAC8_1_Start\000"
 1647      44414338 
 1647      5F315F53 
 1647      74617274 
ARM GAS  C:\Users\user\AppData\Local\Temp\cc14iWWg.s 			page 36


 1647      00
 1648              	.LASF26:
 1649 00bd 77617665 		.ascii	"wavePtr1\000"
 1649      50747231 
 1649      00
 1650              	.LASF28:
 1651 00c6 77617665 		.ascii	"wavePtr2\000"
 1651      50747232 
 1651      00
 1652              	.LASF43:
 1653 00cf 57617665 		.ascii	"WaveDAC8_1_Wave1_DMA_DmaInitialize\000"
 1653      44414338 
 1653      5F315F57 
 1653      61766531 
 1653      5F444D41 
 1654              	.LASF25:
 1655 00f2 57617665 		.ascii	"WaveDAC8_1_StartEx\000"
 1655      44414338 
 1655      5F315F53 
 1655      74617274 
 1655      457800
 1656              	.LASF55:
 1657 0105 4379446D 		.ascii	"CyDmaTdAllocate\000"
 1657      61546441 
 1657      6C6C6F63 
 1657      61746500 
 1658              	.LASF50:
 1659 0115 57617665 		.ascii	"WaveDAC8_1_VDAC8_SetSpeed\000"
 1659      44414338 
 1659      5F315F56 
 1659      44414338 
 1659      5F536574 
 1660              	.LASF12:
 1661 012f 666C6F61 		.ascii	"float\000"
 1661      7400
 1662              	.LASF32:
 1663 0135 57617665 		.ascii	"WaveDAC8_1_Wave1TD\000"
 1663      44414338 
 1663      5F315F57 
 1663      61766531 
 1663      544400
 1664              	.LASF21:
 1665 0148 73616D70 		.ascii	"sampleSize\000"
 1665      6C655369 
 1665      7A6500
 1666              	.LASF48:
 1667 0153 57617665 		.ascii	"WaveDAC8_1_VDAC8_Init\000"
 1667      44414338 
 1667      5F315F56 
 1667      44414338 
 1667      5F496E69 
 1668              	.LASF44:
 1669 0169 4379446D 		.ascii	"CyDmaTdSetConfiguration\000"
 1669      61546453 
 1669      6574436F 
 1669      6E666967 
 1669      75726174 
ARM GAS  C:\Users\user\AppData\Local\Temp\cc14iWWg.s 			page 37


 1670              	.LASF5:
 1671 0181 6C6F6E67 		.ascii	"long unsigned int\000"
 1671      20756E73 
 1671      69676E65 
 1671      6420696E 
 1671      7400
 1672              	.LASF54:
 1673 0193 443A5C55 		.ascii	"D:\\Utilisateurs\\user\\Documents\\PSoC Creator\\Wo"
 1673      74696C69 
 1673      73617465 
 1673      7572735C 
 1673      75736572 
 1674 01c1 726B7370 		.ascii	"rkspace02\\PSK.cydsn\000"
 1674      61636530 
 1674      325C5053 
 1674      4B2E6379 
 1674      64736E00 
 1675              	.LASF9:
 1676 01d5 75696E74 		.ascii	"uint8\000"
 1676      3800
 1677              	.LASF20:
 1678 01db 77617665 		.ascii	"wavePtr\000"
 1678      50747200 
 1679              	.LASF39:
 1680 01e3 57617665 		.ascii	"WaveDAC8_1_DacClk_Stop\000"
 1680      44414338 
 1680      5F315F44 
 1680      6163436C 
 1680      6B5F5374 
 1681              	.LASF27:
 1682 01fa 73616D70 		.ascii	"sampleSize1\000"
 1682      6C655369 
 1682      7A653100 
 1683              	.LASF29:
 1684 0206 73616D70 		.ascii	"sampleSize2\000"
 1684      6C655369 
 1684      7A653200 
 1685              	.LASF19:
 1686 0212 57617665 		.ascii	"WaveDAC8_1_Wave1Setup\000"
 1686      44414338 
 1686      5F315F57 
 1686      61766531 
 1686      53657475 
 1687              	.LASF38:
 1688 0228 57617665 		.ascii	"WaveDAC8_1_DacClk_Start\000"
 1688      44414338 
 1688      5F315F44 
 1688      6163436C 
 1688      6B5F5374 
 1689              	.LASF13:
 1690 0240 646F7562 		.ascii	"double\000"
 1690      6C6500
 1691              	.LASF18:
 1692 0247 57617665 		.ascii	"WaveDAC8_1_Stop\000"
 1692      44414338 
 1692      5F315F53 
 1692      746F7000 
ARM GAS  C:\Users\user\AppData\Local\Temp\cc14iWWg.s 			page 38


 1693              	.LASF2:
 1694 0257 73686F72 		.ascii	"short int\000"
 1694      7420696E 
 1694      7400
 1695              	.LASF40:
 1696 0261 4379446D 		.ascii	"CyDmaChEnable\000"
 1696      61436845 
 1696      6E61626C 
 1696      6500
 1697              	.LASF10:
 1698 026f 75696E74 		.ascii	"uint16\000"
 1698      313600
 1699              	.LASF47:
 1700 0276 57617665 		.ascii	"WaveDAC8_1_Wave2_DMA_DmaInitialize\000"
 1700      44414338 
 1700      5F315F57 
 1700      61766532 
 1700      5F444D41 
 1701              	.LASF11:
 1702 0299 75696E74 		.ascii	"uint32\000"
 1702      333200
 1703              	.LASF52:
 1704 02a0 474E5520 		.ascii	"GNU C 4.9.3 20150303 (release) [ARM/embedded-4_9-br"
 1704      4320342E 
 1704      392E3320 
 1704      32303135 
 1704      30333033 
 1705 02d3 616E6368 		.ascii	"anch revision 221220] -mcpu=cortex-m3 -mthumb -g -O"
 1705      20726576 
 1705      6973696F 
 1705      6E203232 
 1705      31323230 
 1706 0306 67202D66 		.ascii	"g -ffunction-sections -ffat-lto-objects\000"
 1706      66756E63 
 1706      74696F6E 
 1706      2D736563 
 1706      74696F6E 
 1707              	.LASF1:
 1708 032e 756E7369 		.ascii	"unsigned char\000"
 1708      676E6564 
 1708      20636861 
 1708      7200
 1709              	.LASF8:
 1710 033c 756E7369 		.ascii	"unsigned int\000"
 1710      676E6564 
 1710      20696E74 
 1710      00
 1711              	.LASF7:
 1712 0349 6C6F6E67 		.ascii	"long long unsigned int\000"
 1712      206C6F6E 
 1712      6720756E 
 1712      7369676E 
 1712      65642069 
 1713              	.LASF33:
 1714 0360 57617665 		.ascii	"WaveDAC8_1_Wave2TD\000"
 1714      44414338 
 1714      5F315F57 
ARM GAS  C:\Users\user\AppData\Local\Temp\cc14iWWg.s 			page 39


 1714      61766532 
 1714      544400
 1715              	.LASF42:
 1716 0373 57617665 		.ascii	"WaveDAC8_1_VDAC8_Stop\000"
 1716      44414338 
 1716      5F315F56 
 1716      44414338 
 1716      5F53746F 
 1717              	.LASF49:
 1718 0389 57617665 		.ascii	"WaveDAC8_1_VDAC8_SetValue\000"
 1718      44414338 
 1718      5F315F56 
 1718      44414338 
 1718      5F536574 
 1719              	.LASF16:
 1720 03a3 73697A65 		.ascii	"sizetype\000"
 1720      74797065 
 1720      00
 1721              	.LASF6:
 1722 03ac 6C6F6E67 		.ascii	"long long int\000"
 1722      206C6F6E 
 1722      6720696E 
 1722      7400
 1723              	.LASF14:
 1724 03ba 63686172 		.ascii	"char\000"
 1724      00
 1725              	.LASF53:
 1726 03bf 2E5C4765 		.ascii	".\\Generated_Source\\PSoC5\\WaveDAC8_1.c\000"
 1726      6E657261 
 1726      7465645F 
 1726      536F7572 
 1726      63655C50 
 1727              	.LASF22:
 1728 03e5 57617665 		.ascii	"WaveDAC8_1_Wave2Setup\000"
 1728      44414338 
 1728      5F315F57 
 1728      61766532 
 1728      53657475 
 1729              	.LASF17:
 1730 03fb 57617665 		.ascii	"WaveDAC8_1_Enable\000"
 1730      44414338 
 1730      5F315F45 
 1730      6E61626C 
 1730      6500
 1731              	.LASF35:
 1732 040d 57617665 		.ascii	"WaveDAC8_1_wave1\000"
 1732      44414338 
 1732      5F315F77 
 1732      61766531 
 1732      00
 1733              	.LASF36:
 1734 041e 57617665 		.ascii	"WaveDAC8_1_wave2\000"
 1734      44414338 
 1734      5F315F77 
 1734      61766532 
 1734      00
 1735              	.LASF30:
ARM GAS  C:\Users\user\AppData\Local\Temp\cc14iWWg.s 			page 40


 1736 042f 57617665 		.ascii	"WaveDAC8_1_Wave1Chan\000"
 1736      44414338 
 1736      5F315F57 
 1736      61766531 
 1736      4368616E 
 1737              	.LASF4:
 1738 0444 6C6F6E67 		.ascii	"long int\000"
 1738      20696E74 
 1738      00
 1739              	.LASF0:
 1740 044d 7369676E 		.ascii	"signed char\000"
 1740      65642063 
 1740      68617200 
 1741              	.LASF41:
 1742 0459 4379446D 		.ascii	"CyDmaChDisable\000"
 1742      61436844 
 1742      69736162 
 1742      6C6500
 1743              		.ident	"GCC: (GNU Tools for ARM Embedded Processors) 4.9.3 20150303 (release) [ARM/embedded-4_9-br
