--------------- Build Started: 10/25/2021 18:25:13 Project: TP1_PLL_VCO, Configuration: ARM GCC 4.9-2015-q1-update Debug ---------------
cydsfit.exe -.appdatapath "C:\Users\user\AppData\Local\Cypress Semiconductor\PSoC Creator\3.3" -.fdsnotice -.fdswarpdepfile=warp_dependencies.txt -.fdselabdepfile=elab_dependencies.txt -.fdsbldfile=generated_files.txt -p "D:\Utilisateurs\user\Documents\PSoC Creator\Workspace02\TP1_PLL_VCO.cydsn\TP1_PLL_VCO.cyprj" -d CY8C5888LTI-LP097 -s "D:\Utilisateurs\user\Documents\PSoC Creator\Workspace02\TP1_PLL_VCO.cydsn\Generated_Source\PSoC5" -- -yv2 -q10 -ygs -o2 -v3 -.fftcfgtype=LE
Elaborating Design...
ADD: sdb.M0061: information: Info from component: Mixer_1. Frequency of the LO input is not known to the design. Please set valid frequency in the text box provided in the configure window for mixer to operate properly.
 * D:\Utilisateurs\user\Documents\PSoC Creator\Workspace02\TP1_PLL_VCO.cydsn\TopDesign\TopDesign.cysch (Instance:Mixer_1)
HDL Generation ...
Synthesis ...
Place and Route ...
Tech mapping ...
ADD: pft.M0040: information: The following 1 pin(s) will be assigned a location by the fitter: Pin_7(0)
Analog Placement ...
Log: apr.M0058: The analog placement iterative improvement is 38% done. (App=cydsfit)
Log: apr.M0058: The analog placement iterative improvement is 62% done. (App=cydsfit)
Log: apr.M0058: The analog placement iterative improvement is 83% done. (App=cydsfit)
Analog Routing ...
Analog Code Generation ...
Digital Placement ...
Digital Routing ...
Bitstream Generation ...
Static timing analysis ...
API Generation ...
Dependency Generation ...
Clean Temporary Files ...
The compile step is up to date, no work needs to be done.
arm-none-eabi-ar.exe -rs .\CortexM3\ARM_GCC_493\Debug\TP1_PLL_VCO.a .\CortexM3\ARM_GCC_493\Debug\cyfitter_cfg.o .\CortexM3\ARM_GCC_493\Debug\IDAC8_1.o .\CortexM3\ARM_GCC_493\Debug\IDAC8_1_PM.o .\CortexM3\ARM_GCC_493\Debug\Comp_1.o .\CortexM3\ARM_GCC_493\Debug\Comp_1_PM.o .\CortexM3\ARM_GCC_493\Debug\Pin_1.o .\CortexM3\ARM_GCC_493\Debug\Pin_2.o .\CortexM3\ARM_GCC_493\Debug\Pin_3.o .\CortexM3\ARM_GCC_493\Debug\Pin_4.o .\CortexM3\ARM_GCC_493\Debug\CyBootAsmGnu.o .\CortexM3\ARM_GCC_493\Debug\CyDmac.o .\CortexM3\ARM_GCC_493\Debug\CyFlash.o .\CortexM3\ARM_GCC_493\Debug\CyLib.o .\CortexM3\ARM_GCC_493\Debug\cyPm.o .\CortexM3\ARM_GCC_493\Debug\CySpc.o .\CortexM3\ARM_GCC_493\Debug\cyutils.o .\CortexM3\ARM_GCC_493\Debug\Pin_5.o .\CortexM3\ARM_GCC_493\Debug\Pin_6.o .\CortexM3\ARM_GCC_493\Debug\Mixer_1.o .\CortexM3\ARM_GCC_493\Debug\Mixer_1_PM.o .\CortexM3\ARM_GCC_493\Debug\Pin_7.o
arm-none-eabi-ar.exe: creating .\CortexM3\ARM_GCC_493\Debug\TP1_PLL_VCO.a
arm-none-eabi-gcc.exe -Wl,--start-group -o .\CortexM3\ARM_GCC_493\Debug\TP1_PLL_VCO.elf .\CortexM3\ARM_GCC_493\Debug\main.o .\CortexM3\ARM_GCC_493\Debug\cymetadata.o .\CortexM3\ARM_GCC_493\Debug\Cm3Start.o .\CortexM3\ARM_GCC_493\Debug\TP1_PLL_VCO.a "C:\Program Files (x86)\Cypress\PSoC Creator\3.3\PSoC Creator\psoc\content\cycomponentlibrary\CyComponentLibrary.cylib\CortexM3\ARM_GCC_493\Debug\CyComponentLibrary.a" -mcpu=cortex-m3 -mthumb -g -ffunction-sections -Og -L Generated_Source\PSoC5 -Wl,-Map,.\CortexM3\ARM_GCC_493\Debug/TP1_PLL_VCO.map -T Generated_Source\PSoC5\cm3gcc.ld -specs=nano.specs -Wl,--gc-sections -Wl,--end-group
cyelftool.exe -C "D:\Utilisateurs\user\Documents\PSoC Creator\Workspace02\TP1_PLL_VCO.cydsn\CortexM3\ARM_GCC_493\Debug\TP1_PLL_VCO.elf" --flash_row_size 256 --flash_size 262144
cyelftool.exe -S "D:\Utilisateurs\user\Documents\PSoC Creator\Workspace02\TP1_PLL_VCO.cydsn\CortexM3\ARM_GCC_493\Debug\TP1_PLL_VCO.elf"
Flash used: 1792 of 262144 bytes (0,7 %).
SRAM used: 2477 of 65536 bytes (3,8 %). Stack: 2048 bytes. Heap: 128 bytes.
--------------- Build Succeeded: 10/25/2021 18:25:21 ---------------
