ARM GAS  C:\Users\user\AppData\Local\Temp\cc9uGi29.s 			page 1


   1              		.syntax unified
   2              		.cpu cortex-m3
   3              		.fpu softvfp
   4              		.eabi_attribute 20, 1
   5              		.eabi_attribute 21, 1
   6              		.eabi_attribute 23, 3
   7              		.eabi_attribute 24, 1
   8              		.eabi_attribute 25, 1
   9              		.eabi_attribute 26, 1
  10              		.eabi_attribute 30, 1
  11              		.eabi_attribute 34, 1
  12              		.eabi_attribute 18, 4
  13              		.thumb
  14              		.file	"cymetadata.c"
  15              		.text
  16              	.Ltext0:
  17              		.cfi_sections	.debug_frame
  18              		.global	cy_metadata
  19              		.global	cy_meta_flashprotect
  20              		.global	cy_meta_wonvl
  21              		.global	cy_meta_custnvl
  22              		.global	cy_meta_configecc
  23              		.section	.cyconfigecc,"a",%progbits
  24              		.align	2
  25              		.type	cy_meta_configecc, %object
  26              		.size	cy_meta_configecc, 216
  27              	cy_meta_configecc:
  28 0000 02       		.byte	2
  29 0001 52       		.byte	82
  30 0002 00       		.byte	0
  31 0003 40       		.byte	64
  32 0004 02       		.byte	2
  33 0005 5A       		.byte	90
  34 0006 00       		.byte	0
  35 0007 40       		.byte	64
  36 0008 04       		.byte	4
  37 0009 05       		.byte	5
  38 000a 01       		.byte	1
  39 000b 40       		.byte	64
  40 000c 02       		.byte	2
  41 000d 07       		.byte	7
  42 000e 01       		.byte	1
  43 000f 40       		.byte	64
  44 0010 01       		.byte	1
  45 0011 0B       		.byte	11
  46 0012 01       		.byte	1
  47 0013 40       		.byte	64
  48 0014 03       		.byte	3
  49 0015 15       		.byte	21
  50 0016 01       		.byte	1
  51 0017 40       		.byte	64
  52 0018 0A       		.byte	10
  53 0019 16       		.byte	22
  54 001a 01       		.byte	1
  55 001b 40       		.byte	64
  56 001c 0A       		.byte	10
  57 001d 17       		.byte	23
ARM GAS  C:\Users\user\AppData\Local\Temp\cc9uGi29.s 			page 2


  58 001e 01       		.byte	1
  59 001f 40       		.byte	64
  60 0020 01       		.byte	1
  61 0021 1B       		.byte	27
  62 0022 01       		.byte	1
  63 0023 40       		.byte	64
  64 0024 02       		.byte	2
  65 0025 41       		.byte	65
  66 0026 01       		.byte	1
  67 0027 40       		.byte	64
  68 0028 02       		.byte	2
  69 0029 42       		.byte	66
  70 002a 01       		.byte	1
  71 002b 40       		.byte	64
  72 002c 03       		.byte	3
  73 002d 45       		.byte	69
  74 002e 01       		.byte	1
  75 002f 40       		.byte	64
  76 0030 05       		.byte	5
  77 0031 46       		.byte	70
  78 0032 01       		.byte	1
  79 0033 40       		.byte	64
  80 0034 02       		.byte	2
  81 0035 47       		.byte	71
  82 0036 01       		.byte	1
  83 0037 40       		.byte	64
  84 0038 04       		.byte	4
  85 0039 49       		.byte	73
  86 003a 01       		.byte	1
  87 003b 40       		.byte	64
  88 003c 06       		.byte	6
  89 003d 4C       		.byte	76
  90 003e 01       		.byte	1
  91 003f 40       		.byte	64
  92 0040 02       		.byte	2
  93 0041 4D       		.byte	77
  94 0042 01       		.byte	1
  95 0043 40       		.byte	64
  96 0044 08       		.byte	8
  97 0045 80       		.byte	-128
  98 0046 09       		.byte	9
  99 0047 80       		.byte	-128
 100 0048 2B       		.byte	43
 101 0049 04       		.byte	4
 102 004a 2C       		.byte	44
 103 004b 04       		.byte	4
 104 004c 9B       		.byte	-101
 105 004d 80       		.byte	-128
 106 004e A1       		.byte	-95
 107 004f 04       		.byte	4
 108 0050 AB       		.byte	-85
 109 0051 80       		.byte	-128
 110 0052 B5       		.byte	-75
 111 0053 04       		.byte	4
 112 0054 9B       		.byte	-101
 113 0055 80       		.byte	-128
 114 0056 A1       		.byte	-95
ARM GAS  C:\Users\user\AppData\Local\Temp\cc9uGi29.s 			page 3


 115 0057 04       		.byte	4
 116 0058 EE       		.byte	-18
 117 0059 40       		.byte	64
 118 005a 87       		.byte	-121
 119 005b 04       		.byte	4
 120 005c 93       		.byte	-109
 121 005d 08       		.byte	8
 122 005e B3       		.byte	-77
 123 005f 02       		.byte	2
 124 0060 10       		.byte	16
 125 0061 01       		.byte	1
 126 0062 12       		.byte	18
 127 0063 02       		.byte	2
 128 0064 2C       		.byte	44
 129 0065 02       		.byte	2
 130 0066 2E       		.byte	46
 131 0067 01       		.byte	1
 132 0068 32       		.byte	50
 133 0069 03       		.byte	3
 134 006a 3A       		.byte	58
 135 006b 03       		.byte	3
 136 006c 3E       		.byte	62
 137 006d 04       		.byte	4
 138 006e 58       		.byte	88
 139 006f 04       		.byte	4
 140 0070 5C       		.byte	92
 141 0071 08       		.byte	8
 142 0072 5F       		.byte	95
 143 0073 21       		.byte	33
 144 0074 0D       		.byte	13
 145 0075 02       		.byte	2
 146 0076 17       		.byte	23
 147 0077 80       		.byte	-128
 148 0078 1D       		.byte	29
 149 0079 02       		.byte	2
 150 007a 1F       		.byte	31
 151 007b 06       		.byte	6
 152 007c 7D       		.byte	125
 153 007d 08       		.byte	8
 154 007e 9B       		.byte	-101
 155 007f 80       		.byte	-128
 156 0080 A1       		.byte	-95
 157 0081 04       		.byte	4
 158 0082 C2       		.byte	-62
 159 0083 10       		.byte	16
 160 0084 C4       		.byte	-60
 161 0085 80       		.byte	-128
 162 0086 DE       		.byte	-34
 163 0087 40       		.byte	64
 164 0088 EC       		.byte	-20
 165 0089 80       		.byte	-128
 166 008a 0F       		.byte	15
 167 008b 01       		.byte	1
 168 008c C2       		.byte	-62
 169 008d 80       		.byte	-128
 170 008e AB       		.byte	-85
 171 008f 01       		.byte	1
ARM GAS  C:\Users\user\AppData\Local\Temp\cc9uGi29.s 			page 4


 172 0090 E8       		.byte	-24
 173 0091 80       		.byte	-128
 174 0092 10       		.byte	16
 175 0093 10       		.byte	16
 176 0094 11       		.byte	17
 177 0095 08       		.byte	8
 178 0096 C4       		.byte	-60
 179 0097 08       		.byte	8
 180 0098 30       		.byte	48
 181 0099 04       		.byte	4
 182 009a 98       		.byte	-104
 183 009b 10       		.byte	16
 184 009c B5       		.byte	-75
 185 009d 04       		.byte	4
 186 009e CC       		.byte	-52
 187 009f 02       		.byte	2
 188 00a0 EE       		.byte	-18
 189 00a1 02       		.byte	2
 190 00a2 98       		.byte	-104
 191 00a3 10       		.byte	16
 192 00a4 9C       		.byte	-100
 193 00a5 04       		.byte	4
 194 00a6 63       		.byte	99
 195 00a7 02       		.byte	2
 196 00a8 87       		.byte	-121
 197 00a9 01       		.byte	1
 198 00aa D6       		.byte	-42
 199 00ab 40       		.byte	64
 200 00ac E6       		.byte	-26
 201 00ad 10       		.byte	16
 202 00ae 58       		.byte	88
 203 00af 04       		.byte	4
 204 00b0 64       		.byte	100
 205 00b1 10       		.byte	16
 206 00b2 98       		.byte	-104
 207 00b3 10       		.byte	16
 208 00b4 9C       		.byte	-100
 209 00b5 04       		.byte	4
 210 00b6 D6       		.byte	-42
 211 00b7 02       		.byte	2
 212 00b8 D8       		.byte	-40
 213 00b9 01       		.byte	1
 214 00ba B0       		.byte	-80
 215 00bb 04       		.byte	4
 216 00bc EC       		.byte	-20
 217 00bd 01       		.byte	1
 218 00be 00       		.byte	0
 219 00bf 00       		.byte	0
 220 00c0 80       		.byte	-128
 221 00c1 00       		.byte	0
 222 00c2 00       		.byte	0
 223 00c3 00       		.byte	0
 224 00c4 00       		.byte	0
 225 00c5 00       		.byte	0
 226 00c6 50       		.byte	80
 227 00c7 00       		.byte	0
 228 00c8 00       		.byte	0
ARM GAS  C:\Users\user\AppData\Local\Temp\cc9uGi29.s 			page 5


 229 00c9 40       		.byte	64
 230 00ca C0       		.byte	-64
 231 00cb 00       		.byte	0
 232 00cc C0       		.byte	-64
 233 00cd 00       		.byte	0
 234 00ce 00       		.byte	0
 235 00cf 00       		.byte	0
 236 00d0 00       		.byte	0
 237 00d1 80       		.byte	-128
 238 00d2 80       		.byte	-128
 239 00d3 00       		.byte	0
 240 00d4 80       		.byte	-128
 241 00d5 00       		.byte	0
 242 00d6 08       		.byte	8
 243 00d7 00       		.byte	0
 244              		.section	.cywolatch,"a",%progbits
 245              		.align	2
 246              		.type	cy_meta_wonvl, %object
 247              		.size	cy_meta_wonvl, 4
 248              	cy_meta_wonvl:
 249 0000 BC       		.byte	-68
 250 0001 90       		.byte	-112
 251 0002 AC       		.byte	-84
 252 0003 AF       		.byte	-81
 253              		.section	.cycustnvl,"a",%progbits
 254              		.align	2
 255              		.type	cy_meta_custnvl, %object
 256              		.size	cy_meta_custnvl, 4
 257              	cy_meta_custnvl:
 258 0000 00       		.byte	0
 259 0001 00       		.byte	0
 260 0002 40       		.byte	64
 261 0003 05       		.byte	5
 262              		.section	.cymeta,"a",%progbits
 263              		.align	2
 264              		.type	cy_metadata, %object
 265              		.size	cy_metadata, 12
 266              	cy_metadata:
 267 0000 00       		.byte	0
 268 0001 01       		.byte	1
 269 0002 2E       		.byte	46
 270 0003 16       		.byte	22
 271 0004 10       		.byte	16
 272 0005 69       		.byte	105
 273 0006 00       		.byte	0
 274 0007 01       		.byte	1
 275 0008 00       		.byte	0
 276 0009 00       		.byte	0
 277 000a 00       		.byte	0
 278 000b 00       		.byte	0
 279              		.section	.cyflashprotect,"a",%progbits
 280              		.align	2
 281              		.type	cy_meta_flashprotect, %object
 282              		.size	cy_meta_flashprotect, 256
 283              	cy_meta_flashprotect:
 284 0000 00000000 		.space	256
 284      00000000 
ARM GAS  C:\Users\user\AppData\Local\Temp\cc9uGi29.s 			page 6


 284      00000000 
 284      00000000 
 284      00000000 
 285              		.text
 286              	.Letext0:
 287              		.file 1 ".\\Generated_Source\\PSoC5\\cymetadata.c"
 288              		.file 2 ".\\Generated_Source\\PSoC5\\cytypes.h"
 289              		.section	.debug_info,"",%progbits
 290              	.Ldebug_info0:
 291 0000 36010000 		.4byte	0x136
 292 0004 0400     		.2byte	0x4
 293 0006 00000000 		.4byte	.Ldebug_abbrev0
 294 000a 04       		.byte	0x4
 295 000b 01       		.uleb128 0x1
 296 000c 9A000000 		.4byte	.LASF18
 297 0010 01       		.byte	0x1
 298 0011 00000000 		.4byte	.LASF19
 299 0015 95010000 		.4byte	.LASF20
 300 0019 00000000 		.4byte	.Ldebug_line0
 301 001d 02       		.uleb128 0x2
 302 001e 01       		.byte	0x1
 303 001f 06       		.byte	0x6
 304 0020 E8010000 		.4byte	.LASF0
 305 0024 02       		.uleb128 0x2
 306 0025 01       		.byte	0x1
 307 0026 08       		.byte	0x8
 308 0027 3E000000 		.4byte	.LASF1
 309 002b 02       		.uleb128 0x2
 310 002c 02       		.byte	0x2
 311 002d 05       		.byte	0x5
 312 002e 8B010000 		.4byte	.LASF2
 313 0032 02       		.uleb128 0x2
 314 0033 02       		.byte	0x2
 315 0034 07       		.byte	0x7
 316 0035 5E000000 		.4byte	.LASF3
 317 0039 02       		.uleb128 0x2
 318 003a 04       		.byte	0x4
 319 003b 05       		.byte	0x5
 320 003c DF010000 		.4byte	.LASF4
 321 0040 02       		.uleb128 0x2
 322 0041 04       		.byte	0x4
 323 0042 07       		.byte	0x7
 324 0043 4C000000 		.4byte	.LASF5
 325 0047 02       		.uleb128 0x2
 326 0048 08       		.byte	0x8
 327 0049 05       		.byte	0x5
 328 004a 78010000 		.4byte	.LASF6
 329 004e 02       		.uleb128 0x2
 330 004f 08       		.byte	0x8
 331 0050 07       		.byte	0x7
 332 0051 35010000 		.4byte	.LASF7
 333 0055 03       		.uleb128 0x3
 334 0056 04       		.byte	0x4
 335 0057 05       		.byte	0x5
 336 0058 696E7400 		.ascii	"int\000"
 337 005c 02       		.uleb128 0x2
 338 005d 04       		.byte	0x4
ARM GAS  C:\Users\user\AppData\Local\Temp\cc9uGi29.s 			page 7


 339 005e 07       		.byte	0x7
 340 005f 28010000 		.4byte	.LASF8
 341 0063 04       		.uleb128 0x4
 342 0064 38000000 		.4byte	.LASF21
 343 0068 02       		.byte	0x2
 344 0069 3801     		.2byte	0x138
 345 006b 24000000 		.4byte	0x24
 346 006f 02       		.uleb128 0x2
 347 0070 04       		.byte	0x4
 348 0071 04       		.byte	0x4
 349 0072 32000000 		.4byte	.LASF9
 350 0076 02       		.uleb128 0x2
 351 0077 08       		.byte	0x8
 352 0078 04       		.byte	0x4
 353 0079 71000000 		.4byte	.LASF10
 354 007d 02       		.uleb128 0x2
 355 007e 01       		.byte	0x1
 356 007f 08       		.byte	0x8
 357 0080 86010000 		.4byte	.LASF11
 358 0084 05       		.uleb128 0x5
 359 0085 63000000 		.4byte	0x63
 360 0089 94000000 		.4byte	0x94
 361 008d 06       		.uleb128 0x6
 362 008e 94000000 		.4byte	0x94
 363 0092 D7       		.byte	0xd7
 364 0093 00       		.byte	0
 365 0094 02       		.uleb128 0x2
 366 0095 04       		.byte	0x4
 367 0096 07       		.byte	0x7
 368 0097 6F010000 		.4byte	.LASF12
 369 009b 07       		.uleb128 0x7
 370 009c 88000000 		.4byte	.LASF13
 371 00a0 01       		.byte	0x1
 372 00a1 1F       		.byte	0x1f
 373 00a2 AC000000 		.4byte	0xac
 374 00a6 05       		.uleb128 0x5
 375 00a7 03       		.byte	0x3
 376 00a8 00000000 		.4byte	cy_meta_configecc
 377 00ac 08       		.uleb128 0x8
 378 00ad 84000000 		.4byte	0x84
 379 00b1 05       		.uleb128 0x5
 380 00b2 63000000 		.4byte	0x63
 381 00b6 C1000000 		.4byte	0xc1
 382 00ba 06       		.uleb128 0x6
 383 00bb 94000000 		.4byte	0x94
 384 00bf 03       		.byte	0x3
 385 00c0 00       		.byte	0
 386 00c1 07       		.uleb128 0x7
 387 00c2 78000000 		.4byte	.LASF14
 388 00c6 01       		.byte	0x1
 389 00c7 47       		.byte	0x47
 390 00c8 D2000000 		.4byte	0xd2
 391 00cc 05       		.uleb128 0x5
 392 00cd 03       		.byte	0x3
 393 00ce 00000000 		.4byte	cy_meta_custnvl
 394 00d2 08       		.uleb128 0x8
 395 00d3 B1000000 		.4byte	0xb1
ARM GAS  C:\Users\user\AppData\Local\Temp\cc9uGi29.s 			page 8


 396 00d7 07       		.uleb128 0x7
 397 00d8 61010000 		.4byte	.LASF15
 398 00dc 01       		.byte	0x1
 399 00dd 55       		.byte	0x55
 400 00de E8000000 		.4byte	0xe8
 401 00e2 05       		.uleb128 0x5
 402 00e3 03       		.byte	0x3
 403 00e4 00000000 		.4byte	cy_meta_wonvl
 404 00e8 08       		.uleb128 0x8
 405 00e9 B1000000 		.4byte	0xb1
 406 00ed 05       		.uleb128 0x5
 407 00ee 63000000 		.4byte	0x63
 408 00f2 FD000000 		.4byte	0xfd
 409 00f6 06       		.uleb128 0x6
 410 00f7 94000000 		.4byte	0x94
 411 00fb FF       		.byte	0xff
 412 00fc 00       		.byte	0
 413 00fd 07       		.uleb128 0x7
 414 00fe 4C010000 		.4byte	.LASF16
 415 0102 01       		.byte	0x1
 416 0103 63       		.byte	0x63
 417 0104 0E010000 		.4byte	0x10e
 418 0108 05       		.uleb128 0x5
 419 0109 03       		.byte	0x3
 420 010a 00000000 		.4byte	cy_meta_flashprotect
 421 010e 08       		.uleb128 0x8
 422 010f ED000000 		.4byte	0xed
 423 0113 05       		.uleb128 0x5
 424 0114 63000000 		.4byte	0x63
 425 0118 23010000 		.4byte	0x123
 426 011c 06       		.uleb128 0x6
 427 011d 94000000 		.4byte	0x94
 428 0121 0B       		.byte	0xb
 429 0122 00       		.byte	0
 430 0123 07       		.uleb128 0x7
 431 0124 26000000 		.4byte	.LASF17
 432 0128 01       		.byte	0x1
 433 0129 90       		.byte	0x90
 434 012a 34010000 		.4byte	0x134
 435 012e 05       		.uleb128 0x5
 436 012f 03       		.byte	0x3
 437 0130 00000000 		.4byte	cy_metadata
 438 0134 08       		.uleb128 0x8
 439 0135 13010000 		.4byte	0x113
 440 0139 00       		.byte	0
 441              		.section	.debug_abbrev,"",%progbits
 442              	.Ldebug_abbrev0:
 443 0000 01       		.uleb128 0x1
 444 0001 11       		.uleb128 0x11
 445 0002 01       		.byte	0x1
 446 0003 25       		.uleb128 0x25
 447 0004 0E       		.uleb128 0xe
 448 0005 13       		.uleb128 0x13
 449 0006 0B       		.uleb128 0xb
 450 0007 03       		.uleb128 0x3
 451 0008 0E       		.uleb128 0xe
 452 0009 1B       		.uleb128 0x1b
ARM GAS  C:\Users\user\AppData\Local\Temp\cc9uGi29.s 			page 9


 453 000a 0E       		.uleb128 0xe
 454 000b 10       		.uleb128 0x10
 455 000c 17       		.uleb128 0x17
 456 000d 00       		.byte	0
 457 000e 00       		.byte	0
 458 000f 02       		.uleb128 0x2
 459 0010 24       		.uleb128 0x24
 460 0011 00       		.byte	0
 461 0012 0B       		.uleb128 0xb
 462 0013 0B       		.uleb128 0xb
 463 0014 3E       		.uleb128 0x3e
 464 0015 0B       		.uleb128 0xb
 465 0016 03       		.uleb128 0x3
 466 0017 0E       		.uleb128 0xe
 467 0018 00       		.byte	0
 468 0019 00       		.byte	0
 469 001a 03       		.uleb128 0x3
 470 001b 24       		.uleb128 0x24
 471 001c 00       		.byte	0
 472 001d 0B       		.uleb128 0xb
 473 001e 0B       		.uleb128 0xb
 474 001f 3E       		.uleb128 0x3e
 475 0020 0B       		.uleb128 0xb
 476 0021 03       		.uleb128 0x3
 477 0022 08       		.uleb128 0x8
 478 0023 00       		.byte	0
 479 0024 00       		.byte	0
 480 0025 04       		.uleb128 0x4
 481 0026 16       		.uleb128 0x16
 482 0027 00       		.byte	0
 483 0028 03       		.uleb128 0x3
 484 0029 0E       		.uleb128 0xe
 485 002a 3A       		.uleb128 0x3a
 486 002b 0B       		.uleb128 0xb
 487 002c 3B       		.uleb128 0x3b
 488 002d 05       		.uleb128 0x5
 489 002e 49       		.uleb128 0x49
 490 002f 13       		.uleb128 0x13
 491 0030 00       		.byte	0
 492 0031 00       		.byte	0
 493 0032 05       		.uleb128 0x5
 494 0033 01       		.uleb128 0x1
 495 0034 01       		.byte	0x1
 496 0035 49       		.uleb128 0x49
 497 0036 13       		.uleb128 0x13
 498 0037 01       		.uleb128 0x1
 499 0038 13       		.uleb128 0x13
 500 0039 00       		.byte	0
 501 003a 00       		.byte	0
 502 003b 06       		.uleb128 0x6
 503 003c 21       		.uleb128 0x21
 504 003d 00       		.byte	0
 505 003e 49       		.uleb128 0x49
 506 003f 13       		.uleb128 0x13
 507 0040 2F       		.uleb128 0x2f
 508 0041 0B       		.uleb128 0xb
 509 0042 00       		.byte	0
ARM GAS  C:\Users\user\AppData\Local\Temp\cc9uGi29.s 			page 10


 510 0043 00       		.byte	0
 511 0044 07       		.uleb128 0x7
 512 0045 34       		.uleb128 0x34
 513 0046 00       		.byte	0
 514 0047 03       		.uleb128 0x3
 515 0048 0E       		.uleb128 0xe
 516 0049 3A       		.uleb128 0x3a
 517 004a 0B       		.uleb128 0xb
 518 004b 3B       		.uleb128 0x3b
 519 004c 0B       		.uleb128 0xb
 520 004d 49       		.uleb128 0x49
 521 004e 13       		.uleb128 0x13
 522 004f 3F       		.uleb128 0x3f
 523 0050 19       		.uleb128 0x19
 524 0051 02       		.uleb128 0x2
 525 0052 18       		.uleb128 0x18
 526 0053 00       		.byte	0
 527 0054 00       		.byte	0
 528 0055 08       		.uleb128 0x8
 529 0056 26       		.uleb128 0x26
 530 0057 00       		.byte	0
 531 0058 49       		.uleb128 0x49
 532 0059 13       		.uleb128 0x13
 533 005a 00       		.byte	0
 534 005b 00       		.byte	0
 535 005c 00       		.byte	0
 536              		.section	.debug_aranges,"",%progbits
 537 0000 14000000 		.4byte	0x14
 538 0004 0200     		.2byte	0x2
 539 0006 00000000 		.4byte	.Ldebug_info0
 540 000a 04       		.byte	0x4
 541 000b 00       		.byte	0
 542 000c 0000     		.2byte	0
 543 000e 0000     		.2byte	0
 544 0010 00000000 		.4byte	0
 545 0014 00000000 		.4byte	0
 546              		.section	.debug_line,"",%progbits
 547              	.Ldebug_line0:
 548 0000 4F000000 		.section	.debug_str,"MS",%progbits,1
 548      02004900 
 548      00000201 
 548      FB0E0D00 
 548      01010101 
 549              	.LASF19:
 550 0000 2E5C4765 		.ascii	".\\Generated_Source\\PSoC5\\cymetadata.c\000"
 550      6E657261 
 550      7465645F 
 550      536F7572 
 550      63655C50 
 551              	.LASF17:
 552 0026 63795F6D 		.ascii	"cy_metadata\000"
 552      65746164 
 552      61746100 
 553              	.LASF9:
 554 0032 666C6F61 		.ascii	"float\000"
 554      7400
 555              	.LASF21:
ARM GAS  C:\Users\user\AppData\Local\Temp\cc9uGi29.s 			page 11


 556 0038 75696E74 		.ascii	"uint8\000"
 556      3800
 557              	.LASF1:
 558 003e 756E7369 		.ascii	"unsigned char\000"
 558      676E6564 
 558      20636861 
 558      7200
 559              	.LASF5:
 560 004c 6C6F6E67 		.ascii	"long unsigned int\000"
 560      20756E73 
 560      69676E65 
 560      6420696E 
 560      7400
 561              	.LASF3:
 562 005e 73686F72 		.ascii	"short unsigned int\000"
 562      7420756E 
 562      7369676E 
 562      65642069 
 562      6E7400
 563              	.LASF10:
 564 0071 646F7562 		.ascii	"double\000"
 564      6C6500
 565              	.LASF14:
 566 0078 63795F6D 		.ascii	"cy_meta_custnvl\000"
 566      6574615F 
 566      63757374 
 566      6E766C00 
 567              	.LASF13:
 568 0088 63795F6D 		.ascii	"cy_meta_configecc\000"
 568      6574615F 
 568      636F6E66 
 568      69676563 
 568      6300
 569              	.LASF18:
 570 009a 474E5520 		.ascii	"GNU C 4.9.3 20150303 (release) [ARM/embedded-4_9-br"
 570      4320342E 
 570      392E3320 
 570      32303135 
 570      30333033 
 571 00cd 616E6368 		.ascii	"anch revision 221220] -mcpu=cortex-m3 -mthumb -g -O"
 571      20726576 
 571      6973696F 
 571      6E203232 
 571      31323230 
 572 0100 67202D66 		.ascii	"g -ffunction-sections -ffat-lto-objects\000"
 572      66756E63 
 572      74696F6E 
 572      2D736563 
 572      74696F6E 
 573              	.LASF8:
 574 0128 756E7369 		.ascii	"unsigned int\000"
 574      676E6564 
 574      20696E74 
 574      00
 575              	.LASF7:
 576 0135 6C6F6E67 		.ascii	"long long unsigned int\000"
 576      206C6F6E 
ARM GAS  C:\Users\user\AppData\Local\Temp\cc9uGi29.s 			page 12


 576      6720756E 
 576      7369676E 
 576      65642069 
 577              	.LASF16:
 578 014c 63795F6D 		.ascii	"cy_meta_flashprotect\000"
 578      6574615F 
 578      666C6173 
 578      6870726F 
 578      74656374 
 579              	.LASF15:
 580 0161 63795F6D 		.ascii	"cy_meta_wonvl\000"
 580      6574615F 
 580      776F6E76 
 580      6C00
 581              	.LASF12:
 582 016f 73697A65 		.ascii	"sizetype\000"
 582      74797065 
 582      00
 583              	.LASF6:
 584 0178 6C6F6E67 		.ascii	"long long int\000"
 584      206C6F6E 
 584      6720696E 
 584      7400
 585              	.LASF11:
 586 0186 63686172 		.ascii	"char\000"
 586      00
 587              	.LASF2:
 588 018b 73686F72 		.ascii	"short int\000"
 588      7420696E 
 588      7400
 589              	.LASF20:
 590 0195 443A5C55 		.ascii	"D:\\Utilisateurs\\user\\Documents\\PSoC Creator\\Wo"
 590      74696C69 
 590      73617465 
 590      7572735C 
 590      75736572 
 591 01c3 726B7370 		.ascii	"rkspace01\\TP1_PLL_VCO.cydsn\000"
 591      61636530 
 591      315C5450 
 591      315F504C 
 591      4C5F5643 
 592              	.LASF4:
 593 01df 6C6F6E67 		.ascii	"long int\000"
 593      20696E74 
 593      00
 594              	.LASF0:
 595 01e8 7369676E 		.ascii	"signed char\000"
 595      65642063 
 595      68617200 
 596              		.ident	"GCC: (GNU Tools for ARM Embedded Processors) 4.9.3 20150303 (release) [ARM/embedded-4_9-br
