ARM GAS  C:\Users\user\AppData\Local\Temp\ccvA5IQR.s 			page 1


   1              		.syntax unified
   2              		.cpu cortex-m3
   3              		.fpu softvfp
   4              		.eabi_attribute 20, 1
   5              		.eabi_attribute 21, 1
   6              		.eabi_attribute 23, 3
   7              		.eabi_attribute 24, 1
   8              		.eabi_attribute 25, 1
   9              		.eabi_attribute 26, 1
  10              		.eabi_attribute 30, 1
  11              		.eabi_attribute 34, 1
  12              		.eabi_attribute 18, 4
  13              		.thumb
  14              		.file	"main.c"
  15              		.text
  16              	.Ltext0:
  17              		.cfi_sections	.debug_frame
  18              		.section	.text.main,"ax",%progbits
  19              		.align	2
  20              		.global	main
  21              		.thumb
  22              		.thumb_func
  23              		.type	main, %function
  24              	main:
  25              	.LFB63:
  26              		.file 1 ".\\main.c"
   1:.\main.c      **** /* ========================================
   2:.\main.c      ****  *
   3:.\main.c      ****  * Copyright YOUR COMPANY, THE YEAR
   4:.\main.c      ****  * All Rights Reserved
   5:.\main.c      ****  * UNPUBLISHED, LICENSED SOFTWARE.
   6:.\main.c      ****  *
   7:.\main.c      ****  * CONFIDENTIAL AND PROPRIETARY INFORMATION
   8:.\main.c      ****  * WHICH IS THE PROPERTY OF your company.
   9:.\main.c      ****  *
  10:.\main.c      ****  * ========================================
  11:.\main.c      **** */
  12:.\main.c      **** #include <project.h>
  13:.\main.c      **** 
  14:.\main.c      **** int main()
  15:.\main.c      **** {
  27              		.loc 1 15 0
  28              		.cfi_startproc
  29              		@ Volatile: function does not return.
  30              		@ args = 0, pretend = 0, frame = 0
  31              		@ frame_needed = 0, uses_anonymous_args = 0
  32 0000 08B5     		push	{r3, lr}
  33              		.cfi_def_cfa_offset 8
  34              		.cfi_offset 3, -8
  35              		.cfi_offset 14, -4
  16:.\main.c      ****     CyGlobalIntEnable; /* Enable global interrupts. */
  36              		.loc 1 16 0
  37              	@ 16 ".\main.c" 1
  38 0002 62B6     		CPSIE   i
  39              	@ 0 "" 2
  17:.\main.c      **** 
  18:.\main.c      ****     /* Place your initialization/startup code here (e.g. MyInst_Start()) */
ARM GAS  C:\Users\user\AppData\Local\Temp\ccvA5IQR.s 			page 2


  19:.\main.c      ****     // Initialize IDAC8_1
  20:.\main.c      ****     IDAC8_1_Start();
  40              		.loc 1 20 0
  41              		.thumb
  42 0004 FFF7FEFF 		bl	IDAC8_1_Start
  43              	.LVL0:
  21:.\main.c      ****     Comp_1_Start();
  44              		.loc 1 21 0
  45 0008 FFF7FEFF 		bl	Comp_1_Start
  46              	.LVL1:
  22:.\main.c      ****     Mixer_1_Start();
  47              		.loc 1 22 0
  48 000c FFF7FEFF 		bl	Mixer_1_Start
  49              	.LVL2:
  50              	.L2:
  23:.\main.c      **** 
  24:.\main.c      ****     for( ; ; )
  25:.\main.c      ****     {
  26:.\main.c      ****         /* Place your application code here. */
  27:.\main.c      ****     }
  51              		.loc 1 27 0 discriminator 1
  52 0010 FEE7     		b	.L2
  53              		.cfi_endproc
  54              	.LFE63:
  55              		.size	main, .-main
  56 0012 00BF     		.text
  57              	.Letext0:
  58              		.file 2 "c:\\program files (x86)\\cypress\\psoc creator\\3.3\\psoc creator\\import\\gnu\\arm\\4.9.
  59              		.file 3 "c:\\program files (x86)\\cypress\\psoc creator\\3.3\\psoc creator\\import\\gnu\\arm\\4.9.
  60              		.file 4 "Generated_Source\\PSoC5/IDAC8_1.h"
  61              		.file 5 "Generated_Source\\PSoC5/Comp_1.h"
  62              		.file 6 "Generated_Source\\PSoC5/Mixer_1.h"
  63              		.file 7 "Generated_Source\\PSoC5/core_cm3.h"
  64              		.section	.debug_info,"",%progbits
  65              	.Ldebug_info0:
  66 0000 F5000000 		.4byte	0xf5
  67 0004 0400     		.2byte	0x4
  68 0006 00000000 		.4byte	.Ldebug_abbrev0
  69 000a 04       		.byte	0x4
  70 000b 01       		.uleb128 0x1
  71 000c BD000000 		.4byte	.LASF18
  72 0010 01       		.byte	0x1
  73 0011 8A000000 		.4byte	.LASF19
  74 0015 1C000000 		.4byte	.LASF20
  75 0019 00000000 		.4byte	.Ldebug_ranges0+0
  76 001d 00000000 		.4byte	0
  77 0021 00000000 		.4byte	.Ldebug_line0
  78 0025 02       		.uleb128 0x2
  79 0026 01       		.byte	0x1
  80 0027 06       		.byte	0x6
  81 0028 96010000 		.4byte	.LASF0
  82 002c 02       		.uleb128 0x2
  83 002d 01       		.byte	0x1
  84 002e 08       		.byte	0x8
  85 002f 59010000 		.4byte	.LASF1
  86 0033 02       		.uleb128 0x2
  87 0034 02       		.byte	0x2
ARM GAS  C:\Users\user\AppData\Local\Temp\ccvA5IQR.s 			page 3


  88 0035 05       		.byte	0x5
  89 0036 B2010000 		.4byte	.LASF2
  90 003a 02       		.uleb128 0x2
  91 003b 02       		.byte	0x2
  92 003c 07       		.byte	0x7
  93 003d AA000000 		.4byte	.LASF3
  94 0041 03       		.uleb128 0x3
  95 0042 A2010000 		.4byte	.LASF9
  96 0046 02       		.byte	0x2
  97 0047 3F       		.byte	0x3f
  98 0048 4C000000 		.4byte	0x4c
  99 004c 02       		.uleb128 0x2
 100 004d 04       		.byte	0x4
 101 004e 05       		.byte	0x5
 102 004f 6C010000 		.4byte	.LASF4
 103 0053 02       		.uleb128 0x2
 104 0054 04       		.byte	0x4
 105 0055 07       		.byte	0x7
 106 0056 78000000 		.4byte	.LASF5
 107 005a 02       		.uleb128 0x2
 108 005b 08       		.byte	0x8
 109 005c 05       		.byte	0x5
 110 005d 00000000 		.4byte	.LASF6
 111 0061 02       		.uleb128 0x2
 112 0062 08       		.byte	0x8
 113 0063 07       		.byte	0x7
 114 0064 93000000 		.4byte	.LASF7
 115 0068 04       		.uleb128 0x4
 116 0069 04       		.byte	0x4
 117 006a 05       		.byte	0x5
 118 006b 696E7400 		.ascii	"int\000"
 119 006f 02       		.uleb128 0x2
 120 0070 04       		.byte	0x4
 121 0071 07       		.byte	0x7
 122 0072 66000000 		.4byte	.LASF8
 123 0076 03       		.uleb128 0x3
 124 0077 BC010000 		.4byte	.LASF10
 125 007b 03       		.byte	0x3
 126 007c 2C       		.byte	0x2c
 127 007d 41000000 		.4byte	0x41
 128 0081 02       		.uleb128 0x2
 129 0082 04       		.byte	0x4
 130 0083 04       		.byte	0x4
 131 0084 AC010000 		.4byte	.LASF11
 132 0088 02       		.uleb128 0x2
 133 0089 08       		.byte	0x8
 134 008a 04       		.byte	0x4
 135 008b 82010000 		.4byte	.LASF12
 136 008f 02       		.uleb128 0x2
 137 0090 01       		.byte	0x1
 138 0091 08       		.byte	0x8
 139 0092 67010000 		.4byte	.LASF13
 140 0096 02       		.uleb128 0x2
 141 0097 04       		.byte	0x4
 142 0098 07       		.byte	0x7
 143 0099 C4010000 		.4byte	.LASF14
 144 009d 05       		.uleb128 0x5
ARM GAS  C:\Users\user\AppData\Local\Temp\ccvA5IQR.s 			page 4


 145 009e 73000000 		.4byte	.LASF21
 146 00a2 01       		.byte	0x1
 147 00a3 0E       		.byte	0xe
 148 00a4 68000000 		.4byte	0x68
 149 00a8 00000000 		.4byte	.LFB63
 150 00ac 12000000 		.4byte	.LFE63-.LFB63
 151 00b0 01       		.uleb128 0x1
 152 00b1 9C       		.byte	0x9c
 153 00b2 D2000000 		.4byte	0xd2
 154 00b6 06       		.uleb128 0x6
 155 00b7 08000000 		.4byte	.LVL0
 156 00bb E3000000 		.4byte	0xe3
 157 00bf 06       		.uleb128 0x6
 158 00c0 0C000000 		.4byte	.LVL1
 159 00c4 EA000000 		.4byte	0xea
 160 00c8 06       		.uleb128 0x6
 161 00c9 10000000 		.4byte	.LVL2
 162 00cd F1000000 		.4byte	0xf1
 163 00d1 00       		.byte	0
 164 00d2 07       		.uleb128 0x7
 165 00d3 89010000 		.4byte	.LASF22
 166 00d7 07       		.byte	0x7
 167 00d8 5506     		.2byte	0x655
 168 00da DE000000 		.4byte	0xde
 169 00de 08       		.uleb128 0x8
 170 00df 76000000 		.4byte	0x76
 171 00e3 09       		.uleb128 0x9
 172 00e4 0E000000 		.4byte	.LASF15
 173 00e8 04       		.byte	0x4
 174 00e9 3C       		.byte	0x3c
 175 00ea 09       		.uleb128 0x9
 176 00eb 75010000 		.4byte	.LASF16
 177 00ef 05       		.byte	0x5
 178 00f0 3F       		.byte	0x3f
 179 00f1 09       		.uleb128 0x9
 180 00f2 4B010000 		.4byte	.LASF17
 181 00f6 06       		.byte	0x6
 182 00f7 3D       		.byte	0x3d
 183 00f8 00       		.byte	0
 184              		.section	.debug_abbrev,"",%progbits
 185              	.Ldebug_abbrev0:
 186 0000 01       		.uleb128 0x1
 187 0001 11       		.uleb128 0x11
 188 0002 01       		.byte	0x1
 189 0003 25       		.uleb128 0x25
 190 0004 0E       		.uleb128 0xe
 191 0005 13       		.uleb128 0x13
 192 0006 0B       		.uleb128 0xb
 193 0007 03       		.uleb128 0x3
 194 0008 0E       		.uleb128 0xe
 195 0009 1B       		.uleb128 0x1b
 196 000a 0E       		.uleb128 0xe
 197 000b 55       		.uleb128 0x55
 198 000c 17       		.uleb128 0x17
 199 000d 11       		.uleb128 0x11
 200 000e 01       		.uleb128 0x1
 201 000f 10       		.uleb128 0x10
ARM GAS  C:\Users\user\AppData\Local\Temp\ccvA5IQR.s 			page 5


 202 0010 17       		.uleb128 0x17
 203 0011 00       		.byte	0
 204 0012 00       		.byte	0
 205 0013 02       		.uleb128 0x2
 206 0014 24       		.uleb128 0x24
 207 0015 00       		.byte	0
 208 0016 0B       		.uleb128 0xb
 209 0017 0B       		.uleb128 0xb
 210 0018 3E       		.uleb128 0x3e
 211 0019 0B       		.uleb128 0xb
 212 001a 03       		.uleb128 0x3
 213 001b 0E       		.uleb128 0xe
 214 001c 00       		.byte	0
 215 001d 00       		.byte	0
 216 001e 03       		.uleb128 0x3
 217 001f 16       		.uleb128 0x16
 218 0020 00       		.byte	0
 219 0021 03       		.uleb128 0x3
 220 0022 0E       		.uleb128 0xe
 221 0023 3A       		.uleb128 0x3a
 222 0024 0B       		.uleb128 0xb
 223 0025 3B       		.uleb128 0x3b
 224 0026 0B       		.uleb128 0xb
 225 0027 49       		.uleb128 0x49
 226 0028 13       		.uleb128 0x13
 227 0029 00       		.byte	0
 228 002a 00       		.byte	0
 229 002b 04       		.uleb128 0x4
 230 002c 24       		.uleb128 0x24
 231 002d 00       		.byte	0
 232 002e 0B       		.uleb128 0xb
 233 002f 0B       		.uleb128 0xb
 234 0030 3E       		.uleb128 0x3e
 235 0031 0B       		.uleb128 0xb
 236 0032 03       		.uleb128 0x3
 237 0033 08       		.uleb128 0x8
 238 0034 00       		.byte	0
 239 0035 00       		.byte	0
 240 0036 05       		.uleb128 0x5
 241 0037 2E       		.uleb128 0x2e
 242 0038 01       		.byte	0x1
 243 0039 3F       		.uleb128 0x3f
 244 003a 19       		.uleb128 0x19
 245 003b 03       		.uleb128 0x3
 246 003c 0E       		.uleb128 0xe
 247 003d 3A       		.uleb128 0x3a
 248 003e 0B       		.uleb128 0xb
 249 003f 3B       		.uleb128 0x3b
 250 0040 0B       		.uleb128 0xb
 251 0041 49       		.uleb128 0x49
 252 0042 13       		.uleb128 0x13
 253 0043 11       		.uleb128 0x11
 254 0044 01       		.uleb128 0x1
 255 0045 12       		.uleb128 0x12
 256 0046 06       		.uleb128 0x6
 257 0047 40       		.uleb128 0x40
 258 0048 18       		.uleb128 0x18
ARM GAS  C:\Users\user\AppData\Local\Temp\ccvA5IQR.s 			page 6


 259 0049 9742     		.uleb128 0x2117
 260 004b 19       		.uleb128 0x19
 261 004c 01       		.uleb128 0x1
 262 004d 13       		.uleb128 0x13
 263 004e 00       		.byte	0
 264 004f 00       		.byte	0
 265 0050 06       		.uleb128 0x6
 266 0051 898201   		.uleb128 0x4109
 267 0054 00       		.byte	0
 268 0055 11       		.uleb128 0x11
 269 0056 01       		.uleb128 0x1
 270 0057 31       		.uleb128 0x31
 271 0058 13       		.uleb128 0x13
 272 0059 00       		.byte	0
 273 005a 00       		.byte	0
 274 005b 07       		.uleb128 0x7
 275 005c 34       		.uleb128 0x34
 276 005d 00       		.byte	0
 277 005e 03       		.uleb128 0x3
 278 005f 0E       		.uleb128 0xe
 279 0060 3A       		.uleb128 0x3a
 280 0061 0B       		.uleb128 0xb
 281 0062 3B       		.uleb128 0x3b
 282 0063 05       		.uleb128 0x5
 283 0064 49       		.uleb128 0x49
 284 0065 13       		.uleb128 0x13
 285 0066 3F       		.uleb128 0x3f
 286 0067 19       		.uleb128 0x19
 287 0068 3C       		.uleb128 0x3c
 288 0069 19       		.uleb128 0x19
 289 006a 00       		.byte	0
 290 006b 00       		.byte	0
 291 006c 08       		.uleb128 0x8
 292 006d 35       		.uleb128 0x35
 293 006e 00       		.byte	0
 294 006f 49       		.uleb128 0x49
 295 0070 13       		.uleb128 0x13
 296 0071 00       		.byte	0
 297 0072 00       		.byte	0
 298 0073 09       		.uleb128 0x9
 299 0074 2E       		.uleb128 0x2e
 300 0075 00       		.byte	0
 301 0076 3F       		.uleb128 0x3f
 302 0077 19       		.uleb128 0x19
 303 0078 03       		.uleb128 0x3
 304 0079 0E       		.uleb128 0xe
 305 007a 3A       		.uleb128 0x3a
 306 007b 0B       		.uleb128 0xb
 307 007c 3B       		.uleb128 0x3b
 308 007d 0B       		.uleb128 0xb
 309 007e 27       		.uleb128 0x27
 310 007f 19       		.uleb128 0x19
 311 0080 3C       		.uleb128 0x3c
 312 0081 19       		.uleb128 0x19
 313 0082 00       		.byte	0
 314 0083 00       		.byte	0
 315 0084 00       		.byte	0
ARM GAS  C:\Users\user\AppData\Local\Temp\ccvA5IQR.s 			page 7


 316              		.section	.debug_aranges,"",%progbits
 317 0000 1C000000 		.4byte	0x1c
 318 0004 0200     		.2byte	0x2
 319 0006 00000000 		.4byte	.Ldebug_info0
 320 000a 04       		.byte	0x4
 321 000b 00       		.byte	0
 322 000c 0000     		.2byte	0
 323 000e 0000     		.2byte	0
 324 0010 00000000 		.4byte	.LFB63
 325 0014 12000000 		.4byte	.LFE63-.LFB63
 326 0018 00000000 		.4byte	0
 327 001c 00000000 		.4byte	0
 328              		.section	.debug_ranges,"",%progbits
 329              	.Ldebug_ranges0:
 330 0000 00000000 		.4byte	.LFB63
 331 0004 12000000 		.4byte	.LFE63
 332 0008 00000000 		.4byte	0
 333 000c 00000000 		.4byte	0
 334              		.section	.debug_line,"",%progbits
 335              	.Ldebug_line0:
 336 0000 80010000 		.section	.debug_str,"MS",%progbits,1
 336      02006201 
 336      00000201 
 336      FB0E0D00 
 336      01010101 
 337              	.LASF6:
 338 0000 6C6F6E67 		.ascii	"long long int\000"
 338      206C6F6E 
 338      6720696E 
 338      7400
 339              	.LASF15:
 340 000e 49444143 		.ascii	"IDAC8_1_Start\000"
 340      385F315F 
 340      53746172 
 340      7400
 341              	.LASF20:
 342 001c 443A5C55 		.ascii	"D:\\Utilisateurs\\user\\Documents\\PSoC Creator\\Wo"
 342      74696C69 
 342      73617465 
 342      7572735C 
 342      75736572 
 343 004a 726B7370 		.ascii	"rkspace01\\TP1_PLL_VCO.cydsn\000"
 343      61636530 
 343      315C5450 
 343      315F504C 
 343      4C5F5643 
 344              	.LASF8:
 345 0066 756E7369 		.ascii	"unsigned int\000"
 345      676E6564 
 345      20696E74 
 345      00
 346              	.LASF21:
 347 0073 6D61696E 		.ascii	"main\000"
 347      00
 348              	.LASF5:
 349 0078 6C6F6E67 		.ascii	"long unsigned int\000"
 349      20756E73 
ARM GAS  C:\Users\user\AppData\Local\Temp\ccvA5IQR.s 			page 8


 349      69676E65 
 349      6420696E 
 349      7400
 350              	.LASF19:
 351 008a 2E5C6D61 		.ascii	".\\main.c\000"
 351      696E2E63 
 351      00
 352              	.LASF7:
 353 0093 6C6F6E67 		.ascii	"long long unsigned int\000"
 353      206C6F6E 
 353      6720756E 
 353      7369676E 
 353      65642069 
 354              	.LASF3:
 355 00aa 73686F72 		.ascii	"short unsigned int\000"
 355      7420756E 
 355      7369676E 
 355      65642069 
 355      6E7400
 356              	.LASF18:
 357 00bd 474E5520 		.ascii	"GNU C 4.9.3 20150303 (release) [ARM/embedded-4_9-br"
 357      4320342E 
 357      392E3320 
 357      32303135 
 357      30333033 
 358 00f0 616E6368 		.ascii	"anch revision 221220] -mcpu=cortex-m3 -mthumb -g -O"
 358      20726576 
 358      6973696F 
 358      6E203232 
 358      31323230 
 359 0123 67202D66 		.ascii	"g -ffunction-sections -ffat-lto-objects\000"
 359      66756E63 
 359      74696F6E 
 359      2D736563 
 359      74696F6E 
 360              	.LASF17:
 361 014b 4D697865 		.ascii	"Mixer_1_Start\000"
 361      725F315F 
 361      53746172 
 361      7400
 362              	.LASF1:
 363 0159 756E7369 		.ascii	"unsigned char\000"
 363      676E6564 
 363      20636861 
 363      7200
 364              	.LASF13:
 365 0167 63686172 		.ascii	"char\000"
 365      00
 366              	.LASF4:
 367 016c 6C6F6E67 		.ascii	"long int\000"
 367      20696E74 
 367      00
 368              	.LASF16:
 369 0175 436F6D70 		.ascii	"Comp_1_Start\000"
 369      5F315F53 
 369      74617274 
 369      00
ARM GAS  C:\Users\user\AppData\Local\Temp\ccvA5IQR.s 			page 9


 370              	.LASF12:
 371 0182 646F7562 		.ascii	"double\000"
 371      6C6500
 372              	.LASF22:
 373 0189 49544D5F 		.ascii	"ITM_RxBuffer\000"
 373      52784275 
 373      66666572 
 373      00
 374              	.LASF0:
 375 0196 7369676E 		.ascii	"signed char\000"
 375      65642063 
 375      68617200 
 376              	.LASF9:
 377 01a2 5F5F696E 		.ascii	"__int32_t\000"
 377      7433325F 
 377      7400
 378              	.LASF11:
 379 01ac 666C6F61 		.ascii	"float\000"
 379      7400
 380              	.LASF2:
 381 01b2 73686F72 		.ascii	"short int\000"
 381      7420696E 
 381      7400
 382              	.LASF10:
 383 01bc 696E7433 		.ascii	"int32_t\000"
 383      325F7400 
 384              	.LASF14:
 385 01c4 73697A65 		.ascii	"sizetype\000"
 385      74797065 
 385      00
 386              		.ident	"GCC: (GNU Tools for ARM Embedded Processors) 4.9.3 20150303 (release) [ARM/embedded-4_9-br
