ARM GAS  C:\Users\user\AppData\Local\Temp\ccLYdD7j.s 			page 1


   1              		.syntax unified
   2              		.cpu cortex-m3
   3              		.fpu softvfp
   4              		.eabi_attribute 20, 1
   5              		.eabi_attribute 21, 1
   6              		.eabi_attribute 23, 3
   7              		.eabi_attribute 24, 1
   8              		.eabi_attribute 25, 1
   9              		.eabi_attribute 26, 1
  10              		.eabi_attribute 30, 1
  11              		.eabi_attribute 34, 1
  12              		.eabi_attribute 18, 4
  13              		.thumb
  14              		.file	"Mixer_1.c"
  15              		.text
  16              	.Ltext0:
  17              		.cfi_sections	.debug_frame
  18              		.section	.text.Mixer_1_Enable,"ax",%progbits
  19              		.align	2
  20              		.global	Mixer_1_Enable
  21              		.thumb
  22              		.thumb_func
  23              		.type	Mixer_1_Enable, %function
  24              	Mixer_1_Enable:
  25              	.LFB1:
  26              		.file 1 ".\\Generated_Source\\PSoC5\\Mixer_1.c"
   1:.\Generated_Source\PSoC5/Mixer_1.c **** /*******************************************************************************
   2:.\Generated_Source\PSoC5/Mixer_1.c **** * File Name: Mixer_1.c  
   3:.\Generated_Source\PSoC5/Mixer_1.c **** * Version 2.0
   4:.\Generated_Source\PSoC5/Mixer_1.c **** *
   5:.\Generated_Source\PSoC5/Mixer_1.c **** * Description:
   6:.\Generated_Source\PSoC5/Mixer_1.c **** *  This file provides the source code to the API for the MIXER Component.
   7:.\Generated_Source\PSoC5/Mixer_1.c **** *
   8:.\Generated_Source\PSoC5/Mixer_1.c **** * Note:
   9:.\Generated_Source\PSoC5/Mixer_1.c **** *
  10:.\Generated_Source\PSoC5/Mixer_1.c **** *******************************************************************************
  11:.\Generated_Source\PSoC5/Mixer_1.c **** * Copyright 2008-2012, Cypress Semiconductor Corporation.  All rights reserved.
  12:.\Generated_Source\PSoC5/Mixer_1.c **** * You may use this file only in accordance with the license, terms, conditions, 
  13:.\Generated_Source\PSoC5/Mixer_1.c **** * disclaimers, and limitations in the end user license agreement accompanying 
  14:.\Generated_Source\PSoC5/Mixer_1.c **** * the software package with which this file was provided.
  15:.\Generated_Source\PSoC5/Mixer_1.c **** *******************************************************************************/
  16:.\Generated_Source\PSoC5/Mixer_1.c **** 
  17:.\Generated_Source\PSoC5/Mixer_1.c **** #include "Mixer_1.h"
  18:.\Generated_Source\PSoC5/Mixer_1.c **** 
  19:.\Generated_Source\PSoC5/Mixer_1.c **** #if (!CY_PSOC5A)
  20:.\Generated_Source\PSoC5/Mixer_1.c ****     #if (CYDEV_VARIABLE_VDDA == 1u)
  21:.\Generated_Source\PSoC5/Mixer_1.c ****         #include "CyScBoostClk.h"
  22:.\Generated_Source\PSoC5/Mixer_1.c ****     #endif /* (CYDEV_VARIABLE_VDDA == 1u) */
  23:.\Generated_Source\PSoC5/Mixer_1.c **** #endif /* (!CY_PSOC5A) */
  24:.\Generated_Source\PSoC5/Mixer_1.c **** 
  25:.\Generated_Source\PSoC5/Mixer_1.c **** #if (Mixer_1_LO_SOURCE == Mixer_1_LO_SOURCE_INTERNAL)
  26:.\Generated_Source\PSoC5/Mixer_1.c ****     #include "Mixer_1_aclk.h"
  27:.\Generated_Source\PSoC5/Mixer_1.c **** #endif /* Mixer_1_LO_SOURCE */
  28:.\Generated_Source\PSoC5/Mixer_1.c **** 
  29:.\Generated_Source\PSoC5/Mixer_1.c **** /* Fixed configuration of SC Block only performed once */
  30:.\Generated_Source\PSoC5/Mixer_1.c **** uint8 Mixer_1_initVar = 0u;
  31:.\Generated_Source\PSoC5/Mixer_1.c **** 
ARM GAS  C:\Users\user\AppData\Local\Temp\ccLYdD7j.s 			page 2


  32:.\Generated_Source\PSoC5/Mixer_1.c **** /* Only for PSoC5A */
  33:.\Generated_Source\PSoC5/Mixer_1.c **** #if (CY_PSOC5A)
  34:.\Generated_Source\PSoC5/Mixer_1.c ****     static Mixer_1_backupStruct Mixer_1_P5backup;
  35:.\Generated_Source\PSoC5/Mixer_1.c **** #endif /* CY_PSOC5A */
  36:.\Generated_Source\PSoC5/Mixer_1.c **** 
  37:.\Generated_Source\PSoC5/Mixer_1.c **** 
  38:.\Generated_Source\PSoC5/Mixer_1.c **** /*******************************************************************************
  39:.\Generated_Source\PSoC5/Mixer_1.c **** * Function Name: Mixer_1_Init
  40:.\Generated_Source\PSoC5/Mixer_1.c **** ********************************************************************************
  41:.\Generated_Source\PSoC5/Mixer_1.c **** *
  42:.\Generated_Source\PSoC5/Mixer_1.c **** * Summary:
  43:.\Generated_Source\PSoC5/Mixer_1.c **** *  Initialize component's parameters to the parameters set by user in the 
  44:.\Generated_Source\PSoC5/Mixer_1.c **** *  customizer of the component placed onto schematic. Usually called in 
  45:.\Generated_Source\PSoC5/Mixer_1.c **** *  Mixer_1_Start().
  46:.\Generated_Source\PSoC5/Mixer_1.c **** *
  47:.\Generated_Source\PSoC5/Mixer_1.c **** * Parameters:  
  48:.\Generated_Source\PSoC5/Mixer_1.c **** *  void
  49:.\Generated_Source\PSoC5/Mixer_1.c **** *
  50:.\Generated_Source\PSoC5/Mixer_1.c **** * Return: 
  51:.\Generated_Source\PSoC5/Mixer_1.c **** *  void
  52:.\Generated_Source\PSoC5/Mixer_1.c **** *
  53:.\Generated_Source\PSoC5/Mixer_1.c **** *******************************************************************************/
  54:.\Generated_Source\PSoC5/Mixer_1.c **** void Mixer_1_Init(void) 
  55:.\Generated_Source\PSoC5/Mixer_1.c **** {
  56:.\Generated_Source\PSoC5/Mixer_1.c ****     float LOf = Mixer_1_LO_CLOCK_FREQ;
  57:.\Generated_Source\PSoC5/Mixer_1.c ****     
  58:.\Generated_Source\PSoC5/Mixer_1.c ****     /* Configure SC Block based on selected Mixer type */
  59:.\Generated_Source\PSoC5/Mixer_1.c ****     /* Continuous Time (up) mixer */
  60:.\Generated_Source\PSoC5/Mixer_1.c ****     #if (Mixer_1_MIXER_TYPE == Mixer_1_CTMIXER) 
  61:.\Generated_Source\PSoC5/Mixer_1.c ****         /* SC Block mode -  - SCxx_CR0[3:1] */
  62:.\Generated_Source\PSoC5/Mixer_1.c ****         Mixer_1_CR0_REG = Mixer_1_MODE_CTMIXER;   
  63:.\Generated_Source\PSoC5/Mixer_1.c **** 
  64:.\Generated_Source\PSoC5/Mixer_1.c ****         /* SC Block CR1 */ 
  65:.\Generated_Source\PSoC5/Mixer_1.c ****         Mixer_1_CR1_REG = (Mixer_1_COMP_4P35PF  |
  66:.\Generated_Source\PSoC5/Mixer_1.c ****                                 Mixer_1_DIV2_DISABLE |
  67:.\Generated_Source\PSoC5/Mixer_1.c ****                                 Mixer_1_GAIN_0DB);                                 
  68:.\Generated_Source\PSoC5/Mixer_1.c **** 
  69:.\Generated_Source\PSoC5/Mixer_1.c ****         /* 
  70:.\Generated_Source\PSoC5/Mixer_1.c ****             Set SC Block resistor values based on Local Oscillator being above 
  71:.\Generated_Source\PSoC5/Mixer_1.c ****             or below 100kHz - controled by r20_40 (Rmix) bit for CT mode mixer
  72:.\Generated_Source\PSoC5/Mixer_1.c ****             and SC Block
  73:.\Generated_Source\PSoC5/Mixer_1.c ****         */
  74:.\Generated_Source\PSoC5/Mixer_1.c **** 
  75:.\Generated_Source\PSoC5/Mixer_1.c ****         if (LOf < Mixer_1_LO_CLOCK_FREQ_100_KHz)
  76:.\Generated_Source\PSoC5/Mixer_1.c ****         {
  77:.\Generated_Source\PSoC5/Mixer_1.c ****             Mixer_1_CR2_REG = (Mixer_1_BIAS_LOW |
  78:.\Generated_Source\PSoC5/Mixer_1.c **** 										Mixer_1_REDC_01 |
  79:.\Generated_Source\PSoC5/Mixer_1.c **** 										Mixer_1_GNDVREF_DI |
  80:.\Generated_Source\PSoC5/Mixer_1.c **** 										Mixer_1_R20_40B_40K);
  81:.\Generated_Source\PSoC5/Mixer_1.c ****         }
  82:.\Generated_Source\PSoC5/Mixer_1.c ****         else
  83:.\Generated_Source\PSoC5/Mixer_1.c ****         {
  84:.\Generated_Source\PSoC5/Mixer_1.c ****             Mixer_1_CR2_REG = (Mixer_1_BIAS_LOW |
  85:.\Generated_Source\PSoC5/Mixer_1.c **** 										Mixer_1_REDC_01 |
  86:.\Generated_Source\PSoC5/Mixer_1.c **** 										Mixer_1_GNDVREF_DI |
  87:.\Generated_Source\PSoC5/Mixer_1.c **** 										Mixer_1_R20_40B_20K);
  88:.\Generated_Source\PSoC5/Mixer_1.c ****         }
ARM GAS  C:\Users\user\AppData\Local\Temp\ccLYdD7j.s 			page 3


  89:.\Generated_Source\PSoC5/Mixer_1.c ****     #else
  90:.\Generated_Source\PSoC5/Mixer_1.c ****         /* Discrete Time (down) mixer */
  91:.\Generated_Source\PSoC5/Mixer_1.c ****         /* SC Block mode -  - SCxx_CR0[3:1] */
  92:.\Generated_Source\PSoC5/Mixer_1.c ****         Mixer_1_CR0_REG = Mixer_1_MODE_DTMIXER;       
  93:.\Generated_Source\PSoC5/Mixer_1.c **** 
  94:.\Generated_Source\PSoC5/Mixer_1.c ****         /* SC Block CR1 */ 
  95:.\Generated_Source\PSoC5/Mixer_1.c ****         Mixer_1_CR1_REG = (Mixer_1_COMP_4P35PF  |
  96:.\Generated_Source\PSoC5/Mixer_1.c ****                                 Mixer_1_DIV2_ENABLE |
  97:.\Generated_Source\PSoC5/Mixer_1.c ****                                 Mixer_1_GAIN_0DB);
  98:.\Generated_Source\PSoC5/Mixer_1.c **** 
  99:.\Generated_Source\PSoC5/Mixer_1.c ****         /* 
 100:.\Generated_Source\PSoC5/Mixer_1.c ****             Set SC Block resistor values based on Local Oscillator beign above 
 101:.\Generated_Source\PSoC5/Mixer_1.c ****             or below 100kHz - set r20_40 (input resitance) and rval (feedback) 
 102:.\Generated_Source\PSoC5/Mixer_1.c ****             resistor values seperately for DT mode and SC Block
 103:.\Generated_Source\PSoC5/Mixer_1.c ****         */
 104:.\Generated_Source\PSoC5/Mixer_1.c ****         if (LOf < Mixer_1_LO_CLOCK_FREQ_100_KHz)
 105:.\Generated_Source\PSoC5/Mixer_1.c ****         {
 106:.\Generated_Source\PSoC5/Mixer_1.c ****             Mixer_1_CR2_REG = (Mixer_1_BIAS_LOW |
 107:.\Generated_Source\PSoC5/Mixer_1.c **** 										Mixer_1_GNDVREF_DI |
 108:.\Generated_Source\PSoC5/Mixer_1.c **** 										Mixer_1_R20_40B_40K |
 109:.\Generated_Source\PSoC5/Mixer_1.c **** 										Mixer_1_RVAL_40K); 
 110:.\Generated_Source\PSoC5/Mixer_1.c ****         }
 111:.\Generated_Source\PSoC5/Mixer_1.c ****         else
 112:.\Generated_Source\PSoC5/Mixer_1.c ****         {
 113:.\Generated_Source\PSoC5/Mixer_1.c ****             Mixer_1_CR2_REG = (Mixer_1_BIAS_LOW |
 114:.\Generated_Source\PSoC5/Mixer_1.c **** 										Mixer_1_GNDVREF_DI |
 115:.\Generated_Source\PSoC5/Mixer_1.c **** 										Mixer_1_R20_40B_20K |
 116:.\Generated_Source\PSoC5/Mixer_1.c **** 										Mixer_1_RVAL_20K);
 117:.\Generated_Source\PSoC5/Mixer_1.c ****         }
 118:.\Generated_Source\PSoC5/Mixer_1.c ****     #endif /* end if - Mixer Type */
 119:.\Generated_Source\PSoC5/Mixer_1.c **** 
 120:.\Generated_Source\PSoC5/Mixer_1.c ****     /* Enable SC Block clocking */
 121:.\Generated_Source\PSoC5/Mixer_1.c ****     Mixer_1_CLK_REG |= Mixer_1_CLK_EN;
 122:.\Generated_Source\PSoC5/Mixer_1.c **** 
 123:.\Generated_Source\PSoC5/Mixer_1.c ****     /* Set default power */
 124:.\Generated_Source\PSoC5/Mixer_1.c ****     Mixer_1_SetPower(Mixer_1_INIT_POWER);
 125:.\Generated_Source\PSoC5/Mixer_1.c ****     
 126:.\Generated_Source\PSoC5/Mixer_1.c ****     /* Set 50 % Duty cycle for LO clock if LO source is internal */
 127:.\Generated_Source\PSoC5/Mixer_1.c ****     #if(Mixer_1_LO_SOURCE == Mixer_1_LO_SOURCE_INTERNAL)
 128:.\Generated_Source\PSoC5/Mixer_1.c ****         Mixer_1_aclk_SetMode(CYCLK_DUTY);
 129:.\Generated_Source\PSoC5/Mixer_1.c ****     #endif /* Mixer_1_LO_SOURCE == Mixer_1_LO_SOURCE_INTERNAL */
 130:.\Generated_Source\PSoC5/Mixer_1.c **** 
 131:.\Generated_Source\PSoC5/Mixer_1.c **** }
 132:.\Generated_Source\PSoC5/Mixer_1.c **** 
 133:.\Generated_Source\PSoC5/Mixer_1.c **** 
 134:.\Generated_Source\PSoC5/Mixer_1.c **** /*******************************************************************************
 135:.\Generated_Source\PSoC5/Mixer_1.c **** * Function Name: Mixer_1_Enable
 136:.\Generated_Source\PSoC5/Mixer_1.c **** ********************************************************************************
 137:.\Generated_Source\PSoC5/Mixer_1.c **** *  
 138:.\Generated_Source\PSoC5/Mixer_1.c **** * Summary: 
 139:.\Generated_Source\PSoC5/Mixer_1.c **** *  Enables the Mixer block operation
 140:.\Generated_Source\PSoC5/Mixer_1.c **** *
 141:.\Generated_Source\PSoC5/Mixer_1.c **** * Parameters:  
 142:.\Generated_Source\PSoC5/Mixer_1.c **** *  void
 143:.\Generated_Source\PSoC5/Mixer_1.c **** *
 144:.\Generated_Source\PSoC5/Mixer_1.c **** * Return: 
 145:.\Generated_Source\PSoC5/Mixer_1.c **** *  void
ARM GAS  C:\Users\user\AppData\Local\Temp\ccLYdD7j.s 			page 4


 146:.\Generated_Source\PSoC5/Mixer_1.c **** *
 147:.\Generated_Source\PSoC5/Mixer_1.c **** *******************************************************************************/
 148:.\Generated_Source\PSoC5/Mixer_1.c **** void Mixer_1_Enable(void) 
 149:.\Generated_Source\PSoC5/Mixer_1.c **** {
  27              		.loc 1 149 0
  28              		.cfi_startproc
  29              		@ args = 0, pretend = 0, frame = 0
  30              		@ frame_needed = 0, uses_anonymous_args = 0
  31              		@ link register save eliminated.
 150:.\Generated_Source\PSoC5/Mixer_1.c ****     /* This is to restore the value of register CR1 and CR2 which is saved 
 151:.\Generated_Source\PSoC5/Mixer_1.c ****       in prior to the modifications in stop() API */
 152:.\Generated_Source\PSoC5/Mixer_1.c ****     #if (CY_PSOC5A)
 153:.\Generated_Source\PSoC5/Mixer_1.c ****         if(Mixer_1_P5backup.enableState == 1u)
 154:.\Generated_Source\PSoC5/Mixer_1.c ****         {
 155:.\Generated_Source\PSoC5/Mixer_1.c ****             Mixer_1_CR1_REG = Mixer_1_P5backup.scCR1Reg;
 156:.\Generated_Source\PSoC5/Mixer_1.c ****             Mixer_1_CR2_REG = Mixer_1_P5backup.scCR2Reg;
 157:.\Generated_Source\PSoC5/Mixer_1.c ****             Mixer_1_P5backup.enableState = 0u;
 158:.\Generated_Source\PSoC5/Mixer_1.c ****         }
 159:.\Generated_Source\PSoC5/Mixer_1.c ****     #endif /* CY_PSOC5A */
 160:.\Generated_Source\PSoC5/Mixer_1.c ****     
 161:.\Generated_Source\PSoC5/Mixer_1.c ****     /* Enable power to SC block in active mode */
 162:.\Generated_Source\PSoC5/Mixer_1.c ****     Mixer_1_PM_ACT_CFG_REG |= Mixer_1_ACT_PWR_EN;
  32              		.loc 1 162 0
  33 0000 084A     		ldr	r2, .L2
  34 0002 1378     		ldrb	r3, [r2]	@ zero_extendqisi2
  35 0004 43F00403 		orr	r3, r3, #4
  36 0008 1370     		strb	r3, [r2]
 163:.\Generated_Source\PSoC5/Mixer_1.c **** 
 164:.\Generated_Source\PSoC5/Mixer_1.c ****     /* Enable power to SC block in Alternative active mode */
 165:.\Generated_Source\PSoC5/Mixer_1.c ****     Mixer_1_PM_STBY_CFG_REG |= Mixer_1_STBY_PWR_EN;
  37              		.loc 1 165 0
  38 000a 1032     		adds	r2, r2, #16
  39 000c 1378     		ldrb	r3, [r2]	@ zero_extendqisi2
  40 000e 43F00403 		orr	r3, r3, #4
  41 0012 1370     		strb	r3, [r2]
 166:.\Generated_Source\PSoC5/Mixer_1.c ****     
 167:.\Generated_Source\PSoC5/Mixer_1.c ****     /* Enable LO_Internal clock if LO source is choosen as internal */
 168:.\Generated_Source\PSoC5/Mixer_1.c ****     #if(Mixer_1_LO_SOURCE == Mixer_1_LO_SOURCE_INTERNAL)
 169:.\Generated_Source\PSoC5/Mixer_1.c ****         /* Enable power to the LO clock */
 170:.\Generated_Source\PSoC5/Mixer_1.c ****         Mixer_1_PWRMGR_ACLK_REG |= Mixer_1_ACT_PWR_ACLK_EN;        
 171:.\Generated_Source\PSoC5/Mixer_1.c ****         Mixer_1_STBY_PWRMGR_ACLK_REG |= Mixer_1_STBY_PWR_ACLK_EN;
 172:.\Generated_Source\PSoC5/Mixer_1.c ****         /* Enable the clock */
 173:.\Generated_Source\PSoC5/Mixer_1.c ****         Mixer_1_aclk_Enable();        
 174:.\Generated_Source\PSoC5/Mixer_1.c ****     #endif /* Mixer_1_LO_SOURCE == Mixer_1_LO_SOURCE_INTERNAL */
 175:.\Generated_Source\PSoC5/Mixer_1.c **** 
 176:.\Generated_Source\PSoC5/Mixer_1.c ****     Mixer_1_PUMP_CR1_REG |= Mixer_1_PUMP_CR1_SC_CLKSEL;
  42              		.loc 1 176 0
  43 0014 02F5A552 		add	r2, r2, #5280
  44 0018 1E32     		adds	r2, r2, #30
  45 001a 1378     		ldrb	r3, [r2]	@ zero_extendqisi2
  46 001c 43F08003 		orr	r3, r3, #128
  47 0020 1370     		strb	r3, [r2]
  48 0022 7047     		bx	lr
  49              	.L3:
  50              		.align	2
  51              	.L2:
  52 0024 A9430040 		.word	1073759145
ARM GAS  C:\Users\user\AppData\Local\Temp\ccLYdD7j.s 			page 5


  53              		.cfi_endproc
  54              	.LFE1:
  55              		.size	Mixer_1_Enable, .-Mixer_1_Enable
  56              		.section	.text.Mixer_1_Stop,"ax",%progbits
  57              		.align	2
  58              		.global	Mixer_1_Stop
  59              		.thumb
  60              		.thumb_func
  61              		.type	Mixer_1_Stop, %function
  62              	Mixer_1_Stop:
  63              	.LFB3:
 177:.\Generated_Source\PSoC5/Mixer_1.c ****     
 178:.\Generated_Source\PSoC5/Mixer_1.c ****     #if (!CY_PSOC5A)
 179:.\Generated_Source\PSoC5/Mixer_1.c ****         #if (CYDEV_VARIABLE_VDDA == 1u)
 180:.\Generated_Source\PSoC5/Mixer_1.c ****             if(CyScPumpEnabled == 1u)
 181:.\Generated_Source\PSoC5/Mixer_1.c ****             {
 182:.\Generated_Source\PSoC5/Mixer_1.c ****                 Mixer_1_BSTCLK_REG &= (uint8)(~Mixer_1_BST_CLK_INDEX_MASK);
 183:.\Generated_Source\PSoC5/Mixer_1.c ****                 Mixer_1_BSTCLK_REG |= Mixer_1_BST_CLK_EN | CyScBoostClk__INDEX;
 184:.\Generated_Source\PSoC5/Mixer_1.c ****                 Mixer_1_SC_MISC_REG |= Mixer_1_PUMP_FORCE;
 185:.\Generated_Source\PSoC5/Mixer_1.c ****                 CyScBoostClk_Start();
 186:.\Generated_Source\PSoC5/Mixer_1.c ****             }
 187:.\Generated_Source\PSoC5/Mixer_1.c ****             else
 188:.\Generated_Source\PSoC5/Mixer_1.c ****             {
 189:.\Generated_Source\PSoC5/Mixer_1.c ****                 Mixer_1_BSTCLK_REG &= (uint8)(~Mixer_1_BST_CLK_EN);
 190:.\Generated_Source\PSoC5/Mixer_1.c ****                 Mixer_1_SC_MISC_REG &= (uint8)(~Mixer_1_PUMP_FORCE);
 191:.\Generated_Source\PSoC5/Mixer_1.c ****             }
 192:.\Generated_Source\PSoC5/Mixer_1.c ****         #endif /* (CYDEV_VARIABLE_VDDA == 1u) */
 193:.\Generated_Source\PSoC5/Mixer_1.c ****     #endif /* (!CY_PSOC5A) */
 194:.\Generated_Source\PSoC5/Mixer_1.c **** }
 195:.\Generated_Source\PSoC5/Mixer_1.c **** 
 196:.\Generated_Source\PSoC5/Mixer_1.c **** 
 197:.\Generated_Source\PSoC5/Mixer_1.c **** /*******************************************************************************
 198:.\Generated_Source\PSoC5/Mixer_1.c **** * Function Name: Mixer_1_Start
 199:.\Generated_Source\PSoC5/Mixer_1.c **** ********************************************************************************
 200:.\Generated_Source\PSoC5/Mixer_1.c **** *
 201:.\Generated_Source\PSoC5/Mixer_1.c **** * Summary:
 202:.\Generated_Source\PSoC5/Mixer_1.c **** *  The start function initializes the SC block control registers based on the
 203:.\Generated_Source\PSoC5/Mixer_1.c **** *  Mixer type selected and and enables power to the SC block
 204:.\Generated_Source\PSoC5/Mixer_1.c **** *
 205:.\Generated_Source\PSoC5/Mixer_1.c **** * Parameters:  
 206:.\Generated_Source\PSoC5/Mixer_1.c **** *  void
 207:.\Generated_Source\PSoC5/Mixer_1.c **** *
 208:.\Generated_Source\PSoC5/Mixer_1.c **** * Return: 
 209:.\Generated_Source\PSoC5/Mixer_1.c **** *  void 
 210:.\Generated_Source\PSoC5/Mixer_1.c **** *
 211:.\Generated_Source\PSoC5/Mixer_1.c **** * Global variables:
 212:.\Generated_Source\PSoC5/Mixer_1.c **** *  Mixer_1_initVar:  Used to check the initial configuration,
 213:.\Generated_Source\PSoC5/Mixer_1.c **** *  modified when this function is called for the first time.
 214:.\Generated_Source\PSoC5/Mixer_1.c **** *
 215:.\Generated_Source\PSoC5/Mixer_1.c **** * Theory: 
 216:.\Generated_Source\PSoC5/Mixer_1.c **** *  Full initialization of the SC Block configuration registers is only perfomed 
 217:.\Generated_Source\PSoC5/Mixer_1.c **** *  the first time the routine executes - global variable 
 218:.\Generated_Source\PSoC5/Mixer_1.c **** *  Mixer_1_initVar is used indicate that the static configuration has 
 219:.\Generated_Source\PSoC5/Mixer_1.c **** *  been completed.
 220:.\Generated_Source\PSoC5/Mixer_1.c **** *
 221:.\Generated_Source\PSoC5/Mixer_1.c **** *******************************************************************************/
 222:.\Generated_Source\PSoC5/Mixer_1.c **** void Mixer_1_Start(void) 
ARM GAS  C:\Users\user\AppData\Local\Temp\ccLYdD7j.s 			page 6


 223:.\Generated_Source\PSoC5/Mixer_1.c **** {
 224:.\Generated_Source\PSoC5/Mixer_1.c ****     /* If not Initialized then initialize all required hardware and software */
 225:.\Generated_Source\PSoC5/Mixer_1.c ****     if(Mixer_1_initVar == 0u)
 226:.\Generated_Source\PSoC5/Mixer_1.c ****     {
 227:.\Generated_Source\PSoC5/Mixer_1.c ****         Mixer_1_Init();
 228:.\Generated_Source\PSoC5/Mixer_1.c ****         Mixer_1_initVar = 1u;
 229:.\Generated_Source\PSoC5/Mixer_1.c ****     }
 230:.\Generated_Source\PSoC5/Mixer_1.c ****     /* Enable the power to the block */
 231:.\Generated_Source\PSoC5/Mixer_1.c ****     Mixer_1_Enable();
 232:.\Generated_Source\PSoC5/Mixer_1.c ****     
 233:.\Generated_Source\PSoC5/Mixer_1.c **** }
 234:.\Generated_Source\PSoC5/Mixer_1.c **** 
 235:.\Generated_Source\PSoC5/Mixer_1.c **** 
 236:.\Generated_Source\PSoC5/Mixer_1.c **** /*******************************************************************************
 237:.\Generated_Source\PSoC5/Mixer_1.c **** * Function Name: Mixer_1_Stop
 238:.\Generated_Source\PSoC5/Mixer_1.c **** ********************************************************************************
 239:.\Generated_Source\PSoC5/Mixer_1.c **** *
 240:.\Generated_Source\PSoC5/Mixer_1.c **** * Summary:
 241:.\Generated_Source\PSoC5/Mixer_1.c **** *  Disables power to SC block.
 242:.\Generated_Source\PSoC5/Mixer_1.c **** *
 243:.\Generated_Source\PSoC5/Mixer_1.c **** * Parameters:  
 244:.\Generated_Source\PSoC5/Mixer_1.c **** *  void 
 245:.\Generated_Source\PSoC5/Mixer_1.c **** *
 246:.\Generated_Source\PSoC5/Mixer_1.c **** * Return: 
 247:.\Generated_Source\PSoC5/Mixer_1.c **** *  void 
 248:.\Generated_Source\PSoC5/Mixer_1.c **** *
 249:.\Generated_Source\PSoC5/Mixer_1.c **** *******************************************************************************/
 250:.\Generated_Source\PSoC5/Mixer_1.c **** void Mixer_1_Stop(void) 
 251:.\Generated_Source\PSoC5/Mixer_1.c **** {       
  64              		.loc 1 251 0
  65              		.cfi_startproc
  66              		@ args = 0, pretend = 0, frame = 0
  67              		@ frame_needed = 0, uses_anonymous_args = 0
  68              		@ link register save eliminated.
 252:.\Generated_Source\PSoC5/Mixer_1.c ****     /* Disble power to the Amp in Active mode template */
 253:.\Generated_Source\PSoC5/Mixer_1.c ****     Mixer_1_PM_ACT_CFG_REG &= (uint8)(~Mixer_1_ACT_PWR_EN);
  69              		.loc 1 253 0
  70 0000 054A     		ldr	r2, .L5
  71 0002 1378     		ldrb	r3, [r2]	@ zero_extendqisi2
  72 0004 03F0FB03 		and	r3, r3, #251
  73 0008 1370     		strb	r3, [r2]
 254:.\Generated_Source\PSoC5/Mixer_1.c **** 
 255:.\Generated_Source\PSoC5/Mixer_1.c ****     /* Disble power to the Amp in Alternative Active mode template */
 256:.\Generated_Source\PSoC5/Mixer_1.c ****     Mixer_1_PM_STBY_CFG_REG &= (uint8)(~Mixer_1_STBY_PWR_EN);
  74              		.loc 1 256 0
  75 000a 1032     		adds	r2, r2, #16
  76 000c 1378     		ldrb	r3, [r2]	@ zero_extendqisi2
  77 000e 03F0FB03 		and	r3, r3, #251
  78 0012 1370     		strb	r3, [r2]
  79 0014 7047     		bx	lr
  80              	.L6:
  81 0016 00BF     		.align	2
  82              	.L5:
  83 0018 A9430040 		.word	1073759145
  84              		.cfi_endproc
  85              	.LFE3:
  86              		.size	Mixer_1_Stop, .-Mixer_1_Stop
ARM GAS  C:\Users\user\AppData\Local\Temp\ccLYdD7j.s 			page 7


  87              		.section	.text.Mixer_1_SetPower,"ax",%progbits
  88              		.align	2
  89              		.global	Mixer_1_SetPower
  90              		.thumb
  91              		.thumb_func
  92              		.type	Mixer_1_SetPower, %function
  93              	Mixer_1_SetPower:
  94              	.LFB4:
 257:.\Generated_Source\PSoC5/Mixer_1.c ****     
 258:.\Generated_Source\PSoC5/Mixer_1.c ****     #if (!CY_PSOC5A)
 259:.\Generated_Source\PSoC5/Mixer_1.c ****         #if (CYDEV_VARIABLE_VDDA == 1u)
 260:.\Generated_Source\PSoC5/Mixer_1.c ****             Mixer_1_BSTCLK_REG &= (uint8)(~Mixer_1_BST_CLK_EN);
 261:.\Generated_Source\PSoC5/Mixer_1.c ****             /* Disable pumps only if there aren't any SC block in use */
 262:.\Generated_Source\PSoC5/Mixer_1.c ****             if ((Mixer_1_PM_ACT_CFG_REG & Mixer_1_PM_ACT_CFG_MASK) == 0u)
 263:.\Generated_Source\PSoC5/Mixer_1.c ****             {
 264:.\Generated_Source\PSoC5/Mixer_1.c ****                 Mixer_1_SC_MISC_REG &= (uint8)(~Mixer_1_PUMP_FORCE);
 265:.\Generated_Source\PSoC5/Mixer_1.c ****                 Mixer_1_PUMP_CR1_REG &= (uint8)(~Mixer_1_PUMP_CR1_SC_CLKSEL);
 266:.\Generated_Source\PSoC5/Mixer_1.c ****                 CyScBoostClk_Stop();
 267:.\Generated_Source\PSoC5/Mixer_1.c ****             }
 268:.\Generated_Source\PSoC5/Mixer_1.c ****         #endif /* CYDEV_VARIABLE_VDDA == 1u */
 269:.\Generated_Source\PSoC5/Mixer_1.c ****     #endif /* (CY_PSOC3 || CY_PSOC5LP) */
 270:.\Generated_Source\PSoC5/Mixer_1.c ****     
 271:.\Generated_Source\PSoC5/Mixer_1.c ****     /* This sets Sample and hold in zero current mode and output routes are valid */
 272:.\Generated_Source\PSoC5/Mixer_1.c ****     #if (CY_PSOC5A)
 273:.\Generated_Source\PSoC5/Mixer_1.c ****         Mixer_1_P5backup.scCR1Reg = Mixer_1_CR1_REG;
 274:.\Generated_Source\PSoC5/Mixer_1.c ****         Mixer_1_P5backup.scCR2Reg = Mixer_1_CR2_REG;
 275:.\Generated_Source\PSoC5/Mixer_1.c ****         Mixer_1_CR1_REG = 0x00u;
 276:.\Generated_Source\PSoC5/Mixer_1.c ****         Mixer_1_CR2_REG = 0x00u;
 277:.\Generated_Source\PSoC5/Mixer_1.c ****         Mixer_1_P5backup.enableState = 1u;
 278:.\Generated_Source\PSoC5/Mixer_1.c ****     #endif /* CY_PSOC5A */  
 279:.\Generated_Source\PSoC5/Mixer_1.c ****     
 280:.\Generated_Source\PSoC5/Mixer_1.c ****     /* Disable aclk */
 281:.\Generated_Source\PSoC5/Mixer_1.c ****     #if(Mixer_1_LO_SOURCE == Mixer_1_LO_SOURCE_INTERNAL)
 282:.\Generated_Source\PSoC5/Mixer_1.c ****         /* Disable power to clock */
 283:.\Generated_Source\PSoC5/Mixer_1.c ****         Mixer_1_PWRMGR_ACLK_REG &= (uint8)(~Mixer_1_ACT_PWR_ACLK_EN);
 284:.\Generated_Source\PSoC5/Mixer_1.c ****         Mixer_1_STBY_PWRMGR_ACLK_REG &= (uint8)(~Mixer_1_STBY_PWR_ACLK_EN);
 285:.\Generated_Source\PSoC5/Mixer_1.c ****         /* Disable the clock */
 286:.\Generated_Source\PSoC5/Mixer_1.c ****         Mixer_1_aclk_Disable();
 287:.\Generated_Source\PSoC5/Mixer_1.c ****     #endif /* Mixer_1_LO_SOURCE == Mixer_1_LO_SOURCE_INTERNAL */
 288:.\Generated_Source\PSoC5/Mixer_1.c **** }
 289:.\Generated_Source\PSoC5/Mixer_1.c **** 
 290:.\Generated_Source\PSoC5/Mixer_1.c **** 
 291:.\Generated_Source\PSoC5/Mixer_1.c **** /*******************************************************************************
 292:.\Generated_Source\PSoC5/Mixer_1.c **** * Function Name: Mixer_1_SetPower
 293:.\Generated_Source\PSoC5/Mixer_1.c **** ********************************************************************************
 294:.\Generated_Source\PSoC5/Mixer_1.c **** *
 295:.\Generated_Source\PSoC5/Mixer_1.c **** * Summary:
 296:.\Generated_Source\PSoC5/Mixer_1.c **** *  Set the drive power of the MIXER
 297:.\Generated_Source\PSoC5/Mixer_1.c **** *
 298:.\Generated_Source\PSoC5/Mixer_1.c **** * Parameters:  
 299:.\Generated_Source\PSoC5/Mixer_1.c **** *  power:  Sets power level between (0) and (3) high power
 300:.\Generated_Source\PSoC5/Mixer_1.c **** *
 301:.\Generated_Source\PSoC5/Mixer_1.c **** * Return: 
 302:.\Generated_Source\PSoC5/Mixer_1.c **** *  void 
 303:.\Generated_Source\PSoC5/Mixer_1.c **** *
 304:.\Generated_Source\PSoC5/Mixer_1.c **** *******************************************************************************/
 305:.\Generated_Source\PSoC5/Mixer_1.c **** void Mixer_1_SetPower(uint8 power) 
ARM GAS  C:\Users\user\AppData\Local\Temp\ccLYdD7j.s 			page 8


 306:.\Generated_Source\PSoC5/Mixer_1.c **** {
  95              		.loc 1 306 0
  96              		.cfi_startproc
  97              		@ args = 0, pretend = 0, frame = 0
  98              		@ frame_needed = 0, uses_anonymous_args = 0
  99              		@ link register save eliminated.
 100              	.LVL0:
 307:.\Generated_Source\PSoC5/Mixer_1.c ****     uint8 tmpCR;
 308:.\Generated_Source\PSoC5/Mixer_1.c **** 
 309:.\Generated_Source\PSoC5/Mixer_1.c ****     /* Sets drive bits in SC Block Control Register 1:  SCxx_CR[1:0] */    
 310:.\Generated_Source\PSoC5/Mixer_1.c ****     tmpCR = Mixer_1_CR1_REG & (uint8)(~Mixer_1_DRIVE_MASK);
 101              		.loc 1 310 0
 102 0000 044A     		ldr	r2, .L8
 103 0002 1378     		ldrb	r3, [r2]	@ zero_extendqisi2
 104 0004 03F0FC03 		and	r3, r3, #252
 105              	.LVL1:
 311:.\Generated_Source\PSoC5/Mixer_1.c ****     tmpCR |= (power & Mixer_1_DRIVE_MASK);
 106              		.loc 1 311 0
 107 0008 00F00300 		and	r0, r0, #3
 108              	.LVL2:
 109 000c 1843     		orrs	r0, r0, r3
 110              	.LVL3:
 312:.\Generated_Source\PSoC5/Mixer_1.c ****     Mixer_1_CR1_REG = tmpCR;  
 111              		.loc 1 312 0
 112 000e 1070     		strb	r0, [r2]
 113 0010 7047     		bx	lr
 114              	.L9:
 115 0012 00BF     		.align	2
 116              	.L8:
 117 0014 09580040 		.word	1073764361
 118              		.cfi_endproc
 119              	.LFE4:
 120              		.size	Mixer_1_SetPower, .-Mixer_1_SetPower
 121              		.section	.text.Mixer_1_Init,"ax",%progbits
 122              		.align	2
 123              		.global	Mixer_1_Init
 124              		.thumb
 125              		.thumb_func
 126              		.type	Mixer_1_Init, %function
 127              	Mixer_1_Init:
 128              	.LFB0:
  55:.\Generated_Source\PSoC5/Mixer_1.c ****     float LOf = Mixer_1_LO_CLOCK_FREQ;
 129              		.loc 1 55 0
 130              		.cfi_startproc
 131              		@ args = 0, pretend = 0, frame = 0
 132              		@ frame_needed = 0, uses_anonymous_args = 0
 133 0000 08B5     		push	{r3, lr}
 134              		.cfi_def_cfa_offset 8
 135              		.cfi_offset 3, -8
 136              		.cfi_offset 14, -4
 137              	.LVL4:
  92:.\Generated_Source\PSoC5/Mixer_1.c **** 
 138              		.loc 1 92 0
 139 0002 0622     		movs	r2, #6
 140 0004 084B     		ldr	r3, .L12
 141 0006 1A70     		strb	r2, [r3]
  95:.\Generated_Source\PSoC5/Mixer_1.c ****                                 Mixer_1_DIV2_ENABLE |
ARM GAS  C:\Users\user\AppData\Local\Temp\ccLYdD7j.s 			page 9


 142              		.loc 1 95 0
 143 0008 1822     		movs	r2, #24
 144 000a 0133     		adds	r3, r3, #1
 145 000c 1A70     		strb	r2, [r3]
 113:.\Generated_Source\PSoC5/Mixer_1.c **** 										Mixer_1_GNDVREF_DI |
 146              		.loc 1 113 0
 147 000e 0322     		movs	r2, #3
 148 0010 0133     		adds	r3, r3, #1
 149 0012 1A70     		strb	r2, [r3]
 121:.\Generated_Source\PSoC5/Mixer_1.c **** 
 150              		.loc 1 121 0
 151 0014 054A     		ldr	r2, .L12+4
 152 0016 1378     		ldrb	r3, [r2]	@ zero_extendqisi2
 153 0018 43F00803 		orr	r3, r3, #8
 154 001c 1370     		strb	r3, [r2]
 124:.\Generated_Source\PSoC5/Mixer_1.c ****     
 155              		.loc 1 124 0
 156 001e 0220     		movs	r0, #2
 157 0020 FFF7FEFF 		bl	Mixer_1_SetPower
 158              	.LVL5:
 159 0024 08BD     		pop	{r3, pc}
 160              	.L13:
 161 0026 00BF     		.align	2
 162              	.L12:
 163 0028 08580040 		.word	1073764360
 164 002c 2B5A0040 		.word	1073764907
 165              		.cfi_endproc
 166              	.LFE0:
 167              		.size	Mixer_1_Init, .-Mixer_1_Init
 168              		.section	.text.Mixer_1_Start,"ax",%progbits
 169              		.align	2
 170              		.global	Mixer_1_Start
 171              		.thumb
 172              		.thumb_func
 173              		.type	Mixer_1_Start, %function
 174              	Mixer_1_Start:
 175              	.LFB2:
 223:.\Generated_Source\PSoC5/Mixer_1.c ****     /* If not Initialized then initialize all required hardware and software */
 176              		.loc 1 223 0
 177              		.cfi_startproc
 178              		@ args = 0, pretend = 0, frame = 0
 179              		@ frame_needed = 0, uses_anonymous_args = 0
 180 0000 08B5     		push	{r3, lr}
 181              		.cfi_def_cfa_offset 8
 182              		.cfi_offset 3, -8
 183              		.cfi_offset 14, -4
 225:.\Generated_Source\PSoC5/Mixer_1.c ****     {
 184              		.loc 1 225 0
 185 0002 054B     		ldr	r3, .L17
 186 0004 1B78     		ldrb	r3, [r3]	@ zero_extendqisi2
 187 0006 23B9     		cbnz	r3, .L15
 227:.\Generated_Source\PSoC5/Mixer_1.c ****         Mixer_1_initVar = 1u;
 188              		.loc 1 227 0
 189 0008 FFF7FEFF 		bl	Mixer_1_Init
 190              	.LVL6:
 228:.\Generated_Source\PSoC5/Mixer_1.c ****     }
 191              		.loc 1 228 0
ARM GAS  C:\Users\user\AppData\Local\Temp\ccLYdD7j.s 			page 10


 192 000c 0122     		movs	r2, #1
 193 000e 024B     		ldr	r3, .L17
 194 0010 1A70     		strb	r2, [r3]
 195              	.L15:
 231:.\Generated_Source\PSoC5/Mixer_1.c ****     
 196              		.loc 1 231 0
 197 0012 FFF7FEFF 		bl	Mixer_1_Enable
 198              	.LVL7:
 199 0016 08BD     		pop	{r3, pc}
 200              	.L18:
 201              		.align	2
 202              	.L17:
 203 0018 00000000 		.word	.LANCHOR0
 204              		.cfi_endproc
 205              	.LFE2:
 206              		.size	Mixer_1_Start, .-Mixer_1_Start
 207              		.global	Mixer_1_initVar
 208              		.bss
 209              		.set	.LANCHOR0,. + 0
 210              		.type	Mixer_1_initVar, %object
 211              		.size	Mixer_1_initVar, 1
 212              	Mixer_1_initVar:
 213 0000 00       		.space	1
 214              		.text
 215              	.Letext0:
 216              		.file 2 ".\\Generated_Source\\PSoC5\\cytypes.h"
 217              		.section	.debug_info,"",%progbits
 218              	.Ldebug_info0:
 219 0000 68010000 		.4byte	0x168
 220 0004 0400     		.2byte	0x4
 221 0006 00000000 		.4byte	.Ldebug_abbrev0
 222 000a 04       		.byte	0x4
 223 000b 01       		.uleb128 0x1
 224 000c 9A000000 		.4byte	.LASF21
 225 0010 01       		.byte	0x1
 226 0011 39010000 		.4byte	.LASF22
 227 0015 0E000000 		.4byte	.LASF23
 228 0019 00000000 		.4byte	.Ldebug_ranges0+0
 229 001d 00000000 		.4byte	0
 230 0021 00000000 		.4byte	.Ldebug_line0
 231 0025 02       		.uleb128 0x2
 232 0026 01       		.byte	0x1
 233 0027 06       		.byte	0x6
 234 0028 B7010000 		.4byte	.LASF0
 235 002c 02       		.uleb128 0x2
 236 002d 01       		.byte	0x1
 237 002e 08       		.byte	0x8
 238 002f 69010000 		.4byte	.LASF1
 239 0033 02       		.uleb128 0x2
 240 0034 02       		.byte	0x2
 241 0035 05       		.byte	0x5
 242 0036 E1010000 		.4byte	.LASF2
 243 003a 02       		.uleb128 0x2
 244 003b 02       		.byte	0x2
 245 003c 07       		.byte	0x7
 246 003d A4010000 		.4byte	.LASF3
 247 0041 02       		.uleb128 0x2
ARM GAS  C:\Users\user\AppData\Local\Temp\ccLYdD7j.s 			page 11


 248 0042 04       		.byte	0x4
 249 0043 05       		.byte	0x5
 250 0044 7C010000 		.4byte	.LASF4
 251 0048 02       		.uleb128 0x2
 252 0049 04       		.byte	0x4
 253 004a 07       		.byte	0x7
 254 004b 6B000000 		.4byte	.LASF5
 255 004f 02       		.uleb128 0x2
 256 0050 08       		.byte	0x8
 257 0051 05       		.byte	0x5
 258 0052 00000000 		.4byte	.LASF6
 259 0056 02       		.uleb128 0x2
 260 0057 08       		.byte	0x8
 261 0058 07       		.byte	0x7
 262 0059 7D000000 		.4byte	.LASF7
 263 005d 03       		.uleb128 0x3
 264 005e 04       		.byte	0x4
 265 005f 05       		.byte	0x5
 266 0060 696E7400 		.ascii	"int\000"
 267 0064 02       		.uleb128 0x2
 268 0065 04       		.byte	0x4
 269 0066 07       		.byte	0x7
 270 0067 58000000 		.4byte	.LASF8
 271 006b 04       		.uleb128 0x4
 272 006c 65000000 		.4byte	.LASF12
 273 0070 02       		.byte	0x2
 274 0071 3801     		.2byte	0x138
 275 0073 2C000000 		.4byte	0x2c
 276 0077 02       		.uleb128 0x2
 277 0078 04       		.byte	0x4
 278 0079 04       		.byte	0x4
 279 007a 94000000 		.4byte	.LASF9
 280 007e 02       		.uleb128 0x2
 281 007f 08       		.byte	0x8
 282 0080 04       		.byte	0x4
 283 0081 8E010000 		.4byte	.LASF10
 284 0085 02       		.uleb128 0x2
 285 0086 01       		.byte	0x1
 286 0087 08       		.byte	0x8
 287 0088 77010000 		.4byte	.LASF11
 288 008c 04       		.uleb128 0x4
 289 008d EB010000 		.4byte	.LASF13
 290 0091 02       		.byte	0x2
 291 0092 E201     		.2byte	0x1e2
 292 0094 98000000 		.4byte	0x98
 293 0098 05       		.uleb128 0x5
 294 0099 6B000000 		.4byte	0x6b
 295 009d 02       		.uleb128 0x2
 296 009e 04       		.byte	0x4
 297 009f 07       		.byte	0x7
 298 00a0 85010000 		.4byte	.LASF14
 299 00a4 06       		.uleb128 0x6
 300 00a5 95010000 		.4byte	.LASF15
 301 00a9 01       		.byte	0x1
 302 00aa 94       		.byte	0x94
 303 00ab 00000000 		.4byte	.LFB1
 304 00af 28000000 		.4byte	.LFE1-.LFB1
ARM GAS  C:\Users\user\AppData\Local\Temp\ccLYdD7j.s 			page 12


 305 00b3 01       		.uleb128 0x1
 306 00b4 9C       		.byte	0x9c
 307 00b5 06       		.uleb128 0x6
 308 00b6 F0010000 		.4byte	.LASF16
 309 00ba 01       		.byte	0x1
 310 00bb FA       		.byte	0xfa
 311 00bc 00000000 		.4byte	.LFB3
 312 00c0 1C000000 		.4byte	.LFE3-.LFB3
 313 00c4 01       		.uleb128 0x1
 314 00c5 9C       		.byte	0x9c
 315 00c6 07       		.uleb128 0x7
 316 00c7 28010000 		.4byte	.LASF17
 317 00cb 01       		.byte	0x1
 318 00cc 3101     		.2byte	0x131
 319 00ce 00000000 		.4byte	.LFB4
 320 00d2 18000000 		.4byte	.LFE4-.LFB4
 321 00d6 01       		.uleb128 0x1
 322 00d7 9C       		.byte	0x9c
 323 00d8 FD000000 		.4byte	0xfd
 324 00dc 08       		.uleb128 0x8
 325 00dd 03020000 		.4byte	.LASF24
 326 00e1 01       		.byte	0x1
 327 00e2 3101     		.2byte	0x131
 328 00e4 6B000000 		.4byte	0x6b
 329 00e8 00000000 		.4byte	.LLST0
 330 00ec 09       		.uleb128 0x9
 331 00ed FD010000 		.4byte	.LASF19
 332 00f1 01       		.byte	0x1
 333 00f2 3301     		.2byte	0x133
 334 00f4 6B000000 		.4byte	0x6b
 335 00f8 21000000 		.4byte	.LLST1
 336 00fc 00       		.byte	0
 337 00fd 0A       		.uleb128 0xa
 338 00fe 5C010000 		.4byte	.LASF18
 339 0102 01       		.byte	0x1
 340 0103 36       		.byte	0x36
 341 0104 00000000 		.4byte	.LFB0
 342 0108 30000000 		.4byte	.LFE0-.LFB0
 343 010c 01       		.uleb128 0x1
 344 010d 9C       		.byte	0x9c
 345 010e 32010000 		.4byte	0x132
 346 0112 0B       		.uleb128 0xb
 347 0113 4C4F6600 		.ascii	"LOf\000"
 348 0117 01       		.byte	0x1
 349 0118 38       		.byte	0x38
 350 0119 77000000 		.4byte	0x77
 351 011d 04       		.byte	0x4
 352 011e 00007A45 		.4byte	0x457a0000
 353 0122 0C       		.uleb128 0xc
 354 0123 24000000 		.4byte	.LVL5
 355 0127 C6000000 		.4byte	0xc6
 356 012b 0D       		.uleb128 0xd
 357 012c 01       		.uleb128 0x1
 358 012d 50       		.byte	0x50
 359 012e 01       		.uleb128 0x1
 360 012f 32       		.byte	0x32
 361 0130 00       		.byte	0
ARM GAS  C:\Users\user\AppData\Local\Temp\ccLYdD7j.s 			page 13


 362 0131 00       		.byte	0
 363 0132 0A       		.uleb128 0xa
 364 0133 D3010000 		.4byte	.LASF20
 365 0137 01       		.byte	0x1
 366 0138 DE       		.byte	0xde
 367 0139 00000000 		.4byte	.LFB2
 368 013d 1C000000 		.4byte	.LFE2-.LFB2
 369 0141 01       		.uleb128 0x1
 370 0142 9C       		.byte	0x9c
 371 0143 5A010000 		.4byte	0x15a
 372 0147 0E       		.uleb128 0xe
 373 0148 0C000000 		.4byte	.LVL6
 374 014c FD000000 		.4byte	0xfd
 375 0150 0E       		.uleb128 0xe
 376 0151 16000000 		.4byte	.LVL7
 377 0155 A4000000 		.4byte	0xa4
 378 0159 00       		.byte	0
 379 015a 0F       		.uleb128 0xf
 380 015b C3010000 		.4byte	.LASF25
 381 015f 01       		.byte	0x1
 382 0160 1E       		.byte	0x1e
 383 0161 6B000000 		.4byte	0x6b
 384 0165 05       		.uleb128 0x5
 385 0166 03       		.byte	0x3
 386 0167 00000000 		.4byte	Mixer_1_initVar
 387 016b 00       		.byte	0
 388              		.section	.debug_abbrev,"",%progbits
 389              	.Ldebug_abbrev0:
 390 0000 01       		.uleb128 0x1
 391 0001 11       		.uleb128 0x11
 392 0002 01       		.byte	0x1
 393 0003 25       		.uleb128 0x25
 394 0004 0E       		.uleb128 0xe
 395 0005 13       		.uleb128 0x13
 396 0006 0B       		.uleb128 0xb
 397 0007 03       		.uleb128 0x3
 398 0008 0E       		.uleb128 0xe
 399 0009 1B       		.uleb128 0x1b
 400 000a 0E       		.uleb128 0xe
 401 000b 55       		.uleb128 0x55
 402 000c 17       		.uleb128 0x17
 403 000d 11       		.uleb128 0x11
 404 000e 01       		.uleb128 0x1
 405 000f 10       		.uleb128 0x10
 406 0010 17       		.uleb128 0x17
 407 0011 00       		.byte	0
 408 0012 00       		.byte	0
 409 0013 02       		.uleb128 0x2
 410 0014 24       		.uleb128 0x24
 411 0015 00       		.byte	0
 412 0016 0B       		.uleb128 0xb
 413 0017 0B       		.uleb128 0xb
 414 0018 3E       		.uleb128 0x3e
 415 0019 0B       		.uleb128 0xb
 416 001a 03       		.uleb128 0x3
 417 001b 0E       		.uleb128 0xe
 418 001c 00       		.byte	0
ARM GAS  C:\Users\user\AppData\Local\Temp\ccLYdD7j.s 			page 14


 419 001d 00       		.byte	0
 420 001e 03       		.uleb128 0x3
 421 001f 24       		.uleb128 0x24
 422 0020 00       		.byte	0
 423 0021 0B       		.uleb128 0xb
 424 0022 0B       		.uleb128 0xb
 425 0023 3E       		.uleb128 0x3e
 426 0024 0B       		.uleb128 0xb
 427 0025 03       		.uleb128 0x3
 428 0026 08       		.uleb128 0x8
 429 0027 00       		.byte	0
 430 0028 00       		.byte	0
 431 0029 04       		.uleb128 0x4
 432 002a 16       		.uleb128 0x16
 433 002b 00       		.byte	0
 434 002c 03       		.uleb128 0x3
 435 002d 0E       		.uleb128 0xe
 436 002e 3A       		.uleb128 0x3a
 437 002f 0B       		.uleb128 0xb
 438 0030 3B       		.uleb128 0x3b
 439 0031 05       		.uleb128 0x5
 440 0032 49       		.uleb128 0x49
 441 0033 13       		.uleb128 0x13
 442 0034 00       		.byte	0
 443 0035 00       		.byte	0
 444 0036 05       		.uleb128 0x5
 445 0037 35       		.uleb128 0x35
 446 0038 00       		.byte	0
 447 0039 49       		.uleb128 0x49
 448 003a 13       		.uleb128 0x13
 449 003b 00       		.byte	0
 450 003c 00       		.byte	0
 451 003d 06       		.uleb128 0x6
 452 003e 2E       		.uleb128 0x2e
 453 003f 00       		.byte	0
 454 0040 3F       		.uleb128 0x3f
 455 0041 19       		.uleb128 0x19
 456 0042 03       		.uleb128 0x3
 457 0043 0E       		.uleb128 0xe
 458 0044 3A       		.uleb128 0x3a
 459 0045 0B       		.uleb128 0xb
 460 0046 3B       		.uleb128 0x3b
 461 0047 0B       		.uleb128 0xb
 462 0048 27       		.uleb128 0x27
 463 0049 19       		.uleb128 0x19
 464 004a 11       		.uleb128 0x11
 465 004b 01       		.uleb128 0x1
 466 004c 12       		.uleb128 0x12
 467 004d 06       		.uleb128 0x6
 468 004e 40       		.uleb128 0x40
 469 004f 18       		.uleb128 0x18
 470 0050 9742     		.uleb128 0x2117
 471 0052 19       		.uleb128 0x19
 472 0053 00       		.byte	0
 473 0054 00       		.byte	0
 474 0055 07       		.uleb128 0x7
 475 0056 2E       		.uleb128 0x2e
ARM GAS  C:\Users\user\AppData\Local\Temp\ccLYdD7j.s 			page 15


 476 0057 01       		.byte	0x1
 477 0058 3F       		.uleb128 0x3f
 478 0059 19       		.uleb128 0x19
 479 005a 03       		.uleb128 0x3
 480 005b 0E       		.uleb128 0xe
 481 005c 3A       		.uleb128 0x3a
 482 005d 0B       		.uleb128 0xb
 483 005e 3B       		.uleb128 0x3b
 484 005f 05       		.uleb128 0x5
 485 0060 27       		.uleb128 0x27
 486 0061 19       		.uleb128 0x19
 487 0062 11       		.uleb128 0x11
 488 0063 01       		.uleb128 0x1
 489 0064 12       		.uleb128 0x12
 490 0065 06       		.uleb128 0x6
 491 0066 40       		.uleb128 0x40
 492 0067 18       		.uleb128 0x18
 493 0068 9742     		.uleb128 0x2117
 494 006a 19       		.uleb128 0x19
 495 006b 01       		.uleb128 0x1
 496 006c 13       		.uleb128 0x13
 497 006d 00       		.byte	0
 498 006e 00       		.byte	0
 499 006f 08       		.uleb128 0x8
 500 0070 05       		.uleb128 0x5
 501 0071 00       		.byte	0
 502 0072 03       		.uleb128 0x3
 503 0073 0E       		.uleb128 0xe
 504 0074 3A       		.uleb128 0x3a
 505 0075 0B       		.uleb128 0xb
 506 0076 3B       		.uleb128 0x3b
 507 0077 05       		.uleb128 0x5
 508 0078 49       		.uleb128 0x49
 509 0079 13       		.uleb128 0x13
 510 007a 02       		.uleb128 0x2
 511 007b 17       		.uleb128 0x17
 512 007c 00       		.byte	0
 513 007d 00       		.byte	0
 514 007e 09       		.uleb128 0x9
 515 007f 34       		.uleb128 0x34
 516 0080 00       		.byte	0
 517 0081 03       		.uleb128 0x3
 518 0082 0E       		.uleb128 0xe
 519 0083 3A       		.uleb128 0x3a
 520 0084 0B       		.uleb128 0xb
 521 0085 3B       		.uleb128 0x3b
 522 0086 05       		.uleb128 0x5
 523 0087 49       		.uleb128 0x49
 524 0088 13       		.uleb128 0x13
 525 0089 02       		.uleb128 0x2
 526 008a 17       		.uleb128 0x17
 527 008b 00       		.byte	0
 528 008c 00       		.byte	0
 529 008d 0A       		.uleb128 0xa
 530 008e 2E       		.uleb128 0x2e
 531 008f 01       		.byte	0x1
 532 0090 3F       		.uleb128 0x3f
ARM GAS  C:\Users\user\AppData\Local\Temp\ccLYdD7j.s 			page 16


 533 0091 19       		.uleb128 0x19
 534 0092 03       		.uleb128 0x3
 535 0093 0E       		.uleb128 0xe
 536 0094 3A       		.uleb128 0x3a
 537 0095 0B       		.uleb128 0xb
 538 0096 3B       		.uleb128 0x3b
 539 0097 0B       		.uleb128 0xb
 540 0098 27       		.uleb128 0x27
 541 0099 19       		.uleb128 0x19
 542 009a 11       		.uleb128 0x11
 543 009b 01       		.uleb128 0x1
 544 009c 12       		.uleb128 0x12
 545 009d 06       		.uleb128 0x6
 546 009e 40       		.uleb128 0x40
 547 009f 18       		.uleb128 0x18
 548 00a0 9742     		.uleb128 0x2117
 549 00a2 19       		.uleb128 0x19
 550 00a3 01       		.uleb128 0x1
 551 00a4 13       		.uleb128 0x13
 552 00a5 00       		.byte	0
 553 00a6 00       		.byte	0
 554 00a7 0B       		.uleb128 0xb
 555 00a8 34       		.uleb128 0x34
 556 00a9 00       		.byte	0
 557 00aa 03       		.uleb128 0x3
 558 00ab 08       		.uleb128 0x8
 559 00ac 3A       		.uleb128 0x3a
 560 00ad 0B       		.uleb128 0xb
 561 00ae 3B       		.uleb128 0x3b
 562 00af 0B       		.uleb128 0xb
 563 00b0 49       		.uleb128 0x49
 564 00b1 13       		.uleb128 0x13
 565 00b2 1C       		.uleb128 0x1c
 566 00b3 0A       		.uleb128 0xa
 567 00b4 00       		.byte	0
 568 00b5 00       		.byte	0
 569 00b6 0C       		.uleb128 0xc
 570 00b7 898201   		.uleb128 0x4109
 571 00ba 01       		.byte	0x1
 572 00bb 11       		.uleb128 0x11
 573 00bc 01       		.uleb128 0x1
 574 00bd 31       		.uleb128 0x31
 575 00be 13       		.uleb128 0x13
 576 00bf 00       		.byte	0
 577 00c0 00       		.byte	0
 578 00c1 0D       		.uleb128 0xd
 579 00c2 8A8201   		.uleb128 0x410a
 580 00c5 00       		.byte	0
 581 00c6 02       		.uleb128 0x2
 582 00c7 18       		.uleb128 0x18
 583 00c8 9142     		.uleb128 0x2111
 584 00ca 18       		.uleb128 0x18
 585 00cb 00       		.byte	0
 586 00cc 00       		.byte	0
 587 00cd 0E       		.uleb128 0xe
 588 00ce 898201   		.uleb128 0x4109
 589 00d1 00       		.byte	0
ARM GAS  C:\Users\user\AppData\Local\Temp\ccLYdD7j.s 			page 17


 590 00d2 11       		.uleb128 0x11
 591 00d3 01       		.uleb128 0x1
 592 00d4 31       		.uleb128 0x31
 593 00d5 13       		.uleb128 0x13
 594 00d6 00       		.byte	0
 595 00d7 00       		.byte	0
 596 00d8 0F       		.uleb128 0xf
 597 00d9 34       		.uleb128 0x34
 598 00da 00       		.byte	0
 599 00db 03       		.uleb128 0x3
 600 00dc 0E       		.uleb128 0xe
 601 00dd 3A       		.uleb128 0x3a
 602 00de 0B       		.uleb128 0xb
 603 00df 3B       		.uleb128 0x3b
 604 00e0 0B       		.uleb128 0xb
 605 00e1 49       		.uleb128 0x49
 606 00e2 13       		.uleb128 0x13
 607 00e3 3F       		.uleb128 0x3f
 608 00e4 19       		.uleb128 0x19
 609 00e5 02       		.uleb128 0x2
 610 00e6 18       		.uleb128 0x18
 611 00e7 00       		.byte	0
 612 00e8 00       		.byte	0
 613 00e9 00       		.byte	0
 614              		.section	.debug_loc,"",%progbits
 615              	.Ldebug_loc0:
 616              	.LLST0:
 617 0000 00000000 		.4byte	.LVL0
 618 0004 0C000000 		.4byte	.LVL2
 619 0008 0100     		.2byte	0x1
 620 000a 50       		.byte	0x50
 621 000b 0C000000 		.4byte	.LVL2
 622 000f 18000000 		.4byte	.LFE4
 623 0013 0400     		.2byte	0x4
 624 0015 F3       		.byte	0xf3
 625 0016 01       		.uleb128 0x1
 626 0017 50       		.byte	0x50
 627 0018 9F       		.byte	0x9f
 628 0019 00000000 		.4byte	0
 629 001d 00000000 		.4byte	0
 630              	.LLST1:
 631 0021 08000000 		.4byte	.LVL1
 632 0025 0E000000 		.4byte	.LVL3
 633 0029 0100     		.2byte	0x1
 634 002b 53       		.byte	0x53
 635 002c 0E000000 		.4byte	.LVL3
 636 0030 18000000 		.4byte	.LFE4
 637 0034 0100     		.2byte	0x1
 638 0036 50       		.byte	0x50
 639 0037 00000000 		.4byte	0
 640 003b 00000000 		.4byte	0
 641              		.section	.debug_aranges,"",%progbits
 642 0000 3C000000 		.4byte	0x3c
 643 0004 0200     		.2byte	0x2
 644 0006 00000000 		.4byte	.Ldebug_info0
 645 000a 04       		.byte	0x4
 646 000b 00       		.byte	0
ARM GAS  C:\Users\user\AppData\Local\Temp\ccLYdD7j.s 			page 18


 647 000c 0000     		.2byte	0
 648 000e 0000     		.2byte	0
 649 0010 00000000 		.4byte	.LFB1
 650 0014 28000000 		.4byte	.LFE1-.LFB1
 651 0018 00000000 		.4byte	.LFB3
 652 001c 1C000000 		.4byte	.LFE3-.LFB3
 653 0020 00000000 		.4byte	.LFB4
 654 0024 18000000 		.4byte	.LFE4-.LFB4
 655 0028 00000000 		.4byte	.LFB0
 656 002c 30000000 		.4byte	.LFE0-.LFB0
 657 0030 00000000 		.4byte	.LFB2
 658 0034 1C000000 		.4byte	.LFE2-.LFB2
 659 0038 00000000 		.4byte	0
 660 003c 00000000 		.4byte	0
 661              		.section	.debug_ranges,"",%progbits
 662              	.Ldebug_ranges0:
 663 0000 00000000 		.4byte	.LFB1
 664 0004 28000000 		.4byte	.LFE1
 665 0008 00000000 		.4byte	.LFB3
 666 000c 1C000000 		.4byte	.LFE3
 667 0010 00000000 		.4byte	.LFB4
 668 0014 18000000 		.4byte	.LFE4
 669 0018 00000000 		.4byte	.LFB0
 670 001c 30000000 		.4byte	.LFE0
 671 0020 00000000 		.4byte	.LFB2
 672 0024 1C000000 		.4byte	.LFE2
 673 0028 00000000 		.4byte	0
 674 002c 00000000 		.4byte	0
 675              		.section	.debug_line,"",%progbits
 676              	.Ldebug_line0:
 677 0000 B4000000 		.section	.debug_str,"MS",%progbits,1
 677      02004600 
 677      00000201 
 677      FB0E0D00 
 677      01010101 
 678              	.LASF6:
 679 0000 6C6F6E67 		.ascii	"long long int\000"
 679      206C6F6E 
 679      6720696E 
 679      7400
 680              	.LASF23:
 681 000e 443A5C55 		.ascii	"D:\\Utilisateurs\\user\\Documents\\PSoC Creator\\Wo"
 681      74696C69 
 681      73617465 
 681      7572735C 
 681      75736572 
 682 003c 726B7370 		.ascii	"rkspace01\\TP1_PLL_VCO.cydsn\000"
 682      61636530 
 682      315C5450 
 682      315F504C 
 682      4C5F5643 
 683              	.LASF8:
 684 0058 756E7369 		.ascii	"unsigned int\000"
 684      676E6564 
 684      20696E74 
 684      00
 685              	.LASF12:
ARM GAS  C:\Users\user\AppData\Local\Temp\ccLYdD7j.s 			page 19


 686 0065 75696E74 		.ascii	"uint8\000"
 686      3800
 687              	.LASF5:
 688 006b 6C6F6E67 		.ascii	"long unsigned int\000"
 688      20756E73 
 688      69676E65 
 688      6420696E 
 688      7400
 689              	.LASF7:
 690 007d 6C6F6E67 		.ascii	"long long unsigned int\000"
 690      206C6F6E 
 690      6720756E 
 690      7369676E 
 690      65642069 
 691              	.LASF9:
 692 0094 666C6F61 		.ascii	"float\000"
 692      7400
 693              	.LASF21:
 694 009a 474E5520 		.ascii	"GNU C 4.9.3 20150303 (release) [ARM/embedded-4_9-br"
 694      4320342E 
 694      392E3320 
 694      32303135 
 694      30333033 
 695 00cd 616E6368 		.ascii	"anch revision 221220] -mcpu=cortex-m3 -mthumb -g -O"
 695      20726576 
 695      6973696F 
 695      6E203232 
 695      31323230 
 696 0100 67202D66 		.ascii	"g -ffunction-sections -ffat-lto-objects\000"
 696      66756E63 
 696      74696F6E 
 696      2D736563 
 696      74696F6E 
 697              	.LASF17:
 698 0128 4D697865 		.ascii	"Mixer_1_SetPower\000"
 698      725F315F 
 698      53657450 
 698      6F776572 
 698      00
 699              	.LASF22:
 700 0139 2E5C4765 		.ascii	".\\Generated_Source\\PSoC5\\Mixer_1.c\000"
 700      6E657261 
 700      7465645F 
 700      536F7572 
 700      63655C50 
 701              	.LASF18:
 702 015c 4D697865 		.ascii	"Mixer_1_Init\000"
 702      725F315F 
 702      496E6974 
 702      00
 703              	.LASF1:
 704 0169 756E7369 		.ascii	"unsigned char\000"
 704      676E6564 
 704      20636861 
 704      7200
 705              	.LASF11:
 706 0177 63686172 		.ascii	"char\000"
ARM GAS  C:\Users\user\AppData\Local\Temp\ccLYdD7j.s 			page 20


 706      00
 707              	.LASF4:
 708 017c 6C6F6E67 		.ascii	"long int\000"
 708      20696E74 
 708      00
 709              	.LASF14:
 710 0185 73697A65 		.ascii	"sizetype\000"
 710      74797065 
 710      00
 711              	.LASF10:
 712 018e 646F7562 		.ascii	"double\000"
 712      6C6500
 713              	.LASF15:
 714 0195 4D697865 		.ascii	"Mixer_1_Enable\000"
 714      725F315F 
 714      456E6162 
 714      6C6500
 715              	.LASF3:
 716 01a4 73686F72 		.ascii	"short unsigned int\000"
 716      7420756E 
 716      7369676E 
 716      65642069 
 716      6E7400
 717              	.LASF0:
 718 01b7 7369676E 		.ascii	"signed char\000"
 718      65642063 
 718      68617200 
 719              	.LASF25:
 720 01c3 4D697865 		.ascii	"Mixer_1_initVar\000"
 720      725F315F 
 720      696E6974 
 720      56617200 
 721              	.LASF20:
 722 01d3 4D697865 		.ascii	"Mixer_1_Start\000"
 722      725F315F 
 722      53746172 
 722      7400
 723              	.LASF2:
 724 01e1 73686F72 		.ascii	"short int\000"
 724      7420696E 
 724      7400
 725              	.LASF13:
 726 01eb 72656738 		.ascii	"reg8\000"
 726      00
 727              	.LASF16:
 728 01f0 4D697865 		.ascii	"Mixer_1_Stop\000"
 728      725F315F 
 728      53746F70 
 728      00
 729              	.LASF19:
 730 01fd 746D7043 		.ascii	"tmpCR\000"
 730      5200
 731              	.LASF24:
 732 0203 706F7765 		.ascii	"power\000"
 732      7200
 733              		.ident	"GCC: (GNU Tools for ARM Embedded Processors) 4.9.3 20150303 (release) [ARM/embedded-4_9-br
