ARM GAS  C:\Users\user\AppData\Local\Temp\cccBdzAe.s 			page 1


   1              		.syntax unified
   2              		.cpu cortex-m3
   3              		.fpu softvfp
   4              		.eabi_attribute 20, 1
   5              		.eabi_attribute 21, 1
   6              		.eabi_attribute 23, 3
   7              		.eabi_attribute 24, 1
   8              		.eabi_attribute 25, 1
   9              		.eabi_attribute 26, 1
  10              		.eabi_attribute 30, 1
  11              		.eabi_attribute 34, 1
  12              		.eabi_attribute 18, 4
  13              		.thumb
  14              		.file	"cymetadata.c"
  15              		.text
  16              	.Ltext0:
  17              		.cfi_sections	.debug_frame
  18              		.global	cy_metadata
  19              		.global	cy_meta_flashprotect
  20              		.global	cy_meta_wonvl
  21              		.global	cy_meta_custnvl
  22              		.global	cy_meta_configecc
  23              		.section	.cyconfigecc,"a",%progbits
  24              		.align	2
  25              		.type	cy_meta_configecc, %object
  26              		.size	cy_meta_configecc, 856
  27              	cy_meta_configecc:
  28 0000 02       		.byte	2
  29 0001 45       		.byte	69
  30 0002 00       		.byte	0
  31 0003 40       		.byte	64
  32 0004 05       		.byte	5
  33 0005 52       		.byte	82
  34 0006 00       		.byte	0
  35 0007 40       		.byte	64
  36 0008 01       		.byte	1
  37 0009 5A       		.byte	90
  38 000a 00       		.byte	0
  39 000b 40       		.byte	64
  40 000c 02       		.byte	2
  41 000d 64       		.byte	100
  42 000e 00       		.byte	0
  43 000f 40       		.byte	64
  44 0010 01       		.byte	1
  45 0011 01       		.byte	1
  46 0012 01       		.byte	1
  47 0013 40       		.byte	64
  48 0014 46       		.byte	70
  49 0015 0A       		.byte	10
  50 0016 01       		.byte	1
  51 0017 40       		.byte	64
  52 0018 2C       		.byte	44
  53 0019 0B       		.byte	11
  54 001a 01       		.byte	1
  55 001b 40       		.byte	64
  56 001c 33       		.byte	51
  57 001d 0C       		.byte	12
ARM GAS  C:\Users\user\AppData\Local\Temp\cccBdzAe.s 			page 2


  58 001e 01       		.byte	1
  59 001f 40       		.byte	64
  60 0020 15       		.byte	21
  61 0021 0D       		.byte	13
  62 0022 01       		.byte	1
  63 0023 40       		.byte	64
  64 0024 40       		.byte	64
  65 0025 0E       		.byte	14
  66 0026 01       		.byte	1
  67 0027 40       		.byte	64
  68 0028 1F       		.byte	31
  69 0029 0F       		.byte	15
  70 002a 01       		.byte	1
  71 002b 40       		.byte	64
  72 002c 01       		.byte	1
  73 002d 15       		.byte	21
  74 002e 01       		.byte	1
  75 002f 40       		.byte	64
  76 0030 02       		.byte	2
  77 0031 17       		.byte	23
  78 0032 01       		.byte	1
  79 0033 40       		.byte	64
  80 0034 02       		.byte	2
  81 0035 19       		.byte	25
  82 0036 01       		.byte	1
  83 0037 40       		.byte	64
  84 0038 01       		.byte	1
  85 0039 1B       		.byte	27
  86 003a 01       		.byte	1
  87 003b 40       		.byte	64
  88 003c 09       		.byte	9
  89 003d 40       		.byte	64
  90 003e 01       		.byte	1
  91 003f 40       		.byte	64
  92 0040 03       		.byte	3
  93 0041 41       		.byte	65
  94 0042 01       		.byte	1
  95 0043 40       		.byte	64
  96 0044 03       		.byte	3
  97 0045 42       		.byte	66
  98 0046 01       		.byte	1
  99 0047 40       		.byte	64
 100 0048 03       		.byte	3
 101 0049 43       		.byte	67
 102 004a 01       		.byte	1
 103 004b 40       		.byte	64
 104 004c 02       		.byte	2
 105 004d 44       		.byte	68
 106 004e 01       		.byte	1
 107 004f 40       		.byte	64
 108 0050 06       		.byte	6
 109 0051 45       		.byte	69
 110 0052 01       		.byte	1
 111 0053 40       		.byte	64
 112 0054 03       		.byte	3
 113 0055 46       		.byte	70
 114 0056 01       		.byte	1
ARM GAS  C:\Users\user\AppData\Local\Temp\cccBdzAe.s 			page 3


 115 0057 40       		.byte	64
 116 0058 07       		.byte	7
 117 0059 47       		.byte	71
 118 005a 01       		.byte	1
 119 005b 40       		.byte	64
 120 005c 06       		.byte	6
 121 005d 48       		.byte	72
 122 005e 01       		.byte	1
 123 005f 40       		.byte	64
 124 0060 01       		.byte	1
 125 0061 49       		.byte	73
 126 0062 01       		.byte	1
 127 0063 40       		.byte	64
 128 0064 06       		.byte	6
 129 0065 4C       		.byte	76
 130 0066 01       		.byte	1
 131 0067 40       		.byte	64
 132 0068 02       		.byte	2
 133 0069 4D       		.byte	77
 134 006a 01       		.byte	1
 135 006b 40       		.byte	64
 136 006c 03       		.byte	3
 137 006d 50       		.byte	80
 138 006e 01       		.byte	1
 139 006f 40       		.byte	64
 140 0070 02       		.byte	2
 141 0071 51       		.byte	81
 142 0072 01       		.byte	1
 143 0073 40       		.byte	64
 144 0074 12       		.byte	18
 145 0075 01       		.byte	1
 146 0076 7E       		.byte	126
 147 0077 02       		.byte	2
 148 0078 08       		.byte	8
 149 0079 40       		.byte	64
 150 007a 09       		.byte	9
 151 007b 40       		.byte	64
 152 007c 10       		.byte	16
 153 007d 02       		.byte	2
 154 007e 11       		.byte	17
 155 007f 02       		.byte	2
 156 0080 7C       		.byte	124
 157 0081 40       		.byte	64
 158 0082 CF       		.byte	-49
 159 0083 04       		.byte	4
 160 0084 8D       		.byte	-115
 161 0085 0F       		.byte	15
 162 0086 8F       		.byte	-113
 163 0087 0D       		.byte	13
 164 0088 E2       		.byte	-30
 165 0089 0C       		.byte	12
 166 008a 00       		.byte	0
 167 008b 0C       		.byte	12
 168 008c 04       		.byte	4
 169 008d 10       		.byte	16
 170 008e 07       		.byte	7
 171 008f FF       		.byte	-1
ARM GAS  C:\Users\user\AppData\Local\Temp\cccBdzAe.s 			page 4


 172 0090 09       		.byte	9
 173 0091 30       		.byte	48
 174 0092 0B       		.byte	11
 175 0093 C3       		.byte	-61
 176 0094 0C       		.byte	12
 177 0095 01       		.byte	1
 178 0096 0D       		.byte	13
 179 0097 55       		.byte	85
 180 0098 0F       		.byte	15
 181 0099 A0       		.byte	-96
 182 009a 12       		.byte	18
 183 009b 01       		.byte	1
 184 009c 14       		.byte	20
 185 009d 04       		.byte	4
 186 009e 15       		.byte	21
 187 009f 30       		.byte	48
 188 00a0 16       		.byte	22
 189 00a1 08       		.byte	8
 190 00a2 17       		.byte	23
 191 00a3 C9       		.byte	-55
 192 00a4 1E       		.byte	30
 193 00a5 03       		.byte	3
 194 00a6 20       		.byte	32
 195 00a7 0C       		.byte	12
 196 00a8 28       		.byte	40
 197 00a9 04       		.byte	4
 198 00aa 2A       		.byte	42
 199 00ab 08       		.byte	8
 200 00ac 2D       		.byte	45
 201 00ad 50       		.byte	80
 202 00ae 2F       		.byte	47
 203 00af AE       		.byte	-82
 204 00b0 30       		.byte	48
 205 00b1 02       		.byte	2
 206 00b2 33       		.byte	51
 207 00b3 0F       		.byte	15
 208 00b4 34       		.byte	52
 209 00b5 01       		.byte	1
 210 00b6 35       		.byte	53
 211 00b7 F0       		.byte	-16
 212 00b8 36       		.byte	54
 213 00b9 1C       		.byte	28
 214 00ba 3A       		.byte	58
 215 00bb C0       		.byte	-64
 216 00bc 3B       		.byte	59
 217 00bd 08       		.byte	8
 218 00be 3E       		.byte	62
 219 00bf 10       		.byte	16
 220 00c0 40       		.byte	64
 221 00c1 45       		.byte	69
 222 00c2 42       		.byte	66
 223 00c3 02       		.byte	2
 224 00c4 49       		.byte	73
 225 00c5 FF       		.byte	-1
 226 00c6 4A       		.byte	74
 227 00c7 FF       		.byte	-1
 228 00c8 4B       		.byte	75
ARM GAS  C:\Users\user\AppData\Local\Temp\cccBdzAe.s 			page 5


 229 00c9 FF       		.byte	-1
 230 00ca 4F       		.byte	79
 231 00cb 01       		.byte	1
 232 00cc 50       		.byte	80
 233 00cd 18       		.byte	24
 234 00ce 52       		.byte	82
 235 00cf 83       		.byte	-125
 236 00d0 56       		.byte	86
 237 00d1 08       		.byte	8
 238 00d2 58       		.byte	88
 239 00d3 04       		.byte	4
 240 00d4 59       		.byte	89
 241 00d5 04       		.byte	4
 242 00d6 5A       		.byte	90
 243 00d7 04       		.byte	4
 244 00d8 5B       		.byte	91
 245 00d9 04       		.byte	4
 246 00da 5F       		.byte	95
 247 00db 01       		.byte	1
 248 00dc 60       		.byte	96
 249 00dd 40       		.byte	64
 250 00de 62       		.byte	98
 251 00df 40       		.byte	64
 252 00e0 64       		.byte	100
 253 00e1 40       		.byte	64
 254 00e2 65       		.byte	101
 255 00e3 40       		.byte	64
 256 00e4 66       		.byte	102
 257 00e5 80       		.byte	-128
 258 00e6 68       		.byte	104
 259 00e7 80       		.byte	-128
 260 00e8 6A       		.byte	106
 261 00e9 80       		.byte	-128
 262 00ea 6C       		.byte	108
 263 00eb 80       		.byte	-128
 264 00ec 6E       		.byte	110
 265 00ed 80       		.byte	-128
 266 00ee C0       		.byte	-64
 267 00ef 45       		.byte	69
 268 00f0 C2       		.byte	-62
 269 00f1 06       		.byte	6
 270 00f2 C9       		.byte	-55
 271 00f3 FF       		.byte	-1
 272 00f4 CA       		.byte	-54
 273 00f5 FF       		.byte	-1
 274 00f6 CB       		.byte	-53
 275 00f7 FF       		.byte	-1
 276 00f8 CD       		.byte	-51
 277 00f9 83       		.byte	-125
 278 00fa CE       		.byte	-50
 279 00fb 03       		.byte	3
 280 00fc CF       		.byte	-49
 281 00fd 01       		.byte	1
 282 00fe D0       		.byte	-48
 283 00ff 18       		.byte	24
 284 0100 DA       		.byte	-38
 285 0101 04       		.byte	4
ARM GAS  C:\Users\user\AppData\Local\Temp\cccBdzAe.s 			page 6


 286 0102 DF       		.byte	-33
 287 0103 01       		.byte	1
 288 0104 E0       		.byte	-32
 289 0105 40       		.byte	64
 290 0106 E2       		.byte	-30
 291 0107 40       		.byte	64
 292 0108 E4       		.byte	-28
 293 0109 40       		.byte	64
 294 010a E5       		.byte	-27
 295 010b 40       		.byte	64
 296 010c E6       		.byte	-26
 297 010d 80       		.byte	-128
 298 010e E8       		.byte	-24
 299 010f 80       		.byte	-128
 300 0110 EA       		.byte	-22
 301 0111 80       		.byte	-128
 302 0112 EC       		.byte	-20
 303 0113 80       		.byte	-128
 304 0114 EE       		.byte	-18
 305 0115 80       		.byte	-128
 306 0116 00       		.byte	0
 307 0117 45       		.byte	69
 308 0118 09       		.byte	9
 309 0119 88       		.byte	-120
 310 011a 0B       		.byte	11
 311 011b 40       		.byte	64
 312 011c 10       		.byte	16
 313 011d 08       		.byte	8
 314 011e 13       		.byte	19
 315 011f 02       		.byte	2
 316 0120 18       		.byte	24
 317 0121 45       		.byte	69
 318 0122 19       		.byte	25
 319 0123 40       		.byte	64
 320 0124 1B       		.byte	27
 321 0125 10       		.byte	16
 322 0126 21       		.byte	33
 323 0127 08       		.byte	8
 324 0128 22       		.byte	34
 325 0129 10       		.byte	16
 326 012a 29       		.byte	41
 327 012b 40       		.byte	64
 328 012c 31       		.byte	49
 329 012d 08       		.byte	8
 330 012e 38       		.byte	56
 331 012f 04       		.byte	4
 332 0130 39       		.byte	57
 333 0131 50       		.byte	80
 334 0132 40       		.byte	64
 335 0133 04       		.byte	4
 336 0134 42       		.byte	66
 337 0135 80       		.byte	-128
 338 0136 46       		.byte	70
 339 0137 80       		.byte	-128
 340 0138 48       		.byte	72
 341 0139 02       		.byte	2
 342 013a 4C       		.byte	76
ARM GAS  C:\Users\user\AppData\Local\Temp\cccBdzAe.s 			page 7


 343 013b 02       		.byte	2
 344 013c 4F       		.byte	79
 345 013d 20       		.byte	32
 346 013e 5A       		.byte	90
 347 013f 40       		.byte	64
 348 0140 61       		.byte	97
 349 0141 80       		.byte	-128
 350 0142 68       		.byte	104
 351 0143 08       		.byte	8
 352 0144 69       		.byte	105
 353 0145 50       		.byte	80
 354 0146 6B       		.byte	107
 355 0147 02       		.byte	2
 356 0148 72       		.byte	114
 357 0149 80       		.byte	-128
 358 014a 73       		.byte	115
 359 014b 40       		.byte	64
 360 014c 92       		.byte	-110
 361 014d 40       		.byte	64
 362 014e 94       		.byte	-108
 363 014f 04       		.byte	4
 364 0150 96       		.byte	-106
 365 0151 20       		.byte	32
 366 0152 9E       		.byte	-98
 367 0153 80       		.byte	-128
 368 0154 A0       		.byte	-96
 369 0155 02       		.byte	2
 370 0156 A7       		.byte	-89
 371 0157 10       		.byte	16
 372 0158 B6       		.byte	-74
 373 0159 40       		.byte	64
 374 015a C0       		.byte	-64
 375 015b 0D       		.byte	13
 376 015c C2       		.byte	-62
 377 015d 0D       		.byte	13
 378 015e C4       		.byte	-60
 379 015f 0A       		.byte	10
 380 0160 CA       		.byte	-54
 381 0161 08       		.byte	8
 382 0162 CC       		.byte	-52
 383 0163 02       		.byte	2
 384 0164 CE       		.byte	-50
 385 0165 0E       		.byte	14
 386 0166 D0       		.byte	-48
 387 0167 85       		.byte	-123
 388 0168 D2       		.byte	-46
 389 0169 38       		.byte	56
 390 016a D6       		.byte	-42
 391 016b 08       		.byte	8
 392 016c D8       		.byte	-40
 393 016d 08       		.byte	8
 394 016e 40       		.byte	64
 395 016f 45       		.byte	69
 396 0170 42       		.byte	66
 397 0171 06       		.byte	6
 398 0172 49       		.byte	73
 399 0173 FF       		.byte	-1
ARM GAS  C:\Users\user\AppData\Local\Temp\cccBdzAe.s 			page 8


 400 0174 4A       		.byte	74
 401 0175 FF       		.byte	-1
 402 0176 4B       		.byte	75
 403 0177 FF       		.byte	-1
 404 0178 4D       		.byte	77
 405 0179 83       		.byte	-125
 406 017a 4E       		.byte	78
 407 017b 03       		.byte	3
 408 017c 4F       		.byte	79
 409 017d 01       		.byte	1
 410 017e 50       		.byte	80
 411 017f 18       		.byte	24
 412 0180 5A       		.byte	90
 413 0181 04       		.byte	4
 414 0182 5F       		.byte	95
 415 0183 01       		.byte	1
 416 0184 60       		.byte	96
 417 0185 40       		.byte	64
 418 0186 62       		.byte	98
 419 0187 40       		.byte	64
 420 0188 64       		.byte	100
 421 0189 40       		.byte	64
 422 018a 65       		.byte	101
 423 018b 40       		.byte	64
 424 018c 66       		.byte	102
 425 018d 80       		.byte	-128
 426 018e 68       		.byte	104
 427 018f 80       		.byte	-128
 428 0190 6A       		.byte	106
 429 0191 80       		.byte	-128
 430 0192 6C       		.byte	108
 431 0193 80       		.byte	-128
 432 0194 6E       		.byte	110
 433 0195 80       		.byte	-128
 434 0196 9E       		.byte	-98
 435 0197 01       		.byte	1
 436 0198 AE       		.byte	-82
 437 0199 01       		.byte	1
 438 019a B6       		.byte	-74
 439 019b 01       		.byte	1
 440 019c BE       		.byte	-66
 441 019d 40       		.byte	64
 442 019e C0       		.byte	-64
 443 019f 45       		.byte	69
 444 01a0 C2       		.byte	-62
 445 01a1 02       		.byte	2
 446 01a2 C5       		.byte	-59
 447 01a3 EC       		.byte	-20
 448 01a4 C7       		.byte	-57
 449 01a5 20       		.byte	32
 450 01a6 C8       		.byte	-56
 451 01a7 23       		.byte	35
 452 01a8 C9       		.byte	-55
 453 01a9 FF       		.byte	-1
 454 01aa CA       		.byte	-54
 455 01ab FF       		.byte	-1
 456 01ac CB       		.byte	-53
ARM GAS  C:\Users\user\AppData\Local\Temp\cccBdzAe.s 			page 9


 457 01ad FF       		.byte	-1
 458 01ae CD       		.byte	-51
 459 01af 83       		.byte	-125
 460 01b0 CE       		.byte	-50
 461 01b1 03       		.byte	3
 462 01b2 CF       		.byte	-49
 463 01b3 01       		.byte	1
 464 01b4 D0       		.byte	-48
 465 01b5 18       		.byte	24
 466 01b6 D4       		.byte	-44
 467 01b7 03       		.byte	3
 468 01b8 D6       		.byte	-42
 469 01b9 04       		.byte	4
 470 01ba D8       		.byte	-40
 471 01bb 04       		.byte	4
 472 01bc DA       		.byte	-38
 473 01bd 04       		.byte	4
 474 01be DB       		.byte	-37
 475 01bf 04       		.byte	4
 476 01c0 DF       		.byte	-33
 477 01c1 01       		.byte	1
 478 01c2 E0       		.byte	-32
 479 01c3 40       		.byte	64
 480 01c4 E2       		.byte	-30
 481 01c5 40       		.byte	64
 482 01c6 E4       		.byte	-28
 483 01c7 40       		.byte	64
 484 01c8 E5       		.byte	-27
 485 01c9 40       		.byte	64
 486 01ca E6       		.byte	-26
 487 01cb 80       		.byte	-128
 488 01cc E8       		.byte	-24
 489 01cd 80       		.byte	-128
 490 01ce EA       		.byte	-22
 491 01cf 80       		.byte	-128
 492 01d0 EC       		.byte	-20
 493 01d1 80       		.byte	-128
 494 01d2 EE       		.byte	-18
 495 01d3 80       		.byte	-128
 496 01d4 08       		.byte	8
 497 01d5 80       		.byte	-128
 498 01d6 10       		.byte	16
 499 01d7 02       		.byte	2
 500 01d8 19       		.byte	25
 501 01d9 40       		.byte	64
 502 01da 40       		.byte	64
 503 01db 84       		.byte	-124
 504 01dc 42       		.byte	66
 505 01dd 80       		.byte	-128
 506 01de 46       		.byte	70
 507 01df 80       		.byte	-128
 508 01e0 48       		.byte	72
 509 01e1 02       		.byte	2
 510 01e2 49       		.byte	73
 511 01e3 05       		.byte	5
 512 01e4 4C       		.byte	76
 513 01e5 02       		.byte	2
ARM GAS  C:\Users\user\AppData\Local\Temp\cccBdzAe.s 			page 10


 514 01e6 4F       		.byte	79
 515 01e7 20       		.byte	32
 516 01e8 50       		.byte	80
 517 01e9 02       		.byte	2
 518 01ea 59       		.byte	89
 519 01eb 45       		.byte	69
 520 01ec 5A       		.byte	90
 521 01ed 20       		.byte	32
 522 01ee 62       		.byte	98
 523 01ef 01       		.byte	1
 524 01f0 9E       		.byte	-98
 525 01f1 01       		.byte	1
 526 01f2 C2       		.byte	-62
 527 01f3 01       		.byte	1
 528 01f4 C4       		.byte	-60
 529 01f5 01       		.byte	1
 530 01f6 D0       		.byte	-48
 531 01f7 85       		.byte	-123
 532 01f8 D2       		.byte	-46
 533 01f9 38       		.byte	56
 534 01fa D6       		.byte	-42
 535 01fb 0F       		.byte	15
 536 01fc D8       		.byte	-40
 537 01fd 01       		.byte	1
 538 01fe 40       		.byte	64
 539 01ff 30       		.byte	48
 540 0200 41       		.byte	65
 541 0201 02       		.byte	2
 542 0202 49       		.byte	73
 543 0203 FF       		.byte	-1
 544 0204 4A       		.byte	74
 545 0205 FF       		.byte	-1
 546 0206 4B       		.byte	75
 547 0207 FF       		.byte	-1
 548 0208 4D       		.byte	77
 549 0209 A0       		.byte	-96
 550 020a 4F       		.byte	79
 551 020b 04       		.byte	4
 552 020c 50       		.byte	80
 553 020d 18       		.byte	24
 554 020e 5A       		.byte	90
 555 020f 04       		.byte	4
 556 0210 5D       		.byte	93
 557 0211 01       		.byte	1
 558 0212 5F       		.byte	95
 559 0213 01       		.byte	1
 560 0214 60       		.byte	96
 561 0215 40       		.byte	64
 562 0216 62       		.byte	98
 563 0217 C0       		.byte	-64
 564 0218 64       		.byte	100
 565 0219 40       		.byte	64
 566 021a 65       		.byte	101
 567 021b 40       		.byte	64
 568 021c 66       		.byte	102
 569 021d C0       		.byte	-64
 570 021e 68       		.byte	104
ARM GAS  C:\Users\user\AppData\Local\Temp\cccBdzAe.s 			page 11


 571 021f C0       		.byte	-64
 572 0220 6A       		.byte	106
 573 0221 C0       		.byte	-64
 574 0222 6C       		.byte	108
 575 0223 C0       		.byte	-64
 576 0224 6E       		.byte	110
 577 0225 C0       		.byte	-64
 578 0226 82       		.byte	-126
 579 0227 01       		.byte	1
 580 0228 83       		.byte	-125
 581 0229 01       		.byte	1
 582 022a 86       		.byte	-122
 583 022b 06       		.byte	6
 584 022c 9E       		.byte	-98
 585 022d 0C       		.byte	12
 586 022e A1       		.byte	-95
 587 022f 01       		.byte	1
 588 0230 A6       		.byte	-90
 589 0231 02       		.byte	2
 590 0232 B0       		.byte	-80
 591 0233 04       		.byte	4
 592 0234 B1       		.byte	-79
 593 0235 01       		.byte	1
 594 0236 B2       		.byte	-78
 595 0237 01       		.byte	1
 596 0238 B4       		.byte	-76
 597 0239 02       		.byte	2
 598 023a B6       		.byte	-74
 599 023b 08       		.byte	8
 600 023c BE       		.byte	-66
 601 023d 10       		.byte	16
 602 023e C0       		.byte	-64
 603 023f 30       		.byte	48
 604 0240 C1       		.byte	-63
 605 0241 02       		.byte	2
 606 0242 C5       		.byte	-59
 607 0243 D0       		.byte	-48
 608 0244 C6       		.byte	-58
 609 0245 20       		.byte	32
 610 0246 C7       		.byte	-57
 611 0247 10       		.byte	16
 612 0248 C8       		.byte	-56
 613 0249 2A       		.byte	42
 614 024a C9       		.byte	-55
 615 024b FF       		.byte	-1
 616 024c CA       		.byte	-54
 617 024d FF       		.byte	-1
 618 024e CB       		.byte	-53
 619 024f FF       		.byte	-1
 620 0250 CD       		.byte	-51
 621 0251 AF       		.byte	-81
 622 0252 CE       		.byte	-50
 623 0253 0F       		.byte	15
 624 0254 CF       		.byte	-49
 625 0255 04       		.byte	4
 626 0256 D0       		.byte	-48
 627 0257 18       		.byte	24
ARM GAS  C:\Users\user\AppData\Local\Temp\cccBdzAe.s 			page 12


 628 0258 D2       		.byte	-46
 629 0259 80       		.byte	-128
 630 025a D4       		.byte	-44
 631 025b 05       		.byte	5
 632 025c D6       		.byte	-42
 633 025d 04       		.byte	4
 634 025e D8       		.byte	-40
 635 025f 04       		.byte	4
 636 0260 D9       		.byte	-39
 637 0261 04       		.byte	4
 638 0262 DA       		.byte	-38
 639 0263 04       		.byte	4
 640 0264 DB       		.byte	-37
 641 0265 04       		.byte	4
 642 0266 DC       		.byte	-36
 643 0267 11       		.byte	17
 644 0268 DD       		.byte	-35
 645 0269 11       		.byte	17
 646 026a DF       		.byte	-33
 647 026b 01       		.byte	1
 648 026c E0       		.byte	-32
 649 026d 40       		.byte	64
 650 026e E2       		.byte	-30
 651 026f C0       		.byte	-64
 652 0270 E4       		.byte	-28
 653 0271 40       		.byte	64
 654 0272 E5       		.byte	-27
 655 0273 40       		.byte	64
 656 0274 E6       		.byte	-26
 657 0275 C0       		.byte	-64
 658 0276 E8       		.byte	-24
 659 0277 C0       		.byte	-64
 660 0278 EA       		.byte	-22
 661 0279 C0       		.byte	-64
 662 027a EC       		.byte	-20
 663 027b C0       		.byte	-64
 664 027c EE       		.byte	-18
 665 027d C0       		.byte	-64
 666 027e 05       		.byte	5
 667 027f 06       		.byte	6
 668 0280 0F       		.byte	15
 669 0281 02       		.byte	2
 670 0282 16       		.byte	22
 671 0283 10       		.byte	16
 672 0284 1D       		.byte	29
 673 0285 0D       		.byte	13
 674 0286 1E       		.byte	30
 675 0287 08       		.byte	8
 676 0288 1F       		.byte	31
 677 0289 88       		.byte	-120
 678 028a 24       		.byte	36
 679 028b 40       		.byte	64
 680 028c 2F       		.byte	47
 681 028d 80       		.byte	-128
 682 028e 3F       		.byte	63
 683 028f 02       		.byte	2
 684 0290 43       		.byte	67
ARM GAS  C:\Users\user\AppData\Local\Temp\cccBdzAe.s 			page 13


 685 0291 28       		.byte	40
 686 0292 45       		.byte	69
 687 0293 18       		.byte	24
 688 0294 4F       		.byte	79
 689 0295 01       		.byte	1
 690 0296 55       		.byte	85
 691 0297 10       		.byte	16
 692 0298 56       		.byte	86
 693 0299 10       		.byte	16
 694 029a 57       		.byte	87
 695 029b 21       		.byte	33
 696 029c 5C       		.byte	92
 697 029d 40       		.byte	64
 698 029e 5E       		.byte	94
 699 029f 08       		.byte	8
 700 02a0 5F       		.byte	95
 701 02a1 01       		.byte	1
 702 02a2 67       		.byte	103
 703 02a3 80       		.byte	-128
 704 02a4 75       		.byte	117
 705 02a5 02       		.byte	2
 706 02a6 82       		.byte	-126
 707 02a7 01       		.byte	1
 708 02a8 87       		.byte	-121
 709 02a9 40       		.byte	64
 710 02aa 8D       		.byte	-115
 711 02ab 01       		.byte	1
 712 02ac C0       		.byte	-64
 713 02ad 30       		.byte	48
 714 02ae C2       		.byte	-62
 715 02af 80       		.byte	-128
 716 02b0 C4       		.byte	-60
 717 02b1 20       		.byte	32
 718 02b2 CA       		.byte	-54
 719 02b3 80       		.byte	-128
 720 02b4 CE       		.byte	-50
 721 02b5 80       		.byte	-128
 722 02b6 D0       		.byte	-48
 723 02b7 66       		.byte	102
 724 02b8 D6       		.byte	-42
 725 02b9 D0       		.byte	-48
 726 02ba D8       		.byte	-40
 727 02bb 80       		.byte	-128
 728 02bc EC       		.byte	-20
 729 02bd 10       		.byte	16
 730 02be EA       		.byte	-22
 731 02bf 02       		.byte	2
 732 02c0 EE       		.byte	-18
 733 02c1 0A       		.byte	10
 734 02c2 EA       		.byte	-22
 735 02c3 02       		.byte	2
 736 02c4 EE       		.byte	-18
 737 02c5 0A       		.byte	10
 738 02c6 EC       		.byte	-20
 739 02c7 10       		.byte	16
 740 02c8 33       		.byte	51
 741 02c9 81       		.byte	-127
ARM GAS  C:\Users\user\AppData\Local\Temp\cccBdzAe.s 			page 14


 742 02ca 36       		.byte	54
 743 02cb 40       		.byte	64
 744 02cc 37       		.byte	55
 745 02cd 08       		.byte	8
 746 02ce 3A       		.byte	58
 747 02cf 20       		.byte	32
 748 02d0 82       		.byte	-126
 749 02d1 20       		.byte	32
 750 02d2 87       		.byte	-121
 751 02d3 08       		.byte	8
 752 02d4 CC       		.byte	-52
 753 02d5 F0       		.byte	-16
 754 02d6 CE       		.byte	-50
 755 02d7 10       		.byte	16
 756 02d8 E2       		.byte	-30
 757 02d9 30       		.byte	48
 758 02da 9F       		.byte	-97
 759 02db 01       		.byte	1
 760 02dc A6       		.byte	-90
 761 02dd 40       		.byte	64
 762 02de A7       		.byte	-89
 763 02df 80       		.byte	-128
 764 02e0 9F       		.byte	-97
 765 02e1 01       		.byte	1
 766 02e2 A6       		.byte	-90
 767 02e3 40       		.byte	64
 768 02e4 A7       		.byte	-89
 769 02e5 80       		.byte	-128
 770 02e6 9F       		.byte	-97
 771 02e7 01       		.byte	1
 772 02e8 A6       		.byte	-90
 773 02e9 40       		.byte	64
 774 02ea A7       		.byte	-89
 775 02eb 80       		.byte	-128
 776 02ec 8C       		.byte	-116
 777 02ed 02       		.byte	2
 778 02ee E4       		.byte	-28
 779 02ef 02       		.byte	2
 780 02f0 10       		.byte	16
 781 02f1 10       		.byte	16
 782 02f2 11       		.byte	17
 783 02f3 08       		.byte	8
 784 02f4 54       		.byte	84
 785 02f5 02       		.byte	2
 786 02f6 A0       		.byte	-96
 787 02f7 02       		.byte	2
 788 02f8 C4       		.byte	-60
 789 02f9 08       		.byte	8
 790 02fa D6       		.byte	-42
 791 02fb 04       		.byte	4
 792 02fc 98       		.byte	-104
 793 02fd 10       		.byte	16
 794 02fe B5       		.byte	-75
 795 02ff 04       		.byte	4
 796 0300 EE       		.byte	-18
 797 0301 02       		.byte	2
 798 0302 08       		.byte	8
ARM GAS  C:\Users\user\AppData\Local\Temp\cccBdzAe.s 			page 15


 799 0303 08       		.byte	8
 800 0304 0B       		.byte	11
 801 0305 04       		.byte	4
 802 0306 0F       		.byte	15
 803 0307 40       		.byte	64
 804 0308 3C       		.byte	60
 805 0309 01       		.byte	1
 806 030a 98       		.byte	-104
 807 030b 10       		.byte	16
 808 030c C2       		.byte	-62
 809 030d 0E       		.byte	14
 810 030e CE       		.byte	-50
 811 030f 01       		.byte	1
 812 0310 25       		.byte	37
 813 0311 10       		.byte	16
 814 0312 AE       		.byte	-82
 815 0313 40       		.byte	64
 816 0314 AF       		.byte	-81
 817 0315 81       		.byte	-127
 818 0316 C8       		.byte	-56
 819 0317 20       		.byte	32
 820 0318 EA       		.byte	-22
 821 0319 40       		.byte	64
 822 031a EE       		.byte	-18
 823 031b 50       		.byte	80
 824 031c B5       		.byte	-75
 825 031d 10       		.byte	16
 826 031e 64       		.byte	100
 827 031f 10       		.byte	16
 828 0320 94       		.byte	-108
 829 0321 01       		.byte	1
 830 0322 98       		.byte	-104
 831 0323 10       		.byte	16
 832 0324 AC       		.byte	-84
 833 0325 08       		.byte	8
 834 0326 AF       		.byte	-81
 835 0327 44       		.byte	68
 836 0328 D8       		.byte	-40
 837 0329 01       		.byte	1
 838 032a B4       		.byte	-76
 839 032b 01       		.byte	1
 840 032c EC       		.byte	-20
 841 032d 08       		.byte	8
 842 032e 00       		.byte	0
 843 032f 03       		.byte	3
 844 0330 0C       		.byte	12
 845 0331 01       		.byte	1
 846 0332 0E       		.byte	14
 847 0333 03       		.byte	3
 848 0334 00       		.byte	0
 849 0335 EA       		.byte	-22
 850 0336 01       		.byte	1
 851 0337 03       		.byte	3
 852 0338 40       		.byte	64
 853 0339 00       		.byte	0
 854 033a 00       		.byte	0
 855 033b 00       		.byte	0
ARM GAS  C:\Users\user\AppData\Local\Temp\cccBdzAe.s 			page 16


 856 033c 00       		.byte	0
 857 033d 00       		.byte	0
 858 033e 00       		.byte	0
 859 033f 00       		.byte	0
 860 0340 C2       		.byte	-62
 861 0341 00       		.byte	0
 862 0342 00       		.byte	0
 863 0343 00       		.byte	0
 864 0344 00       		.byte	0
 865 0345 40       		.byte	64
 866 0346 40       		.byte	64
 867 0347 00       		.byte	0
 868 0348 40       		.byte	64
 869 0349 00       		.byte	0
 870 034a 00       		.byte	0
 871 034b 00       		.byte	0
 872 034c 04       		.byte	4
 873 034d 00       		.byte	0
 874 034e 00       		.byte	0
 875 034f 06       		.byte	6
 876 0350 02       		.byte	2
 877 0351 00       		.byte	0
 878 0352 02       		.byte	2
 879 0353 00       		.byte	0
 880 0354 00       		.byte	0
 881 0355 00       		.byte	0
 882 0356 00       		.byte	0
 883 0357 00       		.byte	0
 884              		.section	.cywolatch,"a",%progbits
 885              		.align	2
 886              		.type	cy_meta_wonvl, %object
 887              		.size	cy_meta_wonvl, 4
 888              	cy_meta_wonvl:
 889 0000 BC       		.byte	-68
 890 0001 90       		.byte	-112
 891 0002 AC       		.byte	-84
 892 0003 AF       		.byte	-81
 893              		.section	.cycustnvl,"a",%progbits
 894              		.align	2
 895              		.type	cy_meta_custnvl, %object
 896              		.size	cy_meta_custnvl, 4
 897              	cy_meta_custnvl:
 898 0000 00       		.byte	0
 899 0001 00       		.byte	0
 900 0002 40       		.byte	64
 901 0003 05       		.byte	5
 902              		.section	.cymeta,"a",%progbits
 903              		.align	2
 904              		.type	cy_metadata, %object
 905              		.size	cy_metadata, 12
 906              	cy_metadata:
 907 0000 00       		.byte	0
 908 0001 01       		.byte	1
 909 0002 2E       		.byte	46
 910 0003 16       		.byte	22
 911 0004 10       		.byte	16
 912 0005 69       		.byte	105
ARM GAS  C:\Users\user\AppData\Local\Temp\cccBdzAe.s 			page 17


 913 0006 00       		.byte	0
 914 0007 01       		.byte	1
 915 0008 00       		.byte	0
 916 0009 00       		.byte	0
 917 000a 00       		.byte	0
 918 000b 00       		.byte	0
 919              		.section	.cyflashprotect,"a",%progbits
 920              		.align	2
 921              		.type	cy_meta_flashprotect, %object
 922              		.size	cy_meta_flashprotect, 256
 923              	cy_meta_flashprotect:
 924 0000 00000000 		.space	256
 924      00000000 
 924      00000000 
 924      00000000 
 924      00000000 
 925              		.text
 926              	.Letext0:
 927              		.file 1 ".\\Generated_Source\\PSoC5\\cymetadata.c"
 928              		.file 2 ".\\Generated_Source\\PSoC5\\cytypes.h"
 929              		.section	.debug_info,"",%progbits
 930              	.Ldebug_info0:
 931 0000 37010000 		.4byte	0x137
 932 0004 0400     		.2byte	0x4
 933 0006 00000000 		.4byte	.Ldebug_abbrev0
 934 000a 04       		.byte	0x4
 935 000b 01       		.uleb128 0x1
 936 000c 94000000 		.4byte	.LASF18
 937 0010 01       		.byte	0x1
 938 0011 00000000 		.4byte	.LASF19
 939 0015 AA010000 		.4byte	.LASF20
 940 0019 00000000 		.4byte	.Ldebug_line0
 941 001d 02       		.uleb128 0x2
 942 001e 01       		.byte	0x1
 943 001f 06       		.byte	0x6
 944 0020 9E010000 		.4byte	.LASF0
 945 0024 02       		.uleb128 0x2
 946 0025 01       		.byte	0x1
 947 0026 08       		.byte	0x8
 948 0027 38000000 		.4byte	.LASF1
 949 002b 02       		.uleb128 0x2
 950 002c 02       		.byte	0x2
 951 002d 05       		.byte	0x5
 952 002e 85010000 		.4byte	.LASF2
 953 0032 02       		.uleb128 0x2
 954 0033 02       		.byte	0x2
 955 0034 07       		.byte	0x7
 956 0035 58000000 		.4byte	.LASF3
 957 0039 02       		.uleb128 0x2
 958 003a 04       		.byte	0x4
 959 003b 05       		.byte	0x5
 960 003c 95010000 		.4byte	.LASF4
 961 0040 02       		.uleb128 0x2
 962 0041 04       		.byte	0x4
 963 0042 07       		.byte	0x7
 964 0043 46000000 		.4byte	.LASF5
 965 0047 02       		.uleb128 0x2
ARM GAS  C:\Users\user\AppData\Local\Temp\cccBdzAe.s 			page 18


 966 0048 08       		.byte	0x8
 967 0049 05       		.byte	0x5
 968 004a 72010000 		.4byte	.LASF6
 969 004e 02       		.uleb128 0x2
 970 004f 08       		.byte	0x8
 971 0050 07       		.byte	0x7
 972 0051 2F010000 		.4byte	.LASF7
 973 0055 03       		.uleb128 0x3
 974 0056 04       		.byte	0x4
 975 0057 05       		.byte	0x5
 976 0058 696E7400 		.ascii	"int\000"
 977 005c 02       		.uleb128 0x2
 978 005d 04       		.byte	0x4
 979 005e 07       		.byte	0x7
 980 005f 22010000 		.4byte	.LASF8
 981 0063 04       		.uleb128 0x4
 982 0064 8F010000 		.4byte	.LASF21
 983 0068 02       		.byte	0x2
 984 0069 3801     		.2byte	0x138
 985 006b 24000000 		.4byte	0x24
 986 006f 02       		.uleb128 0x2
 987 0070 04       		.byte	0x4
 988 0071 04       		.byte	0x4
 989 0072 32000000 		.4byte	.LASF9
 990 0076 02       		.uleb128 0x2
 991 0077 08       		.byte	0x8
 992 0078 04       		.byte	0x4
 993 0079 6B000000 		.4byte	.LASF10
 994 007d 02       		.uleb128 0x2
 995 007e 01       		.byte	0x1
 996 007f 08       		.byte	0x8
 997 0080 80010000 		.4byte	.LASF11
 998 0084 05       		.uleb128 0x5
 999 0085 63000000 		.4byte	0x63
 1000 0089 95000000 		.4byte	0x95
 1001 008d 06       		.uleb128 0x6
 1002 008e 95000000 		.4byte	0x95
 1003 0092 5703     		.2byte	0x357
 1004 0094 00       		.byte	0
 1005 0095 02       		.uleb128 0x2
 1006 0096 04       		.byte	0x4
 1007 0097 07       		.byte	0x7
 1008 0098 69010000 		.4byte	.LASF12
 1009 009c 07       		.uleb128 0x7
 1010 009d 82000000 		.4byte	.LASF13
 1011 00a1 01       		.byte	0x1
 1012 00a2 1F       		.byte	0x1f
 1013 00a3 AD000000 		.4byte	0xad
 1014 00a7 05       		.uleb128 0x5
 1015 00a8 03       		.byte	0x3
 1016 00a9 00000000 		.4byte	cy_meta_configecc
 1017 00ad 08       		.uleb128 0x8
 1018 00ae 84000000 		.4byte	0x84
 1019 00b2 05       		.uleb128 0x5
 1020 00b3 63000000 		.4byte	0x63
 1021 00b7 C2000000 		.4byte	0xc2
 1022 00bb 09       		.uleb128 0x9
ARM GAS  C:\Users\user\AppData\Local\Temp\cccBdzAe.s 			page 19


 1023 00bc 95000000 		.4byte	0x95
 1024 00c0 03       		.byte	0x3
 1025 00c1 00       		.byte	0
 1026 00c2 07       		.uleb128 0x7
 1027 00c3 72000000 		.4byte	.LASF14
 1028 00c7 01       		.byte	0x1
 1029 00c8 97       		.byte	0x97
 1030 00c9 D3000000 		.4byte	0xd3
 1031 00cd 05       		.uleb128 0x5
 1032 00ce 03       		.byte	0x3
 1033 00cf 00000000 		.4byte	cy_meta_custnvl
 1034 00d3 08       		.uleb128 0x8
 1035 00d4 B2000000 		.4byte	0xb2
 1036 00d8 07       		.uleb128 0x7
 1037 00d9 5B010000 		.4byte	.LASF15
 1038 00dd 01       		.byte	0x1
 1039 00de A5       		.byte	0xa5
 1040 00df E9000000 		.4byte	0xe9
 1041 00e3 05       		.uleb128 0x5
 1042 00e4 03       		.byte	0x3
 1043 00e5 00000000 		.4byte	cy_meta_wonvl
 1044 00e9 08       		.uleb128 0x8
 1045 00ea B2000000 		.4byte	0xb2
 1046 00ee 05       		.uleb128 0x5
 1047 00ef 63000000 		.4byte	0x63
 1048 00f3 FE000000 		.4byte	0xfe
 1049 00f7 09       		.uleb128 0x9
 1050 00f8 95000000 		.4byte	0x95
 1051 00fc FF       		.byte	0xff
 1052 00fd 00       		.byte	0
 1053 00fe 07       		.uleb128 0x7
 1054 00ff 46010000 		.4byte	.LASF16
 1055 0103 01       		.byte	0x1
 1056 0104 B3       		.byte	0xb3
 1057 0105 0F010000 		.4byte	0x10f
 1058 0109 05       		.uleb128 0x5
 1059 010a 03       		.byte	0x3
 1060 010b 00000000 		.4byte	cy_meta_flashprotect
 1061 010f 08       		.uleb128 0x8
 1062 0110 EE000000 		.4byte	0xee
 1063 0114 05       		.uleb128 0x5
 1064 0115 63000000 		.4byte	0x63
 1065 0119 24010000 		.4byte	0x124
 1066 011d 09       		.uleb128 0x9
 1067 011e 95000000 		.4byte	0x95
 1068 0122 0B       		.byte	0xb
 1069 0123 00       		.byte	0
 1070 0124 07       		.uleb128 0x7
 1071 0125 26000000 		.4byte	.LASF17
 1072 0129 01       		.byte	0x1
 1073 012a E0       		.byte	0xe0
 1074 012b 35010000 		.4byte	0x135
 1075 012f 05       		.uleb128 0x5
 1076 0130 03       		.byte	0x3
 1077 0131 00000000 		.4byte	cy_metadata
 1078 0135 08       		.uleb128 0x8
 1079 0136 14010000 		.4byte	0x114
ARM GAS  C:\Users\user\AppData\Local\Temp\cccBdzAe.s 			page 20


 1080 013a 00       		.byte	0
 1081              		.section	.debug_abbrev,"",%progbits
 1082              	.Ldebug_abbrev0:
 1083 0000 01       		.uleb128 0x1
 1084 0001 11       		.uleb128 0x11
 1085 0002 01       		.byte	0x1
 1086 0003 25       		.uleb128 0x25
 1087 0004 0E       		.uleb128 0xe
 1088 0005 13       		.uleb128 0x13
 1089 0006 0B       		.uleb128 0xb
 1090 0007 03       		.uleb128 0x3
 1091 0008 0E       		.uleb128 0xe
 1092 0009 1B       		.uleb128 0x1b
 1093 000a 0E       		.uleb128 0xe
 1094 000b 10       		.uleb128 0x10
 1095 000c 17       		.uleb128 0x17
 1096 000d 00       		.byte	0
 1097 000e 00       		.byte	0
 1098 000f 02       		.uleb128 0x2
 1099 0010 24       		.uleb128 0x24
 1100 0011 00       		.byte	0
 1101 0012 0B       		.uleb128 0xb
 1102 0013 0B       		.uleb128 0xb
 1103 0014 3E       		.uleb128 0x3e
 1104 0015 0B       		.uleb128 0xb
 1105 0016 03       		.uleb128 0x3
 1106 0017 0E       		.uleb128 0xe
 1107 0018 00       		.byte	0
 1108 0019 00       		.byte	0
 1109 001a 03       		.uleb128 0x3
 1110 001b 24       		.uleb128 0x24
 1111 001c 00       		.byte	0
 1112 001d 0B       		.uleb128 0xb
 1113 001e 0B       		.uleb128 0xb
 1114 001f 3E       		.uleb128 0x3e
 1115 0020 0B       		.uleb128 0xb
 1116 0021 03       		.uleb128 0x3
 1117 0022 08       		.uleb128 0x8
 1118 0023 00       		.byte	0
 1119 0024 00       		.byte	0
 1120 0025 04       		.uleb128 0x4
 1121 0026 16       		.uleb128 0x16
 1122 0027 00       		.byte	0
 1123 0028 03       		.uleb128 0x3
 1124 0029 0E       		.uleb128 0xe
 1125 002a 3A       		.uleb128 0x3a
 1126 002b 0B       		.uleb128 0xb
 1127 002c 3B       		.uleb128 0x3b
 1128 002d 05       		.uleb128 0x5
 1129 002e 49       		.uleb128 0x49
 1130 002f 13       		.uleb128 0x13
 1131 0030 00       		.byte	0
 1132 0031 00       		.byte	0
 1133 0032 05       		.uleb128 0x5
 1134 0033 01       		.uleb128 0x1
 1135 0034 01       		.byte	0x1
 1136 0035 49       		.uleb128 0x49
ARM GAS  C:\Users\user\AppData\Local\Temp\cccBdzAe.s 			page 21


 1137 0036 13       		.uleb128 0x13
 1138 0037 01       		.uleb128 0x1
 1139 0038 13       		.uleb128 0x13
 1140 0039 00       		.byte	0
 1141 003a 00       		.byte	0
 1142 003b 06       		.uleb128 0x6
 1143 003c 21       		.uleb128 0x21
 1144 003d 00       		.byte	0
 1145 003e 49       		.uleb128 0x49
 1146 003f 13       		.uleb128 0x13
 1147 0040 2F       		.uleb128 0x2f
 1148 0041 05       		.uleb128 0x5
 1149 0042 00       		.byte	0
 1150 0043 00       		.byte	0
 1151 0044 07       		.uleb128 0x7
 1152 0045 34       		.uleb128 0x34
 1153 0046 00       		.byte	0
 1154 0047 03       		.uleb128 0x3
 1155 0048 0E       		.uleb128 0xe
 1156 0049 3A       		.uleb128 0x3a
 1157 004a 0B       		.uleb128 0xb
 1158 004b 3B       		.uleb128 0x3b
 1159 004c 0B       		.uleb128 0xb
 1160 004d 49       		.uleb128 0x49
 1161 004e 13       		.uleb128 0x13
 1162 004f 3F       		.uleb128 0x3f
 1163 0050 19       		.uleb128 0x19
 1164 0051 02       		.uleb128 0x2
 1165 0052 18       		.uleb128 0x18
 1166 0053 00       		.byte	0
 1167 0054 00       		.byte	0
 1168 0055 08       		.uleb128 0x8
 1169 0056 26       		.uleb128 0x26
 1170 0057 00       		.byte	0
 1171 0058 49       		.uleb128 0x49
 1172 0059 13       		.uleb128 0x13
 1173 005a 00       		.byte	0
 1174 005b 00       		.byte	0
 1175 005c 09       		.uleb128 0x9
 1176 005d 21       		.uleb128 0x21
 1177 005e 00       		.byte	0
 1178 005f 49       		.uleb128 0x49
 1179 0060 13       		.uleb128 0x13
 1180 0061 2F       		.uleb128 0x2f
 1181 0062 0B       		.uleb128 0xb
 1182 0063 00       		.byte	0
 1183 0064 00       		.byte	0
 1184 0065 00       		.byte	0
 1185              		.section	.debug_aranges,"",%progbits
 1186 0000 14000000 		.4byte	0x14
 1187 0004 0200     		.2byte	0x2
 1188 0006 00000000 		.4byte	.Ldebug_info0
 1189 000a 04       		.byte	0x4
 1190 000b 00       		.byte	0
 1191 000c 0000     		.2byte	0
 1192 000e 0000     		.2byte	0
 1193 0010 00000000 		.4byte	0
ARM GAS  C:\Users\user\AppData\Local\Temp\cccBdzAe.s 			page 22


 1194 0014 00000000 		.4byte	0
 1195              		.section	.debug_line,"",%progbits
 1196              	.Ldebug_line0:
 1197 0000 4F000000 		.section	.debug_str,"MS",%progbits,1
 1197      02004900 
 1197      00000201 
 1197      FB0E0D00 
 1197      01010101 
 1198              	.LASF19:
 1199 0000 2E5C4765 		.ascii	".\\Generated_Source\\PSoC5\\cymetadata.c\000"
 1199      6E657261 
 1199      7465645F 
 1199      536F7572 
 1199      63655C50 
 1200              	.LASF17:
 1201 0026 63795F6D 		.ascii	"cy_metadata\000"
 1201      65746164 
 1201      61746100 
 1202              	.LASF9:
 1203 0032 666C6F61 		.ascii	"float\000"
 1203      7400
 1204              	.LASF1:
 1205 0038 756E7369 		.ascii	"unsigned char\000"
 1205      676E6564 
 1205      20636861 
 1205      7200
 1206              	.LASF5:
 1207 0046 6C6F6E67 		.ascii	"long unsigned int\000"
 1207      20756E73 
 1207      69676E65 
 1207      6420696E 
 1207      7400
 1208              	.LASF3:
 1209 0058 73686F72 		.ascii	"short unsigned int\000"
 1209      7420756E 
 1209      7369676E 
 1209      65642069 
 1209      6E7400
 1210              	.LASF10:
 1211 006b 646F7562 		.ascii	"double\000"
 1211      6C6500
 1212              	.LASF14:
 1213 0072 63795F6D 		.ascii	"cy_meta_custnvl\000"
 1213      6574615F 
 1213      63757374 
 1213      6E766C00 
 1214              	.LASF13:
 1215 0082 63795F6D 		.ascii	"cy_meta_configecc\000"
 1215      6574615F 
 1215      636F6E66 
 1215      69676563 
 1215      6300
 1216              	.LASF18:
 1217 0094 474E5520 		.ascii	"GNU C 4.9.3 20150303 (release) [ARM/embedded-4_9-br"
 1217      4320342E 
 1217      392E3320 
 1217      32303135 
ARM GAS  C:\Users\user\AppData\Local\Temp\cccBdzAe.s 			page 23


 1217      30333033 
 1218 00c7 616E6368 		.ascii	"anch revision 221220] -mcpu=cortex-m3 -mthumb -g -O"
 1218      20726576 
 1218      6973696F 
 1218      6E203232 
 1218      31323230 
 1219 00fa 67202D66 		.ascii	"g -ffunction-sections -ffat-lto-objects\000"
 1219      66756E63 
 1219      74696F6E 
 1219      2D736563 
 1219      74696F6E 
 1220              	.LASF8:
 1221 0122 756E7369 		.ascii	"unsigned int\000"
 1221      676E6564 
 1221      20696E74 
 1221      00
 1222              	.LASF7:
 1223 012f 6C6F6E67 		.ascii	"long long unsigned int\000"
 1223      206C6F6E 
 1223      6720756E 
 1223      7369676E 
 1223      65642069 
 1224              	.LASF16:
 1225 0146 63795F6D 		.ascii	"cy_meta_flashprotect\000"
 1225      6574615F 
 1225      666C6173 
 1225      6870726F 
 1225      74656374 
 1226              	.LASF15:
 1227 015b 63795F6D 		.ascii	"cy_meta_wonvl\000"
 1227      6574615F 
 1227      776F6E76 
 1227      6C00
 1228              	.LASF12:
 1229 0169 73697A65 		.ascii	"sizetype\000"
 1229      74797065 
 1229      00
 1230              	.LASF6:
 1231 0172 6C6F6E67 		.ascii	"long long int\000"
 1231      206C6F6E 
 1231      6720696E 
 1231      7400
 1232              	.LASF11:
 1233 0180 63686172 		.ascii	"char\000"
 1233      00
 1234              	.LASF2:
 1235 0185 73686F72 		.ascii	"short int\000"
 1235      7420696E 
 1235      7400
 1236              	.LASF21:
 1237 018f 75696E74 		.ascii	"uint8\000"
 1237      3800
 1238              	.LASF4:
 1239 0195 6C6F6E67 		.ascii	"long int\000"
 1239      20696E74 
 1239      00
 1240              	.LASF0:
ARM GAS  C:\Users\user\AppData\Local\Temp\cccBdzAe.s 			page 24


 1241 019e 7369676E 		.ascii	"signed char\000"
 1241      65642063 
 1241      68617200 
 1242              	.LASF20:
 1243 01aa 443A5C55 		.ascii	"D:\\Utilisateurs\\user\\Documents\\PSoC Creator\\Wo"
 1243      74696C69 
 1243      73617465 
 1243      7572735C 
 1243      75736572 
 1244 01d8 726B7370 		.ascii	"rkspace02\\TP1_MESURE_FREQ.cydsn\000"
 1244      61636530 
 1244      325C5450 
 1244      315F4D45 
 1244      53555245 
 1245              		.ident	"GCC: (GNU Tools for ARM Embedded Processors) 4.9.3 20150303 (release) [ARM/embedded-4_9-br
