ARM GAS  C:\Users\user\AppData\Local\Temp\ccFOMh2t.s 			page 1


   1              		.syntax unified
   2              		.cpu cortex-m3
   3              		.fpu softvfp
   4              		.eabi_attribute 20, 1
   5              		.eabi_attribute 21, 1
   6              		.eabi_attribute 23, 3
   7              		.eabi_attribute 24, 1
   8              		.eabi_attribute 25, 1
   9              		.eabi_attribute 26, 1
  10              		.eabi_attribute 30, 1
  11              		.eabi_attribute 34, 1
  12              		.eabi_attribute 18, 4
  13              		.thumb
  14              		.file	"main.c"
  15              		.text
  16              	.Ltext0:
  17              		.cfi_sections	.debug_frame
  18              		.section	.text.isr_timer_interrupt,"ax",%progbits
  19              		.align	2
  20              		.global	isr_timer_interrupt
  21              		.thumb
  22              		.thumb_func
  23              		.type	isr_timer_interrupt, %function
  24              	isr_timer_interrupt:
  25              	.LFB63:
  26              		.file 1 ".\\main.c"
   1:.\main.c      **** /* ========================================
   2:.\main.c      ****  *
   3:.\main.c      ****  * Copyright YOUR COMPANY, THE YEAR
   4:.\main.c      ****  * All Rights Reserved
   5:.\main.c      ****  * UNPUBLISHED, LICENSED SOFTWARE.
   6:.\main.c      ****  *
   7:.\main.c      ****  * CONFIDENTIAL AND PROPRIETARY INFORMATION
   8:.\main.c      ****  * WHICH IS THE PROPERTY OF your company.
   9:.\main.c      ****  *
  10:.\main.c      ****  * ========================================
  11:.\main.c      **** */
  12:.\main.c      **** // INCLUDES ---------------------------------------------------------------------------------------
  13:.\main.c      **** #include <project.h>
  14:.\main.c      **** #include <stdio.h>
  15:.\main.c      **** 
  16:.\main.c      **** // DEFINES ----------------------------------------------------------------------------------------
  17:.\main.c      **** #define TIMER_FREQUENCY             12000000 // timer frequency in Hz (12MHz)
  18:.\main.c      **** #define NB_OF_SENDING_DELAY         4
  19:.\main.c      **** 
  20:.\main.c      **** // GLOBALE VARIABLE -------------------------------------------------------------------------------
  21:.\main.c      **** // USB UART variables
  22:.\main.c      **** float debug_val = 0;
  23:.\main.c      **** char  valeur[8] = {0};
  24:.\main.c      **** 
  25:.\main.c      **** // Frequency computation variables
  26:.\main.c      **** uint  capture_content; 
  27:.\main.c      **** uint  old_capture_content; 
  28:.\main.c      **** float computed_frequency;
  29:.\main.c      **** 
  30:.\main.c      **** // Sending delay variables
  31:.\main.c      **** uint  const sending_delay_array[NB_OF_SENDING_DELAY] = {15000, 30000, 45000, 7500};
ARM GAS  C:\Users\user\AppData\Local\Temp\ccFOMh2t.s 			page 2


  32:.\main.c      **** uint  sending_delay_index = 0U;
  33:.\main.c      **** uint  sending_flag = 0;
  34:.\main.c      **** 
  35:.\main.c      **** // INTERRUPT FUNCTIONS ----------------------------------------------------------------------------
  36:.\main.c      **** CY_ISR(isr_timer_interrupt)
  37:.\main.c      **** {    
  27              		.loc 1 37 0
  28              		.cfi_startproc
  29              		@ args = 0, pretend = 0, frame = 0
  30              		@ frame_needed = 0, uses_anonymous_args = 0
  31 0000 10B5     		push	{r4, lr}
  32              		.cfi_def_cfa_offset 8
  33              		.cfi_offset 4, -8
  34              		.cfi_offset 14, -4
  38:.\main.c      ****     // Save last capture content
  39:.\main.c      ****     old_capture_content = capture_content;
  35              		.loc 1 39 0
  36 0002 054C     		ldr	r4, .L3
  37 0004 2268     		ldr	r2, [r4]
  38 0006 054B     		ldr	r3, .L3+4
  39 0008 1A60     		str	r2, [r3]
  40:.\main.c      ****     capture_content = Timer_1_ReadCapture();
  40              		.loc 1 40 0
  41 000a FFF7FEFF 		bl	Timer_1_ReadCapture
  42              	.LVL0:
  43 000e 2060     		str	r0, [r4]
  41:.\main.c      **** 
  42:.\main.c      ****     // Clear interrupt flag
  43:.\main.c      ****     Timer_1_ReadStatusRegister();
  44              		.loc 1 43 0
  45 0010 FFF7FEFF 		bl	Timer_1_ReadStatusRegister
  46              	.LVL1:
  47 0014 10BD     		pop	{r4, pc}
  48              	.L4:
  49 0016 00BF     		.align	2
  50              	.L3:
  51 0018 00000000 		.word	capture_content
  52 001c 00000000 		.word	old_capture_content
  53              		.cfi_endproc
  54              	.LFE63:
  55              		.size	isr_timer_interrupt, .-isr_timer_interrupt
  56              		.section	.text.isr_BP_interrupt,"ax",%progbits
  57              		.align	2
  58              		.global	isr_BP_interrupt
  59              		.thumb
  60              		.thumb_func
  61              		.type	isr_BP_interrupt, %function
  62              	isr_BP_interrupt:
  63              	.LFB64:
  44:.\main.c      **** }
  45:.\main.c      **** 
  46:.\main.c      **** CY_ISR(isr_BP_interrupt)
  47:.\main.c      **** {
  64              		.loc 1 47 0
  65              		.cfi_startproc
  66              		@ args = 0, pretend = 0, frame = 0
  67              		@ frame_needed = 0, uses_anonymous_args = 0
ARM GAS  C:\Users\user\AppData\Local\Temp\ccFOMh2t.s 			page 3


  68 0000 38B5     		push	{r3, r4, r5, lr}
  69              		.cfi_def_cfa_offset 16
  70              		.cfi_offset 3, -16
  71              		.cfi_offset 4, -12
  72              		.cfi_offset 5, -8
  73              		.cfi_offset 14, -4
  48:.\main.c      ****     // Update sending delay index
  49:.\main.c      ****     sending_delay_index = (sending_delay_index + 1) % NB_OF_SENDING_DELAY;
  74              		.loc 1 49 0
  75 0002 0D4C     		ldr	r4, .L7
  76 0004 2368     		ldr	r3, [r4]
  77 0006 0133     		adds	r3, r3, #1
  78 0008 03F00303 		and	r3, r3, #3
  79 000c 2360     		str	r3, [r4]
  50:.\main.c      ****     
  51:.\main.c      ****     PWM_1_Stop();
  80              		.loc 1 51 0
  81 000e FFF7FEFF 		bl	PWM_1_Stop
  82              	.LVL2:
  52:.\main.c      ****     
  53:.\main.c      ****     // Update PWM config
  54:.\main.c      ****     PWM_1_WritePeriod(sending_delay_array[sending_delay_index]);
  83              		.loc 1 54 0
  84 0012 0A4D     		ldr	r5, .L7+4
  85 0014 2368     		ldr	r3, [r4]
  86 0016 35F82300 		ldrh	r0, [r5, r3, lsl #2]
  87 001a FFF7FEFF 		bl	PWM_1_WritePeriod
  88              	.LVL3:
  55:.\main.c      ****     PWM_1_WriteCompare(sending_delay_array[sending_delay_index] / 2);
  89              		.loc 1 55 0
  90 001e 2368     		ldr	r3, [r4]
  91 0020 55F82300 		ldr	r0, [r5, r3, lsl #2]
  92 0024 C0F34F00 		ubfx	r0, r0, #1, #16
  93 0028 FFF7FEFF 		bl	PWM_1_WriteCompare
  94              	.LVL4:
  56:.\main.c      **** 
  57:.\main.c      ****     PWM_1_Start();
  95              		.loc 1 57 0
  96 002c FFF7FEFF 		bl	PWM_1_Start
  97              	.LVL5:
  58:.\main.c      **** 
  59:.\main.c      ****     // Clear interrupt flag
  60:.\main.c      ****     Pin_3_ClearInterrupt();
  98              		.loc 1 60 0
  99 0030 FFF7FEFF 		bl	Pin_3_ClearInterrupt
 100              	.LVL6:
 101 0034 38BD     		pop	{r3, r4, r5, pc}
 102              	.L8:
 103 0036 00BF     		.align	2
 104              	.L7:
 105 0038 00000000 		.word	.LANCHOR0
 106 003c 00000000 		.word	.LANCHOR1
 107              		.cfi_endproc
 108              	.LFE64:
 109              		.size	isr_BP_interrupt, .-isr_BP_interrupt
 110              		.section	.text.isr_pwm_interrupt,"ax",%progbits
 111              		.align	2
ARM GAS  C:\Users\user\AppData\Local\Temp\ccFOMh2t.s 			page 4


 112              		.global	isr_pwm_interrupt
 113              		.thumb
 114              		.thumb_func
 115              		.type	isr_pwm_interrupt, %function
 116              	isr_pwm_interrupt:
 117              	.LFB65:
  61:.\main.c      **** }
  62:.\main.c      **** 
  63:.\main.c      **** CY_ISR(isr_pwm_interrupt)
  64:.\main.c      **** {
 118              		.loc 1 64 0
 119              		.cfi_startproc
 120              		@ args = 0, pretend = 0, frame = 0
 121              		@ frame_needed = 0, uses_anonymous_args = 0
 122 0000 08B5     		push	{r3, lr}
 123              		.cfi_def_cfa_offset 8
 124              		.cfi_offset 3, -8
 125              		.cfi_offset 14, -4
  65:.\main.c      ****     // Set flag
  66:.\main.c      ****     sending_flag = 1U;
 126              		.loc 1 66 0
 127 0002 0122     		movs	r2, #1
 128 0004 024B     		ldr	r3, .L11
 129 0006 5A60     		str	r2, [r3, #4]
  67:.\main.c      **** 
  68:.\main.c      ****     // Clear interrupt flag
  69:.\main.c      ****     PWM_1_ReadStatusRegister();
 130              		.loc 1 69 0
 131 0008 FFF7FEFF 		bl	PWM_1_ReadStatusRegister
 132              	.LVL7:
 133 000c 08BD     		pop	{r3, pc}
 134              	.L12:
 135 000e 00BF     		.align	2
 136              	.L11:
 137 0010 00000000 		.word	.LANCHOR0
 138              		.cfi_endproc
 139              	.LFE65:
 140              		.size	isr_pwm_interrupt, .-isr_pwm_interrupt
 141              		.global	__aeabi_ui2f
 142              		.global	__aeabi_fdiv
 143              		.global	__aeabi_f2d
 144              		.section	.text.main,"ax",%progbits
 145              		.align	2
 146              		.global	main
 147              		.thumb
 148              		.thumb_func
 149              		.type	main, %function
 150              	main:
 151              	.LFB66:
  70:.\main.c      **** }
  71:.\main.c      **** 
  72:.\main.c      **** 
  73:.\main.c      **** // MAIN -------------------------------------------------------------------------------------------
  74:.\main.c      **** int main()
  75:.\main.c      **** {
 152              		.loc 1 75 0
 153              		.cfi_startproc
ARM GAS  C:\Users\user\AppData\Local\Temp\ccFOMh2t.s 			page 5


 154              		@ Volatile: function does not return.
 155              		@ args = 0, pretend = 0, frame = 0
 156              		@ frame_needed = 0, uses_anonymous_args = 0
 157 0000 08B5     		push	{r3, lr}
 158              		.cfi_def_cfa_offset 8
 159              		.cfi_offset 3, -8
 160              		.cfi_offset 14, -4
  76:.\main.c      ****     //-----------------------//
  77:.\main.c      ****     //   START ALL MODULES   //
  78:.\main.c      ****     //-----------------------//
  79:.\main.c      ****     CyGlobalIntEnable; /* Enable global interrupts. */
 161              		.loc 1 79 0
 162              	@ 79 ".\main.c" 1
 163 0002 62B6     		CPSIE   i
 164              	@ 0 "" 2
  80:.\main.c      **** 
  81:.\main.c      ****     // Start USBUART    
  82:.\main.c      ****     USBUART_1_Start(0, USBUART_1_5V_OPERATION);
 165              		.loc 1 82 0
 166              		.thumb
 167 0004 0020     		movs	r0, #0
 168 0006 0121     		movs	r1, #1
 169 0008 FFF7FEFF 		bl	USBUART_1_Start
 170              	.LVL8:
 171              	.L14:
  83:.\main.c      ****     while(0 == USBUART_1_GetConfiguration())
 172              		.loc 1 83 0 discriminator 1
 173 000c FFF7FEFF 		bl	USBUART_1_GetConfiguration
 174              	.LVL9:
 175 0010 0028     		cmp	r0, #0
 176 0012 FBD0     		beq	.L14
  84:.\main.c      ****     {
  85:.\main.c      ****     }
  86:.\main.c      ****     USBUART_1_CDC_Init();
 177              		.loc 1 86 0
 178 0014 FFF7FEFF 		bl	USBUART_1_CDC_Init
 179              	.LVL10:
  87:.\main.c      **** 
  88:.\main.c      ****     // Start comparator
  89:.\main.c      ****     Comp_1_Start();
 180              		.loc 1 89 0
 181 0018 FFF7FEFF 		bl	Comp_1_Start
 182              	.LVL11:
  90:.\main.c      ****     
  91:.\main.c      ****     // Start Timer
  92:.\main.c      ****     Timer_1_Start();
 183              		.loc 1 92 0
 184 001c FFF7FEFF 		bl	Timer_1_Start
 185              	.LVL12:
  93:.\main.c      ****     
  94:.\main.c      ****     // Start PWM
  95:.\main.c      ****     PWM_1_Start();
 186              		.loc 1 95 0
 187 0020 FFF7FEFF 		bl	PWM_1_Start
 188              	.LVL13:
  96:.\main.c      ****         
  97:.\main.c      ****     //Start timer interrupt
ARM GAS  C:\Users\user\AppData\Local\Temp\ccFOMh2t.s 			page 6


  98:.\main.c      ****     isr_timer_StartEx(isr_timer_interrupt);
 189              		.loc 1 98 0
 190 0024 1948     		ldr	r0, .L18
 191 0026 FFF7FEFF 		bl	isr_timer_StartEx
 192              	.LVL14:
  99:.\main.c      ****     
 100:.\main.c      ****     //Start BP interrupt
 101:.\main.c      ****     isr_BP_StartEx(isr_BP_interrupt);
 193              		.loc 1 101 0
 194 002a 1948     		ldr	r0, .L18+4
 195 002c FFF7FEFF 		bl	isr_BP_StartEx
 196              	.LVL15:
 102:.\main.c      ****     
 103:.\main.c      ****     //Start pwm interrupt
 104:.\main.c      ****     isr_pwm_StartEx(isr_pwm_interrupt);
 197              		.loc 1 104 0
 198 0030 1848     		ldr	r0, .L18+8
 199 0032 FFF7FEFF 		bl	isr_pwm_StartEx
 200              	.LVL16:
 201              	.L16:
 105:.\main.c      ****     
 106:.\main.c      ****     //-----------------------//
 107:.\main.c      ****     //     INIFINIT LOOP     //
 108:.\main.c      ****     //-----------------------//
 109:.\main.c      ****     for(;;)
 110:.\main.c      ****     {
 111:.\main.c      ****         if( 1U == sending_flag)
 202              		.loc 1 111 0
 203 0036 184B     		ldr	r3, .L18+12
 204 0038 5B68     		ldr	r3, [r3, #4]
 205 003a 012B     		cmp	r3, #1
 206 003c 21D1     		bne	.L15
 112:.\main.c      ****         {
 113:.\main.c      ****             //Reset sending flag
 114:.\main.c      ****             sending_flag = 0U;
 207              		.loc 1 114 0
 208 003e 164C     		ldr	r4, .L18+12
 209 0040 0023     		movs	r3, #0
 210 0042 6360     		str	r3, [r4, #4]
 115:.\main.c      ****             
 116:.\main.c      ****             // Compute frequency
 117:.\main.c      ****             computed_frequency = (float) TIMER_FREQUENCY / (float)(old_capture_content - capture_co
 211              		.loc 1 117 0
 212 0044 154B     		ldr	r3, .L18+16
 213 0046 1868     		ldr	r0, [r3]
 214 0048 154B     		ldr	r3, .L18+20
 215 004a 1B68     		ldr	r3, [r3]
 216 004c C01A     		subs	r0, r0, r3
 217 004e FFF7FEFF 		bl	__aeabi_ui2f
 218              	.LVL17:
 219 0052 0146     		mov	r1, r0
 220 0054 1348     		ldr	r0, .L18+24
 221 0056 FFF7FEFF 		bl	__aeabi_fdiv
 222              	.LVL18:
 223 005a 134A     		ldr	r2, .L18+28
 224 005c 1060     		str	r0, [r2]	@ float
 118:.\main.c      **** 
ARM GAS  C:\Users\user\AppData\Local\Temp\ccFOMh2t.s 			page 7


 119:.\main.c      ****             // Update debug value
 120:.\main.c      ****             debug_val = computed_frequency;
 225              		.loc 1 120 0
 226 005e A060     		str	r0, [r4, #8]	@ float
 121:.\main.c      ****             
 122:.\main.c      ****             // Send debug value via USB UART
 123:.\main.c      ****             sprintf(valeur, "%.3f", debug_val);
 227              		.loc 1 123 0
 228 0060 0C34     		adds	r4, r4, #12
 229 0062 FFF7FEFF 		bl	__aeabi_f2d
 230              	.LVL19:
 231 0066 0246     		mov	r2, r0
 232 0068 0B46     		mov	r3, r1
 233 006a 2046     		mov	r0, r4
 234 006c 0F49     		ldr	r1, .L18+32
 235 006e FFF7FEFF 		bl	sprintf
 236              	.LVL20:
 124:.\main.c      ****             USBUART_1_PutString(valeur);
 237              		.loc 1 124 0
 238 0072 2046     		mov	r0, r4
 239 0074 FFF7FEFF 		bl	USBUART_1_PutString
 240              	.LVL21:
 125:.\main.c      ****             CyDelay(20);
 241              		.loc 1 125 0
 242 0078 1420     		movs	r0, #20
 243 007a FFF7FEFF 		bl	CyDelay
 244              	.LVL22:
 126:.\main.c      ****             USBUART_1_PutCRLF();
 245              		.loc 1 126 0
 246 007e FFF7FEFF 		bl	USBUART_1_PutCRLF
 247              	.LVL23:
 248              	.L15:
 127:.\main.c      ****         }
 128:.\main.c      ****         
 129:.\main.c      ****         // Loop delay
 130:.\main.c      ****         CyDelay(10);
 249              		.loc 1 130 0
 250 0082 0A20     		movs	r0, #10
 251 0084 FFF7FEFF 		bl	CyDelay
 252              	.LVL24:
 131:.\main.c      ****     }
 253              		.loc 1 131 0
 254 0088 D5E7     		b	.L16
 255              	.L19:
 256 008a 00BF     		.align	2
 257              	.L18:
 258 008c 00000000 		.word	isr_timer_interrupt
 259 0090 00000000 		.word	isr_BP_interrupt
 260 0094 00000000 		.word	isr_pwm_interrupt
 261 0098 00000000 		.word	.LANCHOR0
 262 009c 00000000 		.word	old_capture_content
 263 00a0 00000000 		.word	capture_content
 264 00a4 001B374B 		.word	1261902592
 265 00a8 00000000 		.word	computed_frequency
 266 00ac 00000000 		.word	.LC0
 267              		.cfi_endproc
 268              	.LFE66:
ARM GAS  C:\Users\user\AppData\Local\Temp\ccFOMh2t.s 			page 8


 269              		.size	main, .-main
 270              		.global	sending_flag
 271              		.global	sending_delay_index
 272              		.global	sending_delay_array
 273              		.comm	computed_frequency,4,4
 274              		.comm	old_capture_content,4,4
 275              		.comm	capture_content,4,4
 276              		.global	valeur
 277              		.global	debug_val
 278              		.section	.rodata
 279              		.align	2
 280              		.set	.LANCHOR1,. + 0
 281              		.type	sending_delay_array, %object
 282              		.size	sending_delay_array, 16
 283              	sending_delay_array:
 284 0000 983A0000 		.word	15000
 285 0004 30750000 		.word	30000
 286 0008 C8AF0000 		.word	45000
 287 000c 4C1D0000 		.word	7500
 288              		.section	.rodata.str1.4,"aMS",%progbits,1
 289              		.align	2
 290              	.LC0:
 291 0000 252E3366 		.ascii	"%.3f\000"
 291      00
 292 0005 000000   		.bss
 293              		.align	2
 294              		.set	.LANCHOR0,. + 0
 295              		.type	sending_delay_index, %object
 296              		.size	sending_delay_index, 4
 297              	sending_delay_index:
 298 0000 00000000 		.space	4
 299              		.type	sending_flag, %object
 300              		.size	sending_flag, 4
 301              	sending_flag:
 302 0004 00000000 		.space	4
 303              		.type	debug_val, %object
 304              		.size	debug_val, 4
 305              	debug_val:
 306 0008 00000000 		.space	4
 307              		.type	valeur, %object
 308              		.size	valeur, 8
 309              	valeur:
 310 000c 00000000 		.space	8
 310      00000000 
 311              		.text
 312              	.Letext0:
 313              		.file 2 "c:\\program files (x86)\\cypress\\psoc creator\\3.3\\psoc creator\\import\\gnu\\arm\\4.9.
 314              		.file 3 "c:\\program files (x86)\\cypress\\psoc creator\\3.3\\psoc creator\\import\\gnu\\arm\\4.9.
 315              		.file 4 "Generated_Source\\PSoC5/cytypes.h"
 316              		.file 5 "c:\\program files (x86)\\cypress\\psoc creator\\3.3\\psoc creator\\import\\gnu\\arm\\4.9.
 317              		.file 6 "Generated_Source\\PSoC5/core_cm3.h"
 318              		.file 7 "Generated_Source\\PSoC5/Timer_1.h"
 319              		.file 8 "Generated_Source\\PSoC5/PWM_1.h"
 320              		.file 9 "Generated_Source\\PSoC5/Pin_3.h"
 321              		.file 10 "Generated_Source\\PSoC5/USBUART_1.h"
 322              		.file 11 "Generated_Source\\PSoC5/USBUART_1_cdc.h"
 323              		.file 12 "Generated_Source\\PSoC5/Comp_1.h"
ARM GAS  C:\Users\user\AppData\Local\Temp\ccFOMh2t.s 			page 9


 324              		.file 13 "Generated_Source\\PSoC5/isr_timer.h"
 325              		.file 14 "Generated_Source\\PSoC5/isr_BP.h"
 326              		.file 15 "Generated_Source\\PSoC5/isr_pwm.h"
 327              		.file 16 "Generated_Source\\PSoC5/CyLib.h"
 328              		.file 17 "c:\\program files (x86)\\cypress\\psoc creator\\3.3\\psoc creator\\import\\gnu\\arm\\4.9
 329              		.section	.debug_info,"",%progbits
 330              	.Ldebug_info0:
 331 0000 5B040000 		.4byte	0x45b
 332 0004 0400     		.2byte	0x4
 333 0006 00000000 		.4byte	.Ldebug_abbrev0
 334 000a 04       		.byte	0x4
 335 000b 01       		.uleb128 0x1
 336 000c 91010000 		.4byte	.LASF53
 337 0010 01       		.byte	0x1
 338 0011 94000000 		.4byte	.LASF54
 339 0015 81030000 		.4byte	.LASF55
 340 0019 00000000 		.4byte	.Ldebug_ranges0+0
 341 001d 00000000 		.4byte	0
 342 0021 00000000 		.4byte	.Ldebug_line0
 343 0025 02       		.uleb128 0x2
 344 0026 01       		.byte	0x1
 345 0027 06       		.byte	0x6
 346 0028 58030000 		.4byte	.LASF0
 347 002c 02       		.uleb128 0x2
 348 002d 01       		.byte	0x1
 349 002e 08       		.byte	0x8
 350 002f F4000000 		.4byte	.LASF1
 351 0033 02       		.uleb128 0x2
 352 0034 02       		.byte	0x2
 353 0035 05       		.byte	0x5
 354 0036 61010000 		.4byte	.LASF2
 355 003a 02       		.uleb128 0x2
 356 003b 02       		.byte	0x2
 357 003c 07       		.byte	0x7
 358 003d 81000000 		.4byte	.LASF3
 359 0041 03       		.uleb128 0x3
 360 0042 77000000 		.4byte	.LASF9
 361 0046 02       		.byte	0x2
 362 0047 3F       		.byte	0x3f
 363 0048 4C000000 		.4byte	0x4c
 364 004c 02       		.uleb128 0x2
 365 004d 04       		.byte	0x4
 366 004e 05       		.byte	0x5
 367 004f 4F030000 		.4byte	.LASF4
 368 0053 02       		.uleb128 0x2
 369 0054 04       		.byte	0x4
 370 0055 07       		.byte	0x7
 371 0056 1A010000 		.4byte	.LASF5
 372 005a 02       		.uleb128 0x2
 373 005b 08       		.byte	0x8
 374 005c 05       		.byte	0x5
 375 005d 00000000 		.4byte	.LASF6
 376 0061 02       		.uleb128 0x2
 377 0062 08       		.byte	0x8
 378 0063 07       		.byte	0x7
 379 0064 2C020000 		.4byte	.LASF7
 380 0068 04       		.uleb128 0x4
ARM GAS  C:\Users\user\AppData\Local\Temp\ccFOMh2t.s 			page 10


 381 0069 04       		.byte	0x4
 382 006a 05       		.byte	0x5
 383 006b 696E7400 		.ascii	"int\000"
 384 006f 02       		.uleb128 0x2
 385 0070 04       		.byte	0x4
 386 0071 07       		.byte	0x7
 387 0072 1F020000 		.4byte	.LASF8
 388 0076 03       		.uleb128 0x3
 389 0077 94020000 		.4byte	.LASF10
 390 007b 03       		.byte	0x3
 391 007c 2C       		.byte	0x2c
 392 007d 41000000 		.4byte	0x41
 393 0081 05       		.uleb128 0x5
 394 0082 08030000 		.4byte	.LASF11
 395 0086 04       		.byte	0x4
 396 0087 3801     		.2byte	0x138
 397 0089 2C000000 		.4byte	0x2c
 398 008d 05       		.uleb128 0x5
 399 008e 7E010000 		.4byte	.LASF12
 400 0092 04       		.byte	0x4
 401 0093 3901     		.2byte	0x139
 402 0095 3A000000 		.4byte	0x3a
 403 0099 05       		.uleb128 0x5
 404 009a 8A010000 		.4byte	.LASF13
 405 009e 04       		.byte	0x4
 406 009f 3A01     		.2byte	0x13a
 407 00a1 53000000 		.4byte	0x53
 408 00a5 02       		.uleb128 0x2
 409 00a6 04       		.byte	0x4
 410 00a7 04       		.byte	0x4
 411 00a8 D0000000 		.4byte	.LASF14
 412 00ac 02       		.uleb128 0x2
 413 00ad 08       		.byte	0x8
 414 00ae 04       		.byte	0x4
 415 00af 5A010000 		.4byte	.LASF15
 416 00b3 05       		.uleb128 0x5
 417 00b4 14010000 		.4byte	.LASF16
 418 00b8 04       		.byte	0x4
 419 00b9 4901     		.2byte	0x149
 420 00bb BF000000 		.4byte	0xbf
 421 00bf 02       		.uleb128 0x2
 422 00c0 01       		.byte	0x1
 423 00c1 08       		.byte	0x8
 424 00c2 D1020000 		.4byte	.LASF17
 425 00c6 05       		.uleb128 0x5
 426 00c7 72020000 		.4byte	.LASF18
 427 00cb 04       		.byte	0x4
 428 00cc F401     		.2byte	0x1f4
 429 00ce D2000000 		.4byte	0xd2
 430 00d2 06       		.uleb128 0x6
 431 00d3 04       		.byte	0x4
 432 00d4 D8000000 		.4byte	0xd8
 433 00d8 07       		.uleb128 0x7
 434 00d9 02       		.uleb128 0x2
 435 00da 04       		.byte	0x4
 436 00db 07       		.byte	0x7
 437 00dc 9C020000 		.4byte	.LASF19
ARM GAS  C:\Users\user\AppData\Local\Temp\ccFOMh2t.s 			page 11


 438 00e0 06       		.uleb128 0x6
 439 00e1 04       		.byte	0x4
 440 00e2 BF000000 		.4byte	0xbf
 441 00e6 06       		.uleb128 0x6
 442 00e7 04       		.byte	0x4
 443 00e8 EC000000 		.4byte	0xec
 444 00ec 08       		.uleb128 0x8
 445 00ed BF000000 		.4byte	0xbf
 446 00f1 09       		.uleb128 0x9
 447 00f2 BF000000 		.4byte	0xbf
 448 00f6 01010000 		.4byte	0x101
 449 00fa 0A       		.uleb128 0xa
 450 00fb D9000000 		.4byte	0xd9
 451 00ff 07       		.byte	0x7
 452 0100 00       		.byte	0
 453 0101 03       		.uleb128 0x3
 454 0102 85010000 		.4byte	.LASF20
 455 0106 05       		.byte	0x5
 456 0107 70       		.byte	0x70
 457 0108 6F000000 		.4byte	0x6f
 458 010c 0B       		.uleb128 0xb
 459 010d AA000000 		.4byte	.LASF21
 460 0111 01       		.byte	0x1
 461 0112 24       		.byte	0x24
 462 0113 00000000 		.4byte	.LFB63
 463 0117 20000000 		.4byte	.LFE63-.LFB63
 464 011b 01       		.uleb128 0x1
 465 011c 9C       		.byte	0x9c
 466 011d 34010000 		.4byte	0x134
 467 0121 0C       		.uleb128 0xc
 468 0122 0E000000 		.4byte	.LVL0
 469 0126 44030000 		.4byte	0x344
 470 012a 0C       		.uleb128 0xc
 471 012b 14000000 		.4byte	.LVL1
 472 012f 4F030000 		.4byte	0x34f
 473 0133 00       		.byte	0
 474 0134 0B       		.uleb128 0xb
 475 0135 66000000 		.4byte	.LASF22
 476 0139 01       		.byte	0x1
 477 013a 2E       		.byte	0x2e
 478 013b 00000000 		.4byte	.LFB64
 479 013f 40000000 		.4byte	.LFE64-.LFB64
 480 0143 01       		.uleb128 0x1
 481 0144 9C       		.byte	0x9c
 482 0145 77010000 		.4byte	0x177
 483 0149 0C       		.uleb128 0xc
 484 014a 12000000 		.4byte	.LVL2
 485 014e 5A030000 		.4byte	0x35a
 486 0152 0C       		.uleb128 0xc
 487 0153 1E000000 		.4byte	.LVL3
 488 0157 61030000 		.4byte	0x361
 489 015b 0C       		.uleb128 0xc
 490 015c 2C000000 		.4byte	.LVL4
 491 0160 72030000 		.4byte	0x372
 492 0164 0C       		.uleb128 0xc
 493 0165 30000000 		.4byte	.LVL5
 494 0169 83030000 		.4byte	0x383
ARM GAS  C:\Users\user\AppData\Local\Temp\ccFOMh2t.s 			page 12


 495 016d 0C       		.uleb128 0xc
 496 016e 34000000 		.4byte	.LVL6
 497 0172 8A030000 		.4byte	0x38a
 498 0176 00       		.byte	0
 499 0177 0B       		.uleb128 0xb
 500 0178 02010000 		.4byte	.LASF23
 501 017c 01       		.byte	0x1
 502 017d 3F       		.byte	0x3f
 503 017e 00000000 		.4byte	.LFB65
 504 0182 14000000 		.4byte	.LFE65-.LFB65
 505 0186 01       		.uleb128 0x1
 506 0187 9C       		.byte	0x9c
 507 0188 96010000 		.4byte	0x196
 508 018c 0C       		.uleb128 0xc
 509 018d 0C000000 		.4byte	.LVL7
 510 0191 95030000 		.4byte	0x395
 511 0195 00       		.byte	0
 512 0196 0D       		.uleb128 0xd
 513 0197 7F020000 		.4byte	.LASF24
 514 019b 01       		.byte	0x1
 515 019c 4A       		.byte	0x4a
 516 019d 68000000 		.4byte	0x68
 517 01a1 00000000 		.4byte	.LFB66
 518 01a5 B0000000 		.4byte	.LFE66-.LFB66
 519 01a9 01       		.uleb128 0x1
 520 01aa 9C       		.byte	0x9c
 521 01ab 96020000 		.4byte	0x296
 522 01af 0E       		.uleb128 0xe
 523 01b0 0C000000 		.4byte	.LVL8
 524 01b4 A0030000 		.4byte	0x3a0
 525 01b8 C7010000 		.4byte	0x1c7
 526 01bc 0F       		.uleb128 0xf
 527 01bd 01       		.uleb128 0x1
 528 01be 51       		.byte	0x51
 529 01bf 01       		.uleb128 0x1
 530 01c0 31       		.byte	0x31
 531 01c1 0F       		.uleb128 0xf
 532 01c2 01       		.uleb128 0x1
 533 01c3 50       		.byte	0x50
 534 01c4 01       		.uleb128 0x1
 535 01c5 30       		.byte	0x30
 536 01c6 00       		.byte	0
 537 01c7 0C       		.uleb128 0xc
 538 01c8 10000000 		.4byte	.LVL9
 539 01cc B7030000 		.4byte	0x3b7
 540 01d0 0C       		.uleb128 0xc
 541 01d1 18000000 		.4byte	.LVL10
 542 01d5 C3030000 		.4byte	0x3c3
 543 01d9 0C       		.uleb128 0xc
 544 01da 1C000000 		.4byte	.LVL11
 545 01de CE030000 		.4byte	0x3ce
 546 01e2 0C       		.uleb128 0xc
 547 01e3 20000000 		.4byte	.LVL12
 548 01e7 D5030000 		.4byte	0x3d5
 549 01eb 0C       		.uleb128 0xc
 550 01ec 24000000 		.4byte	.LVL13
 551 01f0 83030000 		.4byte	0x383
ARM GAS  C:\Users\user\AppData\Local\Temp\ccFOMh2t.s 			page 13


 552 01f4 0E       		.uleb128 0xe
 553 01f5 2A000000 		.4byte	.LVL14
 554 01f9 DC030000 		.4byte	0x3dc
 555 01fd 0B020000 		.4byte	0x20b
 556 0201 0F       		.uleb128 0xf
 557 0202 01       		.uleb128 0x1
 558 0203 50       		.byte	0x50
 559 0204 05       		.uleb128 0x5
 560 0205 03       		.byte	0x3
 561 0206 00000000 		.4byte	isr_timer_interrupt
 562 020a 00       		.byte	0
 563 020b 0E       		.uleb128 0xe
 564 020c 30000000 		.4byte	.LVL15
 565 0210 ED030000 		.4byte	0x3ed
 566 0214 22020000 		.4byte	0x222
 567 0218 0F       		.uleb128 0xf
 568 0219 01       		.uleb128 0x1
 569 021a 50       		.byte	0x50
 570 021b 05       		.uleb128 0x5
 571 021c 03       		.byte	0x3
 572 021d 00000000 		.4byte	isr_BP_interrupt
 573 0221 00       		.byte	0
 574 0222 0E       		.uleb128 0xe
 575 0223 36000000 		.4byte	.LVL16
 576 0227 FE030000 		.4byte	0x3fe
 577 022b 39020000 		.4byte	0x239
 578 022f 0F       		.uleb128 0xf
 579 0230 01       		.uleb128 0x1
 580 0231 50       		.byte	0x50
 581 0232 05       		.uleb128 0x5
 582 0233 03       		.byte	0x3
 583 0234 00000000 		.4byte	isr_pwm_interrupt
 584 0238 00       		.byte	0
 585 0239 0E       		.uleb128 0xe
 586 023a 72000000 		.4byte	.LVL20
 587 023e 0F040000 		.4byte	0x40f
 588 0242 56020000 		.4byte	0x256
 589 0246 0F       		.uleb128 0xf
 590 0247 01       		.uleb128 0x1
 591 0248 51       		.byte	0x51
 592 0249 05       		.uleb128 0x5
 593 024a 03       		.byte	0x3
 594 024b 00000000 		.4byte	.LC0
 595 024f 0F       		.uleb128 0xf
 596 0250 01       		.uleb128 0x1
 597 0251 50       		.byte	0x50
 598 0252 02       		.uleb128 0x2
 599 0253 74       		.byte	0x74
 600 0254 00       		.sleb128 0
 601 0255 00       		.byte	0
 602 0256 0E       		.uleb128 0xe
 603 0257 78000000 		.4byte	.LVL21
 604 025b 2A040000 		.4byte	0x42a
 605 025f 6A020000 		.4byte	0x26a
 606 0263 0F       		.uleb128 0xf
 607 0264 01       		.uleb128 0x1
 608 0265 50       		.byte	0x50
ARM GAS  C:\Users\user\AppData\Local\Temp\ccFOMh2t.s 			page 14


 609 0266 02       		.uleb128 0x2
 610 0267 74       		.byte	0x74
 611 0268 00       		.sleb128 0
 612 0269 00       		.byte	0
 613 026a 0E       		.uleb128 0xe
 614 026b 7E000000 		.4byte	.LVL22
 615 026f 46040000 		.4byte	0x446
 616 0273 7D020000 		.4byte	0x27d
 617 0277 0F       		.uleb128 0xf
 618 0278 01       		.uleb128 0x1
 619 0279 50       		.byte	0x50
 620 027a 01       		.uleb128 0x1
 621 027b 44       		.byte	0x44
 622 027c 00       		.byte	0
 623 027d 0C       		.uleb128 0xc
 624 027e 82000000 		.4byte	.LVL23
 625 0282 57040000 		.4byte	0x457
 626 0286 10       		.uleb128 0x10
 627 0287 88000000 		.4byte	.LVL24
 628 028b 46040000 		.4byte	0x446
 629 028f 0F       		.uleb128 0xf
 630 0290 01       		.uleb128 0x1
 631 0291 50       		.byte	0x50
 632 0292 01       		.uleb128 0x1
 633 0293 3A       		.byte	0x3a
 634 0294 00       		.byte	0
 635 0295 00       		.byte	0
 636 0296 11       		.uleb128 0x11
 637 0297 38010000 		.4byte	.LASF25
 638 029b 06       		.byte	0x6
 639 029c 5506     		.2byte	0x655
 640 029e A2020000 		.4byte	0x2a2
 641 02a2 12       		.uleb128 0x12
 642 02a3 76000000 		.4byte	0x76
 643 02a7 13       		.uleb128 0x13
 644 02a8 EA000000 		.4byte	.LASF26
 645 02ac 01       		.byte	0x1
 646 02ad 16       		.byte	0x16
 647 02ae A5000000 		.4byte	0xa5
 648 02b2 05       		.uleb128 0x5
 649 02b3 03       		.byte	0x3
 650 02b4 00000000 		.4byte	debug_val
 651 02b8 13       		.uleb128 0x13
 652 02b9 6B020000 		.4byte	.LASF27
 653 02bd 01       		.byte	0x1
 654 02be 17       		.byte	0x17
 655 02bf F1000000 		.4byte	0xf1
 656 02c3 05       		.uleb128 0x5
 657 02c4 03       		.byte	0x3
 658 02c5 00000000 		.4byte	valeur
 659 02c9 13       		.uleb128 0x13
 660 02ca D6020000 		.4byte	.LASF28
 661 02ce 01       		.byte	0x1
 662 02cf 1A       		.byte	0x1a
 663 02d0 01010000 		.4byte	0x101
 664 02d4 05       		.uleb128 0x5
 665 02d5 03       		.byte	0x3
ARM GAS  C:\Users\user\AppData\Local\Temp\ccFOMh2t.s 			page 15


 666 02d6 00000000 		.4byte	capture_content
 667 02da 13       		.uleb128 0x13
 668 02db D6000000 		.4byte	.LASF29
 669 02df 01       		.byte	0x1
 670 02e0 1B       		.byte	0x1b
 671 02e1 01010000 		.4byte	0x101
 672 02e5 05       		.uleb128 0x5
 673 02e6 03       		.byte	0x3
 674 02e7 00000000 		.4byte	old_capture_content
 675 02eb 13       		.uleb128 0x13
 676 02ec E6020000 		.4byte	.LASF30
 677 02f0 01       		.byte	0x1
 678 02f1 1C       		.byte	0x1c
 679 02f2 A5000000 		.4byte	0xa5
 680 02f6 05       		.uleb128 0x5
 681 02f7 03       		.byte	0x3
 682 02f8 00000000 		.4byte	computed_frequency
 683 02fc 09       		.uleb128 0x9
 684 02fd 01010000 		.4byte	0x101
 685 0301 0C030000 		.4byte	0x30c
 686 0305 0A       		.uleb128 0xa
 687 0306 D9000000 		.4byte	0xd9
 688 030a 03       		.byte	0x3
 689 030b 00       		.byte	0
 690 030c 13       		.uleb128 0x13
 691 030d 52000000 		.4byte	.LASF31
 692 0311 01       		.byte	0x1
 693 0312 1F       		.byte	0x1f
 694 0313 1D030000 		.4byte	0x31d
 695 0317 05       		.uleb128 0x5
 696 0318 03       		.byte	0x3
 697 0319 00000000 		.4byte	sending_delay_array
 698 031d 08       		.uleb128 0x8
 699 031e FC020000 		.4byte	0x2fc
 700 0322 13       		.uleb128 0x13
 701 0323 20030000 		.4byte	.LASF32
 702 0327 01       		.byte	0x1
 703 0328 20       		.byte	0x20
 704 0329 01010000 		.4byte	0x101
 705 032d 05       		.uleb128 0x5
 706 032e 03       		.byte	0x3
 707 032f 00000000 		.4byte	sending_delay_index
 708 0333 13       		.uleb128 0x13
 709 0334 9D000000 		.4byte	.LASF33
 710 0338 01       		.byte	0x1
 711 0339 21       		.byte	0x21
 712 033a 01010000 		.4byte	0x101
 713 033e 05       		.uleb128 0x5
 714 033f 03       		.byte	0x3
 715 0340 00000000 		.4byte	sending_flag
 716 0344 14       		.uleb128 0x14
 717 0345 57020000 		.4byte	.LASF34
 718 0349 07       		.byte	0x7
 719 034a 6B       		.byte	0x6b
 720 034b 99000000 		.4byte	0x99
 721 034f 14       		.uleb128 0x14
 722 0350 1C000000 		.4byte	.LASF35
ARM GAS  C:\Users\user\AppData\Local\Temp\ccFOMh2t.s 			page 16


 723 0354 07       		.byte	0x7
 724 0355 5E       		.byte	0x5e
 725 0356 81000000 		.4byte	0x81
 726 035a 15       		.uleb128 0x15
 727 035b 44030000 		.4byte	.LASF38
 728 035f 08       		.byte	0x8
 729 0360 93       		.byte	0x93
 730 0361 16       		.uleb128 0x16
 731 0362 CF030000 		.4byte	.LASF36
 732 0366 08       		.byte	0x8
 733 0367 BE       		.byte	0xbe
 734 0368 72030000 		.4byte	0x372
 735 036c 17       		.uleb128 0x17
 736 036d 8D000000 		.4byte	0x8d
 737 0371 00       		.byte	0
 738 0372 16       		.uleb128 0x16
 739 0373 A5020000 		.4byte	.LASF37
 740 0377 08       		.byte	0x8
 741 0378 C3       		.byte	0xc3
 742 0379 83030000 		.4byte	0x383
 743 037d 17       		.uleb128 0x17
 744 037e 8D000000 		.4byte	0x8d
 745 0382 00       		.byte	0
 746 0383 15       		.uleb128 0x15
 747 0384 2C010000 		.4byte	.LASF39
 748 0388 08       		.byte	0x8
 749 0389 92       		.byte	0x92
 750 038a 14       		.uleb128 0x14
 751 038b 45010000 		.4byte	.LASF40
 752 038f 09       		.byte	0x9
 753 0390 2B       		.byte	0x2b
 754 0391 81000000 		.4byte	0x81
 755 0395 14       		.uleb128 0x14
 756 0396 B8020000 		.4byte	.LASF41
 757 039a 08       		.byte	0x8
 758 039b 97       		.byte	0x97
 759 039c 81000000 		.4byte	0x81
 760 03a0 18       		.uleb128 0x18
 761 03a1 34030000 		.4byte	.LASF42
 762 03a5 0A       		.byte	0xa
 763 03a6 2A01     		.2byte	0x12a
 764 03a8 B7030000 		.4byte	0x3b7
 765 03ac 17       		.uleb128 0x17
 766 03ad 81000000 		.4byte	0x81
 767 03b1 17       		.uleb128 0x17
 768 03b2 81000000 		.4byte	0x81
 769 03b6 00       		.byte	0
 770 03b7 19       		.uleb128 0x19
 771 03b8 37000000 		.4byte	.LASF43
 772 03bc 0A       		.byte	0xa
 773 03bd 2D01     		.2byte	0x12d
 774 03bf 81000000 		.4byte	0x81
 775 03c3 14       		.uleb128 0x14
 776 03c4 6B010000 		.4byte	.LASF44
 777 03c8 0B       		.byte	0xb
 778 03c9 22       		.byte	0x22
 779 03ca 81000000 		.4byte	0x81
ARM GAS  C:\Users\user\AppData\Local\Temp\ccFOMh2t.s 			page 17


 780 03ce 15       		.uleb128 0x15
 781 03cf 64030000 		.4byte	.LASF45
 782 03d3 0C       		.byte	0xc
 783 03d4 3F       		.byte	0x3f
 784 03d5 15       		.uleb128 0x15
 785 03d6 0E000000 		.4byte	.LASF46
 786 03da 07       		.byte	0x7
 787 03db 5A       		.byte	0x5a
 788 03dc 16       		.uleb128 0x16
 789 03dd BE000000 		.4byte	.LASF47
 790 03e1 0D       		.byte	0xd
 791 03e2 18       		.byte	0x18
 792 03e3 ED030000 		.4byte	0x3ed
 793 03e7 17       		.uleb128 0x17
 794 03e8 C6000000 		.4byte	0xc6
 795 03ec 00       		.byte	0
 796 03ed 16       		.uleb128 0x16
 797 03ee F9020000 		.4byte	.LASF48
 798 03f2 0E       		.byte	0xe
 799 03f3 18       		.byte	0x18
 800 03f4 FE030000 		.4byte	0x3fe
 801 03f8 17       		.uleb128 0x17
 802 03f9 C6000000 		.4byte	0xc6
 803 03fd 00       		.byte	0
 804 03fe 16       		.uleb128 0x16
 805 03ff 84020000 		.4byte	.LASF49
 806 0403 0F       		.byte	0xf
 807 0404 18       		.byte	0x18
 808 0405 0F040000 		.4byte	0x40f
 809 0409 17       		.uleb128 0x17
 810 040a C6000000 		.4byte	0xc6
 811 040e 00       		.byte	0
 812 040f 1A       		.uleb128 0x1a
 813 0410 71030000 		.4byte	.LASF56
 814 0414 11       		.byte	0x11
 815 0415 DE       		.byte	0xde
 816 0416 68000000 		.4byte	0x68
 817 041a 2A040000 		.4byte	0x42a
 818 041e 17       		.uleb128 0x17
 819 041f E0000000 		.4byte	0xe0
 820 0423 17       		.uleb128 0x17
 821 0424 E6000000 		.4byte	0xe6
 822 0428 1B       		.uleb128 0x1b
 823 0429 00       		.byte	0
 824 042a 16       		.uleb128 0x16
 825 042b 43020000 		.4byte	.LASF50
 826 042f 0B       		.byte	0xb
 827 0430 24       		.byte	0x24
 828 0431 3B040000 		.4byte	0x43b
 829 0435 17       		.uleb128 0x17
 830 0436 3B040000 		.4byte	0x43b
 831 043a 00       		.byte	0
 832 043b 06       		.uleb128 0x6
 833 043c 04       		.byte	0x4
 834 043d 41040000 		.4byte	0x441
 835 0441 08       		.uleb128 0x8
 836 0442 B3000000 		.4byte	0xb3
ARM GAS  C:\Users\user\AppData\Local\Temp\ccFOMh2t.s 			page 18


 837 0446 16       		.uleb128 0x16
 838 0447 79030000 		.4byte	.LASF51
 839 044b 10       		.byte	0x10
 840 044c 77       		.byte	0x77
 841 044d 57040000 		.4byte	0x457
 842 0451 17       		.uleb128 0x17
 843 0452 99000000 		.4byte	0x99
 844 0456 00       		.byte	0
 845 0457 15       		.uleb128 0x15
 846 0458 0E030000 		.4byte	.LASF52
 847 045c 0B       		.byte	0xb
 848 045d 26       		.byte	0x26
 849 045e 00       		.byte	0
 850              		.section	.debug_abbrev,"",%progbits
 851              	.Ldebug_abbrev0:
 852 0000 01       		.uleb128 0x1
 853 0001 11       		.uleb128 0x11
 854 0002 01       		.byte	0x1
 855 0003 25       		.uleb128 0x25
 856 0004 0E       		.uleb128 0xe
 857 0005 13       		.uleb128 0x13
 858 0006 0B       		.uleb128 0xb
 859 0007 03       		.uleb128 0x3
 860 0008 0E       		.uleb128 0xe
 861 0009 1B       		.uleb128 0x1b
 862 000a 0E       		.uleb128 0xe
 863 000b 55       		.uleb128 0x55
 864 000c 17       		.uleb128 0x17
 865 000d 11       		.uleb128 0x11
 866 000e 01       		.uleb128 0x1
 867 000f 10       		.uleb128 0x10
 868 0010 17       		.uleb128 0x17
 869 0011 00       		.byte	0
 870 0012 00       		.byte	0
 871 0013 02       		.uleb128 0x2
 872 0014 24       		.uleb128 0x24
 873 0015 00       		.byte	0
 874 0016 0B       		.uleb128 0xb
 875 0017 0B       		.uleb128 0xb
 876 0018 3E       		.uleb128 0x3e
 877 0019 0B       		.uleb128 0xb
 878 001a 03       		.uleb128 0x3
 879 001b 0E       		.uleb128 0xe
 880 001c 00       		.byte	0
 881 001d 00       		.byte	0
 882 001e 03       		.uleb128 0x3
 883 001f 16       		.uleb128 0x16
 884 0020 00       		.byte	0
 885 0021 03       		.uleb128 0x3
 886 0022 0E       		.uleb128 0xe
 887 0023 3A       		.uleb128 0x3a
 888 0024 0B       		.uleb128 0xb
 889 0025 3B       		.uleb128 0x3b
 890 0026 0B       		.uleb128 0xb
 891 0027 49       		.uleb128 0x49
 892 0028 13       		.uleb128 0x13
 893 0029 00       		.byte	0
ARM GAS  C:\Users\user\AppData\Local\Temp\ccFOMh2t.s 			page 19


 894 002a 00       		.byte	0
 895 002b 04       		.uleb128 0x4
 896 002c 24       		.uleb128 0x24
 897 002d 00       		.byte	0
 898 002e 0B       		.uleb128 0xb
 899 002f 0B       		.uleb128 0xb
 900 0030 3E       		.uleb128 0x3e
 901 0031 0B       		.uleb128 0xb
 902 0032 03       		.uleb128 0x3
 903 0033 08       		.uleb128 0x8
 904 0034 00       		.byte	0
 905 0035 00       		.byte	0
 906 0036 05       		.uleb128 0x5
 907 0037 16       		.uleb128 0x16
 908 0038 00       		.byte	0
 909 0039 03       		.uleb128 0x3
 910 003a 0E       		.uleb128 0xe
 911 003b 3A       		.uleb128 0x3a
 912 003c 0B       		.uleb128 0xb
 913 003d 3B       		.uleb128 0x3b
 914 003e 05       		.uleb128 0x5
 915 003f 49       		.uleb128 0x49
 916 0040 13       		.uleb128 0x13
 917 0041 00       		.byte	0
 918 0042 00       		.byte	0
 919 0043 06       		.uleb128 0x6
 920 0044 0F       		.uleb128 0xf
 921 0045 00       		.byte	0
 922 0046 0B       		.uleb128 0xb
 923 0047 0B       		.uleb128 0xb
 924 0048 49       		.uleb128 0x49
 925 0049 13       		.uleb128 0x13
 926 004a 00       		.byte	0
 927 004b 00       		.byte	0
 928 004c 07       		.uleb128 0x7
 929 004d 15       		.uleb128 0x15
 930 004e 00       		.byte	0
 931 004f 27       		.uleb128 0x27
 932 0050 19       		.uleb128 0x19
 933 0051 00       		.byte	0
 934 0052 00       		.byte	0
 935 0053 08       		.uleb128 0x8
 936 0054 26       		.uleb128 0x26
 937 0055 00       		.byte	0
 938 0056 49       		.uleb128 0x49
 939 0057 13       		.uleb128 0x13
 940 0058 00       		.byte	0
 941 0059 00       		.byte	0
 942 005a 09       		.uleb128 0x9
 943 005b 01       		.uleb128 0x1
 944 005c 01       		.byte	0x1
 945 005d 49       		.uleb128 0x49
 946 005e 13       		.uleb128 0x13
 947 005f 01       		.uleb128 0x1
 948 0060 13       		.uleb128 0x13
 949 0061 00       		.byte	0
 950 0062 00       		.byte	0
ARM GAS  C:\Users\user\AppData\Local\Temp\ccFOMh2t.s 			page 20


 951 0063 0A       		.uleb128 0xa
 952 0064 21       		.uleb128 0x21
 953 0065 00       		.byte	0
 954 0066 49       		.uleb128 0x49
 955 0067 13       		.uleb128 0x13
 956 0068 2F       		.uleb128 0x2f
 957 0069 0B       		.uleb128 0xb
 958 006a 00       		.byte	0
 959 006b 00       		.byte	0
 960 006c 0B       		.uleb128 0xb
 961 006d 2E       		.uleb128 0x2e
 962 006e 01       		.byte	0x1
 963 006f 3F       		.uleb128 0x3f
 964 0070 19       		.uleb128 0x19
 965 0071 03       		.uleb128 0x3
 966 0072 0E       		.uleb128 0xe
 967 0073 3A       		.uleb128 0x3a
 968 0074 0B       		.uleb128 0xb
 969 0075 3B       		.uleb128 0x3b
 970 0076 0B       		.uleb128 0xb
 971 0077 27       		.uleb128 0x27
 972 0078 19       		.uleb128 0x19
 973 0079 11       		.uleb128 0x11
 974 007a 01       		.uleb128 0x1
 975 007b 12       		.uleb128 0x12
 976 007c 06       		.uleb128 0x6
 977 007d 40       		.uleb128 0x40
 978 007e 18       		.uleb128 0x18
 979 007f 9742     		.uleb128 0x2117
 980 0081 19       		.uleb128 0x19
 981 0082 01       		.uleb128 0x1
 982 0083 13       		.uleb128 0x13
 983 0084 00       		.byte	0
 984 0085 00       		.byte	0
 985 0086 0C       		.uleb128 0xc
 986 0087 898201   		.uleb128 0x4109
 987 008a 00       		.byte	0
 988 008b 11       		.uleb128 0x11
 989 008c 01       		.uleb128 0x1
 990 008d 31       		.uleb128 0x31
 991 008e 13       		.uleb128 0x13
 992 008f 00       		.byte	0
 993 0090 00       		.byte	0
 994 0091 0D       		.uleb128 0xd
 995 0092 2E       		.uleb128 0x2e
 996 0093 01       		.byte	0x1
 997 0094 3F       		.uleb128 0x3f
 998 0095 19       		.uleb128 0x19
 999 0096 03       		.uleb128 0x3
 1000 0097 0E       		.uleb128 0xe
 1001 0098 3A       		.uleb128 0x3a
 1002 0099 0B       		.uleb128 0xb
 1003 009a 3B       		.uleb128 0x3b
 1004 009b 0B       		.uleb128 0xb
 1005 009c 49       		.uleb128 0x49
 1006 009d 13       		.uleb128 0x13
 1007 009e 11       		.uleb128 0x11
ARM GAS  C:\Users\user\AppData\Local\Temp\ccFOMh2t.s 			page 21


 1008 009f 01       		.uleb128 0x1
 1009 00a0 12       		.uleb128 0x12
 1010 00a1 06       		.uleb128 0x6
 1011 00a2 40       		.uleb128 0x40
 1012 00a3 18       		.uleb128 0x18
 1013 00a4 9642     		.uleb128 0x2116
 1014 00a6 19       		.uleb128 0x19
 1015 00a7 01       		.uleb128 0x1
 1016 00a8 13       		.uleb128 0x13
 1017 00a9 00       		.byte	0
 1018 00aa 00       		.byte	0
 1019 00ab 0E       		.uleb128 0xe
 1020 00ac 898201   		.uleb128 0x4109
 1021 00af 01       		.byte	0x1
 1022 00b0 11       		.uleb128 0x11
 1023 00b1 01       		.uleb128 0x1
 1024 00b2 31       		.uleb128 0x31
 1025 00b3 13       		.uleb128 0x13
 1026 00b4 01       		.uleb128 0x1
 1027 00b5 13       		.uleb128 0x13
 1028 00b6 00       		.byte	0
 1029 00b7 00       		.byte	0
 1030 00b8 0F       		.uleb128 0xf
 1031 00b9 8A8201   		.uleb128 0x410a
 1032 00bc 00       		.byte	0
 1033 00bd 02       		.uleb128 0x2
 1034 00be 18       		.uleb128 0x18
 1035 00bf 9142     		.uleb128 0x2111
 1036 00c1 18       		.uleb128 0x18
 1037 00c2 00       		.byte	0
 1038 00c3 00       		.byte	0
 1039 00c4 10       		.uleb128 0x10
 1040 00c5 898201   		.uleb128 0x4109
 1041 00c8 01       		.byte	0x1
 1042 00c9 11       		.uleb128 0x11
 1043 00ca 01       		.uleb128 0x1
 1044 00cb 31       		.uleb128 0x31
 1045 00cc 13       		.uleb128 0x13
 1046 00cd 00       		.byte	0
 1047 00ce 00       		.byte	0
 1048 00cf 11       		.uleb128 0x11
 1049 00d0 34       		.uleb128 0x34
 1050 00d1 00       		.byte	0
 1051 00d2 03       		.uleb128 0x3
 1052 00d3 0E       		.uleb128 0xe
 1053 00d4 3A       		.uleb128 0x3a
 1054 00d5 0B       		.uleb128 0xb
 1055 00d6 3B       		.uleb128 0x3b
 1056 00d7 05       		.uleb128 0x5
 1057 00d8 49       		.uleb128 0x49
 1058 00d9 13       		.uleb128 0x13
 1059 00da 3F       		.uleb128 0x3f
 1060 00db 19       		.uleb128 0x19
 1061 00dc 3C       		.uleb128 0x3c
 1062 00dd 19       		.uleb128 0x19
 1063 00de 00       		.byte	0
 1064 00df 00       		.byte	0
ARM GAS  C:\Users\user\AppData\Local\Temp\ccFOMh2t.s 			page 22


 1065 00e0 12       		.uleb128 0x12
 1066 00e1 35       		.uleb128 0x35
 1067 00e2 00       		.byte	0
 1068 00e3 49       		.uleb128 0x49
 1069 00e4 13       		.uleb128 0x13
 1070 00e5 00       		.byte	0
 1071 00e6 00       		.byte	0
 1072 00e7 13       		.uleb128 0x13
 1073 00e8 34       		.uleb128 0x34
 1074 00e9 00       		.byte	0
 1075 00ea 03       		.uleb128 0x3
 1076 00eb 0E       		.uleb128 0xe
 1077 00ec 3A       		.uleb128 0x3a
 1078 00ed 0B       		.uleb128 0xb
 1079 00ee 3B       		.uleb128 0x3b
 1080 00ef 0B       		.uleb128 0xb
 1081 00f0 49       		.uleb128 0x49
 1082 00f1 13       		.uleb128 0x13
 1083 00f2 3F       		.uleb128 0x3f
 1084 00f3 19       		.uleb128 0x19
 1085 00f4 02       		.uleb128 0x2
 1086 00f5 18       		.uleb128 0x18
 1087 00f6 00       		.byte	0
 1088 00f7 00       		.byte	0
 1089 00f8 14       		.uleb128 0x14
 1090 00f9 2E       		.uleb128 0x2e
 1091 00fa 00       		.byte	0
 1092 00fb 3F       		.uleb128 0x3f
 1093 00fc 19       		.uleb128 0x19
 1094 00fd 03       		.uleb128 0x3
 1095 00fe 0E       		.uleb128 0xe
 1096 00ff 3A       		.uleb128 0x3a
 1097 0100 0B       		.uleb128 0xb
 1098 0101 3B       		.uleb128 0x3b
 1099 0102 0B       		.uleb128 0xb
 1100 0103 27       		.uleb128 0x27
 1101 0104 19       		.uleb128 0x19
 1102 0105 49       		.uleb128 0x49
 1103 0106 13       		.uleb128 0x13
 1104 0107 3C       		.uleb128 0x3c
 1105 0108 19       		.uleb128 0x19
 1106 0109 00       		.byte	0
 1107 010a 00       		.byte	0
 1108 010b 15       		.uleb128 0x15
 1109 010c 2E       		.uleb128 0x2e
 1110 010d 00       		.byte	0
 1111 010e 3F       		.uleb128 0x3f
 1112 010f 19       		.uleb128 0x19
 1113 0110 03       		.uleb128 0x3
 1114 0111 0E       		.uleb128 0xe
 1115 0112 3A       		.uleb128 0x3a
 1116 0113 0B       		.uleb128 0xb
 1117 0114 3B       		.uleb128 0x3b
 1118 0115 0B       		.uleb128 0xb
 1119 0116 27       		.uleb128 0x27
 1120 0117 19       		.uleb128 0x19
 1121 0118 3C       		.uleb128 0x3c
ARM GAS  C:\Users\user\AppData\Local\Temp\ccFOMh2t.s 			page 23


 1122 0119 19       		.uleb128 0x19
 1123 011a 00       		.byte	0
 1124 011b 00       		.byte	0
 1125 011c 16       		.uleb128 0x16
 1126 011d 2E       		.uleb128 0x2e
 1127 011e 01       		.byte	0x1
 1128 011f 3F       		.uleb128 0x3f
 1129 0120 19       		.uleb128 0x19
 1130 0121 03       		.uleb128 0x3
 1131 0122 0E       		.uleb128 0xe
 1132 0123 3A       		.uleb128 0x3a
 1133 0124 0B       		.uleb128 0xb
 1134 0125 3B       		.uleb128 0x3b
 1135 0126 0B       		.uleb128 0xb
 1136 0127 27       		.uleb128 0x27
 1137 0128 19       		.uleb128 0x19
 1138 0129 3C       		.uleb128 0x3c
 1139 012a 19       		.uleb128 0x19
 1140 012b 01       		.uleb128 0x1
 1141 012c 13       		.uleb128 0x13
 1142 012d 00       		.byte	0
 1143 012e 00       		.byte	0
 1144 012f 17       		.uleb128 0x17
 1145 0130 05       		.uleb128 0x5
 1146 0131 00       		.byte	0
 1147 0132 49       		.uleb128 0x49
 1148 0133 13       		.uleb128 0x13
 1149 0134 00       		.byte	0
 1150 0135 00       		.byte	0
 1151 0136 18       		.uleb128 0x18
 1152 0137 2E       		.uleb128 0x2e
 1153 0138 01       		.byte	0x1
 1154 0139 3F       		.uleb128 0x3f
 1155 013a 19       		.uleb128 0x19
 1156 013b 03       		.uleb128 0x3
 1157 013c 0E       		.uleb128 0xe
 1158 013d 3A       		.uleb128 0x3a
 1159 013e 0B       		.uleb128 0xb
 1160 013f 3B       		.uleb128 0x3b
 1161 0140 05       		.uleb128 0x5
 1162 0141 27       		.uleb128 0x27
 1163 0142 19       		.uleb128 0x19
 1164 0143 3C       		.uleb128 0x3c
 1165 0144 19       		.uleb128 0x19
 1166 0145 01       		.uleb128 0x1
 1167 0146 13       		.uleb128 0x13
 1168 0147 00       		.byte	0
 1169 0148 00       		.byte	0
 1170 0149 19       		.uleb128 0x19
 1171 014a 2E       		.uleb128 0x2e
 1172 014b 00       		.byte	0
 1173 014c 3F       		.uleb128 0x3f
 1174 014d 19       		.uleb128 0x19
 1175 014e 03       		.uleb128 0x3
 1176 014f 0E       		.uleb128 0xe
 1177 0150 3A       		.uleb128 0x3a
 1178 0151 0B       		.uleb128 0xb
ARM GAS  C:\Users\user\AppData\Local\Temp\ccFOMh2t.s 			page 24


 1179 0152 3B       		.uleb128 0x3b
 1180 0153 05       		.uleb128 0x5
 1181 0154 27       		.uleb128 0x27
 1182 0155 19       		.uleb128 0x19
 1183 0156 49       		.uleb128 0x49
 1184 0157 13       		.uleb128 0x13
 1185 0158 3C       		.uleb128 0x3c
 1186 0159 19       		.uleb128 0x19
 1187 015a 00       		.byte	0
 1188 015b 00       		.byte	0
 1189 015c 1A       		.uleb128 0x1a
 1190 015d 2E       		.uleb128 0x2e
 1191 015e 01       		.byte	0x1
 1192 015f 3F       		.uleb128 0x3f
 1193 0160 19       		.uleb128 0x19
 1194 0161 03       		.uleb128 0x3
 1195 0162 0E       		.uleb128 0xe
 1196 0163 3A       		.uleb128 0x3a
 1197 0164 0B       		.uleb128 0xb
 1198 0165 3B       		.uleb128 0x3b
 1199 0166 0B       		.uleb128 0xb
 1200 0167 27       		.uleb128 0x27
 1201 0168 19       		.uleb128 0x19
 1202 0169 49       		.uleb128 0x49
 1203 016a 13       		.uleb128 0x13
 1204 016b 3C       		.uleb128 0x3c
 1205 016c 19       		.uleb128 0x19
 1206 016d 01       		.uleb128 0x1
 1207 016e 13       		.uleb128 0x13
 1208 016f 00       		.byte	0
 1209 0170 00       		.byte	0
 1210 0171 1B       		.uleb128 0x1b
 1211 0172 18       		.uleb128 0x18
 1212 0173 00       		.byte	0
 1213 0174 00       		.byte	0
 1214 0175 00       		.byte	0
 1215 0176 00       		.byte	0
 1216              		.section	.debug_aranges,"",%progbits
 1217 0000 34000000 		.4byte	0x34
 1218 0004 0200     		.2byte	0x2
 1219 0006 00000000 		.4byte	.Ldebug_info0
 1220 000a 04       		.byte	0x4
 1221 000b 00       		.byte	0
 1222 000c 0000     		.2byte	0
 1223 000e 0000     		.2byte	0
 1224 0010 00000000 		.4byte	.LFB63
 1225 0014 20000000 		.4byte	.LFE63-.LFB63
 1226 0018 00000000 		.4byte	.LFB64
 1227 001c 40000000 		.4byte	.LFE64-.LFB64
 1228 0020 00000000 		.4byte	.LFB65
 1229 0024 14000000 		.4byte	.LFE65-.LFB65
 1230 0028 00000000 		.4byte	.LFB66
 1231 002c B0000000 		.4byte	.LFE66-.LFB66
 1232 0030 00000000 		.4byte	0
 1233 0034 00000000 		.4byte	0
 1234              		.section	.debug_ranges,"",%progbits
 1235              	.Ldebug_ranges0:
ARM GAS  C:\Users\user\AppData\Local\Temp\ccFOMh2t.s 			page 25


 1236 0000 00000000 		.4byte	.LFB63
 1237 0004 20000000 		.4byte	.LFE63
 1238 0008 00000000 		.4byte	.LFB64
 1239 000c 40000000 		.4byte	.LFE64
 1240 0010 00000000 		.4byte	.LFB65
 1241 0014 14000000 		.4byte	.LFE65
 1242 0018 00000000 		.4byte	.LFB66
 1243 001c B0000000 		.4byte	.LFE66
 1244 0020 00000000 		.4byte	0
 1245 0024 00000000 		.4byte	0
 1246              		.section	.debug_line,"",%progbits
 1247              	.Ldebug_line0:
 1248 0000 B5020000 		.section	.debug_str,"MS",%progbits,1
 1248      02004F02 
 1248      00000201 
 1248      FB0E0D00 
 1248      01010101 
 1249              	.LASF6:
 1250 0000 6C6F6E67 		.ascii	"long long int\000"
 1250      206C6F6E 
 1250      6720696E 
 1250      7400
 1251              	.LASF46:
 1252 000e 54696D65 		.ascii	"Timer_1_Start\000"
 1252      725F315F 
 1252      53746172 
 1252      7400
 1253              	.LASF35:
 1254 001c 54696D65 		.ascii	"Timer_1_ReadStatusRegister\000"
 1254      725F315F 
 1254      52656164 
 1254      53746174 
 1254      75735265 
 1255              	.LASF43:
 1256 0037 55534255 		.ascii	"USBUART_1_GetConfiguration\000"
 1256      4152545F 
 1256      315F4765 
 1256      74436F6E 
 1256      66696775 
 1257              	.LASF31:
 1258 0052 73656E64 		.ascii	"sending_delay_array\000"
 1258      696E675F 
 1258      64656C61 
 1258      795F6172 
 1258      72617900 
 1259              	.LASF22:
 1260 0066 6973725F 		.ascii	"isr_BP_interrupt\000"
 1260      42505F69 
 1260      6E746572 
 1260      72757074 
 1260      00
 1261              	.LASF9:
 1262 0077 5F5F696E 		.ascii	"__int32_t\000"
 1262      7433325F 
 1262      7400
 1263              	.LASF3:
 1264 0081 73686F72 		.ascii	"short unsigned int\000"
ARM GAS  C:\Users\user\AppData\Local\Temp\ccFOMh2t.s 			page 26


 1264      7420756E 
 1264      7369676E 
 1264      65642069 
 1264      6E7400
 1265              	.LASF54:
 1266 0094 2E5C6D61 		.ascii	".\\main.c\000"
 1266      696E2E63 
 1266      00
 1267              	.LASF33:
 1268 009d 73656E64 		.ascii	"sending_flag\000"
 1268      696E675F 
 1268      666C6167 
 1268      00
 1269              	.LASF21:
 1270 00aa 6973725F 		.ascii	"isr_timer_interrupt\000"
 1270      74696D65 
 1270      725F696E 
 1270      74657272 
 1270      75707400 
 1271              	.LASF47:
 1272 00be 6973725F 		.ascii	"isr_timer_StartEx\000"
 1272      74696D65 
 1272      725F5374 
 1272      61727445 
 1272      7800
 1273              	.LASF14:
 1274 00d0 666C6F61 		.ascii	"float\000"
 1274      7400
 1275              	.LASF29:
 1276 00d6 6F6C645F 		.ascii	"old_capture_content\000"
 1276      63617074 
 1276      7572655F 
 1276      636F6E74 
 1276      656E7400 
 1277              	.LASF26:
 1278 00ea 64656275 		.ascii	"debug_val\000"
 1278      675F7661 
 1278      6C00
 1279              	.LASF1:
 1280 00f4 756E7369 		.ascii	"unsigned char\000"
 1280      676E6564 
 1280      20636861 
 1280      7200
 1281              	.LASF23:
 1282 0102 6973725F 		.ascii	"isr_pwm_interrupt\000"
 1282      70776D5F 
 1282      696E7465 
 1282      72727570 
 1282      7400
 1283              	.LASF16:
 1284 0114 63686172 		.ascii	"char8\000"
 1284      3800
 1285              	.LASF5:
 1286 011a 6C6F6E67 		.ascii	"long unsigned int\000"
 1286      20756E73 
 1286      69676E65 
 1286      6420696E 
ARM GAS  C:\Users\user\AppData\Local\Temp\ccFOMh2t.s 			page 27


 1286      7400
 1287              	.LASF39:
 1288 012c 50574D5F 		.ascii	"PWM_1_Start\000"
 1288      315F5374 
 1288      61727400 
 1289              	.LASF25:
 1290 0138 49544D5F 		.ascii	"ITM_RxBuffer\000"
 1290      52784275 
 1290      66666572 
 1290      00
 1291              	.LASF40:
 1292 0145 50696E5F 		.ascii	"Pin_3_ClearInterrupt\000"
 1292      335F436C 
 1292      65617249 
 1292      6E746572 
 1292      72757074 
 1293              	.LASF15:
 1294 015a 646F7562 		.ascii	"double\000"
 1294      6C6500
 1295              	.LASF2:
 1296 0161 73686F72 		.ascii	"short int\000"
 1296      7420696E 
 1296      7400
 1297              	.LASF44:
 1298 016b 55534255 		.ascii	"USBUART_1_CDC_Init\000"
 1298      4152545F 
 1298      315F4344 
 1298      435F496E 
 1298      697400
 1299              	.LASF12:
 1300 017e 75696E74 		.ascii	"uint16\000"
 1300      313600
 1301              	.LASF20:
 1302 0185 75696E74 		.ascii	"uint\000"
 1302      00
 1303              	.LASF13:
 1304 018a 75696E74 		.ascii	"uint32\000"
 1304      333200
 1305              	.LASF53:
 1306 0191 474E5520 		.ascii	"GNU C 4.9.3 20150303 (release) [ARM/embedded-4_9-br"
 1306      4320342E 
 1306      392E3320 
 1306      32303135 
 1306      30333033 
 1307 01c4 616E6368 		.ascii	"anch revision 221220] -mcpu=cortex-m3 -mthumb -g -O"
 1307      20726576 
 1307      6973696F 
 1307      6E203232 
 1307      31323230 
 1308 01f7 67202D66 		.ascii	"g -ffunction-sections -ffat-lto-objects\000"
 1308      66756E63 
 1308      74696F6E 
 1308      2D736563 
 1308      74696F6E 
 1309              	.LASF8:
 1310 021f 756E7369 		.ascii	"unsigned int\000"
 1310      676E6564 
ARM GAS  C:\Users\user\AppData\Local\Temp\ccFOMh2t.s 			page 28


 1310      20696E74 
 1310      00
 1311              	.LASF7:
 1312 022c 6C6F6E67 		.ascii	"long long unsigned int\000"
 1312      206C6F6E 
 1312      6720756E 
 1312      7369676E 
 1312      65642069 
 1313              	.LASF50:
 1314 0243 55534255 		.ascii	"USBUART_1_PutString\000"
 1314      4152545F 
 1314      315F5075 
 1314      74537472 
 1314      696E6700 
 1315              	.LASF34:
 1316 0257 54696D65 		.ascii	"Timer_1_ReadCapture\000"
 1316      725F315F 
 1316      52656164 
 1316      43617074 
 1316      75726500 
 1317              	.LASF27:
 1318 026b 76616C65 		.ascii	"valeur\000"
 1318      757200
 1319              	.LASF18:
 1320 0272 63796973 		.ascii	"cyisraddress\000"
 1320      72616464 
 1320      72657373 
 1320      00
 1321              	.LASF24:
 1322 027f 6D61696E 		.ascii	"main\000"
 1322      00
 1323              	.LASF49:
 1324 0284 6973725F 		.ascii	"isr_pwm_StartEx\000"
 1324      70776D5F 
 1324      53746172 
 1324      74457800 
 1325              	.LASF10:
 1326 0294 696E7433 		.ascii	"int32_t\000"
 1326      325F7400 
 1327              	.LASF19:
 1328 029c 73697A65 		.ascii	"sizetype\000"
 1328      74797065 
 1328      00
 1329              	.LASF37:
 1330 02a5 50574D5F 		.ascii	"PWM_1_WriteCompare\000"
 1330      315F5772 
 1330      69746543 
 1330      6F6D7061 
 1330      726500
 1331              	.LASF41:
 1332 02b8 50574D5F 		.ascii	"PWM_1_ReadStatusRegister\000"
 1332      315F5265 
 1332      61645374 
 1332      61747573 
 1332      52656769 
 1333              	.LASF17:
 1334 02d1 63686172 		.ascii	"char\000"
ARM GAS  C:\Users\user\AppData\Local\Temp\ccFOMh2t.s 			page 29


 1334      00
 1335              	.LASF28:
 1336 02d6 63617074 		.ascii	"capture_content\000"
 1336      7572655F 
 1336      636F6E74 
 1336      656E7400 
 1337              	.LASF30:
 1338 02e6 636F6D70 		.ascii	"computed_frequency\000"
 1338      75746564 
 1338      5F667265 
 1338      7175656E 
 1338      637900
 1339              	.LASF48:
 1340 02f9 6973725F 		.ascii	"isr_BP_StartEx\000"
 1340      42505F53 
 1340      74617274 
 1340      457800
 1341              	.LASF11:
 1342 0308 75696E74 		.ascii	"uint8\000"
 1342      3800
 1343              	.LASF52:
 1344 030e 55534255 		.ascii	"USBUART_1_PutCRLF\000"
 1344      4152545F 
 1344      315F5075 
 1344      7443524C 
 1344      4600
 1345              	.LASF32:
 1346 0320 73656E64 		.ascii	"sending_delay_index\000"
 1346      696E675F 
 1346      64656C61 
 1346      795F696E 
 1346      64657800 
 1347              	.LASF42:
 1348 0334 55534255 		.ascii	"USBUART_1_Start\000"
 1348      4152545F 
 1348      315F5374 
 1348      61727400 
 1349              	.LASF38:
 1350 0344 50574D5F 		.ascii	"PWM_1_Stop\000"
 1350      315F5374 
 1350      6F7000
 1351              	.LASF4:
 1352 034f 6C6F6E67 		.ascii	"long int\000"
 1352      20696E74 
 1352      00
 1353              	.LASF0:
 1354 0358 7369676E 		.ascii	"signed char\000"
 1354      65642063 
 1354      68617200 
 1355              	.LASF45:
 1356 0364 436F6D70 		.ascii	"Comp_1_Start\000"
 1356      5F315F53 
 1356      74617274 
 1356      00
 1357              	.LASF56:
 1358 0371 73707269 		.ascii	"sprintf\000"
 1358      6E746600 
ARM GAS  C:\Users\user\AppData\Local\Temp\ccFOMh2t.s 			page 30


 1359              	.LASF51:
 1360 0379 43794465 		.ascii	"CyDelay\000"
 1360      6C617900 
 1361              	.LASF55:
 1362 0381 443A5C55 		.ascii	"D:\\Utilisateurs\\user\\Documents\\PSoC Creator\\Wo"
 1362      74696C69 
 1362      73617465 
 1362      7572735C 
 1362      75736572 
 1363 03af 726B7370 		.ascii	"rkspace02\\TP1_MESURE_FREQ.cydsn\000"
 1363      61636530 
 1363      325C5450 
 1363      315F4D45 
 1363      53555245 
 1364              	.LASF36:
 1365 03cf 50574D5F 		.ascii	"PWM_1_WritePeriod\000"
 1365      315F5772 
 1365      69746550 
 1365      6572696F 
 1365      6400
 1366              		.ident	"GCC: (GNU Tools for ARM Embedded Processors) 4.9.3 20150303 (release) [ARM/embedded-4_9-br
