ARM GAS  C:\Users\user\AppData\Local\Temp\ccTcE3ca.s 			page 1


   1              		.syntax unified
   2              		.cpu cortex-m3
   3              		.fpu softvfp
   4              		.eabi_attribute 20, 1
   5              		.eabi_attribute 21, 1
   6              		.eabi_attribute 23, 3
   7              		.eabi_attribute 24, 1
   8              		.eabi_attribute 25, 1
   9              		.eabi_attribute 26, 1
  10              		.eabi_attribute 30, 1
  11              		.eabi_attribute 34, 1
  12              		.eabi_attribute 18, 4
  13              		.thumb
  14              		.file	"main.c"
  15              		.text
  16              	.Ltext0:
  17              		.cfi_sections	.debug_frame
  18              		.section	.text.isr_1_interrupt,"ax",%progbits
  19              		.align	2
  20              		.global	isr_1_interrupt
  21              		.thumb
  22              		.thumb_func
  23              		.type	isr_1_interrupt, %function
  24              	isr_1_interrupt:
  25              	.LFB63:
  26              		.file 1 ".\\main.c"
   1:.\main.c      **** /* ========================================
   2:.\main.c      ****  *
   3:.\main.c      ****  * Copyright YOUR COMPANY, THE YEAR
   4:.\main.c      ****  * All Rights Reserved
   5:.\main.c      ****  * UNPUBLISHED, LICENSED SOFTWARE.
   6:.\main.c      ****  *
   7:.\main.c      ****  * CONFIDENTIAL AND PROPRIETARY INFORMATION
   8:.\main.c      ****  * WHICH IS THE PROPERTY OF your company.
   9:.\main.c      ****  *
  10:.\main.c      ****  * ========================================
  11:.\main.c      **** */
  12:.\main.c      **** #include <project.h>
  13:.\main.c      **** #include <stdio.h>
  14:.\main.c      **** 
  15:.\main.c      **** int val        = 0;
  16:.\main.c      **** int increment  = 1; 
  17:.\main.c      **** char valeur[8] = {0};
  18:.\main.c      **** 
  19:.\main.c      **** CY_ISR(isr_1_interrupt)
  20:.\main.c      **** {
  27              		.loc 1 20 0
  28              		.cfi_startproc
  29              		@ args = 0, pretend = 0, frame = 0
  30              		@ frame_needed = 0, uses_anonymous_args = 0
  31 0000 08B5     		push	{r3, lr}
  32              		.cfi_def_cfa_offset 8
  33              		.cfi_offset 3, -8
  34              		.cfi_offset 14, -4
  21:.\main.c      ****  /* ISR Code here */
  22:.\main.c      ****     increment = (-1) * increment;
  35              		.loc 1 22 0
ARM GAS  C:\Users\user\AppData\Local\Temp\ccTcE3ca.s 			page 2


  36 0002 034A     		ldr	r2, .L3
  37 0004 1368     		ldr	r3, [r2]
  38 0006 5B42     		negs	r3, r3
  39 0008 1360     		str	r3, [r2]
  23:.\main.c      ****     Pin_1_ClearInterrupt();
  40              		.loc 1 23 0
  41 000a FFF7FEFF 		bl	Pin_1_ClearInterrupt
  42              	.LVL0:
  43 000e 08BD     		pop	{r3, pc}
  44              	.L4:
  45              		.align	2
  46              	.L3:
  47 0010 00000000 		.word	.LANCHOR0
  48              		.cfi_endproc
  49              	.LFE63:
  50              		.size	isr_1_interrupt, .-isr_1_interrupt
  51              		.section	.text.main,"ax",%progbits
  52              		.align	2
  53              		.global	main
  54              		.thumb
  55              		.thumb_func
  56              		.type	main, %function
  57              	main:
  58              	.LFB64:
  24:.\main.c      **** }
  25:.\main.c      **** 
  26:.\main.c      **** int main()
  27:.\main.c      **** {
  59              		.loc 1 27 0
  60              		.cfi_startproc
  61              		@ Volatile: function does not return.
  62              		@ args = 0, pretend = 0, frame = 0
  63              		@ frame_needed = 0, uses_anonymous_args = 0
  64 0000 08B5     		push	{r3, lr}
  65              		.cfi_def_cfa_offset 8
  66              		.cfi_offset 3, -8
  67              		.cfi_offset 14, -4
  28:.\main.c      ****     CyGlobalIntEnable; /* Enable global interrupts. */
  68              		.loc 1 28 0
  69              	@ 28 ".\main.c" 1
  70 0002 62B6     		CPSIE   i
  71              	@ 0 "" 2
  29:.\main.c      **** 
  30:.\main.c      ****     /* Place your initialization/startup code here (e.g. MyInst_Start()) */
  31:.\main.c      ****     // Start UART
  32:.\main.c      ****     USBUART_1_Start(0, USBUART_1_5V_OPERATION);
  72              		.loc 1 32 0
  73              		.thumb
  74 0004 0020     		movs	r0, #0
  75 0006 0121     		movs	r1, #1
  76 0008 FFF7FEFF 		bl	USBUART_1_Start
  77              	.LVL1:
  78              	.L6:
  33:.\main.c      ****     while(0 == USBUART_1_GetConfiguration())
  79              		.loc 1 33 0 discriminator 1
  80 000c FFF7FEFF 		bl	USBUART_1_GetConfiguration
  81              	.LVL2:
ARM GAS  C:\Users\user\AppData\Local\Temp\ccTcE3ca.s 			page 3


  82 0010 0028     		cmp	r0, #0
  83 0012 FBD0     		beq	.L6
  34:.\main.c      ****     {
  35:.\main.c      ****     }
  36:.\main.c      ****     USBUART_1_CDC_Init();
  84              		.loc 1 36 0
  85 0014 FFF7FEFF 		bl	USBUART_1_CDC_Init
  86              	.LVL3:
  37:.\main.c      ****      
  38:.\main.c      ****     //Start extern interrupt
  39:.\main.c      ****     isr_1_StartEx(isr_1_interrupt);
  87              		.loc 1 39 0
  88 0018 0C48     		ldr	r0, .L9
  89 001a FFF7FEFF 		bl	isr_1_StartEx
  90              	.LVL4:
  91              	.L7:
  40:.\main.c      ****     
  41:.\main.c      ****     for(;;)
  42:.\main.c      ****     {
  43:.\main.c      ****         /* Place your application code here. */
  44:.\main.c      ****         CyDelay(100);
  92              		.loc 1 44 0 discriminator 1
  93 001e 6420     		movs	r0, #100
  94 0020 FFF7FEFF 		bl	CyDelay
  95              	.LVL5:
  45:.\main.c      ****         val += increment;
  96              		.loc 1 45 0 discriminator 1
  97 0024 0A4C     		ldr	r4, .L9+4
  98 0026 2268     		ldr	r2, [r4]
  99 0028 0A4B     		ldr	r3, .L9+8
 100 002a 1B68     		ldr	r3, [r3]
 101 002c 1A44     		add	r2, r2, r3
 102 002e 44F8042B 		str	r2, [r4], #4
  46:.\main.c      ****         
  47:.\main.c      ****         sprintf(valeur, "%d", val);
 103              		.loc 1 47 0 discriminator 1
 104 0032 2046     		mov	r0, r4
 105 0034 0849     		ldr	r1, .L9+12
 106 0036 FFF7FEFF 		bl	sprintf
 107              	.LVL6:
  48:.\main.c      ****         USBUART_1_PutString(valeur);
 108              		.loc 1 48 0 discriminator 1
 109 003a 2046     		mov	r0, r4
 110 003c FFF7FEFF 		bl	USBUART_1_PutString
 111              	.LVL7:
  49:.\main.c      ****         CyDelay(10);
 112              		.loc 1 49 0 discriminator 1
 113 0040 0A20     		movs	r0, #10
 114 0042 FFF7FEFF 		bl	CyDelay
 115              	.LVL8:
  50:.\main.c      ****         USBUART_1_PutCRLF();
 116              		.loc 1 50 0 discriminator 1
 117 0046 FFF7FEFF 		bl	USBUART_1_PutCRLF
 118              	.LVL9:
  51:.\main.c      ****     }
 119              		.loc 1 51 0 discriminator 1
 120 004a E8E7     		b	.L7
ARM GAS  C:\Users\user\AppData\Local\Temp\ccTcE3ca.s 			page 4


 121              	.L10:
 122              		.align	2
 123              	.L9:
 124 004c 00000000 		.word	isr_1_interrupt
 125 0050 00000000 		.word	.LANCHOR1
 126 0054 00000000 		.word	.LANCHOR0
 127 0058 00000000 		.word	.LC0
 128              		.cfi_endproc
 129              	.LFE64:
 130              		.size	main, .-main
 131              		.global	valeur
 132              		.global	increment
 133              		.global	val
 134              		.data
 135              		.align	2
 136              		.set	.LANCHOR0,. + 0
 137              		.type	increment, %object
 138              		.size	increment, 4
 139              	increment:
 140 0000 01000000 		.word	1
 141              		.section	.rodata.str1.4,"aMS",%progbits,1
 142              		.align	2
 143              	.LC0:
 144 0000 256400   		.ascii	"%d\000"
 145 0003 00       		.bss
 146              		.align	2
 147              		.set	.LANCHOR1,. + 0
 148              		.type	val, %object
 149              		.size	val, 4
 150              	val:
 151 0000 00000000 		.space	4
 152              		.type	valeur, %object
 153              		.size	valeur, 8
 154              	valeur:
 155 0004 00000000 		.space	8
 155      00000000 
 156              		.text
 157              	.Letext0:
 158              		.file 2 "c:\\program files (x86)\\cypress\\psoc creator\\3.3\\psoc creator\\import\\gnu\\arm\\4.9.
 159              		.file 3 "c:\\program files (x86)\\cypress\\psoc creator\\3.3\\psoc creator\\import\\gnu\\arm\\4.9.
 160              		.file 4 "Generated_Source\\PSoC5/cytypes.h"
 161              		.file 5 "Generated_Source\\PSoC5/core_cm3.h"
 162              		.file 6 "Generated_Source\\PSoC5/Pin_1.h"
 163              		.file 7 "Generated_Source\\PSoC5/USBUART_1.h"
 164              		.file 8 "Generated_Source\\PSoC5/USBUART_1_cdc.h"
 165              		.file 9 "Generated_Source\\PSoC5/isr_1.h"
 166              		.file 10 "Generated_Source\\PSoC5/CyLib.h"
 167              		.file 11 "c:\\program files (x86)\\cypress\\psoc creator\\3.3\\psoc creator\\import\\gnu\\arm\\4.9
 168              		.section	.debug_info,"",%progbits
 169              	.Ldebug_info0:
 170 0000 AA020000 		.4byte	0x2aa
 171 0004 0400     		.2byte	0x4
 172 0006 00000000 		.4byte	.Ldebug_abbrev0
 173 000a 04       		.byte	0x4
 174 000b 01       		.uleb128 0x1
 175 000c 05010000 		.4byte	.LASF31
 176 0010 01       		.byte	0x1
ARM GAS  C:\Users\user\AppData\Local\Temp\ccTcE3ca.s 			page 5


 177 0011 2F000000 		.4byte	.LASF32
 178 0015 74000000 		.4byte	.LASF33
 179 0019 00000000 		.4byte	.Ldebug_ranges0+0
 180 001d 00000000 		.4byte	0
 181 0021 00000000 		.4byte	.Ldebug_line0
 182 0025 02       		.uleb128 0x2
 183 0026 01       		.byte	0x1
 184 0027 06       		.byte	0x6
 185 0028 53020000 		.4byte	.LASF0
 186 002c 02       		.uleb128 0x2
 187 002d 01       		.byte	0x1
 188 002e 08       		.byte	0x8
 189 002f 4E000000 		.4byte	.LASF1
 190 0033 02       		.uleb128 0x2
 191 0034 02       		.byte	0x2
 192 0035 05       		.byte	0x5
 193 0036 18020000 		.4byte	.LASF2
 194 003a 02       		.uleb128 0x2
 195 003b 02       		.byte	0x2
 196 003c 07       		.byte	0x7
 197 003d BF000000 		.4byte	.LASF3
 198 0041 03       		.uleb128 0x3
 199 0042 25000000 		.4byte	.LASF9
 200 0046 02       		.byte	0x2
 201 0047 3F       		.byte	0x3f
 202 0048 4C000000 		.4byte	0x4c
 203 004c 02       		.uleb128 0x2
 204 004d 04       		.byte	0x4
 205 004e 05       		.byte	0x5
 206 004f 4A020000 		.4byte	.LASF4
 207 0053 02       		.uleb128 0x2
 208 0054 04       		.byte	0x4
 209 0055 07       		.byte	0x7
 210 0056 62000000 		.4byte	.LASF5
 211 005a 02       		.uleb128 0x2
 212 005b 08       		.byte	0x8
 213 005c 05       		.byte	0x5
 214 005d F0010000 		.4byte	.LASF6
 215 0061 02       		.uleb128 0x2
 216 0062 08       		.byte	0x8
 217 0063 07       		.byte	0x7
 218 0064 A0010000 		.4byte	.LASF7
 219 0068 04       		.uleb128 0x4
 220 0069 04       		.byte	0x4
 221 006a 05       		.byte	0x5
 222 006b 696E7400 		.ascii	"int\000"
 223 006f 02       		.uleb128 0x2
 224 0070 04       		.byte	0x4
 225 0071 07       		.byte	0x7
 226 0072 93010000 		.4byte	.LASF8
 227 0076 03       		.uleb128 0x3
 228 0077 DF010000 		.4byte	.LASF10
 229 007b 03       		.byte	0x3
 230 007c 2C       		.byte	0x2c
 231 007d 41000000 		.4byte	0x41
 232 0081 05       		.uleb128 0x5
 233 0082 22020000 		.4byte	.LASF11
ARM GAS  C:\Users\user\AppData\Local\Temp\ccTcE3ca.s 			page 6


 234 0086 04       		.byte	0x4
 235 0087 3801     		.2byte	0x138
 236 0089 2C000000 		.4byte	0x2c
 237 008d 05       		.uleb128 0x5
 238 008e FE000000 		.4byte	.LASF12
 239 0092 04       		.byte	0x4
 240 0093 3A01     		.2byte	0x13a
 241 0095 53000000 		.4byte	0x53
 242 0099 02       		.uleb128 0x2
 243 009a 04       		.byte	0x4
 244 009b 04       		.byte	0x4
 245 009c 48000000 		.4byte	.LASF13
 246 00a0 02       		.uleb128 0x2
 247 00a1 08       		.byte	0x8
 248 00a2 04       		.byte	0x4
 249 00a3 DF000000 		.4byte	.LASF14
 250 00a7 05       		.uleb128 0x5
 251 00a8 5C000000 		.4byte	.LASF15
 252 00ac 04       		.byte	0x4
 253 00ad 4901     		.2byte	0x149
 254 00af B3000000 		.4byte	0xb3
 255 00b3 02       		.uleb128 0x2
 256 00b4 01       		.byte	0x1
 257 00b5 08       		.byte	0x8
 258 00b6 FE010000 		.4byte	.LASF16
 259 00ba 05       		.uleb128 0x5
 260 00bb D2010000 		.4byte	.LASF17
 261 00bf 04       		.byte	0x4
 262 00c0 F401     		.2byte	0x1f4
 263 00c2 C6000000 		.4byte	0xc6
 264 00c6 06       		.uleb128 0x6
 265 00c7 04       		.byte	0x4
 266 00c8 CC000000 		.4byte	0xcc
 267 00cc 07       		.uleb128 0x7
 268 00cd 02       		.uleb128 0x2
 269 00ce 04       		.byte	0x4
 270 00cf 07       		.byte	0x7
 271 00d0 E7010000 		.4byte	.LASF18
 272 00d4 06       		.uleb128 0x6
 273 00d5 04       		.byte	0x4
 274 00d6 B3000000 		.4byte	0xb3
 275 00da 06       		.uleb128 0x6
 276 00db 04       		.byte	0x4
 277 00dc E0000000 		.4byte	0xe0
 278 00e0 08       		.uleb128 0x8
 279 00e1 B3000000 		.4byte	0xb3
 280 00e5 09       		.uleb128 0x9
 281 00e6 B3000000 		.4byte	0xb3
 282 00ea F5000000 		.4byte	0xf5
 283 00ee 0A       		.uleb128 0xa
 284 00ef CD000000 		.4byte	0xcd
 285 00f3 07       		.byte	0x7
 286 00f4 00       		.byte	0
 287 00f5 0B       		.uleb128 0xb
 288 00f6 38000000 		.4byte	.LASF19
 289 00fa 01       		.byte	0x1
 290 00fb 13       		.byte	0x13
ARM GAS  C:\Users\user\AppData\Local\Temp\ccTcE3ca.s 			page 7


 291 00fc 00000000 		.4byte	.LFB63
 292 0100 14000000 		.4byte	.LFE63-.LFB63
 293 0104 01       		.uleb128 0x1
 294 0105 9C       		.byte	0x9c
 295 0106 14010000 		.4byte	0x114
 296 010a 0C       		.uleb128 0xc
 297 010b 0E000000 		.4byte	.LVL0
 298 010f 14020000 		.4byte	0x214
 299 0113 00       		.byte	0
 300 0114 0D       		.uleb128 0xd
 301 0115 E6000000 		.4byte	.LASF20
 302 0119 01       		.byte	0x1
 303 011a 1A       		.byte	0x1a
 304 011b 68000000 		.4byte	0x68
 305 011f 00000000 		.4byte	.LFB64
 306 0123 5C000000 		.4byte	.LFE64-.LFB64
 307 0127 01       		.uleb128 0x1
 308 0128 9C       		.byte	0x9c
 309 0129 D0010000 		.4byte	0x1d0
 310 012d 0E       		.uleb128 0xe
 311 012e 0C000000 		.4byte	.LVL1
 312 0132 1F020000 		.4byte	0x21f
 313 0136 45010000 		.4byte	0x145
 314 013a 0F       		.uleb128 0xf
 315 013b 01       		.uleb128 0x1
 316 013c 51       		.byte	0x51
 317 013d 01       		.uleb128 0x1
 318 013e 31       		.byte	0x31
 319 013f 0F       		.uleb128 0xf
 320 0140 01       		.uleb128 0x1
 321 0141 50       		.byte	0x50
 322 0142 01       		.uleb128 0x1
 323 0143 30       		.byte	0x30
 324 0144 00       		.byte	0
 325 0145 0C       		.uleb128 0xc
 326 0146 10000000 		.4byte	.LVL2
 327 014a 36020000 		.4byte	0x236
 328 014e 0C       		.uleb128 0xc
 329 014f 18000000 		.4byte	.LVL3
 330 0153 42020000 		.4byte	0x242
 331 0157 0E       		.uleb128 0xe
 332 0158 1E000000 		.4byte	.LVL4
 333 015c 4D020000 		.4byte	0x24d
 334 0160 6E010000 		.4byte	0x16e
 335 0164 0F       		.uleb128 0xf
 336 0165 01       		.uleb128 0x1
 337 0166 50       		.byte	0x50
 338 0167 05       		.uleb128 0x5
 339 0168 03       		.byte	0x3
 340 0169 00000000 		.4byte	isr_1_interrupt
 341 016d 00       		.byte	0
 342 016e 0E       		.uleb128 0xe
 343 016f 24000000 		.4byte	.LVL5
 344 0173 5E020000 		.4byte	0x25e
 345 0177 82010000 		.4byte	0x182
 346 017b 0F       		.uleb128 0xf
 347 017c 01       		.uleb128 0x1
ARM GAS  C:\Users\user\AppData\Local\Temp\ccTcE3ca.s 			page 8


 348 017d 50       		.byte	0x50
 349 017e 02       		.uleb128 0x2
 350 017f 08       		.byte	0x8
 351 0180 64       		.byte	0x64
 352 0181 00       		.byte	0
 353 0182 0E       		.uleb128 0xe
 354 0183 3A000000 		.4byte	.LVL6
 355 0187 6F020000 		.4byte	0x26f
 356 018b 9F010000 		.4byte	0x19f
 357 018f 0F       		.uleb128 0xf
 358 0190 01       		.uleb128 0x1
 359 0191 51       		.byte	0x51
 360 0192 05       		.uleb128 0x5
 361 0193 03       		.byte	0x3
 362 0194 00000000 		.4byte	.LC0
 363 0198 0F       		.uleb128 0xf
 364 0199 01       		.uleb128 0x1
 365 019a 50       		.byte	0x50
 366 019b 02       		.uleb128 0x2
 367 019c 74       		.byte	0x74
 368 019d 00       		.sleb128 0
 369 019e 00       		.byte	0
 370 019f 0E       		.uleb128 0xe
 371 01a0 40000000 		.4byte	.LVL7
 372 01a4 8A020000 		.4byte	0x28a
 373 01a8 B3010000 		.4byte	0x1b3
 374 01ac 0F       		.uleb128 0xf
 375 01ad 01       		.uleb128 0x1
 376 01ae 50       		.byte	0x50
 377 01af 02       		.uleb128 0x2
 378 01b0 74       		.byte	0x74
 379 01b1 00       		.sleb128 0
 380 01b2 00       		.byte	0
 381 01b3 0E       		.uleb128 0xe
 382 01b4 46000000 		.4byte	.LVL8
 383 01b8 5E020000 		.4byte	0x25e
 384 01bc C6010000 		.4byte	0x1c6
 385 01c0 0F       		.uleb128 0xf
 386 01c1 01       		.uleb128 0x1
 387 01c2 50       		.byte	0x50
 388 01c3 01       		.uleb128 0x1
 389 01c4 3A       		.byte	0x3a
 390 01c5 00       		.byte	0
 391 01c6 0C       		.uleb128 0xc
 392 01c7 4A000000 		.4byte	.LVL9
 393 01cb A6020000 		.4byte	0x2a6
 394 01cf 00       		.byte	0
 395 01d0 10       		.uleb128 0x10
 396 01d1 D2000000 		.4byte	.LASF21
 397 01d5 05       		.byte	0x5
 398 01d6 5506     		.2byte	0x655
 399 01d8 DC010000 		.4byte	0x1dc
 400 01dc 11       		.uleb128 0x11
 401 01dd 76000000 		.4byte	0x76
 402 01e1 12       		.uleb128 0x12
 403 01e2 76616C00 		.ascii	"val\000"
 404 01e6 01       		.byte	0x1
ARM GAS  C:\Users\user\AppData\Local\Temp\ccTcE3ca.s 			page 9


 405 01e7 0F       		.byte	0xf
 406 01e8 68000000 		.4byte	0x68
 407 01ec 05       		.uleb128 0x5
 408 01ed 03       		.byte	0x3
 409 01ee 00000000 		.4byte	val
 410 01f2 13       		.uleb128 0x13
 411 01f3 1B000000 		.4byte	.LASF22
 412 01f7 01       		.byte	0x1
 413 01f8 10       		.byte	0x10
 414 01f9 68000000 		.4byte	0x68
 415 01fd 05       		.uleb128 0x5
 416 01fe 03       		.byte	0x3
 417 01ff 00000000 		.4byte	increment
 418 0203 13       		.uleb128 0x13
 419 0204 CB010000 		.4byte	.LASF23
 420 0208 01       		.byte	0x1
 421 0209 11       		.byte	0x11
 422 020a E5000000 		.4byte	0xe5
 423 020e 05       		.uleb128 0x5
 424 020f 03       		.byte	0x3
 425 0210 00000000 		.4byte	valeur
 426 0214 14       		.uleb128 0x14
 427 0215 03020000 		.4byte	.LASF24
 428 0219 06       		.byte	0x6
 429 021a 2B       		.byte	0x2b
 430 021b 81000000 		.4byte	0x81
 431 021f 15       		.uleb128 0x15
 432 0220 3A020000 		.4byte	.LASF27
 433 0224 07       		.byte	0x7
 434 0225 2A01     		.2byte	0x12a
 435 0227 36020000 		.4byte	0x236
 436 022b 16       		.uleb128 0x16
 437 022c 81000000 		.4byte	0x81
 438 0230 16       		.uleb128 0x16
 439 0231 81000000 		.4byte	0x81
 440 0235 00       		.byte	0
 441 0236 17       		.uleb128 0x17
 442 0237 00000000 		.4byte	.LASF25
 443 023b 07       		.byte	0x7
 444 023c 2D01     		.2byte	0x12d
 445 023e 81000000 		.4byte	0x81
 446 0242 14       		.uleb128 0x14
 447 0243 EB000000 		.4byte	.LASF26
 448 0247 08       		.byte	0x8
 449 0248 22       		.byte	0x22
 450 0249 81000000 		.4byte	0x81
 451 024d 18       		.uleb128 0x18
 452 024e 5F020000 		.4byte	.LASF28
 453 0252 09       		.byte	0x9
 454 0253 18       		.byte	0x18
 455 0254 5E020000 		.4byte	0x25e
 456 0258 16       		.uleb128 0x16
 457 0259 BA000000 		.4byte	0xba
 458 025d 00       		.byte	0
 459 025e 18       		.uleb128 0x18
 460 025f 75020000 		.4byte	.LASF29
 461 0263 0A       		.byte	0xa
ARM GAS  C:\Users\user\AppData\Local\Temp\ccTcE3ca.s 			page 10


 462 0264 77       		.byte	0x77
 463 0265 6F020000 		.4byte	0x26f
 464 0269 16       		.uleb128 0x16
 465 026a 8D000000 		.4byte	0x8d
 466 026e 00       		.byte	0
 467 026f 19       		.uleb128 0x19
 468 0270 6D020000 		.4byte	.LASF34
 469 0274 0B       		.byte	0xb
 470 0275 DE       		.byte	0xde
 471 0276 68000000 		.4byte	0x68
 472 027a 8A020000 		.4byte	0x28a
 473 027e 16       		.uleb128 0x16
 474 027f D4000000 		.4byte	0xd4
 475 0283 16       		.uleb128 0x16
 476 0284 DA000000 		.4byte	0xda
 477 0288 1A       		.uleb128 0x1a
 478 0289 00       		.byte	0
 479 028a 18       		.uleb128 0x18
 480 028b B7010000 		.4byte	.LASF30
 481 028f 08       		.byte	0x8
 482 0290 24       		.byte	0x24
 483 0291 9B020000 		.4byte	0x29b
 484 0295 16       		.uleb128 0x16
 485 0296 9B020000 		.4byte	0x29b
 486 029a 00       		.byte	0
 487 029b 06       		.uleb128 0x6
 488 029c 04       		.byte	0x4
 489 029d A1020000 		.4byte	0x2a1
 490 02a1 08       		.uleb128 0x8
 491 02a2 A7000000 		.4byte	0xa7
 492 02a6 1B       		.uleb128 0x1b
 493 02a7 28020000 		.4byte	.LASF35
 494 02ab 08       		.byte	0x8
 495 02ac 26       		.byte	0x26
 496 02ad 00       		.byte	0
 497              		.section	.debug_abbrev,"",%progbits
 498              	.Ldebug_abbrev0:
 499 0000 01       		.uleb128 0x1
 500 0001 11       		.uleb128 0x11
 501 0002 01       		.byte	0x1
 502 0003 25       		.uleb128 0x25
 503 0004 0E       		.uleb128 0xe
 504 0005 13       		.uleb128 0x13
 505 0006 0B       		.uleb128 0xb
 506 0007 03       		.uleb128 0x3
 507 0008 0E       		.uleb128 0xe
 508 0009 1B       		.uleb128 0x1b
 509 000a 0E       		.uleb128 0xe
 510 000b 55       		.uleb128 0x55
 511 000c 17       		.uleb128 0x17
 512 000d 11       		.uleb128 0x11
 513 000e 01       		.uleb128 0x1
 514 000f 10       		.uleb128 0x10
 515 0010 17       		.uleb128 0x17
 516 0011 00       		.byte	0
 517 0012 00       		.byte	0
 518 0013 02       		.uleb128 0x2
ARM GAS  C:\Users\user\AppData\Local\Temp\ccTcE3ca.s 			page 11


 519 0014 24       		.uleb128 0x24
 520 0015 00       		.byte	0
 521 0016 0B       		.uleb128 0xb
 522 0017 0B       		.uleb128 0xb
 523 0018 3E       		.uleb128 0x3e
 524 0019 0B       		.uleb128 0xb
 525 001a 03       		.uleb128 0x3
 526 001b 0E       		.uleb128 0xe
 527 001c 00       		.byte	0
 528 001d 00       		.byte	0
 529 001e 03       		.uleb128 0x3
 530 001f 16       		.uleb128 0x16
 531 0020 00       		.byte	0
 532 0021 03       		.uleb128 0x3
 533 0022 0E       		.uleb128 0xe
 534 0023 3A       		.uleb128 0x3a
 535 0024 0B       		.uleb128 0xb
 536 0025 3B       		.uleb128 0x3b
 537 0026 0B       		.uleb128 0xb
 538 0027 49       		.uleb128 0x49
 539 0028 13       		.uleb128 0x13
 540 0029 00       		.byte	0
 541 002a 00       		.byte	0
 542 002b 04       		.uleb128 0x4
 543 002c 24       		.uleb128 0x24
 544 002d 00       		.byte	0
 545 002e 0B       		.uleb128 0xb
 546 002f 0B       		.uleb128 0xb
 547 0030 3E       		.uleb128 0x3e
 548 0031 0B       		.uleb128 0xb
 549 0032 03       		.uleb128 0x3
 550 0033 08       		.uleb128 0x8
 551 0034 00       		.byte	0
 552 0035 00       		.byte	0
 553 0036 05       		.uleb128 0x5
 554 0037 16       		.uleb128 0x16
 555 0038 00       		.byte	0
 556 0039 03       		.uleb128 0x3
 557 003a 0E       		.uleb128 0xe
 558 003b 3A       		.uleb128 0x3a
 559 003c 0B       		.uleb128 0xb
 560 003d 3B       		.uleb128 0x3b
 561 003e 05       		.uleb128 0x5
 562 003f 49       		.uleb128 0x49
 563 0040 13       		.uleb128 0x13
 564 0041 00       		.byte	0
 565 0042 00       		.byte	0
 566 0043 06       		.uleb128 0x6
 567 0044 0F       		.uleb128 0xf
 568 0045 00       		.byte	0
 569 0046 0B       		.uleb128 0xb
 570 0047 0B       		.uleb128 0xb
 571 0048 49       		.uleb128 0x49
 572 0049 13       		.uleb128 0x13
 573 004a 00       		.byte	0
 574 004b 00       		.byte	0
 575 004c 07       		.uleb128 0x7
ARM GAS  C:\Users\user\AppData\Local\Temp\ccTcE3ca.s 			page 12


 576 004d 15       		.uleb128 0x15
 577 004e 00       		.byte	0
 578 004f 27       		.uleb128 0x27
 579 0050 19       		.uleb128 0x19
 580 0051 00       		.byte	0
 581 0052 00       		.byte	0
 582 0053 08       		.uleb128 0x8
 583 0054 26       		.uleb128 0x26
 584 0055 00       		.byte	0
 585 0056 49       		.uleb128 0x49
 586 0057 13       		.uleb128 0x13
 587 0058 00       		.byte	0
 588 0059 00       		.byte	0
 589 005a 09       		.uleb128 0x9
 590 005b 01       		.uleb128 0x1
 591 005c 01       		.byte	0x1
 592 005d 49       		.uleb128 0x49
 593 005e 13       		.uleb128 0x13
 594 005f 01       		.uleb128 0x1
 595 0060 13       		.uleb128 0x13
 596 0061 00       		.byte	0
 597 0062 00       		.byte	0
 598 0063 0A       		.uleb128 0xa
 599 0064 21       		.uleb128 0x21
 600 0065 00       		.byte	0
 601 0066 49       		.uleb128 0x49
 602 0067 13       		.uleb128 0x13
 603 0068 2F       		.uleb128 0x2f
 604 0069 0B       		.uleb128 0xb
 605 006a 00       		.byte	0
 606 006b 00       		.byte	0
 607 006c 0B       		.uleb128 0xb
 608 006d 2E       		.uleb128 0x2e
 609 006e 01       		.byte	0x1
 610 006f 3F       		.uleb128 0x3f
 611 0070 19       		.uleb128 0x19
 612 0071 03       		.uleb128 0x3
 613 0072 0E       		.uleb128 0xe
 614 0073 3A       		.uleb128 0x3a
 615 0074 0B       		.uleb128 0xb
 616 0075 3B       		.uleb128 0x3b
 617 0076 0B       		.uleb128 0xb
 618 0077 27       		.uleb128 0x27
 619 0078 19       		.uleb128 0x19
 620 0079 11       		.uleb128 0x11
 621 007a 01       		.uleb128 0x1
 622 007b 12       		.uleb128 0x12
 623 007c 06       		.uleb128 0x6
 624 007d 40       		.uleb128 0x40
 625 007e 18       		.uleb128 0x18
 626 007f 9742     		.uleb128 0x2117
 627 0081 19       		.uleb128 0x19
 628 0082 01       		.uleb128 0x1
 629 0083 13       		.uleb128 0x13
 630 0084 00       		.byte	0
 631 0085 00       		.byte	0
 632 0086 0C       		.uleb128 0xc
ARM GAS  C:\Users\user\AppData\Local\Temp\ccTcE3ca.s 			page 13


 633 0087 898201   		.uleb128 0x4109
 634 008a 00       		.byte	0
 635 008b 11       		.uleb128 0x11
 636 008c 01       		.uleb128 0x1
 637 008d 31       		.uleb128 0x31
 638 008e 13       		.uleb128 0x13
 639 008f 00       		.byte	0
 640 0090 00       		.byte	0
 641 0091 0D       		.uleb128 0xd
 642 0092 2E       		.uleb128 0x2e
 643 0093 01       		.byte	0x1
 644 0094 3F       		.uleb128 0x3f
 645 0095 19       		.uleb128 0x19
 646 0096 03       		.uleb128 0x3
 647 0097 0E       		.uleb128 0xe
 648 0098 3A       		.uleb128 0x3a
 649 0099 0B       		.uleb128 0xb
 650 009a 3B       		.uleb128 0x3b
 651 009b 0B       		.uleb128 0xb
 652 009c 49       		.uleb128 0x49
 653 009d 13       		.uleb128 0x13
 654 009e 11       		.uleb128 0x11
 655 009f 01       		.uleb128 0x1
 656 00a0 12       		.uleb128 0x12
 657 00a1 06       		.uleb128 0x6
 658 00a2 40       		.uleb128 0x40
 659 00a3 18       		.uleb128 0x18
 660 00a4 9742     		.uleb128 0x2117
 661 00a6 19       		.uleb128 0x19
 662 00a7 01       		.uleb128 0x1
 663 00a8 13       		.uleb128 0x13
 664 00a9 00       		.byte	0
 665 00aa 00       		.byte	0
 666 00ab 0E       		.uleb128 0xe
 667 00ac 898201   		.uleb128 0x4109
 668 00af 01       		.byte	0x1
 669 00b0 11       		.uleb128 0x11
 670 00b1 01       		.uleb128 0x1
 671 00b2 31       		.uleb128 0x31
 672 00b3 13       		.uleb128 0x13
 673 00b4 01       		.uleb128 0x1
 674 00b5 13       		.uleb128 0x13
 675 00b6 00       		.byte	0
 676 00b7 00       		.byte	0
 677 00b8 0F       		.uleb128 0xf
 678 00b9 8A8201   		.uleb128 0x410a
 679 00bc 00       		.byte	0
 680 00bd 02       		.uleb128 0x2
 681 00be 18       		.uleb128 0x18
 682 00bf 9142     		.uleb128 0x2111
 683 00c1 18       		.uleb128 0x18
 684 00c2 00       		.byte	0
 685 00c3 00       		.byte	0
 686 00c4 10       		.uleb128 0x10
 687 00c5 34       		.uleb128 0x34
 688 00c6 00       		.byte	0
 689 00c7 03       		.uleb128 0x3
ARM GAS  C:\Users\user\AppData\Local\Temp\ccTcE3ca.s 			page 14


 690 00c8 0E       		.uleb128 0xe
 691 00c9 3A       		.uleb128 0x3a
 692 00ca 0B       		.uleb128 0xb
 693 00cb 3B       		.uleb128 0x3b
 694 00cc 05       		.uleb128 0x5
 695 00cd 49       		.uleb128 0x49
 696 00ce 13       		.uleb128 0x13
 697 00cf 3F       		.uleb128 0x3f
 698 00d0 19       		.uleb128 0x19
 699 00d1 3C       		.uleb128 0x3c
 700 00d2 19       		.uleb128 0x19
 701 00d3 00       		.byte	0
 702 00d4 00       		.byte	0
 703 00d5 11       		.uleb128 0x11
 704 00d6 35       		.uleb128 0x35
 705 00d7 00       		.byte	0
 706 00d8 49       		.uleb128 0x49
 707 00d9 13       		.uleb128 0x13
 708 00da 00       		.byte	0
 709 00db 00       		.byte	0
 710 00dc 12       		.uleb128 0x12
 711 00dd 34       		.uleb128 0x34
 712 00de 00       		.byte	0
 713 00df 03       		.uleb128 0x3
 714 00e0 08       		.uleb128 0x8
 715 00e1 3A       		.uleb128 0x3a
 716 00e2 0B       		.uleb128 0xb
 717 00e3 3B       		.uleb128 0x3b
 718 00e4 0B       		.uleb128 0xb
 719 00e5 49       		.uleb128 0x49
 720 00e6 13       		.uleb128 0x13
 721 00e7 3F       		.uleb128 0x3f
 722 00e8 19       		.uleb128 0x19
 723 00e9 02       		.uleb128 0x2
 724 00ea 18       		.uleb128 0x18
 725 00eb 00       		.byte	0
 726 00ec 00       		.byte	0
 727 00ed 13       		.uleb128 0x13
 728 00ee 34       		.uleb128 0x34
 729 00ef 00       		.byte	0
 730 00f0 03       		.uleb128 0x3
 731 00f1 0E       		.uleb128 0xe
 732 00f2 3A       		.uleb128 0x3a
 733 00f3 0B       		.uleb128 0xb
 734 00f4 3B       		.uleb128 0x3b
 735 00f5 0B       		.uleb128 0xb
 736 00f6 49       		.uleb128 0x49
 737 00f7 13       		.uleb128 0x13
 738 00f8 3F       		.uleb128 0x3f
 739 00f9 19       		.uleb128 0x19
 740 00fa 02       		.uleb128 0x2
 741 00fb 18       		.uleb128 0x18
 742 00fc 00       		.byte	0
 743 00fd 00       		.byte	0
 744 00fe 14       		.uleb128 0x14
 745 00ff 2E       		.uleb128 0x2e
 746 0100 00       		.byte	0
ARM GAS  C:\Users\user\AppData\Local\Temp\ccTcE3ca.s 			page 15


 747 0101 3F       		.uleb128 0x3f
 748 0102 19       		.uleb128 0x19
 749 0103 03       		.uleb128 0x3
 750 0104 0E       		.uleb128 0xe
 751 0105 3A       		.uleb128 0x3a
 752 0106 0B       		.uleb128 0xb
 753 0107 3B       		.uleb128 0x3b
 754 0108 0B       		.uleb128 0xb
 755 0109 27       		.uleb128 0x27
 756 010a 19       		.uleb128 0x19
 757 010b 49       		.uleb128 0x49
 758 010c 13       		.uleb128 0x13
 759 010d 3C       		.uleb128 0x3c
 760 010e 19       		.uleb128 0x19
 761 010f 00       		.byte	0
 762 0110 00       		.byte	0
 763 0111 15       		.uleb128 0x15
 764 0112 2E       		.uleb128 0x2e
 765 0113 01       		.byte	0x1
 766 0114 3F       		.uleb128 0x3f
 767 0115 19       		.uleb128 0x19
 768 0116 03       		.uleb128 0x3
 769 0117 0E       		.uleb128 0xe
 770 0118 3A       		.uleb128 0x3a
 771 0119 0B       		.uleb128 0xb
 772 011a 3B       		.uleb128 0x3b
 773 011b 05       		.uleb128 0x5
 774 011c 27       		.uleb128 0x27
 775 011d 19       		.uleb128 0x19
 776 011e 3C       		.uleb128 0x3c
 777 011f 19       		.uleb128 0x19
 778 0120 01       		.uleb128 0x1
 779 0121 13       		.uleb128 0x13
 780 0122 00       		.byte	0
 781 0123 00       		.byte	0
 782 0124 16       		.uleb128 0x16
 783 0125 05       		.uleb128 0x5
 784 0126 00       		.byte	0
 785 0127 49       		.uleb128 0x49
 786 0128 13       		.uleb128 0x13
 787 0129 00       		.byte	0
 788 012a 00       		.byte	0
 789 012b 17       		.uleb128 0x17
 790 012c 2E       		.uleb128 0x2e
 791 012d 00       		.byte	0
 792 012e 3F       		.uleb128 0x3f
 793 012f 19       		.uleb128 0x19
 794 0130 03       		.uleb128 0x3
 795 0131 0E       		.uleb128 0xe
 796 0132 3A       		.uleb128 0x3a
 797 0133 0B       		.uleb128 0xb
 798 0134 3B       		.uleb128 0x3b
 799 0135 05       		.uleb128 0x5
 800 0136 27       		.uleb128 0x27
 801 0137 19       		.uleb128 0x19
 802 0138 49       		.uleb128 0x49
 803 0139 13       		.uleb128 0x13
ARM GAS  C:\Users\user\AppData\Local\Temp\ccTcE3ca.s 			page 16


 804 013a 3C       		.uleb128 0x3c
 805 013b 19       		.uleb128 0x19
 806 013c 00       		.byte	0
 807 013d 00       		.byte	0
 808 013e 18       		.uleb128 0x18
 809 013f 2E       		.uleb128 0x2e
 810 0140 01       		.byte	0x1
 811 0141 3F       		.uleb128 0x3f
 812 0142 19       		.uleb128 0x19
 813 0143 03       		.uleb128 0x3
 814 0144 0E       		.uleb128 0xe
 815 0145 3A       		.uleb128 0x3a
 816 0146 0B       		.uleb128 0xb
 817 0147 3B       		.uleb128 0x3b
 818 0148 0B       		.uleb128 0xb
 819 0149 27       		.uleb128 0x27
 820 014a 19       		.uleb128 0x19
 821 014b 3C       		.uleb128 0x3c
 822 014c 19       		.uleb128 0x19
 823 014d 01       		.uleb128 0x1
 824 014e 13       		.uleb128 0x13
 825 014f 00       		.byte	0
 826 0150 00       		.byte	0
 827 0151 19       		.uleb128 0x19
 828 0152 2E       		.uleb128 0x2e
 829 0153 01       		.byte	0x1
 830 0154 3F       		.uleb128 0x3f
 831 0155 19       		.uleb128 0x19
 832 0156 03       		.uleb128 0x3
 833 0157 0E       		.uleb128 0xe
 834 0158 3A       		.uleb128 0x3a
 835 0159 0B       		.uleb128 0xb
 836 015a 3B       		.uleb128 0x3b
 837 015b 0B       		.uleb128 0xb
 838 015c 27       		.uleb128 0x27
 839 015d 19       		.uleb128 0x19
 840 015e 49       		.uleb128 0x49
 841 015f 13       		.uleb128 0x13
 842 0160 3C       		.uleb128 0x3c
 843 0161 19       		.uleb128 0x19
 844 0162 01       		.uleb128 0x1
 845 0163 13       		.uleb128 0x13
 846 0164 00       		.byte	0
 847 0165 00       		.byte	0
 848 0166 1A       		.uleb128 0x1a
 849 0167 18       		.uleb128 0x18
 850 0168 00       		.byte	0
 851 0169 00       		.byte	0
 852 016a 00       		.byte	0
 853 016b 1B       		.uleb128 0x1b
 854 016c 2E       		.uleb128 0x2e
 855 016d 00       		.byte	0
 856 016e 3F       		.uleb128 0x3f
 857 016f 19       		.uleb128 0x19
 858 0170 03       		.uleb128 0x3
 859 0171 0E       		.uleb128 0xe
 860 0172 3A       		.uleb128 0x3a
ARM GAS  C:\Users\user\AppData\Local\Temp\ccTcE3ca.s 			page 17


 861 0173 0B       		.uleb128 0xb
 862 0174 3B       		.uleb128 0x3b
 863 0175 0B       		.uleb128 0xb
 864 0176 27       		.uleb128 0x27
 865 0177 19       		.uleb128 0x19
 866 0178 3C       		.uleb128 0x3c
 867 0179 19       		.uleb128 0x19
 868 017a 00       		.byte	0
 869 017b 00       		.byte	0
 870 017c 00       		.byte	0
 871              		.section	.debug_aranges,"",%progbits
 872 0000 24000000 		.4byte	0x24
 873 0004 0200     		.2byte	0x2
 874 0006 00000000 		.4byte	.Ldebug_info0
 875 000a 04       		.byte	0x4
 876 000b 00       		.byte	0
 877 000c 0000     		.2byte	0
 878 000e 0000     		.2byte	0
 879 0010 00000000 		.4byte	.LFB63
 880 0014 14000000 		.4byte	.LFE63-.LFB63
 881 0018 00000000 		.4byte	.LFB64
 882 001c 5C000000 		.4byte	.LFE64-.LFB64
 883 0020 00000000 		.4byte	0
 884 0024 00000000 		.4byte	0
 885              		.section	.debug_ranges,"",%progbits
 886              	.Ldebug_ranges0:
 887 0000 00000000 		.4byte	.LFB63
 888 0004 14000000 		.4byte	.LFE63
 889 0008 00000000 		.4byte	.LFB64
 890 000c 5C000000 		.4byte	.LFE64
 891 0010 00000000 		.4byte	0
 892 0014 00000000 		.4byte	0
 893              		.section	.debug_line,"",%progbits
 894              	.Ldebug_line0:
 895 0000 E9010000 		.section	.debug_str,"MS",%progbits,1
 895      02009701 
 895      00000201 
 895      FB0E0D00 
 895      01010101 
 896              	.LASF25:
 897 0000 55534255 		.ascii	"USBUART_1_GetConfiguration\000"
 897      4152545F 
 897      315F4765 
 897      74436F6E 
 897      66696775 
 898              	.LASF22:
 899 001b 696E6372 		.ascii	"increment\000"
 899      656D656E 
 899      7400
 900              	.LASF9:
 901 0025 5F5F696E 		.ascii	"__int32_t\000"
 901      7433325F 
 901      7400
 902              	.LASF32:
 903 002f 2E5C6D61 		.ascii	".\\main.c\000"
 903      696E2E63 
 903      00
ARM GAS  C:\Users\user\AppData\Local\Temp\ccTcE3ca.s 			page 18


 904              	.LASF19:
 905 0038 6973725F 		.ascii	"isr_1_interrupt\000"
 905      315F696E 
 905      74657272 
 905      75707400 
 906              	.LASF13:
 907 0048 666C6F61 		.ascii	"float\000"
 907      7400
 908              	.LASF1:
 909 004e 756E7369 		.ascii	"unsigned char\000"
 909      676E6564 
 909      20636861 
 909      7200
 910              	.LASF15:
 911 005c 63686172 		.ascii	"char8\000"
 911      3800
 912              	.LASF5:
 913 0062 6C6F6E67 		.ascii	"long unsigned int\000"
 913      20756E73 
 913      69676E65 
 913      6420696E 
 913      7400
 914              	.LASF33:
 915 0074 443A5C55 		.ascii	"D:\\Utilisateurs\\user\\Documents\\PSoC Creator\\Wo"
 915      74696C69 
 915      73617465 
 915      7572735C 
 915      75736572 
 916 00a2 726B7370 		.ascii	"rkspace02\\USB_UART_INT.cydsn\000"
 916      61636530 
 916      325C5553 
 916      425F5541 
 916      52545F49 
 917              	.LASF3:
 918 00bf 73686F72 		.ascii	"short unsigned int\000"
 918      7420756E 
 918      7369676E 
 918      65642069 
 918      6E7400
 919              	.LASF21:
 920 00d2 49544D5F 		.ascii	"ITM_RxBuffer\000"
 920      52784275 
 920      66666572 
 920      00
 921              	.LASF14:
 922 00df 646F7562 		.ascii	"double\000"
 922      6C6500
 923              	.LASF20:
 924 00e6 6D61696E 		.ascii	"main\000"
 924      00
 925              	.LASF26:
 926 00eb 55534255 		.ascii	"USBUART_1_CDC_Init\000"
 926      4152545F 
 926      315F4344 
 926      435F496E 
 926      697400
 927              	.LASF12:
ARM GAS  C:\Users\user\AppData\Local\Temp\ccTcE3ca.s 			page 19


 928 00fe 75696E74 		.ascii	"uint32\000"
 928      333200
 929              	.LASF31:
 930 0105 474E5520 		.ascii	"GNU C 4.9.3 20150303 (release) [ARM/embedded-4_9-br"
 930      4320342E 
 930      392E3320 
 930      32303135 
 930      30333033 
 931 0138 616E6368 		.ascii	"anch revision 221220] -mcpu=cortex-m3 -mthumb -g -O"
 931      20726576 
 931      6973696F 
 931      6E203232 
 931      31323230 
 932 016b 67202D66 		.ascii	"g -ffunction-sections -ffat-lto-objects\000"
 932      66756E63 
 932      74696F6E 
 932      2D736563 
 932      74696F6E 
 933              	.LASF8:
 934 0193 756E7369 		.ascii	"unsigned int\000"
 934      676E6564 
 934      20696E74 
 934      00
 935              	.LASF7:
 936 01a0 6C6F6E67 		.ascii	"long long unsigned int\000"
 936      206C6F6E 
 936      6720756E 
 936      7369676E 
 936      65642069 
 937              	.LASF30:
 938 01b7 55534255 		.ascii	"USBUART_1_PutString\000"
 938      4152545F 
 938      315F5075 
 938      74537472 
 938      696E6700 
 939              	.LASF23:
 940 01cb 76616C65 		.ascii	"valeur\000"
 940      757200
 941              	.LASF17:
 942 01d2 63796973 		.ascii	"cyisraddress\000"
 942      72616464 
 942      72657373 
 942      00
 943              	.LASF10:
 944 01df 696E7433 		.ascii	"int32_t\000"
 944      325F7400 
 945              	.LASF18:
 946 01e7 73697A65 		.ascii	"sizetype\000"
 946      74797065 
 946      00
 947              	.LASF6:
 948 01f0 6C6F6E67 		.ascii	"long long int\000"
 948      206C6F6E 
 948      6720696E 
 948      7400
 949              	.LASF16:
 950 01fe 63686172 		.ascii	"char\000"
ARM GAS  C:\Users\user\AppData\Local\Temp\ccTcE3ca.s 			page 20


 950      00
 951              	.LASF24:
 952 0203 50696E5F 		.ascii	"Pin_1_ClearInterrupt\000"
 952      315F436C 
 952      65617249 
 952      6E746572 
 952      72757074 
 953              	.LASF2:
 954 0218 73686F72 		.ascii	"short int\000"
 954      7420696E 
 954      7400
 955              	.LASF11:
 956 0222 75696E74 		.ascii	"uint8\000"
 956      3800
 957              	.LASF35:
 958 0228 55534255 		.ascii	"USBUART_1_PutCRLF\000"
 958      4152545F 
 958      315F5075 
 958      7443524C 
 958      4600
 959              	.LASF27:
 960 023a 55534255 		.ascii	"USBUART_1_Start\000"
 960      4152545F 
 960      315F5374 
 960      61727400 
 961              	.LASF4:
 962 024a 6C6F6E67 		.ascii	"long int\000"
 962      20696E74 
 962      00
 963              	.LASF0:
 964 0253 7369676E 		.ascii	"signed char\000"
 964      65642063 
 964      68617200 
 965              	.LASF28:
 966 025f 6973725F 		.ascii	"isr_1_StartEx\000"
 966      315F5374 
 966      61727445 
 966      7800
 967              	.LASF34:
 968 026d 73707269 		.ascii	"sprintf\000"
 968      6E746600 
 969              	.LASF29:
 970 0275 43794465 		.ascii	"CyDelay\000"
 970      6C617900 
 971              		.ident	"GCC: (GNU Tools for ARM Embedded Processors) 4.9.3 20150303 (release) [ARM/embedded-4_9-br
